2022-04-21 16:00:58.386 | ERROR    | monitor.searchSpiders.weibo:get_request_from_keyword:60 - E 微博检索 解析出错'mblog'
2022-04-21 16:00:59.563 | ERROR    | monitor.searchSpiders.weibo:get_request_from_keyword:60 - E 微博检索 解析出错'mblog'
2022-04-21 16:01:34.736 | ERROR    | monitor.searchSpiders.weibo:get_request_from_keyword:60 - E 微博检索 解析出错'mblog'
2022-04-21 16:01:36.039 | ERROR    | monitor.searchSpiders.weibo:get_request_from_keyword:60 - E 微博检索 解析出错'mblog'
2022-04-21 16:02:01.275 | ERROR    | monitor.searchSpiders.weibo:get_request_from_keyword:62 - E 微博检索 400
2022-04-21 16:02:07.368 | ERROR    | monitor.searchSpiders.weibo:get_request_from_keyword:60 - E 微博检索 解析出错'mblog'
2022-04-21 16:02:08.840 | ERROR    | monitor.searchSpiders.weibo:get_request_from_keyword:60 - E 微博检索 解析出错'mblog'
2022-04-21 16:06:34.523 | ERROR    | monitor.searchSpiders.weibo:get_request_from_keyword:62 - E 微博检索 400
2022-04-21 16:06:49.097 | ERROR    | monitor.searchSpiders.weibo:get_request_from_keyword:60 - E 微博检索 解析出错'mblog'
2022-04-21 16:06:50.444 | ERROR    | monitor.searchSpiders.weibo:get_request_from_keyword:60 - E 微博检索 解析出错'mblog'
2022-04-21 16:07:47.097 | ERROR    | monitor.searchSpiders.weibo:get_request_from_keyword:60 - E 微博检索 解析出错'mblog'
2022-04-21 16:07:49.052 | ERROR    | monitor.searchSpiders.weibo:get_request_from_keyword:60 - E 微博检索 解析出错'mblog'
2022-04-21 16:07:59.256 | ERROR    | monitor.searchSpiders.weibo:get_request_from_keyword:60 - E 微博检索 解析出错'mblog'
2022-04-21 16:08:00.284 | ERROR    | monitor.searchSpiders.weibo:get_request_from_keyword:60 - E 微博检索 解析出错'mblog'
2022-04-21 16:08:14.999 | ERROR    | monitor.searchSpiders.weibo:get_request_from_keyword:60 - E 微博检索 解析出错'mblog'
2022-04-21 16:08:16.708 | ERROR    | monitor.searchSpiders.weibo:get_request_from_keyword:60 - E 微博检索 解析出错'mblog'
2022-04-21 16:08:39.719 | ERROR    | monitor.searchSpiders.weibo:get_request_from_keyword:60 - E 微博检索 解析出错'mblog'
2022-04-21 16:08:41.224 | ERROR    | monitor.searchSpiders.weibo:get_request_from_keyword:60 - E 微博检索 解析出错'mblog'
2022-04-21 16:08:42.826 | ERROR    | monitor.searchSpiders.weibo:get_request_from_keyword:60 - E 微博检索 解析出错'mblog'
2022-04-21 16:08:44.044 | ERROR    | monitor.searchSpiders.weibo:get_request_from_keyword:60 - E 微博检索 解析出错'mblog'
2022-04-21 16:08:49.283 | ERROR    | monitor.searchSpiders.weibo:get_request_from_keyword:60 - E 微博检索 解析出错'mblog'
2022-04-21 16:08:52.603 | ERROR    | monitor.searchSpiders.weibo:get_request_from_keyword:60 - E 微博检索 解析出错'mblog'
2022-04-21 16:09:03.393 | ERROR    | monitor.searchSpiders.weibo:get_request_from_keyword:60 - E 微博检索 解析出错'mblog'
2022-04-21 16:09:04.977 | ERROR    | monitor.searchSpiders.weibo:get_request_from_keyword:60 - E 微博检索 解析出错'mblog'
2022-04-21 16:09:21.694 | ERROR    | monitor.searchSpiders.weibo:get_request_from_keyword:62 - E 微博检索 400
2022-04-21 16:09:42.044 | ERROR    | monitor.searchSpiders.weibo:get_request_from_keyword:60 - E 微博检索 解析出错'mblog'
2022-04-21 16:09:44.998 | ERROR    | monitor.searchSpiders.weibo:get_request_from_keyword:60 - E 微博检索 解析出错'mblog'
2022-04-21 16:09:48.949 | ERROR    | monitor.searchSpiders.weibo:get_request_from_keyword:60 - E 微博检索 解析出错'mblog'
2022-04-21 16:09:50.071 | ERROR    | monitor.searchSpiders.weibo:get_request_from_keyword:60 - E 微博检索 解析出错'mblog'
2022-04-21 16:09:50.580 | ERROR    | monitor.searchSpiders.weibo:get_request_from_keyword:60 - E 微博检索 解析出错'mblog'
2022-04-21 16:09:52.504 | ERROR    | monitor.searchSpiders.weibo:get_request_from_keyword:60 - E 微博检索 解析出错'mblog'
2022-04-21 16:09:52.733 | ERROR    | monitor.searchSpiders.weibo:get_request_from_keyword:60 - E 微博检索 解析出错'mblog'
2022-04-21 16:09:56.623 | ERROR    | monitor.searchSpiders.weibo:get_request_from_keyword:60 - E 微博检索 解析出错'mblog'
2022-04-21 16:10:00.368 | ERROR    | monitor.searchSpiders.weibo:get_request_from_keyword:60 - E 微博检索 解析出错'mblog'
2022-04-21 16:10:01.695 | ERROR    | monitor.searchSpiders.weibo:get_request_from_keyword:60 - E 微博检索 解析出错'mblog'
2022-04-21 16:10:16.700 | ERROR    | monitor.searchSpiders.weibo:get_request_from_keyword:60 - E 微博检索 解析出错'mblog'
2022-04-21 16:10:19.156 | ERROR    | monitor.searchSpiders.weibo:get_request_from_keyword:60 - E 微博检索 解析出错'mblog'
2022-04-21 16:10:22.972 | ERROR    | monitor.searchSpiders.weibo:get_request_from_keyword:62 - E 微博检索 400
2022-04-21 16:10:23.117 | ERROR    | monitor.searchSpiders.weibo:get_request_from_keyword:60 - E 微博检索 解析出错'mblog'
2022-04-21 16:10:24.394 | ERROR    | monitor.searchSpiders.weibo:get_request_from_keyword:60 - E 微博检索 解析出错'mblog'
2022-04-21 16:10:25.997 | ERROR    | monitor.searchSpiders.weibo:get_request_from_keyword:60 - E 微博检索 解析出错'mblog'
2022-04-21 16:10:27.879 | ERROR    | monitor.searchSpiders.weibo:get_request_from_keyword:60 - E 微博检索 解析出错'mblog'
2022-04-21 16:10:39.853 | ERROR    | monitor.searchSpiders.weibo:get_request_from_keyword:60 - E 微博检索 解析出错'mblog'
2022-04-21 16:10:43.811 | ERROR    | monitor.searchSpiders.weibo:get_request_from_keyword:60 - E 微博检索 解析出错'mblog'
2022-04-21 16:10:46.963 | ERROR    | monitor.searchSpiders.weibo:get_request_from_keyword:62 - E 微博检索 400
2022-04-21 16:10:48.251 | ERROR    | monitor.searchSpiders.weibo:get_request_from_keyword:60 - E 微博检索 解析出错'mblog'
2022-04-21 16:10:49.757 | ERROR    | monitor.searchSpiders.weibo:get_request_from_keyword:60 - E 微博检索 解析出错'mblog'
2022-04-21 16:10:52.989 | ERROR    | monitor.searchSpiders.weibo:get_request_from_keyword:60 - E 微博检索 解析出错'mblog'
2022-04-21 16:10:57.161 | ERROR    | monitor.searchSpiders.weibo:get_request_from_keyword:60 - E 微博检索 解析出错'mblog'
2022-04-21 16:10:57.748 | ERROR    | monitor.searchSpiders.weibo:get_request_from_keyword:60 - E 微博检索 解析出错'mblog'
2022-04-21 16:10:59.452 | ERROR    | monitor.searchSpiders.weibo:get_request_from_keyword:60 - E 微博检索 解析出错'mblog'
2022-04-21 16:11:01.606 | ERROR    | monitor.searchSpiders.weibo:get_request_from_keyword:60 - E 微博检索 解析出错'mblog'
2022-04-21 16:11:05.233 | ERROR    | monitor.searchSpiders.weibo:get_request_from_keyword:60 - E 微博检索 解析出错'mblog'
2022-04-21 16:11:21.362 | ERROR    | monitor.searchSpiders.weibo:get_request_from_keyword:60 - E 微博检索 解析出错'mblog'
2022-04-21 16:11:24.254 | ERROR    | monitor.searchSpiders.weibo:get_request_from_keyword:60 - E 微博检索 解析出错'mblog'
2022-04-21 16:11:26.013 | ERROR    | monitor.searchSpiders.weibo:get_request_from_keyword:60 - E 微博检索 解析出错'mblog'
2022-04-21 16:11:27.841 | ERROR    | monitor.searchSpiders.weibo:get_request_from_keyword:60 - E 微博检索 解析出错'mblog'
2022-04-21 16:11:50.223 | ERROR    | monitor.searchSpiders.weibo:get_request_from_keyword:60 - E 微博检索 解析出错'mblog'
2022-04-21 16:11:52.773 | ERROR    | monitor.searchSpiders.weibo:get_request_from_keyword:60 - E 微博检索 解析出错'mblog'
2022-04-21 16:11:54.270 | ERROR    | monitor.searchSpiders.weibo:get_request_from_keyword:60 - E 微博检索 解析出错'mblog'
2022-04-21 16:11:56.358 | ERROR    | monitor.searchSpiders.weibo:get_request_from_keyword:60 - E 微博检索 解析出错'mblog'
2022-04-21 16:11:57.664 | ERROR    | monitor.searchSpiders.weibo:get_request_from_keyword:60 - E 微博检索 解析出错'mblog'
2022-04-21 16:11:58.958 | ERROR    | monitor.searchSpiders.weibo:get_request_from_keyword:60 - E 微博检索 解析出错'mblog'
2022-04-21 16:12:25.224 | ERROR    | monitor.searchSpiders.weibo:get_request_from_keyword:60 - E 微博检索 解析出错'mblog'
2022-04-21 16:12:26.344 | ERROR    | monitor.searchSpiders.weibo:get_request_from_keyword:60 - E 微博检索 解析出错'mblog'
2022-04-21 16:12:27.391 | ERROR    | monitor.searchSpiders.weibo:get_request_from_keyword:60 - E 微博检索 解析出错'mblog'
2022-04-21 16:12:28.901 | ERROR    | monitor.searchSpiders.weibo:get_request_from_keyword:60 - E 微博检索 解析出错'mblog'
2022-04-21 16:12:37.000 | ERROR    | monitor.searchSpiders.weibo:get_request_from_keyword:60 - E 微博检索 解析出错'mblog'
2022-04-21 16:12:38.572 | ERROR    | monitor.searchSpiders.weibo:get_request_from_keyword:60 - E 微博检索 解析出错'mblog'
2022-04-21 16:12:39.695 | ERROR    | monitor.searchSpiders.weibo:get_request_from_keyword:60 - E 微博检索 解析出错'mblog'
2022-04-21 16:12:41.302 | ERROR    | monitor.searchSpiders.weibo:get_request_from_keyword:60 - E 微博检索 解析出错'mblog'
2022-04-21 16:12:54.338 | ERROR    | monitor.searchSpiders.weibo:get_request_from_keyword:60 - E 微博检索 解析出错'mblog'
2022-04-21 16:12:57.647 | ERROR    | monitor.searchSpiders.weibo:get_request_from_keyword:60 - E 微博检索 解析出错'mblog'
2022-04-21 16:13:02.549 | ERROR    | monitor.searchSpiders.weibo:get_request_from_keyword:60 - E 微博检索 解析出错'mblog'
2022-04-21 16:13:06.227 | ERROR    | monitor.searchSpiders.weibo:get_request_from_keyword:60 - E 微博检索 解析出错'mblog'
2022-04-21 16:13:09.440 | ERROR    | monitor.searchSpiders.weibo:get_request_from_keyword:60 - E 微博检索 解析出错'mblog'
2022-04-21 16:13:10.764 | ERROR    | monitor.searchSpiders.weibo:get_request_from_keyword:60 - E 微博检索 解析出错'mblog'
2022-04-21 16:13:11.033 | ERROR    | monitor.searchSpiders.weibo:get_request_from_keyword:60 - E 微博检索 解析出错'mblog'
2022-04-21 16:13:11.188 | ERROR    | monitor.searchSpiders.weibo:get_request_from_keyword:60 - E 微博检索 解析出错'mblog'
2022-04-21 16:13:13.814 | ERROR    | monitor.searchSpiders.weibo:get_request_from_keyword:60 - E 微博检索 解析出错'mblog'
2022-04-21 16:13:14.817 | ERROR    | monitor.searchSpiders.weibo:get_request_from_keyword:60 - E 微博检索 解析出错'mblog'
2022-04-21 16:13:15.754 | ERROR    | monitor.searchSpiders.weibo:get_request_from_keyword:60 - E 微博检索 解析出错'mblog'
2022-04-21 16:13:32.856 | ERROR    | monitor.searchSpiders.weibo:get_request_from_keyword:60 - E 微博检索 解析出错'mblog'
2022-04-21 16:13:34.244 | ERROR    | monitor.searchSpiders.weibo:get_request_from_keyword:60 - E 微博检索 解析出错'mblog'
2022-04-21 16:13:49.094 | ERROR    | monitor.searchSpiders.weibo:get_request_from_keyword:60 - E 微博检索 解析出错'mblog'
2022-04-21 16:13:51.129 | ERROR    | monitor.searchSpiders.weibo:get_request_from_keyword:60 - E 微博检索 解析出错'mblog'
2022-04-21 16:13:51.514 | ERROR    | monitor.searchSpiders.weibo:get_request_from_keyword:60 - E 微博检索 解析出错'mblog'
2022-04-21 16:13:53.049 | ERROR    | monitor.searchSpiders.weibo:get_request_from_keyword:60 - E 微博检索 解析出错'mblog'
2022-04-21 16:13:53.708 | ERROR    | monitor.searchSpiders.weibo:get_request_from_keyword:60 - E 微博检索 解析出错'mblog'
2022-04-21 16:13:55.043 | ERROR    | monitor.searchSpiders.weibo:get_request_from_keyword:60 - E 微博检索 解析出错'mblog'
2022-04-21 16:13:56.223 | ERROR    | monitor.searchSpiders.weibo:get_request_from_keyword:60 - E 微博检索 解析出错'mblog'
2022-04-21 16:13:57.503 | ERROR    | monitor.searchSpiders.weibo:get_request_from_keyword:60 - E 微博检索 解析出错'mblog'
2022-04-21 16:14:21.941 | ERROR    | monitor.searchSpiders.weibo:get_request_from_keyword:60 - E 微博检索 解析出错'mblog'
2022-04-21 16:14:24.076 | ERROR    | monitor.searchSpiders.weibo:get_request_from_keyword:60 - E 微博检索 解析出错'mblog'
2022-04-21 16:14:26.393 | ERROR    | monitor.searchSpiders.weibo:get_request_from_keyword:60 - E 微博检索 解析出错'mblog'
2022-04-21 16:14:28.317 | ERROR    | monitor.searchSpiders.weibo:get_request_from_keyword:60 - E 微博检索 解析出错'mblog'
2022-04-21 16:14:42.361 | ERROR    | monitor.searchSpiders.weibo:get_request_from_keyword:62 - E 微博检索 500
2022-04-21 16:14:46.232 | ERROR    | monitor.searchSpiders.weibo:get_request_from_keyword:60 - E 微博检索 解析出错'mblog'
2022-04-21 16:14:49.864 | ERROR    | monitor.searchSpiders.weibo:get_request_from_keyword:60 - E 微博检索 解析出错'mblog'
2022-04-21 16:14:51.477 | ERROR    | monitor.searchSpiders.weibo:get_request_from_keyword:60 - E 微博检索 解析出错'mblog'
2022-04-21 16:14:54.223 | ERROR    | monitor.searchSpiders.weibo:get_request_from_keyword:60 - E 微博检索 解析出错'mblog'
2022-04-21 16:15:09.940 | ERROR    | monitor.searchSpiders.weibo:get_request_from_keyword:60 - E 微博检索 解析出错'mblog'
2022-04-21 16:15:11.498 | ERROR    | monitor.searchSpiders.weibo:get_request_from_keyword:60 - E 微博检索 解析出错'mblog'
2022-04-21 16:15:15.543 | ERROR    | monitor.searchSpiders.weibo:get_request_from_keyword:60 - E 微博检索 解析出错'mblog'
2022-04-21 16:15:18.494 | ERROR    | monitor.searchSpiders.weibo:get_request_from_keyword:60 - E 微博检索 解析出错'mblog'
2022-04-21 16:15:19.071 | ERROR    | monitor.searchSpiders.weibo:get_request_from_keyword:60 - E 微博检索 解析出错'mblog'
2022-04-21 16:15:20.602 | ERROR    | monitor.searchSpiders.weibo:get_request_from_keyword:60 - E 微博检索 解析出错'mblog'
2022-04-21 16:15:22.883 | ERROR    | monitor.searchSpiders.weibo:get_request_from_keyword:60 - E 微博检索 解析出错'mblog'
2022-04-21 16:15:25.009 | ERROR    | monitor.searchSpiders.weibo:get_request_from_keyword:60 - E 微博检索 解析出错'mblog'
2022-04-21 16:15:29.059 | ERROR    | monitor.searchSpiders.weibo:get_request_from_keyword:60 - E 微博检索 解析出错'mblog'
2022-04-21 16:15:30.656 | ERROR    | monitor.searchSpiders.weibo:get_request_from_keyword:60 - E 微博检索 解析出错'mblog'
2022-04-21 16:15:48.228 | ERROR    | monitor.searchSpiders.weibo:get_request_from_keyword:60 - E 微博检索 解析出错'mblog'
2022-04-21 16:15:49.557 | ERROR    | monitor.searchSpiders.weibo:get_request_from_keyword:60 - E 微博检索 解析出错'mblog'
2022-04-21 16:15:55.485 | ERROR    | monitor.searchSpiders.weibo:get_request_from_keyword:60 - E 微博检索 解析出错'mblog'
2022-04-21 16:15:59.958 | ERROR    | monitor.searchSpiders.weibo:get_request_from_keyword:60 - E 微博检索 解析出错'mblog'
2022-04-21 16:16:00.466 | ERROR    | monitor.searchSpiders.weibo:get_request_from_keyword:60 - E 微博检索 解析出错'mblog'
2022-04-21 16:16:06.052 | ERROR    | monitor.searchSpiders.weibo:get_request_from_keyword:60 - E 微博检索 解析出错'mblog'
2022-04-21 16:16:10.809 | ERROR    | monitor.searchSpiders.weibo:get_request_from_keyword:60 - E 微博检索 解析出错'mblog'
2022-04-21 16:16:16.466 | ERROR    | monitor.searchSpiders.weibo:get_request_from_keyword:60 - E 微博检索 解析出错'mblog'
2022-04-21 16:16:44.154 | ERROR    | monitor.searchSpiders.weibo:get_request_from_keyword:60 - E 微博检索 解析出错'mblog'
2022-04-21 16:16:48.386 | ERROR    | monitor.searchSpiders.weibo:get_request_from_keyword:60 - E 微博检索 解析出错'mblog'
2022-04-21 16:16:50.750 | ERROR    | monitor.searchSpiders.weibo:get_request_from_keyword:60 - E 微博检索 解析出错'mblog'
2022-04-21 16:16:54.976 | ERROR    | monitor.searchSpiders.weibo:get_request_from_keyword:60 - E 微博检索 解析出错'mblog'
2022-04-21 16:17:00.767 | ERROR    | monitor.searchSpiders.weibo:get_request_from_keyword:60 - E 微博检索 解析出错'mblog'
2022-04-21 16:17:03.865 | ERROR    | monitor.searchSpiders.weibo:get_request_from_keyword:60 - E 微博检索 解析出错'mblog'
2022-04-21 16:17:10.223 | ERROR    | monitor.searchSpiders.weibo:get_request_from_keyword:60 - E 微博检索 解析出错'mblog'
2022-04-21 16:17:10.969 | ERROR    | monitor.searchSpiders.weibo:get_request_from_keyword:60 - E 微博检索 解析出错'mblog'
2022-04-21 16:17:11.924 | ERROR    | monitor.searchSpiders.weibo:get_request_from_keyword:60 - E 微博检索 解析出错'mblog'
2022-04-21 16:17:11.973 | ERROR    | monitor.searchSpiders.weibo:get_request_from_keyword:60 - E 微博检索 解析出错'mblog'
2022-04-21 16:17:21.754 | ERROR    | monitor.searchSpiders.weibo:get_request_from_keyword:60 - E 微博检索 解析出错'mblog'
2022-04-21 16:17:23.037 | ERROR    | monitor.searchSpiders.weibo:get_request_from_keyword:60 - E 微博检索 解析出错'mblog'
2022-04-21 16:17:36.044 | ERROR    | monitor.searchSpiders.weibo:get_request_from_keyword:60 - E 微博检索 解析出错'mblog'
2022-04-21 16:17:39.131 | ERROR    | monitor.searchSpiders.weibo:get_request_from_keyword:60 - E 微博检索 解析出错'mblog'
2022-04-21 16:17:42.358 | ERROR    | monitor.searchSpiders.weibo:get_request_from_keyword:60 - E 微博检索 解析出错'mblog'
2022-04-21 16:17:44.620 | ERROR    | monitor.searchSpiders.weibo:get_request_from_keyword:60 - E 微博检索 解析出错'mblog'
2022-04-21 16:18:05.888 | ERROR    | monitor.searchSpiders.weibo:get_request_from_keyword:60 - E 微博检索 解析出错'mblog'
2022-04-21 16:18:08.152 | ERROR    | monitor.searchSpiders.weibo:get_request_from_keyword:60 - E 微博检索 解析出错'mblog'
2022-04-21 16:18:10.014 | ERROR    | monitor.searchSpiders.weibo:get_request_from_keyword:60 - E 微博检索 解析出错'mblog'
2022-04-21 16:18:10.267 | ERROR    | monitor.searchSpiders.weibo:get_request_from_keyword:60 - E 微博检索 解析出错'mblog'
2022-04-21 16:18:14.555 | ERROR    | monitor.searchSpiders.weibo:get_request_from_keyword:60 - E 微博检索 解析出错'mblog'
2022-04-21 16:18:15.568 | ERROR    | monitor.searchSpiders.weibo:get_request_from_keyword:60 - E 微博检索 解析出错'mblog'
2022-04-21 16:18:21.696 | ERROR    | monitor.searchSpiders.weibo:get_request_from_keyword:60 - E 微博检索 解析出错'mblog'
2022-04-21 16:18:24.685 | ERROR    | monitor.searchSpiders.weibo:get_request_from_keyword:60 - E 微博检索 解析出错'mblog'
2022-04-21 16:18:25.736 | ERROR    | monitor.searchSpiders.weibo:get_request_from_keyword:60 - E 微博检索 解析出错'mblog'
2022-04-21 16:18:30.149 | ERROR    | monitor.searchSpiders.weibo:get_request_from_keyword:60 - E 微博检索 解析出错'mblog'
2022-04-21 16:18:34.129 | ERROR    | monitor.searchSpiders.weibo:get_request_from_keyword:60 - E 微博检索 解析出错'mblog'
2022-04-21 16:18:34.355 | ERROR    | monitor.searchSpiders.weibo:get_request_from_keyword:60 - E 微博检索 解析出错'mblog'
2022-04-21 16:18:38.235 | ERROR    | monitor.searchSpiders.weibo:get_request_from_keyword:60 - E 微博检索 解析出错'mblog'
2022-04-21 16:18:39.075 | ERROR    | monitor.searchSpiders.weibo:get_request_from_keyword:60 - E 微博检索 解析出错'mblog'
2022-04-21 16:18:43.603 | ERROR    | monitor.searchSpiders.weibo:get_request_from_keyword:60 - E 微博检索 解析出错'mblog'
2022-04-21 16:18:45.924 | ERROR    | monitor.searchSpiders.weibo:get_request_from_keyword:60 - E 微博检索 解析出错'mblog'
2022-04-21 16:18:50.363 | ERROR    | monitor.searchSpiders.weibo:get_request_from_keyword:60 - E 微博检索 解析出错'mblog'
2022-04-21 16:18:54.375 | ERROR    | monitor.searchSpiders.weibo:get_request_from_keyword:60 - E 微博检索 解析出错'mblog'
2022-04-21 16:18:54.574 | ERROR    | monitor.searchSpiders.weibo:get_request_from_keyword:60 - E 微博检索 解析出错'mblog'
2022-04-21 16:18:54.898 | ERROR    | monitor.searchSpiders.weibo:get_request_from_keyword:60 - E 微博检索 解析出错'mblog'
2022-04-21 16:18:58.988 | ERROR    | monitor.searchSpiders.weibo:get_request_from_keyword:60 - E 微博检索 解析出错'mblog'
2022-04-21 16:19:01.392 | ERROR    | monitor.searchSpiders.weibo:get_request_from_keyword:60 - E 微博检索 解析出错'mblog'
2022-04-21 16:19:21.961 | ERROR    | monitor.searchSpiders.weibo:get_request_from_keyword:60 - E 微博检索 解析出错'mblog'
2022-04-21 16:19:23.829 | ERROR    | monitor.searchSpiders.weibo:get_request_from_keyword:60 - E 微博检索 解析出错'mblog'
2022-04-21 16:19:45.680 | ERROR    | monitor.searchSpiders.weibo:get_request_from_keyword:60 - E 微博检索 解析出错'mblog'
2022-04-21 16:19:49.273 | ERROR    | monitor.searchSpiders.weibo:get_request_from_keyword:60 - E 微博检索 解析出错'mblog'
2022-04-21 16:19:50.044 | ERROR    | monitor.searchSpiders.weibo:get_request_from_keyword:60 - E 微博检索 解析出错'mblog'
2022-04-21 16:19:53.886 | ERROR    | monitor.searchSpiders.weibo:get_request_from_keyword:60 - E 微博检索 解析出错'mblog'
2022-04-21 16:20:10.802 | ERROR    | monitor.searchSpiders.weibo:get_request_from_keyword:65 - E 微博检索HTTPSConnectionPool(host='weibo.com', port=443): Read timed out. (read timeout=10)
Traceback (most recent call last):

  File "/home/chase/.local/lib/python3.8/site-packages/urllib3/connectionpool.py", line 445, in _make_request
    six.raise_from(e, None)
    │   └ <function raise_from at 0x7fd3b8f261f0>
    └ <module 'urllib3.packages.six' from '/home/chase/.local/lib/python3.8/site-packages/urllib3/packages/six.py'>
  File "<string>", line 3, in raise_from
  File "/home/chase/.local/lib/python3.8/site-packages/urllib3/connectionpool.py", line 440, in _make_request
    httplib_response = conn.getresponse()
                       │    └ <function HTTPConnection.getresponse at 0x7fd3ca4f7430>
                       └ <urllib3.connection.HTTPSConnection object at 0x7fd2c040efa0>
  File "/usr/lib/python3.8/http/client.py", line 1348, in getresponse
    response.begin()
    │        └ <function HTTPResponse.begin at 0x7fd3ca4f5790>
    └ <http.client.HTTPResponse object at 0x7fd2c2354910>
  File "/usr/lib/python3.8/http/client.py", line 316, in begin
    version, status, reason = self._read_status()
                              │    └ <function HTTPResponse._read_status at 0x7fd3ca4f5700>
                              └ <http.client.HTTPResponse object at 0x7fd2c2354910>
  File "/usr/lib/python3.8/http/client.py", line 277, in _read_status
    line = str(self.fp.readline(_MAXLINE + 1), "iso-8859-1")
               │    │           └ 65536
               │    └ None
               └ <http.client.HTTPResponse object at 0x7fd2c2354910>
  File "/usr/lib/python3.8/socket.py", line 669, in readinto
    return self._sock.recv_into(b)
           │    │               └ <memory at 0x7fd2c2db4700>
           │    └ None
           └ <socket.SocketIO object at 0x7fd2c2354ee0>
  File "/usr/lib/python3.8/ssl.py", line 1241, in recv_into
    return self.read(nbytes, buffer)
           │    │    │       └ <memory at 0x7fd2c2db4700>
           │    │    └ 8192
           │    └ <function SSLSocket.read at 0x7fd3d7c60040>
           └ <ssl.SSLSocket [closed] fd=-1, family=AddressFamily.AF_INET6, type=SocketKind.SOCK_STREAM, proto=6>
  File "/usr/lib/python3.8/ssl.py", line 1099, in read
    return self._sslobj.read(len, buffer)
           │    │            │    └ <memory at 0x7fd2c2db4700>
           │    │            └ 8192
           │    └ None
           └ <ssl.SSLSocket [closed] fd=-1, family=AddressFamily.AF_INET6, type=SocketKind.SOCK_STREAM, proto=6>

socket.timeout: The read operation timed out


During handling of the above exception, another exception occurred:


Traceback (most recent call last):

  File "/home/chase/.local/lib/python3.8/site-packages/requests/adapters.py", line 439, in send
    resp = conn.urlopen(
           │    └ <function HTTPConnectionPool.urlopen at 0x7fd3b8c668b0>
           └ <urllib3.connectionpool.HTTPSConnectionPool object at 0x7fd2c134de80>
  File "/home/chase/.local/lib/python3.8/site-packages/urllib3/connectionpool.py", line 755, in urlopen
    retries = retries.increment(
              │       └ <function Retry.increment at 0x7fd3b8caac10>
              └ Retry(total=0, connect=None, read=False, redirect=None, status=None)
  File "/home/chase/.local/lib/python3.8/site-packages/urllib3/util/retry.py", line 532, in increment
    raise six.reraise(type(error), error, _stacktrace)
          │   │            │       │      └ <traceback object at 0x7fd2c0392340>
          │   │            │       └ ReadTimeoutError("HTTPSConnectionPool(host='weibo.com', port=443): Read timed out. (read timeout=10)")
          │   │            └ ReadTimeoutError("HTTPSConnectionPool(host='weibo.com', port=443): Read timed out. (read timeout=10)")
          │   └ <function reraise at 0x7fd3b8f26160>
          └ <module 'urllib3.packages.six' from '/home/chase/.local/lib/python3.8/site-packages/urllib3/packages/six.py'>
  File "/home/chase/.local/lib/python3.8/site-packages/urllib3/packages/six.py", line 770, in reraise
    raise value
          └ None
  File "/home/chase/.local/lib/python3.8/site-packages/urllib3/connectionpool.py", line 699, in urlopen
    httplib_response = self._make_request(
                       │    └ <function HTTPConnectionPool._make_request at 0x7fd3b8c66670>
                       └ <urllib3.connectionpool.HTTPSConnectionPool object at 0x7fd2c134de80>
  File "/home/chase/.local/lib/python3.8/site-packages/urllib3/connectionpool.py", line 447, in _make_request
    self._raise_timeout(err=e, url=url, timeout_value=read_timeout)
    │    │                         │                  └ 10
    │    │                         └ '/ajax/search/all?containerid=100103type%3D1%26q%3D%E8%BF%99%E5%91%A8%E6%97%A5%E9%9C%80%E4%B8%8A%E7%8F%AD%26t%3D0&page=1&coun...
    │    └ <function HTTPConnectionPool._raise_timeout at 0x7fd3b8c665e0>
    └ <urllib3.connectionpool.HTTPSConnectionPool object at 0x7fd2c134de80>
  File "/home/chase/.local/lib/python3.8/site-packages/urllib3/connectionpool.py", line 336, in _raise_timeout
    raise ReadTimeoutError(
          └ <class 'urllib3.exceptions.ReadTimeoutError'>

urllib3.exceptions.ReadTimeoutError: HTTPSConnectionPool(host='weibo.com', port=443): Read timed out. (read timeout=10)


During handling of the above exception, another exception occurred:


Traceback (most recent call last):

  File "/usr/lib/python3.8/threading.py", line 890, in _bootstrap
    self._bootstrap_inner()
    │    └ <function Thread._bootstrap_inner at 0x7fd3dacd5a60>
    └ <Thread(Thread-35, started daemon 140542763575040)>
  File "/usr/lib/python3.8/threading.py", line 932, in _bootstrap_inner
    self.run()
    │    └ <function Thread.run at 0x7fd3dacd5790>
    └ <Thread(Thread-35, started daemon 140542763575040)>
  File "/usr/lib/python3.8/threading.py", line 870, in run
    self._target(*self._args, **self._kwargs)
    │    │        │    │        │    └ {}
    │    │        │    │        └ <Thread(Thread-35, started daemon 140542763575040)>
    │    │        │    └ ('ProjectManager.run_func_by_thread',)
    │    │        └ <Thread(Thread-35, started daemon 140542763575040)>
    │    └ <bound method ProjectManager.get_request_from_keywords_hot of <monitor.projectManager.ProjectManager object at 0x7fd2c31cd820>>
    └ <Thread(Thread-35, started daemon 140542763575040)>

  File "/home/users/Scy/yuqing/spider/monitor/projectManager.py", line 750, in get_request_from_keywords_hot
    self.search_spider_manager.crawl_by_keyword(
    │    │                     └ <function SearchSpidersManager.crawl_by_keyword at 0x7fd2c31dba60>
    │    └ <monitor.spiderManager.SearchSpidersManager object at 0x7fd2c2ddf400>
    └ <monitor.projectManager.ProjectManager object at 0x7fd2c31cd820>

  File "/home/users/Scy/yuqing/spider/monitor/spiderManager.py", line 121, in crawl_by_keyword
    self.crawl_by_keyword_signal_platform(project_names, platform, keyword, crawl_time, project_times)
    │    │                                │              │         │        │           └ {'default': <monitor.TimeSection object at 0x7fd2c2f09310>}
    │    │                                │              │         │        └ <monitor.TimeSection object at 0x7fd2c0718880>
    │    │                                │              │         └ '这周日需上班'
    │    │                                │              └ '微博'
    │    │                                └ ['default']
    │    └ <function SearchSpidersManager.crawl_by_keyword_signal_platform at 0x7fd2c31dbaf0>
    └ <monitor.spiderManager.SearchSpidersManager object at 0x7fd2c2ddf400>

  File "/home/users/Scy/yuqing/spider/monitor/spiderManager.py", line 137, in crawl_by_keyword_signal_platform
    requests = self.get_request_from_keyword(platform, keyword, **crawl_time.to_dict())
               │    │                        │         │          │          └ <function TimeSection.to_dict at 0x7fd3bb14f5e0>
               │    │                        │         │          └ <monitor.TimeSection object at 0x7fd2c0718880>
               │    │                        │         └ '这周日需上班'
               │    │                        └ '微博'
               │    └ <function SearchSpidersManager.get_request_from_keyword at 0x7fd2c31dbc10>
               └ <monitor.spiderManager.SearchSpidersManager object at 0x7fd2c2ddf400>

  File "/home/users/Scy/yuqing/spider/monitor/spiderManager.py", line 195, in get_request_from_keyword
    for request in self.spiders[platform].get_request_from_keyword(headers, search_url, keyword, content_url,
        │          │    │       │                                  │        │           │        └ <string.Template object at 0x7fd2c04c5b80>
        │          │    │       │                                  │        │           └ '这周日需上班'
        │          │    │       │                                  │        └ <string.Template object at 0x7fd2c237b8b0>
        │          │    │       │                                  └ {'accept': 'application/json, text/plain, */*', 'accept-encoding': 'gzip, deflate, br', 'accept-language': 'zh-CN,zh;q=0.9', ...
        │          │    │       └ '微博'
        │          │    └ {'凤凰网': <monitor.searchSpiders.ifeng.Ifeng object at 0x7fd2c2ddf610>, '头条': <monitor.searchSpiders.toutiao.Toutiao object at ...
        │          └ <monitor.spiderManager.SearchSpidersManager object at 0x7fd2c2ddf400>
        └ <GET https://weibo.com/ajax/statuses/show?id=LptMlhfMN>

> File "/home/users/Scy/yuqing/spider/monitor/searchSpiders/weibo.py", line 37, in get_request_from_keyword
    response = requests.get(search_url_, headers=headers, timeout=10)
               │        │   │                    └ {'accept': 'application/json, text/plain, */*', 'accept-encoding': 'gzip, deflate, br', 'accept-language': 'zh-CN,zh;q=0.9', ...
               │        │   └ 'https://weibo.com/ajax/search/all?containerid=100103type%3D1%26q%3D%E8%BF%99%E5%91%A8%E6%97%A5%E9%9C%80%E4%B8%8A%E7%8F%AD%26...
               │        └ <function get at 0x7fd3b8a8c280>
               └ <module 'requests' from '/home/chase/.local/lib/python3.8/site-packages/requests/__init__.py'>

  File "/home/chase/.local/lib/python3.8/site-packages/requests/api.py", line 75, in get
    return request('get', url, params=params, **kwargs)
           │              │           │         └ {'headers': {'accept': 'application/json, text/plain, */*', 'accept-encoding': 'gzip, deflate, br', 'accept-language': 'zh-CN...
           │              │           └ None
           │              └ 'https://weibo.com/ajax/search/all?containerid=100103type%3D1%26q%3D%E8%BF%99%E5%91%A8%E6%97%A5%E9%9C%80%E4%B8%8A%E7%8F%AD%26...
           └ <function request at 0x7fd3b8afa0d0>
  File "/home/chase/.local/lib/python3.8/site-packages/requests/api.py", line 61, in request
    return session.request(method=method, url=url, **kwargs)
           │       │              │           │      └ {'params': None, 'headers': {'accept': 'application/json, text/plain, */*', 'accept-encoding': 'gzip, deflate, br', 'accept-l...
           │       │              │           └ 'https://weibo.com/ajax/search/all?containerid=100103type%3D1%26q%3D%E8%BF%99%E5%91%A8%E6%97%A5%E9%9C%80%E4%B8%8A%E7%8F%AD%26...
           │       │              └ 'get'
           │       └ <function Session.request at 0x7fd3b8a8b9d0>
           └ <requests.sessions.Session object at 0x7fd2c1fdb520>
  File "/home/chase/.local/lib/python3.8/site-packages/requests/sessions.py", line 542, in request
    resp = self.send(prep, **send_kwargs)
           │    │    │       └ {'timeout': 10, 'allow_redirects': True, 'verify': True, 'proxies': OrderedDict(), 'stream': False, 'cert': None}
           │    │    └ <PreparedRequest [GET]>
           │    └ <function Session.send at 0x7fd3b8a8be50>
           └ <requests.sessions.Session object at 0x7fd2c1fdb520>
  File "/home/chase/.local/lib/python3.8/site-packages/requests/sessions.py", line 655, in send
    r = adapter.send(request, **kwargs)
        │       │    │          └ {'timeout': 10, 'verify': True, 'proxies': OrderedDict(), 'stream': False, 'cert': None}
        │       │    └ <PreparedRequest [GET]>
        │       └ <function HTTPAdapter.send at 0x7fd3b8a8b310>
        └ <requests.adapters.HTTPAdapter object at 0x7fd2c2df57f0>
  File "/home/chase/.local/lib/python3.8/site-packages/requests/adapters.py", line 529, in send
    raise ReadTimeout(e, request=request)
          │                      └ <PreparedRequest [GET]>
          └ <class 'requests.exceptions.ReadTimeout'>

requests.exceptions.ReadTimeout: HTTPSConnectionPool(host='weibo.com', port=443): Read timed out. (read timeout=10)
2022-04-21 16:20:12.610 | ERROR    | monitor.searchSpiders.weibo:get_request_from_keyword:65 - E 微博检索HTTPSConnectionPool(host='weibo.com', port=443): Read timed out. (read timeout=10)
Traceback (most recent call last):

  File "/home/chase/.local/lib/python3.8/site-packages/urllib3/connectionpool.py", line 382, in _make_request
    self._validate_conn(conn)
    │    │              └ <urllib3.connection.HTTPSConnection object at 0x7fd2c066adc0>
    │    └ <function HTTPSConnectionPool._validate_conn at 0x7fd3b8c66b80>
    └ <urllib3.connectionpool.HTTPSConnectionPool object at 0x7fd2c066a730>
  File "/home/chase/.local/lib/python3.8/site-packages/urllib3/connectionpool.py", line 1010, in _validate_conn
    conn.connect()
    │    └ <function HTTPSConnection.connect at 0x7fd3b8c56280>
    └ <urllib3.connection.HTTPSConnection object at 0x7fd2c066adc0>
  File "/home/chase/.local/lib/python3.8/site-packages/urllib3/connection.py", line 416, in connect
    self.sock = ssl_wrap_socket(
    │    │      └ <function ssl_wrap_socket at 0x7fd3b8ccef70>
    │    └ None
    └ <urllib3.connection.HTTPSConnection object at 0x7fd2c066adc0>
  File "/home/chase/.local/lib/python3.8/site-packages/urllib3/util/ssl_.py", line 449, in ssl_wrap_socket
    ssl_sock = _ssl_wrap_socket_impl(
               └ <function _ssl_wrap_socket_impl at 0x7fd3b8ccd160>
  File "/home/chase/.local/lib/python3.8/site-packages/urllib3/util/ssl_.py", line 493, in _ssl_wrap_socket_impl
    return ssl_context.wrap_socket(sock, server_hostname=server_hostname)
           │           │           │                     └ 'weibo.com'
           │           │           └ <socket.socket [closed] fd=-1, family=AddressFamily.AF_INET6, type=SocketKind.SOCK_STREAM, proto=6>
           │           └ <function SSLContext.wrap_socket at 0x7fd3ca513ee0>
           └ <ssl.SSLContext object at 0x7fd2c22ed640>
  File "/usr/lib/python3.8/ssl.py", line 500, in wrap_socket
    return self.sslsocket_class._create(
           │    │               └ <classmethod object at 0x7fd3d7c5aa60>
           │    └ <class 'ssl.SSLSocket'>
           └ <ssl.SSLContext object at 0x7fd2c22ed640>
  File "/usr/lib/python3.8/ssl.py", line 1040, in _create
    self.do_handshake()
    │    └ <function SSLSocket.do_handshake at 0x7fd3d7c60dc0>
    └ <ssl.SSLSocket [closed] fd=-1, family=AddressFamily.AF_INET6, type=SocketKind.SOCK_STREAM, proto=6>
  File "/usr/lib/python3.8/ssl.py", line 1309, in do_handshake
    self._sslobj.do_handshake()
    │    └ None
    └ <ssl.SSLSocket [closed] fd=-1, family=AddressFamily.AF_INET6, type=SocketKind.SOCK_STREAM, proto=6>

socket.timeout: _ssl.c:1114: The handshake operation timed out


During handling of the above exception, another exception occurred:


Traceback (most recent call last):

  File "/home/chase/.local/lib/python3.8/site-packages/requests/adapters.py", line 439, in send
    resp = conn.urlopen(
           │    └ <function HTTPConnectionPool.urlopen at 0x7fd3b8c668b0>
           └ <urllib3.connectionpool.HTTPSConnectionPool object at 0x7fd2c066a730>
  File "/home/chase/.local/lib/python3.8/site-packages/urllib3/connectionpool.py", line 755, in urlopen
    retries = retries.increment(
              │       └ <function Retry.increment at 0x7fd3b8caac10>
              └ Retry(total=0, connect=None, read=False, redirect=None, status=None)
  File "/home/chase/.local/lib/python3.8/site-packages/urllib3/util/retry.py", line 532, in increment
    raise six.reraise(type(error), error, _stacktrace)
          │   │            │       │      └ <traceback object at 0x7fd2a8ff7c00>
          │   │            │       └ ReadTimeoutError("HTTPSConnectionPool(host='weibo.com', port=443): Read timed out. (read timeout=10)")
          │   │            └ ReadTimeoutError("HTTPSConnectionPool(host='weibo.com', port=443): Read timed out. (read timeout=10)")
          │   └ <function reraise at 0x7fd3b8f26160>
          └ <module 'urllib3.packages.six' from '/home/chase/.local/lib/python3.8/site-packages/urllib3/packages/six.py'>
  File "/home/chase/.local/lib/python3.8/site-packages/urllib3/packages/six.py", line 770, in reraise
    raise value
          └ None
  File "/home/chase/.local/lib/python3.8/site-packages/urllib3/connectionpool.py", line 699, in urlopen
    httplib_response = self._make_request(
                       │    └ <function HTTPConnectionPool._make_request at 0x7fd3b8c66670>
                       └ <urllib3.connectionpool.HTTPSConnectionPool object at 0x7fd2c066a730>
  File "/home/chase/.local/lib/python3.8/site-packages/urllib3/connectionpool.py", line 385, in _make_request
    self._raise_timeout(err=e, url=url, timeout_value=conn.timeout)
    │    │                         │                  │    └ 10
    │    │                         │                  └ <urllib3.connection.HTTPSConnection object at 0x7fd2c066adc0>
    │    │                         └ '/ajax/search/all?containerid=100103type%3D1%26q%3D%E6%97%A9%E4%BA%A7%E7%94%B7%E5%A9%B4%E8%82%9B%E9%97%A8%E9%97%AD%E9%94%81%E...
    │    └ <function HTTPConnectionPool._raise_timeout at 0x7fd3b8c665e0>
    └ <urllib3.connectionpool.HTTPSConnectionPool object at 0x7fd2c066a730>
  File "/home/chase/.local/lib/python3.8/site-packages/urllib3/connectionpool.py", line 336, in _raise_timeout
    raise ReadTimeoutError(
          └ <class 'urllib3.exceptions.ReadTimeoutError'>

urllib3.exceptions.ReadTimeoutError: HTTPSConnectionPool(host='weibo.com', port=443): Read timed out. (read timeout=10)


During handling of the above exception, another exception occurred:


Traceback (most recent call last):

  File "/usr/lib/python3.8/threading.py", line 890, in _bootstrap
    self._bootstrap_inner()
    │    └ <function Thread._bootstrap_inner at 0x7fd3dacd5a60>
    └ <Thread(Thread-29, started daemon 140542780360448)>
  File "/usr/lib/python3.8/threading.py", line 932, in _bootstrap_inner
    self.run()
    │    └ <function Thread.run at 0x7fd3dacd5790>
    └ <Thread(Thread-29, started daemon 140542780360448)>
  File "/usr/lib/python3.8/threading.py", line 870, in run
    self._target(*self._args, **self._kwargs)
    │    │        │    │        │    └ {}
    │    │        │    │        └ <Thread(Thread-29, started daemon 140542780360448)>
    │    │        │    └ ('ProjectManager.run_func_by_thread',)
    │    │        └ <Thread(Thread-29, started daemon 140542780360448)>
    │    └ <bound method ProjectManager.get_request_from_keywords_hot of <monitor.projectManager.ProjectManager object at 0x7fd2c31cd820>>
    └ <Thread(Thread-29, started daemon 140542780360448)>

  File "/home/users/Scy/yuqing/spider/monitor/projectManager.py", line 750, in get_request_from_keywords_hot
    self.search_spider_manager.crawl_by_keyword(
    │    │                     └ <function SearchSpidersManager.crawl_by_keyword at 0x7fd2c31dba60>
    │    └ <monitor.spiderManager.SearchSpidersManager object at 0x7fd2c2ddf400>
    └ <monitor.projectManager.ProjectManager object at 0x7fd2c31cd820>

  File "/home/users/Scy/yuqing/spider/monitor/spiderManager.py", line 121, in crawl_by_keyword
    self.crawl_by_keyword_signal_platform(project_names, platform, keyword, crawl_time, project_times)
    │    │                                │              │         │        │           └ {'default': <monitor.TimeSection object at 0x7fd2c2f09310>}
    │    │                                │              │         │        └ <monitor.TimeSection object at 0x7fd2c1e1d4c0>
    │    │                                │              │         └ '早产男婴肛门闭锁妈妈几近崩溃'
    │    │                                │              └ '微博'
    │    │                                └ ['default']
    │    └ <function SearchSpidersManager.crawl_by_keyword_signal_platform at 0x7fd2c31dbaf0>
    └ <monitor.spiderManager.SearchSpidersManager object at 0x7fd2c2ddf400>

  File "/home/users/Scy/yuqing/spider/monitor/spiderManager.py", line 137, in crawl_by_keyword_signal_platform
    requests = self.get_request_from_keyword(platform, keyword, **crawl_time.to_dict())
               │    │                        │         │          │          └ <function TimeSection.to_dict at 0x7fd3bb14f5e0>
               │    │                        │         │          └ <monitor.TimeSection object at 0x7fd2c1e1d4c0>
               │    │                        │         └ '早产男婴肛门闭锁妈妈几近崩溃'
               │    │                        └ '微博'
               │    └ <function SearchSpidersManager.get_request_from_keyword at 0x7fd2c31dbc10>
               └ <monitor.spiderManager.SearchSpidersManager object at 0x7fd2c2ddf400>

  File "/home/users/Scy/yuqing/spider/monitor/spiderManager.py", line 195, in get_request_from_keyword
    for request in self.spiders[platform].get_request_from_keyword(headers, search_url, keyword, content_url,
        │          │    │       │                                  │        │           │        └ <string.Template object at 0x7fd2c2179f40>
        │          │    │       │                                  │        │           └ '早产男婴肛门闭锁妈妈几近崩溃'
        │          │    │       │                                  │        └ <string.Template object at 0x7fd2c21792b0>
        │          │    │       │                                  └ {'accept': 'application/json, text/plain, */*', 'accept-encoding': 'gzip, deflate, br', 'accept-language': 'zh-CN,zh;q=0.9', ...
        │          │    │       └ '微博'
        │          │    └ {'凤凰网': <monitor.searchSpiders.ifeng.Ifeng object at 0x7fd2c2ddf610>, '头条': <monitor.searchSpiders.toutiao.Toutiao object at ...
        │          └ <monitor.spiderManager.SearchSpidersManager object at 0x7fd2c2ddf400>
        └ <GET https://weibo.com/ajax/statuses/show?id=LptMviWDg>

> File "/home/users/Scy/yuqing/spider/monitor/searchSpiders/weibo.py", line 37, in get_request_from_keyword
    response = requests.get(search_url_, headers=headers, timeout=10)
               │        │   │                    └ {'accept': 'application/json, text/plain, */*', 'accept-encoding': 'gzip, deflate, br', 'accept-language': 'zh-CN,zh;q=0.9', ...
               │        │   └ 'https://weibo.com/ajax/search/all?containerid=100103type%3D1%26q%3D%E6%97%A9%E4%BA%A7%E7%94%B7%E5%A9%B4%E8%82%9B%E9%97%A8%E9...
               │        └ <function get at 0x7fd3b8a8c280>
               └ <module 'requests' from '/home/chase/.local/lib/python3.8/site-packages/requests/__init__.py'>

  File "/home/chase/.local/lib/python3.8/site-packages/requests/api.py", line 75, in get
    return request('get', url, params=params, **kwargs)
           │              │           │         └ {'headers': {'accept': 'application/json, text/plain, */*', 'accept-encoding': 'gzip, deflate, br', 'accept-language': 'zh-CN...
           │              │           └ None
           │              └ 'https://weibo.com/ajax/search/all?containerid=100103type%3D1%26q%3D%E6%97%A9%E4%BA%A7%E7%94%B7%E5%A9%B4%E8%82%9B%E9%97%A8%E9...
           └ <function request at 0x7fd3b8afa0d0>
  File "/home/chase/.local/lib/python3.8/site-packages/requests/api.py", line 61, in request
    return session.request(method=method, url=url, **kwargs)
           │       │              │           │      └ {'params': None, 'headers': {'accept': 'application/json, text/plain, */*', 'accept-encoding': 'gzip, deflate, br', 'accept-l...
           │       │              │           └ 'https://weibo.com/ajax/search/all?containerid=100103type%3D1%26q%3D%E6%97%A9%E4%BA%A7%E7%94%B7%E5%A9%B4%E8%82%9B%E9%97%A8%E9...
           │       │              └ 'get'
           │       └ <function Session.request at 0x7fd3b8a8b9d0>
           └ <requests.sessions.Session object at 0x7fd2c2e93430>
  File "/home/chase/.local/lib/python3.8/site-packages/requests/sessions.py", line 542, in request
    resp = self.send(prep, **send_kwargs)
           │    │    │       └ {'timeout': 10, 'allow_redirects': True, 'verify': True, 'proxies': OrderedDict(), 'stream': False, 'cert': None}
           │    │    └ <PreparedRequest [GET]>
           │    └ <function Session.send at 0x7fd3b8a8be50>
           └ <requests.sessions.Session object at 0x7fd2c2e93430>
  File "/home/chase/.local/lib/python3.8/site-packages/requests/sessions.py", line 655, in send
    r = adapter.send(request, **kwargs)
        │       │    │          └ {'timeout': 10, 'verify': True, 'proxies': OrderedDict(), 'stream': False, 'cert': None}
        │       │    └ <PreparedRequest [GET]>
        │       └ <function HTTPAdapter.send at 0x7fd3b8a8b310>
        └ <requests.adapters.HTTPAdapter object at 0x7fd2c066a250>
  File "/home/chase/.local/lib/python3.8/site-packages/requests/adapters.py", line 529, in send
    raise ReadTimeout(e, request=request)
          │                      └ <PreparedRequest [GET]>
          └ <class 'requests.exceptions.ReadTimeout'>

requests.exceptions.ReadTimeout: HTTPSConnectionPool(host='weibo.com', port=443): Read timed out. (read timeout=10)
2022-04-21 16:20:14.058 | ERROR    | monitor.searchSpiders.weibo:get_request_from_keyword:60 - E 微博检索 解析出错'mblog'
2022-04-21 16:20:15.920 | ERROR    | monitor.searchSpiders.weibo:get_request_from_keyword:60 - E 微博检索 解析出错'mblog'
2022-04-21 16:20:40.963 | ERROR    | monitor.searchSpiders.weibo:get_request_from_keyword:60 - E 微博检索 解析出错'mblog'
2022-04-21 16:20:41.914 | ERROR    | monitor.searchSpiders.weibo:get_request_from_keyword:60 - E 微博检索 解析出错'mblog'
2022-04-21 16:20:45.443 | ERROR    | monitor.searchSpiders.weibo:get_request_from_keyword:60 - E 微博检索 解析出错'mblog'
2022-04-21 16:20:47.127 | ERROR    | monitor.searchSpiders.weibo:get_request_from_keyword:60 - E 微博检索 解析出错'mblog'
2022-04-21 16:20:47.865 | ERROR    | monitor.searchSpiders.weibo:get_request_from_keyword:60 - E 微博检索 解析出错'mblog'
2022-04-21 16:20:50.600 | ERROR    | monitor.searchSpiders.weibo:get_request_from_keyword:60 - E 微博检索 解析出错'mblog'
2022-04-21 16:20:54.338 | ERROR    | monitor.searchSpiders.weibo:get_request_from_keyword:60 - E 微博检索 解析出错'mblog'
2022-04-21 16:20:55.473 | ERROR    | monitor.searchSpiders.weibo:get_request_from_keyword:60 - E 微博检索 解析出错'mblog'
2022-04-21 16:21:08.190 | ERROR    | monitor.searchSpiders.weibo:get_request_from_keyword:60 - E 微博检索 解析出错'mblog'
2022-04-21 16:21:11.857 | ERROR    | monitor.searchSpiders.weibo:get_request_from_keyword:60 - E 微博检索 解析出错'mblog'
2022-04-21 16:21:15.442 | ERROR    | monitor.searchSpiders.weibo:get_request_from_keyword:60 - E 微博检索 解析出错'mblog'
2022-04-21 16:21:19.401 | ERROR    | monitor.searchSpiders.weibo:get_request_from_keyword:60 - E 微博检索 解析出错'mblog'
2022-04-21 16:21:23.188 | ERROR    | monitor.searchSpiders.weibo:get_request_from_keyword:60 - E 微博检索 解析出错'mblog'
2022-04-21 16:21:23.963 | ERROR    | monitor.searchSpiders.weibo:get_request_from_keyword:60 - E 微博检索 解析出错'mblog'
2022-04-21 16:21:26.955 | ERROR    | monitor.searchSpiders.weibo:get_request_from_keyword:60 - E 微博检索 解析出错'mblog'
2022-04-21 16:21:28.404 | ERROR    | monitor.searchSpiders.weibo:get_request_from_keyword:60 - E 微博检索 解析出错'mblog'
2022-04-21 16:21:31.185 | ERROR    | monitor.searchSpiders.weibo:get_request_from_keyword:60 - E 微博检索 解析出错'mblog'
2022-04-21 16:21:33.527 | ERROR    | monitor.searchSpiders.weibo:get_request_from_keyword:60 - E 微博检索 解析出错'mblog'
2022-04-21 16:21:50.513 | ERROR    | monitor.searchSpiders.weibo:get_request_from_keyword:60 - E 微博检索 解析出错'mblog'
2022-04-21 16:21:56.938 | ERROR    | monitor.searchSpiders.weibo:get_request_from_keyword:60 - E 微博检索 解析出错'mblog'
2022-04-21 16:22:00.097 | ERROR    | monitor.searchSpiders.weibo:get_request_from_keyword:60 - E 微博检索 解析出错'mblog'
2022-04-21 16:22:07.784 | ERROR    | monitor.searchSpiders.weibo:get_request_from_keyword:60 - E 微博检索 解析出错'mblog'
2022-04-21 16:22:17.747 | ERROR    | monitor.searchSpiders.weibo:get_request_from_keyword:60 - E 微博检索 解析出错'mblog'
2022-04-21 16:22:21.939 | ERROR    | monitor.searchSpiders.weibo:get_request_from_keyword:60 - E 微博检索 解析出错'mblog'
2022-04-21 16:22:26.651 | ERROR    | monitor.searchSpiders.weibo:get_request_from_keyword:60 - E 微博检索 解析出错'mblog'
2022-04-21 16:22:29.428 | ERROR    | monitor.searchSpiders.weibo:get_request_from_keyword:60 - E 微博检索 解析出错'mblog'
2022-04-21 16:22:40.258 | ERROR    | monitor.searchSpiders.weibo:get_request_from_keyword:60 - E 微博检索 解析出错'mblog'
2022-04-21 16:22:42.784 | ERROR    | monitor.searchSpiders.weibo:get_request_from_keyword:60 - E 微博检索 解析出错'mblog'
2022-04-21 16:22:42.835 | ERROR    | monitor.searchSpiders.weibo:get_request_from_keyword:60 - E 微博检索 解析出错'mblog'
2022-04-21 16:25:51.952 | ERROR    | monitor.searchSpiders.weibo:get_request_from_keyword:60 - E 微博检索 解析出错'mblog'
2022-04-21 16:25:53.247 | ERROR    | monitor.searchSpiders.weibo:get_request_from_keyword:60 - E 微博检索 解析出错'mblog'
