2022-05-21 09:46:30.201 | ERROR    | monitor.searchSpiders.tieba:get_request_from_keyword:34 - E 贴吧错误HTTPSConnectionPool(host='wappass.baidu.com', port=443): Max retries exceeded with url: /static/captcha/tuxing.html?ak=2ef521ec36290baed33d66de9b16f625&backurl=http%3A%2F%2Ftieba.baidu.com%2Ff%2Fsearch%2Fres%3Fisnew%3D1%26kw%3D%26qw%3D%25E6%2596%25AF%25E6%25B4%259B%25E6%2596%2587%25E5%25B0%25BC%25E4%25BA%259A%25E8%25AE%25AE%25E4%25BC%259A%25E9%2580%2589%25E5%2587%25BA%25E9%25A6%2596%25E4%25BD%258D%25E5%25A5%25B3%25E8%25AE%25AE%25E9%2595%25BF%26rn%3D10%26un%3D%26only_thread%3D0%26sm%3D1%26sd%3D%26ed%3D%26pn%3D23&timestamp=1653097590&signature=8129d3476d7d554aaa3e533bdc1da2d3 (Caused by SSLError(SSLError(1, '[SSL: SSLV3_ALERT_HANDSHAKE_FAILURE] sslv3 alert handshake failure (_ssl.c:1131)')))
Traceback (most recent call last):

  File "/home/chase/.local/lib/python3.8/site-packages/urllib3/connectionpool.py", line 699, in urlopen
    httplib_response = self._make_request(
                       │    └ <function HTTPConnectionPool._make_request at 0x7fe17b87fca0>
                       └ <urllib3.connectionpool.HTTPSConnectionPool object at 0x7fe05c6112e0>
  File "/home/chase/.local/lib/python3.8/site-packages/urllib3/connectionpool.py", line 382, in _make_request
    self._validate_conn(conn)
    │    │              └ <urllib3.connection.HTTPSConnection object at 0x7fe05c553430>
    │    └ <function HTTPSConnectionPool._validate_conn at 0x7fe17b8801f0>
    └ <urllib3.connectionpool.HTTPSConnectionPool object at 0x7fe05c6112e0>
  File "/home/chase/.local/lib/python3.8/site-packages/urllib3/connectionpool.py", line 1010, in _validate_conn
    conn.connect()
    │    └ <function HTTPSConnection.connect at 0x7fe17b8ee8b0>
    └ <urllib3.connection.HTTPSConnection object at 0x7fe05c553430>
  File "/home/chase/.local/lib/python3.8/site-packages/urllib3/connection.py", line 416, in connect
    self.sock = ssl_wrap_socket(
    │    │      └ <function ssl_wrap_socket at 0x7fe17b8e85e0>
    │    └ None
    └ <urllib3.connection.HTTPSConnection object at 0x7fe05c553430>
  File "/home/chase/.local/lib/python3.8/site-packages/urllib3/util/ssl_.py", line 449, in ssl_wrap_socket
    ssl_sock = _ssl_wrap_socket_impl(
               └ <function _ssl_wrap_socket_impl at 0x7fe17b8e8790>
  File "/home/chase/.local/lib/python3.8/site-packages/urllib3/util/ssl_.py", line 493, in _ssl_wrap_socket_impl
    return ssl_context.wrap_socket(sock, server_hostname=server_hostname)
           │           │           │                     └ 'wappass.baidu.com'
           │           │           └ <socket.socket [closed] fd=-1, family=AddressFamily.AF_INET, type=SocketKind.SOCK_STREAM, proto=6>
           │           └ <function SSLContext.wrap_socket at 0x7fe191606e50>
           └ <ssl.SSLContext object at 0x7fe084074240>
  File "/usr/lib/python3.8/ssl.py", line 500, in wrap_socket
    return self.sslsocket_class._create(
           │    │               └ <classmethod object at 0x7fe19cd4db50>
           │    └ <class 'ssl.SSLSocket'>
           └ <ssl.SSLContext object at 0x7fe084074240>
  File "/usr/lib/python3.8/ssl.py", line 1040, in _create
    self.do_handshake()
    │    └ <function SSLSocket.do_handshake at 0x7fe19cd50d30>
    └ <ssl.SSLSocket [closed] fd=-1, family=AddressFamily.AF_INET, type=SocketKind.SOCK_STREAM, proto=6>
  File "/usr/lib/python3.8/ssl.py", line 1309, in do_handshake
    self._sslobj.do_handshake()
    │    └ None
    └ <ssl.SSLSocket [closed] fd=-1, family=AddressFamily.AF_INET, type=SocketKind.SOCK_STREAM, proto=6>

ssl.SSLError: [SSL: SSLV3_ALERT_HANDSHAKE_FAILURE] sslv3 alert handshake failure (_ssl.c:1131)


During handling of the above exception, another exception occurred:


Traceback (most recent call last):

  File "/home/chase/.local/lib/python3.8/site-packages/requests/adapters.py", line 439, in send
    resp = conn.urlopen(
           │    └ <function HTTPConnectionPool.urlopen at 0x7fe17b87fee0>
           └ <urllib3.connectionpool.HTTPSConnectionPool object at 0x7fe05c6112e0>
  File "/home/chase/.local/lib/python3.8/site-packages/urllib3/connectionpool.py", line 755, in urlopen
    retries = retries.increment(
              │       └ <function Retry.increment at 0x7fe17b8c21f0>
              └ Retry(total=0, connect=None, read=False, redirect=None, status=None)
  File "/home/chase/.local/lib/python3.8/site-packages/urllib3/util/retry.py", line 574, in increment
    raise MaxRetryError(_pool, url, error or ResponseError(cause))
          │             │      │    │        │             └ 'unknown'
          │             │      │    │        └ <class 'urllib3.exceptions.ResponseError'>
          │             │      │    └ SSLError(SSLError(1, '[SSL: SSLV3_ALERT_HANDSHAKE_FAILURE] sslv3 alert handshake failure (_ssl.c:1131)'))
          │             │      └ '/static/captcha/tuxing.html?ak=2ef521ec36290baed33d66de9b16f625&backurl=http%3A%2F%2Ftieba.baidu.com%2Ff%2Fsearch%2Fres%3Fis...
          │             └ <urllib3.connectionpool.HTTPSConnectionPool object at 0x7fe05c6112e0>
          └ <class 'urllib3.exceptions.MaxRetryError'>

urllib3.exceptions.MaxRetryError: HTTPSConnectionPool(host='wappass.baidu.com', port=443): Max retries exceeded with url: /static/captcha/tuxing.html?ak=2ef521ec36290baed33d66de9b16f625&backurl=http%3A%2F%2Ftieba.baidu.com%2Ff%2Fsearch%2Fres%3Fisnew%3D1%26kw%3D%26qw%3D%25E6%2596%25AF%25E6%25B4%259B%25E6%2596%2587%25E5%25B0%25BC%25E4%25BA%259A%25E8%25AE%25AE%25E4%25BC%259A%25E9%2580%2589%25E5%2587%25BA%25E9%25A6%2596%25E4%25BD%258D%25E5%25A5%25B3%25E8%25AE%25AE%25E9%2595%25BF%26rn%3D10%26un%3D%26only_thread%3D0%26sm%3D1%26sd%3D%26ed%3D%26pn%3D23&timestamp=1653097590&signature=8129d3476d7d554aaa3e533bdc1da2d3 (Caused by SSLError(SSLError(1, '[SSL: SSLV3_ALERT_HANDSHAKE_FAILURE] sslv3 alert handshake failure (_ssl.c:1131)')))


During handling of the above exception, another exception occurred:


Traceback (most recent call last):

  File "/usr/lib/python3.8/threading.py", line 890, in _bootstrap
    self._bootstrap_inner()
    │    └ <function Thread._bootstrap_inner at 0x7fe19fdaaa60>
    └ <Thread(Thread-2, started daemon 140606270039808)>
  File "/usr/lib/python3.8/threading.py", line 932, in _bootstrap_inner
    self.run()
    │    └ <function Thread.run at 0x7fe19fdaa790>
    └ <Thread(Thread-2, started daemon 140606270039808)>
  File "/usr/lib/python3.8/threading.py", line 870, in run
    self._target(*self._args, **self._kwargs)
    │    │        │    │        │    └ {}
    │    │        │    │        └ <Thread(Thread-2, started daemon 140606270039808)>
    │    │        │    └ ('ProjectManager.run_func_by_thread',)
    │    │        └ <Thread(Thread-2, started daemon 140606270039808)>
    │    └ <bound method ProjectManager.get_request_from_keywords_hot of <monitor.projectManager.ProjectManager object at 0x7fe1781243a0>>
    └ <Thread(Thread-2, started daemon 140606270039808)>

  File "/home/users/Scy/yuqing/spider/monitor/projectManager.py", line 806, in get_request_from_keywords_hot
    self.search_spider_manager.crawl_by_keyword(
    │    │                     └ <function SearchSpidersManager.crawl_by_keyword at 0x7fe178127ee0>
    │    └ <monitor.spiderManager.SearchSpidersManager object at 0x7fe173d1a970>
    └ <monitor.projectManager.ProjectManager object at 0x7fe1781243a0>

  File "/home/users/Scy/yuqing/spider/monitor/spiderManager.py", line 118, in crawl_by_keyword
    self.crawl_by_keyword_signal_platform(project_names, platform, keyword, crawl_time, project_times)
    │    │                                │              │         │        │           └ {'default': <monitor.TimeSection object at 0x7fe17806e2e0>}
    │    │                                │              │         │        └ <monitor.TimeSection object at 0x7fe173cbe670>
    │    │                                │              │         └ '斯洛文尼亚议会选出首位女议长'
    │    │                                │              └ '贴吧'
    │    │                                └ ['default']
    │    └ <function SearchSpidersManager.crawl_by_keyword_signal_platform at 0x7fe178128040>
    └ <monitor.spiderManager.SearchSpidersManager object at 0x7fe173d1a970>

  File "/home/users/Scy/yuqing/spider/monitor/spiderManager.py", line 150, in crawl_by_keyword_signal_platform
    requests = self.get_request_from_keyword(platform, keyword_only, **crawl_time.to_dict())
               │    │                        │         │               │          └ <function TimeSection.to_dict at 0x7fe17bd18160>
               │    │                        │         │               └ <monitor.TimeSection object at 0x7fe173cbe670>
               │    │                        │         └ '斯洛文尼亚议会选出首位女议长'
               │    │                        └ '贴吧'
               │    └ <function SearchSpidersManager.get_request_from_keyword at 0x7fe178128160>
               └ <monitor.spiderManager.SearchSpidersManager object at 0x7fe173d1a970>

  File "/home/users/Scy/yuqing/spider/monitor/spiderManager.py", line 214, in get_request_from_keyword
    for request in self.spiders[platform].get_request_from_keyword(headers, search_url, keyword, content_url,
                   │    │       │                                  │        │           │        └ None
                   │    │       │                                  │        │           └ '斯洛文尼亚议会选出首位女议长'
                   │    │       │                                  │        └ <string.Template object at 0x7fe05c482ca0>
                   │    │       │                                  └ {'Connection': 'keep-alive', 'sec-ch-ua': "'Chromium';v='92',' Not A;Brand';v='99', 'Google Chrome';v='92'", 'sec-ch-ua-mobil...
                   │    │       └ '贴吧'
                   │    └ {'凤凰网': <monitor.searchSpiders.ifeng.Ifeng object at 0x7fe173d1ab50>, '头条': <monitor.searchSpiders.toutiao.Toutiao object at ...
                   └ <monitor.spiderManager.SearchSpidersManager object at 0x7fe173d1a970>

> File "/home/users/Scy/yuqing/spider/monitor/searchSpiders/tieba.py", line 22, in get_request_from_keyword
    response = requests.get(url, headers=headers, timeout=50)
               │        │   │            └ {'Connection': 'keep-alive', 'sec-ch-ua': "'Chromium';v='92',' Not A;Brand';v='99', 'Google Chrome';v='92'", 'sec-ch-ua-mobil...
               │        │   └ 'https://tieba.baidu.com/f/search/res?isnew=1&kw=&qw=斯洛文尼亚议会选出首位女议长&rn=10&un=&only_thread=0&sm=1&sd=&ed=&pn=23'
               │        └ <function get at 0x7fe17b6f3430>
               └ <module 'requests' from '/home/chase/.local/lib/python3.8/site-packages/requests/__init__.py'>

  File "/home/chase/.local/lib/python3.8/site-packages/requests/api.py", line 75, in get
    return request('get', url, params=params, **kwargs)
           │              │           │         └ {'headers': {'Connection': 'keep-alive', 'sec-ch-ua': "'Chromium';v='92',' Not A;Brand';v='99', 'Google Chrome';v='92'", 'sec...
           │              │           └ None
           │              └ 'https://tieba.baidu.com/f/search/res?isnew=1&kw=&qw=斯洛文尼亚议会选出首位女议长&rn=10&un=&only_thread=0&sm=1&sd=&ed=&pn=23'
           └ <function request at 0x7fe17b6e7280>
  File "/home/chase/.local/lib/python3.8/site-packages/requests/api.py", line 61, in request
    return session.request(method=method, url=url, **kwargs)
           │       │              │           │      └ {'params': None, 'headers': {'Connection': 'keep-alive', 'sec-ch-ua': "'Chromium';v='92',' Not A;Brand';v='99', 'Google Chrom...
           │       │              │           └ 'https://tieba.baidu.com/f/search/res?isnew=1&kw=&qw=斯洛文尼亚议会选出首位女议长&rn=10&un=&only_thread=0&sm=1&sd=&ed=&pn=23'
           │       │              └ 'get'
           │       └ <function Session.request at 0x7fe17b6fbb80>
           └ <requests.sessions.Session object at 0x7fe05c656f40>
  File "/home/chase/.local/lib/python3.8/site-packages/requests/sessions.py", line 542, in request
    resp = self.send(prep, **send_kwargs)
           │    │    │       └ {'timeout': 50, 'allow_redirects': True, 'verify': True, 'proxies': OrderedDict(), 'stream': False, 'cert': None}
           │    │    └ <PreparedRequest [GET]>
           │    └ <function Session.send at 0x7fe17b6f3040>
           └ <requests.sessions.Session object at 0x7fe05c656f40>
  File "/home/chase/.local/lib/python3.8/site-packages/requests/sessions.py", line 677, in send
    history = [resp for resp in gen]
                                └ <generator object SessionRedirectMixin.resolve_redirects at 0x7fe084041ba0>
  File "/home/chase/.local/lib/python3.8/site-packages/requests/sessions.py", line 677, in <listcomp>
    history = [resp for resp in gen]
  File "/home/chase/.local/lib/python3.8/site-packages/requests/sessions.py", line 237, in resolve_redirects
    resp = self.send(
           │    └ <function Session.send at 0x7fe17b6f3040>
           └ <requests.sessions.Session object at 0x7fe05c656f40>
  File "/home/chase/.local/lib/python3.8/site-packages/requests/sessions.py", line 655, in send
    r = adapter.send(request, **kwargs)
        │       │    │          └ {'stream': False, 'timeout': 50, 'verify': True, 'cert': None, 'proxies': OrderedDict()}
        │       │    └ <PreparedRequest [GET]>
        │       └ <function HTTPAdapter.send at 0x7fe17b6fb4c0>
        └ <requests.adapters.HTTPAdapter object at 0x7fe084173dc0>
  File "/home/chase/.local/lib/python3.8/site-packages/requests/adapters.py", line 514, in send
    raise SSLError(e, request=request)
          │                   └ <PreparedRequest [GET]>
          └ <class 'requests.exceptions.SSLError'>

requests.exceptions.SSLError: HTTPSConnectionPool(host='wappass.baidu.com', port=443): Max retries exceeded with url: /static/captcha/tuxing.html?ak=2ef521ec36290baed33d66de9b16f625&backurl=http%3A%2F%2Ftieba.baidu.com%2Ff%2Fsearch%2Fres%3Fisnew%3D1%26kw%3D%26qw%3D%25E6%2596%25AF%25E6%25B4%259B%25E6%2596%2587%25E5%25B0%25BC%25E4%25BA%259A%25E8%25AE%25AE%25E4%25BC%259A%25E9%2580%2589%25E5%2587%25BA%25E9%25A6%2596%25E4%25BD%258D%25E5%25A5%25B3%25E8%25AE%25AE%25E9%2595%25BF%26rn%3D10%26un%3D%26only_thread%3D0%26sm%3D1%26sd%3D%26ed%3D%26pn%3D23&timestamp=1653097590&signature=8129d3476d7d554aaa3e533bdc1da2d3 (Caused by SSLError(SSLError(1, '[SSL: SSLV3_ALERT_HANDSHAKE_FAILURE] sslv3 alert handshake failure (_ssl.c:1131)')))
2022-05-21 09:49:10.907 | ERROR    | monitor.searchSpiders.tieba:get_request_from_keyword:34 - E 贴吧错误HTTPSConnectionPool(host='wappass.baidu.com', port=443): Max retries exceeded with url: /static/captcha/tuxing.html?ak=2ef521ec36290baed33d66de9b16f625&backurl=http%3A%2F%2Ftieba.baidu.com%2Ff%2Fsearch%2Fres%3Fisnew%3D1%26kw%3D%26qw%3D%25E7%2589%25B9%25E7%25A8%25BF%25EF%25BC%259A%25E5%2580%2592%25E5%25B1%25A3%25E7%259B%25B8%25E8%25BF%258E%25E7%25BB%2588%25E6%259C%2589%25E6%259C%259F%25E2%2580%2594%25E2%2580%2594%25E6%25AC%25A7%25E6%25B4%25B2%25E9%25A5%25B1%25E5%25B0%259D%25E9%259A%25BE%25E6%25B0%2591%25E5%258D%25B1%25E6%259C%25BA%25E8%258B%25A6%25E6%259E%259C%26rn%3D10%26un%3D%26only_thread%3D0%26sm%3D1%26sd%3D%26ed%3D%26pn%3D1&timestamp=1653097750&signature=7aec4837559426900b4f9d22d34439b4 (Caused by SSLError(SSLError(1, '[SSL: SSLV3_ALERT_HANDSHAKE_FAILURE] sslv3 alert handshake failure (_ssl.c:1131)')))
Traceback (most recent call last):

  File "/home/chase/.local/lib/python3.8/site-packages/urllib3/connectionpool.py", line 699, in urlopen
    httplib_response = self._make_request(
                       │    └ <function HTTPConnectionPool._make_request at 0x7fe17b87fca0>
                       └ <urllib3.connectionpool.HTTPSConnectionPool object at 0x7fe03c649eb0>
  File "/home/chase/.local/lib/python3.8/site-packages/urllib3/connectionpool.py", line 382, in _make_request
    self._validate_conn(conn)
    │    │              └ <urllib3.connection.HTTPSConnection object at 0x7fe08419e430>
    │    └ <function HTTPSConnectionPool._validate_conn at 0x7fe17b8801f0>
    └ <urllib3.connectionpool.HTTPSConnectionPool object at 0x7fe03c649eb0>
  File "/home/chase/.local/lib/python3.8/site-packages/urllib3/connectionpool.py", line 1010, in _validate_conn
    conn.connect()
    │    └ <function HTTPSConnection.connect at 0x7fe17b8ee8b0>
    └ <urllib3.connection.HTTPSConnection object at 0x7fe08419e430>
  File "/home/chase/.local/lib/python3.8/site-packages/urllib3/connection.py", line 416, in connect
    self.sock = ssl_wrap_socket(
    │    │      └ <function ssl_wrap_socket at 0x7fe17b8e85e0>
    │    └ None
    └ <urllib3.connection.HTTPSConnection object at 0x7fe08419e430>
  File "/home/chase/.local/lib/python3.8/site-packages/urllib3/util/ssl_.py", line 449, in ssl_wrap_socket
    ssl_sock = _ssl_wrap_socket_impl(
               └ <function _ssl_wrap_socket_impl at 0x7fe17b8e8790>
  File "/home/chase/.local/lib/python3.8/site-packages/urllib3/util/ssl_.py", line 493, in _ssl_wrap_socket_impl
    return ssl_context.wrap_socket(sock, server_hostname=server_hostname)
           │           │           │                     └ 'wappass.baidu.com'
           │           │           └ <socket.socket [closed] fd=-1, family=AddressFamily.AF_INET, type=SocketKind.SOCK_STREAM, proto=6>
           │           └ <function SSLContext.wrap_socket at 0x7fe191606e50>
           └ <ssl.SSLContext object at 0x7fe03c5d3a40>
  File "/usr/lib/python3.8/ssl.py", line 500, in wrap_socket
    return self.sslsocket_class._create(
           │    │               └ <classmethod object at 0x7fe19cd4db50>
           │    └ <class 'ssl.SSLSocket'>
           └ <ssl.SSLContext object at 0x7fe03c5d3a40>
  File "/usr/lib/python3.8/ssl.py", line 1040, in _create
    self.do_handshake()
    │    └ <function SSLSocket.do_handshake at 0x7fe19cd50d30>
    └ <ssl.SSLSocket [closed] fd=-1, family=AddressFamily.AF_INET, type=SocketKind.SOCK_STREAM, proto=6>
  File "/usr/lib/python3.8/ssl.py", line 1309, in do_handshake
    self._sslobj.do_handshake()
    │    └ None
    └ <ssl.SSLSocket [closed] fd=-1, family=AddressFamily.AF_INET, type=SocketKind.SOCK_STREAM, proto=6>

ssl.SSLError: [SSL: SSLV3_ALERT_HANDSHAKE_FAILURE] sslv3 alert handshake failure (_ssl.c:1131)


During handling of the above exception, another exception occurred:


Traceback (most recent call last):

  File "/home/chase/.local/lib/python3.8/site-packages/requests/adapters.py", line 439, in send
    resp = conn.urlopen(
           │    └ <function HTTPConnectionPool.urlopen at 0x7fe17b87fee0>
           └ <urllib3.connectionpool.HTTPSConnectionPool object at 0x7fe03c649eb0>
  File "/home/chase/.local/lib/python3.8/site-packages/urllib3/connectionpool.py", line 755, in urlopen
    retries = retries.increment(
              │       └ <function Retry.increment at 0x7fe17b8c21f0>
              └ Retry(total=0, connect=None, read=False, redirect=None, status=None)
  File "/home/chase/.local/lib/python3.8/site-packages/urllib3/util/retry.py", line 574, in increment
    raise MaxRetryError(_pool, url, error or ResponseError(cause))
          │             │      │    │        │             └ 'unknown'
          │             │      │    │        └ <class 'urllib3.exceptions.ResponseError'>
          │             │      │    └ SSLError(SSLError(1, '[SSL: SSLV3_ALERT_HANDSHAKE_FAILURE] sslv3 alert handshake failure (_ssl.c:1131)'))
          │             │      └ '/static/captcha/tuxing.html?ak=2ef521ec36290baed33d66de9b16f625&backurl=http%3A%2F%2Ftieba.baidu.com%2Ff%2Fsearch%2Fres%3Fis...
          │             └ <urllib3.connectionpool.HTTPSConnectionPool object at 0x7fe03c649eb0>
          └ <class 'urllib3.exceptions.MaxRetryError'>

urllib3.exceptions.MaxRetryError: HTTPSConnectionPool(host='wappass.baidu.com', port=443): Max retries exceeded with url: /static/captcha/tuxing.html?ak=2ef521ec36290baed33d66de9b16f625&backurl=http%3A%2F%2Ftieba.baidu.com%2Ff%2Fsearch%2Fres%3Fisnew%3D1%26kw%3D%26qw%3D%25E7%2589%25B9%25E7%25A8%25BF%25EF%25BC%259A%25E5%2580%2592%25E5%25B1%25A3%25E7%259B%25B8%25E8%25BF%258E%25E7%25BB%2588%25E6%259C%2589%25E6%259C%259F%25E2%2580%2594%25E2%2580%2594%25E6%25AC%25A7%25E6%25B4%25B2%25E9%25A5%25B1%25E5%25B0%259D%25E9%259A%25BE%25E6%25B0%2591%25E5%258D%25B1%25E6%259C%25BA%25E8%258B%25A6%25E6%259E%259C%26rn%3D10%26un%3D%26only_thread%3D0%26sm%3D1%26sd%3D%26ed%3D%26pn%3D1&timestamp=1653097750&signature=7aec4837559426900b4f9d22d34439b4 (Caused by SSLError(SSLError(1, '[SSL: SSLV3_ALERT_HANDSHAKE_FAILURE] sslv3 alert handshake failure (_ssl.c:1131)')))


During handling of the above exception, another exception occurred:


Traceback (most recent call last):

  File "/usr/lib/python3.8/threading.py", line 890, in _bootstrap
    self._bootstrap_inner()
    │    └ <function Thread._bootstrap_inner at 0x7fe19fdaaa60>
    └ <Thread(Thread-51, started daemon 140601089570560)>
  File "/usr/lib/python3.8/threading.py", line 932, in _bootstrap_inner
    self.run()
    │    └ <function Thread.run at 0x7fe19fdaa790>
    └ <Thread(Thread-51, started daemon 140601089570560)>
  File "/usr/lib/python3.8/threading.py", line 870, in run
    self._target(*self._args, **self._kwargs)
    │    │        │    │        │    └ {}
    │    │        │    │        └ <Thread(Thread-51, started daemon 140601089570560)>
    │    │        │    └ ('ProjectManager.run_func_by_thread',)
    │    │        └ <Thread(Thread-51, started daemon 140601089570560)>
    │    └ <bound method ProjectManager.get_request_from_keywords_hot of <monitor.projectManager.ProjectManager object at 0x7fe1781243a0>>
    └ <Thread(Thread-51, started daemon 140601089570560)>

  File "/home/users/Scy/yuqing/spider/monitor/projectManager.py", line 806, in get_request_from_keywords_hot
    self.search_spider_manager.crawl_by_keyword(
    │    │                     └ <function SearchSpidersManager.crawl_by_keyword at 0x7fe178127ee0>
    │    └ <monitor.spiderManager.SearchSpidersManager object at 0x7fe173d1a970>
    └ <monitor.projectManager.ProjectManager object at 0x7fe1781243a0>

  File "/home/users/Scy/yuqing/spider/monitor/spiderManager.py", line 118, in crawl_by_keyword
    self.crawl_by_keyword_signal_platform(project_names, platform, keyword, crawl_time, project_times)
    │    │                                │              │         │        │           └ {'default': <monitor.TimeSection object at 0x7fe17806e2e0>}
    │    │                                │              │         │        └ <monitor.TimeSection object at 0x7fe170b3a490>
    │    │                                │              │         └ '特稿：倒屣相迎终有期——欧洲饱尝难民危机苦果'
    │    │                                │              └ '贴吧'
    │    │                                └ ['default']
    │    └ <function SearchSpidersManager.crawl_by_keyword_signal_platform at 0x7fe178128040>
    └ <monitor.spiderManager.SearchSpidersManager object at 0x7fe173d1a970>

  File "/home/users/Scy/yuqing/spider/monitor/spiderManager.py", line 150, in crawl_by_keyword_signal_platform
    requests = self.get_request_from_keyword(platform, keyword_only, **crawl_time.to_dict())
               │    │                        │         │               │          └ <function TimeSection.to_dict at 0x7fe17bd18160>
               │    │                        │         │               └ <monitor.TimeSection object at 0x7fe170b3a490>
               │    │                        │         └ '特稿：倒屣相迎终有期——欧洲饱尝难民危机苦果'
               │    │                        └ '贴吧'
               │    └ <function SearchSpidersManager.get_request_from_keyword at 0x7fe178128160>
               └ <monitor.spiderManager.SearchSpidersManager object at 0x7fe173d1a970>

  File "/home/users/Scy/yuqing/spider/monitor/spiderManager.py", line 214, in get_request_from_keyword
    for request in self.spiders[platform].get_request_from_keyword(headers, search_url, keyword, content_url,
                   │    │       │                                  │        │           │        └ None
                   │    │       │                                  │        │           └ '特稿：倒屣相迎终有期——欧洲饱尝难民危机苦果'
                   │    │       │                                  │        └ <string.Template object at 0x7fe03c5a4820>
                   │    │       │                                  └ {'Connection': 'keep-alive', 'sec-ch-ua': "'Chromium';v='92',' Not A;Brand';v='99', 'Google Chrome';v='92'", 'sec-ch-ua-mobil...
                   │    │       └ '贴吧'
                   │    └ {'凤凰网': <monitor.searchSpiders.ifeng.Ifeng object at 0x7fe173d1ab50>, '头条': <monitor.searchSpiders.toutiao.Toutiao object at ...
                   └ <monitor.spiderManager.SearchSpidersManager object at 0x7fe173d1a970>

> File "/home/users/Scy/yuqing/spider/monitor/searchSpiders/tieba.py", line 22, in get_request_from_keyword
    response = requests.get(url, headers=headers, timeout=50)
               │        │   │            └ {'Connection': 'keep-alive', 'sec-ch-ua': "'Chromium';v='92',' Not A;Brand';v='99', 'Google Chrome';v='92'", 'sec-ch-ua-mobil...
               │        │   └ 'https://tieba.baidu.com/f/search/res?isnew=1&kw=&qw=特稿：倒屣相迎终有期——欧洲饱尝难民危机苦果&rn=10&un=&only_thread=0&sm=1&sd=&ed=&pn=1'
               │        └ <function get at 0x7fe17b6f3430>
               └ <module 'requests' from '/home/chase/.local/lib/python3.8/site-packages/requests/__init__.py'>

  File "/home/chase/.local/lib/python3.8/site-packages/requests/api.py", line 75, in get
    return request('get', url, params=params, **kwargs)
           │              │           │         └ {'headers': {'Connection': 'keep-alive', 'sec-ch-ua': "'Chromium';v='92',' Not A;Brand';v='99', 'Google Chrome';v='92'", 'sec...
           │              │           └ None
           │              └ 'https://tieba.baidu.com/f/search/res?isnew=1&kw=&qw=特稿：倒屣相迎终有期——欧洲饱尝难民危机苦果&rn=10&un=&only_thread=0&sm=1&sd=&ed=&pn=1'
           └ <function request at 0x7fe17b6e7280>
  File "/home/chase/.local/lib/python3.8/site-packages/requests/api.py", line 61, in request
    return session.request(method=method, url=url, **kwargs)
           │       │              │           │      └ {'params': None, 'headers': {'Connection': 'keep-alive', 'sec-ch-ua': "'Chromium';v='92',' Not A;Brand';v='99', 'Google Chrom...
           │       │              │           └ 'https://tieba.baidu.com/f/search/res?isnew=1&kw=&qw=特稿：倒屣相迎终有期——欧洲饱尝难民危机苦果&rn=10&un=&only_thread=0&sm=1&sd=&ed=&pn=1'
           │       │              └ 'get'
           │       └ <function Session.request at 0x7fe17b6fbb80>
           └ <requests.sessions.Session object at 0x7fe03c42b580>
  File "/home/chase/.local/lib/python3.8/site-packages/requests/sessions.py", line 542, in request
    resp = self.send(prep, **send_kwargs)
           │    │    │       └ {'timeout': 50, 'allow_redirects': True, 'verify': True, 'proxies': OrderedDict(), 'stream': False, 'cert': None}
           │    │    └ <PreparedRequest [GET]>
           │    └ <function Session.send at 0x7fe17b6f3040>
           └ <requests.sessions.Session object at 0x7fe03c42b580>
  File "/home/chase/.local/lib/python3.8/site-packages/requests/sessions.py", line 677, in send
    history = [resp for resp in gen]
                                └ <generator object SessionRedirectMixin.resolve_redirects at 0x7fe05c4d70b0>
  File "/home/chase/.local/lib/python3.8/site-packages/requests/sessions.py", line 677, in <listcomp>
    history = [resp for resp in gen]
  File "/home/chase/.local/lib/python3.8/site-packages/requests/sessions.py", line 237, in resolve_redirects
    resp = self.send(
           │    └ <function Session.send at 0x7fe17b6f3040>
           └ <requests.sessions.Session object at 0x7fe03c42b580>
  File "/home/chase/.local/lib/python3.8/site-packages/requests/sessions.py", line 655, in send
    r = adapter.send(request, **kwargs)
        │       │    │          └ {'stream': False, 'timeout': 50, 'verify': True, 'cert': None, 'proxies': OrderedDict()}
        │       │    └ <PreparedRequest [GET]>
        │       └ <function HTTPAdapter.send at 0x7fe17b6fb4c0>
        └ <requests.adapters.HTTPAdapter object at 0x7fe17d1f7610>
  File "/home/chase/.local/lib/python3.8/site-packages/requests/adapters.py", line 514, in send
    raise SSLError(e, request=request)
          │                   └ <PreparedRequest [GET]>
          └ <class 'requests.exceptions.SSLError'>

requests.exceptions.SSLError: HTTPSConnectionPool(host='wappass.baidu.com', port=443): Max retries exceeded with url: /static/captcha/tuxing.html?ak=2ef521ec36290baed33d66de9b16f625&backurl=http%3A%2F%2Ftieba.baidu.com%2Ff%2Fsearch%2Fres%3Fisnew%3D1%26kw%3D%26qw%3D%25E7%2589%25B9%25E7%25A8%25BF%25EF%25BC%259A%25E5%2580%2592%25E5%25B1%25A3%25E7%259B%25B8%25E8%25BF%258E%25E7%25BB%2588%25E6%259C%2589%25E6%259C%259F%25E2%2580%2594%25E2%2580%2594%25E6%25AC%25A7%25E6%25B4%25B2%25E9%25A5%25B1%25E5%25B0%259D%25E9%259A%25BE%25E6%25B0%2591%25E5%258D%25B1%25E6%259C%25BA%25E8%258B%25A6%25E6%259E%259C%26rn%3D10%26un%3D%26only_thread%3D0%26sm%3D1%26sd%3D%26ed%3D%26pn%3D1&timestamp=1653097750&signature=7aec4837559426900b4f9d22d34439b4 (Caused by SSLError(SSLError(1, '[SSL: SSLV3_ALERT_HANDSHAKE_FAILURE] sslv3 alert handshake failure (_ssl.c:1131)')))
2022-05-21 10:00:10.343 | ERROR    | monitor.searchSpiders.tieba:get_request_from_keyword:34 - E 贴吧错误HTTPSConnectionPool(host='wappass.baidu.com', port=443): Max retries exceeded with url: /static/captcha/tuxing.html?ak=2ef521ec36290baed33d66de9b16f625&backurl=http%3A%2F%2Ftieba.baidu.com%2Ff%2Fsearch%2Fres%3Fisnew%3D1%26kw%3D%26qw%3D%25E9%2587%2591%25E7%25A0%2596%25E5%259B%25BD%25E5%25AE%25B6%25E5%2580%25A1%25E8%25AE%25AE%25E5%258F%2591%25E6%258C%25A5%25E4%25BC%25A0%25E7%25BB%259F%25E5%258C%25BB%25E5%25AD%25A6%25E4%25BC%2598%25E5%258A%25BF%25E6%258A%2597%25E5%2587%25BB%25E7%2596%25AB%25E6%2583%2585%26rn%3D10%26un%3D%26only_thread%3D0%26sm%3D1%26sd%3D%26ed%3D%26pn%3D14&timestamp=1653098410&signature=1ee28b66e48c8c1f6e7674d12fccfd09 (Caused by SSLError(SSLError(1, '[SSL: SSLV3_ALERT_HANDSHAKE_FAILURE] sslv3 alert handshake failure (_ssl.c:1131)')))
Traceback (most recent call last):

  File "/home/chase/.local/lib/python3.8/site-packages/urllib3/connectionpool.py", line 699, in urlopen
    httplib_response = self._make_request(
                       │    └ <function HTTPConnectionPool._make_request at 0x7fa2c33033a0>
                       └ <urllib3.connectionpool.HTTPSConnectionPool object at 0x7fa2b960aeb0>
  File "/home/chase/.local/lib/python3.8/site-packages/urllib3/connectionpool.py", line 382, in _make_request
    self._validate_conn(conn)
    │    │              └ <urllib3.connection.HTTPSConnection object at 0x7fa2b960a100>
    │    └ <function HTTPSConnectionPool._validate_conn at 0x7fa2c33038b0>
    └ <urllib3.connectionpool.HTTPSConnectionPool object at 0x7fa2b960aeb0>
  File "/home/chase/.local/lib/python3.8/site-packages/urllib3/connectionpool.py", line 1010, in _validate_conn
    conn.connect()
    │    └ <function HTTPSConnection.connect at 0x7fa2c3372f70>
    └ <urllib3.connection.HTTPSConnection object at 0x7fa2b960a100>
  File "/home/chase/.local/lib/python3.8/site-packages/urllib3/connection.py", line 416, in connect
    self.sock = ssl_wrap_socket(
    │    │      └ <function ssl_wrap_socket at 0x7fa2c336dca0>
    │    └ None
    └ <urllib3.connection.HTTPSConnection object at 0x7fa2b960a100>
  File "/home/chase/.local/lib/python3.8/site-packages/urllib3/util/ssl_.py", line 449, in ssl_wrap_socket
    ssl_sock = _ssl_wrap_socket_impl(
               └ <function _ssl_wrap_socket_impl at 0x7fa2c336de50>
  File "/home/chase/.local/lib/python3.8/site-packages/urllib3/util/ssl_.py", line 493, in _ssl_wrap_socket_impl
    return ssl_context.wrap_socket(sock, server_hostname=server_hostname)
           │           │           │                     └ 'wappass.baidu.com'
           │           │           └ <socket.socket [closed] fd=-1, family=AddressFamily.AF_INET, type=SocketKind.SOCK_STREAM, proto=6>
           │           └ <function SSLContext.wrap_socket at 0x7fa2d9088e50>
           └ <ssl.SSLContext object at 0x7fa2b8552c40>
  File "/usr/lib/python3.8/ssl.py", line 500, in wrap_socket
    return self.sslsocket_class._create(
           │    │               └ <classmethod object at 0x7fa2e47cfb50>
           │    └ <class 'ssl.SSLSocket'>
           └ <ssl.SSLContext object at 0x7fa2b8552c40>
  File "/usr/lib/python3.8/ssl.py", line 1040, in _create
    self.do_handshake()
    │    └ <function SSLSocket.do_handshake at 0x7fa2e47d2d30>
    └ <ssl.SSLSocket [closed] fd=-1, family=AddressFamily.AF_INET, type=SocketKind.SOCK_STREAM, proto=6>
  File "/usr/lib/python3.8/ssl.py", line 1309, in do_handshake
    self._sslobj.do_handshake()
    │    └ None
    └ <ssl.SSLSocket [closed] fd=-1, family=AddressFamily.AF_INET, type=SocketKind.SOCK_STREAM, proto=6>

ssl.SSLError: [SSL: SSLV3_ALERT_HANDSHAKE_FAILURE] sslv3 alert handshake failure (_ssl.c:1131)


During handling of the above exception, another exception occurred:


Traceback (most recent call last):

  File "/home/chase/.local/lib/python3.8/site-packages/requests/adapters.py", line 439, in send
    resp = conn.urlopen(
           │    └ <function HTTPConnectionPool.urlopen at 0x7fa2c33035e0>
           └ <urllib3.connectionpool.HTTPSConnectionPool object at 0x7fa2b960aeb0>
  File "/home/chase/.local/lib/python3.8/site-packages/urllib3/connectionpool.py", line 755, in urlopen
    retries = retries.increment(
              │       └ <function Retry.increment at 0x7fa2c33458b0>
              └ Retry(total=0, connect=None, read=False, redirect=None, status=None)
  File "/home/chase/.local/lib/python3.8/site-packages/urllib3/util/retry.py", line 574, in increment
    raise MaxRetryError(_pool, url, error or ResponseError(cause))
          │             │      │    │        │             └ 'unknown'
          │             │      │    │        └ <class 'urllib3.exceptions.ResponseError'>
          │             │      │    └ SSLError(SSLError(1, '[SSL: SSLV3_ALERT_HANDSHAKE_FAILURE] sslv3 alert handshake failure (_ssl.c:1131)'))
          │             │      └ '/static/captcha/tuxing.html?ak=2ef521ec36290baed33d66de9b16f625&backurl=http%3A%2F%2Ftieba.baidu.com%2Ff%2Fsearch%2Fres%3Fis...
          │             └ <urllib3.connectionpool.HTTPSConnectionPool object at 0x7fa2b960aeb0>
          └ <class 'urllib3.exceptions.MaxRetryError'>

urllib3.exceptions.MaxRetryError: HTTPSConnectionPool(host='wappass.baidu.com', port=443): Max retries exceeded with url: /static/captcha/tuxing.html?ak=2ef521ec36290baed33d66de9b16f625&backurl=http%3A%2F%2Ftieba.baidu.com%2Ff%2Fsearch%2Fres%3Fisnew%3D1%26kw%3D%26qw%3D%25E9%2587%2591%25E7%25A0%2596%25E5%259B%25BD%25E5%25AE%25B6%25E5%2580%25A1%25E8%25AE%25AE%25E5%258F%2591%25E6%258C%25A5%25E4%25BC%25A0%25E7%25BB%259F%25E5%258C%25BB%25E5%25AD%25A6%25E4%25BC%2598%25E5%258A%25BF%25E6%258A%2597%25E5%2587%25BB%25E7%2596%25AB%25E6%2583%2585%26rn%3D10%26un%3D%26only_thread%3D0%26sm%3D1%26sd%3D%26ed%3D%26pn%3D14&timestamp=1653098410&signature=1ee28b66e48c8c1f6e7674d12fccfd09 (Caused by SSLError(SSLError(1, '[SSL: SSLV3_ALERT_HANDSHAKE_FAILURE] sslv3 alert handshake failure (_ssl.c:1131)')))


During handling of the above exception, another exception occurred:


Traceback (most recent call last):

  File "/usr/lib/python3.8/threading.py", line 890, in _bootstrap
    self._bootstrap_inner()
    │    └ <function Thread._bootstrap_inner at 0x7fa2e782ca60>
    └ <Thread(Thread-10, started daemon 140332419249920)>
  File "/usr/lib/python3.8/threading.py", line 932, in _bootstrap_inner
    self.run()
    │    └ <function Thread.run at 0x7fa2e782c790>
    └ <Thread(Thread-10, started daemon 140332419249920)>
  File "/usr/lib/python3.8/threading.py", line 870, in run
    self._target(*self._args, **self._kwargs)
    │    │        │    │        │    └ {}
    │    │        │    │        └ <Thread(Thread-10, started daemon 140332419249920)>
    │    │        │    └ ('ProjectManager.run_func_by_thread',)
    │    │        └ <Thread(Thread-10, started daemon 140332419249920)>
    │    └ <bound method ProjectManager.get_request_from_keywords_hot of <monitor.projectManager.ProjectManager object at 0x7fa2bbb5fc70>>
    └ <Thread(Thread-10, started daemon 140332419249920)>

  File "/home/users/Scy/yuqing/spider/monitor/projectManager.py", line 806, in get_request_from_keywords_hot
    self.search_spider_manager.crawl_by_keyword(
    │    │                     └ <function SearchSpidersManager.crawl_by_keyword at 0x7fa2bbb6dee0>
    │    └ <monitor.spiderManager.SearchSpidersManager object at 0x7fa2bb7944c0>
    └ <monitor.projectManager.ProjectManager object at 0x7fa2bbb5fc70>

  File "/home/users/Scy/yuqing/spider/monitor/spiderManager.py", line 118, in crawl_by_keyword
    self.crawl_by_keyword_signal_platform(project_names, platform, keyword, crawl_time, project_times)
    │    │                                │              │         │        │           └ {'default': <monitor.TimeSection object at 0x7fa2bb845f70>}
    │    │                                │              │         │        └ <monitor.TimeSection object at 0x7fa2b95fe340>
    │    │                                │              │         └ '金砖国家倡议发挥传统医学优势抗击疫情'
    │    │                                │              └ '贴吧'
    │    │                                └ ['default']
    │    └ <function SearchSpidersManager.crawl_by_keyword_signal_platform at 0x7fa2bbb6e040>
    └ <monitor.spiderManager.SearchSpidersManager object at 0x7fa2bb7944c0>

  File "/home/users/Scy/yuqing/spider/monitor/spiderManager.py", line 150, in crawl_by_keyword_signal_platform
    requests = self.get_request_from_keyword(platform, keyword_only, **crawl_time.to_dict())
               │    │                        │         │               │          └ <function TimeSection.to_dict at 0x7fa2c3799160>
               │    │                        │         │               └ <monitor.TimeSection object at 0x7fa2b95fe340>
               │    │                        │         └ '金砖国家倡议发挥传统医学优势抗击疫情'
               │    │                        └ '贴吧'
               │    └ <function SearchSpidersManager.get_request_from_keyword at 0x7fa2bbb6e160>
               └ <monitor.spiderManager.SearchSpidersManager object at 0x7fa2bb7944c0>

  File "/home/users/Scy/yuqing/spider/monitor/spiderManager.py", line 214, in get_request_from_keyword
    for request in self.spiders[platform].get_request_from_keyword(headers, search_url, keyword, content_url,
                   │    │       │                                  │        │           │        └ None
                   │    │       │                                  │        │           └ '金砖国家倡议发挥传统医学优势抗击疫情'
                   │    │       │                                  │        └ <string.Template object at 0x7fa2b847eee0>
                   │    │       │                                  └ {'Connection': 'keep-alive', 'sec-ch-ua': "'Chromium';v='92',' Not A;Brand';v='99', 'Google Chrome';v='92'", 'sec-ch-ua-mobil...
                   │    │       └ '贴吧'
                   │    └ {'凤凰网': <monitor.searchSpiders.ifeng.Ifeng object at 0x7fa2bb794280>, '头条': <monitor.searchSpiders.toutiao.Toutiao object at ...
                   └ <monitor.spiderManager.SearchSpidersManager object at 0x7fa2bb7944c0>

> File "/home/users/Scy/yuqing/spider/monitor/searchSpiders/tieba.py", line 22, in get_request_from_keyword
    response = requests.get(url, headers=headers, timeout=50)
               │        │   │            └ {'Connection': 'keep-alive', 'sec-ch-ua': "'Chromium';v='92',' Not A;Brand';v='99', 'Google Chrome';v='92'", 'sec-ch-ua-mobil...
               │        │   └ 'https://tieba.baidu.com/f/search/res?isnew=1&kw=&qw=金砖国家倡议发挥传统医学优势抗击疫情&rn=10&un=&only_thread=0&sm=1&sd=&ed=&pn=14'
               │        └ <function get at 0x7fa2c3177af0>
               └ <module 'requests' from '/home/chase/.local/lib/python3.8/site-packages/requests/__init__.py'>

  File "/home/chase/.local/lib/python3.8/site-packages/requests/api.py", line 75, in get
    return request('get', url, params=params, **kwargs)
           │              │           │         └ {'headers': {'Connection': 'keep-alive', 'sec-ch-ua': "'Chromium';v='92',' Not A;Brand';v='99', 'Google Chrome';v='92'", 'sec...
           │              │           └ None
           │              └ 'https://tieba.baidu.com/f/search/res?isnew=1&kw=&qw=金砖国家倡议发挥传统医学优势抗击疫情&rn=10&un=&only_thread=0&sm=1&sd=&ed=&pn=14'
           └ <function request at 0x7fa2c316b940>
  File "/home/chase/.local/lib/python3.8/site-packages/requests/api.py", line 61, in request
    return session.request(method=method, url=url, **kwargs)
           │       │              │           │      └ {'params': None, 'headers': {'Connection': 'keep-alive', 'sec-ch-ua': "'Chromium';v='92',' Not A;Brand';v='99', 'Google Chrom...
           │       │              │           └ 'https://tieba.baidu.com/f/search/res?isnew=1&kw=&qw=金砖国家倡议发挥传统医学优势抗击疫情&rn=10&un=&only_thread=0&sm=1&sd=&ed=&pn=14'
           │       │              └ 'get'
           │       └ <function Session.request at 0x7fa2c3177280>
           └ <requests.sessions.Session object at 0x7fa2b847e370>
  File "/home/chase/.local/lib/python3.8/site-packages/requests/sessions.py", line 542, in request
    resp = self.send(prep, **send_kwargs)
           │    │    │       └ {'timeout': 50, 'allow_redirects': True, 'verify': True, 'proxies': OrderedDict(), 'stream': False, 'cert': None}
           │    │    └ <PreparedRequest [GET]>
           │    └ <function Session.send at 0x7fa2c3177700>
           └ <requests.sessions.Session object at 0x7fa2b847e370>
  File "/home/chase/.local/lib/python3.8/site-packages/requests/sessions.py", line 677, in send
    history = [resp for resp in gen]
                                └ <generator object SessionRedirectMixin.resolve_redirects at 0x7fa2b84dbc10>
  File "/home/chase/.local/lib/python3.8/site-packages/requests/sessions.py", line 677, in <listcomp>
    history = [resp for resp in gen]
  File "/home/chase/.local/lib/python3.8/site-packages/requests/sessions.py", line 237, in resolve_redirects
    resp = self.send(
           │    └ <function Session.send at 0x7fa2c3177700>
           └ <requests.sessions.Session object at 0x7fa2b847e370>
  File "/home/chase/.local/lib/python3.8/site-packages/requests/sessions.py", line 655, in send
    r = adapter.send(request, **kwargs)
        │       │    │          └ {'stream': False, 'timeout': 50, 'verify': True, 'cert': None, 'proxies': OrderedDict()}
        │       │    └ <PreparedRequest [GET]>
        │       └ <function HTTPAdapter.send at 0x7fa2c317cb80>
        └ <requests.adapters.HTTPAdapter object at 0x7fa2b9637280>
  File "/home/chase/.local/lib/python3.8/site-packages/requests/adapters.py", line 514, in send
    raise SSLError(e, request=request)
          │                   └ <PreparedRequest [GET]>
          └ <class 'requests.exceptions.SSLError'>

requests.exceptions.SSLError: HTTPSConnectionPool(host='wappass.baidu.com', port=443): Max retries exceeded with url: /static/captcha/tuxing.html?ak=2ef521ec36290baed33d66de9b16f625&backurl=http%3A%2F%2Ftieba.baidu.com%2Ff%2Fsearch%2Fres%3Fisnew%3D1%26kw%3D%26qw%3D%25E9%2587%2591%25E7%25A0%2596%25E5%259B%25BD%25E5%25AE%25B6%25E5%2580%25A1%25E8%25AE%25AE%25E5%258F%2591%25E6%258C%25A5%25E4%25BC%25A0%25E7%25BB%259F%25E5%258C%25BB%25E5%25AD%25A6%25E4%25BC%2598%25E5%258A%25BF%25E6%258A%2597%25E5%2587%25BB%25E7%2596%25AB%25E6%2583%2585%26rn%3D10%26un%3D%26only_thread%3D0%26sm%3D1%26sd%3D%26ed%3D%26pn%3D14&timestamp=1653098410&signature=1ee28b66e48c8c1f6e7674d12fccfd09 (Caused by SSLError(SSLError(1, '[SSL: SSLV3_ALERT_HANDSHAKE_FAILURE] sslv3 alert handshake failure (_ssl.c:1131)')))
