2022-05-15 03:01:20.512 | ERROR    | monitor.searchSpiders.tieba:get_request_from_keyword:34 - E 贴吧错误HTTPSConnectionPool(host='wappass.baidu.com', port=443): Max retries exceeded with url: /static/captcha/tuxing.html?ak=2ef521ec36290baed33d66de9b16f625&backurl=http%3A%2F%2Ftieba.baidu.com%2Ff%2Fsearch%2Fres%3Fisnew%3D1%26kw%3D%26qw%3D%25E4%25BB%258A%25E5%25B9%25B4%25E5%2585%25A8%25E5%259B%25BD%25E5%258A%25A9%25E6%25AE%258B%25E6%2597%25A5%25E5%25B0%2586%25E8%2581%259A%25E7%2584%25A6%25E2%2580%259C%25E4%25BF%2583%25E8%25BF%259B%25E6%25AE%258B%25E7%2596%25BE%25E4%25BA%25BA%25E5%25B0%25B1%25E4%25B8%259A%25EF%25BC%258C%25E4%25BF%259D%25E9%259A%259C%25E6%25AE%258B%25E7%2596%25BE%25E4%25BA%25BA%25E6%259D%2583%25E7%259B%258A%25E2%2580%259D%26rn%3D10%26un%3D%26only_thread%3D0%26sm%3D1%26sd%3D%26ed%3D%26pn%3D7&timestamp=1652554880&signature=797e286d0873f91a41231b89575ba015 (Caused by SSLError(SSLError(1, '[SSL: SSLV3_ALERT_HANDSHAKE_FAILURE] sslv3 alert handshake failure (_ssl.c:1131)')))
Traceback (most recent call last):

  File "/home/chase/.local/lib/python3.8/site-packages/urllib3/connectionpool.py", line 699, in urlopen
    httplib_response = self._make_request(
                       │    └ <function HTTPConnectionPool._make_request at 0x7f9508defc10>
                       └ <urllib3.connectionpool.HTTPSConnectionPool object at 0x7f93c45f6c40>
  File "/home/chase/.local/lib/python3.8/site-packages/urllib3/connectionpool.py", line 382, in _make_request
    self._validate_conn(conn)
    │    │              └ <urllib3.connection.HTTPSConnection object at 0x7f91863c3c10>
    │    └ <function HTTPSConnectionPool._validate_conn at 0x7f9508df1160>
    └ <urllib3.connectionpool.HTTPSConnectionPool object at 0x7f93c45f6c40>
  File "/home/chase/.local/lib/python3.8/site-packages/urllib3/connectionpool.py", line 1010, in _validate_conn
    conn.connect()
    │    └ <function HTTPSConnection.connect at 0x7f9508dde820>
    └ <urllib3.connection.HTTPSConnection object at 0x7f91863c3c10>
  File "/home/chase/.local/lib/python3.8/site-packages/urllib3/connection.py", line 416, in connect
    self.sock = ssl_wrap_socket(
    │    │      └ <function ssl_wrap_socket at 0x7f9508e57550>
    │    └ None
    └ <urllib3.connection.HTTPSConnection object at 0x7f91863c3c10>
  File "/home/chase/.local/lib/python3.8/site-packages/urllib3/util/ssl_.py", line 449, in ssl_wrap_socket
    ssl_sock = _ssl_wrap_socket_impl(
               └ <function _ssl_wrap_socket_impl at 0x7f9508e57700>
  File "/home/chase/.local/lib/python3.8/site-packages/urllib3/util/ssl_.py", line 493, in _ssl_wrap_socket_impl
    return ssl_context.wrap_socket(sock, server_hostname=server_hostname)
           │           │           │                     └ 'wappass.baidu.com'
           │           │           └ <socket.socket [closed] fd=-1, family=AddressFamily.AF_INET, type=SocketKind.SOCK_STREAM, proto=6>
           │           └ <function SSLContext.wrap_socket at 0x7f9529d34dc0>
           └ <ssl.SSLContext object at 0x7f93041cfa40>
  File "/usr/lib/python3.8/ssl.py", line 500, in wrap_socket
    return self.sslsocket_class._create(
           │    │               └ <classmethod object at 0x7f9529d37ac0>
           │    └ <class 'ssl.SSLSocket'>
           └ <ssl.SSLContext object at 0x7f93041cfa40>
  File "/usr/lib/python3.8/ssl.py", line 1040, in _create
    self.do_handshake()
    │    └ <function SSLSocket.do_handshake at 0x7f9529d3cca0>
    └ <ssl.SSLSocket [closed] fd=-1, family=AddressFamily.AF_INET, type=SocketKind.SOCK_STREAM, proto=6>
  File "/usr/lib/python3.8/ssl.py", line 1309, in do_handshake
    self._sslobj.do_handshake()
    │    └ None
    └ <ssl.SSLSocket [closed] fd=-1, family=AddressFamily.AF_INET, type=SocketKind.SOCK_STREAM, proto=6>

ssl.SSLError: [SSL: SSLV3_ALERT_HANDSHAKE_FAILURE] sslv3 alert handshake failure (_ssl.c:1131)


During handling of the above exception, another exception occurred:


Traceback (most recent call last):

  File "/home/chase/.local/lib/python3.8/site-packages/requests/adapters.py", line 439, in send
    resp = conn.urlopen(
           │    └ <function HTTPConnectionPool.urlopen at 0x7f9508defe50>
           └ <urllib3.connectionpool.HTTPSConnectionPool object at 0x7f93c45f6c40>
  File "/home/chase/.local/lib/python3.8/site-packages/urllib3/connectionpool.py", line 755, in urlopen
    retries = retries.increment(
              │       └ <function Retry.increment at 0x7f9508e321f0>
              └ Retry(total=0, connect=None, read=False, redirect=None, status=None)
  File "/home/chase/.local/lib/python3.8/site-packages/urllib3/util/retry.py", line 574, in increment
    raise MaxRetryError(_pool, url, error or ResponseError(cause))
          │             │      │    │        │             └ 'unknown'
          │             │      │    │        └ <class 'urllib3.exceptions.ResponseError'>
          │             │      │    └ SSLError(SSLError(1, '[SSL: SSLV3_ALERT_HANDSHAKE_FAILURE] sslv3 alert handshake failure (_ssl.c:1131)'))
          │             │      └ '/static/captcha/tuxing.html?ak=2ef521ec36290baed33d66de9b16f625&backurl=http%3A%2F%2Ftieba.baidu.com%2Ff%2Fsearch%2Fres%3Fis...
          │             └ <urllib3.connectionpool.HTTPSConnectionPool object at 0x7f93c45f6c40>
          └ <class 'urllib3.exceptions.MaxRetryError'>

urllib3.exceptions.MaxRetryError: HTTPSConnectionPool(host='wappass.baidu.com', port=443): Max retries exceeded with url: /static/captcha/tuxing.html?ak=2ef521ec36290baed33d66de9b16f625&backurl=http%3A%2F%2Ftieba.baidu.com%2Ff%2Fsearch%2Fres%3Fisnew%3D1%26kw%3D%26qw%3D%25E4%25BB%258A%25E5%25B9%25B4%25E5%2585%25A8%25E5%259B%25BD%25E5%258A%25A9%25E6%25AE%258B%25E6%2597%25A5%25E5%25B0%2586%25E8%2581%259A%25E7%2584%25A6%25E2%2580%259C%25E4%25BF%2583%25E8%25BF%259B%25E6%25AE%258B%25E7%2596%25BE%25E4%25BA%25BA%25E5%25B0%25B1%25E4%25B8%259A%25EF%25BC%258C%25E4%25BF%259D%25E9%259A%259C%25E6%25AE%258B%25E7%2596%25BE%25E4%25BA%25BA%25E6%259D%2583%25E7%259B%258A%25E2%2580%259D%26rn%3D10%26un%3D%26only_thread%3D0%26sm%3D1%26sd%3D%26ed%3D%26pn%3D7&timestamp=1652554880&signature=797e286d0873f91a41231b89575ba015 (Caused by SSLError(SSLError(1, '[SSL: SSLV3_ALERT_HANDSHAKE_FAILURE] sslv3 alert handshake failure (_ssl.c:1131)')))


During handling of the above exception, another exception occurred:


Traceback (most recent call last):

  File "/usr/lib/python3.8/threading.py", line 890, in _bootstrap
    self._bootstrap_inner()
    │    └ <function Thread._bootstrap_inner at 0x7f952cd96a60>
    └ <Thread(Thread-6564, started daemon 140264515512064)>
  File "/usr/lib/python3.8/threading.py", line 932, in _bootstrap_inner
    self.run()
    │    └ <function Thread.run at 0x7f952cd96790>
    └ <Thread(Thread-6564, started daemon 140264515512064)>
  File "/usr/lib/python3.8/threading.py", line 870, in run
    self._target(*self._args, **self._kwargs)
    │    │        │    │        │    └ {}
    │    │        │    │        └ <Thread(Thread-6564, started daemon 140264515512064)>
    │    │        │    └ ('ProjectManager.run_func_by_thread',)
    │    │        └ <Thread(Thread-6564, started daemon 140264515512064)>
    │    └ <bound method ProjectManager.get_request_from_keywords_hot of <monitor.projectManager.ProjectManager object at 0x7f9503f344c0>>
    └ <Thread(Thread-6564, started daemon 140264515512064)>

  File "/home/users/Scy/yuqing/spider/monitor/projectManager.py", line 805, in get_request_from_keywords_hot
    self.search_spider_manager.crawl_by_keyword(
    │    │                     └ <function SearchSpidersManager.crawl_by_keyword at 0x7f9500e28ee0>
    │    └ <monitor.spiderManager.SearchSpidersManager object at 0x7f9500a57e20>
    └ <monitor.projectManager.ProjectManager object at 0x7f9503f344c0>

  File "/home/users/Scy/yuqing/spider/monitor/spiderManager.py", line 118, in crawl_by_keyword
    self.crawl_by_keyword_signal_platform(project_names, platform, keyword, crawl_time, project_times)
    │    │                                │              │         │        │           └ {'default': <monitor.TimeSection object at 0x7f9500afdf40>, 'test': <monitor.TimeSection object at 0x7f9500b10fd0>}
    │    │                                │              │         │        └ <monitor.TimeSection object at 0x7f9256465d90>
    │    │                                │              │         └ '今年全国助残日将聚焦“促进残疾人就业，保障残疾人权益”'
    │    │                                │              └ '贴吧'
    │    │                                └ ['default']
    │    └ <function SearchSpidersManager.crawl_by_keyword_signal_platform at 0x7f9500e29040>
    └ <monitor.spiderManager.SearchSpidersManager object at 0x7f9500a57e20>

  File "/home/users/Scy/yuqing/spider/monitor/spiderManager.py", line 150, in crawl_by_keyword_signal_platform
    requests = self.get_request_from_keyword(platform, keyword_only, **crawl_time.to_dict())
               │    │                        │         │               │          └ <function TimeSection.to_dict at 0x7f950b1919d0>
               │    │                        │         │               └ <monitor.TimeSection object at 0x7f9256465d90>
               │    │                        │         └ '今年全国助残日将聚焦“促进残疾人就业，保障残疾人权益”'
               │    │                        └ '贴吧'
               │    └ <function SearchSpidersManager.get_request_from_keyword at 0x7f9500e29160>
               └ <monitor.spiderManager.SearchSpidersManager object at 0x7f9500a57e20>

  File "/home/users/Scy/yuqing/spider/monitor/spiderManager.py", line 214, in get_request_from_keyword
    for request in self.spiders[platform].get_request_from_keyword(headers, search_url, keyword, content_url,
                   │    │       │                                  │        │           │        └ None
                   │    │       │                                  │        │           └ '今年全国助残日将聚焦“促进残疾人就业，保障残疾人权益”'
                   │    │       │                                  │        └ <string.Template object at 0x7f917cbb5850>
                   │    │       │                                  └ {'Connection': 'keep-alive', 'sec-ch-ua': "'Chromium';v='92',' Not A;Brand';v='99', 'Google Chrome';v='92'", 'sec-ch-ua-mobil...
                   │    │       └ '贴吧'
                   │    └ {'凤凰网': <monitor.searchSpiders.ifeng.Ifeng object at 0x7f9500a57040>, '头条': <monitor.searchSpiders.toutiao.Toutiao object at ...
                   └ <monitor.spiderManager.SearchSpidersManager object at 0x7f9500a57e20>

> File "/home/users/Scy/yuqing/spider/monitor/searchSpiders/tieba.py", line 22, in get_request_from_keyword
    response = requests.get(url, headers=headers, timeout=50)
               │        │   │            └ {'Connection': 'keep-alive', 'sec-ch-ua': "'Chromium';v='92',' Not A;Brand';v='99', 'Google Chrome';v='92'", 'sec-ch-ua-mobil...
               │        │   └ 'https://tieba.baidu.com/f/search/res?isnew=1&kw=&qw=今年全国助残日将聚焦“促进残疾人就业，保障残疾人权益”&rn=10&un=&only_thread=0&sm=1&sd=&ed=&pn=7'
               │        └ <function get at 0x7f9508c683a0>
               └ <module 'requests' from '/home/chase/.local/lib/python3.8/site-packages/requests/__init__.py'>

  File "/home/chase/.local/lib/python3.8/site-packages/requests/api.py", line 75, in get
    return request('get', url, params=params, **kwargs)
           │              │           │         └ {'headers': {'Connection': 'keep-alive', 'sec-ch-ua': "'Chromium';v='92',' Not A;Brand';v='99', 'Google Chrome';v='92'", 'sec...
           │              │           └ None
           │              └ 'https://tieba.baidu.com/f/search/res?isnew=1&kw=&qw=今年全国助残日将聚焦“促进残疾人就业，保障残疾人权益”&rn=10&un=&only_thread=0&sm=1&sd=&ed=&pn=7'
           └ <function request at 0x7f9508c5a1f0>
  File "/home/chase/.local/lib/python3.8/site-packages/requests/api.py", line 61, in request
    return session.request(method=method, url=url, **kwargs)
           │       │              │           │      └ {'params': None, 'headers': {'Connection': 'keep-alive', 'sec-ch-ua': "'Chromium';v='92',' Not A;Brand';v='99', 'Google Chrom...
           │       │              │           └ 'https://tieba.baidu.com/f/search/res?isnew=1&kw=&qw=今年全国助残日将聚焦“促进残疾人就业，保障残疾人权益”&rn=10&un=&only_thread=0&sm=1&sd=&ed=&pn=7'
           │       │              └ 'get'
           │       └ <function Session.request at 0x7f9508c70af0>
           └ <requests.sessions.Session object at 0x7f9185869760>
  File "/home/chase/.local/lib/python3.8/site-packages/requests/sessions.py", line 542, in request
    resp = self.send(prep, **send_kwargs)
           │    │    │       └ {'timeout': 50, 'allow_redirects': True, 'verify': True, 'proxies': OrderedDict(), 'stream': False, 'cert': None}
           │    │    └ <PreparedRequest [GET]>
           │    └ <function Session.send at 0x7f9508c70f70>
           └ <requests.sessions.Session object at 0x7f9185869760>
  File "/home/chase/.local/lib/python3.8/site-packages/requests/sessions.py", line 677, in send
    history = [resp for resp in gen]
                                └ <generator object SessionRedirectMixin.resolve_redirects at 0x7f94040b6ac0>
  File "/home/chase/.local/lib/python3.8/site-packages/requests/sessions.py", line 677, in <listcomp>
    history = [resp for resp in gen]
  File "/home/chase/.local/lib/python3.8/site-packages/requests/sessions.py", line 237, in resolve_redirects
    resp = self.send(
           │    └ <function Session.send at 0x7f9508c70f70>
           └ <requests.sessions.Session object at 0x7f9185869760>
  File "/home/chase/.local/lib/python3.8/site-packages/requests/sessions.py", line 655, in send
    r = adapter.send(request, **kwargs)
        │       │    │          └ {'stream': False, 'timeout': 50, 'verify': True, 'cert': None, 'proxies': OrderedDict()}
        │       │    └ <PreparedRequest [GET]>
        │       └ <function HTTPAdapter.send at 0x7f9508c70430>
        └ <requests.adapters.HTTPAdapter object at 0x7f92e444b970>
  File "/home/chase/.local/lib/python3.8/site-packages/requests/adapters.py", line 514, in send
    raise SSLError(e, request=request)
          │                   └ <PreparedRequest [GET]>
          └ <class 'requests.exceptions.SSLError'>

requests.exceptions.SSLError: HTTPSConnectionPool(host='wappass.baidu.com', port=443): Max retries exceeded with url: /static/captcha/tuxing.html?ak=2ef521ec36290baed33d66de9b16f625&backurl=http%3A%2F%2Ftieba.baidu.com%2Ff%2Fsearch%2Fres%3Fisnew%3D1%26kw%3D%26qw%3D%25E4%25BB%258A%25E5%25B9%25B4%25E5%2585%25A8%25E5%259B%25BD%25E5%258A%25A9%25E6%25AE%258B%25E6%2597%25A5%25E5%25B0%2586%25E8%2581%259A%25E7%2584%25A6%25E2%2580%259C%25E4%25BF%2583%25E8%25BF%259B%25E6%25AE%258B%25E7%2596%25BE%25E4%25BA%25BA%25E5%25B0%25B1%25E4%25B8%259A%25EF%25BC%258C%25E4%25BF%259D%25E9%259A%259C%25E6%25AE%258B%25E7%2596%25BE%25E4%25BA%25BA%25E6%259D%2583%25E7%259B%258A%25E2%2580%259D%26rn%3D10%26un%3D%26only_thread%3D0%26sm%3D1%26sd%3D%26ed%3D%26pn%3D7&timestamp=1652554880&signature=797e286d0873f91a41231b89575ba015 (Caused by SSLError(SSLError(1, '[SSL: SSLV3_ALERT_HANDSHAKE_FAILURE] sslv3 alert handshake failure (_ssl.c:1131)')))
2022-05-15 03:13:33.939 | ERROR    | monitor.searchSpiders.tieba:get_request_from_keyword:34 - E 贴吧错误HTTPSConnectionPool(host='wappass.baidu.com', port=443): Max retries exceeded with url: /static/captcha/tuxing.html?ak=2ef521ec36290baed33d66de9b16f625&backurl=http%3A%2F%2Ftieba.baidu.com%2Ff%2Fsearch%2Fres%3Fisnew%3D1%26kw%3D%26qw%3D%25E4%25B8%2596%25E5%258D%25AB%25E7%25BB%2584%25E7%25BB%2587%25EF%25BC%259A%25E9%259D%25A2%25E5%25AF%25B9%25E6%2596%25B0%25E5%258F%2598%25E5%25BC%2582%25E6%2596%25B0%25E5%2586%25A0%25E7%2597%2585%25E6%25AF%2592%2520%25E7%2596%25AB%25E8%258B%2597%25E9%25A2%2584%25E9%2598%25B2%25E9%2587%258D%25E7%2597%2587%25E5%2592%258C%25E6%25AD%25BB%25E4%25BA%25A1%25E4%25BB%258D%25E6%2595%2588%25E6%259E%259C%25E2%2580%25A6%26rn%3D10%26un%3D%26only_thread%3D0%26sm%3D1%26sd%3D%26ed%3D%26pn%3D1&timestamp=1652555613&signature=61200a8623ead949434ceb9e230700e9 (Caused by SSLError(SSLError(1, '[SSL: SSLV3_ALERT_HANDSHAKE_FAILURE] sslv3 alert handshake failure (_ssl.c:1131)')))
Traceback (most recent call last):

  File "/home/chase/.local/lib/python3.8/site-packages/urllib3/connectionpool.py", line 699, in urlopen
    httplib_response = self._make_request(
                       │    └ <function HTTPConnectionPool._make_request at 0x7f9508defc10>
                       └ <urllib3.connectionpool.HTTPSConnectionPool object at 0x7f92841d6190>
  File "/home/chase/.local/lib/python3.8/site-packages/urllib3/connectionpool.py", line 382, in _make_request
    self._validate_conn(conn)
    │    │              └ <urllib3.connection.HTTPSConnection object at 0x7f91f36c77f0>
    │    └ <function HTTPSConnectionPool._validate_conn at 0x7f9508df1160>
    └ <urllib3.connectionpool.HTTPSConnectionPool object at 0x7f92841d6190>
  File "/home/chase/.local/lib/python3.8/site-packages/urllib3/connectionpool.py", line 1010, in _validate_conn
    conn.connect()
    │    └ <function HTTPSConnection.connect at 0x7f9508dde820>
    └ <urllib3.connection.HTTPSConnection object at 0x7f91f36c77f0>
  File "/home/chase/.local/lib/python3.8/site-packages/urllib3/connection.py", line 416, in connect
    self.sock = ssl_wrap_socket(
    │    │      └ <function ssl_wrap_socket at 0x7f9508e57550>
    │    └ None
    └ <urllib3.connection.HTTPSConnection object at 0x7f91f36c77f0>
  File "/home/chase/.local/lib/python3.8/site-packages/urllib3/util/ssl_.py", line 449, in ssl_wrap_socket
    ssl_sock = _ssl_wrap_socket_impl(
               └ <function _ssl_wrap_socket_impl at 0x7f9508e57700>
  File "/home/chase/.local/lib/python3.8/site-packages/urllib3/util/ssl_.py", line 493, in _ssl_wrap_socket_impl
    return ssl_context.wrap_socket(sock, server_hostname=server_hostname)
           │           │           │                     └ 'wappass.baidu.com'
           │           │           └ <socket.socket [closed] fd=-1, family=AddressFamily.AF_INET, type=SocketKind.SOCK_STREAM, proto=6>
           │           └ <function SSLContext.wrap_socket at 0x7f9529d34dc0>
           └ <ssl.SSLContext object at 0x7f91c0dcb340>
  File "/usr/lib/python3.8/ssl.py", line 500, in wrap_socket
    return self.sslsocket_class._create(
           │    │               └ <classmethod object at 0x7f9529d37ac0>
           │    └ <class 'ssl.SSLSocket'>
           └ <ssl.SSLContext object at 0x7f91c0dcb340>
  File "/usr/lib/python3.8/ssl.py", line 1040, in _create
    self.do_handshake()
    │    └ <function SSLSocket.do_handshake at 0x7f9529d3cca0>
    └ <ssl.SSLSocket [closed] fd=-1, family=AddressFamily.AF_INET, type=SocketKind.SOCK_STREAM, proto=6>
  File "/usr/lib/python3.8/ssl.py", line 1309, in do_handshake
    self._sslobj.do_handshake()
    │    └ None
    └ <ssl.SSLSocket [closed] fd=-1, family=AddressFamily.AF_INET, type=SocketKind.SOCK_STREAM, proto=6>

ssl.SSLError: [SSL: SSLV3_ALERT_HANDSHAKE_FAILURE] sslv3 alert handshake failure (_ssl.c:1131)


During handling of the above exception, another exception occurred:


Traceback (most recent call last):

  File "/home/chase/.local/lib/python3.8/site-packages/requests/adapters.py", line 439, in send
    resp = conn.urlopen(
           │    └ <function HTTPConnectionPool.urlopen at 0x7f9508defe50>
           └ <urllib3.connectionpool.HTTPSConnectionPool object at 0x7f92841d6190>
  File "/home/chase/.local/lib/python3.8/site-packages/urllib3/connectionpool.py", line 755, in urlopen
    retries = retries.increment(
              │       └ <function Retry.increment at 0x7f9508e321f0>
              └ Retry(total=0, connect=None, read=False, redirect=None, status=None)
  File "/home/chase/.local/lib/python3.8/site-packages/urllib3/util/retry.py", line 574, in increment
    raise MaxRetryError(_pool, url, error or ResponseError(cause))
          │             │      │    │        │             └ 'unknown'
          │             │      │    │        └ <class 'urllib3.exceptions.ResponseError'>
          │             │      │    └ SSLError(SSLError(1, '[SSL: SSLV3_ALERT_HANDSHAKE_FAILURE] sslv3 alert handshake failure (_ssl.c:1131)'))
          │             │      └ '/static/captcha/tuxing.html?ak=2ef521ec36290baed33d66de9b16f625&backurl=http%3A%2F%2Ftieba.baidu.com%2Ff%2Fsearch%2Fres%3Fis...
          │             └ <urllib3.connectionpool.HTTPSConnectionPool object at 0x7f92841d6190>
          └ <class 'urllib3.exceptions.MaxRetryError'>

urllib3.exceptions.MaxRetryError: HTTPSConnectionPool(host='wappass.baidu.com', port=443): Max retries exceeded with url: /static/captcha/tuxing.html?ak=2ef521ec36290baed33d66de9b16f625&backurl=http%3A%2F%2Ftieba.baidu.com%2Ff%2Fsearch%2Fres%3Fisnew%3D1%26kw%3D%26qw%3D%25E4%25B8%2596%25E5%258D%25AB%25E7%25BB%2584%25E7%25BB%2587%25EF%25BC%259A%25E9%259D%25A2%25E5%25AF%25B9%25E6%2596%25B0%25E5%258F%2598%25E5%25BC%2582%25E6%2596%25B0%25E5%2586%25A0%25E7%2597%2585%25E6%25AF%2592%2520%25E7%2596%25AB%25E8%258B%2597%25E9%25A2%2584%25E9%2598%25B2%25E9%2587%258D%25E7%2597%2587%25E5%2592%258C%25E6%25AD%25BB%25E4%25BA%25A1%25E4%25BB%258D%25E6%2595%2588%25E6%259E%259C%25E2%2580%25A6%26rn%3D10%26un%3D%26only_thread%3D0%26sm%3D1%26sd%3D%26ed%3D%26pn%3D1&timestamp=1652555613&signature=61200a8623ead949434ceb9e230700e9 (Caused by SSLError(SSLError(1, '[SSL: SSLV3_ALERT_HANDSHAKE_FAILURE] sslv3 alert handshake failure (_ssl.c:1131)')))


During handling of the above exception, another exception occurred:


Traceback (most recent call last):

  File "/usr/lib/python3.8/threading.py", line 890, in _bootstrap
    self._bootstrap_inner()
    │    └ <function Thread._bootstrap_inner at 0x7f952cd96a60>
    └ <Thread(Thread-10929, started daemon 140263612790528)>
  File "/usr/lib/python3.8/threading.py", line 932, in _bootstrap_inner
    self.run()
    │    └ <function Thread.run at 0x7f952cd96790>
    └ <Thread(Thread-10929, started daemon 140263612790528)>
  File "/usr/lib/python3.8/threading.py", line 870, in run
    self._target(*self._args, **self._kwargs)
    │    │        │    │        │    └ {}
    │    │        │    │        └ <Thread(Thread-10929, started daemon 140263612790528)>
    │    │        │    └ ('ProjectManager.run_func_by_thread',)
    │    │        └ <Thread(Thread-10929, started daemon 140263612790528)>
    │    └ <bound method ProjectManager.get_request_from_keywords_hot of <monitor.projectManager.ProjectManager object at 0x7f9503f344c0>>
    └ <Thread(Thread-10929, started daemon 140263612790528)>

  File "/home/users/Scy/yuqing/spider/monitor/projectManager.py", line 805, in get_request_from_keywords_hot
    self.search_spider_manager.crawl_by_keyword(
    │    │                     └ <function SearchSpidersManager.crawl_by_keyword at 0x7f9500e28ee0>
    │    └ <monitor.spiderManager.SearchSpidersManager object at 0x7f9500a57e20>
    └ <monitor.projectManager.ProjectManager object at 0x7f9503f344c0>

  File "/home/users/Scy/yuqing/spider/monitor/spiderManager.py", line 118, in crawl_by_keyword
    self.crawl_by_keyword_signal_platform(project_names, platform, keyword, crawl_time, project_times)
    │    │                                │              │         │        │           └ {'default': <monitor.TimeSection object at 0x7f9500afdf40>, 'test': <monitor.TimeSection object at 0x7f9500b10fd0>}
    │    │                                │              │         │        └ <monitor.TimeSection object at 0x7f916f2e3340>
    │    │                                │              │         └ '世卫组织：面对新变异新冠病毒 疫苗预防重症和死亡仍效果…'
    │    │                                │              └ '贴吧'
    │    │                                └ ['default']
    │    └ <function SearchSpidersManager.crawl_by_keyword_signal_platform at 0x7f9500e29040>
    └ <monitor.spiderManager.SearchSpidersManager object at 0x7f9500a57e20>

  File "/home/users/Scy/yuqing/spider/monitor/spiderManager.py", line 150, in crawl_by_keyword_signal_platform
    requests = self.get_request_from_keyword(platform, keyword_only, **crawl_time.to_dict())
               │    │                        │         │               │          └ <function TimeSection.to_dict at 0x7f950b1919d0>
               │    │                        │         │               └ <monitor.TimeSection object at 0x7f916f2e3340>
               │    │                        │         └ '世卫组织：面对新变异新冠病毒 疫苗预防重症和死亡仍效果…'
               │    │                        └ '贴吧'
               │    └ <function SearchSpidersManager.get_request_from_keyword at 0x7f9500e29160>
               └ <monitor.spiderManager.SearchSpidersManager object at 0x7f9500a57e20>

  File "/home/users/Scy/yuqing/spider/monitor/spiderManager.py", line 214, in get_request_from_keyword
    for request in self.spiders[platform].get_request_from_keyword(headers, search_url, keyword, content_url,
                   │    │       │                                  │        │           │        └ None
                   │    │       │                                  │        │           └ '世卫组织：面对新变异新冠病毒 疫苗预防重症和死亡仍效果…'
                   │    │       │                                  │        └ <string.Template object at 0x7f92c429ba90>
                   │    │       │                                  └ {'Connection': 'keep-alive', 'sec-ch-ua': "'Chromium';v='92',' Not A;Brand';v='99', 'Google Chrome';v='92'", 'sec-ch-ua-mobil...
                   │    │       └ '贴吧'
                   │    └ {'凤凰网': <monitor.searchSpiders.ifeng.Ifeng object at 0x7f9500a57040>, '头条': <monitor.searchSpiders.toutiao.Toutiao object at ...
                   └ <monitor.spiderManager.SearchSpidersManager object at 0x7f9500a57e20>

> File "/home/users/Scy/yuqing/spider/monitor/searchSpiders/tieba.py", line 22, in get_request_from_keyword
    response = requests.get(url, headers=headers, timeout=50)
               │        │   │            └ {'Connection': 'keep-alive', 'sec-ch-ua': "'Chromium';v='92',' Not A;Brand';v='99', 'Google Chrome';v='92'", 'sec-ch-ua-mobil...
               │        │   └ 'https://tieba.baidu.com/f/search/res?isnew=1&kw=&qw=世卫组织：面对新变异新冠病毒 疫苗预防重症和死亡仍效果…&rn=10&un=&only_thread=0&sm=1&sd=&ed=&pn=1'
               │        └ <function get at 0x7f9508c683a0>
               └ <module 'requests' from '/home/chase/.local/lib/python3.8/site-packages/requests/__init__.py'>

  File "/home/chase/.local/lib/python3.8/site-packages/requests/api.py", line 75, in get
    return request('get', url, params=params, **kwargs)
           │              │           │         └ {'headers': {'Connection': 'keep-alive', 'sec-ch-ua': "'Chromium';v='92',' Not A;Brand';v='99', 'Google Chrome';v='92'", 'sec...
           │              │           └ None
           │              └ 'https://tieba.baidu.com/f/search/res?isnew=1&kw=&qw=世卫组织：面对新变异新冠病毒 疫苗预防重症和死亡仍效果…&rn=10&un=&only_thread=0&sm=1&sd=&ed=&pn=1'
           └ <function request at 0x7f9508c5a1f0>
  File "/home/chase/.local/lib/python3.8/site-packages/requests/api.py", line 61, in request
    return session.request(method=method, url=url, **kwargs)
           │       │              │           │      └ {'params': None, 'headers': {'Connection': 'keep-alive', 'sec-ch-ua': "'Chromium';v='92',' Not A;Brand';v='99', 'Google Chrom...
           │       │              │           └ 'https://tieba.baidu.com/f/search/res?isnew=1&kw=&qw=世卫组织：面对新变异新冠病毒 疫苗预防重症和死亡仍效果…&rn=10&un=&only_thread=0&sm=1&sd=&ed=&pn=1'
           │       │              └ 'get'
           │       └ <function Session.request at 0x7f9508c70af0>
           └ <requests.sessions.Session object at 0x7f932453a070>
  File "/home/chase/.local/lib/python3.8/site-packages/requests/sessions.py", line 542, in request
    resp = self.send(prep, **send_kwargs)
           │    │    │       └ {'timeout': 50, 'allow_redirects': True, 'verify': True, 'proxies': OrderedDict(), 'stream': False, 'cert': None}
           │    │    └ <PreparedRequest [GET]>
           │    └ <function Session.send at 0x7f9508c70f70>
           └ <requests.sessions.Session object at 0x7f932453a070>
  File "/home/chase/.local/lib/python3.8/site-packages/requests/sessions.py", line 677, in send
    history = [resp for resp in gen]
                                └ <generator object SessionRedirectMixin.resolve_redirects at 0x7f91ba6c03c0>
  File "/home/chase/.local/lib/python3.8/site-packages/requests/sessions.py", line 677, in <listcomp>
    history = [resp for resp in gen]
  File "/home/chase/.local/lib/python3.8/site-packages/requests/sessions.py", line 237, in resolve_redirects
    resp = self.send(
           │    └ <function Session.send at 0x7f9508c70f70>
           └ <requests.sessions.Session object at 0x7f932453a070>
  File "/home/chase/.local/lib/python3.8/site-packages/requests/sessions.py", line 655, in send
    r = adapter.send(request, **kwargs)
        │       │    │          └ {'stream': False, 'timeout': 50, 'verify': True, 'cert': None, 'proxies': OrderedDict()}
        │       │    └ <PreparedRequest [GET]>
        │       └ <function HTTPAdapter.send at 0x7f9508c70430>
        └ <requests.adapters.HTTPAdapter object at 0x7f91eb020910>
  File "/home/chase/.local/lib/python3.8/site-packages/requests/adapters.py", line 514, in send
    raise SSLError(e, request=request)
          │                   └ <PreparedRequest [GET]>
          └ <class 'requests.exceptions.SSLError'>

requests.exceptions.SSLError: HTTPSConnectionPool(host='wappass.baidu.com', port=443): Max retries exceeded with url: /static/captcha/tuxing.html?ak=2ef521ec36290baed33d66de9b16f625&backurl=http%3A%2F%2Ftieba.baidu.com%2Ff%2Fsearch%2Fres%3Fisnew%3D1%26kw%3D%26qw%3D%25E4%25B8%2596%25E5%258D%25AB%25E7%25BB%2584%25E7%25BB%2587%25EF%25BC%259A%25E9%259D%25A2%25E5%25AF%25B9%25E6%2596%25B0%25E5%258F%2598%25E5%25BC%2582%25E6%2596%25B0%25E5%2586%25A0%25E7%2597%2585%25E6%25AF%2592%2520%25E7%2596%25AB%25E8%258B%2597%25E9%25A2%2584%25E9%2598%25B2%25E9%2587%258D%25E7%2597%2587%25E5%2592%258C%25E6%25AD%25BB%25E4%25BA%25A1%25E4%25BB%258D%25E6%2595%2588%25E6%259E%259C%25E2%2580%25A6%26rn%3D10%26un%3D%26only_thread%3D0%26sm%3D1%26sd%3D%26ed%3D%26pn%3D1&timestamp=1652555613&signature=61200a8623ead949434ceb9e230700e9 (Caused by SSLError(SSLError(1, '[SSL: SSLV3_ALERT_HANDSHAKE_FAILURE] sslv3 alert handshake failure (_ssl.c:1131)')))
2022-05-15 03:51:51.351 | ERROR    | monitor.searchSpiders.tieba:get_request_from_keyword:34 - E 贴吧错误HTTPSConnectionPool(host='wappass.baidu.com', port=443): Max retries exceeded with url: /static/captcha/tuxing.html?ak=2ef521ec36290baed33d66de9b16f625&backurl=http%3A%2F%2Ftieba.baidu.com%2Ff%2Fsearch%2Fres%3Fisnew%3D1%26kw%3D%26qw%3D%25E4%25B8%25AD%25E5%259B%25BD%25E7%259A%2584%25E5%258F%2591%25E5%25B1%2595%25E5%258F%2598%25E9%259D%25A9%25E6%2598%25AF%25E4%25B8%2580%25E4%25B8%25AA%25E6%25A0%2587%25E6%259D%2586%25EF%25BC%2588%25E5%259B%25BD%25E9%2599%2585%25E8%25AE%25BA%25E5%259D%259B%25C2%25B7%25E8%25AF%25BB%25E6%2587%2582%25E4%25B8%25AD%25E5%259B%25BD%25C2%25B7%25E8%25AF%25BB%25E6%2587%2582%25E4%25B8%25AD%25E5%259B%25BD%25E2%2580%25A6%26rn%3D10%26un%3D%26only_thread%3D0%26sm%3D1%26sd%3D%26ed%3D%26pn%3D2&timestamp=1652557911&signature=e9d4d65564283fea2799139dd8247a8a (Caused by SSLError(SSLError(1, '[SSL: SSLV3_ALERT_HANDSHAKE_FAILURE] sslv3 alert handshake failure (_ssl.c:1131)')))
Traceback (most recent call last):

  File "/home/chase/.local/lib/python3.8/site-packages/urllib3/connectionpool.py", line 699, in urlopen
    httplib_response = self._make_request(
                       │    └ <function HTTPConnectionPool._make_request at 0x7f9508defc10>
                       └ <urllib3.connectionpool.HTTPSConnectionPool object at 0x7f917ccd8dc0>
  File "/home/chase/.local/lib/python3.8/site-packages/urllib3/connectionpool.py", line 382, in _make_request
    self._validate_conn(conn)
    │    │              └ <urllib3.connection.HTTPSConnection object at 0x7f917cab9070>
    │    └ <function HTTPSConnectionPool._validate_conn at 0x7f9508df1160>
    └ <urllib3.connectionpool.HTTPSConnectionPool object at 0x7f917ccd8dc0>
  File "/home/chase/.local/lib/python3.8/site-packages/urllib3/connectionpool.py", line 1010, in _validate_conn
    conn.connect()
    │    └ <function HTTPSConnection.connect at 0x7f9508dde820>
    └ <urllib3.connection.HTTPSConnection object at 0x7f917cab9070>
  File "/home/chase/.local/lib/python3.8/site-packages/urllib3/connection.py", line 416, in connect
    self.sock = ssl_wrap_socket(
    │    │      └ <function ssl_wrap_socket at 0x7f9508e57550>
    │    └ None
    └ <urllib3.connection.HTTPSConnection object at 0x7f917cab9070>
  File "/home/chase/.local/lib/python3.8/site-packages/urllib3/util/ssl_.py", line 449, in ssl_wrap_socket
    ssl_sock = _ssl_wrap_socket_impl(
               └ <function _ssl_wrap_socket_impl at 0x7f9508e57700>
  File "/home/chase/.local/lib/python3.8/site-packages/urllib3/util/ssl_.py", line 493, in _ssl_wrap_socket_impl
    return ssl_context.wrap_socket(sock, server_hostname=server_hostname)
           │           │           │                     └ 'wappass.baidu.com'
           │           │           └ <socket.socket [closed] fd=-1, family=AddressFamily.AF_INET, type=SocketKind.SOCK_STREAM, proto=6>
           │           └ <function SSLContext.wrap_socket at 0x7f9529d34dc0>
           └ <ssl.SSLContext object at 0x7f94042c3140>
  File "/usr/lib/python3.8/ssl.py", line 500, in wrap_socket
    return self.sslsocket_class._create(
           │    │               └ <classmethod object at 0x7f9529d37ac0>
           │    └ <class 'ssl.SSLSocket'>
           └ <ssl.SSLContext object at 0x7f94042c3140>
  File "/usr/lib/python3.8/ssl.py", line 1040, in _create
    self.do_handshake()
    │    └ <function SSLSocket.do_handshake at 0x7f9529d3cca0>
    └ <ssl.SSLSocket [closed] fd=-1, family=AddressFamily.AF_INET, type=SocketKind.SOCK_STREAM, proto=6>
  File "/usr/lib/python3.8/ssl.py", line 1309, in do_handshake
    self._sslobj.do_handshake()
    │    └ None
    └ <ssl.SSLSocket [closed] fd=-1, family=AddressFamily.AF_INET, type=SocketKind.SOCK_STREAM, proto=6>

ssl.SSLError: [SSL: SSLV3_ALERT_HANDSHAKE_FAILURE] sslv3 alert handshake failure (_ssl.c:1131)


During handling of the above exception, another exception occurred:


Traceback (most recent call last):

  File "/home/chase/.local/lib/python3.8/site-packages/requests/adapters.py", line 439, in send
    resp = conn.urlopen(
           │    └ <function HTTPConnectionPool.urlopen at 0x7f9508defe50>
           └ <urllib3.connectionpool.HTTPSConnectionPool object at 0x7f917ccd8dc0>
  File "/home/chase/.local/lib/python3.8/site-packages/urllib3/connectionpool.py", line 755, in urlopen
    retries = retries.increment(
              │       └ <function Retry.increment at 0x7f9508e321f0>
              └ Retry(total=0, connect=None, read=False, redirect=None, status=None)
  File "/home/chase/.local/lib/python3.8/site-packages/urllib3/util/retry.py", line 574, in increment
    raise MaxRetryError(_pool, url, error or ResponseError(cause))
          │             │      │    │        │             └ 'unknown'
          │             │      │    │        └ <class 'urllib3.exceptions.ResponseError'>
          │             │      │    └ SSLError(SSLError(1, '[SSL: SSLV3_ALERT_HANDSHAKE_FAILURE] sslv3 alert handshake failure (_ssl.c:1131)'))
          │             │      └ '/static/captcha/tuxing.html?ak=2ef521ec36290baed33d66de9b16f625&backurl=http%3A%2F%2Ftieba.baidu.com%2Ff%2Fsearch%2Fres%3Fis...
          │             └ <urllib3.connectionpool.HTTPSConnectionPool object at 0x7f917ccd8dc0>
          └ <class 'urllib3.exceptions.MaxRetryError'>

urllib3.exceptions.MaxRetryError: HTTPSConnectionPool(host='wappass.baidu.com', port=443): Max retries exceeded with url: /static/captcha/tuxing.html?ak=2ef521ec36290baed33d66de9b16f625&backurl=http%3A%2F%2Ftieba.baidu.com%2Ff%2Fsearch%2Fres%3Fisnew%3D1%26kw%3D%26qw%3D%25E4%25B8%25AD%25E5%259B%25BD%25E7%259A%2584%25E5%258F%2591%25E5%25B1%2595%25E5%258F%2598%25E9%259D%25A9%25E6%2598%25AF%25E4%25B8%2580%25E4%25B8%25AA%25E6%25A0%2587%25E6%259D%2586%25EF%25BC%2588%25E5%259B%25BD%25E9%2599%2585%25E8%25AE%25BA%25E5%259D%259B%25C2%25B7%25E8%25AF%25BB%25E6%2587%2582%25E4%25B8%25AD%25E5%259B%25BD%25C2%25B7%25E8%25AF%25BB%25E6%2587%2582%25E4%25B8%25AD%25E5%259B%25BD%25E2%2580%25A6%26rn%3D10%26un%3D%26only_thread%3D0%26sm%3D1%26sd%3D%26ed%3D%26pn%3D2&timestamp=1652557911&signature=e9d4d65564283fea2799139dd8247a8a (Caused by SSLError(SSLError(1, '[SSL: SSLV3_ALERT_HANDSHAKE_FAILURE] sslv3 alert handshake failure (_ssl.c:1131)')))


During handling of the above exception, another exception occurred:


Traceback (most recent call last):

  File "/usr/lib/python3.8/threading.py", line 890, in _bootstrap
    self._bootstrap_inner()
    │    └ <function Thread._bootstrap_inner at 0x7f952cd96a60>
    └ <Thread(Thread-12772, started daemon 140266081793792)>
  File "/usr/lib/python3.8/threading.py", line 932, in _bootstrap_inner
    self.run()
    │    └ <function Thread.run at 0x7f952cd96790>
    └ <Thread(Thread-12772, started daemon 140266081793792)>
  File "/usr/lib/python3.8/threading.py", line 870, in run
    self._target(*self._args, **self._kwargs)
    │    │        │    │        │    └ {}
    │    │        │    │        └ <Thread(Thread-12772, started daemon 140266081793792)>
    │    │        │    └ ('ProjectManager.run_func_by_thread',)
    │    │        └ <Thread(Thread-12772, started daemon 140266081793792)>
    │    └ <bound method ProjectManager.get_request_from_keywords_hot of <monitor.projectManager.ProjectManager object at 0x7f9503f344c0>>
    └ <Thread(Thread-12772, started daemon 140266081793792)>

  File "/home/users/Scy/yuqing/spider/monitor/projectManager.py", line 805, in get_request_from_keywords_hot
    self.search_spider_manager.crawl_by_keyword(
    │    │                     └ <function SearchSpidersManager.crawl_by_keyword at 0x7f9500e28ee0>
    │    └ <monitor.spiderManager.SearchSpidersManager object at 0x7f9500a57e20>
    └ <monitor.projectManager.ProjectManager object at 0x7f9503f344c0>

  File "/home/users/Scy/yuqing/spider/monitor/spiderManager.py", line 118, in crawl_by_keyword
    self.crawl_by_keyword_signal_platform(project_names, platform, keyword, crawl_time, project_times)
    │    │                                │              │         │        │           └ {'default': <monitor.TimeSection object at 0x7f9500afdf40>, 'test': <monitor.TimeSection object at 0x7f9500b10fd0>}
    │    │                                │              │         │        └ <monitor.TimeSection object at 0x7f91f34b3d00>
    │    │                                │              │         └ '中国的发展变革是一个标杆（国际论坛·读懂中国·读懂中国…'
    │    │                                │              └ '贴吧'
    │    │                                └ ['default']
    │    └ <function SearchSpidersManager.crawl_by_keyword_signal_platform at 0x7f9500e29040>
    └ <monitor.spiderManager.SearchSpidersManager object at 0x7f9500a57e20>

  File "/home/users/Scy/yuqing/spider/monitor/spiderManager.py", line 150, in crawl_by_keyword_signal_platform
    requests = self.get_request_from_keyword(platform, keyword_only, **crawl_time.to_dict())
               │    │                        │         │               │          └ <function TimeSection.to_dict at 0x7f950b1919d0>
               │    │                        │         │               └ <monitor.TimeSection object at 0x7f91f34b3d00>
               │    │                        │         └ '中国的发展变革是一个标杆（国际论坛·读懂中国·读懂中国…'
               │    │                        └ '贴吧'
               │    └ <function SearchSpidersManager.get_request_from_keyword at 0x7f9500e29160>
               └ <monitor.spiderManager.SearchSpidersManager object at 0x7f9500a57e20>

  File "/home/users/Scy/yuqing/spider/monitor/spiderManager.py", line 214, in get_request_from_keyword
    for request in self.spiders[platform].get_request_from_keyword(headers, search_url, keyword, content_url,
                   │    │       │                                  │        │           │        └ None
                   │    │       │                                  │        │           └ '中国的发展变革是一个标杆（国际论坛·读懂中国·读懂中国…'
                   │    │       │                                  │        └ <string.Template object at 0x7f94040cabe0>
                   │    │       │                                  └ {'Connection': 'keep-alive', 'sec-ch-ua': "'Chromium';v='92',' Not A;Brand';v='99', 'Google Chrome';v='92'", 'sec-ch-ua-mobil...
                   │    │       └ '贴吧'
                   │    └ {'凤凰网': <monitor.searchSpiders.ifeng.Ifeng object at 0x7f9500a57040>, '头条': <monitor.searchSpiders.toutiao.Toutiao object at ...
                   └ <monitor.spiderManager.SearchSpidersManager object at 0x7f9500a57e20>

> File "/home/users/Scy/yuqing/spider/monitor/searchSpiders/tieba.py", line 22, in get_request_from_keyword
    response = requests.get(url, headers=headers, timeout=50)
               │        │   │            └ {'Connection': 'keep-alive', 'sec-ch-ua': "'Chromium';v='92',' Not A;Brand';v='99', 'Google Chrome';v='92'", 'sec-ch-ua-mobil...
               │        │   └ 'https://tieba.baidu.com/f/search/res?isnew=1&kw=&qw=中国的发展变革是一个标杆（国际论坛·读懂中国·读懂中国…&rn=10&un=&only_thread=0&sm=1&sd=&ed=&pn=2'
               │        └ <function get at 0x7f9508c683a0>
               └ <module 'requests' from '/home/chase/.local/lib/python3.8/site-packages/requests/__init__.py'>

  File "/home/chase/.local/lib/python3.8/site-packages/requests/api.py", line 75, in get
    return request('get', url, params=params, **kwargs)
           │              │           │         └ {'headers': {'Connection': 'keep-alive', 'sec-ch-ua': "'Chromium';v='92',' Not A;Brand';v='99', 'Google Chrome';v='92'", 'sec...
           │              │           └ None
           │              └ 'https://tieba.baidu.com/f/search/res?isnew=1&kw=&qw=中国的发展变革是一个标杆（国际论坛·读懂中国·读懂中国…&rn=10&un=&only_thread=0&sm=1&sd=&ed=&pn=2'
           └ <function request at 0x7f9508c5a1f0>
  File "/home/chase/.local/lib/python3.8/site-packages/requests/api.py", line 61, in request
    return session.request(method=method, url=url, **kwargs)
           │       │              │           │      └ {'params': None, 'headers': {'Connection': 'keep-alive', 'sec-ch-ua': "'Chromium';v='92',' Not A;Brand';v='99', 'Google Chrom...
           │       │              │           └ 'https://tieba.baidu.com/f/search/res?isnew=1&kw=&qw=中国的发展变革是一个标杆（国际论坛·读懂中国·读懂中国…&rn=10&un=&only_thread=0&sm=1&sd=&ed=&pn=2'
           │       │              └ 'get'
           │       └ <function Session.request at 0x7f9508c70af0>
           └ <requests.sessions.Session object at 0x7f93440a6880>
  File "/home/chase/.local/lib/python3.8/site-packages/requests/sessions.py", line 542, in request
    resp = self.send(prep, **send_kwargs)
           │    │    │       └ {'timeout': 50, 'allow_redirects': True, 'verify': True, 'proxies': OrderedDict(), 'stream': False, 'cert': None}
           │    │    └ <PreparedRequest [GET]>
           │    └ <function Session.send at 0x7f9508c70f70>
           └ <requests.sessions.Session object at 0x7f93440a6880>
  File "/home/chase/.local/lib/python3.8/site-packages/requests/sessions.py", line 677, in send
    history = [resp for resp in gen]
                                └ <generator object SessionRedirectMixin.resolve_redirects at 0x7f9187c92b30>
  File "/home/chase/.local/lib/python3.8/site-packages/requests/sessions.py", line 677, in <listcomp>
    history = [resp for resp in gen]
  File "/home/chase/.local/lib/python3.8/site-packages/requests/sessions.py", line 237, in resolve_redirects
    resp = self.send(
           │    └ <function Session.send at 0x7f9508c70f70>
           └ <requests.sessions.Session object at 0x7f93440a6880>
  File "/home/chase/.local/lib/python3.8/site-packages/requests/sessions.py", line 655, in send
    r = adapter.send(request, **kwargs)
        │       │    │          └ {'stream': False, 'timeout': 50, 'verify': True, 'cert': None, 'proxies': OrderedDict()}
        │       │    └ <PreparedRequest [GET]>
        │       └ <function HTTPAdapter.send at 0x7f9508c70430>
        └ <requests.adapters.HTTPAdapter object at 0x7f9384465d60>
  File "/home/chase/.local/lib/python3.8/site-packages/requests/adapters.py", line 514, in send
    raise SSLError(e, request=request)
          │                   └ <PreparedRequest [GET]>
          └ <class 'requests.exceptions.SSLError'>

requests.exceptions.SSLError: HTTPSConnectionPool(host='wappass.baidu.com', port=443): Max retries exceeded with url: /static/captcha/tuxing.html?ak=2ef521ec36290baed33d66de9b16f625&backurl=http%3A%2F%2Ftieba.baidu.com%2Ff%2Fsearch%2Fres%3Fisnew%3D1%26kw%3D%26qw%3D%25E4%25B8%25AD%25E5%259B%25BD%25E7%259A%2584%25E5%258F%2591%25E5%25B1%2595%25E5%258F%2598%25E9%259D%25A9%25E6%2598%25AF%25E4%25B8%2580%25E4%25B8%25AA%25E6%25A0%2587%25E6%259D%2586%25EF%25BC%2588%25E5%259B%25BD%25E9%2599%2585%25E8%25AE%25BA%25E5%259D%259B%25C2%25B7%25E8%25AF%25BB%25E6%2587%2582%25E4%25B8%25AD%25E5%259B%25BD%25C2%25B7%25E8%25AF%25BB%25E6%2587%2582%25E4%25B8%25AD%25E5%259B%25BD%25E2%2580%25A6%26rn%3D10%26un%3D%26only_thread%3D0%26sm%3D1%26sd%3D%26ed%3D%26pn%3D2&timestamp=1652557911&signature=e9d4d65564283fea2799139dd8247a8a (Caused by SSLError(SSLError(1, '[SSL: SSLV3_ALERT_HANDSHAKE_FAILURE] sslv3 alert handshake failure (_ssl.c:1131)')))
2022-05-15 04:04:00.660 | ERROR    | monitor.searchSpiders.tieba:get_request_from_keyword:34 - E 贴吧错误HTTPSConnectionPool(host='wappass.baidu.com', port=443): Max retries exceeded with url: /static/captcha/tuxing.html?ak=2ef521ec36290baed33d66de9b16f625&backurl=http%3A%2F%2Ftieba.baidu.com%2Ff%2Fsearch%2Fres%3Fisnew%3D1%26kw%3D%26qw%3D%25E5%2590%2591%25E7%259D%2580%25E6%2596%25B0%25E7%259A%2584%25E9%25AB%2598%25E5%259C%25B0%25E5%2586%25B2%25E9%2594%258B%26rn%3D10%26un%3D%26only_thread%3D0%26sm%3D1%26sd%3D%26ed%3D%26pn%3D27&timestamp=1652558640&signature=958121f27bb40913a1f716cb9fe562dd (Caused by SSLError(SSLError(1, '[SSL: SSLV3_ALERT_HANDSHAKE_FAILURE] sslv3 alert handshake failure (_ssl.c:1131)')))
Traceback (most recent call last):

  File "/home/chase/.local/lib/python3.8/site-packages/urllib3/connectionpool.py", line 699, in urlopen
    httplib_response = self._make_request(
                       │    └ <function HTTPConnectionPool._make_request at 0x7f9508defc10>
                       └ <urllib3.connectionpool.HTTPSConnectionPool object at 0x7f926c5ec1f0>
  File "/home/chase/.local/lib/python3.8/site-packages/urllib3/connectionpool.py", line 382, in _make_request
    self._validate_conn(conn)
    │    │              └ <urllib3.connection.HTTPSConnection object at 0x7f9324632b20>
    │    └ <function HTTPSConnectionPool._validate_conn at 0x7f9508df1160>
    └ <urllib3.connectionpool.HTTPSConnectionPool object at 0x7f926c5ec1f0>
  File "/home/chase/.local/lib/python3.8/site-packages/urllib3/connectionpool.py", line 1010, in _validate_conn
    conn.connect()
    │    └ <function HTTPSConnection.connect at 0x7f9508dde820>
    └ <urllib3.connection.HTTPSConnection object at 0x7f9324632b20>
  File "/home/chase/.local/lib/python3.8/site-packages/urllib3/connection.py", line 416, in connect
    self.sock = ssl_wrap_socket(
    │    │      └ <function ssl_wrap_socket at 0x7f9508e57550>
    │    └ None
    └ <urllib3.connection.HTTPSConnection object at 0x7f9324632b20>
  File "/home/chase/.local/lib/python3.8/site-packages/urllib3/util/ssl_.py", line 449, in ssl_wrap_socket
    ssl_sock = _ssl_wrap_socket_impl(
               └ <function _ssl_wrap_socket_impl at 0x7f9508e57700>
  File "/home/chase/.local/lib/python3.8/site-packages/urllib3/util/ssl_.py", line 493, in _ssl_wrap_socket_impl
    return ssl_context.wrap_socket(sock, server_hostname=server_hostname)
           │           │           │                     └ 'wappass.baidu.com'
           │           │           └ <socket.socket [closed] fd=-1, family=AddressFamily.AF_INET, type=SocketKind.SOCK_STREAM, proto=6>
           │           └ <function SSLContext.wrap_socket at 0x7f9529d34dc0>
           └ <ssl.SSLContext object at 0x7f91d5ac7440>
  File "/usr/lib/python3.8/ssl.py", line 500, in wrap_socket
    return self.sslsocket_class._create(
           │    │               └ <classmethod object at 0x7f9529d37ac0>
           │    └ <class 'ssl.SSLSocket'>
           └ <ssl.SSLContext object at 0x7f91d5ac7440>
  File "/usr/lib/python3.8/ssl.py", line 1040, in _create
    self.do_handshake()
    │    └ <function SSLSocket.do_handshake at 0x7f9529d3cca0>
    └ <ssl.SSLSocket [closed] fd=-1, family=AddressFamily.AF_INET, type=SocketKind.SOCK_STREAM, proto=6>
  File "/usr/lib/python3.8/ssl.py", line 1309, in do_handshake
    self._sslobj.do_handshake()
    │    └ None
    └ <ssl.SSLSocket [closed] fd=-1, family=AddressFamily.AF_INET, type=SocketKind.SOCK_STREAM, proto=6>

ssl.SSLError: [SSL: SSLV3_ALERT_HANDSHAKE_FAILURE] sslv3 alert handshake failure (_ssl.c:1131)


During handling of the above exception, another exception occurred:


Traceback (most recent call last):

  File "/home/chase/.local/lib/python3.8/site-packages/requests/adapters.py", line 439, in send
    resp = conn.urlopen(
           │    └ <function HTTPConnectionPool.urlopen at 0x7f9508defe50>
           └ <urllib3.connectionpool.HTTPSConnectionPool object at 0x7f926c5ec1f0>
  File "/home/chase/.local/lib/python3.8/site-packages/urllib3/connectionpool.py", line 755, in urlopen
    retries = retries.increment(
              │       └ <function Retry.increment at 0x7f9508e321f0>
              └ Retry(total=0, connect=None, read=False, redirect=None, status=None)
  File "/home/chase/.local/lib/python3.8/site-packages/urllib3/util/retry.py", line 574, in increment
    raise MaxRetryError(_pool, url, error or ResponseError(cause))
          │             │      │    │        │             └ 'unknown'
          │             │      │    │        └ <class 'urllib3.exceptions.ResponseError'>
          │             │      │    └ SSLError(SSLError(1, '[SSL: SSLV3_ALERT_HANDSHAKE_FAILURE] sslv3 alert handshake failure (_ssl.c:1131)'))
          │             │      └ '/static/captcha/tuxing.html?ak=2ef521ec36290baed33d66de9b16f625&backurl=http%3A%2F%2Ftieba.baidu.com%2Ff%2Fsearch%2Fres%3Fis...
          │             └ <urllib3.connectionpool.HTTPSConnectionPool object at 0x7f926c5ec1f0>
          └ <class 'urllib3.exceptions.MaxRetryError'>

urllib3.exceptions.MaxRetryError: HTTPSConnectionPool(host='wappass.baidu.com', port=443): Max retries exceeded with url: /static/captcha/tuxing.html?ak=2ef521ec36290baed33d66de9b16f625&backurl=http%3A%2F%2Ftieba.baidu.com%2Ff%2Fsearch%2Fres%3Fisnew%3D1%26kw%3D%26qw%3D%25E5%2590%2591%25E7%259D%2580%25E6%2596%25B0%25E7%259A%2584%25E9%25AB%2598%25E5%259C%25B0%25E5%2586%25B2%25E9%2594%258B%26rn%3D10%26un%3D%26only_thread%3D0%26sm%3D1%26sd%3D%26ed%3D%26pn%3D27&timestamp=1652558640&signature=958121f27bb40913a1f716cb9fe562dd (Caused by SSLError(SSLError(1, '[SSL: SSLV3_ALERT_HANDSHAKE_FAILURE] sslv3 alert handshake failure (_ssl.c:1131)')))


During handling of the above exception, another exception occurred:


Traceback (most recent call last):

  File "/usr/lib/python3.8/threading.py", line 890, in _bootstrap
    self._bootstrap_inner()
    │    └ <function Thread._bootstrap_inner at 0x7f952cd96a60>
    └ <Thread(Thread-12223, started daemon 140263849355008)>
  File "/usr/lib/python3.8/threading.py", line 932, in _bootstrap_inner
    self.run()
    │    └ <function Thread.run at 0x7f952cd96790>
    └ <Thread(Thread-12223, started daemon 140263849355008)>
  File "/usr/lib/python3.8/threading.py", line 870, in run
    self._target(*self._args, **self._kwargs)
    │    │        │    │        │    └ {}
    │    │        │    │        └ <Thread(Thread-12223, started daemon 140263849355008)>
    │    │        │    └ ('ProjectManager.run_func_by_thread',)
    │    │        └ <Thread(Thread-12223, started daemon 140263849355008)>
    │    └ <bound method ProjectManager.get_request_from_keywords_hot of <monitor.projectManager.ProjectManager object at 0x7f9503f344c0>>
    └ <Thread(Thread-12223, started daemon 140263849355008)>

  File "/home/users/Scy/yuqing/spider/monitor/projectManager.py", line 805, in get_request_from_keywords_hot
    self.search_spider_manager.crawl_by_keyword(
    │    │                     └ <function SearchSpidersManager.crawl_by_keyword at 0x7f9500e28ee0>
    │    └ <monitor.spiderManager.SearchSpidersManager object at 0x7f9500a57e20>
    └ <monitor.projectManager.ProjectManager object at 0x7f9503f344c0>

  File "/home/users/Scy/yuqing/spider/monitor/spiderManager.py", line 118, in crawl_by_keyword
    self.crawl_by_keyword_signal_platform(project_names, platform, keyword, crawl_time, project_times)
    │    │                                │              │         │        │           └ {'default': <monitor.TimeSection object at 0x7f9500afdf40>, 'test': <monitor.TimeSection object at 0x7f9500b10fd0>}
    │    │                                │              │         │        └ <monitor.TimeSection object at 0x7f918588f160>
    │    │                                │              │         └ '向着新的高地冲锋'
    │    │                                │              └ '贴吧'
    │    │                                └ ['default']
    │    └ <function SearchSpidersManager.crawl_by_keyword_signal_platform at 0x7f9500e29040>
    └ <monitor.spiderManager.SearchSpidersManager object at 0x7f9500a57e20>

  File "/home/users/Scy/yuqing/spider/monitor/spiderManager.py", line 150, in crawl_by_keyword_signal_platform
    requests = self.get_request_from_keyword(platform, keyword_only, **crawl_time.to_dict())
               │    │                        │         │               │          └ <function TimeSection.to_dict at 0x7f950b1919d0>
               │    │                        │         │               └ <monitor.TimeSection object at 0x7f918588f160>
               │    │                        │         └ '向着新的高地冲锋'
               │    │                        └ '贴吧'
               │    └ <function SearchSpidersManager.get_request_from_keyword at 0x7f9500e29160>
               └ <monitor.spiderManager.SearchSpidersManager object at 0x7f9500a57e20>

  File "/home/users/Scy/yuqing/spider/monitor/spiderManager.py", line 214, in get_request_from_keyword
    for request in self.spiders[platform].get_request_from_keyword(headers, search_url, keyword, content_url,
                   │    │       │                                  │        │           │        └ None
                   │    │       │                                  │        │           └ '向着新的高地冲锋'
                   │    │       │                                  │        └ <string.Template object at 0x7f91bd22fe20>
                   │    │       │                                  └ {'Connection': 'keep-alive', 'sec-ch-ua': "'Chromium';v='92',' Not A;Brand';v='99', 'Google Chrome';v='92'", 'sec-ch-ua-mobil...
                   │    │       └ '贴吧'
                   │    └ {'凤凰网': <monitor.searchSpiders.ifeng.Ifeng object at 0x7f9500a57040>, '头条': <monitor.searchSpiders.toutiao.Toutiao object at ...
                   └ <monitor.spiderManager.SearchSpidersManager object at 0x7f9500a57e20>

> File "/home/users/Scy/yuqing/spider/monitor/searchSpiders/tieba.py", line 22, in get_request_from_keyword
    response = requests.get(url, headers=headers, timeout=50)
               │        │   │            └ {'Connection': 'keep-alive', 'sec-ch-ua': "'Chromium';v='92',' Not A;Brand';v='99', 'Google Chrome';v='92'", 'sec-ch-ua-mobil...
               │        │   └ 'https://tieba.baidu.com/f/search/res?isnew=1&kw=&qw=向着新的高地冲锋&rn=10&un=&only_thread=0&sm=1&sd=&ed=&pn=27'
               │        └ <function get at 0x7f9508c683a0>
               └ <module 'requests' from '/home/chase/.local/lib/python3.8/site-packages/requests/__init__.py'>

  File "/home/chase/.local/lib/python3.8/site-packages/requests/api.py", line 75, in get
    return request('get', url, params=params, **kwargs)
           │              │           │         └ {'headers': {'Connection': 'keep-alive', 'sec-ch-ua': "'Chromium';v='92',' Not A;Brand';v='99', 'Google Chrome';v='92'", 'sec...
           │              │           └ None
           │              └ 'https://tieba.baidu.com/f/search/res?isnew=1&kw=&qw=向着新的高地冲锋&rn=10&un=&only_thread=0&sm=1&sd=&ed=&pn=27'
           └ <function request at 0x7f9508c5a1f0>
  File "/home/chase/.local/lib/python3.8/site-packages/requests/api.py", line 61, in request
    return session.request(method=method, url=url, **kwargs)
           │       │              │           │      └ {'params': None, 'headers': {'Connection': 'keep-alive', 'sec-ch-ua': "'Chromium';v='92',' Not A;Brand';v='99', 'Google Chrom...
           │       │              │           └ 'https://tieba.baidu.com/f/search/res?isnew=1&kw=&qw=向着新的高地冲锋&rn=10&un=&only_thread=0&sm=1&sd=&ed=&pn=27'
           │       │              └ 'get'
           │       └ <function Session.request at 0x7f9508c70af0>
           └ <requests.sessions.Session object at 0x7f91cdcb9bb0>
  File "/home/chase/.local/lib/python3.8/site-packages/requests/sessions.py", line 542, in request
    resp = self.send(prep, **send_kwargs)
           │    │    │       └ {'timeout': 50, 'allow_redirects': True, 'verify': True, 'proxies': OrderedDict(), 'stream': False, 'cert': None}
           │    │    └ <PreparedRequest [GET]>
           │    └ <function Session.send at 0x7f9508c70f70>
           └ <requests.sessions.Session object at 0x7f91cdcb9bb0>
  File "/home/chase/.local/lib/python3.8/site-packages/requests/sessions.py", line 677, in send
    history = [resp for resp in gen]
                                └ <generator object SessionRedirectMixin.resolve_redirects at 0x7f92e404cdd0>
  File "/home/chase/.local/lib/python3.8/site-packages/requests/sessions.py", line 677, in <listcomp>
    history = [resp for resp in gen]
  File "/home/chase/.local/lib/python3.8/site-packages/requests/sessions.py", line 237, in resolve_redirects
    resp = self.send(
           │    └ <function Session.send at 0x7f9508c70f70>
           └ <requests.sessions.Session object at 0x7f91cdcb9bb0>
  File "/home/chase/.local/lib/python3.8/site-packages/requests/sessions.py", line 655, in send
    r = adapter.send(request, **kwargs)
        │       │    │          └ {'stream': False, 'timeout': 50, 'verify': True, 'cert': None, 'proxies': OrderedDict()}
        │       │    └ <PreparedRequest [GET]>
        │       └ <function HTTPAdapter.send at 0x7f9508c70430>
        └ <requests.adapters.HTTPAdapter object at 0x7f91cddd46d0>
  File "/home/chase/.local/lib/python3.8/site-packages/requests/adapters.py", line 514, in send
    raise SSLError(e, request=request)
          │                   └ <PreparedRequest [GET]>
          └ <class 'requests.exceptions.SSLError'>

requests.exceptions.SSLError: HTTPSConnectionPool(host='wappass.baidu.com', port=443): Max retries exceeded with url: /static/captcha/tuxing.html?ak=2ef521ec36290baed33d66de9b16f625&backurl=http%3A%2F%2Ftieba.baidu.com%2Ff%2Fsearch%2Fres%3Fisnew%3D1%26kw%3D%26qw%3D%25E5%2590%2591%25E7%259D%2580%25E6%2596%25B0%25E7%259A%2584%25E9%25AB%2598%25E5%259C%25B0%25E5%2586%25B2%25E9%2594%258B%26rn%3D10%26un%3D%26only_thread%3D0%26sm%3D1%26sd%3D%26ed%3D%26pn%3D27&timestamp=1652558640&signature=958121f27bb40913a1f716cb9fe562dd (Caused by SSLError(SSLError(1, '[SSL: SSLV3_ALERT_HANDSHAKE_FAILURE] sslv3 alert handshake failure (_ssl.c:1131)')))
2022-05-15 04:07:41.146 | ERROR    | monitor.searchSpiders.tieba:get_request_from_keyword:34 - E 贴吧错误HTTPSConnectionPool(host='wappass.baidu.com', port=443): Max retries exceeded with url: /static/captcha/tuxing.html?ak=2ef521ec36290baed33d66de9b16f625&backurl=http%3A%2F%2Ftieba.baidu.com%2Ff%2Fsearch%2Fres%3Fisnew%3D1%26kw%3D%26qw%3D%25E4%25B8%2596%25E5%258D%25AB%25E7%25BB%2584%25E7%25BB%2587%25E9%259D%259E%25E6%25B4%25B2%25E5%258C%25BA%25E5%259F%259F%25E5%258A%259E%25E4%25BA%258B%25E5%25A4%2584%25EF%25BC%259A%25E5%258D%2597%25E9%2583%25A8%25E9%259D%259E%25E6%25B4%25B2%25E5%259C%25B0%25E5%258C%25BA%25E5%2587%25BA%25E7%258E%25B0%25E6%2596%25B0%25E5%2586%25A0%25E7%2596%25AB%25E6%2583%2585%25E5%258F%258D%25E5%25BC%25B9%26rn%3D10%26un%3D%26only_thread%3D0%26sm%3D1%26sd%3D%26ed%3D%26pn%3D8&timestamp=1652558861&signature=984ed3781acffba37abc87e74b704f8b (Caused by SSLError(SSLError(1, '[SSL: SSLV3_ALERT_HANDSHAKE_FAILURE] sslv3 alert handshake failure (_ssl.c:1131)')))
Traceback (most recent call last):

  File "/home/chase/.local/lib/python3.8/site-packages/urllib3/connectionpool.py", line 699, in urlopen
    httplib_response = self._make_request(
                       │    └ <function HTTPConnectionPool._make_request at 0x7f9508defc10>
                       └ <urllib3.connectionpool.HTTPSConnectionPool object at 0x7f93a44791c0>
  File "/home/chase/.local/lib/python3.8/site-packages/urllib3/connectionpool.py", line 382, in _make_request
    self._validate_conn(conn)
    │    │              └ <urllib3.connection.HTTPSConnection object at 0x7f934408ec70>
    │    └ <function HTTPSConnectionPool._validate_conn at 0x7f9508df1160>
    └ <urllib3.connectionpool.HTTPSConnectionPool object at 0x7f93a44791c0>
  File "/home/chase/.local/lib/python3.8/site-packages/urllib3/connectionpool.py", line 1010, in _validate_conn
    conn.connect()
    │    └ <function HTTPSConnection.connect at 0x7f9508dde820>
    └ <urllib3.connection.HTTPSConnection object at 0x7f934408ec70>
  File "/home/chase/.local/lib/python3.8/site-packages/urllib3/connection.py", line 416, in connect
    self.sock = ssl_wrap_socket(
    │    │      └ <function ssl_wrap_socket at 0x7f9508e57550>
    │    └ None
    └ <urllib3.connection.HTTPSConnection object at 0x7f934408ec70>
  File "/home/chase/.local/lib/python3.8/site-packages/urllib3/util/ssl_.py", line 449, in ssl_wrap_socket
    ssl_sock = _ssl_wrap_socket_impl(
               └ <function _ssl_wrap_socket_impl at 0x7f9508e57700>
  File "/home/chase/.local/lib/python3.8/site-packages/urllib3/util/ssl_.py", line 493, in _ssl_wrap_socket_impl
    return ssl_context.wrap_socket(sock, server_hostname=server_hostname)
           │           │           │                     └ 'wappass.baidu.com'
           │           │           └ <socket.socket [closed] fd=-1, family=AddressFamily.AF_INET, type=SocketKind.SOCK_STREAM, proto=6>
           │           └ <function SSLContext.wrap_socket at 0x7f9529d34dc0>
           └ <ssl.SSLContext object at 0x7f93847b4340>
  File "/usr/lib/python3.8/ssl.py", line 500, in wrap_socket
    return self.sslsocket_class._create(
           │    │               └ <classmethod object at 0x7f9529d37ac0>
           │    └ <class 'ssl.SSLSocket'>
           └ <ssl.SSLContext object at 0x7f93847b4340>
  File "/usr/lib/python3.8/ssl.py", line 1040, in _create
    self.do_handshake()
    │    └ <function SSLSocket.do_handshake at 0x7f9529d3cca0>
    └ <ssl.SSLSocket [closed] fd=-1, family=AddressFamily.AF_INET, type=SocketKind.SOCK_STREAM, proto=6>
  File "/usr/lib/python3.8/ssl.py", line 1309, in do_handshake
    self._sslobj.do_handshake()
    │    └ None
    └ <ssl.SSLSocket [closed] fd=-1, family=AddressFamily.AF_INET, type=SocketKind.SOCK_STREAM, proto=6>

ssl.SSLError: [SSL: SSLV3_ALERT_HANDSHAKE_FAILURE] sslv3 alert handshake failure (_ssl.c:1131)


During handling of the above exception, another exception occurred:


Traceback (most recent call last):

  File "/home/chase/.local/lib/python3.8/site-packages/requests/adapters.py", line 439, in send
    resp = conn.urlopen(
           │    └ <function HTTPConnectionPool.urlopen at 0x7f9508defe50>
           └ <urllib3.connectionpool.HTTPSConnectionPool object at 0x7f93a44791c0>
  File "/home/chase/.local/lib/python3.8/site-packages/urllib3/connectionpool.py", line 755, in urlopen
    retries = retries.increment(
              │       └ <function Retry.increment at 0x7f9508e321f0>
              └ Retry(total=0, connect=None, read=False, redirect=None, status=None)
  File "/home/chase/.local/lib/python3.8/site-packages/urllib3/util/retry.py", line 574, in increment
    raise MaxRetryError(_pool, url, error or ResponseError(cause))
          │             │      │    │        │             └ 'unknown'
          │             │      │    │        └ <class 'urllib3.exceptions.ResponseError'>
          │             │      │    └ SSLError(SSLError(1, '[SSL: SSLV3_ALERT_HANDSHAKE_FAILURE] sslv3 alert handshake failure (_ssl.c:1131)'))
          │             │      └ '/static/captcha/tuxing.html?ak=2ef521ec36290baed33d66de9b16f625&backurl=http%3A%2F%2Ftieba.baidu.com%2Ff%2Fsearch%2Fres%3Fis...
          │             └ <urllib3.connectionpool.HTTPSConnectionPool object at 0x7f93a44791c0>
          └ <class 'urllib3.exceptions.MaxRetryError'>

urllib3.exceptions.MaxRetryError: HTTPSConnectionPool(host='wappass.baidu.com', port=443): Max retries exceeded with url: /static/captcha/tuxing.html?ak=2ef521ec36290baed33d66de9b16f625&backurl=http%3A%2F%2Ftieba.baidu.com%2Ff%2Fsearch%2Fres%3Fisnew%3D1%26kw%3D%26qw%3D%25E4%25B8%2596%25E5%258D%25AB%25E7%25BB%2584%25E7%25BB%2587%25E9%259D%259E%25E6%25B4%25B2%25E5%258C%25BA%25E5%259F%259F%25E5%258A%259E%25E4%25BA%258B%25E5%25A4%2584%25EF%25BC%259A%25E5%258D%2597%25E9%2583%25A8%25E9%259D%259E%25E6%25B4%25B2%25E5%259C%25B0%25E5%258C%25BA%25E5%2587%25BA%25E7%258E%25B0%25E6%2596%25B0%25E5%2586%25A0%25E7%2596%25AB%25E6%2583%2585%25E5%258F%258D%25E5%25BC%25B9%26rn%3D10%26un%3D%26only_thread%3D0%26sm%3D1%26sd%3D%26ed%3D%26pn%3D8&timestamp=1652558861&signature=984ed3781acffba37abc87e74b704f8b (Caused by SSLError(SSLError(1, '[SSL: SSLV3_ALERT_HANDSHAKE_FAILURE] sslv3 alert handshake failure (_ssl.c:1131)')))


During handling of the above exception, another exception occurred:


Traceback (most recent call last):

  File "/usr/lib/python3.8/threading.py", line 890, in _bootstrap
    self._bootstrap_inner()
    │    └ <function Thread._bootstrap_inner at 0x7f952cd96a60>
    └ <Thread(Thread-12676, started daemon 140266476779264)>
  File "/usr/lib/python3.8/threading.py", line 932, in _bootstrap_inner
    self.run()
    │    └ <function Thread.run at 0x7f952cd96790>
    └ <Thread(Thread-12676, started daemon 140266476779264)>
  File "/usr/lib/python3.8/threading.py", line 870, in run
    self._target(*self._args, **self._kwargs)
    │    │        │    │        │    └ {}
    │    │        │    │        └ <Thread(Thread-12676, started daemon 140266476779264)>
    │    │        │    └ ('ProjectManager.run_func_by_thread',)
    │    │        └ <Thread(Thread-12676, started daemon 140266476779264)>
    │    └ <bound method ProjectManager.get_request_from_keywords_hot of <monitor.projectManager.ProjectManager object at 0x7f9503f344c0>>
    └ <Thread(Thread-12676, started daemon 140266476779264)>

  File "/home/users/Scy/yuqing/spider/monitor/projectManager.py", line 805, in get_request_from_keywords_hot
    self.search_spider_manager.crawl_by_keyword(
    │    │                     └ <function SearchSpidersManager.crawl_by_keyword at 0x7f9500e28ee0>
    │    └ <monitor.spiderManager.SearchSpidersManager object at 0x7f9500a57e20>
    └ <monitor.projectManager.ProjectManager object at 0x7f9503f344c0>

  File "/home/users/Scy/yuqing/spider/monitor/spiderManager.py", line 118, in crawl_by_keyword
    self.crawl_by_keyword_signal_platform(project_names, platform, keyword, crawl_time, project_times)
    │    │                                │              │         │        │           └ {'default': <monitor.TimeSection object at 0x7f9500afdf40>, 'test': <monitor.TimeSection object at 0x7f9500b10fd0>}
    │    │                                │              │         │        └ <monitor.TimeSection object at 0x7f91d41dcb50>
    │    │                                │              │         └ '世卫组织非洲区域办事处：南部非洲地区出现新冠疫情反弹'
    │    │                                │              └ '贴吧'
    │    │                                └ ['default']
    │    └ <function SearchSpidersManager.crawl_by_keyword_signal_platform at 0x7f9500e29040>
    └ <monitor.spiderManager.SearchSpidersManager object at 0x7f9500a57e20>

  File "/home/users/Scy/yuqing/spider/monitor/spiderManager.py", line 150, in crawl_by_keyword_signal_platform
    requests = self.get_request_from_keyword(platform, keyword_only, **crawl_time.to_dict())
               │    │                        │         │               │          └ <function TimeSection.to_dict at 0x7f950b1919d0>
               │    │                        │         │               └ <monitor.TimeSection object at 0x7f91d41dcb50>
               │    │                        │         └ '世卫组织非洲区域办事处：南部非洲地区出现新冠疫情反弹'
               │    │                        └ '贴吧'
               │    └ <function SearchSpidersManager.get_request_from_keyword at 0x7f9500e29160>
               └ <monitor.spiderManager.SearchSpidersManager object at 0x7f9500a57e20>

  File "/home/users/Scy/yuqing/spider/monitor/spiderManager.py", line 214, in get_request_from_keyword
    for request in self.spiders[platform].get_request_from_keyword(headers, search_url, keyword, content_url,
                   │    │       │                                  │        │           │        └ None
                   │    │       │                                  │        │           └ '世卫组织非洲区域办事处：南部非洲地区出现新冠疫情反弹'
                   │    │       │                                  │        └ <string.Template object at 0x7f93647e0550>
                   │    │       │                                  └ {'Connection': 'keep-alive', 'sec-ch-ua': "'Chromium';v='92',' Not A;Brand';v='99', 'Google Chrome';v='92'", 'sec-ch-ua-mobil...
                   │    │       └ '贴吧'
                   │    └ {'凤凰网': <monitor.searchSpiders.ifeng.Ifeng object at 0x7f9500a57040>, '头条': <monitor.searchSpiders.toutiao.Toutiao object at ...
                   └ <monitor.spiderManager.SearchSpidersManager object at 0x7f9500a57e20>

> File "/home/users/Scy/yuqing/spider/monitor/searchSpiders/tieba.py", line 22, in get_request_from_keyword
    response = requests.get(url, headers=headers, timeout=50)
               │        │   │            └ {'Connection': 'keep-alive', 'sec-ch-ua': "'Chromium';v='92',' Not A;Brand';v='99', 'Google Chrome';v='92'", 'sec-ch-ua-mobil...
               │        │   └ 'https://tieba.baidu.com/f/search/res?isnew=1&kw=&qw=世卫组织非洲区域办事处：南部非洲地区出现新冠疫情反弹&rn=10&un=&only_thread=0&sm=1&sd=&ed=&pn=8'
               │        └ <function get at 0x7f9508c683a0>
               └ <module 'requests' from '/home/chase/.local/lib/python3.8/site-packages/requests/__init__.py'>

  File "/home/chase/.local/lib/python3.8/site-packages/requests/api.py", line 75, in get
    return request('get', url, params=params, **kwargs)
           │              │           │         └ {'headers': {'Connection': 'keep-alive', 'sec-ch-ua': "'Chromium';v='92',' Not A;Brand';v='99', 'Google Chrome';v='92'", 'sec...
           │              │           └ None
           │              └ 'https://tieba.baidu.com/f/search/res?isnew=1&kw=&qw=世卫组织非洲区域办事处：南部非洲地区出现新冠疫情反弹&rn=10&un=&only_thread=0&sm=1&sd=&ed=&pn=8'
           └ <function request at 0x7f9508c5a1f0>
  File "/home/chase/.local/lib/python3.8/site-packages/requests/api.py", line 61, in request
    return session.request(method=method, url=url, **kwargs)
           │       │              │           │      └ {'params': None, 'headers': {'Connection': 'keep-alive', 'sec-ch-ua': "'Chromium';v='92',' Not A;Brand';v='99', 'Google Chrom...
           │       │              │           └ 'https://tieba.baidu.com/f/search/res?isnew=1&kw=&qw=世卫组织非洲区域办事处：南部非洲地区出现新冠疫情反弹&rn=10&un=&only_thread=0&sm=1&sd=&ed=&pn=8'
           │       │              └ 'get'
           │       └ <function Session.request at 0x7f9508c70af0>
           └ <requests.sessions.Session object at 0x7f91ddee39d0>
  File "/home/chase/.local/lib/python3.8/site-packages/requests/sessions.py", line 542, in request
    resp = self.send(prep, **send_kwargs)
           │    │    │       └ {'timeout': 50, 'allow_redirects': True, 'verify': True, 'proxies': OrderedDict(), 'stream': False, 'cert': None}
           │    │    └ <PreparedRequest [GET]>
           │    └ <function Session.send at 0x7f9508c70f70>
           └ <requests.sessions.Session object at 0x7f91ddee39d0>
  File "/home/chase/.local/lib/python3.8/site-packages/requests/sessions.py", line 677, in send
    history = [resp for resp in gen]
                                └ <generator object SessionRedirectMixin.resolve_redirects at 0x7f9344694c10>
  File "/home/chase/.local/lib/python3.8/site-packages/requests/sessions.py", line 677, in <listcomp>
    history = [resp for resp in gen]
  File "/home/chase/.local/lib/python3.8/site-packages/requests/sessions.py", line 237, in resolve_redirects
    resp = self.send(
           │    └ <function Session.send at 0x7f9508c70f70>
           └ <requests.sessions.Session object at 0x7f91ddee39d0>
  File "/home/chase/.local/lib/python3.8/site-packages/requests/sessions.py", line 655, in send
    r = adapter.send(request, **kwargs)
        │       │    │          └ {'stream': False, 'timeout': 50, 'verify': True, 'cert': None, 'proxies': OrderedDict()}
        │       │    └ <PreparedRequest [GET]>
        │       └ <function HTTPAdapter.send at 0x7f9508c70430>
        └ <requests.adapters.HTTPAdapter object at 0x7f91b138fca0>
  File "/home/chase/.local/lib/python3.8/site-packages/requests/adapters.py", line 514, in send
    raise SSLError(e, request=request)
          │                   └ <PreparedRequest [GET]>
          └ <class 'requests.exceptions.SSLError'>

requests.exceptions.SSLError: HTTPSConnectionPool(host='wappass.baidu.com', port=443): Max retries exceeded with url: /static/captcha/tuxing.html?ak=2ef521ec36290baed33d66de9b16f625&backurl=http%3A%2F%2Ftieba.baidu.com%2Ff%2Fsearch%2Fres%3Fisnew%3D1%26kw%3D%26qw%3D%25E4%25B8%2596%25E5%258D%25AB%25E7%25BB%2584%25E7%25BB%2587%25E9%259D%259E%25E6%25B4%25B2%25E5%258C%25BA%25E5%259F%259F%25E5%258A%259E%25E4%25BA%258B%25E5%25A4%2584%25EF%25BC%259A%25E5%258D%2597%25E9%2583%25A8%25E9%259D%259E%25E6%25B4%25B2%25E5%259C%25B0%25E5%258C%25BA%25E5%2587%25BA%25E7%258E%25B0%25E6%2596%25B0%25E5%2586%25A0%25E7%2596%25AB%25E6%2583%2585%25E5%258F%258D%25E5%25BC%25B9%26rn%3D10%26un%3D%26only_thread%3D0%26sm%3D1%26sd%3D%26ed%3D%26pn%3D8&timestamp=1652558861&signature=984ed3781acffba37abc87e74b704f8b (Caused by SSLError(SSLError(1, '[SSL: SSLV3_ALERT_HANDSHAKE_FAILURE] sslv3 alert handshake failure (_ssl.c:1131)')))
2022-05-15 04:19:13.473 | ERROR    | monitor.searchSpiders.tieba:get_request_from_keyword:34 - E 贴吧错误HTTPSConnectionPool(host='wappass.baidu.com', port=443): Max retries exceeded with url: /static/captcha/tuxing.html?ak=2ef521ec36290baed33d66de9b16f625&backurl=http%3A%2F%2Ftieba.baidu.com%2Ff%2Fsearch%2Fres%3Fisnew%3D1%26kw%3D%26qw%3D%25E7%259B%25B4%25E6%2592%25AD%25E5%25B8%25A6%25E5%25B2%2597%25EF%25BC%258C%25E5%25B7%25A5%25E4%25BD%259C%25E8%25A7%25A6%25E2%2580%259C%25E5%25B1%258F%25E2%2580%259D%25E5%258F%25AF%25E5%258F%258A%25EF%25BC%2588%25E7%25BD%2591%25E4%25B8%258A%25E4%25B8%25AD%25E5%259B%25BD%25EF%25BC%2589%26rn%3D10%26un%3D%26only_thread%3D0%26sm%3D1%26sd%3D%26ed%3D%26pn%3D4&timestamp=1652559553&signature=c44da4e8766ba771f1b0d25561bc09bd (Caused by SSLError(SSLError(1, '[SSL: SSLV3_ALERT_HANDSHAKE_FAILURE] sslv3 alert handshake failure (_ssl.c:1131)')))
Traceback (most recent call last):

  File "/home/chase/.local/lib/python3.8/site-packages/urllib3/connectionpool.py", line 699, in urlopen
    httplib_response = self._make_request(
                       │    └ <function HTTPConnectionPool._make_request at 0x7f9508defc10>
                       └ <urllib3.connectionpool.HTTPSConnectionPool object at 0x7f916f1a3130>
  File "/home/chase/.local/lib/python3.8/site-packages/urllib3/connectionpool.py", line 382, in _make_request
    self._validate_conn(conn)
    │    │              └ <urllib3.connection.HTTPSConnection object at 0x7f93e46301f0>
    │    └ <function HTTPSConnectionPool._validate_conn at 0x7f9508df1160>
    └ <urllib3.connectionpool.HTTPSConnectionPool object at 0x7f916f1a3130>
  File "/home/chase/.local/lib/python3.8/site-packages/urllib3/connectionpool.py", line 1010, in _validate_conn
    conn.connect()
    │    └ <function HTTPSConnection.connect at 0x7f9508dde820>
    └ <urllib3.connection.HTTPSConnection object at 0x7f93e46301f0>
  File "/home/chase/.local/lib/python3.8/site-packages/urllib3/connection.py", line 416, in connect
    self.sock = ssl_wrap_socket(
    │    │      └ <function ssl_wrap_socket at 0x7f9508e57550>
    │    └ None
    └ <urllib3.connection.HTTPSConnection object at 0x7f93e46301f0>
  File "/home/chase/.local/lib/python3.8/site-packages/urllib3/util/ssl_.py", line 449, in ssl_wrap_socket
    ssl_sock = _ssl_wrap_socket_impl(
               └ <function _ssl_wrap_socket_impl at 0x7f9508e57700>
  File "/home/chase/.local/lib/python3.8/site-packages/urllib3/util/ssl_.py", line 493, in _ssl_wrap_socket_impl
    return ssl_context.wrap_socket(sock, server_hostname=server_hostname)
           │           │           │                     └ 'wappass.baidu.com'
           │           │           └ <socket.socket [closed] fd=-1, family=AddressFamily.AF_INET, type=SocketKind.SOCK_STREAM, proto=6>
           │           └ <function SSLContext.wrap_socket at 0x7f9529d34dc0>
           └ <ssl.SSLContext object at 0x7f91bb053740>
  File "/usr/lib/python3.8/ssl.py", line 500, in wrap_socket
    return self.sslsocket_class._create(
           │    │               └ <classmethod object at 0x7f9529d37ac0>
           │    └ <class 'ssl.SSLSocket'>
           └ <ssl.SSLContext object at 0x7f91bb053740>
  File "/usr/lib/python3.8/ssl.py", line 1040, in _create
    self.do_handshake()
    │    └ <function SSLSocket.do_handshake at 0x7f9529d3cca0>
    └ <ssl.SSLSocket [closed] fd=-1, family=AddressFamily.AF_INET, type=SocketKind.SOCK_STREAM, proto=6>
  File "/usr/lib/python3.8/ssl.py", line 1309, in do_handshake
    self._sslobj.do_handshake()
    │    └ None
    └ <ssl.SSLSocket [closed] fd=-1, family=AddressFamily.AF_INET, type=SocketKind.SOCK_STREAM, proto=6>

ssl.SSLError: [SSL: SSLV3_ALERT_HANDSHAKE_FAILURE] sslv3 alert handshake failure (_ssl.c:1131)


During handling of the above exception, another exception occurred:


Traceback (most recent call last):

  File "/home/chase/.local/lib/python3.8/site-packages/requests/adapters.py", line 439, in send
    resp = conn.urlopen(
           │    └ <function HTTPConnectionPool.urlopen at 0x7f9508defe50>
           └ <urllib3.connectionpool.HTTPSConnectionPool object at 0x7f916f1a3130>
  File "/home/chase/.local/lib/python3.8/site-packages/urllib3/connectionpool.py", line 755, in urlopen
    retries = retries.increment(
              │       └ <function Retry.increment at 0x7f9508e321f0>
              └ Retry(total=0, connect=None, read=False, redirect=None, status=None)
  File "/home/chase/.local/lib/python3.8/site-packages/urllib3/util/retry.py", line 574, in increment
    raise MaxRetryError(_pool, url, error or ResponseError(cause))
          │             │      │    │        │             └ 'unknown'
          │             │      │    │        └ <class 'urllib3.exceptions.ResponseError'>
          │             │      │    └ SSLError(SSLError(1, '[SSL: SSLV3_ALERT_HANDSHAKE_FAILURE] sslv3 alert handshake failure (_ssl.c:1131)'))
          │             │      └ '/static/captcha/tuxing.html?ak=2ef521ec36290baed33d66de9b16f625&backurl=http%3A%2F%2Ftieba.baidu.com%2Ff%2Fsearch%2Fres%3Fis...
          │             └ <urllib3.connectionpool.HTTPSConnectionPool object at 0x7f916f1a3130>
          └ <class 'urllib3.exceptions.MaxRetryError'>

urllib3.exceptions.MaxRetryError: HTTPSConnectionPool(host='wappass.baidu.com', port=443): Max retries exceeded with url: /static/captcha/tuxing.html?ak=2ef521ec36290baed33d66de9b16f625&backurl=http%3A%2F%2Ftieba.baidu.com%2Ff%2Fsearch%2Fres%3Fisnew%3D1%26kw%3D%26qw%3D%25E7%259B%25B4%25E6%2592%25AD%25E5%25B8%25A6%25E5%25B2%2597%25EF%25BC%258C%25E5%25B7%25A5%25E4%25BD%259C%25E8%25A7%25A6%25E2%2580%259C%25E5%25B1%258F%25E2%2580%259D%25E5%258F%25AF%25E5%258F%258A%25EF%25BC%2588%25E7%25BD%2591%25E4%25B8%258A%25E4%25B8%25AD%25E5%259B%25BD%25EF%25BC%2589%26rn%3D10%26un%3D%26only_thread%3D0%26sm%3D1%26sd%3D%26ed%3D%26pn%3D4&timestamp=1652559553&signature=c44da4e8766ba771f1b0d25561bc09bd (Caused by SSLError(SSLError(1, '[SSL: SSLV3_ALERT_HANDSHAKE_FAILURE] sslv3 alert handshake failure (_ssl.c:1131)')))


During handling of the above exception, another exception occurred:


Traceback (most recent call last):

  File "/usr/lib/python3.8/threading.py", line 890, in _bootstrap
    self._bootstrap_inner()
    │    └ <function Thread._bootstrap_inner at 0x7f952cd96a60>
    └ <Thread(Thread-10905, started daemon 140265636980480)>
  File "/usr/lib/python3.8/threading.py", line 932, in _bootstrap_inner
    self.run()
    │    └ <function Thread.run at 0x7f952cd96790>
    └ <Thread(Thread-10905, started daemon 140265636980480)>
  File "/usr/lib/python3.8/threading.py", line 870, in run
    self._target(*self._args, **self._kwargs)
    │    │        │    │        │    └ {}
    │    │        │    │        └ <Thread(Thread-10905, started daemon 140265636980480)>
    │    │        │    └ ('ProjectManager.run_func_by_thread',)
    │    │        └ <Thread(Thread-10905, started daemon 140265636980480)>
    │    └ <bound method ProjectManager.get_request_from_keywords_hot of <monitor.projectManager.ProjectManager object at 0x7f9503f344c0>>
    └ <Thread(Thread-10905, started daemon 140265636980480)>

  File "/home/users/Scy/yuqing/spider/monitor/projectManager.py", line 805, in get_request_from_keywords_hot
    self.search_spider_manager.crawl_by_keyword(
    │    │                     └ <function SearchSpidersManager.crawl_by_keyword at 0x7f9500e28ee0>
    │    └ <monitor.spiderManager.SearchSpidersManager object at 0x7f9500a57e20>
    └ <monitor.projectManager.ProjectManager object at 0x7f9503f344c0>

  File "/home/users/Scy/yuqing/spider/monitor/spiderManager.py", line 118, in crawl_by_keyword
    self.crawl_by_keyword_signal_platform(project_names, platform, keyword, crawl_time, project_times)
    │    │                                │              │         │        │           └ {'default': <monitor.TimeSection object at 0x7f9500afdf40>, 'test': <monitor.TimeSection object at 0x7f9500b10fd0>}
    │    │                                │              │         │        └ <monitor.TimeSection object at 0x7f940440b430>
    │    │                                │              │         └ '直播带岗，工作触“屏”可及（网上中国）'
    │    │                                │              └ '贴吧'
    │    │                                └ ['default']
    │    └ <function SearchSpidersManager.crawl_by_keyword_signal_platform at 0x7f9500e29040>
    └ <monitor.spiderManager.SearchSpidersManager object at 0x7f9500a57e20>

  File "/home/users/Scy/yuqing/spider/monitor/spiderManager.py", line 150, in crawl_by_keyword_signal_platform
    requests = self.get_request_from_keyword(platform, keyword_only, **crawl_time.to_dict())
               │    │                        │         │               │          └ <function TimeSection.to_dict at 0x7f950b1919d0>
               │    │                        │         │               └ <monitor.TimeSection object at 0x7f940440b430>
               │    │                        │         └ '直播带岗，工作触“屏”可及（网上中国）'
               │    │                        └ '贴吧'
               │    └ <function SearchSpidersManager.get_request_from_keyword at 0x7f9500e29160>
               └ <monitor.spiderManager.SearchSpidersManager object at 0x7f9500a57e20>

  File "/home/users/Scy/yuqing/spider/monitor/spiderManager.py", line 214, in get_request_from_keyword
    for request in self.spiders[platform].get_request_from_keyword(headers, search_url, keyword, content_url,
                   │    │       │                                  │        │           │        └ None
                   │    │       │                                  │        │           └ '直播带岗，工作触“屏”可及（网上中国）'
                   │    │       │                                  │        └ <string.Template object at 0x7f917cab9910>
                   │    │       │                                  └ {'Connection': 'keep-alive', 'sec-ch-ua': "'Chromium';v='92',' Not A;Brand';v='99', 'Google Chrome';v='92'", 'sec-ch-ua-mobil...
                   │    │       └ '贴吧'
                   │    └ {'凤凰网': <monitor.searchSpiders.ifeng.Ifeng object at 0x7f9500a57040>, '头条': <monitor.searchSpiders.toutiao.Toutiao object at ...
                   └ <monitor.spiderManager.SearchSpidersManager object at 0x7f9500a57e20>

> File "/home/users/Scy/yuqing/spider/monitor/searchSpiders/tieba.py", line 22, in get_request_from_keyword
    response = requests.get(url, headers=headers, timeout=50)
               │        │   │            └ {'Connection': 'keep-alive', 'sec-ch-ua': "'Chromium';v='92',' Not A;Brand';v='99', 'Google Chrome';v='92'", 'sec-ch-ua-mobil...
               │        │   └ 'https://tieba.baidu.com/f/search/res?isnew=1&kw=&qw=直播带岗，工作触“屏”可及（网上中国）&rn=10&un=&only_thread=0&sm=1&sd=&ed=&pn=4'
               │        └ <function get at 0x7f9508c683a0>
               └ <module 'requests' from '/home/chase/.local/lib/python3.8/site-packages/requests/__init__.py'>

  File "/home/chase/.local/lib/python3.8/site-packages/requests/api.py", line 75, in get
    return request('get', url, params=params, **kwargs)
           │              │           │         └ {'headers': {'Connection': 'keep-alive', 'sec-ch-ua': "'Chromium';v='92',' Not A;Brand';v='99', 'Google Chrome';v='92'", 'sec...
           │              │           └ None
           │              └ 'https://tieba.baidu.com/f/search/res?isnew=1&kw=&qw=直播带岗，工作触“屏”可及（网上中国）&rn=10&un=&only_thread=0&sm=1&sd=&ed=&pn=4'
           └ <function request at 0x7f9508c5a1f0>
  File "/home/chase/.local/lib/python3.8/site-packages/requests/api.py", line 61, in request
    return session.request(method=method, url=url, **kwargs)
           │       │              │           │      └ {'params': None, 'headers': {'Connection': 'keep-alive', 'sec-ch-ua': "'Chromium';v='92',' Not A;Brand';v='99', 'Google Chrom...
           │       │              │           └ 'https://tieba.baidu.com/f/search/res?isnew=1&kw=&qw=直播带岗，工作触“屏”可及（网上中国）&rn=10&un=&only_thread=0&sm=1&sd=&ed=&pn=4'
           │       │              └ 'get'
           │       └ <function Session.request at 0x7f9508c70af0>
           └ <requests.sessions.Session object at 0x7f91eb0216a0>
  File "/home/chase/.local/lib/python3.8/site-packages/requests/sessions.py", line 542, in request
    resp = self.send(prep, **send_kwargs)
           │    │    │       └ {'timeout': 50, 'allow_redirects': True, 'verify': True, 'proxies': OrderedDict(), 'stream': False, 'cert': None}
           │    │    └ <PreparedRequest [GET]>
           │    └ <function Session.send at 0x7f9508c70f70>
           └ <requests.sessions.Session object at 0x7f91eb0216a0>
  File "/home/chase/.local/lib/python3.8/site-packages/requests/sessions.py", line 677, in send
    history = [resp for resp in gen]
                                └ <generator object SessionRedirectMixin.resolve_redirects at 0x7f938423d0b0>
  File "/home/chase/.local/lib/python3.8/site-packages/requests/sessions.py", line 677, in <listcomp>
    history = [resp for resp in gen]
  File "/home/chase/.local/lib/python3.8/site-packages/requests/sessions.py", line 237, in resolve_redirects
    resp = self.send(
           │    └ <function Session.send at 0x7f9508c70f70>
           └ <requests.sessions.Session object at 0x7f91eb0216a0>
  File "/home/chase/.local/lib/python3.8/site-packages/requests/sessions.py", line 655, in send
    r = adapter.send(request, **kwargs)
        │       │    │          └ {'stream': False, 'timeout': 50, 'verify': True, 'cert': None, 'proxies': OrderedDict()}
        │       │    └ <PreparedRequest [GET]>
        │       └ <function HTTPAdapter.send at 0x7f9508c70430>
        └ <requests.adapters.HTTPAdapter object at 0x7f926c107ee0>
  File "/home/chase/.local/lib/python3.8/site-packages/requests/adapters.py", line 514, in send
    raise SSLError(e, request=request)
          │                   └ <PreparedRequest [GET]>
          └ <class 'requests.exceptions.SSLError'>

requests.exceptions.SSLError: HTTPSConnectionPool(host='wappass.baidu.com', port=443): Max retries exceeded with url: /static/captcha/tuxing.html?ak=2ef521ec36290baed33d66de9b16f625&backurl=http%3A%2F%2Ftieba.baidu.com%2Ff%2Fsearch%2Fres%3Fisnew%3D1%26kw%3D%26qw%3D%25E7%259B%25B4%25E6%2592%25AD%25E5%25B8%25A6%25E5%25B2%2597%25EF%25BC%258C%25E5%25B7%25A5%25E4%25BD%259C%25E8%25A7%25A6%25E2%2580%259C%25E5%25B1%258F%25E2%2580%259D%25E5%258F%25AF%25E5%258F%258A%25EF%25BC%2588%25E7%25BD%2591%25E4%25B8%258A%25E4%25B8%25AD%25E5%259B%25BD%25EF%25BC%2589%26rn%3D10%26un%3D%26only_thread%3D0%26sm%3D1%26sd%3D%26ed%3D%26pn%3D4&timestamp=1652559553&signature=c44da4e8766ba771f1b0d25561bc09bd (Caused by SSLError(SSLError(1, '[SSL: SSLV3_ALERT_HANDSHAKE_FAILURE] sslv3 alert handshake failure (_ssl.c:1131)')))
2022-05-15 04:31:40.591 | ERROR    | monitor.searchSpiders.tieba:get_request_from_keyword:34 - E 贴吧错误HTTPSConnectionPool(host='wappass.baidu.com', port=443): Max retries exceeded with url: /static/captcha/tuxing.html?ak=2ef521ec36290baed33d66de9b16f625&backurl=http%3A%2F%2Ftieba.baidu.com%2Ff%2Fsearch%2Fres%3Fisnew%3D1%26kw%3D%26qw%3D%25E6%25B2%25B3%25E5%258C%2597%25E5%2586%2585%25E4%25B8%2598%25EF%25BC%259A%25E9%2587%2591%25E9%2593%25B6%25E8%258A%25B1%25E5%25BC%2580%25E5%25AF%258C%25E5%2586%259C%25E5%25AE%25B6%26rn%3D10%26un%3D%26only_thread%3D0%26sm%3D1%26sd%3D%26ed%3D%26pn%3D21&timestamp=1652560300&signature=fc9e192bfe9853e59559731176fa8bfd (Caused by SSLError(SSLError(1, '[SSL: SSLV3_ALERT_HANDSHAKE_FAILURE] sslv3 alert handshake failure (_ssl.c:1131)')))
Traceback (most recent call last):

  File "/home/chase/.local/lib/python3.8/site-packages/urllib3/connectionpool.py", line 699, in urlopen
    httplib_response = self._make_request(
                       │    └ <function HTTPConnectionPool._make_request at 0x7f9508defc10>
                       └ <urllib3.connectionpool.HTTPSConnectionPool object at 0x7f91bd234250>
  File "/home/chase/.local/lib/python3.8/site-packages/urllib3/connectionpool.py", line 382, in _make_request
    self._validate_conn(conn)
    │    │              └ <urllib3.connection.HTTPSConnection object at 0x7f9172cfbc10>
    │    └ <function HTTPSConnectionPool._validate_conn at 0x7f9508df1160>
    └ <urllib3.connectionpool.HTTPSConnectionPool object at 0x7f91bd234250>
  File "/home/chase/.local/lib/python3.8/site-packages/urllib3/connectionpool.py", line 1010, in _validate_conn
    conn.connect()
    │    └ <function HTTPSConnection.connect at 0x7f9508dde820>
    └ <urllib3.connection.HTTPSConnection object at 0x7f9172cfbc10>
  File "/home/chase/.local/lib/python3.8/site-packages/urllib3/connection.py", line 416, in connect
    self.sock = ssl_wrap_socket(
    │    │      └ <function ssl_wrap_socket at 0x7f9508e57550>
    │    └ None
    └ <urllib3.connection.HTTPSConnection object at 0x7f9172cfbc10>
  File "/home/chase/.local/lib/python3.8/site-packages/urllib3/util/ssl_.py", line 449, in ssl_wrap_socket
    ssl_sock = _ssl_wrap_socket_impl(
               └ <function _ssl_wrap_socket_impl at 0x7f9508e57700>
  File "/home/chase/.local/lib/python3.8/site-packages/urllib3/util/ssl_.py", line 493, in _ssl_wrap_socket_impl
    return ssl_context.wrap_socket(sock, server_hostname=server_hostname)
           │           │           │                     └ 'wappass.baidu.com'
           │           │           └ <socket.socket [closed] fd=-1, family=AddressFamily.AF_INET, type=SocketKind.SOCK_STREAM, proto=6>
           │           └ <function SSLContext.wrap_socket at 0x7f9529d34dc0>
           └ <ssl.SSLContext object at 0x7f9185775a40>
  File "/usr/lib/python3.8/ssl.py", line 500, in wrap_socket
    return self.sslsocket_class._create(
           │    │               └ <classmethod object at 0x7f9529d37ac0>
           │    └ <class 'ssl.SSLSocket'>
           └ <ssl.SSLContext object at 0x7f9185775a40>
  File "/usr/lib/python3.8/ssl.py", line 1040, in _create
    self.do_handshake()
    │    └ <function SSLSocket.do_handshake at 0x7f9529d3cca0>
    └ <ssl.SSLSocket [closed] fd=-1, family=AddressFamily.AF_INET, type=SocketKind.SOCK_STREAM, proto=6>
  File "/usr/lib/python3.8/ssl.py", line 1309, in do_handshake
    self._sslobj.do_handshake()
    │    └ None
    └ <ssl.SSLSocket [closed] fd=-1, family=AddressFamily.AF_INET, type=SocketKind.SOCK_STREAM, proto=6>

ssl.SSLError: [SSL: SSLV3_ALERT_HANDSHAKE_FAILURE] sslv3 alert handshake failure (_ssl.c:1131)


During handling of the above exception, another exception occurred:


Traceback (most recent call last):

  File "/home/chase/.local/lib/python3.8/site-packages/requests/adapters.py", line 439, in send
    resp = conn.urlopen(
           │    └ <function HTTPConnectionPool.urlopen at 0x7f9508defe50>
           └ <urllib3.connectionpool.HTTPSConnectionPool object at 0x7f91bd234250>
  File "/home/chase/.local/lib/python3.8/site-packages/urllib3/connectionpool.py", line 755, in urlopen
    retries = retries.increment(
              │       └ <function Retry.increment at 0x7f9508e321f0>
              └ Retry(total=0, connect=None, read=False, redirect=None, status=None)
  File "/home/chase/.local/lib/python3.8/site-packages/urllib3/util/retry.py", line 574, in increment
    raise MaxRetryError(_pool, url, error or ResponseError(cause))
          │             │      │    │        │             └ 'unknown'
          │             │      │    │        └ <class 'urllib3.exceptions.ResponseError'>
          │             │      │    └ SSLError(SSLError(1, '[SSL: SSLV3_ALERT_HANDSHAKE_FAILURE] sslv3 alert handshake failure (_ssl.c:1131)'))
          │             │      └ '/static/captcha/tuxing.html?ak=2ef521ec36290baed33d66de9b16f625&backurl=http%3A%2F%2Ftieba.baidu.com%2Ff%2Fsearch%2Fres%3Fis...
          │             └ <urllib3.connectionpool.HTTPSConnectionPool object at 0x7f91bd234250>
          └ <class 'urllib3.exceptions.MaxRetryError'>

urllib3.exceptions.MaxRetryError: HTTPSConnectionPool(host='wappass.baidu.com', port=443): Max retries exceeded with url: /static/captcha/tuxing.html?ak=2ef521ec36290baed33d66de9b16f625&backurl=http%3A%2F%2Ftieba.baidu.com%2Ff%2Fsearch%2Fres%3Fisnew%3D1%26kw%3D%26qw%3D%25E6%25B2%25B3%25E5%258C%2597%25E5%2586%2585%25E4%25B8%2598%25EF%25BC%259A%25E9%2587%2591%25E9%2593%25B6%25E8%258A%25B1%25E5%25BC%2580%25E5%25AF%258C%25E5%2586%259C%25E5%25AE%25B6%26rn%3D10%26un%3D%26only_thread%3D0%26sm%3D1%26sd%3D%26ed%3D%26pn%3D21&timestamp=1652560300&signature=fc9e192bfe9853e59559731176fa8bfd (Caused by SSLError(SSLError(1, '[SSL: SSLV3_ALERT_HANDSHAKE_FAILURE] sslv3 alert handshake failure (_ssl.c:1131)')))


During handling of the above exception, another exception occurred:


Traceback (most recent call last):

  File "/usr/lib/python3.8/threading.py", line 890, in _bootstrap
    self._bootstrap_inner()
    │    └ <function Thread._bootstrap_inner at 0x7f952cd96a60>
    └ <Thread(Thread-12589, started daemon 140266148935424)>
  File "/usr/lib/python3.8/threading.py", line 932, in _bootstrap_inner
    self.run()
    │    └ <function Thread.run at 0x7f952cd96790>
    └ <Thread(Thread-12589, started daemon 140266148935424)>
  File "/usr/lib/python3.8/threading.py", line 870, in run
    self._target(*self._args, **self._kwargs)
    │    │        │    │        │    └ {}
    │    │        │    │        └ <Thread(Thread-12589, started daemon 140266148935424)>
    │    │        │    └ ('ProjectManager.run_func_by_thread',)
    │    │        └ <Thread(Thread-12589, started daemon 140266148935424)>
    │    └ <bound method ProjectManager.get_request_from_keywords_hot of <monitor.projectManager.ProjectManager object at 0x7f9503f344c0>>
    └ <Thread(Thread-12589, started daemon 140266148935424)>

  File "/home/users/Scy/yuqing/spider/monitor/projectManager.py", line 805, in get_request_from_keywords_hot
    self.search_spider_manager.crawl_by_keyword(
    │    │                     └ <function SearchSpidersManager.crawl_by_keyword at 0x7f9500e28ee0>
    │    └ <monitor.spiderManager.SearchSpidersManager object at 0x7f9500a57e20>
    └ <monitor.projectManager.ProjectManager object at 0x7f9503f344c0>

  File "/home/users/Scy/yuqing/spider/monitor/spiderManager.py", line 118, in crawl_by_keyword
    self.crawl_by_keyword_signal_platform(project_names, platform, keyword, crawl_time, project_times)
    │    │                                │              │         │        │           └ {'default': <monitor.TimeSection object at 0x7f9500afdf40>, 'test': <monitor.TimeSection object at 0x7f9500b10fd0>}
    │    │                                │              │         │        └ <monitor.TimeSection object at 0x7f9172cfb580>
    │    │                                │              │         └ '河北内丘：金银花开富农家'
    │    │                                │              └ '贴吧'
    │    │                                └ ['default']
    │    └ <function SearchSpidersManager.crawl_by_keyword_signal_platform at 0x7f9500e29040>
    └ <monitor.spiderManager.SearchSpidersManager object at 0x7f9500a57e20>

  File "/home/users/Scy/yuqing/spider/monitor/spiderManager.py", line 150, in crawl_by_keyword_signal_platform
    requests = self.get_request_from_keyword(platform, keyword_only, **crawl_time.to_dict())
               │    │                        │         │               │          └ <function TimeSection.to_dict at 0x7f950b1919d0>
               │    │                        │         │               └ <monitor.TimeSection object at 0x7f9172cfb580>
               │    │                        │         └ '河北内丘：金银花开富农家'
               │    │                        └ '贴吧'
               │    └ <function SearchSpidersManager.get_request_from_keyword at 0x7f9500e29160>
               └ <monitor.spiderManager.SearchSpidersManager object at 0x7f9500a57e20>

  File "/home/users/Scy/yuqing/spider/monitor/spiderManager.py", line 214, in get_request_from_keyword
    for request in self.spiders[platform].get_request_from_keyword(headers, search_url, keyword, content_url,
                   │    │       │                                  │        │           │        └ None
                   │    │       │                                  │        │           └ '河北内丘：金银花开富农家'
                   │    │       │                                  │        └ <string.Template object at 0x7f916f362970>
                   │    │       │                                  └ {'Connection': 'keep-alive', 'sec-ch-ua': "'Chromium';v='92',' Not A;Brand';v='99', 'Google Chrome';v='92'", 'sec-ch-ua-mobil...
                   │    │       └ '贴吧'
                   │    └ {'凤凰网': <monitor.searchSpiders.ifeng.Ifeng object at 0x7f9500a57040>, '头条': <monitor.searchSpiders.toutiao.Toutiao object at ...
                   └ <monitor.spiderManager.SearchSpidersManager object at 0x7f9500a57e20>

> File "/home/users/Scy/yuqing/spider/monitor/searchSpiders/tieba.py", line 22, in get_request_from_keyword
    response = requests.get(url, headers=headers, timeout=50)
               │        │   │            └ {'Connection': 'keep-alive', 'sec-ch-ua': "'Chromium';v='92',' Not A;Brand';v='99', 'Google Chrome';v='92'", 'sec-ch-ua-mobil...
               │        │   └ 'https://tieba.baidu.com/f/search/res?isnew=1&kw=&qw=河北内丘：金银花开富农家&rn=10&un=&only_thread=0&sm=1&sd=&ed=&pn=21'
               │        └ <function get at 0x7f9508c683a0>
               └ <module 'requests' from '/home/chase/.local/lib/python3.8/site-packages/requests/__init__.py'>

  File "/home/chase/.local/lib/python3.8/site-packages/requests/api.py", line 75, in get
    return request('get', url, params=params, **kwargs)
           │              │           │         └ {'headers': {'Connection': 'keep-alive', 'sec-ch-ua': "'Chromium';v='92',' Not A;Brand';v='99', 'Google Chrome';v='92'", 'sec...
           │              │           └ None
           │              └ 'https://tieba.baidu.com/f/search/res?isnew=1&kw=&qw=河北内丘：金银花开富农家&rn=10&un=&only_thread=0&sm=1&sd=&ed=&pn=21'
           └ <function request at 0x7f9508c5a1f0>
  File "/home/chase/.local/lib/python3.8/site-packages/requests/api.py", line 61, in request
    return session.request(method=method, url=url, **kwargs)
           │       │              │           │      └ {'params': None, 'headers': {'Connection': 'keep-alive', 'sec-ch-ua': "'Chromium';v='92',' Not A;Brand';v='99', 'Google Chrom...
           │       │              │           └ 'https://tieba.baidu.com/f/search/res?isnew=1&kw=&qw=河北内丘：金银花开富农家&rn=10&un=&only_thread=0&sm=1&sd=&ed=&pn=21'
           │       │              └ 'get'
           │       └ <function Session.request at 0x7f9508c70af0>
           └ <requests.sessions.Session object at 0x7f93e4231550>
  File "/home/chase/.local/lib/python3.8/site-packages/requests/sessions.py", line 542, in request
    resp = self.send(prep, **send_kwargs)
           │    │    │       └ {'timeout': 50, 'allow_redirects': True, 'verify': True, 'proxies': OrderedDict(), 'stream': False, 'cert': None}
           │    │    └ <PreparedRequest [GET]>
           │    └ <function Session.send at 0x7f9508c70f70>
           └ <requests.sessions.Session object at 0x7f93e4231550>
  File "/home/chase/.local/lib/python3.8/site-packages/requests/sessions.py", line 677, in send
    history = [resp for resp in gen]
                                └ <generator object SessionRedirectMixin.resolve_redirects at 0x7f92a42a3040>
  File "/home/chase/.local/lib/python3.8/site-packages/requests/sessions.py", line 677, in <listcomp>
    history = [resp for resp in gen]
  File "/home/chase/.local/lib/python3.8/site-packages/requests/sessions.py", line 237, in resolve_redirects
    resp = self.send(
           │    └ <function Session.send at 0x7f9508c70f70>
           └ <requests.sessions.Session object at 0x7f93e4231550>
  File "/home/chase/.local/lib/python3.8/site-packages/requests/sessions.py", line 655, in send
    r = adapter.send(request, **kwargs)
        │       │    │          └ {'stream': False, 'timeout': 50, 'verify': True, 'cert': None, 'proxies': OrderedDict()}
        │       │    └ <PreparedRequest [GET]>
        │       └ <function HTTPAdapter.send at 0x7f9508c70430>
        └ <requests.adapters.HTTPAdapter object at 0x7f919308d9a0>
  File "/home/chase/.local/lib/python3.8/site-packages/requests/adapters.py", line 514, in send
    raise SSLError(e, request=request)
          │                   └ <PreparedRequest [GET]>
          └ <class 'requests.exceptions.SSLError'>

requests.exceptions.SSLError: HTTPSConnectionPool(host='wappass.baidu.com', port=443): Max retries exceeded with url: /static/captcha/tuxing.html?ak=2ef521ec36290baed33d66de9b16f625&backurl=http%3A%2F%2Ftieba.baidu.com%2Ff%2Fsearch%2Fres%3Fisnew%3D1%26kw%3D%26qw%3D%25E6%25B2%25B3%25E5%258C%2597%25E5%2586%2585%25E4%25B8%2598%25EF%25BC%259A%25E9%2587%2591%25E9%2593%25B6%25E8%258A%25B1%25E5%25BC%2580%25E5%25AF%258C%25E5%2586%259C%25E5%25AE%25B6%26rn%3D10%26un%3D%26only_thread%3D0%26sm%3D1%26sd%3D%26ed%3D%26pn%3D21&timestamp=1652560300&signature=fc9e192bfe9853e59559731176fa8bfd (Caused by SSLError(SSLError(1, '[SSL: SSLV3_ALERT_HANDSHAKE_FAILURE] sslv3 alert handshake failure (_ssl.c:1131)')))
2022-05-15 04:37:40.621 | ERROR    | monitor.searchSpiders.tieba:get_request_from_keyword:34 - E 贴吧错误HTTPSConnectionPool(host='wappass.baidu.com', port=443): Max retries exceeded with url: /static/captcha/tuxing.html?ak=2ef521ec36290baed33d66de9b16f625&backurl=http%3A%2F%2Ftieba.baidu.com%2Ff%2Fsearch%2Fres%3Fisnew%3D1%26kw%3D%26qw%3D%25E7%258E%258B%25E6%25AF%2585%25E5%2590%258C%25E5%25B8%258C%25E8%2585%258A%25E5%25A4%2596%25E9%2595%25BF%25E7%2599%25BB%25E8%25BF%25AA%25E4%25BA%259A%25E6%2596%25AF%25E9%2580%259A%25E7%2594%25B5%25E8%25AF%259D%26rn%3D10%26un%3D%26only_thread%3D0%26sm%3D1%26sd%3D%26ed%3D%26pn%3D5&timestamp=1652560660&signature=a9a07c910e2764f46b92dc8f9fac6fff (Caused by SSLError(SSLError(1, '[SSL: SSLV3_ALERT_HANDSHAKE_FAILURE] sslv3 alert handshake failure (_ssl.c:1131)')))
Traceback (most recent call last):

  File "/home/chase/.local/lib/python3.8/site-packages/urllib3/connectionpool.py", line 699, in urlopen
    httplib_response = self._make_request(
                       │    └ <function HTTPConnectionPool._make_request at 0x7f9508defc10>
                       └ <urllib3.connectionpool.HTTPSConnectionPool object at 0x7f93e46dd700>
  File "/home/chase/.local/lib/python3.8/site-packages/urllib3/connectionpool.py", line 382, in _make_request
    self._validate_conn(conn)
    │    │              └ <urllib3.connection.HTTPSConnection object at 0x7f916ef089a0>
    │    └ <function HTTPSConnectionPool._validate_conn at 0x7f9508df1160>
    └ <urllib3.connectionpool.HTTPSConnectionPool object at 0x7f93e46dd700>
  File "/home/chase/.local/lib/python3.8/site-packages/urllib3/connectionpool.py", line 1010, in _validate_conn
    conn.connect()
    │    └ <function HTTPSConnection.connect at 0x7f9508dde820>
    └ <urllib3.connection.HTTPSConnection object at 0x7f916ef089a0>
  File "/home/chase/.local/lib/python3.8/site-packages/urllib3/connection.py", line 416, in connect
    self.sock = ssl_wrap_socket(
    │    │      └ <function ssl_wrap_socket at 0x7f9508e57550>
    │    └ None
    └ <urllib3.connection.HTTPSConnection object at 0x7f916ef089a0>
  File "/home/chase/.local/lib/python3.8/site-packages/urllib3/util/ssl_.py", line 449, in ssl_wrap_socket
    ssl_sock = _ssl_wrap_socket_impl(
               └ <function _ssl_wrap_socket_impl at 0x7f9508e57700>
  File "/home/chase/.local/lib/python3.8/site-packages/urllib3/util/ssl_.py", line 493, in _ssl_wrap_socket_impl
    return ssl_context.wrap_socket(sock, server_hostname=server_hostname)
           │           │           │                     └ 'wappass.baidu.com'
           │           │           └ <socket.socket [closed] fd=-1, family=AddressFamily.AF_INET, type=SocketKind.SOCK_STREAM, proto=6>
           │           └ <function SSLContext.wrap_socket at 0x7f9529d34dc0>
           └ <ssl.SSLContext object at 0x7f92e46fc340>
  File "/usr/lib/python3.8/ssl.py", line 500, in wrap_socket
    return self.sslsocket_class._create(
           │    │               └ <classmethod object at 0x7f9529d37ac0>
           │    └ <class 'ssl.SSLSocket'>
           └ <ssl.SSLContext object at 0x7f92e46fc340>
  File "/usr/lib/python3.8/ssl.py", line 1040, in _create
    self.do_handshake()
    │    └ <function SSLSocket.do_handshake at 0x7f9529d3cca0>
    └ <ssl.SSLSocket [closed] fd=-1, family=AddressFamily.AF_INET, type=SocketKind.SOCK_STREAM, proto=6>
  File "/usr/lib/python3.8/ssl.py", line 1309, in do_handshake
    self._sslobj.do_handshake()
    │    └ None
    └ <ssl.SSLSocket [closed] fd=-1, family=AddressFamily.AF_INET, type=SocketKind.SOCK_STREAM, proto=6>

ssl.SSLError: [SSL: SSLV3_ALERT_HANDSHAKE_FAILURE] sslv3 alert handshake failure (_ssl.c:1131)


During handling of the above exception, another exception occurred:


Traceback (most recent call last):

  File "/home/chase/.local/lib/python3.8/site-packages/requests/adapters.py", line 439, in send
    resp = conn.urlopen(
           │    └ <function HTTPConnectionPool.urlopen at 0x7f9508defe50>
           └ <urllib3.connectionpool.HTTPSConnectionPool object at 0x7f93e46dd700>
  File "/home/chase/.local/lib/python3.8/site-packages/urllib3/connectionpool.py", line 755, in urlopen
    retries = retries.increment(
              │       └ <function Retry.increment at 0x7f9508e321f0>
              └ Retry(total=0, connect=None, read=False, redirect=None, status=None)
  File "/home/chase/.local/lib/python3.8/site-packages/urllib3/util/retry.py", line 574, in increment
    raise MaxRetryError(_pool, url, error or ResponseError(cause))
          │             │      │    │        │             └ 'unknown'
          │             │      │    │        └ <class 'urllib3.exceptions.ResponseError'>
          │             │      │    └ SSLError(SSLError(1, '[SSL: SSLV3_ALERT_HANDSHAKE_FAILURE] sslv3 alert handshake failure (_ssl.c:1131)'))
          │             │      └ '/static/captcha/tuxing.html?ak=2ef521ec36290baed33d66de9b16f625&backurl=http%3A%2F%2Ftieba.baidu.com%2Ff%2Fsearch%2Fres%3Fis...
          │             └ <urllib3.connectionpool.HTTPSConnectionPool object at 0x7f93e46dd700>
          └ <class 'urllib3.exceptions.MaxRetryError'>

urllib3.exceptions.MaxRetryError: HTTPSConnectionPool(host='wappass.baidu.com', port=443): Max retries exceeded with url: /static/captcha/tuxing.html?ak=2ef521ec36290baed33d66de9b16f625&backurl=http%3A%2F%2Ftieba.baidu.com%2Ff%2Fsearch%2Fres%3Fisnew%3D1%26kw%3D%26qw%3D%25E7%258E%258B%25E6%25AF%2585%25E5%2590%258C%25E5%25B8%258C%25E8%2585%258A%25E5%25A4%2596%25E9%2595%25BF%25E7%2599%25BB%25E8%25BF%25AA%25E4%25BA%259A%25E6%2596%25AF%25E9%2580%259A%25E7%2594%25B5%25E8%25AF%259D%26rn%3D10%26un%3D%26only_thread%3D0%26sm%3D1%26sd%3D%26ed%3D%26pn%3D5&timestamp=1652560660&signature=a9a07c910e2764f46b92dc8f9fac6fff (Caused by SSLError(SSLError(1, '[SSL: SSLV3_ALERT_HANDSHAKE_FAILURE] sslv3 alert handshake failure (_ssl.c:1131)')))


During handling of the above exception, another exception occurred:


Traceback (most recent call last):

  File "/usr/lib/python3.8/threading.py", line 890, in _bootstrap
    self._bootstrap_inner()
    │    └ <function Thread._bootstrap_inner at 0x7f952cd96a60>
    └ <Thread(Thread-12106, started daemon 140266543392512)>
  File "/usr/lib/python3.8/threading.py", line 932, in _bootstrap_inner
    self.run()
    │    └ <function Thread.run at 0x7f952cd96790>
    └ <Thread(Thread-12106, started daemon 140266543392512)>
  File "/usr/lib/python3.8/threading.py", line 870, in run
    self._target(*self._args, **self._kwargs)
    │    │        │    │        │    └ {}
    │    │        │    │        └ <Thread(Thread-12106, started daemon 140266543392512)>
    │    │        │    └ ('ProjectManager.run_func_by_thread',)
    │    │        └ <Thread(Thread-12106, started daemon 140266543392512)>
    │    └ <bound method ProjectManager.get_request_from_keywords_hot of <monitor.projectManager.ProjectManager object at 0x7f9503f344c0>>
    └ <Thread(Thread-12106, started daemon 140266543392512)>

  File "/home/users/Scy/yuqing/spider/monitor/projectManager.py", line 805, in get_request_from_keywords_hot
    self.search_spider_manager.crawl_by_keyword(
    │    │                     └ <function SearchSpidersManager.crawl_by_keyword at 0x7f9500e28ee0>
    │    └ <monitor.spiderManager.SearchSpidersManager object at 0x7f9500a57e20>
    └ <monitor.projectManager.ProjectManager object at 0x7f9503f344c0>

  File "/home/users/Scy/yuqing/spider/monitor/spiderManager.py", line 118, in crawl_by_keyword
    self.crawl_by_keyword_signal_platform(project_names, platform, keyword, crawl_time, project_times)
    │    │                                │              │         │        │           └ {'default': <monitor.TimeSection object at 0x7f9500afdf40>, 'test': <monitor.TimeSection object at 0x7f9500b10fd0>}
    │    │                                │              │         │        └ <monitor.TimeSection object at 0x7f93a477f6a0>
    │    │                                │              │         └ '王毅同希腊外长登迪亚斯通电话'
    │    │                                │              └ '贴吧'
    │    │                                └ ['default']
    │    └ <function SearchSpidersManager.crawl_by_keyword_signal_platform at 0x7f9500e29040>
    └ <monitor.spiderManager.SearchSpidersManager object at 0x7f9500a57e20>

  File "/home/users/Scy/yuqing/spider/monitor/spiderManager.py", line 150, in crawl_by_keyword_signal_platform
    requests = self.get_request_from_keyword(platform, keyword_only, **crawl_time.to_dict())
               │    │                        │         │               │          └ <function TimeSection.to_dict at 0x7f950b1919d0>
               │    │                        │         │               └ <monitor.TimeSection object at 0x7f93a477f6a0>
               │    │                        │         └ '王毅同希腊外长登迪亚斯通电话'
               │    │                        └ '贴吧'
               │    └ <function SearchSpidersManager.get_request_from_keyword at 0x7f9500e29160>
               └ <monitor.spiderManager.SearchSpidersManager object at 0x7f9500a57e20>

  File "/home/users/Scy/yuqing/spider/monitor/spiderManager.py", line 214, in get_request_from_keyword
    for request in self.spiders[platform].get_request_from_keyword(headers, search_url, keyword, content_url,
                   │    │       │                                  │        │           │        └ None
                   │    │       │                                  │        │           └ '王毅同希腊外长登迪亚斯通电话'
                   │    │       │                                  │        └ <string.Template object at 0x7f91f34e8550>
                   │    │       │                                  └ {'Connection': 'keep-alive', 'sec-ch-ua': "'Chromium';v='92',' Not A;Brand';v='99', 'Google Chrome';v='92'", 'sec-ch-ua-mobil...
                   │    │       └ '贴吧'
                   │    └ {'凤凰网': <monitor.searchSpiders.ifeng.Ifeng object at 0x7f9500a57040>, '头条': <monitor.searchSpiders.toutiao.Toutiao object at ...
                   └ <monitor.spiderManager.SearchSpidersManager object at 0x7f9500a57e20>

> File "/home/users/Scy/yuqing/spider/monitor/searchSpiders/tieba.py", line 22, in get_request_from_keyword
    response = requests.get(url, headers=headers, timeout=50)
               │        │   │            └ {'Connection': 'keep-alive', 'sec-ch-ua': "'Chromium';v='92',' Not A;Brand';v='99', 'Google Chrome';v='92'", 'sec-ch-ua-mobil...
               │        │   └ 'https://tieba.baidu.com/f/search/res?isnew=1&kw=&qw=王毅同希腊外长登迪亚斯通电话&rn=10&un=&only_thread=0&sm=1&sd=&ed=&pn=5'
               │        └ <function get at 0x7f9508c683a0>
               └ <module 'requests' from '/home/chase/.local/lib/python3.8/site-packages/requests/__init__.py'>

  File "/home/chase/.local/lib/python3.8/site-packages/requests/api.py", line 75, in get
    return request('get', url, params=params, **kwargs)
           │              │           │         └ {'headers': {'Connection': 'keep-alive', 'sec-ch-ua': "'Chromium';v='92',' Not A;Brand';v='99', 'Google Chrome';v='92'", 'sec...
           │              │           └ None
           │              └ 'https://tieba.baidu.com/f/search/res?isnew=1&kw=&qw=王毅同希腊外长登迪亚斯通电话&rn=10&un=&only_thread=0&sm=1&sd=&ed=&pn=5'
           └ <function request at 0x7f9508c5a1f0>
  File "/home/chase/.local/lib/python3.8/site-packages/requests/api.py", line 61, in request
    return session.request(method=method, url=url, **kwargs)
           │       │              │           │      └ {'params': None, 'headers': {'Connection': 'keep-alive', 'sec-ch-ua': "'Chromium';v='92',' Not A;Brand';v='99', 'Google Chrom...
           │       │              │           └ 'https://tieba.baidu.com/f/search/res?isnew=1&kw=&qw=王毅同希腊外长登迪亚斯通电话&rn=10&un=&only_thread=0&sm=1&sd=&ed=&pn=5'
           │       │              └ 'get'
           │       └ <function Session.request at 0x7f9508c70af0>
           └ <requests.sessions.Session object at 0x7f92e46b0eb0>
  File "/home/chase/.local/lib/python3.8/site-packages/requests/sessions.py", line 542, in request
    resp = self.send(prep, **send_kwargs)
           │    │    │       └ {'timeout': 50, 'allow_redirects': True, 'verify': True, 'proxies': OrderedDict(), 'stream': False, 'cert': None}
           │    │    └ <PreparedRequest [GET]>
           │    └ <function Session.send at 0x7f9508c70f70>
           └ <requests.sessions.Session object at 0x7f92e46b0eb0>
  File "/home/chase/.local/lib/python3.8/site-packages/requests/sessions.py", line 677, in send
    history = [resp for resp in gen]
                                └ <generator object SessionRedirectMixin.resolve_redirects at 0x7f91f65a9970>
  File "/home/chase/.local/lib/python3.8/site-packages/requests/sessions.py", line 677, in <listcomp>
    history = [resp for resp in gen]
  File "/home/chase/.local/lib/python3.8/site-packages/requests/sessions.py", line 237, in resolve_redirects
    resp = self.send(
           │    └ <function Session.send at 0x7f9508c70f70>
           └ <requests.sessions.Session object at 0x7f92e46b0eb0>
  File "/home/chase/.local/lib/python3.8/site-packages/requests/sessions.py", line 655, in send
    r = adapter.send(request, **kwargs)
        │       │    │          └ {'stream': False, 'timeout': 50, 'verify': True, 'cert': None, 'proxies': OrderedDict()}
        │       │    └ <PreparedRequest [GET]>
        │       └ <function HTTPAdapter.send at 0x7f9508c70430>
        └ <requests.adapters.HTTPAdapter object at 0x7f93843412e0>
  File "/home/chase/.local/lib/python3.8/site-packages/requests/adapters.py", line 514, in send
    raise SSLError(e, request=request)
          │                   └ <PreparedRequest [GET]>
          └ <class 'requests.exceptions.SSLError'>

requests.exceptions.SSLError: HTTPSConnectionPool(host='wappass.baidu.com', port=443): Max retries exceeded with url: /static/captcha/tuxing.html?ak=2ef521ec36290baed33d66de9b16f625&backurl=http%3A%2F%2Ftieba.baidu.com%2Ff%2Fsearch%2Fres%3Fisnew%3D1%26kw%3D%26qw%3D%25E7%258E%258B%25E6%25AF%2585%25E5%2590%258C%25E5%25B8%258C%25E8%2585%258A%25E5%25A4%2596%25E9%2595%25BF%25E7%2599%25BB%25E8%25BF%25AA%25E4%25BA%259A%25E6%2596%25AF%25E9%2580%259A%25E7%2594%25B5%25E8%25AF%259D%26rn%3D10%26un%3D%26only_thread%3D0%26sm%3D1%26sd%3D%26ed%3D%26pn%3D5&timestamp=1652560660&signature=a9a07c910e2764f46b92dc8f9fac6fff (Caused by SSLError(SSLError(1, '[SSL: SSLV3_ALERT_HANDSHAKE_FAILURE] sslv3 alert handshake failure (_ssl.c:1131)')))
2022-05-15 04:54:50.611 | ERROR    | monitor.searchSpiders.tieba:get_request_from_keyword:34 - E 贴吧错误HTTPSConnectionPool(host='wappass.baidu.com', port=443): Max retries exceeded with url: /static/captcha/tuxing.html?ak=2ef521ec36290baed33d66de9b16f625&backurl=http%3A%2F%2Ftieba.baidu.com%2Ff%2Fsearch%2Fres%3Fisnew%3D1%26kw%3D%26qw%3D%25E4%25B8%2596%25E5%258D%25AB%25E7%25BB%2584%25E7%25BB%2587%25E9%259D%259E%25E6%25B4%25B2%25E5%258C%25BA%25E5%259F%259F%25E5%258A%259E%25E4%25BA%258B%25E5%25A4%2584%25EF%25BC%259A%25E5%258D%2597%25E9%2583%25A8%25E9%259D%259E%25E6%25B4%25B2%25E5%259C%25B0%25E5%258C%25BA%25E5%2587%25BA%25E7%258E%25B0%25E6%2596%25B0%25E5%2586%25A0%25E7%2596%25AB%25E6%2583%2585%25E5%258F%258D%25E5%25BC%25B9%26rn%3D10%26un%3D%26only_thread%3D0%26sm%3D1%26sd%3D%26ed%3D%26pn%3D20&timestamp=1652561690&signature=3f0a19f15e0ac0f64ca81675d8456979 (Caused by SSLError(SSLError(1, '[SSL: SSLV3_ALERT_HANDSHAKE_FAILURE] sslv3 alert handshake failure (_ssl.c:1131)')))
Traceback (most recent call last):

  File "/home/chase/.local/lib/python3.8/site-packages/urllib3/connectionpool.py", line 699, in urlopen
    httplib_response = self._make_request(
                       │    └ <function HTTPConnectionPool._make_request at 0x7f9508defc10>
                       └ <urllib3.connectionpool.HTTPSConnectionPool object at 0x7f91eafcde50>
  File "/home/chase/.local/lib/python3.8/site-packages/urllib3/connectionpool.py", line 382, in _make_request
    self._validate_conn(conn)
    │    │              └ <urllib3.connection.HTTPSConnection object at 0x7f934415eb50>
    │    └ <function HTTPSConnectionPool._validate_conn at 0x7f9508df1160>
    └ <urllib3.connectionpool.HTTPSConnectionPool object at 0x7f91eafcde50>
  File "/home/chase/.local/lib/python3.8/site-packages/urllib3/connectionpool.py", line 1010, in _validate_conn
    conn.connect()
    │    └ <function HTTPSConnection.connect at 0x7f9508dde820>
    └ <urllib3.connection.HTTPSConnection object at 0x7f934415eb50>
  File "/home/chase/.local/lib/python3.8/site-packages/urllib3/connection.py", line 416, in connect
    self.sock = ssl_wrap_socket(
    │    │      └ <function ssl_wrap_socket at 0x7f9508e57550>
    │    └ None
    └ <urllib3.connection.HTTPSConnection object at 0x7f934415eb50>
  File "/home/chase/.local/lib/python3.8/site-packages/urllib3/util/ssl_.py", line 449, in ssl_wrap_socket
    ssl_sock = _ssl_wrap_socket_impl(
               └ <function _ssl_wrap_socket_impl at 0x7f9508e57700>
  File "/home/chase/.local/lib/python3.8/site-packages/urllib3/util/ssl_.py", line 493, in _ssl_wrap_socket_impl
    return ssl_context.wrap_socket(sock, server_hostname=server_hostname)
           │           │           │                     └ 'wappass.baidu.com'
           │           │           └ <socket.socket [closed] fd=-1, family=AddressFamily.AF_INET, type=SocketKind.SOCK_STREAM, proto=6>
           │           └ <function SSLContext.wrap_socket at 0x7f9529d34dc0>
           └ <ssl.SSLContext object at 0x7f941405ce40>
  File "/usr/lib/python3.8/ssl.py", line 500, in wrap_socket
    return self.sslsocket_class._create(
           │    │               └ <classmethod object at 0x7f9529d37ac0>
           │    └ <class 'ssl.SSLSocket'>
           └ <ssl.SSLContext object at 0x7f941405ce40>
  File "/usr/lib/python3.8/ssl.py", line 1040, in _create
    self.do_handshake()
    │    └ <function SSLSocket.do_handshake at 0x7f9529d3cca0>
    └ <ssl.SSLSocket [closed] fd=-1, family=AddressFamily.AF_INET, type=SocketKind.SOCK_STREAM, proto=6>
  File "/usr/lib/python3.8/ssl.py", line 1309, in do_handshake
    self._sslobj.do_handshake()
    │    └ None
    └ <ssl.SSLSocket [closed] fd=-1, family=AddressFamily.AF_INET, type=SocketKind.SOCK_STREAM, proto=6>

ssl.SSLError: [SSL: SSLV3_ALERT_HANDSHAKE_FAILURE] sslv3 alert handshake failure (_ssl.c:1131)


During handling of the above exception, another exception occurred:


Traceback (most recent call last):

  File "/home/chase/.local/lib/python3.8/site-packages/requests/adapters.py", line 439, in send
    resp = conn.urlopen(
           │    └ <function HTTPConnectionPool.urlopen at 0x7f9508defe50>
           └ <urllib3.connectionpool.HTTPSConnectionPool object at 0x7f91eafcde50>
  File "/home/chase/.local/lib/python3.8/site-packages/urllib3/connectionpool.py", line 755, in urlopen
    retries = retries.increment(
              │       └ <function Retry.increment at 0x7f9508e321f0>
              └ Retry(total=0, connect=None, read=False, redirect=None, status=None)
  File "/home/chase/.local/lib/python3.8/site-packages/urllib3/util/retry.py", line 574, in increment
    raise MaxRetryError(_pool, url, error or ResponseError(cause))
          │             │      │    │        │             └ 'unknown'
          │             │      │    │        └ <class 'urllib3.exceptions.ResponseError'>
          │             │      │    └ SSLError(SSLError(1, '[SSL: SSLV3_ALERT_HANDSHAKE_FAILURE] sslv3 alert handshake failure (_ssl.c:1131)'))
          │             │      └ '/static/captcha/tuxing.html?ak=2ef521ec36290baed33d66de9b16f625&backurl=http%3A%2F%2Ftieba.baidu.com%2Ff%2Fsearch%2Fres%3Fis...
          │             └ <urllib3.connectionpool.HTTPSConnectionPool object at 0x7f91eafcde50>
          └ <class 'urllib3.exceptions.MaxRetryError'>

urllib3.exceptions.MaxRetryError: HTTPSConnectionPool(host='wappass.baidu.com', port=443): Max retries exceeded with url: /static/captcha/tuxing.html?ak=2ef521ec36290baed33d66de9b16f625&backurl=http%3A%2F%2Ftieba.baidu.com%2Ff%2Fsearch%2Fres%3Fisnew%3D1%26kw%3D%26qw%3D%25E4%25B8%2596%25E5%258D%25AB%25E7%25BB%2584%25E7%25BB%2587%25E9%259D%259E%25E6%25B4%25B2%25E5%258C%25BA%25E5%259F%259F%25E5%258A%259E%25E4%25BA%258B%25E5%25A4%2584%25EF%25BC%259A%25E5%258D%2597%25E9%2583%25A8%25E9%259D%259E%25E6%25B4%25B2%25E5%259C%25B0%25E5%258C%25BA%25E5%2587%25BA%25E7%258E%25B0%25E6%2596%25B0%25E5%2586%25A0%25E7%2596%25AB%25E6%2583%2585%25E5%258F%258D%25E5%25BC%25B9%26rn%3D10%26un%3D%26only_thread%3D0%26sm%3D1%26sd%3D%26ed%3D%26pn%3D20&timestamp=1652561690&signature=3f0a19f15e0ac0f64ca81675d8456979 (Caused by SSLError(SSLError(1, '[SSL: SSLV3_ALERT_HANDSHAKE_FAILURE] sslv3 alert handshake failure (_ssl.c:1131)')))


During handling of the above exception, another exception occurred:


Traceback (most recent call last):

  File "/usr/lib/python3.8/threading.py", line 890, in _bootstrap
    self._bootstrap_inner()
    │    └ <function Thread._bootstrap_inner at 0x7f952cd96a60>
    └ <Thread(Thread-13462, started daemon 140266199291648)>
  File "/usr/lib/python3.8/threading.py", line 932, in _bootstrap_inner
    self.run()
    │    └ <function Thread.run at 0x7f952cd96790>
    └ <Thread(Thread-13462, started daemon 140266199291648)>
  File "/usr/lib/python3.8/threading.py", line 870, in run
    self._target(*self._args, **self._kwargs)
    │    │        │    │        │    └ {}
    │    │        │    │        └ <Thread(Thread-13462, started daemon 140266199291648)>
    │    │        │    └ ('ProjectManager.run_func_by_thread',)
    │    │        └ <Thread(Thread-13462, started daemon 140266199291648)>
    │    └ <bound method ProjectManager.get_request_from_keywords_hot of <monitor.projectManager.ProjectManager object at 0x7f9503f344c0>>
    └ <Thread(Thread-13462, started daemon 140266199291648)>

  File "/home/users/Scy/yuqing/spider/monitor/projectManager.py", line 805, in get_request_from_keywords_hot
    self.search_spider_manager.crawl_by_keyword(
    │    │                     └ <function SearchSpidersManager.crawl_by_keyword at 0x7f9500e28ee0>
    │    └ <monitor.spiderManager.SearchSpidersManager object at 0x7f9500a57e20>
    └ <monitor.projectManager.ProjectManager object at 0x7f9503f344c0>

  File "/home/users/Scy/yuqing/spider/monitor/spiderManager.py", line 118, in crawl_by_keyword
    self.crawl_by_keyword_signal_platform(project_names, platform, keyword, crawl_time, project_times)
    │    │                                │              │         │        │           └ {'default': <monitor.TimeSection object at 0x7f9500afdf40>, 'test': <monitor.TimeSection object at 0x7f9500b10fd0>}
    │    │                                │              │         │        └ <monitor.TimeSection object at 0x7f916f1cdbe0>
    │    │                                │              │         └ '世卫组织非洲区域办事处：南部非洲地区出现新冠疫情反弹'
    │    │                                │              └ '贴吧'
    │    │                                └ ['default']
    │    └ <function SearchSpidersManager.crawl_by_keyword_signal_platform at 0x7f9500e29040>
    └ <monitor.spiderManager.SearchSpidersManager object at 0x7f9500a57e20>

  File "/home/users/Scy/yuqing/spider/monitor/spiderManager.py", line 150, in crawl_by_keyword_signal_platform
    requests = self.get_request_from_keyword(platform, keyword_only, **crawl_time.to_dict())
               │    │                        │         │               │          └ <function TimeSection.to_dict at 0x7f950b1919d0>
               │    │                        │         │               └ <monitor.TimeSection object at 0x7f916f1cdbe0>
               │    │                        │         └ '世卫组织非洲区域办事处：南部非洲地区出现新冠疫情反弹'
               │    │                        └ '贴吧'
               │    └ <function SearchSpidersManager.get_request_from_keyword at 0x7f9500e29160>
               └ <monitor.spiderManager.SearchSpidersManager object at 0x7f9500a57e20>

  File "/home/users/Scy/yuqing/spider/monitor/spiderManager.py", line 214, in get_request_from_keyword
    for request in self.spiders[platform].get_request_from_keyword(headers, search_url, keyword, content_url,
                   │    │       │                                  │        │           │        └ None
                   │    │       │                                  │        │           └ '世卫组织非洲区域办事处：南部非洲地区出现新冠疫情反弹'
                   │    │       │                                  │        └ <string.Template object at 0x7f936465ba00>
                   │    │       │                                  └ {'Connection': 'keep-alive', 'sec-ch-ua': "'Chromium';v='92',' Not A;Brand';v='99', 'Google Chrome';v='92'", 'sec-ch-ua-mobil...
                   │    │       └ '贴吧'
                   │    └ {'凤凰网': <monitor.searchSpiders.ifeng.Ifeng object at 0x7f9500a57040>, '头条': <monitor.searchSpiders.toutiao.Toutiao object at ...
                   └ <monitor.spiderManager.SearchSpidersManager object at 0x7f9500a57e20>

> File "/home/users/Scy/yuqing/spider/monitor/searchSpiders/tieba.py", line 22, in get_request_from_keyword
    response = requests.get(url, headers=headers, timeout=50)
               │        │   │            └ {'Connection': 'keep-alive', 'sec-ch-ua': "'Chromium';v='92',' Not A;Brand';v='99', 'Google Chrome';v='92'", 'sec-ch-ua-mobil...
               │        │   └ 'https://tieba.baidu.com/f/search/res?isnew=1&kw=&qw=世卫组织非洲区域办事处：南部非洲地区出现新冠疫情反弹&rn=10&un=&only_thread=0&sm=1&sd=&ed=&pn=20'
               │        └ <function get at 0x7f9508c683a0>
               └ <module 'requests' from '/home/chase/.local/lib/python3.8/site-packages/requests/__init__.py'>

  File "/home/chase/.local/lib/python3.8/site-packages/requests/api.py", line 75, in get
    return request('get', url, params=params, **kwargs)
           │              │           │         └ {'headers': {'Connection': 'keep-alive', 'sec-ch-ua': "'Chromium';v='92',' Not A;Brand';v='99', 'Google Chrome';v='92'", 'sec...
           │              │           └ None
           │              └ 'https://tieba.baidu.com/f/search/res?isnew=1&kw=&qw=世卫组织非洲区域办事处：南部非洲地区出现新冠疫情反弹&rn=10&un=&only_thread=0&sm=1&sd=&ed=&pn=20'
           └ <function request at 0x7f9508c5a1f0>
  File "/home/chase/.local/lib/python3.8/site-packages/requests/api.py", line 61, in request
    return session.request(method=method, url=url, **kwargs)
           │       │              │           │      └ {'params': None, 'headers': {'Connection': 'keep-alive', 'sec-ch-ua': "'Chromium';v='92',' Not A;Brand';v='99', 'Google Chrom...
           │       │              │           └ 'https://tieba.baidu.com/f/search/res?isnew=1&kw=&qw=世卫组织非洲区域办事处：南部非洲地区出现新冠疫情反弹&rn=10&un=&only_thread=0&sm=1&sd=&ed=&pn=20'
           │       │              └ 'get'
           │       └ <function Session.request at 0x7f9508c70af0>
           └ <requests.sessions.Session object at 0x7f92e4369df0>
  File "/home/chase/.local/lib/python3.8/site-packages/requests/sessions.py", line 542, in request
    resp = self.send(prep, **send_kwargs)
           │    │    │       └ {'timeout': 50, 'allow_redirects': True, 'verify': True, 'proxies': OrderedDict(), 'stream': False, 'cert': None}
           │    │    └ <PreparedRequest [GET]>
           │    └ <function Session.send at 0x7f9508c70f70>
           └ <requests.sessions.Session object at 0x7f92e4369df0>
  File "/home/chase/.local/lib/python3.8/site-packages/requests/sessions.py", line 677, in send
    history = [resp for resp in gen]
                                └ <generator object SessionRedirectMixin.resolve_redirects at 0x7f93e417d740>
  File "/home/chase/.local/lib/python3.8/site-packages/requests/sessions.py", line 677, in <listcomp>
    history = [resp for resp in gen]
  File "/home/chase/.local/lib/python3.8/site-packages/requests/sessions.py", line 237, in resolve_redirects
    resp = self.send(
           │    └ <function Session.send at 0x7f9508c70f70>
           └ <requests.sessions.Session object at 0x7f92e4369df0>
  File "/home/chase/.local/lib/python3.8/site-packages/requests/sessions.py", line 655, in send
    r = adapter.send(request, **kwargs)
        │       │    │          └ {'stream': False, 'timeout': 50, 'verify': True, 'cert': None, 'proxies': OrderedDict()}
        │       │    └ <PreparedRequest [GET]>
        │       └ <function HTTPAdapter.send at 0x7f9508c70430>
        └ <requests.adapters.HTTPAdapter object at 0x7f926c0a9dc0>
  File "/home/chase/.local/lib/python3.8/site-packages/requests/adapters.py", line 514, in send
    raise SSLError(e, request=request)
          │                   └ <PreparedRequest [GET]>
          └ <class 'requests.exceptions.SSLError'>

requests.exceptions.SSLError: HTTPSConnectionPool(host='wappass.baidu.com', port=443): Max retries exceeded with url: /static/captcha/tuxing.html?ak=2ef521ec36290baed33d66de9b16f625&backurl=http%3A%2F%2Ftieba.baidu.com%2Ff%2Fsearch%2Fres%3Fisnew%3D1%26kw%3D%26qw%3D%25E4%25B8%2596%25E5%258D%25AB%25E7%25BB%2584%25E7%25BB%2587%25E9%259D%259E%25E6%25B4%25B2%25E5%258C%25BA%25E5%259F%259F%25E5%258A%259E%25E4%25BA%258B%25E5%25A4%2584%25EF%25BC%259A%25E5%258D%2597%25E9%2583%25A8%25E9%259D%259E%25E6%25B4%25B2%25E5%259C%25B0%25E5%258C%25BA%25E5%2587%25BA%25E7%258E%25B0%25E6%2596%25B0%25E5%2586%25A0%25E7%2596%25AB%25E6%2583%2585%25E5%258F%258D%25E5%25BC%25B9%26rn%3D10%26un%3D%26only_thread%3D0%26sm%3D1%26sd%3D%26ed%3D%26pn%3D20&timestamp=1652561690&signature=3f0a19f15e0ac0f64ca81675d8456979 (Caused by SSLError(SSLError(1, '[SSL: SSLV3_ALERT_HANDSHAKE_FAILURE] sslv3 alert handshake failure (_ssl.c:1131)')))
2022-05-15 04:56:30.287 | ERROR    | monitor.searchSpiders.tieba:get_request_from_keyword:34 - E 贴吧错误HTTPSConnectionPool(host='wappass.baidu.com', port=443): Max retries exceeded with url: /static/captcha/tuxing.html?ak=2ef521ec36290baed33d66de9b16f625&backurl=http%3A%2F%2Ftieba.baidu.com%2Ff%2Fsearch%2Fres%3Fisnew%3D1%26kw%3D%26qw%3D%25E2%2580%259C%25E4%25B8%25A4%25E9%25AB%2598%25E2%2580%259D%25E5%258F%2591%25E5%25B8%2583%25E5%258A%259E%25E7%2590%2586%25E6%25B5%25B7%25E6%25B4%258B%25E8%2587%25AA%25E7%2584%25B6%25E8%25B5%2584%25E6%25BA%2590%25E4%25B8%258E%25E7%2594%259F%25E6%2580%2581%25E7%258E%25AF%25E5%25A2%2583%25E5%2585%25AC%25E7%259B%258A%25E8%25AF%2589%25E8%25AE%25BC%25E6%25A1%2588%25E4%25BB%25B6%25E6%2596%25B0%25E8%25A7%2584%26rn%3D10%26un%3D%26only_thread%3D0%26sm%3D1%26sd%3D%26ed%3D%26pn%3D28&timestamp=1652561790&signature=3ce1a67250474c7f21427ee698aa74e1 (Caused by SSLError(SSLError(1, '[SSL: SSLV3_ALERT_HANDSHAKE_FAILURE] sslv3 alert handshake failure (_ssl.c:1131)')))
Traceback (most recent call last):

  File "/home/chase/.local/lib/python3.8/site-packages/urllib3/connectionpool.py", line 699, in urlopen
    httplib_response = self._make_request(
                       │    └ <function HTTPConnectionPool._make_request at 0x7f9508defc10>
                       └ <urllib3.connectionpool.HTTPSConnectionPool object at 0x7f91d315d610>
  File "/home/chase/.local/lib/python3.8/site-packages/urllib3/connectionpool.py", line 382, in _make_request
    self._validate_conn(conn)
    │    │              └ <urllib3.connection.HTTPSConnection object at 0x7f91cdd5c5b0>
    │    └ <function HTTPSConnectionPool._validate_conn at 0x7f9508df1160>
    └ <urllib3.connectionpool.HTTPSConnectionPool object at 0x7f91d315d610>
  File "/home/chase/.local/lib/python3.8/site-packages/urllib3/connectionpool.py", line 1010, in _validate_conn
    conn.connect()
    │    └ <function HTTPSConnection.connect at 0x7f9508dde820>
    └ <urllib3.connection.HTTPSConnection object at 0x7f91cdd5c5b0>
  File "/home/chase/.local/lib/python3.8/site-packages/urllib3/connection.py", line 416, in connect
    self.sock = ssl_wrap_socket(
    │    │      └ <function ssl_wrap_socket at 0x7f9508e57550>
    │    └ None
    └ <urllib3.connection.HTTPSConnection object at 0x7f91cdd5c5b0>
  File "/home/chase/.local/lib/python3.8/site-packages/urllib3/util/ssl_.py", line 449, in ssl_wrap_socket
    ssl_sock = _ssl_wrap_socket_impl(
               └ <function _ssl_wrap_socket_impl at 0x7f9508e57700>
  File "/home/chase/.local/lib/python3.8/site-packages/urllib3/util/ssl_.py", line 493, in _ssl_wrap_socket_impl
    return ssl_context.wrap_socket(sock, server_hostname=server_hostname)
           │           │           │                     └ 'wappass.baidu.com'
           │           │           └ <socket.socket [closed] fd=-1, family=AddressFamily.AF_INET, type=SocketKind.SOCK_STREAM, proto=6>
           │           └ <function SSLContext.wrap_socket at 0x7f9529d34dc0>
           └ <ssl.SSLContext object at 0x7f91e7cd68c0>
  File "/usr/lib/python3.8/ssl.py", line 500, in wrap_socket
    return self.sslsocket_class._create(
           │    │               └ <classmethod object at 0x7f9529d37ac0>
           │    └ <class 'ssl.SSLSocket'>
           └ <ssl.SSLContext object at 0x7f91e7cd68c0>
  File "/usr/lib/python3.8/ssl.py", line 1040, in _create
    self.do_handshake()
    │    └ <function SSLSocket.do_handshake at 0x7f9529d3cca0>
    └ <ssl.SSLSocket [closed] fd=-1, family=AddressFamily.AF_INET, type=SocketKind.SOCK_STREAM, proto=6>
  File "/usr/lib/python3.8/ssl.py", line 1309, in do_handshake
    self._sslobj.do_handshake()
    │    └ None
    └ <ssl.SSLSocket [closed] fd=-1, family=AddressFamily.AF_INET, type=SocketKind.SOCK_STREAM, proto=6>

ssl.SSLError: [SSL: SSLV3_ALERT_HANDSHAKE_FAILURE] sslv3 alert handshake failure (_ssl.c:1131)


During handling of the above exception, another exception occurred:


Traceback (most recent call last):

  File "/home/chase/.local/lib/python3.8/site-packages/requests/adapters.py", line 439, in send
    resp = conn.urlopen(
           │    └ <function HTTPConnectionPool.urlopen at 0x7f9508defe50>
           └ <urllib3.connectionpool.HTTPSConnectionPool object at 0x7f91d315d610>
  File "/home/chase/.local/lib/python3.8/site-packages/urllib3/connectionpool.py", line 755, in urlopen
    retries = retries.increment(
              │       └ <function Retry.increment at 0x7f9508e321f0>
              └ Retry(total=0, connect=None, read=False, redirect=None, status=None)
  File "/home/chase/.local/lib/python3.8/site-packages/urllib3/util/retry.py", line 574, in increment
    raise MaxRetryError(_pool, url, error or ResponseError(cause))
          │             │      │    │        │             └ 'unknown'
          │             │      │    │        └ <class 'urllib3.exceptions.ResponseError'>
          │             │      │    └ SSLError(SSLError(1, '[SSL: SSLV3_ALERT_HANDSHAKE_FAILURE] sslv3 alert handshake failure (_ssl.c:1131)'))
          │             │      └ '/static/captcha/tuxing.html?ak=2ef521ec36290baed33d66de9b16f625&backurl=http%3A%2F%2Ftieba.baidu.com%2Ff%2Fsearch%2Fres%3Fis...
          │             └ <urllib3.connectionpool.HTTPSConnectionPool object at 0x7f91d315d610>
          └ <class 'urllib3.exceptions.MaxRetryError'>

urllib3.exceptions.MaxRetryError: HTTPSConnectionPool(host='wappass.baidu.com', port=443): Max retries exceeded with url: /static/captcha/tuxing.html?ak=2ef521ec36290baed33d66de9b16f625&backurl=http%3A%2F%2Ftieba.baidu.com%2Ff%2Fsearch%2Fres%3Fisnew%3D1%26kw%3D%26qw%3D%25E2%2580%259C%25E4%25B8%25A4%25E9%25AB%2598%25E2%2580%259D%25E5%258F%2591%25E5%25B8%2583%25E5%258A%259E%25E7%2590%2586%25E6%25B5%25B7%25E6%25B4%258B%25E8%2587%25AA%25E7%2584%25B6%25E8%25B5%2584%25E6%25BA%2590%25E4%25B8%258E%25E7%2594%259F%25E6%2580%2581%25E7%258E%25AF%25E5%25A2%2583%25E5%2585%25AC%25E7%259B%258A%25E8%25AF%2589%25E8%25AE%25BC%25E6%25A1%2588%25E4%25BB%25B6%25E6%2596%25B0%25E8%25A7%2584%26rn%3D10%26un%3D%26only_thread%3D0%26sm%3D1%26sd%3D%26ed%3D%26pn%3D28&timestamp=1652561790&signature=3ce1a67250474c7f21427ee698aa74e1 (Caused by SSLError(SSLError(1, '[SSL: SSLV3_ALERT_HANDSHAKE_FAILURE] sslv3 alert handshake failure (_ssl.c:1131)')))


During handling of the above exception, another exception occurred:


Traceback (most recent call last):

  File "/usr/lib/python3.8/threading.py", line 890, in _bootstrap
    self._bootstrap_inner()
    │    └ <function Thread._bootstrap_inner at 0x7f952cd96a60>
    └ <Thread(Thread-10653, started daemon 140264567179008)>
  File "/usr/lib/python3.8/threading.py", line 932, in _bootstrap_inner
    self.run()
    │    └ <function Thread.run at 0x7f952cd96790>
    └ <Thread(Thread-10653, started daemon 140264567179008)>
  File "/usr/lib/python3.8/threading.py", line 870, in run
    self._target(*self._args, **self._kwargs)
    │    │        │    │        │    └ {}
    │    │        │    │        └ <Thread(Thread-10653, started daemon 140264567179008)>
    │    │        │    └ ('ProjectManager.run_func_by_thread',)
    │    │        └ <Thread(Thread-10653, started daemon 140264567179008)>
    │    └ <bound method ProjectManager.get_request_from_keywords_hot of <monitor.projectManager.ProjectManager object at 0x7f9503f344c0>>
    └ <Thread(Thread-10653, started daemon 140264567179008)>

  File "/home/users/Scy/yuqing/spider/monitor/projectManager.py", line 805, in get_request_from_keywords_hot
    self.search_spider_manager.crawl_by_keyword(
    │    │                     └ <function SearchSpidersManager.crawl_by_keyword at 0x7f9500e28ee0>
    │    └ <monitor.spiderManager.SearchSpidersManager object at 0x7f9500a57e20>
    └ <monitor.projectManager.ProjectManager object at 0x7f9503f344c0>

  File "/home/users/Scy/yuqing/spider/monitor/spiderManager.py", line 118, in crawl_by_keyword
    self.crawl_by_keyword_signal_platform(project_names, platform, keyword, crawl_time, project_times)
    │    │                                │              │         │        │           └ {'default': <monitor.TimeSection object at 0x7f9500afdf40>, 'test': <monitor.TimeSection object at 0x7f9500b10fd0>}
    │    │                                │              │         │        └ <monitor.TimeSection object at 0x7f93c44e5e80>
    │    │                                │              │         └ '“两高”发布办理海洋自然资源与生态环境公益诉讼案件新规'
    │    │                                │              └ '贴吧'
    │    │                                └ ['default']
    │    └ <function SearchSpidersManager.crawl_by_keyword_signal_platform at 0x7f9500e29040>
    └ <monitor.spiderManager.SearchSpidersManager object at 0x7f9500a57e20>

  File "/home/users/Scy/yuqing/spider/monitor/spiderManager.py", line 150, in crawl_by_keyword_signal_platform
    requests = self.get_request_from_keyword(platform, keyword_only, **crawl_time.to_dict())
               │    │                        │         │               │          └ <function TimeSection.to_dict at 0x7f950b1919d0>
               │    │                        │         │               └ <monitor.TimeSection object at 0x7f93c44e5e80>
               │    │                        │         └ '“两高”发布办理海洋自然资源与生态环境公益诉讼案件新规'
               │    │                        └ '贴吧'
               │    └ <function SearchSpidersManager.get_request_from_keyword at 0x7f9500e29160>
               └ <monitor.spiderManager.SearchSpidersManager object at 0x7f9500a57e20>

  File "/home/users/Scy/yuqing/spider/monitor/spiderManager.py", line 214, in get_request_from_keyword
    for request in self.spiders[platform].get_request_from_keyword(headers, search_url, keyword, content_url,
                   │    │       │                                  │        │           │        └ None
                   │    │       │                                  │        │           └ '“两高”发布办理海洋自然资源与生态环境公益诉讼案件新规'
                   │    │       │                                  │        └ <string.Template object at 0x7f93e405a220>
                   │    │       │                                  └ {'Connection': 'keep-alive', 'sec-ch-ua': "'Chromium';v='92',' Not A;Brand';v='99', 'Google Chrome';v='92'", 'sec-ch-ua-mobil...
                   │    │       └ '贴吧'
                   │    └ {'凤凰网': <monitor.searchSpiders.ifeng.Ifeng object at 0x7f9500a57040>, '头条': <monitor.searchSpiders.toutiao.Toutiao object at ...
                   └ <monitor.spiderManager.SearchSpidersManager object at 0x7f9500a57e20>

> File "/home/users/Scy/yuqing/spider/monitor/searchSpiders/tieba.py", line 22, in get_request_from_keyword
    response = requests.get(url, headers=headers, timeout=50)
               │        │   │            └ {'Connection': 'keep-alive', 'sec-ch-ua': "'Chromium';v='92',' Not A;Brand';v='99', 'Google Chrome';v='92'", 'sec-ch-ua-mobil...
               │        │   └ 'https://tieba.baidu.com/f/search/res?isnew=1&kw=&qw=“两高”发布办理海洋自然资源与生态环境公益诉讼案件新规&rn=10&un=&only_thread=0&sm=1&sd=&ed=&pn=28'
               │        └ <function get at 0x7f9508c683a0>
               └ <module 'requests' from '/home/chase/.local/lib/python3.8/site-packages/requests/__init__.py'>

  File "/home/chase/.local/lib/python3.8/site-packages/requests/api.py", line 75, in get
    return request('get', url, params=params, **kwargs)
           │              │           │         └ {'headers': {'Connection': 'keep-alive', 'sec-ch-ua': "'Chromium';v='92',' Not A;Brand';v='99', 'Google Chrome';v='92'", 'sec...
           │              │           └ None
           │              └ 'https://tieba.baidu.com/f/search/res?isnew=1&kw=&qw=“两高”发布办理海洋自然资源与生态环境公益诉讼案件新规&rn=10&un=&only_thread=0&sm=1&sd=&ed=&pn=28'
           └ <function request at 0x7f9508c5a1f0>
  File "/home/chase/.local/lib/python3.8/site-packages/requests/api.py", line 61, in request
    return session.request(method=method, url=url, **kwargs)
           │       │              │           │      └ {'params': None, 'headers': {'Connection': 'keep-alive', 'sec-ch-ua': "'Chromium';v='92',' Not A;Brand';v='99', 'Google Chrom...
           │       │              │           └ 'https://tieba.baidu.com/f/search/res?isnew=1&kw=&qw=“两高”发布办理海洋自然资源与生态环境公益诉讼案件新规&rn=10&un=&only_thread=0&sm=1&sd=&ed=&pn=28'
           │       │              └ 'get'
           │       └ <function Session.request at 0x7f9508c70af0>
           └ <requests.sessions.Session object at 0x7f916eecaa90>
  File "/home/chase/.local/lib/python3.8/site-packages/requests/sessions.py", line 542, in request
    resp = self.send(prep, **send_kwargs)
           │    │    │       └ {'timeout': 50, 'allow_redirects': True, 'verify': True, 'proxies': OrderedDict(), 'stream': False, 'cert': None}
           │    │    └ <PreparedRequest [GET]>
           │    └ <function Session.send at 0x7f9508c70f70>
           └ <requests.sessions.Session object at 0x7f916eecaa90>
  File "/home/chase/.local/lib/python3.8/site-packages/requests/sessions.py", line 677, in send
    history = [resp for resp in gen]
                                └ <generator object SessionRedirectMixin.resolve_redirects at 0x7f9404134900>
  File "/home/chase/.local/lib/python3.8/site-packages/requests/sessions.py", line 677, in <listcomp>
    history = [resp for resp in gen]
  File "/home/chase/.local/lib/python3.8/site-packages/requests/sessions.py", line 237, in resolve_redirects
    resp = self.send(
           │    └ <function Session.send at 0x7f9508c70f70>
           └ <requests.sessions.Session object at 0x7f916eecaa90>
  File "/home/chase/.local/lib/python3.8/site-packages/requests/sessions.py", line 655, in send
    r = adapter.send(request, **kwargs)
        │       │    │          └ {'stream': False, 'timeout': 50, 'verify': True, 'cert': None, 'proxies': OrderedDict()}
        │       │    └ <PreparedRequest [GET]>
        │       └ <function HTTPAdapter.send at 0x7f9508c70430>
        └ <requests.adapters.HTTPAdapter object at 0x7f916f00be50>
  File "/home/chase/.local/lib/python3.8/site-packages/requests/adapters.py", line 514, in send
    raise SSLError(e, request=request)
          │                   └ <PreparedRequest [GET]>
          └ <class 'requests.exceptions.SSLError'>

requests.exceptions.SSLError: HTTPSConnectionPool(host='wappass.baidu.com', port=443): Max retries exceeded with url: /static/captcha/tuxing.html?ak=2ef521ec36290baed33d66de9b16f625&backurl=http%3A%2F%2Ftieba.baidu.com%2Ff%2Fsearch%2Fres%3Fisnew%3D1%26kw%3D%26qw%3D%25E2%2580%259C%25E4%25B8%25A4%25E9%25AB%2598%25E2%2580%259D%25E5%258F%2591%25E5%25B8%2583%25E5%258A%259E%25E7%2590%2586%25E6%25B5%25B7%25E6%25B4%258B%25E8%2587%25AA%25E7%2584%25B6%25E8%25B5%2584%25E6%25BA%2590%25E4%25B8%258E%25E7%2594%259F%25E6%2580%2581%25E7%258E%25AF%25E5%25A2%2583%25E5%2585%25AC%25E7%259B%258A%25E8%25AF%2589%25E8%25AE%25BC%25E6%25A1%2588%25E4%25BB%25B6%25E6%2596%25B0%25E8%25A7%2584%26rn%3D10%26un%3D%26only_thread%3D0%26sm%3D1%26sd%3D%26ed%3D%26pn%3D28&timestamp=1652561790&signature=3ce1a67250474c7f21427ee698aa74e1 (Caused by SSLError(SSLError(1, '[SSL: SSLV3_ALERT_HANDSHAKE_FAILURE] sslv3 alert handshake failure (_ssl.c:1131)')))
2022-05-15 05:24:00.280 | ERROR    | monitor.searchSpiders.tieba:get_request_from_keyword:34 - E 贴吧错误HTTPSConnectionPool(host='wappass.baidu.com', port=443): Max retries exceeded with url: /static/captcha/tuxing.html?ak=2ef521ec36290baed33d66de9b16f625&backurl=http%3A%2F%2Ftieba.baidu.com%2Ff%2Fsearch%2Fres%3Fisnew%3D1%26kw%3D%26qw%3D%25E4%25B8%2596%25E5%258D%25AB%25E7%25BB%2584%25E7%25BB%2587%25E9%259D%259E%25E6%25B4%25B2%25E5%258C%25BA%25E5%259F%259F%25E5%258A%259E%25E4%25BA%258B%25E5%25A4%2584%25EF%25BC%259A%25E5%258D%2597%25E9%2583%25A8%25E9%259D%259E%25E6%25B4%25B2%25E5%259C%25B0%25E5%258C%25BA%25E5%2587%25BA%25E7%258E%25B0%25E6%2596%25B0%25E5%2586%25A0%25E7%2596%25AB%25E6%2583%2585%25E5%258F%258D%25E5%25BC%25B9%26rn%3D10%26un%3D%26only_thread%3D0%26sm%3D1%26sd%3D%26ed%3D%26pn%3D23&timestamp=1652563440&signature=7453fa97680f1abd54038b7260d0c5fe (Caused by SSLError(SSLError(1, '[SSL: SSLV3_ALERT_HANDSHAKE_FAILURE] sslv3 alert handshake failure (_ssl.c:1131)')))
Traceback (most recent call last):

  File "/home/chase/.local/lib/python3.8/site-packages/urllib3/connectionpool.py", line 699, in urlopen
    httplib_response = self._make_request(
                       │    └ <function HTTPConnectionPool._make_request at 0x7f9508defc10>
                       └ <urllib3.connectionpool.HTTPSConnectionPool object at 0x7f916ef9c460>
  File "/home/chase/.local/lib/python3.8/site-packages/urllib3/connectionpool.py", line 382, in _make_request
    self._validate_conn(conn)
    │    │              └ <urllib3.connection.HTTPSConnection object at 0x7f93e457a910>
    │    └ <function HTTPSConnectionPool._validate_conn at 0x7f9508df1160>
    └ <urllib3.connectionpool.HTTPSConnectionPool object at 0x7f916ef9c460>
  File "/home/chase/.local/lib/python3.8/site-packages/urllib3/connectionpool.py", line 1010, in _validate_conn
    conn.connect()
    │    └ <function HTTPSConnection.connect at 0x7f9508dde820>
    └ <urllib3.connection.HTTPSConnection object at 0x7f93e457a910>
  File "/home/chase/.local/lib/python3.8/site-packages/urllib3/connection.py", line 416, in connect
    self.sock = ssl_wrap_socket(
    │    │      └ <function ssl_wrap_socket at 0x7f9508e57550>
    │    └ None
    └ <urllib3.connection.HTTPSConnection object at 0x7f93e457a910>
  File "/home/chase/.local/lib/python3.8/site-packages/urllib3/util/ssl_.py", line 449, in ssl_wrap_socket
    ssl_sock = _ssl_wrap_socket_impl(
               └ <function _ssl_wrap_socket_impl at 0x7f9508e57700>
  File "/home/chase/.local/lib/python3.8/site-packages/urllib3/util/ssl_.py", line 493, in _ssl_wrap_socket_impl
    return ssl_context.wrap_socket(sock, server_hostname=server_hostname)
           │           │           │                     └ 'wappass.baidu.com'
           │           │           └ <socket.socket [closed] fd=-1, family=AddressFamily.AF_INET, type=SocketKind.SOCK_STREAM, proto=6>
           │           └ <function SSLContext.wrap_socket at 0x7f9529d34dc0>
           └ <ssl.SSLContext object at 0x7f91f3422d40>
  File "/usr/lib/python3.8/ssl.py", line 500, in wrap_socket
    return self.sslsocket_class._create(
           │    │               └ <classmethod object at 0x7f9529d37ac0>
           │    └ <class 'ssl.SSLSocket'>
           └ <ssl.SSLContext object at 0x7f91f3422d40>
  File "/usr/lib/python3.8/ssl.py", line 1040, in _create
    self.do_handshake()
    │    └ <function SSLSocket.do_handshake at 0x7f9529d3cca0>
    └ <ssl.SSLSocket [closed] fd=-1, family=AddressFamily.AF_INET, type=SocketKind.SOCK_STREAM, proto=6>
  File "/usr/lib/python3.8/ssl.py", line 1309, in do_handshake
    self._sslobj.do_handshake()
    │    └ None
    └ <ssl.SSLSocket [closed] fd=-1, family=AddressFamily.AF_INET, type=SocketKind.SOCK_STREAM, proto=6>

ssl.SSLError: [SSL: SSLV3_ALERT_HANDSHAKE_FAILURE] sslv3 alert handshake failure (_ssl.c:1131)


During handling of the above exception, another exception occurred:


Traceback (most recent call last):

  File "/home/chase/.local/lib/python3.8/site-packages/requests/adapters.py", line 439, in send
    resp = conn.urlopen(
           │    └ <function HTTPConnectionPool.urlopen at 0x7f9508defe50>
           └ <urllib3.connectionpool.HTTPSConnectionPool object at 0x7f916ef9c460>
  File "/home/chase/.local/lib/python3.8/site-packages/urllib3/connectionpool.py", line 755, in urlopen
    retries = retries.increment(
              │       └ <function Retry.increment at 0x7f9508e321f0>
              └ Retry(total=0, connect=None, read=False, redirect=None, status=None)
  File "/home/chase/.local/lib/python3.8/site-packages/urllib3/util/retry.py", line 574, in increment
    raise MaxRetryError(_pool, url, error or ResponseError(cause))
          │             │      │    │        │             └ 'unknown'
          │             │      │    │        └ <class 'urllib3.exceptions.ResponseError'>
          │             │      │    └ SSLError(SSLError(1, '[SSL: SSLV3_ALERT_HANDSHAKE_FAILURE] sslv3 alert handshake failure (_ssl.c:1131)'))
          │             │      └ '/static/captcha/tuxing.html?ak=2ef521ec36290baed33d66de9b16f625&backurl=http%3A%2F%2Ftieba.baidu.com%2Ff%2Fsearch%2Fres%3Fis...
          │             └ <urllib3.connectionpool.HTTPSConnectionPool object at 0x7f916ef9c460>
          └ <class 'urllib3.exceptions.MaxRetryError'>

urllib3.exceptions.MaxRetryError: HTTPSConnectionPool(host='wappass.baidu.com', port=443): Max retries exceeded with url: /static/captcha/tuxing.html?ak=2ef521ec36290baed33d66de9b16f625&backurl=http%3A%2F%2Ftieba.baidu.com%2Ff%2Fsearch%2Fres%3Fisnew%3D1%26kw%3D%26qw%3D%25E4%25B8%2596%25E5%258D%25AB%25E7%25BB%2584%25E7%25BB%2587%25E9%259D%259E%25E6%25B4%25B2%25E5%258C%25BA%25E5%259F%259F%25E5%258A%259E%25E4%25BA%258B%25E5%25A4%2584%25EF%25BC%259A%25E5%258D%2597%25E9%2583%25A8%25E9%259D%259E%25E6%25B4%25B2%25E5%259C%25B0%25E5%258C%25BA%25E5%2587%25BA%25E7%258E%25B0%25E6%2596%25B0%25E5%2586%25A0%25E7%2596%25AB%25E6%2583%2585%25E5%258F%258D%25E5%25BC%25B9%26rn%3D10%26un%3D%26only_thread%3D0%26sm%3D1%26sd%3D%26ed%3D%26pn%3D23&timestamp=1652563440&signature=7453fa97680f1abd54038b7260d0c5fe (Caused by SSLError(SSLError(1, '[SSL: SSLV3_ALERT_HANDSHAKE_FAILURE] sslv3 alert handshake failure (_ssl.c:1131)')))


During handling of the above exception, another exception occurred:


Traceback (most recent call last):

  File "/usr/lib/python3.8/threading.py", line 890, in _bootstrap
    self._bootstrap_inner()
    │    └ <function Thread._bootstrap_inner at 0x7f952cd96a60>
    └ <Thread(Thread-14008, started daemon 140264490333952)>
  File "/usr/lib/python3.8/threading.py", line 932, in _bootstrap_inner
    self.run()
    │    └ <function Thread.run at 0x7f952cd96790>
    └ <Thread(Thread-14008, started daemon 140264490333952)>
  File "/usr/lib/python3.8/threading.py", line 870, in run
    self._target(*self._args, **self._kwargs)
    │    │        │    │        │    └ {}
    │    │        │    │        └ <Thread(Thread-14008, started daemon 140264490333952)>
    │    │        │    └ ('ProjectManager.run_func_by_thread',)
    │    │        └ <Thread(Thread-14008, started daemon 140264490333952)>
    │    └ <bound method ProjectManager.get_request_from_keywords_hot of <monitor.projectManager.ProjectManager object at 0x7f9503f344c0>>
    └ <Thread(Thread-14008, started daemon 140264490333952)>

  File "/home/users/Scy/yuqing/spider/monitor/projectManager.py", line 805, in get_request_from_keywords_hot
    self.search_spider_manager.crawl_by_keyword(
    │    │                     └ <function SearchSpidersManager.crawl_by_keyword at 0x7f9500e28ee0>
    │    └ <monitor.spiderManager.SearchSpidersManager object at 0x7f9500a57e20>
    └ <monitor.projectManager.ProjectManager object at 0x7f9503f344c0>

  File "/home/users/Scy/yuqing/spider/monitor/spiderManager.py", line 118, in crawl_by_keyword
    self.crawl_by_keyword_signal_platform(project_names, platform, keyword, crawl_time, project_times)
    │    │                                │              │         │        │           └ {'default': <monitor.TimeSection object at 0x7f9500afdf40>, 'test': <monitor.TimeSection object at 0x7f9500b10fd0>}
    │    │                                │              │         │        └ <monitor.TimeSection object at 0x7f91bf41e5e0>
    │    │                                │              │         └ '世卫组织非洲区域办事处：南部非洲地区出现新冠疫情反弹'
    │    │                                │              └ '贴吧'
    │    │                                └ ['default']
    │    └ <function SearchSpidersManager.crawl_by_keyword_signal_platform at 0x7f9500e29040>
    └ <monitor.spiderManager.SearchSpidersManager object at 0x7f9500a57e20>

  File "/home/users/Scy/yuqing/spider/monitor/spiderManager.py", line 150, in crawl_by_keyword_signal_platform
    requests = self.get_request_from_keyword(platform, keyword_only, **crawl_time.to_dict())
               │    │                        │         │               │          └ <function TimeSection.to_dict at 0x7f950b1919d0>
               │    │                        │         │               └ <monitor.TimeSection object at 0x7f91bf41e5e0>
               │    │                        │         └ '世卫组织非洲区域办事处：南部非洲地区出现新冠疫情反弹'
               │    │                        └ '贴吧'
               │    └ <function SearchSpidersManager.get_request_from_keyword at 0x7f9500e29160>
               └ <monitor.spiderManager.SearchSpidersManager object at 0x7f9500a57e20>

  File "/home/users/Scy/yuqing/spider/monitor/spiderManager.py", line 214, in get_request_from_keyword
    for request in self.spiders[platform].get_request_from_keyword(headers, search_url, keyword, content_url,
                   │    │       │                                  │        │           │        └ None
                   │    │       │                                  │        │           └ '世卫组织非洲区域办事处：南部非洲地区出现新冠疫情反弹'
                   │    │       │                                  │        └ <string.Template object at 0x7f92841b7310>
                   │    │       │                                  └ {'Connection': 'keep-alive', 'sec-ch-ua': "'Chromium';v='92',' Not A;Brand';v='99', 'Google Chrome';v='92'", 'sec-ch-ua-mobil...
                   │    │       └ '贴吧'
                   │    └ {'凤凰网': <monitor.searchSpiders.ifeng.Ifeng object at 0x7f9500a57040>, '头条': <monitor.searchSpiders.toutiao.Toutiao object at ...
                   └ <monitor.spiderManager.SearchSpidersManager object at 0x7f9500a57e20>

> File "/home/users/Scy/yuqing/spider/monitor/searchSpiders/tieba.py", line 22, in get_request_from_keyword
    response = requests.get(url, headers=headers, timeout=50)
               │        │   │            └ {'Connection': 'keep-alive', 'sec-ch-ua': "'Chromium';v='92',' Not A;Brand';v='99', 'Google Chrome';v='92'", 'sec-ch-ua-mobil...
               │        │   └ 'https://tieba.baidu.com/f/search/res?isnew=1&kw=&qw=世卫组织非洲区域办事处：南部非洲地区出现新冠疫情反弹&rn=10&un=&only_thread=0&sm=1&sd=&ed=&pn=23'
               │        └ <function get at 0x7f9508c683a0>
               └ <module 'requests' from '/home/chase/.local/lib/python3.8/site-packages/requests/__init__.py'>

  File "/home/chase/.local/lib/python3.8/site-packages/requests/api.py", line 75, in get
    return request('get', url, params=params, **kwargs)
           │              │           │         └ {'headers': {'Connection': 'keep-alive', 'sec-ch-ua': "'Chromium';v='92',' Not A;Brand';v='99', 'Google Chrome';v='92'", 'sec...
           │              │           └ None
           │              └ 'https://tieba.baidu.com/f/search/res?isnew=1&kw=&qw=世卫组织非洲区域办事处：南部非洲地区出现新冠疫情反弹&rn=10&un=&only_thread=0&sm=1&sd=&ed=&pn=23'
           └ <function request at 0x7f9508c5a1f0>
  File "/home/chase/.local/lib/python3.8/site-packages/requests/api.py", line 61, in request
    return session.request(method=method, url=url, **kwargs)
           │       │              │           │      └ {'params': None, 'headers': {'Connection': 'keep-alive', 'sec-ch-ua': "'Chromium';v='92',' Not A;Brand';v='99', 'Google Chrom...
           │       │              │           └ 'https://tieba.baidu.com/f/search/res?isnew=1&kw=&qw=世卫组织非洲区域办事处：南部非洲地区出现新冠疫情反弹&rn=10&un=&only_thread=0&sm=1&sd=&ed=&pn=23'
           │       │              └ 'get'
           │       └ <function Session.request at 0x7f9508c70af0>
           └ <requests.sessions.Session object at 0x7f93c4168b50>
  File "/home/chase/.local/lib/python3.8/site-packages/requests/sessions.py", line 542, in request
    resp = self.send(prep, **send_kwargs)
           │    │    │       └ {'timeout': 50, 'allow_redirects': True, 'verify': True, 'proxies': OrderedDict(), 'stream': False, 'cert': None}
           │    │    └ <PreparedRequest [GET]>
           │    └ <function Session.send at 0x7f9508c70f70>
           └ <requests.sessions.Session object at 0x7f93c4168b50>
  File "/home/chase/.local/lib/python3.8/site-packages/requests/sessions.py", line 677, in send
    history = [resp for resp in gen]
                                └ <generator object SessionRedirectMixin.resolve_redirects at 0x7f917cca6a50>
  File "/home/chase/.local/lib/python3.8/site-packages/requests/sessions.py", line 677, in <listcomp>
    history = [resp for resp in gen]
  File "/home/chase/.local/lib/python3.8/site-packages/requests/sessions.py", line 237, in resolve_redirects
    resp = self.send(
           │    └ <function Session.send at 0x7f9508c70f70>
           └ <requests.sessions.Session object at 0x7f93c4168b50>
  File "/home/chase/.local/lib/python3.8/site-packages/requests/sessions.py", line 655, in send
    r = adapter.send(request, **kwargs)
        │       │    │          └ {'stream': False, 'timeout': 50, 'verify': True, 'cert': None, 'proxies': OrderedDict()}
        │       │    └ <PreparedRequest [GET]>
        │       └ <function HTTPAdapter.send at 0x7f9508c70430>
        └ <requests.adapters.HTTPAdapter object at 0x7f92a454f460>
  File "/home/chase/.local/lib/python3.8/site-packages/requests/adapters.py", line 514, in send
    raise SSLError(e, request=request)
          │                   └ <PreparedRequest [GET]>
          └ <class 'requests.exceptions.SSLError'>

requests.exceptions.SSLError: HTTPSConnectionPool(host='wappass.baidu.com', port=443): Max retries exceeded with url: /static/captcha/tuxing.html?ak=2ef521ec36290baed33d66de9b16f625&backurl=http%3A%2F%2Ftieba.baidu.com%2Ff%2Fsearch%2Fres%3Fisnew%3D1%26kw%3D%26qw%3D%25E4%25B8%2596%25E5%258D%25AB%25E7%25BB%2584%25E7%25BB%2587%25E9%259D%259E%25E6%25B4%25B2%25E5%258C%25BA%25E5%259F%259F%25E5%258A%259E%25E4%25BA%258B%25E5%25A4%2584%25EF%25BC%259A%25E5%258D%2597%25E9%2583%25A8%25E9%259D%259E%25E6%25B4%25B2%25E5%259C%25B0%25E5%258C%25BA%25E5%2587%25BA%25E7%258E%25B0%25E6%2596%25B0%25E5%2586%25A0%25E7%2596%25AB%25E6%2583%2585%25E5%258F%258D%25E5%25BC%25B9%26rn%3D10%26un%3D%26only_thread%3D0%26sm%3D1%26sd%3D%26ed%3D%26pn%3D23&timestamp=1652563440&signature=7453fa97680f1abd54038b7260d0c5fe (Caused by SSLError(SSLError(1, '[SSL: SSLV3_ALERT_HANDSHAKE_FAILURE] sslv3 alert handshake failure (_ssl.c:1131)')))
2022-05-15 05:42:40.613 | ERROR    | monitor.searchSpiders.tieba:get_request_from_keyword:34 - E 贴吧错误HTTPSConnectionPool(host='wappass.baidu.com', port=443): Max retries exceeded with url: /static/captcha/tuxing.html?ak=2ef521ec36290baed33d66de9b16f625&backurl=http%3A%2F%2Ftieba.baidu.com%2Ff%2Fsearch%2Fres%3Fisnew%3D1%26kw%3D%26qw%3D%25E4%25BF%2584%25E7%25BD%2597%25E6%2596%25AF%25E4%25B8%25BE%25E8%25A1%258C%25E8%2583%259C%25E5%2588%25A9%25E6%2597%25A5%25E9%2598%2585%25E5%2585%25B5%26rn%3D10%26un%3D%26only_thread%3D0%26sm%3D1%26sd%3D%26ed%3D%26pn%3D22&timestamp=1652564560&signature=9138106e107a6465e93e945454f9474b (Caused by SSLError(SSLError(1, '[SSL: SSLV3_ALERT_HANDSHAKE_FAILURE] sslv3 alert handshake failure (_ssl.c:1131)')))
Traceback (most recent call last):

  File "/home/chase/.local/lib/python3.8/site-packages/urllib3/connectionpool.py", line 699, in urlopen
    httplib_response = self._make_request(
                       │    └ <function HTTPConnectionPool._make_request at 0x7f9508defc10>
                       └ <urllib3.connectionpool.HTTPSConnectionPool object at 0x7f9404214370>
  File "/home/chase/.local/lib/python3.8/site-packages/urllib3/connectionpool.py", line 382, in _make_request
    self._validate_conn(conn)
    │    │              └ <urllib3.connection.HTTPSConnection object at 0x7f93e4514d90>
    │    └ <function HTTPSConnectionPool._validate_conn at 0x7f9508df1160>
    └ <urllib3.connectionpool.HTTPSConnectionPool object at 0x7f9404214370>
  File "/home/chase/.local/lib/python3.8/site-packages/urllib3/connectionpool.py", line 1010, in _validate_conn
    conn.connect()
    │    └ <function HTTPSConnection.connect at 0x7f9508dde820>
    └ <urllib3.connection.HTTPSConnection object at 0x7f93e4514d90>
  File "/home/chase/.local/lib/python3.8/site-packages/urllib3/connection.py", line 416, in connect
    self.sock = ssl_wrap_socket(
    │    │      └ <function ssl_wrap_socket at 0x7f9508e57550>
    │    └ None
    └ <urllib3.connection.HTTPSConnection object at 0x7f93e4514d90>
  File "/home/chase/.local/lib/python3.8/site-packages/urllib3/util/ssl_.py", line 449, in ssl_wrap_socket
    ssl_sock = _ssl_wrap_socket_impl(
               └ <function _ssl_wrap_socket_impl at 0x7f9508e57700>
  File "/home/chase/.local/lib/python3.8/site-packages/urllib3/util/ssl_.py", line 493, in _ssl_wrap_socket_impl
    return ssl_context.wrap_socket(sock, server_hostname=server_hostname)
           │           │           │                     └ 'wappass.baidu.com'
           │           │           └ <socket.socket [closed] fd=-1, family=AddressFamily.AF_INET, type=SocketKind.SOCK_STREAM, proto=6>
           │           └ <function SSLContext.wrap_socket at 0x7f9529d34dc0>
           └ <ssl.SSLContext object at 0x7f9384152a40>
  File "/usr/lib/python3.8/ssl.py", line 500, in wrap_socket
    return self.sslsocket_class._create(
           │    │               └ <classmethod object at 0x7f9529d37ac0>
           │    └ <class 'ssl.SSLSocket'>
           └ <ssl.SSLContext object at 0x7f9384152a40>
  File "/usr/lib/python3.8/ssl.py", line 1040, in _create
    self.do_handshake()
    │    └ <function SSLSocket.do_handshake at 0x7f9529d3cca0>
    └ <ssl.SSLSocket [closed] fd=-1, family=AddressFamily.AF_INET, type=SocketKind.SOCK_STREAM, proto=6>
  File "/usr/lib/python3.8/ssl.py", line 1309, in do_handshake
    self._sslobj.do_handshake()
    │    └ None
    └ <ssl.SSLSocket [closed] fd=-1, family=AddressFamily.AF_INET, type=SocketKind.SOCK_STREAM, proto=6>

ssl.SSLError: [SSL: SSLV3_ALERT_HANDSHAKE_FAILURE] sslv3 alert handshake failure (_ssl.c:1131)


During handling of the above exception, another exception occurred:


Traceback (most recent call last):

  File "/home/chase/.local/lib/python3.8/site-packages/requests/adapters.py", line 439, in send
    resp = conn.urlopen(
           │    └ <function HTTPConnectionPool.urlopen at 0x7f9508defe50>
           └ <urllib3.connectionpool.HTTPSConnectionPool object at 0x7f9404214370>
  File "/home/chase/.local/lib/python3.8/site-packages/urllib3/connectionpool.py", line 755, in urlopen
    retries = retries.increment(
              │       └ <function Retry.increment at 0x7f9508e321f0>
              └ Retry(total=0, connect=None, read=False, redirect=None, status=None)
  File "/home/chase/.local/lib/python3.8/site-packages/urllib3/util/retry.py", line 574, in increment
    raise MaxRetryError(_pool, url, error or ResponseError(cause))
          │             │      │    │        │             └ 'unknown'
          │             │      │    │        └ <class 'urllib3.exceptions.ResponseError'>
          │             │      │    └ SSLError(SSLError(1, '[SSL: SSLV3_ALERT_HANDSHAKE_FAILURE] sslv3 alert handshake failure (_ssl.c:1131)'))
          │             │      └ '/static/captcha/tuxing.html?ak=2ef521ec36290baed33d66de9b16f625&backurl=http%3A%2F%2Ftieba.baidu.com%2Ff%2Fsearch%2Fres%3Fis...
          │             └ <urllib3.connectionpool.HTTPSConnectionPool object at 0x7f9404214370>
          └ <class 'urllib3.exceptions.MaxRetryError'>

urllib3.exceptions.MaxRetryError: HTTPSConnectionPool(host='wappass.baidu.com', port=443): Max retries exceeded with url: /static/captcha/tuxing.html?ak=2ef521ec36290baed33d66de9b16f625&backurl=http%3A%2F%2Ftieba.baidu.com%2Ff%2Fsearch%2Fres%3Fisnew%3D1%26kw%3D%26qw%3D%25E4%25BF%2584%25E7%25BD%2597%25E6%2596%25AF%25E4%25B8%25BE%25E8%25A1%258C%25E8%2583%259C%25E5%2588%25A9%25E6%2597%25A5%25E9%2598%2585%25E5%2585%25B5%26rn%3D10%26un%3D%26only_thread%3D0%26sm%3D1%26sd%3D%26ed%3D%26pn%3D22&timestamp=1652564560&signature=9138106e107a6465e93e945454f9474b (Caused by SSLError(SSLError(1, '[SSL: SSLV3_ALERT_HANDSHAKE_FAILURE] sslv3 alert handshake failure (_ssl.c:1131)')))


During handling of the above exception, another exception occurred:


Traceback (most recent call last):

  File "/usr/lib/python3.8/threading.py", line 890, in _bootstrap
    self._bootstrap_inner()
    │    └ <function Thread._bootstrap_inner at 0x7f952cd96a60>
    └ <Thread(Thread-13093, started daemon 140263955310336)>
  File "/usr/lib/python3.8/threading.py", line 932, in _bootstrap_inner
    self.run()
    │    └ <function Thread.run at 0x7f952cd96790>
    └ <Thread(Thread-13093, started daemon 140263955310336)>
  File "/usr/lib/python3.8/threading.py", line 870, in run
    self._target(*self._args, **self._kwargs)
    │    │        │    │        │    └ {}
    │    │        │    │        └ <Thread(Thread-13093, started daemon 140263955310336)>
    │    │        │    └ ('ProjectManager.run_func_by_thread',)
    │    │        └ <Thread(Thread-13093, started daemon 140263955310336)>
    │    └ <bound method ProjectManager.get_request_from_keywords_hot of <monitor.projectManager.ProjectManager object at 0x7f9503f344c0>>
    └ <Thread(Thread-13093, started daemon 140263955310336)>

  File "/home/users/Scy/yuqing/spider/monitor/projectManager.py", line 805, in get_request_from_keywords_hot
    self.search_spider_manager.crawl_by_keyword(
    │    │                     └ <function SearchSpidersManager.crawl_by_keyword at 0x7f9500e28ee0>
    │    └ <monitor.spiderManager.SearchSpidersManager object at 0x7f9500a57e20>
    └ <monitor.projectManager.ProjectManager object at 0x7f9503f344c0>

  File "/home/users/Scy/yuqing/spider/monitor/spiderManager.py", line 118, in crawl_by_keyword
    self.crawl_by_keyword_signal_platform(project_names, platform, keyword, crawl_time, project_times)
    │    │                                │              │         │        │           └ {'default': <monitor.TimeSection object at 0x7f9500afdf40>, 'test': <monitor.TimeSection object at 0x7f9500b10fd0>}
    │    │                                │              │         │        └ <monitor.TimeSection object at 0x7f93240ae610>
    │    │                                │              │         └ '俄罗斯举行胜利日阅兵'
    │    │                                │              └ '贴吧'
    │    │                                └ ['default']
    │    └ <function SearchSpidersManager.crawl_by_keyword_signal_platform at 0x7f9500e29040>
    └ <monitor.spiderManager.SearchSpidersManager object at 0x7f9500a57e20>

  File "/home/users/Scy/yuqing/spider/monitor/spiderManager.py", line 150, in crawl_by_keyword_signal_platform
    requests = self.get_request_from_keyword(platform, keyword_only, **crawl_time.to_dict())
               │    │                        │         │               │          └ <function TimeSection.to_dict at 0x7f950b1919d0>
               │    │                        │         │               └ <monitor.TimeSection object at 0x7f93240ae610>
               │    │                        │         └ '俄罗斯举行胜利日阅兵'
               │    │                        └ '贴吧'
               │    └ <function SearchSpidersManager.get_request_from_keyword at 0x7f9500e29160>
               └ <monitor.spiderManager.SearchSpidersManager object at 0x7f9500a57e20>

  File "/home/users/Scy/yuqing/spider/monitor/spiderManager.py", line 214, in get_request_from_keyword
    for request in self.spiders[platform].get_request_from_keyword(headers, search_url, keyword, content_url,
                   │    │       │                                  │        │           │        └ None
                   │    │       │                                  │        │           └ '俄罗斯举行胜利日阅兵'
                   │    │       │                                  │        └ <string.Template object at 0x7f9324150070>
                   │    │       │                                  └ {'Connection': 'keep-alive', 'sec-ch-ua': "'Chromium';v='92',' Not A;Brand';v='99', 'Google Chrome';v='92'", 'sec-ch-ua-mobil...
                   │    │       └ '贴吧'
                   │    └ {'凤凰网': <monitor.searchSpiders.ifeng.Ifeng object at 0x7f9500a57040>, '头条': <monitor.searchSpiders.toutiao.Toutiao object at ...
                   └ <monitor.spiderManager.SearchSpidersManager object at 0x7f9500a57e20>

> File "/home/users/Scy/yuqing/spider/monitor/searchSpiders/tieba.py", line 22, in get_request_from_keyword
    response = requests.get(url, headers=headers, timeout=50)
               │        │   │            └ {'Connection': 'keep-alive', 'sec-ch-ua': "'Chromium';v='92',' Not A;Brand';v='99', 'Google Chrome';v='92'", 'sec-ch-ua-mobil...
               │        │   └ 'https://tieba.baidu.com/f/search/res?isnew=1&kw=&qw=俄罗斯举行胜利日阅兵&rn=10&un=&only_thread=0&sm=1&sd=&ed=&pn=22'
               │        └ <function get at 0x7f9508c683a0>
               └ <module 'requests' from '/home/chase/.local/lib/python3.8/site-packages/requests/__init__.py'>

  File "/home/chase/.local/lib/python3.8/site-packages/requests/api.py", line 75, in get
    return request('get', url, params=params, **kwargs)
           │              │           │         └ {'headers': {'Connection': 'keep-alive', 'sec-ch-ua': "'Chromium';v='92',' Not A;Brand';v='99', 'Google Chrome';v='92'", 'sec...
           │              │           └ None
           │              └ 'https://tieba.baidu.com/f/search/res?isnew=1&kw=&qw=俄罗斯举行胜利日阅兵&rn=10&un=&only_thread=0&sm=1&sd=&ed=&pn=22'
           └ <function request at 0x7f9508c5a1f0>
  File "/home/chase/.local/lib/python3.8/site-packages/requests/api.py", line 61, in request
    return session.request(method=method, url=url, **kwargs)
           │       │              │           │      └ {'params': None, 'headers': {'Connection': 'keep-alive', 'sec-ch-ua': "'Chromium';v='92',' Not A;Brand';v='99', 'Google Chrom...
           │       │              │           └ 'https://tieba.baidu.com/f/search/res?isnew=1&kw=&qw=俄罗斯举行胜利日阅兵&rn=10&un=&only_thread=0&sm=1&sd=&ed=&pn=22'
           │       │              └ 'get'
           │       └ <function Session.request at 0x7f9508c70af0>
           └ <requests.sessions.Session object at 0x7f91cd3168e0>
  File "/home/chase/.local/lib/python3.8/site-packages/requests/sessions.py", line 542, in request
    resp = self.send(prep, **send_kwargs)
           │    │    │       └ {'timeout': 50, 'allow_redirects': True, 'verify': True, 'proxies': OrderedDict(), 'stream': False, 'cert': None}
           │    │    └ <PreparedRequest [GET]>
           │    └ <function Session.send at 0x7f9508c70f70>
           └ <requests.sessions.Session object at 0x7f91cd3168e0>
  File "/home/chase/.local/lib/python3.8/site-packages/requests/sessions.py", line 677, in send
    history = [resp for resp in gen]
                                └ <generator object SessionRedirectMixin.resolve_redirects at 0x7f92e41fdf90>
  File "/home/chase/.local/lib/python3.8/site-packages/requests/sessions.py", line 677, in <listcomp>
    history = [resp for resp in gen]
  File "/home/chase/.local/lib/python3.8/site-packages/requests/sessions.py", line 237, in resolve_redirects
    resp = self.send(
           │    └ <function Session.send at 0x7f9508c70f70>
           └ <requests.sessions.Session object at 0x7f91cd3168e0>
  File "/home/chase/.local/lib/python3.8/site-packages/requests/sessions.py", line 655, in send
    r = adapter.send(request, **kwargs)
        │       │    │          └ {'stream': False, 'timeout': 50, 'verify': True, 'cert': None, 'proxies': OrderedDict()}
        │       │    └ <PreparedRequest [GET]>
        │       └ <function HTTPAdapter.send at 0x7f9508c70430>
        └ <requests.adapters.HTTPAdapter object at 0x7f93447c6730>
  File "/home/chase/.local/lib/python3.8/site-packages/requests/adapters.py", line 514, in send
    raise SSLError(e, request=request)
          │                   └ <PreparedRequest [GET]>
          └ <class 'requests.exceptions.SSLError'>

requests.exceptions.SSLError: HTTPSConnectionPool(host='wappass.baidu.com', port=443): Max retries exceeded with url: /static/captcha/tuxing.html?ak=2ef521ec36290baed33d66de9b16f625&backurl=http%3A%2F%2Ftieba.baidu.com%2Ff%2Fsearch%2Fres%3Fisnew%3D1%26kw%3D%26qw%3D%25E4%25BF%2584%25E7%25BD%2597%25E6%2596%25AF%25E4%25B8%25BE%25E8%25A1%258C%25E8%2583%259C%25E5%2588%25A9%25E6%2597%25A5%25E9%2598%2585%25E5%2585%25B5%26rn%3D10%26un%3D%26only_thread%3D0%26sm%3D1%26sd%3D%26ed%3D%26pn%3D22&timestamp=1652564560&signature=9138106e107a6465e93e945454f9474b (Caused by SSLError(SSLError(1, '[SSL: SSLV3_ALERT_HANDSHAKE_FAILURE] sslv3 alert handshake failure (_ssl.c:1131)')))
