2022-05-06 14:18:43.751 | ERROR    | __main__:get_request_from_keyword:39 - E 人民网错误Invalid URL 'http: // search.people.cn / search - platform / front / search': No host supplied
Traceback (most recent call last):

  File "/home/users/Scy/yuqing/spider/monitor/searchSpiders/people.py", line 62, in <module>
    for i in a.get_request_from_keyword(headers, search_url, keyword):
             │ │                        │        │           └ '国防科技大学举办第十九届空天科技文化节'
             │ │                        │        └ 'http: // search.people.cn / search - platform / front / search'
             │ │                        └ {'Accept': 'image/avif,image/webp,image/apng,image/svg+xml,image/*,*/*;q=0.8', 'Accept-Encoding': 'gzip, deflate', 'Accept-La...
             │ └ <function People_search.get_request_from_keyword at 0x7f4aae50b0d0>
             └ <__main__.People_search object at 0x7f4ad6b0fca0>

> File "/home/users/Scy/yuqing/spider/monitor/searchSpiders/people.py", line 23, in get_request_from_keyword
    response = requests.post(search_url, json=data, headers=headers)
               │        │    │                │             └ {'Accept': 'image/avif,image/webp,image/apng,image/svg+xml,image/*,*/*;q=0.8', 'Accept-Encoding': 'gzip, deflate', 'Accept-La...
               │        │    │                └ {'key': '国防科技大学举办第十九届空天科技文化节', 'page': 1, 'limit': 10, 'hasTitle': True, 'hasContent': True, 'isFuzzy': True, 'type': 0, 'sor...
               │        │    └ 'http: // search.people.cn / search - platform / front / search'
               │        └ <function post at 0x7f4ab7a8d9d0>
               └ <module 'requests' from '/home/chase/.local/lib/python3.8/site-packages/requests/__init__.py'>

  File "/home/chase/.local/lib/python3.8/site-packages/requests/api.py", line 117, in post
    return request('post', url, data=data, json=json, **kwargs)
           │               │         │          │       └ {'headers': {'Accept': 'image/avif,image/webp,image/apng,image/svg+xml,image/*,*/*;q=0.8', 'Accept-Encoding': 'gzip, deflate'...
           │               │         │          └ {'key': '国防科技大学举办第十九届空天科技文化节', 'page': 1, 'limit': 10, 'hasTitle': True, 'hasContent': True, 'isFuzzy': True, 'type': 0, 'sor...
           │               │         └ None
           │               └ 'http: // search.people.cn / search - platform / front / search'
           └ <function request at 0x7f4ab7a84700>
  File "/home/chase/.local/lib/python3.8/site-packages/requests/api.py", line 61, in request
    return session.request(method=method, url=url, **kwargs)
           │       │              │           │      └ {'data': None, 'json': {'key': '国防科技大学举办第十九届空天科技文化节', 'page': 1, 'limit': 10, 'hasTitle': True, 'hasContent': True, 'isFuzzy'...
           │       │              │           └ 'http: // search.people.cn / search - platform / front / search'
           │       │              └ 'post'
           │       └ <function Session.request at 0x7f4ab7a96f70>
           └ <requests.sessions.Session object at 0x7f4ad6b0fdf0>
  File "/home/chase/.local/lib/python3.8/site-packages/requests/sessions.py", line 528, in request
    prep = self.prepare_request(req)
           │    │               └ <Request [POST]>
           │    └ <function Session.prepare_request at 0x7f4ab7a96ee0>
           └ <requests.sessions.Session object at 0x7f4ad6b0fdf0>
  File "/home/chase/.local/lib/python3.8/site-packages/requests/sessions.py", line 456, in prepare_request
    p.prepare(
    │ └ <function PreparedRequest.prepare at 0x7f4ab7a823a0>
    └ <PreparedRequest [POST]>
  File "/home/chase/.local/lib/python3.8/site-packages/requests/models.py", line 316, in prepare
    self.prepare_url(url, params)
    │    │           │    └ OrderedDict()
    │    │           └ 'http: // search.people.cn / search - platform / front / search'
    │    └ <function PreparedRequest.prepare_url at 0x7f4ab7a82670>
    └ <PreparedRequest [POST]>
  File "/home/chase/.local/lib/python3.8/site-packages/requests/models.py", line 393, in prepare_url
    raise InvalidURL("Invalid URL %r: No host supplied" % url)
          │                                               └ 'http: // search.people.cn / search - platform / front / search'
          └ <class 'requests.exceptions.InvalidURL'>

requests.exceptions.InvalidURL: Invalid URL 'http: // search.people.cn / search - platform / front / search': No host supplied
2022-05-06 14:22:05.981 | ERROR    | __main__:get_request_from_keyword:39 - E 人民网错误Invalid URL 'http: // search.people.cn / search - platform / front / search': No host supplied
Traceback (most recent call last):

  File "/home/users/Scy/yuqing/spider/monitor/searchSpiders/people.py", line 62, in <module>
    for i in a.get_request_from_keyword(headers, search_url, keyword):
             │ │                        │        │           └ '国防科技大学举办第十九届空天科技文化节'
             │ │                        │        └ 'http: // search.people.cn / search - platform / front / search'
             │ │                        └ {'Accept': 'image/avif,image/webp,image/apng,image/svg+xml,image/*,*/*;q=0.8', 'Accept-Encoding': 'gzip, deflate', 'Accept-La...
             │ └ <function People_search.get_request_from_keyword at 0x7fb5934f70d0>
             └ <__main__.People_search object at 0x7fb5bbaf7ca0>

> File "/home/users/Scy/yuqing/spider/monitor/searchSpiders/people.py", line 23, in get_request_from_keyword
    response = requests.post(search_url, json=data, headers=headers)
               │        │    │                │             └ {'Accept': 'image/avif,image/webp,image/apng,image/svg+xml,image/*,*/*;q=0.8', 'Accept-Encoding': 'gzip, deflate', 'Accept-La...
               │        │    │                └ {'key': '国防科技大学举办第十九届空天科技文化节', 'page': 1, 'limit': 10, 'hasTitle': True, 'hasContent': True, 'isFuzzy': True, 'type': 0, 'sor...
               │        │    └ 'http: // search.people.cn / search - platform / front / search'
               │        └ <function post at 0x7fb59ca759d0>
               └ <module 'requests' from '/home/chase/.local/lib/python3.8/site-packages/requests/__init__.py'>

  File "/home/chase/.local/lib/python3.8/site-packages/requests/api.py", line 117, in post
    return request('post', url, data=data, json=json, **kwargs)
           │               │         │          │       └ {'headers': {'Accept': 'image/avif,image/webp,image/apng,image/svg+xml,image/*,*/*;q=0.8', 'Accept-Encoding': 'gzip, deflate'...
           │               │         │          └ {'key': '国防科技大学举办第十九届空天科技文化节', 'page': 1, 'limit': 10, 'hasTitle': True, 'hasContent': True, 'isFuzzy': True, 'type': 0, 'sor...
           │               │         └ None
           │               └ 'http: // search.people.cn / search - platform / front / search'
           └ <function request at 0x7fb59ca6c700>
  File "/home/chase/.local/lib/python3.8/site-packages/requests/api.py", line 61, in request
    return session.request(method=method, url=url, **kwargs)
           │       │              │           │      └ {'data': None, 'json': {'key': '国防科技大学举办第十九届空天科技文化节', 'page': 1, 'limit': 10, 'hasTitle': True, 'hasContent': True, 'isFuzzy'...
           │       │              │           └ 'http: // search.people.cn / search - platform / front / search'
           │       │              └ 'post'
           │       └ <function Session.request at 0x7fb59ca7ef70>
           └ <requests.sessions.Session object at 0x7fb5bbaf7df0>
  File "/home/chase/.local/lib/python3.8/site-packages/requests/sessions.py", line 528, in request
    prep = self.prepare_request(req)
           │    │               └ <Request [POST]>
           │    └ <function Session.prepare_request at 0x7fb59ca7eee0>
           └ <requests.sessions.Session object at 0x7fb5bbaf7df0>
  File "/home/chase/.local/lib/python3.8/site-packages/requests/sessions.py", line 456, in prepare_request
    p.prepare(
    │ └ <function PreparedRequest.prepare at 0x7fb59ca6a3a0>
    └ <PreparedRequest [POST]>
  File "/home/chase/.local/lib/python3.8/site-packages/requests/models.py", line 316, in prepare
    self.prepare_url(url, params)
    │    │           │    └ OrderedDict()
    │    │           └ 'http: // search.people.cn / search - platform / front / search'
    │    └ <function PreparedRequest.prepare_url at 0x7fb59ca6a670>
    └ <PreparedRequest [POST]>
  File "/home/chase/.local/lib/python3.8/site-packages/requests/models.py", line 393, in prepare_url
    raise InvalidURL("Invalid URL %r: No host supplied" % url)
          │                                               └ 'http: // search.people.cn / search - platform / front / search'
          └ <class 'requests.exceptions.InvalidURL'>

requests.exceptions.InvalidURL: Invalid URL 'http: // search.people.cn / search - platform / front / search': No host supplied
2022-05-06 14:22:13.350 | ERROR    | __main__:get_request_from_keyword:39 - E 人民网错误'NoneType' object is not subscriptable
Traceback (most recent call last):

  File "/home/users/Scy/yuqing/spider/monitor/searchSpiders/people.py", line 62, in <module>
    for i in a.get_request_from_keyword(headers, search_url, keyword):
             │ │                        │        │           └ '国防科技大学举办第十九届空天科技文化节'
             │ │                        │        └ 'http://search.people.cn/search-platform/front/search'
             │ │                        └ {'Accept': 'image/avif,image/webp,image/apng,image/svg+xml,image/*,*/*;q=0.8', 'Accept-Encoding': 'gzip, deflate', 'Accept-La...
             │ └ <function People_search.get_request_from_keyword at 0x7f113e849040>
             └ <__main__.People_search object at 0x7f1166e4dca0>

> File "/home/users/Scy/yuqing/spider/monitor/searchSpiders/people.py", line 25, in get_request_from_keyword
    all_search_page = data["pages"]
                      └ None

TypeError: 'NoneType' object is not subscriptable
2022-05-06 14:29:23.193 | ERROR    | base.utils.time:people_time_from_url:173 - 【url error】url:http://bbs1.people.com.cn/post/1/1/2/177702489.html
2022-05-06 14:29:25.349 | ERROR    | base.utils.time:people_time_from_url:173 - 【url error】url:http://bbs1.people.com.cn/post/1/1/2/177699106.html
2022-05-06 14:29:34.107 | ERROR    | base.utils.time:people_time_from_url:173 - 【url error】url:http://bbs1.people.com.cn/post/1/1/2/177702489.html
2022-05-06 14:29:36.412 | ERROR    | base.utils.time:people_time_from_url:173 - 【url error】url:http://bbs1.people.com.cn/post/1/1/2/177699106.html
2022-05-06 14:29:41.342 | ERROR    | base.utils.time:people_time_from_url:173 - 【url error】url:http://bbs1.people.com.cn/post/1/1/2/177708461.html
2022-05-06 14:29:52.699 | ERROR    | base.utils.time:people_time_from_url:173 - 【url error】url:http://bbs1.people.com.cn/post/1/1/2/177708461.html
2022-05-06 14:29:54.951 | ERROR    | base.utils.time:people_time_from_url:173 - 【url error】url:http://bbs1.people.com.cn/post/1/1/2/177706139.html
2022-05-06 14:29:59.827 | ERROR    | base.utils.time:people_time_from_url:173 - 【url error】url:http://bbs1.people.com.cn/post/1/1/2/177702489.html
2022-05-06 14:29:59.870 | ERROR    | base.utils.time:people_time_from_url:173 - 【url error】url:http://bbs1.people.com.cn/post/1/1/2/177699106.html
2022-05-06 14:30:02.595 | ERROR    | base.utils.time:people_time_from_url:173 - 【url error】url:http://bbs1.people.com.cn/post/1/1/2/177699106.html
2022-05-06 14:30:05.258 | ERROR    | base.utils.time:people_time_from_url:173 - 【url error】url:http://bbs1.people.com.cn/post/1/1/2/177706139.html
2022-05-06 14:30:16.304 | ERROR    | base.utils.time:people_time_from_url:173 - 【url error】url:http://bbs1.people.com.cn/post/2/1/2/177698573.html
2022-05-06 14:30:19.264 | ERROR    | base.utils.time:people_time_from_url:173 - 【url error】url:http://bbs1.people.com.cn/post/1/1/2/177708461.html
2022-05-06 14:30:19.918 | ERROR    | base.utils.time:people_time_from_url:173 - 【url error】url:http://bbs1.people.com.cn/post/2/1/2/177698843.html
2022-05-06 14:30:22.669 | ERROR    | base.utils.time:people_time_from_url:173 - 【url error】url:http://bbs1.people.com.cn/post/1/1/2/177708461.html
2022-05-06 14:30:23.476 | ERROR    | base.utils.time:people_time_from_url:173 - 【url error】url:http://api.weibo.com/2/statuses/go?uid=2286908003&id=4766086832328917
2022-05-06 14:30:23.730 | ERROR    | base.utils.time:people_time_from_url:173 - 【url error】url:http://api.weibo.com/2/statuses/go?uid=2286908003&id=4766069988524082
2022-05-06 14:30:24.300 | ERROR    | base.utils.time:people_time_from_url:173 - 【url error】url:http://api.weibo.com/2/statuses/go?uid=2286908003&id=4765874260805091
2022-05-06 14:30:24.304 | ERROR    | base.utils.time:people_time_from_url:173 - 【url error】url:http://bbs1.people.com.cn/post/1/1/2/177707785.html
2022-05-06 14:30:24.849 | ERROR    | base.utils.time:people_time_from_url:173 - 【url error】url:http://api.weibo.com/2/statuses/go?uid=2286908003&id=4765566885693976
2022-05-06 14:30:25.470 | ERROR    | base.utils.time:people_time_from_url:173 - 【url error】url:http://bbs1.people.com.cn/post/2/1/2/177698573.html
2022-05-06 14:30:27.093 | ERROR    | base.utils.time:people_time_from_url:173 - 【url error】url:http://bbs1.people.com.cn/post/1/1/2/177702489.html
2022-05-06 14:30:29.199 | ERROR    | base.utils.time:people_time_from_url:173 - 【url error】url:http://bbs1.people.com.cn/post/2/1/2/177698843.html
2022-05-06 14:30:29.653 | ERROR    | base.utils.time:people_time_from_url:173 - 【url error】url:http://bbs1.people.com.cn/post/1/1/2/177699106.html
2022-05-06 14:30:33.115 | ERROR    | base.utils.time:people_time_from_url:173 - 【url error】url:http://api.weibo.com/2/statuses/go?uid=2286908003&id=4766086832328917
2022-05-06 14:30:33.394 | ERROR    | base.utils.time:people_time_from_url:173 - 【url error】url:http://api.weibo.com/2/statuses/go?uid=2286908003&id=4766069988524082
2022-05-06 14:30:33.698 | ERROR    | base.utils.time:people_time_from_url:173 - 【url error】url:http://bbs1.people.com.cn/post/1/1/2/177706139.html
2022-05-06 14:30:33.921 | ERROR    | base.utils.time:people_time_from_url:173 - 【url error】url:http://api.weibo.com/2/statuses/go?uid=2286908003&id=4765874260805091
2022-05-06 14:30:33.925 | ERROR    | base.utils.time:people_time_from_url:173 - 【url error】url:http://bbs1.people.com.cn/post/1/1/2/177707785.html
2022-05-06 14:30:34.470 | ERROR    | base.utils.time:people_time_from_url:173 - 【url error】url:http://api.weibo.com/2/statuses/go?uid=2286908003&id=4765566885693976
2022-05-06 14:30:35.079 | ERROR    | base.utils.time:people_time_from_url:173 - 【url error】url:http://bbs1.people.com.cn/post/1/1/2/177707472.html
2022-05-06 14:30:37.027 | ERROR    | base.utils.time:people_time_from_url:173 - 【url error】url:http://bbs1.people.com.cn/post/1/1/2/177706139.html
2022-05-06 14:30:49.724 | ERROR    | base.utils.time:people_time_from_url:173 - 【url error】url:http://bbs1.people.com.cn/post/1/1/2/177706139.html
2022-05-06 14:30:53.798 | ERROR    | base.utils.time:people_time_from_url:173 - 【url error】url:http://bbs1.people.com.cn/post/1/1/2/177699106.html
2022-05-06 14:30:54.471 | ERROR    | base.utils.time:people_time_from_url:173 - 【url error】url:http://bbs1.people.com.cn/post/2/1/2/177698573.html
2022-05-06 14:30:56.597 | ERROR    | monitor.searchSpiders.people:get_request_from_keyword:38 - E 人民网错误('Connection aborted.', RemoteDisconnected('Remote end closed connection without response'))
Traceback (most recent call last):

  File "/home/chase/.local/lib/python3.8/site-packages/urllib3/connectionpool.py", line 699, in urlopen
    httplib_response = self._make_request(
                       │    └ <function HTTPConnectionPool._make_request at 0x7f28ac931670>
                       └ <urllib3.connectionpool.HTTPConnectionPool object at 0x7f279573d7c0>
  File "/home/chase/.local/lib/python3.8/site-packages/urllib3/connectionpool.py", line 445, in _make_request
    six.raise_from(e, None)
    │   └ <function raise_from at 0x7f28acba31f0>
    └ <module 'urllib3.packages.six' from '/home/chase/.local/lib/python3.8/site-packages/urllib3/packages/six.py'>
  File "<string>", line 3, in raise_from
  File "/home/chase/.local/lib/python3.8/site-packages/urllib3/connectionpool.py", line 440, in _make_request
    httplib_response = conn.getresponse()
                       │    └ <function HTTPConnection.getresponse at 0x7f28c0176310>
                       └ <urllib3.connection.HTTPConnection object at 0x7f27b414a790>
  File "/usr/lib/python3.8/http/client.py", line 1348, in getresponse
    response.begin()
    │        └ <function HTTPResponse.begin at 0x7f28c0175670>
    └ <http.client.HTTPResponse object at 0x7f27957ccb50>
  File "/usr/lib/python3.8/http/client.py", line 316, in begin
    version, status, reason = self._read_status()
                              │    └ <function HTTPResponse._read_status at 0x7f28c01755e0>
                              └ <http.client.HTTPResponse object at 0x7f27957ccb50>
  File "/usr/lib/python3.8/http/client.py", line 285, in _read_status
    raise RemoteDisconnected("Remote end closed connection without"
          └ <class 'http.client.RemoteDisconnected'>

http.client.RemoteDisconnected: Remote end closed connection without response


During handling of the above exception, another exception occurred:


Traceback (most recent call last):

  File "/home/chase/.local/lib/python3.8/site-packages/requests/adapters.py", line 439, in send
    resp = conn.urlopen(
           │    └ <function HTTPConnectionPool.urlopen at 0x7f28ac9318b0>
           └ <urllib3.connectionpool.HTTPConnectionPool object at 0x7f279573d7c0>
  File "/home/chase/.local/lib/python3.8/site-packages/urllib3/connectionpool.py", line 755, in urlopen
    retries = retries.increment(
              │       └ <function Retry.increment at 0x7f28ac92dc10>
              └ Retry(total=0, connect=None, read=False, redirect=None, status=None)
  File "/home/chase/.local/lib/python3.8/site-packages/urllib3/util/retry.py", line 532, in increment
    raise six.reraise(type(error), error, _stacktrace)
          │   │            │       │      └ <traceback object at 0x7f2794bc9180>
          │   │            │       └ ProtocolError('Connection aborted.', RemoteDisconnected('Remote end closed connection without response'))
          │   │            └ ProtocolError('Connection aborted.', RemoteDisconnected('Remote end closed connection without response'))
          │   └ <function reraise at 0x7f28acba3160>
          └ <module 'urllib3.packages.six' from '/home/chase/.local/lib/python3.8/site-packages/urllib3/packages/six.py'>
  File "/home/chase/.local/lib/python3.8/site-packages/urllib3/packages/six.py", line 769, in reraise
    raise value.with_traceback(tb)
          │                    └ None
          └ None
  File "/home/chase/.local/lib/python3.8/site-packages/urllib3/connectionpool.py", line 699, in urlopen
    httplib_response = self._make_request(
                       │    └ <function HTTPConnectionPool._make_request at 0x7f28ac931670>
                       └ <urllib3.connectionpool.HTTPConnectionPool object at 0x7f279573d7c0>
  File "/home/chase/.local/lib/python3.8/site-packages/urllib3/connectionpool.py", line 445, in _make_request
    six.raise_from(e, None)
    │   └ <function raise_from at 0x7f28acba31f0>
    └ <module 'urllib3.packages.six' from '/home/chase/.local/lib/python3.8/site-packages/urllib3/packages/six.py'>
  File "<string>", line 3, in raise_from
  File "/home/chase/.local/lib/python3.8/site-packages/urllib3/connectionpool.py", line 440, in _make_request
    httplib_response = conn.getresponse()
                       │    └ <function HTTPConnection.getresponse at 0x7f28c0176310>
                       └ <urllib3.connection.HTTPConnection object at 0x7f27b414a790>
  File "/usr/lib/python3.8/http/client.py", line 1348, in getresponse
    response.begin()
    │        └ <function HTTPResponse.begin at 0x7f28c0175670>
    └ <http.client.HTTPResponse object at 0x7f27957ccb50>
  File "/usr/lib/python3.8/http/client.py", line 316, in begin
    version, status, reason = self._read_status()
                              │    └ <function HTTPResponse._read_status at 0x7f28c01755e0>
                              └ <http.client.HTTPResponse object at 0x7f27957ccb50>
  File "/usr/lib/python3.8/http/client.py", line 285, in _read_status
    raise RemoteDisconnected("Remote end closed connection without"
          └ <class 'http.client.RemoteDisconnected'>

urllib3.exceptions.ProtocolError: ('Connection aborted.', RemoteDisconnected('Remote end closed connection without response'))


During handling of the above exception, another exception occurred:


Traceback (most recent call last):

  File "/usr/lib/python3.8/threading.py", line 890, in _bootstrap
    self._bootstrap_inner()
    │    └ <function Thread._bootstrap_inner at 0x7f28ce93aa60>
    └ <Thread(Thread-8, started daemon 139808527369984)>
  File "/usr/lib/python3.8/threading.py", line 932, in _bootstrap_inner
    self.run()
    │    └ <function Thread.run at 0x7f28ce93a790>
    └ <Thread(Thread-8, started daemon 139808527369984)>
  File "/usr/lib/python3.8/threading.py", line 870, in run
    self._target(*self._args, **self._kwargs)
    │    │        │    │        │    └ {}
    │    │        │    │        └ <Thread(Thread-8, started daemon 139808527369984)>
    │    │        │    └ ('ProjectManager.run_func_by_thread',)
    │    │        └ <Thread(Thread-8, started daemon 139808527369984)>
    │    └ <bound method ProjectManager.get_request_from_keywords_hot of <monitor.projectManager.ProjectManager object at 0x7f27b6e33bb0>>
    └ <Thread(Thread-8, started daemon 139808527369984)>

  File "/home/users/Scy/yuqing/spider/monitor/projectManager.py", line 781, in get_request_from_keywords_hot
    self.search_spider_manager.crawl_by_keyword(
    │    │                     └ <function SearchSpidersManager.crawl_by_keyword at 0x7f27b6e41dc0>
    │    └ <monitor.spiderManager.SearchSpidersManager object at 0x7f27b6a49250>
    └ <monitor.projectManager.ProjectManager object at 0x7f27b6e33bb0>

  File "/home/users/Scy/yuqing/spider/monitor/spiderManager.py", line 118, in crawl_by_keyword
    self.crawl_by_keyword_signal_platform(project_names, platform, keyword, crawl_time, project_times)
    │    │                                │              │         │        │           └ {'default': <monitor.TimeSection object at 0x7f27b6b19fd0>}
    │    │                                │              │         │        └ <monitor.TimeSection object at 0x7f27b5169e80>
    │    │                                │              │         └ '日本儿童人口为1465万人 再次刷新历史最低纪录'
    │    │                                │              └ '人民网'
    │    │                                └ ['default']
    │    └ <function SearchSpidersManager.crawl_by_keyword_signal_platform at 0x7f27b6e41e50>
    └ <monitor.spiderManager.SearchSpidersManager object at 0x7f27b6a49250>

  File "/home/users/Scy/yuqing/spider/monitor/spiderManager.py", line 135, in crawl_by_keyword_signal_platform
    requests = self.get_request_from_keyword(platform, keyword, **crawl_time.to_dict())
               │    │                        │         │          │          └ <function TimeSection.to_dict at 0x7f28aedce550>
               │    │                        │         │          └ <monitor.TimeSection object at 0x7f27b5169e80>
               │    │                        │         └ '日本儿童人口为1465万人 再次刷新历史最低纪录'
               │    │                        └ '人民网'
               │    └ <function SearchSpidersManager.get_request_from_keyword at 0x7f27b6e41f70>
               └ <monitor.spiderManager.SearchSpidersManager object at 0x7f27b6a49250>

  File "/home/users/Scy/yuqing/spider/monitor/spiderManager.py", line 192, in get_request_from_keyword
    for request in self.spiders[platform].get_request_from_keyword(headers, search_url, keyword, content_url,
        │          │    │       │                                  │        │           │        └ <string.Template object at 0x7f27b40950d0>
        │          │    │       │                                  │        │           └ '日本儿童人口为1465万人 再次刷新历史最低纪录'
        │          │    │       │                                  │        └ <string.Template object at 0x7f27b4095130>
        │          │    │       │                                  └ {'Accept': 'application/json, text/plain, */*', 'Accept-Language': 'zh-CN,zh;q=0.9', 'Connection': 'keep-alive', 'Origin': 'h...
        │          │    │       └ '人民网'
        │          │    └ {'凤凰网': <monitor.searchSpiders.ifeng.Ifeng object at 0x7f27b6a49be0>, '头条': <monitor.searchSpiders.toutiao.Toutiao object at ...
        │          └ <monitor.spiderManager.SearchSpidersManager object at 0x7f27b6a49250>
        └ <GET http://cjkeizai.j.people.com.cn/n1/2022/0421/c368507-32405319.html>

> File "/home/users/Scy/yuqing/spider/monitor/searchSpiders/people.py", line 22, in get_request_from_keyword
    response = requests.post(search_url.substitute(), json=data, headers=headers)
               │        │    │          │                  │             └ {'Accept': 'application/json, text/plain, */*', 'Accept-Language': 'zh-CN,zh;q=0.9', 'Connection': 'keep-alive', 'Origin': 'h...
               │        │    │          │                  └ {'key': '日本儿童人口为1465万人 再次刷新历史最低纪录', 'page': 5, 'limit': 10, 'hasTitle': True, 'hasContent': True, 'isFuzzy': True, 'type': 0,...
               │        │    │          └ <function Template.substitute at 0x7f28ce9230d0>
               │        │    └ <string.Template object at 0x7f27b4095130>
               │        └ <function post at 0x7f28ac70d430>
               └ <module 'requests' from '/home/chase/.local/lib/python3.8/site-packages/requests/__init__.py'>

  File "/home/chase/.local/lib/python3.8/site-packages/requests/api.py", line 117, in post
    return request('post', url, data=data, json=json, **kwargs)
           │               │         │          │       └ {'headers': {'Accept': 'application/json, text/plain, */*', 'Accept-Language': 'zh-CN,zh;q=0.9', 'Connection': 'keep-alive', ...
           │               │         │          └ {'key': '日本儿童人口为1465万人 再次刷新历史最低纪录', 'page': 5, 'limit': 10, 'hasTitle': True, 'hasContent': True, 'isFuzzy': True, 'type': 0,...
           │               │         └ None
           │               └ 'http://search.people.cn/search-platform/front/search'
           └ <function request at 0x7f28ac7790d0>
  File "/home/chase/.local/lib/python3.8/site-packages/requests/api.py", line 61, in request
    return session.request(method=method, url=url, **kwargs)
           │       │              │           │      └ {'data': None, 'json': {'key': '日本儿童人口为1465万人 再次刷新历史最低纪录', 'page': 5, 'limit': 10, 'hasTitle': True, 'hasContent': True, 'isF...
           │       │              │           └ 'http://search.people.cn/search-platform/front/search'
           │       │              └ 'post'
           │       └ <function Session.request at 0x7f28ac70b9d0>
           └ <requests.sessions.Session object at 0x7f27b40270d0>
  File "/home/chase/.local/lib/python3.8/site-packages/requests/sessions.py", line 542, in request
    resp = self.send(prep, **send_kwargs)
           │    │    │       └ {'timeout': None, 'allow_redirects': True, 'verify': True, 'proxies': OrderedDict(), 'stream': False, 'cert': None}
           │    │    └ <PreparedRequest [POST]>
           │    └ <function Session.send at 0x7f28ac70be50>
           └ <requests.sessions.Session object at 0x7f27b40270d0>
  File "/home/chase/.local/lib/python3.8/site-packages/requests/sessions.py", line 655, in send
    r = adapter.send(request, **kwargs)
        │       │    │          └ {'timeout': None, 'verify': True, 'proxies': OrderedDict(), 'stream': False, 'cert': None}
        │       │    └ <PreparedRequest [POST]>
        │       └ <function HTTPAdapter.send at 0x7f28ac70b310>
        └ <requests.adapters.HTTPAdapter object at 0x7f27b40a9460>
  File "/home/chase/.local/lib/python3.8/site-packages/requests/adapters.py", line 498, in send
    raise ConnectionError(err, request=request)
          │                            └ <PreparedRequest [POST]>
          └ <class 'requests.exceptions.ConnectionError'>

requests.exceptions.ConnectionError: ('Connection aborted.', RemoteDisconnected('Remote end closed connection without response'))
2022-05-06 14:30:57.813 | ERROR    | base.utils.time:people_time_from_url:173 - 【url error】url:http://bbs1.people.com.cn/post/2/1/2/177698843.html
2022-05-06 14:31:03.191 | ERROR    | base.utils.time:people_time_from_url:173 - 【url error】url:http://api.weibo.com/2/statuses/go?uid=2286908003&id=4766086832328917
2022-05-06 14:31:03.464 | ERROR    | base.utils.time:people_time_from_url:173 - 【url error】url:http://api.weibo.com/2/statuses/go?uid=2286908003&id=4766069988524082
2022-05-06 14:31:03.532 | ERROR    | base.utils.time:people_time_from_url:173 - 【url error】url:http://bbs1.people.com.cn/post/1/1/2/177707472.html
2022-05-06 14:31:03.958 | ERROR    | base.utils.time:people_time_from_url:173 - 【url error】url:http://bbs1.people.com.cn/post/2/1/2/177698573.html
2022-05-06 14:31:04.976 | ERROR    | base.utils.time:people_time_from_url:173 - 【url error】url:http://api.weibo.com/2/statuses/go?uid=2286908003&id=4765874260805091
2022-05-06 14:31:04.980 | ERROR    | base.utils.time:people_time_from_url:173 - 【url error】url:http://bbs1.people.com.cn/post/1/1/2/177707785.html
2022-05-06 14:31:05.469 | ERROR    | base.utils.time:people_time_from_url:173 - 【url error】url:http://api.weibo.com/2/statuses/go?uid=2286908003&id=4765566885693976
2022-05-06 14:31:09.391 | ERROR    | base.utils.time:people_time_from_url:173 - 【url error】url:http://bbs1.people.com.cn/post/2/1/2/177698843.html
2022-05-06 14:32:11.422 | ERROR    | monitor.searchSpiders.people:get_request_from_keyword:38 - E 人民网错误HTTPConnectionPool(host='search.people.cn', port=80): Max retries exceeded with url: /search-platform/front/search (Caused by NewConnectionError('<urllib3.connection.HTTPConnection object at 0x7f2794b6d3a0>: Failed to establish a new connection: [Errno 111] Connection refused'))
Traceback (most recent call last):

  File "/home/chase/.local/lib/python3.8/site-packages/urllib3/connection.py", line 174, in _new_conn
    conn = connection.create_connection(
           │          └ <function create_connection at 0x7f28ac923280>
           └ <module 'urllib3.util.connection' from '/home/chase/.local/lib/python3.8/site-packages/urllib3/util/connection.py'>
  File "/home/chase/.local/lib/python3.8/site-packages/urllib3/util/connection.py", line 96, in create_connection
    raise err
          └ ConnectionRefusedError(111, 'Connection refused')
  File "/home/chase/.local/lib/python3.8/site-packages/urllib3/util/connection.py", line 86, in create_connection
    sock.connect(sa)
    │            └ ('118.212.233.249', 80)
    └ None

ConnectionRefusedError: [Errno 111] Connection refused


During handling of the above exception, another exception occurred:


Traceback (most recent call last):

  File "/home/chase/.local/lib/python3.8/site-packages/urllib3/connectionpool.py", line 699, in urlopen
    httplib_response = self._make_request(
                       │    └ <function HTTPConnectionPool._make_request at 0x7f28ac931670>
                       └ <urllib3.connectionpool.HTTPConnectionPool object at 0x7f2794bbb190>
  File "/home/chase/.local/lib/python3.8/site-packages/urllib3/connectionpool.py", line 394, in _make_request
    conn.request(method, url, **httplib_request_kw)
    │    │       │       │      └ {'body': b'{"key": "\\u4e16\\u536b\\u7ec4\\u7ec7\\uff1a\\u5168\\u7403\\u7d2f\\u8ba1\\u65b0\\u51a0\\u786e\\u8bca\\u75c5\\u4f8b...
    │    │       │       └ '/search-platform/front/search'
    │    │       └ 'POST'
    │    └ <function HTTPConnection.request at 0x7f28ac8d9040>
    └ <urllib3.connection.HTTPConnection object at 0x7f2794b6d3a0>
  File "/home/chase/.local/lib/python3.8/site-packages/urllib3/connection.py", line 239, in request
    super(HTTPConnection, self).request(method, url, body=body, headers=headers)
          │               │             │       │         │             └ {'User-Agent': 'Mozilla/5.0 (Windows NT 10.0; Win64; x64) AppleWebKit/537.36 (KHTML, like Gecko) Chrome/100.0.4896.127 Safari...
          │               │             │       │         └ b'{"key": "\\u4e16\\u536b\\u7ec4\\u7ec7\\uff1a\\u5168\\u7403\\u7d2f\\u8ba1\\u65b0\\u51a0\\u786e\\u8bca\\u75c5\\u4f8b\\u8fbe51...
          │               │             │       └ '/search-platform/front/search'
          │               │             └ 'POST'
          │               └ <urllib3.connection.HTTPConnection object at 0x7f2794b6d3a0>
          └ <class 'urllib3.connection.HTTPConnection'>
  File "/usr/lib/python3.8/http/client.py", line 1256, in request
    self._send_request(method, url, body, headers, encode_chunked)
    │    │             │       │    │     │        └ False
    │    │             │       │    │     └ {'User-Agent': 'Mozilla/5.0 (Windows NT 10.0; Win64; x64) AppleWebKit/537.36 (KHTML, like Gecko) Chrome/100.0.4896.127 Safari...
    │    │             │       │    └ b'{"key": "\\u4e16\\u536b\\u7ec4\\u7ec7\\uff1a\\u5168\\u7403\\u7d2f\\u8ba1\\u65b0\\u51a0\\u786e\\u8bca\\u75c5\\u4f8b\\u8fbe51...
    │    │             │       └ '/search-platform/front/search'
    │    │             └ 'POST'
    │    └ <function HTTPConnection._send_request at 0x7f28c0176280>
    └ <urllib3.connection.HTTPConnection object at 0x7f2794b6d3a0>
  File "/usr/lib/python3.8/http/client.py", line 1302, in _send_request
    self.endheaders(body, encode_chunked=encode_chunked)
    │    │          │                    └ False
    │    │          └ b'{"key": "\\u4e16\\u536b\\u7ec4\\u7ec7\\uff1a\\u5168\\u7403\\u7d2f\\u8ba1\\u65b0\\u51a0\\u786e\\u8bca\\u75c5\\u4f8b\\u8fbe51...
    │    └ <function HTTPConnection.endheaders at 0x7f28c0176160>
    └ <urllib3.connection.HTTPConnection object at 0x7f2794b6d3a0>
  File "/usr/lib/python3.8/http/client.py", line 1251, in endheaders
    self._send_output(message_body, encode_chunked=encode_chunked)
    │    │            │                            └ False
    │    │            └ b'{"key": "\\u4e16\\u536b\\u7ec4\\u7ec7\\uff1a\\u5168\\u7403\\u7d2f\\u8ba1\\u65b0\\u51a0\\u786e\\u8bca\\u75c5\\u4f8b\\u8fbe51...
    │    └ <function HTTPConnection._send_output at 0x7f28c01ddd30>
    └ <urllib3.connection.HTTPConnection object at 0x7f2794b6d3a0>
  File "/usr/lib/python3.8/http/client.py", line 1011, in _send_output
    self.send(msg)
    │    │    └ b'POST /search-platform/front/search HTTP/1.1\r\nHost: search.people.cn\r\nUser-Agent: Mozilla/5.0 (Windows NT 10.0; Win64; x...
    │    └ <function HTTPConnection.send at 0x7f28c01ddb80>
    └ <urllib3.connection.HTTPConnection object at 0x7f2794b6d3a0>
  File "/usr/lib/python3.8/http/client.py", line 951, in send
    self.connect()
    │    └ <function HTTPConnection.connect at 0x7f28ac8d7e50>
    └ <urllib3.connection.HTTPConnection object at 0x7f2794b6d3a0>
  File "/home/chase/.local/lib/python3.8/site-packages/urllib3/connection.py", line 205, in connect
    conn = self._new_conn()
           │    └ <function HTTPConnection._new_conn at 0x7f28ac8d7ca0>
           └ <urllib3.connection.HTTPConnection object at 0x7f2794b6d3a0>
  File "/home/chase/.local/lib/python3.8/site-packages/urllib3/connection.py", line 186, in _new_conn
    raise NewConnectionError(
          └ <class 'urllib3.exceptions.NewConnectionError'>

urllib3.exceptions.NewConnectionError: <urllib3.connection.HTTPConnection object at 0x7f2794b6d3a0>: Failed to establish a new connection: [Errno 111] Connection refused


During handling of the above exception, another exception occurred:


Traceback (most recent call last):

  File "/home/chase/.local/lib/python3.8/site-packages/requests/adapters.py", line 439, in send
    resp = conn.urlopen(
           │    └ <function HTTPConnectionPool.urlopen at 0x7f28ac9318b0>
           └ <urllib3.connectionpool.HTTPConnectionPool object at 0x7f2794bbb190>
  File "/home/chase/.local/lib/python3.8/site-packages/urllib3/connectionpool.py", line 755, in urlopen
    retries = retries.increment(
              │       └ <function Retry.increment at 0x7f28ac92dc10>
              └ Retry(total=0, connect=None, read=False, redirect=None, status=None)
  File "/home/chase/.local/lib/python3.8/site-packages/urllib3/util/retry.py", line 574, in increment
    raise MaxRetryError(_pool, url, error or ResponseError(cause))
          │             │      │    │        │             └ 'unknown'
          │             │      │    │        └ <class 'urllib3.exceptions.ResponseError'>
          │             │      │    └ NewConnectionError('<urllib3.connection.HTTPConnection object at 0x7f2794b6d3a0>: Failed to establish a new connection: [Errn...
          │             │      └ '/search-platform/front/search'
          │             └ <urllib3.connectionpool.HTTPConnectionPool object at 0x7f2794bbb190>
          └ <class 'urllib3.exceptions.MaxRetryError'>

urllib3.exceptions.MaxRetryError: HTTPConnectionPool(host='search.people.cn', port=80): Max retries exceeded with url: /search-platform/front/search (Caused by NewConnectionError('<urllib3.connection.HTTPConnection object at 0x7f2794b6d3a0>: Failed to establish a new connection: [Errno 111] Connection refused'))


During handling of the above exception, another exception occurred:


Traceback (most recent call last):

  File "/usr/lib/python3.8/threading.py", line 890, in _bootstrap
    self._bootstrap_inner()
    │    └ <function Thread._bootstrap_inner at 0x7f28ce93aa60>
    └ <Thread(Thread-50, started daemon 139807997015808)>
  File "/usr/lib/python3.8/threading.py", line 932, in _bootstrap_inner
    self.run()
    │    └ <function Thread.run at 0x7f28ce93a790>
    └ <Thread(Thread-50, started daemon 139807997015808)>
  File "/usr/lib/python3.8/threading.py", line 870, in run
    self._target(*self._args, **self._kwargs)
    │    │        │    │        │    └ {}
    │    │        │    │        └ <Thread(Thread-50, started daemon 139807997015808)>
    │    │        │    └ ('ProjectManager.run_func_by_thread',)
    │    │        └ <Thread(Thread-50, started daemon 139807997015808)>
    │    └ <bound method ProjectManager.get_request_from_keywords_hot of <monitor.projectManager.ProjectManager object at 0x7f27b6e33bb0>>
    └ <Thread(Thread-50, started daemon 139807997015808)>

  File "/home/users/Scy/yuqing/spider/monitor/projectManager.py", line 781, in get_request_from_keywords_hot
    self.search_spider_manager.crawl_by_keyword(
    │    │                     └ <function SearchSpidersManager.crawl_by_keyword at 0x7f27b6e41dc0>
    │    └ <monitor.spiderManager.SearchSpidersManager object at 0x7f27b6a49250>
    └ <monitor.projectManager.ProjectManager object at 0x7f27b6e33bb0>

  File "/home/users/Scy/yuqing/spider/monitor/spiderManager.py", line 118, in crawl_by_keyword
    self.crawl_by_keyword_signal_platform(project_names, platform, keyword, crawl_time, project_times)
    │    │                                │              │         │        │           └ {'default': <monitor.TimeSection object at 0x7f27b6b19fd0>}
    │    │                                │              │         │        └ <monitor.TimeSection object at 0x7f2794cf8400>
    │    │                                │              │         └ '世卫组织：全球累计新冠确诊病例达513384685例'
    │    │                                │              └ '人民网'
    │    │                                └ ['default']
    │    └ <function SearchSpidersManager.crawl_by_keyword_signal_platform at 0x7f27b6e41e50>
    └ <monitor.spiderManager.SearchSpidersManager object at 0x7f27b6a49250>

  File "/home/users/Scy/yuqing/spider/monitor/spiderManager.py", line 135, in crawl_by_keyword_signal_platform
    requests = self.get_request_from_keyword(platform, keyword, **crawl_time.to_dict())
               │    │                        │         │          │          └ <function TimeSection.to_dict at 0x7f28aedce550>
               │    │                        │         │          └ <monitor.TimeSection object at 0x7f2794cf8400>
               │    │                        │         └ '世卫组织：全球累计新冠确诊病例达513384685例'
               │    │                        └ '人民网'
               │    └ <function SearchSpidersManager.get_request_from_keyword at 0x7f27b6e41f70>
               └ <monitor.spiderManager.SearchSpidersManager object at 0x7f27b6a49250>

  File "/home/users/Scy/yuqing/spider/monitor/spiderManager.py", line 192, in get_request_from_keyword
    for request in self.spiders[platform].get_request_from_keyword(headers, search_url, keyword, content_url,
                   │    │       │                                  │        │           │        └ <string.Template object at 0x7f2794bbb070>
                   │    │       │                                  │        │           └ '世卫组织：全球累计新冠确诊病例达513384685例'
                   │    │       │                                  │        └ <string.Template object at 0x7f2794bbb040>
                   │    │       │                                  └ {'Accept': 'application/json, text/plain, */*', 'Accept-Language': 'zh-CN,zh;q=0.9', 'Connection': 'keep-alive', 'Origin': 'h...
                   │    │       └ '人民网'
                   │    └ {'凤凰网': <monitor.searchSpiders.ifeng.Ifeng object at 0x7f27b6a49be0>, '头条': <monitor.searchSpiders.toutiao.Toutiao object at ...
                   └ <monitor.spiderManager.SearchSpidersManager object at 0x7f27b6a49250>

> File "/home/users/Scy/yuqing/spider/monitor/searchSpiders/people.py", line 22, in get_request_from_keyword
    response = requests.post(search_url.substitute(), json=data, headers=headers)
               │        │    │          │                  │             └ {'Accept': 'application/json, text/plain, */*', 'Accept-Language': 'zh-CN,zh;q=0.9', 'Connection': 'keep-alive', 'Origin': 'h...
               │        │    │          │                  └ {'key': '世卫组织：全球累计新冠确诊病例达513384685例', 'page': 1, 'limit': 10, 'hasTitle': True, 'hasContent': True, 'isFuzzy': True, 'type': ...
               │        │    │          └ <function Template.substitute at 0x7f28ce9230d0>
               │        │    └ <string.Template object at 0x7f2794bbb040>
               │        └ <function post at 0x7f28ac70d430>
               └ <module 'requests' from '/home/chase/.local/lib/python3.8/site-packages/requests/__init__.py'>

  File "/home/chase/.local/lib/python3.8/site-packages/requests/api.py", line 117, in post
    return request('post', url, data=data, json=json, **kwargs)
           │               │         │          │       └ {'headers': {'Accept': 'application/json, text/plain, */*', 'Accept-Language': 'zh-CN,zh;q=0.9', 'Connection': 'keep-alive', ...
           │               │         │          └ {'key': '世卫组织：全球累计新冠确诊病例达513384685例', 'page': 1, 'limit': 10, 'hasTitle': True, 'hasContent': True, 'isFuzzy': True, 'type': ...
           │               │         └ None
           │               └ 'http://search.people.cn/search-platform/front/search'
           └ <function request at 0x7f28ac7790d0>
  File "/home/chase/.local/lib/python3.8/site-packages/requests/api.py", line 61, in request
    return session.request(method=method, url=url, **kwargs)
           │       │              │           │      └ {'data': None, 'json': {'key': '世卫组织：全球累计新冠确诊病例达513384685例', 'page': 1, 'limit': 10, 'hasTitle': True, 'hasContent': True, 'i...
           │       │              │           └ 'http://search.people.cn/search-platform/front/search'
           │       │              └ 'post'
           │       └ <function Session.request at 0x7f28ac70b9d0>
           └ <requests.sessions.Session object at 0x7f2794e94100>
  File "/home/chase/.local/lib/python3.8/site-packages/requests/sessions.py", line 542, in request
    resp = self.send(prep, **send_kwargs)
           │    │    │       └ {'timeout': None, 'allow_redirects': True, 'verify': True, 'proxies': OrderedDict(), 'stream': False, 'cert': None}
           │    │    └ <PreparedRequest [POST]>
           │    └ <function Session.send at 0x7f28ac70be50>
           └ <requests.sessions.Session object at 0x7f2794e94100>
  File "/home/chase/.local/lib/python3.8/site-packages/requests/sessions.py", line 655, in send
    r = adapter.send(request, **kwargs)
        │       │    │          └ {'timeout': None, 'verify': True, 'proxies': OrderedDict(), 'stream': False, 'cert': None}
        │       │    └ <PreparedRequest [POST]>
        │       └ <function HTTPAdapter.send at 0x7f28ac70b310>
        └ <requests.adapters.HTTPAdapter object at 0x7f2794bbb3a0>
  File "/home/chase/.local/lib/python3.8/site-packages/requests/adapters.py", line 516, in send
    raise ConnectionError(e, request=request)
          │                          └ <PreparedRequest [POST]>
          └ <class 'requests.exceptions.ConnectionError'>

requests.exceptions.ConnectionError: HTTPConnectionPool(host='search.people.cn', port=80): Max retries exceeded with url: /search-platform/front/search (Caused by NewConnectionError('<urllib3.connection.HTTPConnection object at 0x7f2794b6d3a0>: Failed to establish a new connection: [Errno 111] Connection refused'))
2022-05-06 14:32:11.857 | ERROR    | monitor.searchSpiders.people:get_request_from_keyword:38 - E 人民网错误HTTPConnectionPool(host='search.people.cn', port=80): Max retries exceeded with url: /search-platform/front/search (Caused by NewConnectionError('<urllib3.connection.HTTPConnection object at 0x7f2776f451f0>: Failed to establish a new connection: [Errno 111] Connection refused'))
Traceback (most recent call last):

  File "/home/chase/.local/lib/python3.8/site-packages/urllib3/connection.py", line 174, in _new_conn
    conn = connection.create_connection(
           │          └ <function create_connection at 0x7f28ac923280>
           └ <module 'urllib3.util.connection' from '/home/chase/.local/lib/python3.8/site-packages/urllib3/util/connection.py'>
  File "/home/chase/.local/lib/python3.8/site-packages/urllib3/util/connection.py", line 96, in create_connection
    raise err
          └ ConnectionRefusedError(111, 'Connection refused')
  File "/home/chase/.local/lib/python3.8/site-packages/urllib3/util/connection.py", line 86, in create_connection
    sock.connect(sa)
    │            └ ('118.212.233.249', 80)
    └ None

ConnectionRefusedError: [Errno 111] Connection refused


During handling of the above exception, another exception occurred:


Traceback (most recent call last):

  File "/home/chase/.local/lib/python3.8/site-packages/urllib3/connectionpool.py", line 699, in urlopen
    httplib_response = self._make_request(
                       │    └ <function HTTPConnectionPool._make_request at 0x7f28ac931670>
                       └ <urllib3.connectionpool.HTTPConnectionPool object at 0x7f2776f453a0>
  File "/home/chase/.local/lib/python3.8/site-packages/urllib3/connectionpool.py", line 394, in _make_request
    conn.request(method, url, **httplib_request_kw)
    │    │       │       │      └ {'body': b'{"key": "\\u4e16\\u536b\\u7ec4\\u7ec7\\uff1a\\u5168\\u7403\\u7d2f\\u8ba1\\u65b0\\u51a0\\u786e\\u8bca\\u75c5\\u4f8b...
    │    │       │       └ '/search-platform/front/search'
    │    │       └ 'POST'
    │    └ <function HTTPConnection.request at 0x7f28ac8d9040>
    └ <urllib3.connection.HTTPConnection object at 0x7f2776f451f0>
  File "/home/chase/.local/lib/python3.8/site-packages/urllib3/connection.py", line 239, in request
    super(HTTPConnection, self).request(method, url, body=body, headers=headers)
          │               │             │       │         │             └ {'User-Agent': 'Mozilla/5.0 (Windows NT 10.0; Win64; x64) AppleWebKit/537.36 (KHTML, like Gecko) Chrome/100.0.4896.127 Safari...
          │               │             │       │         └ b'{"key": "\\u4e16\\u536b\\u7ec4\\u7ec7\\uff1a\\u5168\\u7403\\u7d2f\\u8ba1\\u65b0\\u51a0\\u786e\\u8bca\\u75c5\\u4f8b\\u8fbe51...
          │               │             │       └ '/search-platform/front/search'
          │               │             └ 'POST'
          │               └ <urllib3.connection.HTTPConnection object at 0x7f2776f451f0>
          └ <class 'urllib3.connection.HTTPConnection'>
  File "/usr/lib/python3.8/http/client.py", line 1256, in request
    self._send_request(method, url, body, headers, encode_chunked)
    │    │             │       │    │     │        └ False
    │    │             │       │    │     └ {'User-Agent': 'Mozilla/5.0 (Windows NT 10.0; Win64; x64) AppleWebKit/537.36 (KHTML, like Gecko) Chrome/100.0.4896.127 Safari...
    │    │             │       │    └ b'{"key": "\\u4e16\\u536b\\u7ec4\\u7ec7\\uff1a\\u5168\\u7403\\u7d2f\\u8ba1\\u65b0\\u51a0\\u786e\\u8bca\\u75c5\\u4f8b\\u8fbe51...
    │    │             │       └ '/search-platform/front/search'
    │    │             └ 'POST'
    │    └ <function HTTPConnection._send_request at 0x7f28c0176280>
    └ <urllib3.connection.HTTPConnection object at 0x7f2776f451f0>
  File "/usr/lib/python3.8/http/client.py", line 1302, in _send_request
    self.endheaders(body, encode_chunked=encode_chunked)
    │    │          │                    └ False
    │    │          └ b'{"key": "\\u4e16\\u536b\\u7ec4\\u7ec7\\uff1a\\u5168\\u7403\\u7d2f\\u8ba1\\u65b0\\u51a0\\u786e\\u8bca\\u75c5\\u4f8b\\u8fbe51...
    │    └ <function HTTPConnection.endheaders at 0x7f28c0176160>
    └ <urllib3.connection.HTTPConnection object at 0x7f2776f451f0>
  File "/usr/lib/python3.8/http/client.py", line 1251, in endheaders
    self._send_output(message_body, encode_chunked=encode_chunked)
    │    │            │                            └ False
    │    │            └ b'{"key": "\\u4e16\\u536b\\u7ec4\\u7ec7\\uff1a\\u5168\\u7403\\u7d2f\\u8ba1\\u65b0\\u51a0\\u786e\\u8bca\\u75c5\\u4f8b\\u8fbe51...
    │    └ <function HTTPConnection._send_output at 0x7f28c01ddd30>
    └ <urllib3.connection.HTTPConnection object at 0x7f2776f451f0>
  File "/usr/lib/python3.8/http/client.py", line 1011, in _send_output
    self.send(msg)
    │    │    └ b'POST /search-platform/front/search HTTP/1.1\r\nHost: search.people.cn\r\nUser-Agent: Mozilla/5.0 (Windows NT 10.0; Win64; x...
    │    └ <function HTTPConnection.send at 0x7f28c01ddb80>
    └ <urllib3.connection.HTTPConnection object at 0x7f2776f451f0>
  File "/usr/lib/python3.8/http/client.py", line 951, in send
    self.connect()
    │    └ <function HTTPConnection.connect at 0x7f28ac8d7e50>
    └ <urllib3.connection.HTTPConnection object at 0x7f2776f451f0>
  File "/home/chase/.local/lib/python3.8/site-packages/urllib3/connection.py", line 205, in connect
    conn = self._new_conn()
           │    └ <function HTTPConnection._new_conn at 0x7f28ac8d7ca0>
           └ <urllib3.connection.HTTPConnection object at 0x7f2776f451f0>
  File "/home/chase/.local/lib/python3.8/site-packages/urllib3/connection.py", line 186, in _new_conn
    raise NewConnectionError(
          └ <class 'urllib3.exceptions.NewConnectionError'>

urllib3.exceptions.NewConnectionError: <urllib3.connection.HTTPConnection object at 0x7f2776f451f0>: Failed to establish a new connection: [Errno 111] Connection refused


During handling of the above exception, another exception occurred:


Traceback (most recent call last):

  File "/home/chase/.local/lib/python3.8/site-packages/requests/adapters.py", line 439, in send
    resp = conn.urlopen(
           │    └ <function HTTPConnectionPool.urlopen at 0x7f28ac9318b0>
           └ <urllib3.connectionpool.HTTPConnectionPool object at 0x7f2776f453a0>
  File "/home/chase/.local/lib/python3.8/site-packages/urllib3/connectionpool.py", line 755, in urlopen
    retries = retries.increment(
              │       └ <function Retry.increment at 0x7f28ac92dc10>
              └ Retry(total=0, connect=None, read=False, redirect=None, status=None)
  File "/home/chase/.local/lib/python3.8/site-packages/urllib3/util/retry.py", line 574, in increment
    raise MaxRetryError(_pool, url, error or ResponseError(cause))
          │             │      │    │        │             └ 'unknown'
          │             │      │    │        └ <class 'urllib3.exceptions.ResponseError'>
          │             │      │    └ NewConnectionError('<urllib3.connection.HTTPConnection object at 0x7f2776f451f0>: Failed to establish a new connection: [Errn...
          │             │      └ '/search-platform/front/search'
          │             └ <urllib3.connectionpool.HTTPConnectionPool object at 0x7f2776f453a0>
          └ <class 'urllib3.exceptions.MaxRetryError'>

urllib3.exceptions.MaxRetryError: HTTPConnectionPool(host='search.people.cn', port=80): Max retries exceeded with url: /search-platform/front/search (Caused by NewConnectionError('<urllib3.connection.HTTPConnection object at 0x7f2776f451f0>: Failed to establish a new connection: [Errno 111] Connection refused'))


During handling of the above exception, another exception occurred:


Traceback (most recent call last):

  File "/usr/lib/python3.8/threading.py", line 890, in _bootstrap
    self._bootstrap_inner()
    │    └ <function Thread._bootstrap_inner at 0x7f28ce93aa60>
    └ <Thread(Thread-54, started daemon 139807493191424)>
  File "/usr/lib/python3.8/threading.py", line 932, in _bootstrap_inner
    self.run()
    │    └ <function Thread.run at 0x7f28ce93a790>
    └ <Thread(Thread-54, started daemon 139807493191424)>
  File "/usr/lib/python3.8/threading.py", line 870, in run
    self._target(*self._args, **self._kwargs)
    │    │        │    │        │    └ {}
    │    │        │    │        └ <Thread(Thread-54, started daemon 139807493191424)>
    │    │        │    └ ('ProjectManager.run_func_by_thread',)
    │    │        └ <Thread(Thread-54, started daemon 139807493191424)>
    │    └ <bound method ProjectManager.get_request_from_keywords_hot of <monitor.projectManager.ProjectManager object at 0x7f27b6e33bb0>>
    └ <Thread(Thread-54, started daemon 139807493191424)>

  File "/home/users/Scy/yuqing/spider/monitor/projectManager.py", line 781, in get_request_from_keywords_hot
    self.search_spider_manager.crawl_by_keyword(
    │    │                     └ <function SearchSpidersManager.crawl_by_keyword at 0x7f27b6e41dc0>
    │    └ <monitor.spiderManager.SearchSpidersManager object at 0x7f27b6a49250>
    └ <monitor.projectManager.ProjectManager object at 0x7f27b6e33bb0>

  File "/home/users/Scy/yuqing/spider/monitor/spiderManager.py", line 118, in crawl_by_keyword
    self.crawl_by_keyword_signal_platform(project_names, platform, keyword, crawl_time, project_times)
    │    │                                │              │         │        │           └ {'default': <monitor.TimeSection object at 0x7f27b6b19fd0>}
    │    │                                │              │         │        └ <monitor.TimeSection object at 0x7f2794176370>
    │    │                                │              │         └ '世卫组织：全球累计新冠确诊病例达513384685例'
    │    │                                │              └ '人民网'
    │    │                                └ ['default']
    │    └ <function SearchSpidersManager.crawl_by_keyword_signal_platform at 0x7f27b6e41e50>
    └ <monitor.spiderManager.SearchSpidersManager object at 0x7f27b6a49250>

  File "/home/users/Scy/yuqing/spider/monitor/spiderManager.py", line 135, in crawl_by_keyword_signal_platform
    requests = self.get_request_from_keyword(platform, keyword, **crawl_time.to_dict())
               │    │                        │         │          │          └ <function TimeSection.to_dict at 0x7f28aedce550>
               │    │                        │         │          └ <monitor.TimeSection object at 0x7f2794176370>
               │    │                        │         └ '世卫组织：全球累计新冠确诊病例达513384685例'
               │    │                        └ '人民网'
               │    └ <function SearchSpidersManager.get_request_from_keyword at 0x7f27b6e41f70>
               └ <monitor.spiderManager.SearchSpidersManager object at 0x7f27b6a49250>

  File "/home/users/Scy/yuqing/spider/monitor/spiderManager.py", line 192, in get_request_from_keyword
    for request in self.spiders[platform].get_request_from_keyword(headers, search_url, keyword, content_url,
                   │    │       │                                  │        │           │        └ <string.Template object at 0x7f2777fa25e0>
                   │    │       │                                  │        │           └ '世卫组织：全球累计新冠确诊病例达513384685例'
                   │    │       │                                  │        └ <string.Template object at 0x7f2794b06ee0>
                   │    │       │                                  └ {'Accept': 'application/json, text/plain, */*', 'Accept-Language': 'zh-CN,zh;q=0.9', 'Connection': 'keep-alive', 'Origin': 'h...
                   │    │       └ '人民网'
                   │    └ {'凤凰网': <monitor.searchSpiders.ifeng.Ifeng object at 0x7f27b6a49be0>, '头条': <monitor.searchSpiders.toutiao.Toutiao object at ...
                   └ <monitor.spiderManager.SearchSpidersManager object at 0x7f27b6a49250>

> File "/home/users/Scy/yuqing/spider/monitor/searchSpiders/people.py", line 22, in get_request_from_keyword
    response = requests.post(search_url.substitute(), json=data, headers=headers)
               │        │    │          │                  │             └ {'Accept': 'application/json, text/plain, */*', 'Accept-Language': 'zh-CN,zh;q=0.9', 'Connection': 'keep-alive', 'Origin': 'h...
               │        │    │          │                  └ {'key': '世卫组织：全球累计新冠确诊病例达513384685例', 'page': 1, 'limit': 10, 'hasTitle': True, 'hasContent': True, 'isFuzzy': True, 'type': ...
               │        │    │          └ <function Template.substitute at 0x7f28ce9230d0>
               │        │    └ <string.Template object at 0x7f2794b06ee0>
               │        └ <function post at 0x7f28ac70d430>
               └ <module 'requests' from '/home/chase/.local/lib/python3.8/site-packages/requests/__init__.py'>

  File "/home/chase/.local/lib/python3.8/site-packages/requests/api.py", line 117, in post
    return request('post', url, data=data, json=json, **kwargs)
           │               │         │          │       └ {'headers': {'Accept': 'application/json, text/plain, */*', 'Accept-Language': 'zh-CN,zh;q=0.9', 'Connection': 'keep-alive', ...
           │               │         │          └ {'key': '世卫组织：全球累计新冠确诊病例达513384685例', 'page': 1, 'limit': 10, 'hasTitle': True, 'hasContent': True, 'isFuzzy': True, 'type': ...
           │               │         └ None
           │               └ 'http://search.people.cn/search-platform/front/search'
           └ <function request at 0x7f28ac7790d0>
  File "/home/chase/.local/lib/python3.8/site-packages/requests/api.py", line 61, in request
    return session.request(method=method, url=url, **kwargs)
           │       │              │           │      └ {'data': None, 'json': {'key': '世卫组织：全球累计新冠确诊病例达513384685例', 'page': 1, 'limit': 10, 'hasTitle': True, 'hasContent': True, 'i...
           │       │              │           └ 'http://search.people.cn/search-platform/front/search'
           │       │              └ 'post'
           │       └ <function Session.request at 0x7f28ac70b9d0>
           └ <requests.sessions.Session object at 0x7f27b6abfe20>
  File "/home/chase/.local/lib/python3.8/site-packages/requests/sessions.py", line 542, in request
    resp = self.send(prep, **send_kwargs)
           │    │    │       └ {'timeout': None, 'allow_redirects': True, 'verify': True, 'proxies': OrderedDict(), 'stream': False, 'cert': None}
           │    │    └ <PreparedRequest [POST]>
           │    └ <function Session.send at 0x7f28ac70be50>
           └ <requests.sessions.Session object at 0x7f27b6abfe20>
  File "/home/chase/.local/lib/python3.8/site-packages/requests/sessions.py", line 655, in send
    r = adapter.send(request, **kwargs)
        │       │    │          └ {'timeout': None, 'verify': True, 'proxies': OrderedDict(), 'stream': False, 'cert': None}
        │       │    └ <PreparedRequest [POST]>
        │       └ <function HTTPAdapter.send at 0x7f28ac70b310>
        └ <requests.adapters.HTTPAdapter object at 0x7f2777fa2e50>
  File "/home/chase/.local/lib/python3.8/site-packages/requests/adapters.py", line 516, in send
    raise ConnectionError(e, request=request)
          │                          └ <PreparedRequest [POST]>
          └ <class 'requests.exceptions.ConnectionError'>

requests.exceptions.ConnectionError: HTTPConnectionPool(host='search.people.cn', port=80): Max retries exceeded with url: /search-platform/front/search (Caused by NewConnectionError('<urllib3.connection.HTTPConnection object at 0x7f2776f451f0>: Failed to establish a new connection: [Errno 111] Connection refused'))
2022-05-06 14:32:14.650 | ERROR    | monitor.searchSpiders.people:get_request_from_keyword:38 - E 人民网错误HTTPConnectionPool(host='search.people.cn', port=80): Max retries exceeded with url: /search-platform/front/search (Caused by NewConnectionError('<urllib3.connection.HTTPConnection object at 0x7f2794a70430>: Failed to establish a new connection: [Errno 111] Connection refused'))
Traceback (most recent call last):

  File "/home/chase/.local/lib/python3.8/site-packages/urllib3/connection.py", line 174, in _new_conn
    conn = connection.create_connection(
           │          └ <function create_connection at 0x7f28ac923280>
           └ <module 'urllib3.util.connection' from '/home/chase/.local/lib/python3.8/site-packages/urllib3/util/connection.py'>
  File "/home/chase/.local/lib/python3.8/site-packages/urllib3/util/connection.py", line 96, in create_connection
    raise err
          └ ConnectionRefusedError(111, 'Connection refused')
  File "/home/chase/.local/lib/python3.8/site-packages/urllib3/util/connection.py", line 86, in create_connection
    sock.connect(sa)
    │            └ ('1.31.128.250', 80)
    └ None

ConnectionRefusedError: [Errno 111] Connection refused


During handling of the above exception, another exception occurred:


Traceback (most recent call last):

  File "/home/chase/.local/lib/python3.8/site-packages/urllib3/connectionpool.py", line 699, in urlopen
    httplib_response = self._make_request(
                       │    └ <function HTTPConnectionPool._make_request at 0x7f28ac931670>
                       └ <urllib3.connectionpool.HTTPConnectionPool object at 0x7f2794c1c370>
  File "/home/chase/.local/lib/python3.8/site-packages/urllib3/connectionpool.py", line 394, in _make_request
    conn.request(method, url, **httplib_request_kw)
    │    │       │       │      └ {'body': b'{"key": "\\u6e56\\u5357\\u957f\\u6c99\\u5c45\\u6c11\\u81ea\\u5efa\\u623f\\u5012\\u584c\\u4e8b\\u6545\\u9020\\u6210...
    │    │       │       └ '/search-platform/front/search'
    │    │       └ 'POST'
    │    └ <function HTTPConnection.request at 0x7f28ac8d9040>
    └ <urllib3.connection.HTTPConnection object at 0x7f2794a70430>
  File "/home/chase/.local/lib/python3.8/site-packages/urllib3/connection.py", line 239, in request
    super(HTTPConnection, self).request(method, url, body=body, headers=headers)
          │               │             │       │         │             └ {'User-Agent': 'Mozilla/5.0 (Windows NT 10.0; Win64; x64) AppleWebKit/537.36 (KHTML, like Gecko) Chrome/100.0.4896.127 Safari...
          │               │             │       │         └ b'{"key": "\\u6e56\\u5357\\u957f\\u6c99\\u5c45\\u6c11\\u81ea\\u5efa\\u623f\\u5012\\u584c\\u4e8b\\u6545\\u9020\\u621053\\u4eba...
          │               │             │       └ '/search-platform/front/search'
          │               │             └ 'POST'
          │               └ <urllib3.connection.HTTPConnection object at 0x7f2794a70430>
          └ <class 'urllib3.connection.HTTPConnection'>
  File "/usr/lib/python3.8/http/client.py", line 1256, in request
    self._send_request(method, url, body, headers, encode_chunked)
    │    │             │       │    │     │        └ False
    │    │             │       │    │     └ {'User-Agent': 'Mozilla/5.0 (Windows NT 10.0; Win64; x64) AppleWebKit/537.36 (KHTML, like Gecko) Chrome/100.0.4896.127 Safari...
    │    │             │       │    └ b'{"key": "\\u6e56\\u5357\\u957f\\u6c99\\u5c45\\u6c11\\u81ea\\u5efa\\u623f\\u5012\\u584c\\u4e8b\\u6545\\u9020\\u621053\\u4eba...
    │    │             │       └ '/search-platform/front/search'
    │    │             └ 'POST'
    │    └ <function HTTPConnection._send_request at 0x7f28c0176280>
    └ <urllib3.connection.HTTPConnection object at 0x7f2794a70430>
  File "/usr/lib/python3.8/http/client.py", line 1302, in _send_request
    self.endheaders(body, encode_chunked=encode_chunked)
    │    │          │                    └ False
    │    │          └ b'{"key": "\\u6e56\\u5357\\u957f\\u6c99\\u5c45\\u6c11\\u81ea\\u5efa\\u623f\\u5012\\u584c\\u4e8b\\u6545\\u9020\\u621053\\u4eba...
    │    └ <function HTTPConnection.endheaders at 0x7f28c0176160>
    └ <urllib3.connection.HTTPConnection object at 0x7f2794a70430>
  File "/usr/lib/python3.8/http/client.py", line 1251, in endheaders
    self._send_output(message_body, encode_chunked=encode_chunked)
    │    │            │                            └ False
    │    │            └ b'{"key": "\\u6e56\\u5357\\u957f\\u6c99\\u5c45\\u6c11\\u81ea\\u5efa\\u623f\\u5012\\u584c\\u4e8b\\u6545\\u9020\\u621053\\u4eba...
    │    └ <function HTTPConnection._send_output at 0x7f28c01ddd30>
    └ <urllib3.connection.HTTPConnection object at 0x7f2794a70430>
  File "/usr/lib/python3.8/http/client.py", line 1011, in _send_output
    self.send(msg)
    │    │    └ b'POST /search-platform/front/search HTTP/1.1\r\nHost: search.people.cn\r\nUser-Agent: Mozilla/5.0 (Windows NT 10.0; Win64; x...
    │    └ <function HTTPConnection.send at 0x7f28c01ddb80>
    └ <urllib3.connection.HTTPConnection object at 0x7f2794a70430>
  File "/usr/lib/python3.8/http/client.py", line 951, in send
    self.connect()
    │    └ <function HTTPConnection.connect at 0x7f28ac8d7e50>
    └ <urllib3.connection.HTTPConnection object at 0x7f2794a70430>
  File "/home/chase/.local/lib/python3.8/site-packages/urllib3/connection.py", line 205, in connect
    conn = self._new_conn()
           │    └ <function HTTPConnection._new_conn at 0x7f28ac8d7ca0>
           └ <urllib3.connection.HTTPConnection object at 0x7f2794a70430>
  File "/home/chase/.local/lib/python3.8/site-packages/urllib3/connection.py", line 186, in _new_conn
    raise NewConnectionError(
          └ <class 'urllib3.exceptions.NewConnectionError'>

urllib3.exceptions.NewConnectionError: <urllib3.connection.HTTPConnection object at 0x7f2794a70430>: Failed to establish a new connection: [Errno 111] Connection refused


During handling of the above exception, another exception occurred:


Traceback (most recent call last):

  File "/home/chase/.local/lib/python3.8/site-packages/requests/adapters.py", line 439, in send
    resp = conn.urlopen(
           │    └ <function HTTPConnectionPool.urlopen at 0x7f28ac9318b0>
           └ <urllib3.connectionpool.HTTPConnectionPool object at 0x7f2794c1c370>
  File "/home/chase/.local/lib/python3.8/site-packages/urllib3/connectionpool.py", line 755, in urlopen
    retries = retries.increment(
              │       └ <function Retry.increment at 0x7f28ac92dc10>
              └ Retry(total=0, connect=None, read=False, redirect=None, status=None)
  File "/home/chase/.local/lib/python3.8/site-packages/urllib3/util/retry.py", line 574, in increment
    raise MaxRetryError(_pool, url, error or ResponseError(cause))
          │             │      │    │        │             └ 'unknown'
          │             │      │    │        └ <class 'urllib3.exceptions.ResponseError'>
          │             │      │    └ NewConnectionError('<urllib3.connection.HTTPConnection object at 0x7f2794a70430>: Failed to establish a new connection: [Errn...
          │             │      └ '/search-platform/front/search'
          │             └ <urllib3.connectionpool.HTTPConnectionPool object at 0x7f2794c1c370>
          └ <class 'urllib3.exceptions.MaxRetryError'>

urllib3.exceptions.MaxRetryError: HTTPConnectionPool(host='search.people.cn', port=80): Max retries exceeded with url: /search-platform/front/search (Caused by NewConnectionError('<urllib3.connection.HTTPConnection object at 0x7f2794a70430>: Failed to establish a new connection: [Errno 111] Connection refused'))


During handling of the above exception, another exception occurred:


Traceback (most recent call last):

  File "/usr/lib/python3.8/threading.py", line 890, in _bootstrap
    self._bootstrap_inner()
    │    └ <function Thread._bootstrap_inner at 0x7f28ce93aa60>
    └ <Thread(Thread-14, started daemon 139808518600448)>
  File "/usr/lib/python3.8/threading.py", line 932, in _bootstrap_inner
    self.run()
    │    └ <function Thread.run at 0x7f28ce93a790>
    └ <Thread(Thread-14, started daemon 139808518600448)>
  File "/usr/lib/python3.8/threading.py", line 870, in run
    self._target(*self._args, **self._kwargs)
    │    │        │    │        │    └ {}
    │    │        │    │        └ <Thread(Thread-14, started daemon 139808518600448)>
    │    │        │    └ ('ProjectManager.run_func_by_thread',)
    │    │        └ <Thread(Thread-14, started daemon 139808518600448)>
    │    └ <bound method ProjectManager.get_request_from_keywords_hot of <monitor.projectManager.ProjectManager object at 0x7f27b6e33bb0>>
    └ <Thread(Thread-14, started daemon 139808518600448)>

  File "/home/users/Scy/yuqing/spider/monitor/projectManager.py", line 781, in get_request_from_keywords_hot
    self.search_spider_manager.crawl_by_keyword(
    │    │                     └ <function SearchSpidersManager.crawl_by_keyword at 0x7f27b6e41dc0>
    │    └ <monitor.spiderManager.SearchSpidersManager object at 0x7f27b6a49250>
    └ <monitor.projectManager.ProjectManager object at 0x7f27b6e33bb0>

  File "/home/users/Scy/yuqing/spider/monitor/spiderManager.py", line 118, in crawl_by_keyword
    self.crawl_by_keyword_signal_platform(project_names, platform, keyword, crawl_time, project_times)
    │    │                                │              │         │        │           └ {'default': <monitor.TimeSection object at 0x7f27b6b19fd0>}
    │    │                                │              │         │        └ <monitor.TimeSection object at 0x7f27b414a280>
    │    │                                │              │         └ '湖南长沙居民自建房倒塌事故造成53人遇难'
    │    │                                │              └ '人民网'
    │    │                                └ ['default']
    │    └ <function SearchSpidersManager.crawl_by_keyword_signal_platform at 0x7f27b6e41e50>
    └ <monitor.spiderManager.SearchSpidersManager object at 0x7f27b6a49250>

  File "/home/users/Scy/yuqing/spider/monitor/spiderManager.py", line 135, in crawl_by_keyword_signal_platform
    requests = self.get_request_from_keyword(platform, keyword, **crawl_time.to_dict())
               │    │                        │         │          │          └ <function TimeSection.to_dict at 0x7f28aedce550>
               │    │                        │         │          └ <monitor.TimeSection object at 0x7f27b414a280>
               │    │                        │         └ '湖南长沙居民自建房倒塌事故造成53人遇难'
               │    │                        └ '人民网'
               │    └ <function SearchSpidersManager.get_request_from_keyword at 0x7f27b6e41f70>
               └ <monitor.spiderManager.SearchSpidersManager object at 0x7f27b6a49250>

  File "/home/users/Scy/yuqing/spider/monitor/spiderManager.py", line 192, in get_request_from_keyword
    for request in self.spiders[platform].get_request_from_keyword(headers, search_url, keyword, content_url,
        │          │    │       │                                  │        │           │        └ <string.Template object at 0x7f2794e62670>
        │          │    │       │                                  │        │           └ '湖南长沙居民自建房倒塌事故造成53人遇难'
        │          │    │       │                                  │        └ <string.Template object at 0x7f2794e62610>
        │          │    │       │                                  └ {'Accept': 'application/json, text/plain, */*', 'Accept-Language': 'zh-CN,zh;q=0.9', 'Connection': 'keep-alive', 'Origin': 'h...
        │          │    │       └ '人民网'
        │          │    └ {'凤凰网': <monitor.searchSpiders.ifeng.Ifeng object at 0x7f27b6a49be0>, '头条': <monitor.searchSpiders.toutiao.Toutiao object at ...
        │          └ <monitor.spiderManager.SearchSpidersManager object at 0x7f27b6a49250>
        └ <GET http://hn.people.com.cn/n2/2022/0505/c208814-35253717.html>

> File "/home/users/Scy/yuqing/spider/monitor/searchSpiders/people.py", line 22, in get_request_from_keyword
    response = requests.post(search_url.substitute(), json=data, headers=headers)
               │        │    │          │                  │             └ {'Accept': 'application/json, text/plain, */*', 'Accept-Language': 'zh-CN,zh;q=0.9', 'Connection': 'keep-alive', 'Origin': 'h...
               │        │    │          │                  └ {'key': '湖南长沙居民自建房倒塌事故造成53人遇难', 'page': 2, 'limit': 10, 'hasTitle': True, 'hasContent': True, 'isFuzzy': True, 'type': 0, 'so...
               │        │    │          └ <function Template.substitute at 0x7f28ce9230d0>
               │        │    └ <string.Template object at 0x7f2794e62610>
               │        └ <function post at 0x7f28ac70d430>
               └ <module 'requests' from '/home/chase/.local/lib/python3.8/site-packages/requests/__init__.py'>

  File "/home/chase/.local/lib/python3.8/site-packages/requests/api.py", line 117, in post
    return request('post', url, data=data, json=json, **kwargs)
           │               │         │          │       └ {'headers': {'Accept': 'application/json, text/plain, */*', 'Accept-Language': 'zh-CN,zh;q=0.9', 'Connection': 'keep-alive', ...
           │               │         │          └ {'key': '湖南长沙居民自建房倒塌事故造成53人遇难', 'page': 2, 'limit': 10, 'hasTitle': True, 'hasContent': True, 'isFuzzy': True, 'type': 0, 'so...
           │               │         └ None
           │               └ 'http://search.people.cn/search-platform/front/search'
           └ <function request at 0x7f28ac7790d0>
  File "/home/chase/.local/lib/python3.8/site-packages/requests/api.py", line 61, in request
    return session.request(method=method, url=url, **kwargs)
           │       │              │           │      └ {'data': None, 'json': {'key': '湖南长沙居民自建房倒塌事故造成53人遇难', 'page': 2, 'limit': 10, 'hasTitle': True, 'hasContent': True, 'isFuzzy...
           │       │              │           └ 'http://search.people.cn/search-platform/front/search'
           │       │              └ 'post'
           │       └ <function Session.request at 0x7f28ac70b9d0>
           └ <requests.sessions.Session object at 0x7f27942128e0>
  File "/home/chase/.local/lib/python3.8/site-packages/requests/sessions.py", line 542, in request
    resp = self.send(prep, **send_kwargs)
           │    │    │       └ {'timeout': None, 'allow_redirects': True, 'verify': True, 'proxies': OrderedDict(), 'stream': False, 'cert': None}
           │    │    └ <PreparedRequest [POST]>
           │    └ <function Session.send at 0x7f28ac70be50>
           └ <requests.sessions.Session object at 0x7f27942128e0>
  File "/home/chase/.local/lib/python3.8/site-packages/requests/sessions.py", line 655, in send
    r = adapter.send(request, **kwargs)
        │       │    │          └ {'timeout': None, 'verify': True, 'proxies': OrderedDict(), 'stream': False, 'cert': None}
        │       │    └ <PreparedRequest [POST]>
        │       └ <function HTTPAdapter.send at 0x7f28ac70b310>
        └ <requests.adapters.HTTPAdapter object at 0x7f2794ccbc10>
  File "/home/chase/.local/lib/python3.8/site-packages/requests/adapters.py", line 516, in send
    raise ConnectionError(e, request=request)
          │                          └ <PreparedRequest [POST]>
          └ <class 'requests.exceptions.ConnectionError'>

requests.exceptions.ConnectionError: HTTPConnectionPool(host='search.people.cn', port=80): Max retries exceeded with url: /search-platform/front/search (Caused by NewConnectionError('<urllib3.connection.HTTPConnection object at 0x7f2794a70430>: Failed to establish a new connection: [Errno 111] Connection refused'))
2022-05-06 14:32:16.696 | ERROR    | monitor.searchSpiders.people:get_request_from_keyword:38 - E 人民网错误HTTPConnectionPool(host='search.people.cn', port=80): Max retries exceeded with url: /search-platform/front/search (Caused by NewConnectionError('<urllib3.connection.HTTPConnection object at 0x7f2777fa2c70>: Failed to establish a new connection: [Errno 111] Connection refused'))
Traceback (most recent call last):

  File "/home/chase/.local/lib/python3.8/site-packages/urllib3/connection.py", line 174, in _new_conn
    conn = connection.create_connection(
           │          └ <function create_connection at 0x7f28ac923280>
           └ <module 'urllib3.util.connection' from '/home/chase/.local/lib/python3.8/site-packages/urllib3/util/connection.py'>
  File "/home/chase/.local/lib/python3.8/site-packages/urllib3/util/connection.py", line 96, in create_connection
    raise err
          └ ConnectionRefusedError(111, 'Connection refused')
  File "/home/chase/.local/lib/python3.8/site-packages/urllib3/util/connection.py", line 86, in create_connection
    sock.connect(sa)
    │            └ ('1.31.128.250', 80)
    └ None

ConnectionRefusedError: [Errno 111] Connection refused


During handling of the above exception, another exception occurred:


Traceback (most recent call last):

  File "/home/chase/.local/lib/python3.8/site-packages/urllib3/connectionpool.py", line 699, in urlopen
    httplib_response = self._make_request(
                       │    └ <function HTTPConnectionPool._make_request at 0x7f28ac931670>
                       └ <urllib3.connectionpool.HTTPConnectionPool object at 0x7f2777fa2d00>
  File "/home/chase/.local/lib/python3.8/site-packages/urllib3/connectionpool.py", line 394, in _make_request
    conn.request(method, url, **httplib_request_kw)
    │    │       │       │      └ {'body': b'{"key": "\\u5357\\u975e\\u4e00\\u5927\\u57ce\\u5e02\\u56e0\\u5e72\\u65f1\\u9762\\u4e34\\u65ad\\u6c34", "page": 14,...
    │    │       │       └ '/search-platform/front/search'
    │    │       └ 'POST'
    │    └ <function HTTPConnection.request at 0x7f28ac8d9040>
    └ <urllib3.connection.HTTPConnection object at 0x7f2777fa2c70>
  File "/home/chase/.local/lib/python3.8/site-packages/urllib3/connection.py", line 239, in request
    super(HTTPConnection, self).request(method, url, body=body, headers=headers)
          │               │             │       │         │             └ {'User-Agent': 'Mozilla/5.0 (Windows NT 10.0; Win64; x64) AppleWebKit/537.36 (KHTML, like Gecko) Chrome/100.0.4896.127 Safari...
          │               │             │       │         └ b'{"key": "\\u5357\\u975e\\u4e00\\u5927\\u57ce\\u5e02\\u56e0\\u5e72\\u65f1\\u9762\\u4e34\\u65ad\\u6c34", "page": 14, "limit":...
          │               │             │       └ '/search-platform/front/search'
          │               │             └ 'POST'
          │               └ <urllib3.connection.HTTPConnection object at 0x7f2777fa2c70>
          └ <class 'urllib3.connection.HTTPConnection'>
  File "/usr/lib/python3.8/http/client.py", line 1256, in request
    self._send_request(method, url, body, headers, encode_chunked)
    │    │             │       │    │     │        └ False
    │    │             │       │    │     └ {'User-Agent': 'Mozilla/5.0 (Windows NT 10.0; Win64; x64) AppleWebKit/537.36 (KHTML, like Gecko) Chrome/100.0.4896.127 Safari...
    │    │             │       │    └ b'{"key": "\\u5357\\u975e\\u4e00\\u5927\\u57ce\\u5e02\\u56e0\\u5e72\\u65f1\\u9762\\u4e34\\u65ad\\u6c34", "page": 14, "limit":...
    │    │             │       └ '/search-platform/front/search'
    │    │             └ 'POST'
    │    └ <function HTTPConnection._send_request at 0x7f28c0176280>
    └ <urllib3.connection.HTTPConnection object at 0x7f2777fa2c70>
  File "/usr/lib/python3.8/http/client.py", line 1302, in _send_request
    self.endheaders(body, encode_chunked=encode_chunked)
    │    │          │                    └ False
    │    │          └ b'{"key": "\\u5357\\u975e\\u4e00\\u5927\\u57ce\\u5e02\\u56e0\\u5e72\\u65f1\\u9762\\u4e34\\u65ad\\u6c34", "page": 14, "limit":...
    │    └ <function HTTPConnection.endheaders at 0x7f28c0176160>
    └ <urllib3.connection.HTTPConnection object at 0x7f2777fa2c70>
  File "/usr/lib/python3.8/http/client.py", line 1251, in endheaders
    self._send_output(message_body, encode_chunked=encode_chunked)
    │    │            │                            └ False
    │    │            └ b'{"key": "\\u5357\\u975e\\u4e00\\u5927\\u57ce\\u5e02\\u56e0\\u5e72\\u65f1\\u9762\\u4e34\\u65ad\\u6c34", "page": 14, "limit":...
    │    └ <function HTTPConnection._send_output at 0x7f28c01ddd30>
    └ <urllib3.connection.HTTPConnection object at 0x7f2777fa2c70>
  File "/usr/lib/python3.8/http/client.py", line 1011, in _send_output
    self.send(msg)
    │    │    └ b'POST /search-platform/front/search HTTP/1.1\r\nHost: search.people.cn\r\nUser-Agent: Mozilla/5.0 (Windows NT 10.0; Win64; x...
    │    └ <function HTTPConnection.send at 0x7f28c01ddb80>
    └ <urllib3.connection.HTTPConnection object at 0x7f2777fa2c70>
  File "/usr/lib/python3.8/http/client.py", line 951, in send
    self.connect()
    │    └ <function HTTPConnection.connect at 0x7f28ac8d7e50>
    └ <urllib3.connection.HTTPConnection object at 0x7f2777fa2c70>
  File "/home/chase/.local/lib/python3.8/site-packages/urllib3/connection.py", line 205, in connect
    conn = self._new_conn()
           │    └ <function HTTPConnection._new_conn at 0x7f28ac8d7ca0>
           └ <urllib3.connection.HTTPConnection object at 0x7f2777fa2c70>
  File "/home/chase/.local/lib/python3.8/site-packages/urllib3/connection.py", line 186, in _new_conn
    raise NewConnectionError(
          └ <class 'urllib3.exceptions.NewConnectionError'>

urllib3.exceptions.NewConnectionError: <urllib3.connection.HTTPConnection object at 0x7f2777fa2c70>: Failed to establish a new connection: [Errno 111] Connection refused


During handling of the above exception, another exception occurred:


Traceback (most recent call last):

  File "/home/chase/.local/lib/python3.8/site-packages/requests/adapters.py", line 439, in send
    resp = conn.urlopen(
           │    └ <function HTTPConnectionPool.urlopen at 0x7f28ac9318b0>
           └ <urllib3.connectionpool.HTTPConnectionPool object at 0x7f2777fa2d00>
  File "/home/chase/.local/lib/python3.8/site-packages/urllib3/connectionpool.py", line 755, in urlopen
    retries = retries.increment(
              │       └ <function Retry.increment at 0x7f28ac92dc10>
              └ Retry(total=0, connect=None, read=False, redirect=None, status=None)
  File "/home/chase/.local/lib/python3.8/site-packages/urllib3/util/retry.py", line 574, in increment
    raise MaxRetryError(_pool, url, error or ResponseError(cause))
          │             │      │    │        │             └ 'unknown'
          │             │      │    │        └ <class 'urllib3.exceptions.ResponseError'>
          │             │      │    └ NewConnectionError('<urllib3.connection.HTTPConnection object at 0x7f2777fa2c70>: Failed to establish a new connection: [Errn...
          │             │      └ '/search-platform/front/search'
          │             └ <urllib3.connectionpool.HTTPConnectionPool object at 0x7f2777fa2d00>
          └ <class 'urllib3.exceptions.MaxRetryError'>

urllib3.exceptions.MaxRetryError: HTTPConnectionPool(host='search.people.cn', port=80): Max retries exceeded with url: /search-platform/front/search (Caused by NewConnectionError('<urllib3.connection.HTTPConnection object at 0x7f2777fa2c70>: Failed to establish a new connection: [Errno 111] Connection refused'))


During handling of the above exception, another exception occurred:


Traceback (most recent call last):

  File "/usr/lib/python3.8/threading.py", line 890, in _bootstrap
    self._bootstrap_inner()
    │    └ <function Thread._bootstrap_inner at 0x7f28ce93aa60>
    └ <Thread(Thread-3, started daemon 139808544417536)>
  File "/usr/lib/python3.8/threading.py", line 932, in _bootstrap_inner
    self.run()
    │    └ <function Thread.run at 0x7f28ce93a790>
    └ <Thread(Thread-3, started daemon 139808544417536)>
  File "/usr/lib/python3.8/threading.py", line 870, in run
    self._target(*self._args, **self._kwargs)
    │    │        │    │        │    └ {}
    │    │        │    │        └ <Thread(Thread-3, started daemon 139808544417536)>
    │    │        │    └ ('ProjectManager.run_func_by_thread',)
    │    │        └ <Thread(Thread-3, started daemon 139808544417536)>
    │    └ <bound method ProjectManager.get_request_from_keywords_hot of <monitor.projectManager.ProjectManager object at 0x7f27b6e33bb0>>
    └ <Thread(Thread-3, started daemon 139808544417536)>

  File "/home/users/Scy/yuqing/spider/monitor/projectManager.py", line 781, in get_request_from_keywords_hot
    self.search_spider_manager.crawl_by_keyword(
    │    │                     └ <function SearchSpidersManager.crawl_by_keyword at 0x7f27b6e41dc0>
    │    └ <monitor.spiderManager.SearchSpidersManager object at 0x7f27b6a49250>
    └ <monitor.projectManager.ProjectManager object at 0x7f27b6e33bb0>

  File "/home/users/Scy/yuqing/spider/monitor/spiderManager.py", line 118, in crawl_by_keyword
    self.crawl_by_keyword_signal_platform(project_names, platform, keyword, crawl_time, project_times)
    │    │                                │              │         │        │           └ {'default': <monitor.TimeSection object at 0x7f27b6b19fd0>}
    │    │                                │              │         │        └ <monitor.TimeSection object at 0x7f27b6a37a00>
    │    │                                │              │         └ '南非一大城市因干旱面临断水'
    │    │                                │              └ '人民网'
    │    │                                └ ['default']
    │    └ <function SearchSpidersManager.crawl_by_keyword_signal_platform at 0x7f27b6e41e50>
    └ <monitor.spiderManager.SearchSpidersManager object at 0x7f27b6a49250>

  File "/home/users/Scy/yuqing/spider/monitor/spiderManager.py", line 135, in crawl_by_keyword_signal_platform
    requests = self.get_request_from_keyword(platform, keyword, **crawl_time.to_dict())
               │    │                        │         │          │          └ <function TimeSection.to_dict at 0x7f28aedce550>
               │    │                        │         │          └ <monitor.TimeSection object at 0x7f27b6a37a00>
               │    │                        │         └ '南非一大城市因干旱面临断水'
               │    │                        └ '人民网'
               │    └ <function SearchSpidersManager.get_request_from_keyword at 0x7f27b6e41f70>
               └ <monitor.spiderManager.SearchSpidersManager object at 0x7f27b6a49250>

  File "/home/users/Scy/yuqing/spider/monitor/spiderManager.py", line 192, in get_request_from_keyword
    for request in self.spiders[platform].get_request_from_keyword(headers, search_url, keyword, content_url,
        │          │    │       │                                  │        │           │        └ <string.Template object at 0x7f2794c6dd90>
        │          │    │       │                                  │        │           └ '南非一大城市因干旱面临断水'
        │          │    │       │                                  │        └ <string.Template object at 0x7f2794aca7f0>
        │          │    │       │                                  └ {'Accept': 'application/json, text/plain, */*', 'Accept-Language': 'zh-CN,zh;q=0.9', 'Connection': 'keep-alive', 'Origin': 'h...
        │          │    │       └ '人民网'
        │          │    └ {'凤凰网': <monitor.searchSpiders.ifeng.Ifeng object at 0x7f27b6a49be0>, '头条': <monitor.searchSpiders.toutiao.Toutiao object at ...
        │          └ <monitor.spiderManager.SearchSpidersManager object at 0x7f27b6a49250>
        └ <GET http://world.people.com.cn/n1/2022/0427/c1002-32410459.html>

> File "/home/users/Scy/yuqing/spider/monitor/searchSpiders/people.py", line 22, in get_request_from_keyword
    response = requests.post(search_url.substitute(), json=data, headers=headers)
               │        │    │          │                  │             └ {'Accept': 'application/json, text/plain, */*', 'Accept-Language': 'zh-CN,zh;q=0.9', 'Connection': 'keep-alive', 'Origin': 'h...
               │        │    │          │                  └ {'key': '南非一大城市因干旱面临断水', 'page': 14, 'limit': 10, 'hasTitle': True, 'hasContent': True, 'isFuzzy': True, 'type': 0, 'sortType...
               │        │    │          └ <function Template.substitute at 0x7f28ce9230d0>
               │        │    └ <string.Template object at 0x7f2794aca7f0>
               │        └ <function post at 0x7f28ac70d430>
               └ <module 'requests' from '/home/chase/.local/lib/python3.8/site-packages/requests/__init__.py'>

  File "/home/chase/.local/lib/python3.8/site-packages/requests/api.py", line 117, in post
    return request('post', url, data=data, json=json, **kwargs)
           │               │         │          │       └ {'headers': {'Accept': 'application/json, text/plain, */*', 'Accept-Language': 'zh-CN,zh;q=0.9', 'Connection': 'keep-alive', ...
           │               │         │          └ {'key': '南非一大城市因干旱面临断水', 'page': 14, 'limit': 10, 'hasTitle': True, 'hasContent': True, 'isFuzzy': True, 'type': 0, 'sortType...
           │               │         └ None
           │               └ 'http://search.people.cn/search-platform/front/search'
           └ <function request at 0x7f28ac7790d0>
  File "/home/chase/.local/lib/python3.8/site-packages/requests/api.py", line 61, in request
    return session.request(method=method, url=url, **kwargs)
           │       │              │           │      └ {'data': None, 'json': {'key': '南非一大城市因干旱面临断水', 'page': 14, 'limit': 10, 'hasTitle': True, 'hasContent': True, 'isFuzzy': Tru...
           │       │              │           └ 'http://search.people.cn/search-platform/front/search'
           │       │              └ 'post'
           │       └ <function Session.request at 0x7f28ac70b9d0>
           └ <requests.sessions.Session object at 0x7f2794137c40>
  File "/home/chase/.local/lib/python3.8/site-packages/requests/sessions.py", line 542, in request
    resp = self.send(prep, **send_kwargs)
           │    │    │       └ {'timeout': None, 'allow_redirects': True, 'verify': True, 'proxies': OrderedDict(), 'stream': False, 'cert': None}
           │    │    └ <PreparedRequest [POST]>
           │    └ <function Session.send at 0x7f28ac70be50>
           └ <requests.sessions.Session object at 0x7f2794137c40>
  File "/home/chase/.local/lib/python3.8/site-packages/requests/sessions.py", line 655, in send
    r = adapter.send(request, **kwargs)
        │       │    │          └ {'timeout': None, 'verify': True, 'proxies': OrderedDict(), 'stream': False, 'cert': None}
        │       │    └ <PreparedRequest [POST]>
        │       └ <function HTTPAdapter.send at 0x7f28ac70b310>
        └ <requests.adapters.HTTPAdapter object at 0x7f2777f9c2e0>
  File "/home/chase/.local/lib/python3.8/site-packages/requests/adapters.py", line 516, in send
    raise ConnectionError(e, request=request)
          │                          └ <PreparedRequest [POST]>
          └ <class 'requests.exceptions.ConnectionError'>

requests.exceptions.ConnectionError: HTTPConnectionPool(host='search.people.cn', port=80): Max retries exceeded with url: /search-platform/front/search (Caused by NewConnectionError('<urllib3.connection.HTTPConnection object at 0x7f2777fa2c70>: Failed to establish a new connection: [Errno 111] Connection refused'))
2022-05-06 14:32:16.723 | ERROR    | monitor.searchSpiders.people:get_request_from_keyword:38 - E 人民网错误HTTPConnectionPool(host='search.people.cn', port=80): Max retries exceeded with url: /search-platform/front/search (Caused by NewConnectionError('<urllib3.connection.HTTPConnection object at 0x7f2777f9c700>: Failed to establish a new connection: [Errno 111] Connection refused'))
Traceback (most recent call last):

  File "/home/chase/.local/lib/python3.8/site-packages/urllib3/connection.py", line 174, in _new_conn
    conn = connection.create_connection(
           │          └ <function create_connection at 0x7f28ac923280>
           └ <module 'urllib3.util.connection' from '/home/chase/.local/lib/python3.8/site-packages/urllib3/util/connection.py'>
  File "/home/chase/.local/lib/python3.8/site-packages/urllib3/util/connection.py", line 96, in create_connection
    raise err
          └ ConnectionRefusedError(111, 'Connection refused')
  File "/home/chase/.local/lib/python3.8/site-packages/urllib3/util/connection.py", line 86, in create_connection
    sock.connect(sa)
    │            └ ('1.31.128.250', 80)
    └ None

ConnectionRefusedError: [Errno 111] Connection refused


During handling of the above exception, another exception occurred:


Traceback (most recent call last):

  File "/home/chase/.local/lib/python3.8/site-packages/urllib3/connectionpool.py", line 699, in urlopen
    httplib_response = self._make_request(
                       │    └ <function HTTPConnectionPool._make_request at 0x7f28ac931670>
                       └ <urllib3.connectionpool.HTTPConnectionPool object at 0x7f279420b190>
  File "/home/chase/.local/lib/python3.8/site-packages/urllib3/connectionpool.py", line 394, in _make_request
    conn.request(method, url, **httplib_request_kw)
    │    │       │       │      └ {'body': b'{"key": "\\u5b89\\u5fbd\\u7701\\u519b\\u533a\\u52a0\\u5f3a\\u4ee5\\u9752\\u5e74\\u4e3a\\u4e3b\\u7684\\u6c11\\u5175...
    │    │       │       └ '/search-platform/front/search'
    │    │       └ 'POST'
    │    └ <function HTTPConnection.request at 0x7f28ac8d9040>
    └ <urllib3.connection.HTTPConnection object at 0x7f2777f9c700>
  File "/home/chase/.local/lib/python3.8/site-packages/urllib3/connection.py", line 239, in request
    super(HTTPConnection, self).request(method, url, body=body, headers=headers)
          │               │             │       │         │             └ {'User-Agent': 'Mozilla/5.0 (Windows NT 10.0; Win64; x64) AppleWebKit/537.36 (KHTML, like Gecko) Chrome/100.0.4896.127 Safari...
          │               │             │       │         └ b'{"key": "\\u5b89\\u5fbd\\u7701\\u519b\\u533a\\u52a0\\u5f3a\\u4ee5\\u9752\\u5e74\\u4e3a\\u4e3b\\u7684\\u6c11\\u5175\\u65b0\\...
          │               │             │       └ '/search-platform/front/search'
          │               │             └ 'POST'
          │               └ <urllib3.connection.HTTPConnection object at 0x7f2777f9c700>
          └ <class 'urllib3.connection.HTTPConnection'>
  File "/usr/lib/python3.8/http/client.py", line 1256, in request
    self._send_request(method, url, body, headers, encode_chunked)
    │    │             │       │    │     │        └ False
    │    │             │       │    │     └ {'User-Agent': 'Mozilla/5.0 (Windows NT 10.0; Win64; x64) AppleWebKit/537.36 (KHTML, like Gecko) Chrome/100.0.4896.127 Safari...
    │    │             │       │    └ b'{"key": "\\u5b89\\u5fbd\\u7701\\u519b\\u533a\\u52a0\\u5f3a\\u4ee5\\u9752\\u5e74\\u4e3a\\u4e3b\\u7684\\u6c11\\u5175\\u65b0\\...
    │    │             │       └ '/search-platform/front/search'
    │    │             └ 'POST'
    │    └ <function HTTPConnection._send_request at 0x7f28c0176280>
    └ <urllib3.connection.HTTPConnection object at 0x7f2777f9c700>
  File "/usr/lib/python3.8/http/client.py", line 1302, in _send_request
    self.endheaders(body, encode_chunked=encode_chunked)
    │    │          │                    └ False
    │    │          └ b'{"key": "\\u5b89\\u5fbd\\u7701\\u519b\\u533a\\u52a0\\u5f3a\\u4ee5\\u9752\\u5e74\\u4e3a\\u4e3b\\u7684\\u6c11\\u5175\\u65b0\\...
    │    └ <function HTTPConnection.endheaders at 0x7f28c0176160>
    └ <urllib3.connection.HTTPConnection object at 0x7f2777f9c700>
  File "/usr/lib/python3.8/http/client.py", line 1251, in endheaders
    self._send_output(message_body, encode_chunked=encode_chunked)
    │    │            │                            └ False
    │    │            └ b'{"key": "\\u5b89\\u5fbd\\u7701\\u519b\\u533a\\u52a0\\u5f3a\\u4ee5\\u9752\\u5e74\\u4e3a\\u4e3b\\u7684\\u6c11\\u5175\\u65b0\\...
    │    └ <function HTTPConnection._send_output at 0x7f28c01ddd30>
    └ <urllib3.connection.HTTPConnection object at 0x7f2777f9c700>
  File "/usr/lib/python3.8/http/client.py", line 1011, in _send_output
    self.send(msg)
    │    │    └ b'POST /search-platform/front/search HTTP/1.1\r\nHost: search.people.cn\r\nUser-Agent: Mozilla/5.0 (Windows NT 10.0; Win64; x...
    │    └ <function HTTPConnection.send at 0x7f28c01ddb80>
    └ <urllib3.connection.HTTPConnection object at 0x7f2777f9c700>
  File "/usr/lib/python3.8/http/client.py", line 951, in send
    self.connect()
    │    └ <function HTTPConnection.connect at 0x7f28ac8d7e50>
    └ <urllib3.connection.HTTPConnection object at 0x7f2777f9c700>
  File "/home/chase/.local/lib/python3.8/site-packages/urllib3/connection.py", line 205, in connect
    conn = self._new_conn()
           │    └ <function HTTPConnection._new_conn at 0x7f28ac8d7ca0>
           └ <urllib3.connection.HTTPConnection object at 0x7f2777f9c700>
  File "/home/chase/.local/lib/python3.8/site-packages/urllib3/connection.py", line 186, in _new_conn
    raise NewConnectionError(
          └ <class 'urllib3.exceptions.NewConnectionError'>

urllib3.exceptions.NewConnectionError: <urllib3.connection.HTTPConnection object at 0x7f2777f9c700>: Failed to establish a new connection: [Errno 111] Connection refused


During handling of the above exception, another exception occurred:


Traceback (most recent call last):

  File "/home/chase/.local/lib/python3.8/site-packages/requests/adapters.py", line 439, in send
    resp = conn.urlopen(
           │    └ <function HTTPConnectionPool.urlopen at 0x7f28ac9318b0>
           └ <urllib3.connectionpool.HTTPConnectionPool object at 0x7f279420b190>
  File "/home/chase/.local/lib/python3.8/site-packages/urllib3/connectionpool.py", line 755, in urlopen
    retries = retries.increment(
              │       └ <function Retry.increment at 0x7f28ac92dc10>
              └ Retry(total=0, connect=None, read=False, redirect=None, status=None)
  File "/home/chase/.local/lib/python3.8/site-packages/urllib3/util/retry.py", line 574, in increment
    raise MaxRetryError(_pool, url, error or ResponseError(cause))
          │             │      │    │        │             └ 'unknown'
          │             │      │    │        └ <class 'urllib3.exceptions.ResponseError'>
          │             │      │    └ NewConnectionError('<urllib3.connection.HTTPConnection object at 0x7f2777f9c700>: Failed to establish a new connection: [Errn...
          │             │      └ '/search-platform/front/search'
          │             └ <urllib3.connectionpool.HTTPConnectionPool object at 0x7f279420b190>
          └ <class 'urllib3.exceptions.MaxRetryError'>

urllib3.exceptions.MaxRetryError: HTTPConnectionPool(host='search.people.cn', port=80): Max retries exceeded with url: /search-platform/front/search (Caused by NewConnectionError('<urllib3.connection.HTTPConnection object at 0x7f2777f9c700>: Failed to establish a new connection: [Errno 111] Connection refused'))


During handling of the above exception, another exception occurred:


Traceback (most recent call last):

  File "/usr/lib/python3.8/threading.py", line 890, in _bootstrap
    self._bootstrap_inner()
    │    └ <function Thread._bootstrap_inner at 0x7f28ce93aa60>
    └ <Thread(Thread-8, started daemon 139808527369984)>
  File "/usr/lib/python3.8/threading.py", line 932, in _bootstrap_inner
    self.run()
    │    └ <function Thread.run at 0x7f28ce93a790>
    └ <Thread(Thread-8, started daemon 139808527369984)>
  File "/usr/lib/python3.8/threading.py", line 870, in run
    self._target(*self._args, **self._kwargs)
    │    │        │    │        │    └ {}
    │    │        │    │        └ <Thread(Thread-8, started daemon 139808527369984)>
    │    │        │    └ ('ProjectManager.run_func_by_thread',)
    │    │        └ <Thread(Thread-8, started daemon 139808527369984)>
    │    └ <bound method ProjectManager.get_request_from_keywords_hot of <monitor.projectManager.ProjectManager object at 0x7f27b6e33bb0>>
    └ <Thread(Thread-8, started daemon 139808527369984)>

  File "/home/users/Scy/yuqing/spider/monitor/projectManager.py", line 781, in get_request_from_keywords_hot
    self.search_spider_manager.crawl_by_keyword(
    │    │                     └ <function SearchSpidersManager.crawl_by_keyword at 0x7f27b6e41dc0>
    │    └ <monitor.spiderManager.SearchSpidersManager object at 0x7f27b6a49250>
    └ <monitor.projectManager.ProjectManager object at 0x7f27b6e33bb0>

  File "/home/users/Scy/yuqing/spider/monitor/spiderManager.py", line 118, in crawl_by_keyword
    self.crawl_by_keyword_signal_platform(project_names, platform, keyword, crawl_time, project_times)
    │    │                                │              │         │        │           └ {'default': <monitor.TimeSection object at 0x7f27b6b19fd0>}
    │    │                                │              │         │        └ <monitor.TimeSection object at 0x7f27b5169e80>
    │    │                                │              │         └ '安徽省军区加强以青年为主的民兵新质力量建设'
    │    │                                │              └ '人民网'
    │    │                                └ ['default']
    │    └ <function SearchSpidersManager.crawl_by_keyword_signal_platform at 0x7f27b6e41e50>
    └ <monitor.spiderManager.SearchSpidersManager object at 0x7f27b6a49250>

  File "/home/users/Scy/yuqing/spider/monitor/spiderManager.py", line 135, in crawl_by_keyword_signal_platform
    requests = self.get_request_from_keyword(platform, keyword, **crawl_time.to_dict())
               │    │                        │         │          │          └ <function TimeSection.to_dict at 0x7f28aedce550>
               │    │                        │         │          └ <monitor.TimeSection object at 0x7f27b5169e80>
               │    │                        │         └ '安徽省军区加强以青年为主的民兵新质力量建设'
               │    │                        └ '人民网'
               │    └ <function SearchSpidersManager.get_request_from_keyword at 0x7f27b6e41f70>
               └ <monitor.spiderManager.SearchSpidersManager object at 0x7f27b6a49250>

  File "/home/users/Scy/yuqing/spider/monitor/spiderManager.py", line 192, in get_request_from_keyword
    for request in self.spiders[platform].get_request_from_keyword(headers, search_url, keyword, content_url,
        │          │    │       │                                  │        │           │        └ <string.Template object at 0x7f2794d892e0>
        │          │    │       │                                  │        │           └ '安徽省军区加强以青年为主的民兵新质力量建设'
        │          │    │       │                                  │        └ <string.Template object at 0x7f27957b2850>
        │          │    │       │                                  └ {'Accept': 'application/json, text/plain, */*', 'Accept-Language': 'zh-CN,zh;q=0.9', 'Connection': 'keep-alive', 'Origin': 'h...
        │          │    │       └ '人民网'
        │          │    └ {'凤凰网': <monitor.searchSpiders.ifeng.Ifeng object at 0x7f27b6a49be0>, '头条': <monitor.searchSpiders.toutiao.Toutiao object at ...
        │          └ <monitor.spiderManager.SearchSpidersManager object at 0x7f27b6a49250>
        └ <GET http://ah.people.com.cn/n2/2022/0503/c358428-35251586.html>

> File "/home/users/Scy/yuqing/spider/monitor/searchSpiders/people.py", line 22, in get_request_from_keyword
    response = requests.post(search_url.substitute(), json=data, headers=headers)
               │        │    │          │                  │             └ {'Accept': 'application/json, text/plain, */*', 'Accept-Language': 'zh-CN,zh;q=0.9', 'Connection': 'keep-alive', 'Origin': 'h...
               │        │    │          │                  └ {'key': '安徽省军区加强以青年为主的民兵新质力量建设', 'page': 9, 'limit': 10, 'hasTitle': True, 'hasContent': True, 'isFuzzy': True, 'type': 0, 's...
               │        │    │          └ <function Template.substitute at 0x7f28ce9230d0>
               │        │    └ <string.Template object at 0x7f27957b2850>
               │        └ <function post at 0x7f28ac70d430>
               └ <module 'requests' from '/home/chase/.local/lib/python3.8/site-packages/requests/__init__.py'>

  File "/home/chase/.local/lib/python3.8/site-packages/requests/api.py", line 117, in post
    return request('post', url, data=data, json=json, **kwargs)
           │               │         │          │       └ {'headers': {'Accept': 'application/json, text/plain, */*', 'Accept-Language': 'zh-CN,zh;q=0.9', 'Connection': 'keep-alive', ...
           │               │         │          └ {'key': '安徽省军区加强以青年为主的民兵新质力量建设', 'page': 9, 'limit': 10, 'hasTitle': True, 'hasContent': True, 'isFuzzy': True, 'type': 0, 's...
           │               │         └ None
           │               └ 'http://search.people.cn/search-platform/front/search'
           └ <function request at 0x7f28ac7790d0>
  File "/home/chase/.local/lib/python3.8/site-packages/requests/api.py", line 61, in request
    return session.request(method=method, url=url, **kwargs)
           │       │              │           │      └ {'data': None, 'json': {'key': '安徽省军区加强以青年为主的民兵新质力量建设', 'page': 9, 'limit': 10, 'hasTitle': True, 'hasContent': True, 'isFuzz...
           │       │              │           └ 'http://search.people.cn/search-platform/front/search'
           │       │              └ 'post'
           │       └ <function Session.request at 0x7f28ac70b9d0>
           └ <requests.sessions.Session object at 0x7f27940b6190>
  File "/home/chase/.local/lib/python3.8/site-packages/requests/sessions.py", line 542, in request
    resp = self.send(prep, **send_kwargs)
           │    │    │       └ {'timeout': None, 'allow_redirects': True, 'verify': True, 'proxies': OrderedDict(), 'stream': False, 'cert': None}
           │    │    └ <PreparedRequest [POST]>
           │    └ <function Session.send at 0x7f28ac70be50>
           └ <requests.sessions.Session object at 0x7f27940b6190>
  File "/home/chase/.local/lib/python3.8/site-packages/requests/sessions.py", line 655, in send
    r = adapter.send(request, **kwargs)
        │       │    │          └ {'timeout': None, 'verify': True, 'proxies': OrderedDict(), 'stream': False, 'cert': None}
        │       │    └ <PreparedRequest [POST]>
        │       └ <function HTTPAdapter.send at 0x7f28ac70b310>
        └ <requests.adapters.HTTPAdapter object at 0x7f2794cb9d30>
  File "/home/chase/.local/lib/python3.8/site-packages/requests/adapters.py", line 516, in send
    raise ConnectionError(e, request=request)
          │                          └ <PreparedRequest [POST]>
          └ <class 'requests.exceptions.ConnectionError'>

requests.exceptions.ConnectionError: HTTPConnectionPool(host='search.people.cn', port=80): Max retries exceeded with url: /search-platform/front/search (Caused by NewConnectionError('<urllib3.connection.HTTPConnection object at 0x7f2777f9c700>: Failed to establish a new connection: [Errno 111] Connection refused'))
2022-05-06 14:32:16.708 | ERROR    | monitor.searchSpiders.people:get_request_from_keyword:38 - E 人民网错误HTTPConnectionPool(host='search.people.cn', port=80): Max retries exceeded with url: /search-platform/front/search (Caused by NewConnectionError('<urllib3.connection.HTTPConnection object at 0x7f2794176820>: Failed to establish a new connection: [Errno 111] Connection refused'))
Traceback (most recent call last):

  File "/home/chase/.local/lib/python3.8/site-packages/urllib3/connection.py", line 174, in _new_conn
    conn = connection.create_connection(
           │          └ <function create_connection at 0x7f28ac923280>
           └ <module 'urllib3.util.connection' from '/home/chase/.local/lib/python3.8/site-packages/urllib3/util/connection.py'>
  File "/home/chase/.local/lib/python3.8/site-packages/urllib3/util/connection.py", line 96, in create_connection
    raise err
          └ ConnectionRefusedError(111, 'Connection refused')
  File "/home/chase/.local/lib/python3.8/site-packages/urllib3/util/connection.py", line 86, in create_connection
    sock.connect(sa)
    │            └ ('1.31.128.250', 80)
    └ None

ConnectionRefusedError: [Errno 111] Connection refused


During handling of the above exception, another exception occurred:


Traceback (most recent call last):

  File "/home/chase/.local/lib/python3.8/site-packages/urllib3/connectionpool.py", line 699, in urlopen
    httplib_response = self._make_request(
                       │    └ <function HTTPConnectionPool._make_request at 0x7f28ac931670>
                       └ <urllib3.connectionpool.HTTPConnectionPool object at 0x7f2794d69850>
  File "/home/chase/.local/lib/python3.8/site-packages/urllib3/connectionpool.py", line 394, in _make_request
    conn.request(method, url, **httplib_request_kw)
    │    │       │       │      └ {'body': b'{"key": "\\u65e5\\u672c\\u513f\\u7ae5\\u4eba\\u53e3\\u4e3a1465\\u4e07\\u4eba \\u518d\\u6b21\\u5237\\u65b0\\u5386\\...
    │    │       │       └ '/search-platform/front/search'
    │    │       └ 'POST'
    │    └ <function HTTPConnection.request at 0x7f28ac8d9040>
    └ <urllib3.connection.HTTPConnection object at 0x7f2794176820>
  File "/home/chase/.local/lib/python3.8/site-packages/urllib3/connection.py", line 239, in request
    super(HTTPConnection, self).request(method, url, body=body, headers=headers)
          │               │             │       │         │             └ {'User-Agent': 'Mozilla/5.0 (Windows NT 10.0; Win64; x64) AppleWebKit/537.36 (KHTML, like Gecko) Chrome/100.0.4896.127 Safari...
          │               │             │       │         └ b'{"key": "\\u65e5\\u672c\\u513f\\u7ae5\\u4eba\\u53e3\\u4e3a1465\\u4e07\\u4eba \\u518d\\u6b21\\u5237\\u65b0\\u5386\\u53f2\\u6...
          │               │             │       └ '/search-platform/front/search'
          │               │             └ 'POST'
          │               └ <urllib3.connection.HTTPConnection object at 0x7f2794176820>
          └ <class 'urllib3.connection.HTTPConnection'>
  File "/usr/lib/python3.8/http/client.py", line 1256, in request
    self._send_request(method, url, body, headers, encode_chunked)
    │    │             │       │    │     │        └ False
    │    │             │       │    │     └ {'User-Agent': 'Mozilla/5.0 (Windows NT 10.0; Win64; x64) AppleWebKit/537.36 (KHTML, like Gecko) Chrome/100.0.4896.127 Safari...
    │    │             │       │    └ b'{"key": "\\u65e5\\u672c\\u513f\\u7ae5\\u4eba\\u53e3\\u4e3a1465\\u4e07\\u4eba \\u518d\\u6b21\\u5237\\u65b0\\u5386\\u53f2\\u6...
    │    │             │       └ '/search-platform/front/search'
    │    │             └ 'POST'
    │    └ <function HTTPConnection._send_request at 0x7f28c0176280>
    └ <urllib3.connection.HTTPConnection object at 0x7f2794176820>
  File "/usr/lib/python3.8/http/client.py", line 1302, in _send_request
    self.endheaders(body, encode_chunked=encode_chunked)
    │    │          │                    └ False
    │    │          └ b'{"key": "\\u65e5\\u672c\\u513f\\u7ae5\\u4eba\\u53e3\\u4e3a1465\\u4e07\\u4eba \\u518d\\u6b21\\u5237\\u65b0\\u5386\\u53f2\\u6...
    │    └ <function HTTPConnection.endheaders at 0x7f28c0176160>
    └ <urllib3.connection.HTTPConnection object at 0x7f2794176820>
  File "/usr/lib/python3.8/http/client.py", line 1251, in endheaders
    self._send_output(message_body, encode_chunked=encode_chunked)
    │    │            │                            └ False
    │    │            └ b'{"key": "\\u65e5\\u672c\\u513f\\u7ae5\\u4eba\\u53e3\\u4e3a1465\\u4e07\\u4eba \\u518d\\u6b21\\u5237\\u65b0\\u5386\\u53f2\\u6...
    │    └ <function HTTPConnection._send_output at 0x7f28c01ddd30>
    └ <urllib3.connection.HTTPConnection object at 0x7f2794176820>
  File "/usr/lib/python3.8/http/client.py", line 1011, in _send_output
    self.send(msg)
    │    │    └ b'POST /search-platform/front/search HTTP/1.1\r\nHost: search.people.cn\r\nUser-Agent: Mozilla/5.0 (Windows NT 10.0; Win64; x...
    │    └ <function HTTPConnection.send at 0x7f28c01ddb80>
    └ <urllib3.connection.HTTPConnection object at 0x7f2794176820>
  File "/usr/lib/python3.8/http/client.py", line 951, in send
    self.connect()
    │    └ <function HTTPConnection.connect at 0x7f28ac8d7e50>
    └ <urllib3.connection.HTTPConnection object at 0x7f2794176820>
  File "/home/chase/.local/lib/python3.8/site-packages/urllib3/connection.py", line 205, in connect
    conn = self._new_conn()
           │    └ <function HTTPConnection._new_conn at 0x7f28ac8d7ca0>
           └ <urllib3.connection.HTTPConnection object at 0x7f2794176820>
  File "/home/chase/.local/lib/python3.8/site-packages/urllib3/connection.py", line 186, in _new_conn
    raise NewConnectionError(
          └ <class 'urllib3.exceptions.NewConnectionError'>

urllib3.exceptions.NewConnectionError: <urllib3.connection.HTTPConnection object at 0x7f2794176820>: Failed to establish a new connection: [Errno 111] Connection refused


During handling of the above exception, another exception occurred:


Traceback (most recent call last):

  File "/home/chase/.local/lib/python3.8/site-packages/requests/adapters.py", line 439, in send
    resp = conn.urlopen(
           │    └ <function HTTPConnectionPool.urlopen at 0x7f28ac9318b0>
           └ <urllib3.connectionpool.HTTPConnectionPool object at 0x7f2794d69850>
  File "/home/chase/.local/lib/python3.8/site-packages/urllib3/connectionpool.py", line 755, in urlopen
    retries = retries.increment(
              │       └ <function Retry.increment at 0x7f28ac92dc10>
              └ Retry(total=0, connect=None, read=False, redirect=None, status=None)
  File "/home/chase/.local/lib/python3.8/site-packages/urllib3/util/retry.py", line 574, in increment
    raise MaxRetryError(_pool, url, error or ResponseError(cause))
          │             │      │    │        │             └ 'unknown'
          │             │      │    │        └ <class 'urllib3.exceptions.ResponseError'>
          │             │      │    └ NewConnectionError('<urllib3.connection.HTTPConnection object at 0x7f2794176820>: Failed to establish a new connection: [Errn...
          │             │      └ '/search-platform/front/search'
          │             └ <urllib3.connectionpool.HTTPConnectionPool object at 0x7f2794d69850>
          └ <class 'urllib3.exceptions.MaxRetryError'>

urllib3.exceptions.MaxRetryError: HTTPConnectionPool(host='search.people.cn', port=80): Max retries exceeded with url: /search-platform/front/search (Caused by NewConnectionError('<urllib3.connection.HTTPConnection object at 0x7f2794176820>: Failed to establish a new connection: [Errno 111] Connection refused'))


During handling of the above exception, another exception occurred:


Traceback (most recent call last):

  File "/usr/lib/python3.8/threading.py", line 890, in _bootstrap
    self._bootstrap_inner()
    │    └ <function Thread._bootstrap_inner at 0x7f28ce93aa60>
    └ <Thread(Thread-19, started daemon 139808510207744)>
  File "/usr/lib/python3.8/threading.py", line 932, in _bootstrap_inner
    self.run()
    │    └ <function Thread.run at 0x7f28ce93a790>
    └ <Thread(Thread-19, started daemon 139808510207744)>
  File "/usr/lib/python3.8/threading.py", line 870, in run
    self._target(*self._args, **self._kwargs)
    │    │        │    │        │    └ {}
    │    │        │    │        └ <Thread(Thread-19, started daemon 139808510207744)>
    │    │        │    └ ('ProjectManager.run_func_by_thread',)
    │    │        └ <Thread(Thread-19, started daemon 139808510207744)>
    │    └ <bound method ProjectManager.get_request_from_keywords_hot of <monitor.projectManager.ProjectManager object at 0x7f27b6e33bb0>>
    └ <Thread(Thread-19, started daemon 139808510207744)>

  File "/home/users/Scy/yuqing/spider/monitor/projectManager.py", line 781, in get_request_from_keywords_hot
    self.search_spider_manager.crawl_by_keyword(
    │    │                     └ <function SearchSpidersManager.crawl_by_keyword at 0x7f27b6e41dc0>
    │    └ <monitor.spiderManager.SearchSpidersManager object at 0x7f27b6a49250>
    └ <monitor.projectManager.ProjectManager object at 0x7f27b6e33bb0>

  File "/home/users/Scy/yuqing/spider/monitor/spiderManager.py", line 118, in crawl_by_keyword
    self.crawl_by_keyword_signal_platform(project_names, platform, keyword, crawl_time, project_times)
    │    │                                │              │         │        │           └ {'default': <monitor.TimeSection object at 0x7f27b6b19fd0>}
    │    │                                │              │         │        └ <monitor.TimeSection object at 0x7f27b4102fd0>
    │    │                                │              │         └ '日本儿童人口为1465万人 再次刷新历史最低纪录'
    │    │                                │              └ '人民网'
    │    │                                └ ['default']
    │    └ <function SearchSpidersManager.crawl_by_keyword_signal_platform at 0x7f27b6e41e50>
    └ <monitor.spiderManager.SearchSpidersManager object at 0x7f27b6a49250>

  File "/home/users/Scy/yuqing/spider/monitor/spiderManager.py", line 135, in crawl_by_keyword_signal_platform
    requests = self.get_request_from_keyword(platform, keyword, **crawl_time.to_dict())
               │    │                        │         │          │          └ <function TimeSection.to_dict at 0x7f28aedce550>
               │    │                        │         │          └ <monitor.TimeSection object at 0x7f27b4102fd0>
               │    │                        │         └ '日本儿童人口为1465万人 再次刷新历史最低纪录'
               │    │                        └ '人民网'
               │    └ <function SearchSpidersManager.get_request_from_keyword at 0x7f27b6e41f70>
               └ <monitor.spiderManager.SearchSpidersManager object at 0x7f27b6a49250>

  File "/home/users/Scy/yuqing/spider/monitor/spiderManager.py", line 192, in get_request_from_keyword
    for request in self.spiders[platform].get_request_from_keyword(headers, search_url, keyword, content_url,
        │          │    │       │                                  │        │           │        └ <string.Template object at 0x7f2794c68a30>
        │          │    │       │                                  │        │           └ '日本儿童人口为1465万人 再次刷新历史最低纪录'
        │          │    │       │                                  │        └ <string.Template object at 0x7f2794c686d0>
        │          │    │       │                                  └ {'Accept': 'application/json, text/plain, */*', 'Accept-Language': 'zh-CN,zh;q=0.9', 'Connection': 'keep-alive', 'Origin': 'h...
        │          │    │       └ '人民网'
        │          │    └ {'凤凰网': <monitor.searchSpiders.ifeng.Ifeng object at 0x7f27b6a49be0>, '头条': <monitor.searchSpiders.toutiao.Toutiao object at ...
        │          └ <monitor.spiderManager.SearchSpidersManager object at 0x7f27b6a49250>
        └ <GET http://japan.people.com.cn/n1/2022/0420/c35421-32404050.html>

> File "/home/users/Scy/yuqing/spider/monitor/searchSpiders/people.py", line 22, in get_request_from_keyword
    response = requests.post(search_url.substitute(), json=data, headers=headers)
               │        │    │          │                  │             └ {'Accept': 'application/json, text/plain, */*', 'Accept-Language': 'zh-CN,zh;q=0.9', 'Connection': 'keep-alive', 'Origin': 'h...
               │        │    │          │                  └ {'key': '日本儿童人口为1465万人 再次刷新历史最低纪录', 'page': 10, 'limit': 10, 'hasTitle': True, 'hasContent': True, 'isFuzzy': True, 'type': 0...
               │        │    │          └ <function Template.substitute at 0x7f28ce9230d0>
               │        │    └ <string.Template object at 0x7f2794c686d0>
               │        └ <function post at 0x7f28ac70d430>
               └ <module 'requests' from '/home/chase/.local/lib/python3.8/site-packages/requests/__init__.py'>

  File "/home/chase/.local/lib/python3.8/site-packages/requests/api.py", line 117, in post
    return request('post', url, data=data, json=json, **kwargs)
           │               │         │          │       └ {'headers': {'Accept': 'application/json, text/plain, */*', 'Accept-Language': 'zh-CN,zh;q=0.9', 'Connection': 'keep-alive', ...
           │               │         │          └ {'key': '日本儿童人口为1465万人 再次刷新历史最低纪录', 'page': 10, 'limit': 10, 'hasTitle': True, 'hasContent': True, 'isFuzzy': True, 'type': 0...
           │               │         └ None
           │               └ 'http://search.people.cn/search-platform/front/search'
           └ <function request at 0x7f28ac7790d0>
  File "/home/chase/.local/lib/python3.8/site-packages/requests/api.py", line 61, in request
    return session.request(method=method, url=url, **kwargs)
           │       │              │           │      └ {'data': None, 'json': {'key': '日本儿童人口为1465万人 再次刷新历史最低纪录', 'page': 10, 'limit': 10, 'hasTitle': True, 'hasContent': True, 'is...
           │       │              │           └ 'http://search.people.cn/search-platform/front/search'
           │       │              └ 'post'
           │       └ <function Session.request at 0x7f28ac70b9d0>
           └ <requests.sessions.Session object at 0x7f2794200130>
  File "/home/chase/.local/lib/python3.8/site-packages/requests/sessions.py", line 542, in request
    resp = self.send(prep, **send_kwargs)
           │    │    │       └ {'timeout': None, 'allow_redirects': True, 'verify': True, 'proxies': OrderedDict(), 'stream': False, 'cert': None}
           │    │    └ <PreparedRequest [POST]>
           │    └ <function Session.send at 0x7f28ac70be50>
           └ <requests.sessions.Session object at 0x7f2794200130>
  File "/home/chase/.local/lib/python3.8/site-packages/requests/sessions.py", line 655, in send
    r = adapter.send(request, **kwargs)
        │       │    │          └ {'timeout': None, 'verify': True, 'proxies': OrderedDict(), 'stream': False, 'cert': None}
        │       │    └ <PreparedRequest [POST]>
        │       └ <function HTTPAdapter.send at 0x7f28ac70b310>
        └ <requests.adapters.HTTPAdapter object at 0x7f2794a7c100>
  File "/home/chase/.local/lib/python3.8/site-packages/requests/adapters.py", line 516, in send
    raise ConnectionError(e, request=request)
          │                          └ <PreparedRequest [POST]>
          └ <class 'requests.exceptions.ConnectionError'>

requests.exceptions.ConnectionError: HTTPConnectionPool(host='search.people.cn', port=80): Max retries exceeded with url: /search-platform/front/search (Caused by NewConnectionError('<urllib3.connection.HTTPConnection object at 0x7f2794176820>: Failed to establish a new connection: [Errno 111] Connection refused'))
2022-05-06 14:32:16.700 | ERROR    | monitor.searchSpiders.people:get_request_from_keyword:38 - E 人民网错误HTTPConnectionPool(host='search.people.cn', port=80): Max retries exceeded with url: /search-platform/front/search (Caused by NewConnectionError('<urllib3.connection.HTTPConnection object at 0x7f2794a4d1f0>: Failed to establish a new connection: [Errno 111] Connection refused'))
Traceback (most recent call last):

  File "/home/chase/.local/lib/python3.8/site-packages/urllib3/connection.py", line 174, in _new_conn
    conn = connection.create_connection(
           │          └ <function create_connection at 0x7f28ac923280>
           └ <module 'urllib3.util.connection' from '/home/chase/.local/lib/python3.8/site-packages/urllib3/util/connection.py'>
  File "/home/chase/.local/lib/python3.8/site-packages/urllib3/util/connection.py", line 96, in create_connection
    raise err
          └ ConnectionRefusedError(111, 'Connection refused')
  File "/home/chase/.local/lib/python3.8/site-packages/urllib3/util/connection.py", line 86, in create_connection
    sock.connect(sa)
    │            └ ('1.31.128.250', 80)
    └ None

ConnectionRefusedError: [Errno 111] Connection refused


During handling of the above exception, another exception occurred:


Traceback (most recent call last):

  File "/home/chase/.local/lib/python3.8/site-packages/urllib3/connectionpool.py", line 699, in urlopen
    httplib_response = self._make_request(
                       │    └ <function HTTPConnectionPool._make_request at 0x7f28ac931670>
                       └ <urllib3.connectionpool.HTTPConnectionPool object at 0x7f27940aedc0>
  File "/home/chase/.local/lib/python3.8/site-packages/urllib3/connectionpool.py", line 394, in _make_request
    conn.request(method, url, **httplib_request_kw)
    │    │       │       │      └ {'body': b'{"key": "\\u6570\\u5b57\\u7ecf\\u6d4e\\u5408\\u4f5c \\u4e3a\\u5171\\u5efa\\u201c\\u4e00\\u5e26\\u4e00\\u8def\\u201...
    │    │       │       └ '/search-platform/front/search'
    │    │       └ 'POST'
    │    └ <function HTTPConnection.request at 0x7f28ac8d9040>
    └ <urllib3.connection.HTTPConnection object at 0x7f2794a4d1f0>
  File "/home/chase/.local/lib/python3.8/site-packages/urllib3/connection.py", line 239, in request
    super(HTTPConnection, self).request(method, url, body=body, headers=headers)
          │               │             │       │         │             └ {'User-Agent': 'Mozilla/5.0 (Windows NT 10.0; Win64; x64) AppleWebKit/537.36 (KHTML, like Gecko) Chrome/100.0.4896.127 Safari...
          │               │             │       │         └ b'{"key": "\\u6570\\u5b57\\u7ecf\\u6d4e\\u5408\\u4f5c \\u4e3a\\u5171\\u5efa\\u201c\\u4e00\\u5e26\\u4e00\\u8def\\u201d\\u589e\...
          │               │             │       └ '/search-platform/front/search'
          │               │             └ 'POST'
          │               └ <urllib3.connection.HTTPConnection object at 0x7f2794a4d1f0>
          └ <class 'urllib3.connection.HTTPConnection'>
  File "/usr/lib/python3.8/http/client.py", line 1256, in request
    self._send_request(method, url, body, headers, encode_chunked)
    │    │             │       │    │     │        └ False
    │    │             │       │    │     └ {'User-Agent': 'Mozilla/5.0 (Windows NT 10.0; Win64; x64) AppleWebKit/537.36 (KHTML, like Gecko) Chrome/100.0.4896.127 Safari...
    │    │             │       │    └ b'{"key": "\\u6570\\u5b57\\u7ecf\\u6d4e\\u5408\\u4f5c \\u4e3a\\u5171\\u5efa\\u201c\\u4e00\\u5e26\\u4e00\\u8def\\u201d\\u589e\...
    │    │             │       └ '/search-platform/front/search'
    │    │             └ 'POST'
    │    └ <function HTTPConnection._send_request at 0x7f28c0176280>
    └ <urllib3.connection.HTTPConnection object at 0x7f2794a4d1f0>
  File "/usr/lib/python3.8/http/client.py", line 1302, in _send_request
    self.endheaders(body, encode_chunked=encode_chunked)
    │    │          │                    └ False
    │    │          └ b'{"key": "\\u6570\\u5b57\\u7ecf\\u6d4e\\u5408\\u4f5c \\u4e3a\\u5171\\u5efa\\u201c\\u4e00\\u5e26\\u4e00\\u8def\\u201d\\u589e\...
    │    └ <function HTTPConnection.endheaders at 0x7f28c0176160>
    └ <urllib3.connection.HTTPConnection object at 0x7f2794a4d1f0>
  File "/usr/lib/python3.8/http/client.py", line 1251, in endheaders
    self._send_output(message_body, encode_chunked=encode_chunked)
    │    │            │                            └ False
    │    │            └ b'{"key": "\\u6570\\u5b57\\u7ecf\\u6d4e\\u5408\\u4f5c \\u4e3a\\u5171\\u5efa\\u201c\\u4e00\\u5e26\\u4e00\\u8def\\u201d\\u589e\...
    │    └ <function HTTPConnection._send_output at 0x7f28c01ddd30>
    └ <urllib3.connection.HTTPConnection object at 0x7f2794a4d1f0>
  File "/usr/lib/python3.8/http/client.py", line 1011, in _send_output
    self.send(msg)
    │    │    └ b'POST /search-platform/front/search HTTP/1.1\r\nHost: search.people.cn\r\nUser-Agent: Mozilla/5.0 (Windows NT 10.0; Win64; x...
    │    └ <function HTTPConnection.send at 0x7f28c01ddb80>
    └ <urllib3.connection.HTTPConnection object at 0x7f2794a4d1f0>
  File "/usr/lib/python3.8/http/client.py", line 951, in send
    self.connect()
    │    └ <function HTTPConnection.connect at 0x7f28ac8d7e50>
    └ <urllib3.connection.HTTPConnection object at 0x7f2794a4d1f0>
  File "/home/chase/.local/lib/python3.8/site-packages/urllib3/connection.py", line 205, in connect
    conn = self._new_conn()
           │    └ <function HTTPConnection._new_conn at 0x7f28ac8d7ca0>
           └ <urllib3.connection.HTTPConnection object at 0x7f2794a4d1f0>
  File "/home/chase/.local/lib/python3.8/site-packages/urllib3/connection.py", line 186, in _new_conn
    raise NewConnectionError(
          └ <class 'urllib3.exceptions.NewConnectionError'>

urllib3.exceptions.NewConnectionError: <urllib3.connection.HTTPConnection object at 0x7f2794a4d1f0>: Failed to establish a new connection: [Errno 111] Connection refused


During handling of the above exception, another exception occurred:


Traceback (most recent call last):

  File "/home/chase/.local/lib/python3.8/site-packages/requests/adapters.py", line 439, in send
    resp = conn.urlopen(
           │    └ <function HTTPConnectionPool.urlopen at 0x7f28ac9318b0>
           └ <urllib3.connectionpool.HTTPConnectionPool object at 0x7f27940aedc0>
  File "/home/chase/.local/lib/python3.8/site-packages/urllib3/connectionpool.py", line 755, in urlopen
    retries = retries.increment(
              │       └ <function Retry.increment at 0x7f28ac92dc10>
              └ Retry(total=0, connect=None, read=False, redirect=None, status=None)
  File "/home/chase/.local/lib/python3.8/site-packages/urllib3/util/retry.py", line 574, in increment
    raise MaxRetryError(_pool, url, error or ResponseError(cause))
          │             │      │    │        │             └ 'unknown'
          │             │      │    │        └ <class 'urllib3.exceptions.ResponseError'>
          │             │      │    └ NewConnectionError('<urllib3.connection.HTTPConnection object at 0x7f2794a4d1f0>: Failed to establish a new connection: [Errn...
          │             │      └ '/search-platform/front/search'
          │             └ <urllib3.connectionpool.HTTPConnectionPool object at 0x7f27940aedc0>
          └ <class 'urllib3.exceptions.MaxRetryError'>

urllib3.exceptions.MaxRetryError: HTTPConnectionPool(host='search.people.cn', port=80): Max retries exceeded with url: /search-platform/front/search (Caused by NewConnectionError('<urllib3.connection.HTTPConnection object at 0x7f2794a4d1f0>: Failed to establish a new connection: [Errno 111] Connection refused'))


During handling of the above exception, another exception occurred:


Traceback (most recent call last):

  File "/usr/lib/python3.8/threading.py", line 890, in _bootstrap
    self._bootstrap_inner()
    │    └ <function Thread._bootstrap_inner at 0x7f28ce93aa60>
    └ <Thread(Thread-33, started daemon 139808022193920)>
  File "/usr/lib/python3.8/threading.py", line 932, in _bootstrap_inner
    self.run()
    │    └ <function Thread.run at 0x7f28ce93a790>
    └ <Thread(Thread-33, started daemon 139808022193920)>
  File "/usr/lib/python3.8/threading.py", line 870, in run
    self._target(*self._args, **self._kwargs)
    │    │        │    │        │    └ {}
    │    │        │    │        └ <Thread(Thread-33, started daemon 139808022193920)>
    │    │        │    └ ('ProjectManager.run_func_by_thread',)
    │    │        └ <Thread(Thread-33, started daemon 139808022193920)>
    │    └ <bound method ProjectManager.get_request_from_keywords_hot of <monitor.projectManager.ProjectManager object at 0x7f27b6e33bb0>>
    └ <Thread(Thread-33, started daemon 139808022193920)>

  File "/home/users/Scy/yuqing/spider/monitor/projectManager.py", line 781, in get_request_from_keywords_hot
    self.search_spider_manager.crawl_by_keyword(
    │    │                     └ <function SearchSpidersManager.crawl_by_keyword at 0x7f27b6e41dc0>
    │    └ <monitor.spiderManager.SearchSpidersManager object at 0x7f27b6a49250>
    └ <monitor.projectManager.ProjectManager object at 0x7f27b6e33bb0>

  File "/home/users/Scy/yuqing/spider/monitor/spiderManager.py", line 118, in crawl_by_keyword
    self.crawl_by_keyword_signal_platform(project_names, platform, keyword, crawl_time, project_times)
    │    │                                │              │         │        │           └ {'default': <monitor.TimeSection object at 0x7f27b6b19fd0>}
    │    │                                │              │         │        └ <monitor.TimeSection object at 0x7f27b41025e0>
    │    │                                │              │         └ '数字经济合作 为共建“一带一路”增添动力'
    │    │                                │              └ '人民网'
    │    │                                └ ['default']
    │    └ <function SearchSpidersManager.crawl_by_keyword_signal_platform at 0x7f27b6e41e50>
    └ <monitor.spiderManager.SearchSpidersManager object at 0x7f27b6a49250>

  File "/home/users/Scy/yuqing/spider/monitor/spiderManager.py", line 135, in crawl_by_keyword_signal_platform
    requests = self.get_request_from_keyword(platform, keyword, **crawl_time.to_dict())
               │    │                        │         │          │          └ <function TimeSection.to_dict at 0x7f28aedce550>
               │    │                        │         │          └ <monitor.TimeSection object at 0x7f27b41025e0>
               │    │                        │         └ '数字经济合作 为共建“一带一路”增添动力'
               │    │                        └ '人民网'
               │    └ <function SearchSpidersManager.get_request_from_keyword at 0x7f27b6e41f70>
               └ <monitor.spiderManager.SearchSpidersManager object at 0x7f27b6a49250>

  File "/home/users/Scy/yuqing/spider/monitor/spiderManager.py", line 192, in get_request_from_keyword
    for request in self.spiders[platform].get_request_from_keyword(headers, search_url, keyword, content_url,
        │          │    │       │                                  │        │           │        └ <string.Template object at 0x7f27941a4c70>
        │          │    │       │                                  │        │           └ '数字经济合作 为共建“一带一路”增添动力'
        │          │    │       │                                  │        └ <string.Template object at 0x7f27941a4e80>
        │          │    │       │                                  └ {'Accept': 'application/json, text/plain, */*', 'Accept-Language': 'zh-CN,zh;q=0.9', 'Connection': 'keep-alive', 'Origin': 'h...
        │          │    │       └ '人民网'
        │          │    └ {'凤凰网': <monitor.searchSpiders.ifeng.Ifeng object at 0x7f27b6a49be0>, '头条': <monitor.searchSpiders.toutiao.Toutiao object at ...
        │          └ <monitor.spiderManager.SearchSpidersManager object at 0x7f27b6a49250>
        └ <GET http://world.people.com.cn/n1/2022/0503/c1002-32413384.html>

> File "/home/users/Scy/yuqing/spider/monitor/searchSpiders/people.py", line 22, in get_request_from_keyword
    response = requests.post(search_url.substitute(), json=data, headers=headers)
               │        │    │          │                  │             └ {'Accept': 'application/json, text/plain, */*', 'Accept-Language': 'zh-CN,zh;q=0.9', 'Connection': 'keep-alive', 'Origin': 'h...
               │        │    │          │                  └ {'key': '数字经济合作 为共建“一带一路”增添动力', 'page': 3, 'limit': 10, 'hasTitle': True, 'hasContent': True, 'isFuzzy': True, 'type': 0, 'so...
               │        │    │          └ <function Template.substitute at 0x7f28ce9230d0>
               │        │    └ <string.Template object at 0x7f27941a4e80>
               │        └ <function post at 0x7f28ac70d430>
               └ <module 'requests' from '/home/chase/.local/lib/python3.8/site-packages/requests/__init__.py'>

  File "/home/chase/.local/lib/python3.8/site-packages/requests/api.py", line 117, in post
    return request('post', url, data=data, json=json, **kwargs)
           │               │         │          │       └ {'headers': {'Accept': 'application/json, text/plain, */*', 'Accept-Language': 'zh-CN,zh;q=0.9', 'Connection': 'keep-alive', ...
           │               │         │          └ {'key': '数字经济合作 为共建“一带一路”增添动力', 'page': 3, 'limit': 10, 'hasTitle': True, 'hasContent': True, 'isFuzzy': True, 'type': 0, 'so...
           │               │         └ None
           │               └ 'http://search.people.cn/search-platform/front/search'
           └ <function request at 0x7f28ac7790d0>
  File "/home/chase/.local/lib/python3.8/site-packages/requests/api.py", line 61, in request
    return session.request(method=method, url=url, **kwargs)
           │       │              │           │      └ {'data': None, 'json': {'key': '数字经济合作 为共建“一带一路”增添动力', 'page': 3, 'limit': 10, 'hasTitle': True, 'hasContent': True, 'isFuzzy...
           │       │              │           └ 'http://search.people.cn/search-platform/front/search'
           │       │              └ 'post'
           │       └ <function Session.request at 0x7f28ac70b9d0>
           └ <requests.sessions.Session object at 0x7f2794c3e100>
  File "/home/chase/.local/lib/python3.8/site-packages/requests/sessions.py", line 542, in request
    resp = self.send(prep, **send_kwargs)
           │    │    │       └ {'timeout': None, 'allow_redirects': True, 'verify': True, 'proxies': OrderedDict(), 'stream': False, 'cert': None}
           │    │    └ <PreparedRequest [POST]>
           │    └ <function Session.send at 0x7f28ac70be50>
           └ <requests.sessions.Session object at 0x7f2794c3e100>
  File "/home/chase/.local/lib/python3.8/site-packages/requests/sessions.py", line 655, in send
    r = adapter.send(request, **kwargs)
        │       │    │          └ {'timeout': None, 'verify': True, 'proxies': OrderedDict(), 'stream': False, 'cert': None}
        │       │    └ <PreparedRequest [POST]>
        │       └ <function HTTPAdapter.send at 0x7f28ac70b310>
        └ <requests.adapters.HTTPAdapter object at 0x7f2777fe9c70>
  File "/home/chase/.local/lib/python3.8/site-packages/requests/adapters.py", line 516, in send
    raise ConnectionError(e, request=request)
          │                          └ <PreparedRequest [POST]>
          └ <class 'requests.exceptions.ConnectionError'>

requests.exceptions.ConnectionError: HTTPConnectionPool(host='search.people.cn', port=80): Max retries exceeded with url: /search-platform/front/search (Caused by NewConnectionError('<urllib3.connection.HTTPConnection object at 0x7f2794a4d1f0>: Failed to establish a new connection: [Errno 111] Connection refused'))
2022-05-06 14:32:16.713 | ERROR    | monitor.searchSpiders.people:get_request_from_keyword:38 - E 人民网错误HTTPConnectionPool(host='search.people.cn', port=80): Max retries exceeded with url: /search-platform/front/search (Caused by NewConnectionError('<urllib3.connection.HTTPConnection object at 0x7f2794c6d9d0>: Failed to establish a new connection: [Errno 111] Connection refused'))
Traceback (most recent call last):

  File "/home/chase/.local/lib/python3.8/site-packages/urllib3/connection.py", line 174, in _new_conn
    conn = connection.create_connection(
           │          └ <function create_connection at 0x7f28ac923280>
           └ <module 'urllib3.util.connection' from '/home/chase/.local/lib/python3.8/site-packages/urllib3/util/connection.py'>
  File "/home/chase/.local/lib/python3.8/site-packages/urllib3/util/connection.py", line 96, in create_connection
    raise err
          └ ConnectionRefusedError(111, 'Connection refused')
  File "/home/chase/.local/lib/python3.8/site-packages/urllib3/util/connection.py", line 86, in create_connection
    sock.connect(sa)
    │            └ ('1.31.128.250', 80)
    └ None

ConnectionRefusedError: [Errno 111] Connection refused


During handling of the above exception, another exception occurred:


Traceback (most recent call last):

  File "/home/chase/.local/lib/python3.8/site-packages/urllib3/connectionpool.py", line 699, in urlopen
    httplib_response = self._make_request(
                       │    └ <function HTTPConnectionPool._make_request at 0x7f28ac931670>
                       └ <urllib3.connectionpool.HTTPConnectionPool object at 0x7f27941f0a30>
  File "/home/chase/.local/lib/python3.8/site-packages/urllib3/connectionpool.py", line 394, in _make_request
    conn.request(method, url, **httplib_request_kw)
    │    │       │       │      └ {'body': b'{"key": "\\u201c\\u4e92\\u5229\\u5408\\u4f5c\\u6709\\u52a9\\u4e8e\\u7ef4\\u62a4\\u5730\\u533a\\u5b89\\u5168\\u7a33...
    │    │       │       └ '/search-platform/front/search'
    │    │       └ 'POST'
    │    └ <function HTTPConnection.request at 0x7f28ac8d9040>
    └ <urllib3.connection.HTTPConnection object at 0x7f2794c6d9d0>
  File "/home/chase/.local/lib/python3.8/site-packages/urllib3/connection.py", line 239, in request
    super(HTTPConnection, self).request(method, url, body=body, headers=headers)
          │               │             │       │         │             └ {'User-Agent': 'Mozilla/5.0 (Windows NT 10.0; Win64; x64) AppleWebKit/537.36 (KHTML, like Gecko) Chrome/100.0.4896.127 Safari...
          │               │             │       │         └ b'{"key": "\\u201c\\u4e92\\u5229\\u5408\\u4f5c\\u6709\\u52a9\\u4e8e\\u7ef4\\u62a4\\u5730\\u533a\\u5b89\\u5168\\u7a33\\u5b9a\\...
          │               │             │       └ '/search-platform/front/search'
          │               │             └ 'POST'
          │               └ <urllib3.connection.HTTPConnection object at 0x7f2794c6d9d0>
          └ <class 'urllib3.connection.HTTPConnection'>
  File "/usr/lib/python3.8/http/client.py", line 1256, in request
    self._send_request(method, url, body, headers, encode_chunked)
    │    │             │       │    │     │        └ False
    │    │             │       │    │     └ {'User-Agent': 'Mozilla/5.0 (Windows NT 10.0; Win64; x64) AppleWebKit/537.36 (KHTML, like Gecko) Chrome/100.0.4896.127 Safari...
    │    │             │       │    └ b'{"key": "\\u201c\\u4e92\\u5229\\u5408\\u4f5c\\u6709\\u52a9\\u4e8e\\u7ef4\\u62a4\\u5730\\u533a\\u5b89\\u5168\\u7a33\\u5b9a\\...
    │    │             │       └ '/search-platform/front/search'
    │    │             └ 'POST'
    │    └ <function HTTPConnection._send_request at 0x7f28c0176280>
    └ <urllib3.connection.HTTPConnection object at 0x7f2794c6d9d0>
  File "/usr/lib/python3.8/http/client.py", line 1302, in _send_request
    self.endheaders(body, encode_chunked=encode_chunked)
    │    │          │                    └ False
    │    │          └ b'{"key": "\\u201c\\u4e92\\u5229\\u5408\\u4f5c\\u6709\\u52a9\\u4e8e\\u7ef4\\u62a4\\u5730\\u533a\\u5b89\\u5168\\u7a33\\u5b9a\\...
    │    └ <function HTTPConnection.endheaders at 0x7f28c0176160>
    └ <urllib3.connection.HTTPConnection object at 0x7f2794c6d9d0>
  File "/usr/lib/python3.8/http/client.py", line 1251, in endheaders
    self._send_output(message_body, encode_chunked=encode_chunked)
    │    │            │                            └ False
    │    │            └ b'{"key": "\\u201c\\u4e92\\u5229\\u5408\\u4f5c\\u6709\\u52a9\\u4e8e\\u7ef4\\u62a4\\u5730\\u533a\\u5b89\\u5168\\u7a33\\u5b9a\\...
    │    └ <function HTTPConnection._send_output at 0x7f28c01ddd30>
    └ <urllib3.connection.HTTPConnection object at 0x7f2794c6d9d0>
  File "/usr/lib/python3.8/http/client.py", line 1011, in _send_output
    self.send(msg)
    │    │    └ b'POST /search-platform/front/search HTTP/1.1\r\nHost: search.people.cn\r\nUser-Agent: Mozilla/5.0 (Windows NT 10.0; Win64; x...
    │    └ <function HTTPConnection.send at 0x7f28c01ddb80>
    └ <urllib3.connection.HTTPConnection object at 0x7f2794c6d9d0>
  File "/usr/lib/python3.8/http/client.py", line 951, in send
    self.connect()
    │    └ <function HTTPConnection.connect at 0x7f28ac8d7e50>
    └ <urllib3.connection.HTTPConnection object at 0x7f2794c6d9d0>
  File "/home/chase/.local/lib/python3.8/site-packages/urllib3/connection.py", line 205, in connect
    conn = self._new_conn()
           │    └ <function HTTPConnection._new_conn at 0x7f28ac8d7ca0>
           └ <urllib3.connection.HTTPConnection object at 0x7f2794c6d9d0>
  File "/home/chase/.local/lib/python3.8/site-packages/urllib3/connection.py", line 186, in _new_conn
    raise NewConnectionError(
          └ <class 'urllib3.exceptions.NewConnectionError'>

urllib3.exceptions.NewConnectionError: <urllib3.connection.HTTPConnection object at 0x7f2794c6d9d0>: Failed to establish a new connection: [Errno 111] Connection refused


During handling of the above exception, another exception occurred:


Traceback (most recent call last):

  File "/home/chase/.local/lib/python3.8/site-packages/requests/adapters.py", line 439, in send
    resp = conn.urlopen(
           │    └ <function HTTPConnectionPool.urlopen at 0x7f28ac9318b0>
           └ <urllib3.connectionpool.HTTPConnectionPool object at 0x7f27941f0a30>
  File "/home/chase/.local/lib/python3.8/site-packages/urllib3/connectionpool.py", line 755, in urlopen
    retries = retries.increment(
              │       └ <function Retry.increment at 0x7f28ac92dc10>
              └ Retry(total=0, connect=None, read=False, redirect=None, status=None)
  File "/home/chase/.local/lib/python3.8/site-packages/urllib3/util/retry.py", line 574, in increment
    raise MaxRetryError(_pool, url, error or ResponseError(cause))
          │             │      │    │        │             └ 'unknown'
          │             │      │    │        └ <class 'urllib3.exceptions.ResponseError'>
          │             │      │    └ NewConnectionError('<urllib3.connection.HTTPConnection object at 0x7f2794c6d9d0>: Failed to establish a new connection: [Errn...
          │             │      └ '/search-platform/front/search'
          │             └ <urllib3.connectionpool.HTTPConnectionPool object at 0x7f27941f0a30>
          └ <class 'urllib3.exceptions.MaxRetryError'>

urllib3.exceptions.MaxRetryError: HTTPConnectionPool(host='search.people.cn', port=80): Max retries exceeded with url: /search-platform/front/search (Caused by NewConnectionError('<urllib3.connection.HTTPConnection object at 0x7f2794c6d9d0>: Failed to establish a new connection: [Errno 111] Connection refused'))


During handling of the above exception, another exception occurred:


Traceback (most recent call last):

  File "/usr/lib/python3.8/threading.py", line 890, in _bootstrap
    self._bootstrap_inner()
    │    └ <function Thread._bootstrap_inner at 0x7f28ce93aa60>
    └ <Thread(Thread-24, started daemon 139808030586624)>
  File "/usr/lib/python3.8/threading.py", line 932, in _bootstrap_inner
    self.run()
    │    └ <function Thread.run at 0x7f28ce93a790>
    └ <Thread(Thread-24, started daemon 139808030586624)>
  File "/usr/lib/python3.8/threading.py", line 870, in run
    self._target(*self._args, **self._kwargs)
    │    │        │    │        │    └ {}
    │    │        │    │        └ <Thread(Thread-24, started daemon 139808030586624)>
    │    │        │    └ ('ProjectManager.run_func_by_thread',)
    │    │        └ <Thread(Thread-24, started daemon 139808030586624)>
    │    └ <bound method ProjectManager.get_request_from_keywords_hot of <monitor.projectManager.ProjectManager object at 0x7f27b6e33bb0>>
    └ <Thread(Thread-24, started daemon 139808030586624)>

  File "/home/users/Scy/yuqing/spider/monitor/projectManager.py", line 781, in get_request_from_keywords_hot
    self.search_spider_manager.crawl_by_keyword(
    │    │                     └ <function SearchSpidersManager.crawl_by_keyword at 0x7f27b6e41dc0>
    │    └ <monitor.spiderManager.SearchSpidersManager object at 0x7f27b6a49250>
    └ <monitor.projectManager.ProjectManager object at 0x7f27b6e33bb0>

  File "/home/users/Scy/yuqing/spider/monitor/spiderManager.py", line 118, in crawl_by_keyword
    self.crawl_by_keyword_signal_platform(project_names, platform, keyword, crawl_time, project_times)
    │    │                                │              │         │        │           └ {'default': <monitor.TimeSection object at 0x7f27b6b19fd0>}
    │    │                                │              │         │        └ <monitor.TimeSection object at 0x7f27b40a96a0>
    │    │                                │              │         └ '“互利合作有助于维护地区安全稳定”'
    │    │                                │              └ '人民网'
    │    │                                └ ['default']
    │    └ <function SearchSpidersManager.crawl_by_keyword_signal_platform at 0x7f27b6e41e50>
    └ <monitor.spiderManager.SearchSpidersManager object at 0x7f27b6a49250>

  File "/home/users/Scy/yuqing/spider/monitor/spiderManager.py", line 135, in crawl_by_keyword_signal_platform
    requests = self.get_request_from_keyword(platform, keyword, **crawl_time.to_dict())
               │    │                        │         │          │          └ <function TimeSection.to_dict at 0x7f28aedce550>
               │    │                        │         │          └ <monitor.TimeSection object at 0x7f27b40a96a0>
               │    │                        │         └ '“互利合作有助于维护地区安全稳定”'
               │    │                        └ '人民网'
               │    └ <function SearchSpidersManager.get_request_from_keyword at 0x7f27b6e41f70>
               └ <monitor.spiderManager.SearchSpidersManager object at 0x7f27b6a49250>

  File "/home/users/Scy/yuqing/spider/monitor/spiderManager.py", line 192, in get_request_from_keyword
    for request in self.spiders[platform].get_request_from_keyword(headers, search_url, keyword, content_url,
        │          │    │       │                                  │        │           │        └ <string.Template object at 0x7f2794195730>
        │          │    │       │                                  │        │           └ '“互利合作有助于维护地区安全稳定”'
        │          │    │       │                                  │        └ <string.Template object at 0x7f2794d46490>
        │          │    │       │                                  └ {'Accept': 'application/json, text/plain, */*', 'Accept-Language': 'zh-CN,zh;q=0.9', 'Connection': 'keep-alive', 'Origin': 'h...
        │          │    │       └ '人民网'
        │          │    └ {'凤凰网': <monitor.searchSpiders.ifeng.Ifeng object at 0x7f27b6a49be0>, '头条': <monitor.searchSpiders.toutiao.Toutiao object at ...
        │          └ <monitor.spiderManager.SearchSpidersManager object at 0x7f27b6a49250>
        └ <GET http://politics.people.com.cn/n1/2022/0416/c1001-32400543.html>

> File "/home/users/Scy/yuqing/spider/monitor/searchSpiders/people.py", line 22, in get_request_from_keyword
    response = requests.post(search_url.substitute(), json=data, headers=headers)
               │        │    │          │                  │             └ {'Accept': 'application/json, text/plain, */*', 'Accept-Language': 'zh-CN,zh;q=0.9', 'Connection': 'keep-alive', 'Origin': 'h...
               │        │    │          │                  └ {'key': '“互利合作有助于维护地区安全稳定”', 'page': 2, 'limit': 10, 'hasTitle': True, 'hasContent': True, 'isFuzzy': True, 'type': 0, 'sortT...
               │        │    │          └ <function Template.substitute at 0x7f28ce9230d0>
               │        │    └ <string.Template object at 0x7f2794d46490>
               │        └ <function post at 0x7f28ac70d430>
               └ <module 'requests' from '/home/chase/.local/lib/python3.8/site-packages/requests/__init__.py'>

  File "/home/chase/.local/lib/python3.8/site-packages/requests/api.py", line 117, in post
    return request('post', url, data=data, json=json, **kwargs)
           │               │         │          │       └ {'headers': {'Accept': 'application/json, text/plain, */*', 'Accept-Language': 'zh-CN,zh;q=0.9', 'Connection': 'keep-alive', ...
           │               │         │          └ {'key': '“互利合作有助于维护地区安全稳定”', 'page': 2, 'limit': 10, 'hasTitle': True, 'hasContent': True, 'isFuzzy': True, 'type': 0, 'sortT...
           │               │         └ None
           │               └ 'http://search.people.cn/search-platform/front/search'
           └ <function request at 0x7f28ac7790d0>
  File "/home/chase/.local/lib/python3.8/site-packages/requests/api.py", line 61, in request
    return session.request(method=method, url=url, **kwargs)
           │       │              │           │      └ {'data': None, 'json': {'key': '“互利合作有助于维护地区安全稳定”', 'page': 2, 'limit': 10, 'hasTitle': True, 'hasContent': True, 'isFuzzy': ...
           │       │              │           └ 'http://search.people.cn/search-platform/front/search'
           │       │              └ 'post'
           │       └ <function Session.request at 0x7f28ac70b9d0>
           └ <requests.sessions.Session object at 0x7f27942004f0>
  File "/home/chase/.local/lib/python3.8/site-packages/requests/sessions.py", line 542, in request
    resp = self.send(prep, **send_kwargs)
           │    │    │       └ {'timeout': None, 'allow_redirects': True, 'verify': True, 'proxies': OrderedDict(), 'stream': False, 'cert': None}
           │    │    └ <PreparedRequest [POST]>
           │    └ <function Session.send at 0x7f28ac70be50>
           └ <requests.sessions.Session object at 0x7f27942004f0>
  File "/home/chase/.local/lib/python3.8/site-packages/requests/sessions.py", line 655, in send
    r = adapter.send(request, **kwargs)
        │       │    │          └ {'timeout': None, 'verify': True, 'proxies': OrderedDict(), 'stream': False, 'cert': None}
        │       │    └ <PreparedRequest [POST]>
        │       └ <function HTTPAdapter.send at 0x7f28ac70b310>
        └ <requests.adapters.HTTPAdapter object at 0x7f2794cbf970>
  File "/home/chase/.local/lib/python3.8/site-packages/requests/adapters.py", line 516, in send
    raise ConnectionError(e, request=request)
          │                          └ <PreparedRequest [POST]>
          └ <class 'requests.exceptions.ConnectionError'>

requests.exceptions.ConnectionError: HTTPConnectionPool(host='search.people.cn', port=80): Max retries exceeded with url: /search-platform/front/search (Caused by NewConnectionError('<urllib3.connection.HTTPConnection object at 0x7f2794c6d9d0>: Failed to establish a new connection: [Errno 111] Connection refused'))
2022-05-06 14:32:17.233 | ERROR    | base.utils.time:people_time_from_url:173 - 【url error】url:http://bbs1.people.com.cn/post/1/1/2/177708461.html
2022-05-06 14:32:18.746 | ERROR    | monitor.searchSpiders.people:get_request_from_keyword:38 - E 人民网错误HTTPConnectionPool(host='search.people.cn', port=80): Max retries exceeded with url: /search-platform/front/search (Caused by NewConnectionError('<urllib3.connection.HTTPConnection object at 0x7f27b4099c70>: Failed to establish a new connection: [Errno 111] Connection refused'))
Traceback (most recent call last):

  File "/home/chase/.local/lib/python3.8/site-packages/urllib3/connection.py", line 174, in _new_conn
    conn = connection.create_connection(
           │          └ <function create_connection at 0x7f28ac923280>
           └ <module 'urllib3.util.connection' from '/home/chase/.local/lib/python3.8/site-packages/urllib3/util/connection.py'>
  File "/home/chase/.local/lib/python3.8/site-packages/urllib3/util/connection.py", line 96, in create_connection
    raise err
          └ ConnectionRefusedError(111, 'Connection refused')
  File "/home/chase/.local/lib/python3.8/site-packages/urllib3/util/connection.py", line 86, in create_connection
    sock.connect(sa)
    │            └ ('1.31.128.250', 80)
    └ None

ConnectionRefusedError: [Errno 111] Connection refused


During handling of the above exception, another exception occurred:


Traceback (most recent call last):

  File "/home/chase/.local/lib/python3.8/site-packages/urllib3/connectionpool.py", line 699, in urlopen
    httplib_response = self._make_request(
                       │    └ <function HTTPConnectionPool._make_request at 0x7f28ac931670>
                       └ <urllib3.connectionpool.HTTPConnectionPool object at 0x7f27b4099f40>
  File "/home/chase/.local/lib/python3.8/site-packages/urllib3/connectionpool.py", line 394, in _make_request
    conn.request(method, url, **httplib_request_kw)
    │    │       │       │      └ {'body': b'{"key": "\\u4e16\\u536b\\u7ec4\\u7ec7\\uff1a\\u5168\\u7403\\u7d2f\\u8ba1\\u65b0\\u51a0\\u786e\\u8bca\\u75c5\\u4f8b...
    │    │       │       └ '/search-platform/front/search'
    │    │       └ 'POST'
    │    └ <function HTTPConnection.request at 0x7f28ac8d9040>
    └ <urllib3.connection.HTTPConnection object at 0x7f27b4099c70>
  File "/home/chase/.local/lib/python3.8/site-packages/urllib3/connection.py", line 239, in request
    super(HTTPConnection, self).request(method, url, body=body, headers=headers)
          │               │             │       │         │             └ {'User-Agent': 'Mozilla/5.0 (Windows NT 10.0; Win64; x64) AppleWebKit/537.36 (KHTML, like Gecko) Chrome/100.0.4896.127 Safari...
          │               │             │       │         └ b'{"key": "\\u4e16\\u536b\\u7ec4\\u7ec7\\uff1a\\u5168\\u7403\\u7d2f\\u8ba1\\u65b0\\u51a0\\u786e\\u8bca\\u75c5\\u4f8b\\u8fbe51...
          │               │             │       └ '/search-platform/front/search'
          │               │             └ 'POST'
          │               └ <urllib3.connection.HTTPConnection object at 0x7f27b4099c70>
          └ <class 'urllib3.connection.HTTPConnection'>
  File "/usr/lib/python3.8/http/client.py", line 1256, in request
    self._send_request(method, url, body, headers, encode_chunked)
    │    │             │       │    │     │        └ False
    │    │             │       │    │     └ {'User-Agent': 'Mozilla/5.0 (Windows NT 10.0; Win64; x64) AppleWebKit/537.36 (KHTML, like Gecko) Chrome/100.0.4896.127 Safari...
    │    │             │       │    └ b'{"key": "\\u4e16\\u536b\\u7ec4\\u7ec7\\uff1a\\u5168\\u7403\\u7d2f\\u8ba1\\u65b0\\u51a0\\u786e\\u8bca\\u75c5\\u4f8b\\u8fbe51...
    │    │             │       └ '/search-platform/front/search'
    │    │             └ 'POST'
    │    └ <function HTTPConnection._send_request at 0x7f28c0176280>
    └ <urllib3.connection.HTTPConnection object at 0x7f27b4099c70>
  File "/usr/lib/python3.8/http/client.py", line 1302, in _send_request
    self.endheaders(body, encode_chunked=encode_chunked)
    │    │          │                    └ False
    │    │          └ b'{"key": "\\u4e16\\u536b\\u7ec4\\u7ec7\\uff1a\\u5168\\u7403\\u7d2f\\u8ba1\\u65b0\\u51a0\\u786e\\u8bca\\u75c5\\u4f8b\\u8fbe51...
    │    └ <function HTTPConnection.endheaders at 0x7f28c0176160>
    └ <urllib3.connection.HTTPConnection object at 0x7f27b4099c70>
  File "/usr/lib/python3.8/http/client.py", line 1251, in endheaders
    self._send_output(message_body, encode_chunked=encode_chunked)
    │    │            │                            └ False
    │    │            └ b'{"key": "\\u4e16\\u536b\\u7ec4\\u7ec7\\uff1a\\u5168\\u7403\\u7d2f\\u8ba1\\u65b0\\u51a0\\u786e\\u8bca\\u75c5\\u4f8b\\u8fbe51...
    │    └ <function HTTPConnection._send_output at 0x7f28c01ddd30>
    └ <urllib3.connection.HTTPConnection object at 0x7f27b4099c70>
  File "/usr/lib/python3.8/http/client.py", line 1011, in _send_output
    self.send(msg)
    │    │    └ b'POST /search-platform/front/search HTTP/1.1\r\nHost: search.people.cn\r\nUser-Agent: Mozilla/5.0 (Windows NT 10.0; Win64; x...
    │    └ <function HTTPConnection.send at 0x7f28c01ddb80>
    └ <urllib3.connection.HTTPConnection object at 0x7f27b4099c70>
  File "/usr/lib/python3.8/http/client.py", line 951, in send
    self.connect()
    │    └ <function HTTPConnection.connect at 0x7f28ac8d7e50>
    └ <urllib3.connection.HTTPConnection object at 0x7f27b4099c70>
  File "/home/chase/.local/lib/python3.8/site-packages/urllib3/connection.py", line 205, in connect
    conn = self._new_conn()
           │    └ <function HTTPConnection._new_conn at 0x7f28ac8d7ca0>
           └ <urllib3.connection.HTTPConnection object at 0x7f27b4099c70>
  File "/home/chase/.local/lib/python3.8/site-packages/urllib3/connection.py", line 186, in _new_conn
    raise NewConnectionError(
          └ <class 'urllib3.exceptions.NewConnectionError'>

urllib3.exceptions.NewConnectionError: <urllib3.connection.HTTPConnection object at 0x7f27b4099c70>: Failed to establish a new connection: [Errno 111] Connection refused


During handling of the above exception, another exception occurred:


Traceback (most recent call last):

  File "/home/chase/.local/lib/python3.8/site-packages/requests/adapters.py", line 439, in send
    resp = conn.urlopen(
           │    └ <function HTTPConnectionPool.urlopen at 0x7f28ac9318b0>
           └ <urllib3.connectionpool.HTTPConnectionPool object at 0x7f27b4099f40>
  File "/home/chase/.local/lib/python3.8/site-packages/urllib3/connectionpool.py", line 755, in urlopen
    retries = retries.increment(
              │       └ <function Retry.increment at 0x7f28ac92dc10>
              └ Retry(total=0, connect=None, read=False, redirect=None, status=None)
  File "/home/chase/.local/lib/python3.8/site-packages/urllib3/util/retry.py", line 574, in increment
    raise MaxRetryError(_pool, url, error or ResponseError(cause))
          │             │      │    │        │             └ 'unknown'
          │             │      │    │        └ <class 'urllib3.exceptions.ResponseError'>
          │             │      │    └ NewConnectionError('<urllib3.connection.HTTPConnection object at 0x7f27b4099c70>: Failed to establish a new connection: [Errn...
          │             │      └ '/search-platform/front/search'
          │             └ <urllib3.connectionpool.HTTPConnectionPool object at 0x7f27b4099f40>
          └ <class 'urllib3.exceptions.MaxRetryError'>

urllib3.exceptions.MaxRetryError: HTTPConnectionPool(host='search.people.cn', port=80): Max retries exceeded with url: /search-platform/front/search (Caused by NewConnectionError('<urllib3.connection.HTTPConnection object at 0x7f27b4099c70>: Failed to establish a new connection: [Errno 111] Connection refused'))


During handling of the above exception, another exception occurred:


Traceback (most recent call last):

  File "/usr/lib/python3.8/threading.py", line 890, in _bootstrap
    self._bootstrap_inner()
    │    └ <function Thread._bootstrap_inner at 0x7f28ce93aa60>
    └ <Thread(Thread-40, started daemon 139808013801216)>
  File "/usr/lib/python3.8/threading.py", line 932, in _bootstrap_inner
    self.run()
    │    └ <function Thread.run at 0x7f28ce93a790>
    └ <Thread(Thread-40, started daemon 139808013801216)>
  File "/usr/lib/python3.8/threading.py", line 870, in run
    self._target(*self._args, **self._kwargs)
    │    │        │    │        │    └ {}
    │    │        │    │        └ <Thread(Thread-40, started daemon 139808013801216)>
    │    │        │    └ ('ProjectManager.run_func_by_thread',)
    │    │        └ <Thread(Thread-40, started daemon 139808013801216)>
    │    └ <bound method ProjectManager.get_request_from_keywords_hot of <monitor.projectManager.ProjectManager object at 0x7f27b6e33bb0>>
    └ <Thread(Thread-40, started daemon 139808013801216)>

  File "/home/users/Scy/yuqing/spider/monitor/projectManager.py", line 781, in get_request_from_keywords_hot
    self.search_spider_manager.crawl_by_keyword(
    │    │                     └ <function SearchSpidersManager.crawl_by_keyword at 0x7f27b6e41dc0>
    │    └ <monitor.spiderManager.SearchSpidersManager object at 0x7f27b6a49250>
    └ <monitor.projectManager.ProjectManager object at 0x7f27b6e33bb0>

  File "/home/users/Scy/yuqing/spider/monitor/spiderManager.py", line 118, in crawl_by_keyword
    self.crawl_by_keyword_signal_platform(project_names, platform, keyword, crawl_time, project_times)
    │    │                                │              │         │        │           └ {'default': <monitor.TimeSection object at 0x7f27b6b19fd0>}
    │    │                                │              │         │        └ <monitor.TimeSection object at 0x7f27b40b0c70>
    │    │                                │              │         └ '世卫组织：全球累计新冠确诊病例达513384685例'
    │    │                                │              └ '人民网'
    │    │                                └ ['default']
    │    └ <function SearchSpidersManager.crawl_by_keyword_signal_platform at 0x7f27b6e41e50>
    └ <monitor.spiderManager.SearchSpidersManager object at 0x7f27b6a49250>

  File "/home/users/Scy/yuqing/spider/monitor/spiderManager.py", line 135, in crawl_by_keyword_signal_platform
    requests = self.get_request_from_keyword(platform, keyword, **crawl_time.to_dict())
               │    │                        │         │          │          └ <function TimeSection.to_dict at 0x7f28aedce550>
               │    │                        │         │          └ <monitor.TimeSection object at 0x7f27b40b0c70>
               │    │                        │         └ '世卫组织：全球累计新冠确诊病例达513384685例'
               │    │                        └ '人民网'
               │    └ <function SearchSpidersManager.get_request_from_keyword at 0x7f27b6e41f70>
               └ <monitor.spiderManager.SearchSpidersManager object at 0x7f27b6a49250>

  File "/home/users/Scy/yuqing/spider/monitor/spiderManager.py", line 192, in get_request_from_keyword
    for request in self.spiders[platform].get_request_from_keyword(headers, search_url, keyword, content_url,
                   │    │       │                                  │        │           │        └ <string.Template object at 0x7f27b6a5bf10>
                   │    │       │                                  │        │           └ '世卫组织：全球累计新冠确诊病例达513384685例'
                   │    │       │                                  │        └ <string.Template object at 0x7f27b413ef70>
                   │    │       │                                  └ {'Accept': 'application/json, text/plain, */*', 'Accept-Language': 'zh-CN,zh;q=0.9', 'Connection': 'keep-alive', 'Origin': 'h...
                   │    │       └ '人民网'
                   │    └ {'凤凰网': <monitor.searchSpiders.ifeng.Ifeng object at 0x7f27b6a49be0>, '头条': <monitor.searchSpiders.toutiao.Toutiao object at ...
                   └ <monitor.spiderManager.SearchSpidersManager object at 0x7f27b6a49250>

> File "/home/users/Scy/yuqing/spider/monitor/searchSpiders/people.py", line 22, in get_request_from_keyword
    response = requests.post(search_url.substitute(), json=data, headers=headers)
               │        │    │          │                  │             └ {'Accept': 'application/json, text/plain, */*', 'Accept-Language': 'zh-CN,zh;q=0.9', 'Connection': 'keep-alive', 'Origin': 'h...
               │        │    │          │                  └ {'key': '世卫组织：全球累计新冠确诊病例达513384685例', 'page': 1, 'limit': 10, 'hasTitle': True, 'hasContent': True, 'isFuzzy': True, 'type': ...
               │        │    │          └ <function Template.substitute at 0x7f28ce9230d0>
               │        │    └ <string.Template object at 0x7f27b413ef70>
               │        └ <function post at 0x7f28ac70d430>
               └ <module 'requests' from '/home/chase/.local/lib/python3.8/site-packages/requests/__init__.py'>

  File "/home/chase/.local/lib/python3.8/site-packages/requests/api.py", line 117, in post
    return request('post', url, data=data, json=json, **kwargs)
           │               │         │          │       └ {'headers': {'Accept': 'application/json, text/plain, */*', 'Accept-Language': 'zh-CN,zh;q=0.9', 'Connection': 'keep-alive', ...
           │               │         │          └ {'key': '世卫组织：全球累计新冠确诊病例达513384685例', 'page': 1, 'limit': 10, 'hasTitle': True, 'hasContent': True, 'isFuzzy': True, 'type': ...
           │               │         └ None
           │               └ 'http://search.people.cn/search-platform/front/search'
           └ <function request at 0x7f28ac7790d0>
  File "/home/chase/.local/lib/python3.8/site-packages/requests/api.py", line 61, in request
    return session.request(method=method, url=url, **kwargs)
           │       │              │           │      └ {'data': None, 'json': {'key': '世卫组织：全球累计新冠确诊病例达513384685例', 'page': 1, 'limit': 10, 'hasTitle': True, 'hasContent': True, 'i...
           │       │              │           └ 'http://search.people.cn/search-platform/front/search'
           │       │              └ 'post'
           │       └ <function Session.request at 0x7f28ac70b9d0>
           └ <requests.sessions.Session object at 0x7f27b6dd76a0>
  File "/home/chase/.local/lib/python3.8/site-packages/requests/sessions.py", line 542, in request
    resp = self.send(prep, **send_kwargs)
           │    │    │       └ {'timeout': None, 'allow_redirects': True, 'verify': True, 'proxies': OrderedDict(), 'stream': False, 'cert': None}
           │    │    └ <PreparedRequest [POST]>
           │    └ <function Session.send at 0x7f28ac70be50>
           └ <requests.sessions.Session object at 0x7f27b6dd76a0>
  File "/home/chase/.local/lib/python3.8/site-packages/requests/sessions.py", line 655, in send
    r = adapter.send(request, **kwargs)
        │       │    │          └ {'timeout': None, 'verify': True, 'proxies': OrderedDict(), 'stream': False, 'cert': None}
        │       │    └ <PreparedRequest [POST]>
        │       └ <function HTTPAdapter.send at 0x7f28ac70b310>
        └ <requests.adapters.HTTPAdapter object at 0x7f27b6a5b6d0>
  File "/home/chase/.local/lib/python3.8/site-packages/requests/adapters.py", line 516, in send
    raise ConnectionError(e, request=request)
          │                          └ <PreparedRequest [POST]>
          └ <class 'requests.exceptions.ConnectionError'>

requests.exceptions.ConnectionError: HTTPConnectionPool(host='search.people.cn', port=80): Max retries exceeded with url: /search-platform/front/search (Caused by NewConnectionError('<urllib3.connection.HTTPConnection object at 0x7f27b4099c70>: Failed to establish a new connection: [Errno 111] Connection refused'))
2022-05-06 14:32:19.583 | ERROR    | base.utils.time:people_time_from_url:173 - 【url error】url:http://api.weibo.com/2/statuses/go?uid=2286908003&id=4766086832328917
2022-05-06 14:32:20.005 | ERROR    | base.utils.time:people_time_from_url:173 - 【url error】url:http://api.weibo.com/2/statuses/go?uid=2286908003&id=4766069988524082
2022-05-06 14:32:20.542 | ERROR    | base.utils.time:people_time_from_url:173 - 【url error】url:http://api.weibo.com/2/statuses/go?uid=2286908003&id=4765874260805091
2022-05-06 14:32:20.551 | ERROR    | base.utils.time:people_time_from_url:173 - 【url error】url:http://bbs1.people.com.cn/post/1/1/2/177707785.html
2022-05-06 14:32:21.040 | ERROR    | base.utils.time:people_time_from_url:173 - 【url error】url:http://api.weibo.com/2/statuses/go?uid=2286908003&id=4765566885693976
2022-05-06 14:32:21.296 | ERROR    | base.utils.time:people_time_from_url:173 - 【url error】url:http://bbs1.people.com.cn/post/1/1/2/177707472.html
2022-05-06 14:32:24.040 | ERROR    | base.utils.time:people_time_from_url:173 - 【url error】url:http://bbs1.people.com.cn/post/1/1/2/177707472.html
2022-05-06 14:32:30.821 | ERROR    | base.utils.time:people_time_from_url:173 - 【url error】url:http://bbs1.people.com.cn/post/1/1/2/177707472.html
2022-05-06 14:32:31.036 | ERROR    | monitor.searchSpiders.people:get_request_from_keyword:38 - E 人民网错误HTTPConnectionPool(host='search.people.cn', port=80): Max retries exceeded with url: /search-platform/front/search (Caused by NewConnectionError('<urllib3.connection.HTTPConnection object at 0x7f2794e702b0>: Failed to establish a new connection: [Errno 111] Connection refused'))
Traceback (most recent call last):

  File "/home/chase/.local/lib/python3.8/site-packages/urllib3/connection.py", line 174, in _new_conn
    conn = connection.create_connection(
           │          └ <function create_connection at 0x7f28ac923280>
           └ <module 'urllib3.util.connection' from '/home/chase/.local/lib/python3.8/site-packages/urllib3/util/connection.py'>
  File "/home/chase/.local/lib/python3.8/site-packages/urllib3/util/connection.py", line 96, in create_connection
    raise err
          └ ConnectionRefusedError(111, 'Connection refused')
  File "/home/chase/.local/lib/python3.8/site-packages/urllib3/util/connection.py", line 86, in create_connection
    sock.connect(sa)
    │            └ ('1.31.128.250', 80)
    └ None

ConnectionRefusedError: [Errno 111] Connection refused


During handling of the above exception, another exception occurred:


Traceback (most recent call last):

  File "/home/chase/.local/lib/python3.8/site-packages/urllib3/connectionpool.py", line 699, in urlopen
    httplib_response = self._make_request(
                       │    └ <function HTTPConnectionPool._make_request at 0x7f28ac931670>
                       └ <urllib3.connectionpool.HTTPConnectionPool object at 0x7f2794e41370>
  File "/home/chase/.local/lib/python3.8/site-packages/urllib3/connectionpool.py", line 394, in _make_request
    conn.request(method, url, **httplib_request_kw)
    │    │       │       │      └ {'body': b'{"key": "\\u4e16\\u536b\\u7ec4\\u7ec7\\uff1a\\u5168\\u7403\\u7d2f\\u8ba1\\u65b0\\u51a0\\u786e\\u8bca\\u75c5\\u4f8b...
    │    │       │       └ '/search-platform/front/search'
    │    │       └ 'POST'
    │    └ <function HTTPConnection.request at 0x7f28ac8d9040>
    └ <urllib3.connection.HTTPConnection object at 0x7f2794e702b0>
  File "/home/chase/.local/lib/python3.8/site-packages/urllib3/connection.py", line 239, in request
    super(HTTPConnection, self).request(method, url, body=body, headers=headers)
          │               │             │       │         │             └ {'User-Agent': 'Mozilla/5.0 (Windows NT 10.0; Win64; x64) AppleWebKit/537.36 (KHTML, like Gecko) Chrome/100.0.4896.127 Safari...
          │               │             │       │         └ b'{"key": "\\u4e16\\u536b\\u7ec4\\u7ec7\\uff1a\\u5168\\u7403\\u7d2f\\u8ba1\\u65b0\\u51a0\\u786e\\u8bca\\u75c5\\u4f8b\\u8fbe51...
          │               │             │       └ '/search-platform/front/search'
          │               │             └ 'POST'
          │               └ <urllib3.connection.HTTPConnection object at 0x7f2794e702b0>
          └ <class 'urllib3.connection.HTTPConnection'>
  File "/usr/lib/python3.8/http/client.py", line 1256, in request
    self._send_request(method, url, body, headers, encode_chunked)
    │    │             │       │    │     │        └ False
    │    │             │       │    │     └ {'User-Agent': 'Mozilla/5.0 (Windows NT 10.0; Win64; x64) AppleWebKit/537.36 (KHTML, like Gecko) Chrome/100.0.4896.127 Safari...
    │    │             │       │    └ b'{"key": "\\u4e16\\u536b\\u7ec4\\u7ec7\\uff1a\\u5168\\u7403\\u7d2f\\u8ba1\\u65b0\\u51a0\\u786e\\u8bca\\u75c5\\u4f8b\\u8fbe51...
    │    │             │       └ '/search-platform/front/search'
    │    │             └ 'POST'
    │    └ <function HTTPConnection._send_request at 0x7f28c0176280>
    └ <urllib3.connection.HTTPConnection object at 0x7f2794e702b0>
  File "/usr/lib/python3.8/http/client.py", line 1302, in _send_request
    self.endheaders(body, encode_chunked=encode_chunked)
    │    │          │                    └ False
    │    │          └ b'{"key": "\\u4e16\\u536b\\u7ec4\\u7ec7\\uff1a\\u5168\\u7403\\u7d2f\\u8ba1\\u65b0\\u51a0\\u786e\\u8bca\\u75c5\\u4f8b\\u8fbe51...
    │    └ <function HTTPConnection.endheaders at 0x7f28c0176160>
    └ <urllib3.connection.HTTPConnection object at 0x7f2794e702b0>
  File "/usr/lib/python3.8/http/client.py", line 1251, in endheaders
    self._send_output(message_body, encode_chunked=encode_chunked)
    │    │            │                            └ False
    │    │            └ b'{"key": "\\u4e16\\u536b\\u7ec4\\u7ec7\\uff1a\\u5168\\u7403\\u7d2f\\u8ba1\\u65b0\\u51a0\\u786e\\u8bca\\u75c5\\u4f8b\\u8fbe51...
    │    └ <function HTTPConnection._send_output at 0x7f28c01ddd30>
    └ <urllib3.connection.HTTPConnection object at 0x7f2794e702b0>
  File "/usr/lib/python3.8/http/client.py", line 1011, in _send_output
    self.send(msg)
    │    │    └ b'POST /search-platform/front/search HTTP/1.1\r\nHost: search.people.cn\r\nUser-Agent: Mozilla/5.0 (Windows NT 10.0; Win64; x...
    │    └ <function HTTPConnection.send at 0x7f28c01ddb80>
    └ <urllib3.connection.HTTPConnection object at 0x7f2794e702b0>
  File "/usr/lib/python3.8/http/client.py", line 951, in send
    self.connect()
    │    └ <function HTTPConnection.connect at 0x7f28ac8d7e50>
    └ <urllib3.connection.HTTPConnection object at 0x7f2794e702b0>
  File "/home/chase/.local/lib/python3.8/site-packages/urllib3/connection.py", line 205, in connect
    conn = self._new_conn()
           │    └ <function HTTPConnection._new_conn at 0x7f28ac8d7ca0>
           └ <urllib3.connection.HTTPConnection object at 0x7f2794e702b0>
  File "/home/chase/.local/lib/python3.8/site-packages/urllib3/connection.py", line 186, in _new_conn
    raise NewConnectionError(
          └ <class 'urllib3.exceptions.NewConnectionError'>

urllib3.exceptions.NewConnectionError: <urllib3.connection.HTTPConnection object at 0x7f2794e702b0>: Failed to establish a new connection: [Errno 111] Connection refused


During handling of the above exception, another exception occurred:


Traceback (most recent call last):

  File "/home/chase/.local/lib/python3.8/site-packages/requests/adapters.py", line 439, in send
    resp = conn.urlopen(
           │    └ <function HTTPConnectionPool.urlopen at 0x7f28ac9318b0>
           └ <urllib3.connectionpool.HTTPConnectionPool object at 0x7f2794e41370>
  File "/home/chase/.local/lib/python3.8/site-packages/urllib3/connectionpool.py", line 755, in urlopen
    retries = retries.increment(
              │       └ <function Retry.increment at 0x7f28ac92dc10>
              └ Retry(total=0, connect=None, read=False, redirect=None, status=None)
  File "/home/chase/.local/lib/python3.8/site-packages/urllib3/util/retry.py", line 574, in increment
    raise MaxRetryError(_pool, url, error or ResponseError(cause))
          │             │      │    │        │             └ 'unknown'
          │             │      │    │        └ <class 'urllib3.exceptions.ResponseError'>
          │             │      │    └ NewConnectionError('<urllib3.connection.HTTPConnection object at 0x7f2794e702b0>: Failed to establish a new connection: [Errn...
          │             │      └ '/search-platform/front/search'
          │             └ <urllib3.connectionpool.HTTPConnectionPool object at 0x7f2794e41370>
          └ <class 'urllib3.exceptions.MaxRetryError'>

urllib3.exceptions.MaxRetryError: HTTPConnectionPool(host='search.people.cn', port=80): Max retries exceeded with url: /search-platform/front/search (Caused by NewConnectionError('<urllib3.connection.HTTPConnection object at 0x7f2794e702b0>: Failed to establish a new connection: [Errno 111] Connection refused'))


During handling of the above exception, another exception occurred:


Traceback (most recent call last):

  File "/usr/lib/python3.8/threading.py", line 890, in _bootstrap
    self._bootstrap_inner()
    │    └ <function Thread._bootstrap_inner at 0x7f28ce93aa60>
    └ <Thread(Thread-45, started daemon 139808005408512)>
  File "/usr/lib/python3.8/threading.py", line 932, in _bootstrap_inner
    self.run()
    │    └ <function Thread.run at 0x7f28ce93a790>
    └ <Thread(Thread-45, started daemon 139808005408512)>
  File "/usr/lib/python3.8/threading.py", line 870, in run
    self._target(*self._args, **self._kwargs)
    │    │        │    │        │    └ {}
    │    │        │    │        └ <Thread(Thread-45, started daemon 139808005408512)>
    │    │        │    └ ('ProjectManager.run_func_by_thread',)
    │    │        └ <Thread(Thread-45, started daemon 139808005408512)>
    │    └ <bound method ProjectManager.get_request_from_keywords_hot of <monitor.projectManager.ProjectManager object at 0x7f27b6e33bb0>>
    └ <Thread(Thread-45, started daemon 139808005408512)>

  File "/home/users/Scy/yuqing/spider/monitor/projectManager.py", line 781, in get_request_from_keywords_hot
    self.search_spider_manager.crawl_by_keyword(
    │    │                     └ <function SearchSpidersManager.crawl_by_keyword at 0x7f27b6e41dc0>
    │    └ <monitor.spiderManager.SearchSpidersManager object at 0x7f27b6a49250>
    └ <monitor.projectManager.ProjectManager object at 0x7f27b6e33bb0>

  File "/home/users/Scy/yuqing/spider/monitor/spiderManager.py", line 118, in crawl_by_keyword
    self.crawl_by_keyword_signal_platform(project_names, platform, keyword, crawl_time, project_times)
    │    │                                │              │         │        │           └ {'default': <monitor.TimeSection object at 0x7f27b6b19fd0>}
    │    │                                │              │         │        └ <monitor.TimeSection object at 0x7f27957e0fa0>
    │    │                                │              │         └ '世卫组织：全球累计新冠确诊病例达513384685例'
    │    │                                │              └ '人民网'
    │    │                                └ ['default']
    │    └ <function SearchSpidersManager.crawl_by_keyword_signal_platform at 0x7f27b6e41e50>
    └ <monitor.spiderManager.SearchSpidersManager object at 0x7f27b6a49250>

  File "/home/users/Scy/yuqing/spider/monitor/spiderManager.py", line 135, in crawl_by_keyword_signal_platform
    requests = self.get_request_from_keyword(platform, keyword, **crawl_time.to_dict())
               │    │                        │         │          │          └ <function TimeSection.to_dict at 0x7f28aedce550>
               │    │                        │         │          └ <monitor.TimeSection object at 0x7f27957e0fa0>
               │    │                        │         └ '世卫组织：全球累计新冠确诊病例达513384685例'
               │    │                        └ '人民网'
               │    └ <function SearchSpidersManager.get_request_from_keyword at 0x7f27b6e41f70>
               └ <monitor.spiderManager.SearchSpidersManager object at 0x7f27b6a49250>

  File "/home/users/Scy/yuqing/spider/monitor/spiderManager.py", line 192, in get_request_from_keyword
    for request in self.spiders[platform].get_request_from_keyword(headers, search_url, keyword, content_url,
                   │    │       │                                  │        │           │        └ <string.Template object at 0x7f2794e415b0>
                   │    │       │                                  │        │           └ '世卫组织：全球累计新冠确诊病例达513384685例'
                   │    │       │                                  │        └ <string.Template object at 0x7f27b4137f70>
                   │    │       │                                  └ {'Accept': 'application/json, text/plain, */*', 'Accept-Language': 'zh-CN,zh;q=0.9', 'Connection': 'keep-alive', 'Origin': 'h...
                   │    │       └ '人民网'
                   │    └ {'凤凰网': <monitor.searchSpiders.ifeng.Ifeng object at 0x7f27b6a49be0>, '头条': <monitor.searchSpiders.toutiao.Toutiao object at ...
                   └ <monitor.spiderManager.SearchSpidersManager object at 0x7f27b6a49250>

> File "/home/users/Scy/yuqing/spider/monitor/searchSpiders/people.py", line 22, in get_request_from_keyword
    response = requests.post(search_url.substitute(), json=data, headers=headers)
               │        │    │          │                  │             └ {'Accept': 'application/json, text/plain, */*', 'Accept-Language': 'zh-CN,zh;q=0.9', 'Connection': 'keep-alive', 'Origin': 'h...
               │        │    │          │                  └ {'key': '世卫组织：全球累计新冠确诊病例达513384685例', 'page': 1, 'limit': 10, 'hasTitle': True, 'hasContent': True, 'isFuzzy': True, 'type': ...
               │        │    │          └ <function Template.substitute at 0x7f28ce9230d0>
               │        │    └ <string.Template object at 0x7f27b4137f70>
               │        └ <function post at 0x7f28ac70d430>
               └ <module 'requests' from '/home/chase/.local/lib/python3.8/site-packages/requests/__init__.py'>

  File "/home/chase/.local/lib/python3.8/site-packages/requests/api.py", line 117, in post
    return request('post', url, data=data, json=json, **kwargs)
           │               │         │          │       └ {'headers': {'Accept': 'application/json, text/plain, */*', 'Accept-Language': 'zh-CN,zh;q=0.9', 'Connection': 'keep-alive', ...
           │               │         │          └ {'key': '世卫组织：全球累计新冠确诊病例达513384685例', 'page': 1, 'limit': 10, 'hasTitle': True, 'hasContent': True, 'isFuzzy': True, 'type': ...
           │               │         └ None
           │               └ 'http://search.people.cn/search-platform/front/search'
           └ <function request at 0x7f28ac7790d0>
  File "/home/chase/.local/lib/python3.8/site-packages/requests/api.py", line 61, in request
    return session.request(method=method, url=url, **kwargs)
           │       │              │           │      └ {'data': None, 'json': {'key': '世卫组织：全球累计新冠确诊病例达513384685例', 'page': 1, 'limit': 10, 'hasTitle': True, 'hasContent': True, 'i...
           │       │              │           └ 'http://search.people.cn/search-platform/front/search'
           │       │              └ 'post'
           │       └ <function Session.request at 0x7f28ac70b9d0>
           └ <requests.sessions.Session object at 0x7f27b6a15c10>
  File "/home/chase/.local/lib/python3.8/site-packages/requests/sessions.py", line 542, in request
    resp = self.send(prep, **send_kwargs)
           │    │    │       └ {'timeout': None, 'allow_redirects': True, 'verify': True, 'proxies': OrderedDict(), 'stream': False, 'cert': None}
           │    │    └ <PreparedRequest [POST]>
           │    └ <function Session.send at 0x7f28ac70be50>
           └ <requests.sessions.Session object at 0x7f27b6a15c10>
  File "/home/chase/.local/lib/python3.8/site-packages/requests/sessions.py", line 655, in send
    r = adapter.send(request, **kwargs)
        │       │    │          └ {'timeout': None, 'verify': True, 'proxies': OrderedDict(), 'stream': False, 'cert': None}
        │       │    └ <PreparedRequest [POST]>
        │       └ <function HTTPAdapter.send at 0x7f28ac70b310>
        └ <requests.adapters.HTTPAdapter object at 0x7f27b415ed90>
  File "/home/chase/.local/lib/python3.8/site-packages/requests/adapters.py", line 516, in send
    raise ConnectionError(e, request=request)
          │                          └ <PreparedRequest [POST]>
          └ <class 'requests.exceptions.ConnectionError'>

requests.exceptions.ConnectionError: HTTPConnectionPool(host='search.people.cn', port=80): Max retries exceeded with url: /search-platform/front/search (Caused by NewConnectionError('<urllib3.connection.HTTPConnection object at 0x7f2794e702b0>: Failed to establish a new connection: [Errno 111] Connection refused'))
2022-05-06 14:32:31.455 | ERROR    | base.utils.time:people_time_from_url:173 - 【url error】url:http://bbs1.people.com.cn/post/1/1/2/177706139.html
2022-05-06 14:32:44.572 | ERROR    | base.utils.time:people_time_from_url:173 - 【url error】url:http://bbs1.people.com.cn/post/1/1/2/177694358.html
