2022-05-11 23:59:16.969 | ERROR    | monitor.searchSpiders.qiushi:get_request_from_keyword:36 - E 求是错误HTTPConnectionPool(host='so.news.cn', port=80): Read timed out. (read timeout=10)
Traceback (most recent call last):

  File "/home/chase/.local/lib/python3.8/site-packages/urllib3/connectionpool.py", line 445, in _make_request
    six.raise_from(e, None)
    │   └ <function raise_from at 0x7f4663599160>
    └ <module 'urllib3.packages.six' from '/home/chase/.local/lib/python3.8/site-packages/urllib3/packages/six.py'>
  File "<string>", line 3, in raise_from
  File "/home/chase/.local/lib/python3.8/site-packages/urllib3/connectionpool.py", line 440, in _make_request
    httplib_response = conn.getresponse()
                       │    └ <function HTTPConnection.getresponse at 0x7f4678b7d310>
                       └ <urllib3.connection.HTTPConnection object at 0x7f42e22f7730>
  File "/usr/lib/python3.8/http/client.py", line 1348, in getresponse
    response.begin()
    │        └ <function HTTPResponse.begin at 0x7f4678b7b670>
    └ <http.client.HTTPResponse object at 0x7f438ce512b0>
  File "/usr/lib/python3.8/http/client.py", line 316, in begin
    version, status, reason = self._read_status()
                              │    └ <function HTTPResponse._read_status at 0x7f4678b7b5e0>
                              └ <http.client.HTTPResponse object at 0x7f438ce512b0>
  File "/usr/lib/python3.8/http/client.py", line 277, in _read_status
    line = str(self.fp.readline(_MAXLINE + 1), "iso-8859-1")
               │    │           └ 65536
               │    └ None
               └ <http.client.HTTPResponse object at 0x7f438ce512b0>
  File "/usr/lib/python3.8/socket.py", line 669, in readinto
    return self._sock.recv_into(b)
           │    │               └ <memory at 0x7f426cdb9f40>
           │    └ None
           └ <socket.SocketIO object at 0x7f42cc165610>

socket.timeout: timed out


During handling of the above exception, another exception occurred:


Traceback (most recent call last):

  File "/home/chase/.local/lib/python3.8/site-packages/requests/adapters.py", line 439, in send
    resp = conn.urlopen(
           │    └ <function HTTPConnectionPool.urlopen at 0x7f46632db820>
           └ <urllib3.connectionpool.HTTPConnectionPool object at 0x7f42fd6c22b0>
  File "/home/chase/.local/lib/python3.8/site-packages/urllib3/connectionpool.py", line 755, in urlopen
    retries = retries.increment(
              │       └ <function Retry.increment at 0x7f4663323b80>
              └ Retry(total=0, connect=None, read=False, redirect=None, status=None)
  File "/home/chase/.local/lib/python3.8/site-packages/urllib3/util/retry.py", line 532, in increment
    raise six.reraise(type(error), error, _stacktrace)
          │   │            │       │      └ <traceback object at 0x7f42401d9200>
          │   │            │       └ ReadTimeoutError("HTTPConnectionPool(host='so.news.cn', port=80): Read timed out. (read timeout=10)")
          │   │            └ ReadTimeoutError("HTTPConnectionPool(host='so.news.cn', port=80): Read timed out. (read timeout=10)")
          │   └ <function reraise at 0x7f46635990d0>
          └ <module 'urllib3.packages.six' from '/home/chase/.local/lib/python3.8/site-packages/urllib3/packages/six.py'>
  File "/home/chase/.local/lib/python3.8/site-packages/urllib3/packages/six.py", line 770, in reraise
    raise value
          └ None
  File "/home/chase/.local/lib/python3.8/site-packages/urllib3/connectionpool.py", line 699, in urlopen
    httplib_response = self._make_request(
                       │    └ <function HTTPConnectionPool._make_request at 0x7f46632db5e0>
                       └ <urllib3.connectionpool.HTTPConnectionPool object at 0x7f42fd6c22b0>
  File "/home/chase/.local/lib/python3.8/site-packages/urllib3/connectionpool.py", line 447, in _make_request
    self._raise_timeout(err=e, url=url, timeout_value=read_timeout)
    │    │                         │                  └ 10
    │    │                         └ '/qiushi/more?callback=jsonpCallback&page=57&keyword=%E5%90%91%E7%9D%80%E6%96%B0%E7%9A%84%E9%AB%98%E5%9C%B0%E5%86%B2%E9%94%8B...
    │    └ <function HTTPConnectionPool._raise_timeout at 0x7f46632db550>
    └ <urllib3.connectionpool.HTTPConnectionPool object at 0x7f42fd6c22b0>
  File "/home/chase/.local/lib/python3.8/site-packages/urllib3/connectionpool.py", line 336, in _raise_timeout
    raise ReadTimeoutError(
          └ <class 'urllib3.exceptions.ReadTimeoutError'>

urllib3.exceptions.ReadTimeoutError: HTTPConnectionPool(host='so.news.cn', port=80): Read timed out. (read timeout=10)


During handling of the above exception, another exception occurred:


Traceback (most recent call last):

  File "/usr/lib/python3.8/threading.py", line 890, in _bootstrap
    self._bootstrap_inner()
    │    └ <function Thread._bootstrap_inner at 0x7f4689341a60>
    └ <Thread(Thread-3504, started daemon 139922754643712)>
  File "/usr/lib/python3.8/threading.py", line 932, in _bootstrap_inner
    self.run()
    │    └ <function Thread.run at 0x7f4689341790>
    └ <Thread(Thread-3504, started daemon 139922754643712)>
  File "/usr/lib/python3.8/threading.py", line 870, in run
    self._target(*self._args, **self._kwargs)
    │    │        │    │        │    └ {}
    │    │        │    │        └ <Thread(Thread-3504, started daemon 139922754643712)>
    │    │        │    └ ('ProjectManager.run_func_by_thread',)
    │    │        └ <Thread(Thread-3504, started daemon 139922754643712)>
    │    └ <bound method ProjectManager.get_request_from_keywords_hot of <monitor.projectManager.ProjectManager object at 0x7f457182e160>>
    └ <Thread(Thread-3504, started daemon 139922754643712)>

  File "/home/users/Scy/yuqing/spider/monitor/projectManager.py", line 795, in get_request_from_keywords_hot
    self.search_spider_manager.crawl_by_keyword(
    │    │                     └ <function SearchSpidersManager.crawl_by_keyword at 0x7f4571832040>
    │    └ <monitor.spiderManager.SearchSpidersManager object at 0x7f4571441610>
    └ <monitor.projectManager.ProjectManager object at 0x7f457182e160>

  File "/home/users/Scy/yuqing/spider/monitor/spiderManager.py", line 118, in crawl_by_keyword
    self.crawl_by_keyword_signal_platform(project_names, platform, keyword, crawl_time, project_times)
    │    │                                │              │         │        │           └ {'default': <monitor.TimeSection object at 0x7f4571558ac0>}
    │    │                                │              │         │        └ <monitor.TimeSection object at 0x7f42a6a69eb0>
    │    │                                │              │         └ '向着新的高地冲锋'
    │    │                                │              └ '求是'
    │    │                                └ ['default']
    │    └ <function SearchSpidersManager.crawl_by_keyword_signal_platform at 0x7f45718320d0>
    └ <monitor.spiderManager.SearchSpidersManager object at 0x7f4571441610>

  File "/home/users/Scy/yuqing/spider/monitor/spiderManager.py", line 134, in crawl_by_keyword_signal_platform
    requests = self.get_request_from_keyword(platform, keyword, **crawl_time.to_dict())
               │    │                        │         │          │          └ <function TimeSection.to_dict at 0x7f46697d5550>
               │    │                        │         │          └ <monitor.TimeSection object at 0x7f42a6a69eb0>
               │    │                        │         └ '向着新的高地冲锋'
               │    │                        └ '求是'
               │    └ <function SearchSpidersManager.get_request_from_keyword at 0x7f45718321f0>
               └ <monitor.spiderManager.SearchSpidersManager object at 0x7f4571441610>

  File "/home/users/Scy/yuqing/spider/monitor/spiderManager.py", line 191, in get_request_from_keyword
    for request in self.spiders[platform].get_request_from_keyword(headers, search_url, keyword, content_url,
        │          │    │       │                                  │        │           │        └ <string.Template object at 0x7f4367480d00>
        │          │    │       │                                  │        │           └ '向着新的高地冲锋'
        │          │    │       │                                  │        └ <string.Template object at 0x7f429b443a30>
        │          │    │       │                                  └ {'Connection': 'keep-alive', 'Cache-Control': 'max-age=0', 'Upgrade-Insecure-Requests': '1', 'User-Agent': 'Mozilla/5.0 (Wind...
        │          │    │       └ '求是'
        │          │    └ {'凤凰网': <monitor.searchSpiders.ifeng.Ifeng object at 0x7f4571441d60>, '头条': <monitor.searchSpiders.toutiao.Toutiao object at ...
        │          └ <monitor.spiderManager.SearchSpidersManager object at 0x7f4571441610>
        └ <GET http://www.qstheory.cn/2021-04/27/c_1127381500.htm>

> File "/home/users/Scy/yuqing/spider/monitor/searchSpiders/qiushi.py", line 27, in get_request_from_keyword
    json_response = json.loads(response.text[14:-2])
                    │    │     │        └ <property object at 0x7f4663177db0>
                    │    │     └ <Response [200]>
                    │    └ <function loads at 0x7f468920ef70>
                    └ <module 'json' from '/usr/lib/python3.8/json/__init__.py'>

  File "/home/chase/.local/lib/python3.8/site-packages/requests/api.py", line 75, in get
    return request('get', url, params=params, **kwargs)
           │              │           │         └ {'headers': {'Connection': 'keep-alive', 'Cache-Control': 'max-age=0', 'Upgrade-Insecure-Requests': '1', 'User-Agent': 'Mozil...
           │              │           └ None
           │              └ 'http://so.news.cn/qiushi/more?callback=jsonpCallback&page=57&keyword=向着新的高地冲锋&searchword=(LinkTitle%3D%E5%AD%9F%E6%99%9A%E8%...
           └ <function request at 0x7f466317b040>
  File "/home/chase/.local/lib/python3.8/site-packages/requests/api.py", line 61, in request
    return session.request(method=method, url=url, **kwargs)
           │       │              │           │      └ {'params': None, 'headers': {'Connection': 'keep-alive', 'Cache-Control': 'max-age=0', 'Upgrade-Insecure-Requests': '1', 'Use...
           │       │              │           └ 'http://so.news.cn/qiushi/more?callback=jsonpCallback&page=57&keyword=向着新的高地冲锋&searchword=(LinkTitle%3D%E5%AD%9F%E6%99%9A%E8%...
           │       │              └ 'get'
           │       └ <function Session.request at 0x7f4663110940>
           └ <requests.sessions.Session object at 0x7f4277a6e1c0>
  File "/home/chase/.local/lib/python3.8/site-packages/requests/sessions.py", line 542, in request
    resp = self.send(prep, **send_kwargs)
           │    │    │       └ {'timeout': 10, 'allow_redirects': True, 'verify': True, 'proxies': OrderedDict(), 'stream': False, 'cert': None}
           │    │    └ <PreparedRequest [GET]>
           │    └ <function Session.send at 0x7f4663110dc0>
           └ <requests.sessions.Session object at 0x7f4277a6e1c0>
  File "/home/chase/.local/lib/python3.8/site-packages/requests/sessions.py", line 655, in send
    r = adapter.send(request, **kwargs)
        │       │    │          └ {'timeout': 10, 'verify': True, 'proxies': OrderedDict(), 'stream': False, 'cert': None}
        │       │    └ <PreparedRequest [GET]>
        │       └ <function HTTPAdapter.send at 0x7f4663110280>
        └ <requests.adapters.HTTPAdapter object at 0x7f43f8340a30>
  File "/home/chase/.local/lib/python3.8/site-packages/requests/adapters.py", line 529, in send
    raise ReadTimeout(e, request=request)
          │                      └ <PreparedRequest [GET]>
          └ <class 'requests.exceptions.ReadTimeout'>

requests.exceptions.ReadTimeout: HTTPConnectionPool(host='so.news.cn', port=80): Read timed out. (read timeout=10)
2022-05-11 23:59:17.042 | ERROR    | monitor.searchSpiders.qiushi:get_request_from_keyword:36 - E 求是错误HTTPConnectionPool(host='so.news.cn', port=80): Read timed out. (read timeout=10)
Traceback (most recent call last):

  File "/home/chase/.local/lib/python3.8/site-packages/urllib3/connectionpool.py", line 445, in _make_request
    six.raise_from(e, None)
    │   └ <function raise_from at 0x7f4663599160>
    └ <module 'urllib3.packages.six' from '/home/chase/.local/lib/python3.8/site-packages/urllib3/packages/six.py'>
  File "<string>", line 3, in raise_from
  File "/home/chase/.local/lib/python3.8/site-packages/urllib3/connectionpool.py", line 440, in _make_request
    httplib_response = conn.getresponse()
                       │    └ <function HTTPConnection.getresponse at 0x7f4678b7d310>
                       └ <urllib3.connection.HTTPConnection object at 0x7f437f289a90>
  File "/usr/lib/python3.8/http/client.py", line 1348, in getresponse
    response.begin()
    │        └ <function HTTPResponse.begin at 0x7f4678b7b670>
    └ <http.client.HTTPResponse object at 0x7f43b38bc0a0>
  File "/usr/lib/python3.8/http/client.py", line 316, in begin
    version, status, reason = self._read_status()
                              │    └ <function HTTPResponse._read_status at 0x7f4678b7b5e0>
                              └ <http.client.HTTPResponse object at 0x7f43b38bc0a0>
  File "/usr/lib/python3.8/http/client.py", line 277, in _read_status
    line = str(self.fp.readline(_MAXLINE + 1), "iso-8859-1")
               │    │           └ 65536
               │    └ None
               └ <http.client.HTTPResponse object at 0x7f43b38bc0a0>
  File "/usr/lib/python3.8/socket.py", line 669, in readinto
    return self._sock.recv_into(b)
           │    │               └ <memory at 0x7f44b890a940>
           │    └ None
           └ <socket.SocketIO object at 0x7f429367b310>

socket.timeout: timed out


During handling of the above exception, another exception occurred:


Traceback (most recent call last):

  File "/home/chase/.local/lib/python3.8/site-packages/requests/adapters.py", line 439, in send
    resp = conn.urlopen(
           │    └ <function HTTPConnectionPool.urlopen at 0x7f46632db820>
           └ <urllib3.connectionpool.HTTPConnectionPool object at 0x7f42cb9f77f0>
  File "/home/chase/.local/lib/python3.8/site-packages/urllib3/connectionpool.py", line 755, in urlopen
    retries = retries.increment(
              │       └ <function Retry.increment at 0x7f4663323b80>
              └ Retry(total=0, connect=None, read=False, redirect=None, status=None)
  File "/home/chase/.local/lib/python3.8/site-packages/urllib3/util/retry.py", line 532, in increment
    raise six.reraise(type(error), error, _stacktrace)
          │   │            │       │      └ <traceback object at 0x7f43b9f66880>
          │   │            │       └ ReadTimeoutError("HTTPConnectionPool(host='so.news.cn', port=80): Read timed out. (read timeout=10)")
          │   │            └ ReadTimeoutError("HTTPConnectionPool(host='so.news.cn', port=80): Read timed out. (read timeout=10)")
          │   └ <function reraise at 0x7f46635990d0>
          └ <module 'urllib3.packages.six' from '/home/chase/.local/lib/python3.8/site-packages/urllib3/packages/six.py'>
  File "/home/chase/.local/lib/python3.8/site-packages/urllib3/packages/six.py", line 770, in reraise
    raise value
          └ None
  File "/home/chase/.local/lib/python3.8/site-packages/urllib3/connectionpool.py", line 699, in urlopen
    httplib_response = self._make_request(
                       │    └ <function HTTPConnectionPool._make_request at 0x7f46632db5e0>
                       └ <urllib3.connectionpool.HTTPConnectionPool object at 0x7f42cb9f77f0>
  File "/home/chase/.local/lib/python3.8/site-packages/urllib3/connectionpool.py", line 447, in _make_request
    self._raise_timeout(err=e, url=url, timeout_value=read_timeout)
    │    │                         │                  └ 10
    │    │                         └ '/qiushi/more?callback=jsonpCallback&page=3&keyword=%E8%93%9D%E8%8A%B1%E6%A5%B9%E7%BB%BD%E6%94%BE%EF%BC%9A%E6%98%A5%E5%9F%8E%...
    │    └ <function HTTPConnectionPool._raise_timeout at 0x7f46632db550>
    └ <urllib3.connectionpool.HTTPConnectionPool object at 0x7f42cb9f77f0>
  File "/home/chase/.local/lib/python3.8/site-packages/urllib3/connectionpool.py", line 336, in _raise_timeout
    raise ReadTimeoutError(
          └ <class 'urllib3.exceptions.ReadTimeoutError'>

urllib3.exceptions.ReadTimeoutError: HTTPConnectionPool(host='so.news.cn', port=80): Read timed out. (read timeout=10)


During handling of the above exception, another exception occurred:


Traceback (most recent call last):

  File "/usr/lib/python3.8/threading.py", line 890, in _bootstrap
    self._bootstrap_inner()
    │    └ <function Thread._bootstrap_inner at 0x7f4689341a60>
    └ <Thread(Thread-5394, started daemon 139928805795584)>
  File "/usr/lib/python3.8/threading.py", line 932, in _bootstrap_inner
    self.run()
    │    └ <function Thread.run at 0x7f4689341790>
    └ <Thread(Thread-5394, started daemon 139928805795584)>
  File "/usr/lib/python3.8/threading.py", line 870, in run
    self._target(*self._args, **self._kwargs)
    │    │        │    │        │    └ {}
    │    │        │    │        └ <Thread(Thread-5394, started daemon 139928805795584)>
    │    │        │    └ ('ProjectManager.run_func_by_thread',)
    │    │        └ <Thread(Thread-5394, started daemon 139928805795584)>
    │    └ <bound method ProjectManager.get_request_from_keywords_hot of <monitor.projectManager.ProjectManager object at 0x7f457182e160>>
    └ <Thread(Thread-5394, started daemon 139928805795584)>

  File "/home/users/Scy/yuqing/spider/monitor/projectManager.py", line 795, in get_request_from_keywords_hot
    self.search_spider_manager.crawl_by_keyword(
    │    │                     └ <function SearchSpidersManager.crawl_by_keyword at 0x7f4571832040>
    │    └ <monitor.spiderManager.SearchSpidersManager object at 0x7f4571441610>
    └ <monitor.projectManager.ProjectManager object at 0x7f457182e160>

  File "/home/users/Scy/yuqing/spider/monitor/spiderManager.py", line 118, in crawl_by_keyword
    self.crawl_by_keyword_signal_platform(project_names, platform, keyword, crawl_time, project_times)
    │    │                                │              │         │        │           └ {'default': <monitor.TimeSection object at 0x7f4571558ac0>}
    │    │                                │              │         │        └ <monitor.TimeSection object at 0x7f4355a6a490>
    │    │                                │              │         └ '蓝花楹绽放：春城昆明的“花式浪漫”'
    │    │                                │              └ '求是'
    │    │                                └ ['default']
    │    └ <function SearchSpidersManager.crawl_by_keyword_signal_platform at 0x7f45718320d0>
    └ <monitor.spiderManager.SearchSpidersManager object at 0x7f4571441610>

  File "/home/users/Scy/yuqing/spider/monitor/spiderManager.py", line 134, in crawl_by_keyword_signal_platform
    requests = self.get_request_from_keyword(platform, keyword, **crawl_time.to_dict())
               │    │                        │         │          │          └ <function TimeSection.to_dict at 0x7f46697d5550>
               │    │                        │         │          └ <monitor.TimeSection object at 0x7f4355a6a490>
               │    │                        │         └ '蓝花楹绽放：春城昆明的“花式浪漫”'
               │    │                        └ '求是'
               │    └ <function SearchSpidersManager.get_request_from_keyword at 0x7f45718321f0>
               └ <monitor.spiderManager.SearchSpidersManager object at 0x7f4571441610>

  File "/home/users/Scy/yuqing/spider/monitor/spiderManager.py", line 191, in get_request_from_keyword
    for request in self.spiders[platform].get_request_from_keyword(headers, search_url, keyword, content_url,
        │          │    │       │                                  │        │           │        └ <string.Template object at 0x7f4279f14520>
        │          │    │       │                                  │        │           └ '蓝花楹绽放：春城昆明的“花式浪漫”'
        │          │    │       │                                  │        └ <string.Template object at 0x7f42a503d790>
        │          │    │       │                                  └ {'Connection': 'keep-alive', 'Cache-Control': 'max-age=0', 'Upgrade-Insecure-Requests': '1', 'User-Agent': 'Mozilla/5.0 (Wind...
        │          │    │       └ '求是'
        │          │    └ {'凤凰网': <monitor.searchSpiders.ifeng.Ifeng object at 0x7f4571441d60>, '头条': <monitor.searchSpiders.toutiao.Toutiao object at ...
        │          └ <monitor.spiderManager.SearchSpidersManager object at 0x7f4571441610>
        └ <GET http://www.qstheory.cn/qshyjx/2022-03/14/c_1128468298.htm>

> File "/home/users/Scy/yuqing/spider/monitor/searchSpiders/qiushi.py", line 27, in get_request_from_keyword
    json_response = json.loads(response.text[14:-2])
                    │    │     │        └ <property object at 0x7f4663177db0>
                    │    │     └ <Response [200]>
                    │    └ <function loads at 0x7f468920ef70>
                    └ <module 'json' from '/usr/lib/python3.8/json/__init__.py'>

  File "/home/chase/.local/lib/python3.8/site-packages/requests/api.py", line 75, in get
    return request('get', url, params=params, **kwargs)
           │              │           │         └ {'headers': {'Connection': 'keep-alive', 'Cache-Control': 'max-age=0', 'Upgrade-Insecure-Requests': '1', 'User-Agent': 'Mozil...
           │              │           └ None
           │              └ 'http://so.news.cn/qiushi/more?callback=jsonpCallback&page=3&keyword=蓝花楹绽放：春城昆明的“花式浪漫”&searchword=(LinkTitle%3D%E5%AD%9F%E6%9...
           └ <function request at 0x7f466317b040>
  File "/home/chase/.local/lib/python3.8/site-packages/requests/api.py", line 61, in request
    return session.request(method=method, url=url, **kwargs)
           │       │              │           │      └ {'params': None, 'headers': {'Connection': 'keep-alive', 'Cache-Control': 'max-age=0', 'Upgrade-Insecure-Requests': '1', 'Use...
           │       │              │           └ 'http://so.news.cn/qiushi/more?callback=jsonpCallback&page=3&keyword=蓝花楹绽放：春城昆明的“花式浪漫”&searchword=(LinkTitle%3D%E5%AD%9F%E6%9...
           │       │              └ 'get'
           │       └ <function Session.request at 0x7f4663110940>
           └ <requests.sessions.Session object at 0x7f4546e927f0>
  File "/home/chase/.local/lib/python3.8/site-packages/requests/sessions.py", line 542, in request
    resp = self.send(prep, **send_kwargs)
           │    │    │       └ {'timeout': 10, 'allow_redirects': True, 'verify': True, 'proxies': OrderedDict(), 'stream': False, 'cert': None}
           │    │    └ <PreparedRequest [GET]>
           │    └ <function Session.send at 0x7f4663110dc0>
           └ <requests.sessions.Session object at 0x7f4546e927f0>
  File "/home/chase/.local/lib/python3.8/site-packages/requests/sessions.py", line 655, in send
    r = adapter.send(request, **kwargs)
        │       │    │          └ {'timeout': 10, 'verify': True, 'proxies': OrderedDict(), 'stream': False, 'cert': None}
        │       │    └ <PreparedRequest [GET]>
        │       └ <function HTTPAdapter.send at 0x7f4663110280>
        └ <requests.adapters.HTTPAdapter object at 0x7f4351f22370>
  File "/home/chase/.local/lib/python3.8/site-packages/requests/adapters.py", line 529, in send
    raise ReadTimeout(e, request=request)
          │                      └ <PreparedRequest [GET]>
          └ <class 'requests.exceptions.ReadTimeout'>

requests.exceptions.ReadTimeout: HTTPConnectionPool(host='so.news.cn', port=80): Read timed out. (read timeout=10)
2022-05-11 23:59:17.059 | ERROR    | monitor.searchSpiders.qiushi:get_request_from_keyword:36 - E 求是错误HTTPConnectionPool(host='so.news.cn', port=80): Read timed out. (read timeout=10)
Traceback (most recent call last):

  File "/home/chase/.local/lib/python3.8/site-packages/urllib3/connectionpool.py", line 445, in _make_request
    six.raise_from(e, None)
    │   └ <function raise_from at 0x7f4663599160>
    └ <module 'urllib3.packages.six' from '/home/chase/.local/lib/python3.8/site-packages/urllib3/packages/six.py'>
  File "<string>", line 3, in raise_from
  File "/home/chase/.local/lib/python3.8/site-packages/urllib3/connectionpool.py", line 440, in _make_request
    httplib_response = conn.getresponse()
                       │    └ <function HTTPConnection.getresponse at 0x7f4678b7d310>
                       └ <urllib3.connection.HTTPConnection object at 0x7f42e2994130>
  File "/usr/lib/python3.8/http/client.py", line 1348, in getresponse
    response.begin()
    │        └ <function HTTPResponse.begin at 0x7f4678b7b670>
    └ <http.client.HTTPResponse object at 0x7f42cad02a00>
  File "/usr/lib/python3.8/http/client.py", line 316, in begin
    version, status, reason = self._read_status()
                              │    └ <function HTTPResponse._read_status at 0x7f4678b7b5e0>
                              └ <http.client.HTTPResponse object at 0x7f42cad02a00>
  File "/usr/lib/python3.8/http/client.py", line 277, in _read_status
    line = str(self.fp.readline(_MAXLINE + 1), "iso-8859-1")
               │    │           └ 65536
               │    └ None
               └ <http.client.HTTPResponse object at 0x7f42cad02a00>
  File "/usr/lib/python3.8/socket.py", line 669, in readinto
    return self._sock.recv_into(b)
           │    │               └ <memory at 0x7f4265644b80>
           │    └ None
           └ <socket.SocketIO object at 0x7f4482a1c6d0>

socket.timeout: timed out


During handling of the above exception, another exception occurred:


Traceback (most recent call last):

  File "/home/chase/.local/lib/python3.8/site-packages/requests/adapters.py", line 439, in send
    resp = conn.urlopen(
           │    └ <function HTTPConnectionPool.urlopen at 0x7f46632db820>
           └ <urllib3.connectionpool.HTTPConnectionPool object at 0x7f433f771490>
  File "/home/chase/.local/lib/python3.8/site-packages/urllib3/connectionpool.py", line 755, in urlopen
    retries = retries.increment(
              │       └ <function Retry.increment at 0x7f4663323b80>
              └ Retry(total=0, connect=None, read=False, redirect=None, status=None)
  File "/home/chase/.local/lib/python3.8/site-packages/urllib3/util/retry.py", line 532, in increment
    raise six.reraise(type(error), error, _stacktrace)
          │   │            │       │      └ <traceback object at 0x7f42553f1dc0>
          │   │            │       └ ReadTimeoutError("HTTPConnectionPool(host='so.news.cn', port=80): Read timed out. (read timeout=10)")
          │   │            └ ReadTimeoutError("HTTPConnectionPool(host='so.news.cn', port=80): Read timed out. (read timeout=10)")
          │   └ <function reraise at 0x7f46635990d0>
          └ <module 'urllib3.packages.six' from '/home/chase/.local/lib/python3.8/site-packages/urllib3/packages/six.py'>
  File "/home/chase/.local/lib/python3.8/site-packages/urllib3/packages/six.py", line 770, in reraise
    raise value
          └ None
  File "/home/chase/.local/lib/python3.8/site-packages/urllib3/connectionpool.py", line 699, in urlopen
    httplib_response = self._make_request(
                       │    └ <function HTTPConnectionPool._make_request at 0x7f46632db5e0>
                       └ <urllib3.connectionpool.HTTPConnectionPool object at 0x7f433f771490>
  File "/home/chase/.local/lib/python3.8/site-packages/urllib3/connectionpool.py", line 447, in _make_request
    self._raise_timeout(err=e, url=url, timeout_value=read_timeout)
    │    │                         │                  └ 10
    │    │                         └ '/qiushi/more?callback=jsonpCallback&page=196&keyword=%E6%96%B0%E8%81%8C%E4%B8%9A%E8%81%8C%E7%A7%B0%E8%AF%84%E5%AE%A1%E5%8A%A...
    │    └ <function HTTPConnectionPool._raise_timeout at 0x7f46632db550>
    └ <urllib3.connectionpool.HTTPConnectionPool object at 0x7f433f771490>
  File "/home/chase/.local/lib/python3.8/site-packages/urllib3/connectionpool.py", line 336, in _raise_timeout
    raise ReadTimeoutError(
          └ <class 'urllib3.exceptions.ReadTimeoutError'>

urllib3.exceptions.ReadTimeoutError: HTTPConnectionPool(host='so.news.cn', port=80): Read timed out. (read timeout=10)


During handling of the above exception, another exception occurred:


Traceback (most recent call last):

  File "/usr/lib/python3.8/threading.py", line 890, in _bootstrap
    self._bootstrap_inner()
    │    └ <function Thread._bootstrap_inner at 0x7f4689341a60>
    └ <Thread(Thread-573, started daemon 139928596260608)>
  File "/usr/lib/python3.8/threading.py", line 932, in _bootstrap_inner
    self.run()
    │    └ <function Thread.run at 0x7f4689341790>
    └ <Thread(Thread-573, started daemon 139928596260608)>
  File "/usr/lib/python3.8/threading.py", line 870, in run
    self._target(*self._args, **self._kwargs)
    │    │        │    │        │    └ {}
    │    │        │    │        └ <Thread(Thread-573, started daemon 139928596260608)>
    │    │        │    └ ('ProjectManager.run_func_by_thread',)
    │    │        └ <Thread(Thread-573, started daemon 139928596260608)>
    │    └ <bound method ProjectManager.get_request_from_keywords_hot of <monitor.projectManager.ProjectManager object at 0x7f457182e160>>
    └ <Thread(Thread-573, started daemon 139928596260608)>

  File "/home/users/Scy/yuqing/spider/monitor/projectManager.py", line 795, in get_request_from_keywords_hot
    self.search_spider_manager.crawl_by_keyword(
    │    │                     └ <function SearchSpidersManager.crawl_by_keyword at 0x7f4571832040>
    │    └ <monitor.spiderManager.SearchSpidersManager object at 0x7f4571441610>
    └ <monitor.projectManager.ProjectManager object at 0x7f457182e160>

  File "/home/users/Scy/yuqing/spider/monitor/spiderManager.py", line 118, in crawl_by_keyword
    self.crawl_by_keyword_signal_platform(project_names, platform, keyword, crawl_time, project_times)
    │    │                                │              │         │        │           └ {'default': <monitor.TimeSection object at 0x7f4571558ac0>}
    │    │                                │              │         │        └ <monitor.TimeSection object at 0x7f4545011be0>
    │    │                                │              │         └ '新职业职称评审助推新产业和人才发展'
    │    │                                │              └ '求是'
    │    │                                └ ['default']
    │    └ <function SearchSpidersManager.crawl_by_keyword_signal_platform at 0x7f45718320d0>
    └ <monitor.spiderManager.SearchSpidersManager object at 0x7f4571441610>

  File "/home/users/Scy/yuqing/spider/monitor/spiderManager.py", line 134, in crawl_by_keyword_signal_platform
    requests = self.get_request_from_keyword(platform, keyword, **crawl_time.to_dict())
               │    │                        │         │          │          └ <function TimeSection.to_dict at 0x7f46697d5550>
               │    │                        │         │          └ <monitor.TimeSection object at 0x7f4545011be0>
               │    │                        │         └ '新职业职称评审助推新产业和人才发展'
               │    │                        └ '求是'
               │    └ <function SearchSpidersManager.get_request_from_keyword at 0x7f45718321f0>
               └ <monitor.spiderManager.SearchSpidersManager object at 0x7f4571441610>

  File "/home/users/Scy/yuqing/spider/monitor/spiderManager.py", line 191, in get_request_from_keyword
    for request in self.spiders[platform].get_request_from_keyword(headers, search_url, keyword, content_url,
        │          │    │       │                                  │        │           │        └ <string.Template object at 0x7f444803d160>
        │          │    │       │                                  │        │           └ '新职业职称评审助推新产业和人才发展'
        │          │    │       │                                  │        └ <string.Template object at 0x7f428f3ad1c0>
        │          │    │       │                                  └ {'Connection': 'keep-alive', 'Cache-Control': 'max-age=0', 'Upgrade-Insecure-Requests': '1', 'User-Agent': 'Mozilla/5.0 (Wind...
        │          │    │       └ '求是'
        │          │    └ {'凤凰网': <monitor.searchSpiders.ifeng.Ifeng object at 0x7f4571441d60>, '头条': <monitor.searchSpiders.toutiao.Toutiao object at ...
        │          └ <monitor.spiderManager.SearchSpidersManager object at 0x7f4571441610>
        └ <GET http://www.qstheory.cn/qshyjx/2021-02/08/c_1127078907.htm>

> File "/home/users/Scy/yuqing/spider/monitor/searchSpiders/qiushi.py", line 27, in get_request_from_keyword
    json_response = json.loads(response.text[14:-2])
                    │    │     │        └ <property object at 0x7f4663177db0>
                    │    │     └ <Response [200]>
                    │    └ <function loads at 0x7f468920ef70>
                    └ <module 'json' from '/usr/lib/python3.8/json/__init__.py'>

  File "/home/chase/.local/lib/python3.8/site-packages/requests/api.py", line 75, in get
    return request('get', url, params=params, **kwargs)
           │              │           │         └ {'headers': {'Connection': 'keep-alive', 'Cache-Control': 'max-age=0', 'Upgrade-Insecure-Requests': '1', 'User-Agent': 'Mozil...
           │              │           └ None
           │              └ 'http://so.news.cn/qiushi/more?callback=jsonpCallback&page=196&keyword=新职业职称评审助推新产业和人才发展&searchword=(LinkTitle%3D%E5%AD%9F%E6...
           └ <function request at 0x7f466317b040>
  File "/home/chase/.local/lib/python3.8/site-packages/requests/api.py", line 61, in request
    return session.request(method=method, url=url, **kwargs)
           │       │              │           │      └ {'params': None, 'headers': {'Connection': 'keep-alive', 'Cache-Control': 'max-age=0', 'Upgrade-Insecure-Requests': '1', 'Use...
           │       │              │           └ 'http://so.news.cn/qiushi/more?callback=jsonpCallback&page=196&keyword=新职业职称评审助推新产业和人才发展&searchword=(LinkTitle%3D%E5%AD%9F%E6...
           │       │              └ 'get'
           │       └ <function Session.request at 0x7f4663110940>
           └ <requests.sessions.Session object at 0x7f42d932d8e0>
  File "/home/chase/.local/lib/python3.8/site-packages/requests/sessions.py", line 542, in request
    resp = self.send(prep, **send_kwargs)
           │    │    │       └ {'timeout': 10, 'allow_redirects': True, 'verify': True, 'proxies': OrderedDict(), 'stream': False, 'cert': None}
           │    │    └ <PreparedRequest [GET]>
           │    └ <function Session.send at 0x7f4663110dc0>
           └ <requests.sessions.Session object at 0x7f42d932d8e0>
  File "/home/chase/.local/lib/python3.8/site-packages/requests/sessions.py", line 655, in send
    r = adapter.send(request, **kwargs)
        │       │    │          └ {'timeout': 10, 'verify': True, 'proxies': OrderedDict(), 'stream': False, 'cert': None}
        │       │    └ <PreparedRequest [GET]>
        │       └ <function HTTPAdapter.send at 0x7f4663110280>
        └ <requests.adapters.HTTPAdapter object at 0x7f4397ef9730>
  File "/home/chase/.local/lib/python3.8/site-packages/requests/adapters.py", line 529, in send
    raise ReadTimeout(e, request=request)
          │                      └ <PreparedRequest [GET]>
          └ <class 'requests.exceptions.ReadTimeout'>

requests.exceptions.ReadTimeout: HTTPConnectionPool(host='so.news.cn', port=80): Read timed out. (read timeout=10)
2022-05-11 23:59:17.128 | ERROR    | monitor.searchSpiders.qiushi:get_request_from_keyword:36 - E 求是错误HTTPConnectionPool(host='so.news.cn', port=80): Read timed out. (read timeout=10)
Traceback (most recent call last):

  File "/home/chase/.local/lib/python3.8/site-packages/urllib3/connectionpool.py", line 445, in _make_request
    six.raise_from(e, None)
    │   └ <function raise_from at 0x7f4663599160>
    └ <module 'urllib3.packages.six' from '/home/chase/.local/lib/python3.8/site-packages/urllib3/packages/six.py'>
  File "<string>", line 3, in raise_from
  File "/home/chase/.local/lib/python3.8/site-packages/urllib3/connectionpool.py", line 440, in _make_request
    httplib_response = conn.getresponse()
                       │    └ <function HTTPConnection.getresponse at 0x7f4678b7d310>
                       └ <urllib3.connection.HTTPConnection object at 0x7f4376a03a30>
  File "/usr/lib/python3.8/http/client.py", line 1348, in getresponse
    response.begin()
    │        └ <function HTTPResponse.begin at 0x7f4678b7b670>
    └ <http.client.HTTPResponse object at 0x7f434e2e4940>
  File "/usr/lib/python3.8/http/client.py", line 316, in begin
    version, status, reason = self._read_status()
                              │    └ <function HTTPResponse._read_status at 0x7f4678b7b5e0>
                              └ <http.client.HTTPResponse object at 0x7f434e2e4940>
  File "/usr/lib/python3.8/http/client.py", line 277, in _read_status
    line = str(self.fp.readline(_MAXLINE + 1), "iso-8859-1")
               │    │           └ 65536
               │    └ None
               └ <http.client.HTTPResponse object at 0x7f434e2e4940>
  File "/usr/lib/python3.8/socket.py", line 669, in readinto
    return self._sock.recv_into(b)
           │    │               └ <memory at 0x7f426f1dc100>
           │    └ None
           └ <socket.SocketIO object at 0x7f4266564970>

socket.timeout: timed out


During handling of the above exception, another exception occurred:


Traceback (most recent call last):

  File "/home/chase/.local/lib/python3.8/site-packages/requests/adapters.py", line 439, in send
    resp = conn.urlopen(
           │    └ <function HTTPConnectionPool.urlopen at 0x7f46632db820>
           └ <urllib3.connectionpool.HTTPConnectionPool object at 0x7f42c9dc7dc0>
  File "/home/chase/.local/lib/python3.8/site-packages/urllib3/connectionpool.py", line 755, in urlopen
    retries = retries.increment(
              │       └ <function Retry.increment at 0x7f4663323b80>
              └ Retry(total=0, connect=None, read=False, redirect=None, status=None)
  File "/home/chase/.local/lib/python3.8/site-packages/urllib3/util/retry.py", line 532, in increment
    raise six.reraise(type(error), error, _stacktrace)
          │   │            │       │      └ <traceback object at 0x7f454436a340>
          │   │            │       └ ReadTimeoutError("HTTPConnectionPool(host='so.news.cn', port=80): Read timed out. (read timeout=10)")
          │   │            └ ReadTimeoutError("HTTPConnectionPool(host='so.news.cn', port=80): Read timed out. (read timeout=10)")
          │   └ <function reraise at 0x7f46635990d0>
          └ <module 'urllib3.packages.six' from '/home/chase/.local/lib/python3.8/site-packages/urllib3/packages/six.py'>
  File "/home/chase/.local/lib/python3.8/site-packages/urllib3/packages/six.py", line 770, in reraise
    raise value
          └ None
  File "/home/chase/.local/lib/python3.8/site-packages/urllib3/connectionpool.py", line 699, in urlopen
    httplib_response = self._make_request(
                       │    └ <function HTTPConnectionPool._make_request at 0x7f46632db5e0>
                       └ <urllib3.connectionpool.HTTPConnectionPool object at 0x7f42c9dc7dc0>
  File "/home/chase/.local/lib/python3.8/site-packages/urllib3/connectionpool.py", line 447, in _make_request
    self._raise_timeout(err=e, url=url, timeout_value=read_timeout)
    │    │                         │                  └ 10
    │    │                         └ '/qiushi/more?callback=jsonpCallback&page=83&keyword=%E4%B9%A0%E8%BF%91%E5%B9%B3%E4%B8%BB%E5%B8%AD%E7%89%B9%E5%88%AB%E4%BB%A3...
    │    └ <function HTTPConnectionPool._raise_timeout at 0x7f46632db550>
    └ <urllib3.connectionpool.HTTPConnectionPool object at 0x7f42c9dc7dc0>
  File "/home/chase/.local/lib/python3.8/site-packages/urllib3/connectionpool.py", line 336, in _raise_timeout
    raise ReadTimeoutError(
          └ <class 'urllib3.exceptions.ReadTimeoutError'>

urllib3.exceptions.ReadTimeoutError: HTTPConnectionPool(host='so.news.cn', port=80): Read timed out. (read timeout=10)


During handling of the above exception, another exception occurred:


Traceback (most recent call last):

  File "/usr/lib/python3.8/threading.py", line 890, in _bootstrap
    self._bootstrap_inner()
    │    └ <function Thread._bootstrap_inner at 0x7f4689341a60>
    └ <Thread(Thread-4901, started daemon 139927110682368)>
  File "/usr/lib/python3.8/threading.py", line 932, in _bootstrap_inner
    self.run()
    │    └ <function Thread.run at 0x7f4689341790>
    └ <Thread(Thread-4901, started daemon 139927110682368)>
  File "/usr/lib/python3.8/threading.py", line 870, in run
    self._target(*self._args, **self._kwargs)
    │    │        │    │        │    └ {}
    │    │        │    │        └ <Thread(Thread-4901, started daemon 139927110682368)>
    │    │        │    └ ('ProjectManager.run_func_by_thread',)
    │    │        └ <Thread(Thread-4901, started daemon 139927110682368)>
    │    └ <bound method ProjectManager.get_request_from_keywords_hot of <monitor.projectManager.ProjectManager object at 0x7f457182e160>>
    └ <Thread(Thread-4901, started daemon 139927110682368)>

  File "/home/users/Scy/yuqing/spider/monitor/projectManager.py", line 795, in get_request_from_keywords_hot
    self.search_spider_manager.crawl_by_keyword(
    │    │                     └ <function SearchSpidersManager.crawl_by_keyword at 0x7f4571832040>
    │    └ <monitor.spiderManager.SearchSpidersManager object at 0x7f4571441610>
    └ <monitor.projectManager.ProjectManager object at 0x7f457182e160>

  File "/home/users/Scy/yuqing/spider/monitor/spiderManager.py", line 118, in crawl_by_keyword
    self.crawl_by_keyword_signal_platform(project_names, platform, keyword, crawl_time, project_times)
    │    │                                │              │         │        │           └ {'default': <monitor.TimeSection object at 0x7f4571558ac0>}
    │    │                                │              │         │        └ <monitor.TimeSection object at 0x7f4364367280>
    │    │                                │              │         └ '习近平主席特别代表、国家副主席王岐山将出席韩国总统就职…'
    │    │                                │              └ '求是'
    │    │                                └ ['default']
    │    └ <function SearchSpidersManager.crawl_by_keyword_signal_platform at 0x7f45718320d0>
    └ <monitor.spiderManager.SearchSpidersManager object at 0x7f4571441610>

  File "/home/users/Scy/yuqing/spider/monitor/spiderManager.py", line 134, in crawl_by_keyword_signal_platform
    requests = self.get_request_from_keyword(platform, keyword, **crawl_time.to_dict())
               │    │                        │         │          │          └ <function TimeSection.to_dict at 0x7f46697d5550>
               │    │                        │         │          └ <monitor.TimeSection object at 0x7f4364367280>
               │    │                        │         └ '习近平主席特别代表、国家副主席王岐山将出席韩国总统就职…'
               │    │                        └ '求是'
               │    └ <function SearchSpidersManager.get_request_from_keyword at 0x7f45718321f0>
               └ <monitor.spiderManager.SearchSpidersManager object at 0x7f4571441610>

  File "/home/users/Scy/yuqing/spider/monitor/spiderManager.py", line 191, in get_request_from_keyword
    for request in self.spiders[platform].get_request_from_keyword(headers, search_url, keyword, content_url,
        │          │    │       │                                  │        │           │        └ <string.Template object at 0x7f42e6d0ec40>
        │          │    │       │                                  │        │           └ '习近平主席特别代表、国家副主席王岐山将出席韩国总统就职…'
        │          │    │       │                                  │        └ <string.Template object at 0x7f42a6bedc70>
        │          │    │       │                                  └ {'Connection': 'keep-alive', 'Cache-Control': 'max-age=0', 'Upgrade-Insecure-Requests': '1', 'User-Agent': 'Mozilla/5.0 (Wind...
        │          │    │       └ '求是'
        │          │    └ {'凤凰网': <monitor.searchSpiders.ifeng.Ifeng object at 0x7f4571441d60>, '头条': <monitor.searchSpiders.toutiao.Toutiao object at ...
        │          └ <monitor.spiderManager.SearchSpidersManager object at 0x7f4571441610>
        └ <GET http://www.qstheory.cn/qshyjx/2021-03/09/c_1127189096.htm>

> File "/home/users/Scy/yuqing/spider/monitor/searchSpiders/qiushi.py", line 27, in get_request_from_keyword
    json_response = json.loads(response.text[14:-2])
                    │    │     │        └ <property object at 0x7f4663177db0>
                    │    │     └ <Response [200]>
                    │    └ <function loads at 0x7f468920ef70>
                    └ <module 'json' from '/usr/lib/python3.8/json/__init__.py'>

  File "/home/chase/.local/lib/python3.8/site-packages/requests/api.py", line 75, in get
    return request('get', url, params=params, **kwargs)
           │              │           │         └ {'headers': {'Connection': 'keep-alive', 'Cache-Control': 'max-age=0', 'Upgrade-Insecure-Requests': '1', 'User-Agent': 'Mozil...
           │              │           └ None
           │              └ 'http://so.news.cn/qiushi/more?callback=jsonpCallback&page=83&keyword=习近平主席特别代表、国家副主席王岐山将出席韩国总统就职…&searchword=(LinkTitle%3D%E...
           └ <function request at 0x7f466317b040>
  File "/home/chase/.local/lib/python3.8/site-packages/requests/api.py", line 61, in request
    return session.request(method=method, url=url, **kwargs)
           │       │              │           │      └ {'params': None, 'headers': {'Connection': 'keep-alive', 'Cache-Control': 'max-age=0', 'Upgrade-Insecure-Requests': '1', 'Use...
           │       │              │           └ 'http://so.news.cn/qiushi/more?callback=jsonpCallback&page=83&keyword=习近平主席特别代表、国家副主席王岐山将出席韩国总统就职…&searchword=(LinkTitle%3D%E...
           │       │              └ 'get'
           │       └ <function Session.request at 0x7f4663110940>
           └ <requests.sessions.Session object at 0x7f44d1979370>
  File "/home/chase/.local/lib/python3.8/site-packages/requests/sessions.py", line 542, in request
    resp = self.send(prep, **send_kwargs)
           │    │    │       └ {'timeout': 10, 'allow_redirects': True, 'verify': True, 'proxies': OrderedDict(), 'stream': False, 'cert': None}
           │    │    └ <PreparedRequest [GET]>
           │    └ <function Session.send at 0x7f4663110dc0>
           └ <requests.sessions.Session object at 0x7f44d1979370>
  File "/home/chase/.local/lib/python3.8/site-packages/requests/sessions.py", line 655, in send
    r = adapter.send(request, **kwargs)
        │       │    │          └ {'timeout': 10, 'verify': True, 'proxies': OrderedDict(), 'stream': False, 'cert': None}
        │       │    └ <PreparedRequest [GET]>
        │       └ <function HTTPAdapter.send at 0x7f4663110280>
        └ <requests.adapters.HTTPAdapter object at 0x7f43dd127a30>
  File "/home/chase/.local/lib/python3.8/site-packages/requests/adapters.py", line 529, in send
    raise ReadTimeout(e, request=request)
          │                      └ <PreparedRequest [GET]>
          └ <class 'requests.exceptions.ReadTimeout'>

requests.exceptions.ReadTimeout: HTTPConnectionPool(host='so.news.cn', port=80): Read timed out. (read timeout=10)
2022-05-11 23:59:17.159 | ERROR    | monitor.searchSpiders.qiushi:get_request_from_keyword:36 - E 求是错误HTTPConnectionPool(host='so.news.cn', port=80): Read timed out. (read timeout=10)
Traceback (most recent call last):

  File "/home/chase/.local/lib/python3.8/site-packages/urllib3/connectionpool.py", line 445, in _make_request
    six.raise_from(e, None)
    │   └ <function raise_from at 0x7f4663599160>
    └ <module 'urllib3.packages.six' from '/home/chase/.local/lib/python3.8/site-packages/urllib3/packages/six.py'>
  File "<string>", line 3, in raise_from
  File "/home/chase/.local/lib/python3.8/site-packages/urllib3/connectionpool.py", line 440, in _make_request
    httplib_response = conn.getresponse()
                       │    └ <function HTTPConnection.getresponse at 0x7f4678b7d310>
                       └ <urllib3.connection.HTTPConnection object at 0x7f4529b94d00>
  File "/usr/lib/python3.8/http/client.py", line 1348, in getresponse
    response.begin()
    │        └ <function HTTPResponse.begin at 0x7f4678b7b670>
    └ <http.client.HTTPResponse object at 0x7f4397956040>
  File "/usr/lib/python3.8/http/client.py", line 316, in begin
    version, status, reason = self._read_status()
                              │    └ <function HTTPResponse._read_status at 0x7f4678b7b5e0>
                              └ <http.client.HTTPResponse object at 0x7f4397956040>
  File "/usr/lib/python3.8/http/client.py", line 277, in _read_status
    line = str(self.fp.readline(_MAXLINE + 1), "iso-8859-1")
               │    │           └ 65536
               │    └ None
               └ <http.client.HTTPResponse object at 0x7f4397956040>
  File "/usr/lib/python3.8/socket.py", line 669, in readinto
    return self._sock.recv_into(b)
           │    │               └ <memory at 0x7f426f1dc580>
           │    └ None
           └ <socket.SocketIO object at 0x7f437f2895e0>

socket.timeout: timed out


During handling of the above exception, another exception occurred:


Traceback (most recent call last):

  File "/home/chase/.local/lib/python3.8/site-packages/requests/adapters.py", line 439, in send
    resp = conn.urlopen(
           │    └ <function HTTPConnectionPool.urlopen at 0x7f46632db820>
           └ <urllib3.connectionpool.HTTPConnectionPool object at 0x7f426fdec7c0>
  File "/home/chase/.local/lib/python3.8/site-packages/urllib3/connectionpool.py", line 755, in urlopen
    retries = retries.increment(
              │       └ <function Retry.increment at 0x7f4663323b80>
              └ Retry(total=0, connect=None, read=False, redirect=None, status=None)
  File "/home/chase/.local/lib/python3.8/site-packages/urllib3/util/retry.py", line 532, in increment
    raise six.reraise(type(error), error, _stacktrace)
          │   │            │       │      └ <traceback object at 0x7f4263576280>
          │   │            │       └ ReadTimeoutError("HTTPConnectionPool(host='so.news.cn', port=80): Read timed out. (read timeout=10)")
          │   │            └ ReadTimeoutError("HTTPConnectionPool(host='so.news.cn', port=80): Read timed out. (read timeout=10)")
          │   └ <function reraise at 0x7f46635990d0>
          └ <module 'urllib3.packages.six' from '/home/chase/.local/lib/python3.8/site-packages/urllib3/packages/six.py'>
  File "/home/chase/.local/lib/python3.8/site-packages/urllib3/packages/six.py", line 770, in reraise
    raise value
          └ None
  File "/home/chase/.local/lib/python3.8/site-packages/urllib3/connectionpool.py", line 699, in urlopen
    httplib_response = self._make_request(
                       │    └ <function HTTPConnectionPool._make_request at 0x7f46632db5e0>
                       └ <urllib3.connectionpool.HTTPConnectionPool object at 0x7f426fdec7c0>
  File "/home/chase/.local/lib/python3.8/site-packages/urllib3/connectionpool.py", line 447, in _make_request
    self._raise_timeout(err=e, url=url, timeout_value=read_timeout)
    │    │                         │                  └ 10
    │    │                         └ '/qiushi/more?callback=jsonpCallback&page=18&keyword=%E4%B9%A0%E8%BF%91%E5%B9%B3%E4%B8%BB%E5%B8%AD%E7%89%B9%E5%88%AB%E4%BB%A3...
    │    └ <function HTTPConnectionPool._raise_timeout at 0x7f46632db550>
    └ <urllib3.connectionpool.HTTPConnectionPool object at 0x7f426fdec7c0>
  File "/home/chase/.local/lib/python3.8/site-packages/urllib3/connectionpool.py", line 336, in _raise_timeout
    raise ReadTimeoutError(
          └ <class 'urllib3.exceptions.ReadTimeoutError'>

urllib3.exceptions.ReadTimeoutError: HTTPConnectionPool(host='so.news.cn', port=80): Read timed out. (read timeout=10)


During handling of the above exception, another exception occurred:


Traceback (most recent call last):

  File "/usr/lib/python3.8/threading.py", line 890, in _bootstrap
    self._bootstrap_inner()
    │    └ <function Thread._bootstrap_inner at 0x7f4689341a60>
    └ <Thread(Thread-5291, started daemon 139928458589952)>
  File "/usr/lib/python3.8/threading.py", line 932, in _bootstrap_inner
    self.run()
    │    └ <function Thread.run at 0x7f4689341790>
    └ <Thread(Thread-5291, started daemon 139928458589952)>
  File "/usr/lib/python3.8/threading.py", line 870, in run
    self._target(*self._args, **self._kwargs)
    │    │        │    │        │    └ {}
    │    │        │    │        └ <Thread(Thread-5291, started daemon 139928458589952)>
    │    │        │    └ ('ProjectManager.run_func_by_thread',)
    │    │        └ <Thread(Thread-5291, started daemon 139928458589952)>
    │    └ <bound method ProjectManager.get_request_from_keywords_hot of <monitor.projectManager.ProjectManager object at 0x7f457182e160>>
    └ <Thread(Thread-5291, started daemon 139928458589952)>

  File "/home/users/Scy/yuqing/spider/monitor/projectManager.py", line 795, in get_request_from_keywords_hot
    self.search_spider_manager.crawl_by_keyword(
    │    │                     └ <function SearchSpidersManager.crawl_by_keyword at 0x7f4571832040>
    │    └ <monitor.spiderManager.SearchSpidersManager object at 0x7f4571441610>
    └ <monitor.projectManager.ProjectManager object at 0x7f457182e160>

  File "/home/users/Scy/yuqing/spider/monitor/spiderManager.py", line 118, in crawl_by_keyword
    self.crawl_by_keyword_signal_platform(project_names, platform, keyword, crawl_time, project_times)
    │    │                                │              │         │        │           └ {'default': <monitor.TimeSection object at 0x7f4571558ac0>}
    │    │                                │              │         │        └ <monitor.TimeSection object at 0x7f435a364970>
    │    │                                │              │         └ '习近平主席特别代表、国家副主席王岐山将出席韩国总统就职…'
    │    │                                │              └ '求是'
    │    │                                └ ['default']
    │    └ <function SearchSpidersManager.crawl_by_keyword_signal_platform at 0x7f45718320d0>
    └ <monitor.spiderManager.SearchSpidersManager object at 0x7f4571441610>

  File "/home/users/Scy/yuqing/spider/monitor/spiderManager.py", line 134, in crawl_by_keyword_signal_platform
    requests = self.get_request_from_keyword(platform, keyword, **crawl_time.to_dict())
               │    │                        │         │          │          └ <function TimeSection.to_dict at 0x7f46697d5550>
               │    │                        │         │          └ <monitor.TimeSection object at 0x7f435a364970>
               │    │                        │         └ '习近平主席特别代表、国家副主席王岐山将出席韩国总统就职…'
               │    │                        └ '求是'
               │    └ <function SearchSpidersManager.get_request_from_keyword at 0x7f45718321f0>
               └ <monitor.spiderManager.SearchSpidersManager object at 0x7f4571441610>

  File "/home/users/Scy/yuqing/spider/monitor/spiderManager.py", line 191, in get_request_from_keyword
    for request in self.spiders[platform].get_request_from_keyword(headers, search_url, keyword, content_url,
        │          │    │       │                                  │        │           │        └ <string.Template object at 0x7f4448064b80>
        │          │    │       │                                  │        │           └ '习近平主席特别代表、国家副主席王岐山将出席韩国总统就职…'
        │          │    │       │                                  │        └ <string.Template object at 0x7f42b971efd0>
        │          │    │       │                                  └ {'Connection': 'keep-alive', 'Cache-Control': 'max-age=0', 'Upgrade-Insecure-Requests': '1', 'User-Agent': 'Mozilla/5.0 (Wind...
        │          │    │       └ '求是'
        │          │    └ {'凤凰网': <monitor.searchSpiders.ifeng.Ifeng object at 0x7f4571441d60>, '头条': <monitor.searchSpiders.toutiao.Toutiao object at ...
        │          └ <monitor.spiderManager.SearchSpidersManager object at 0x7f4571441610>
        └ <GET http://www.qstheory.cn/yaowen/2021-08/30/c_1127809082.htm>

> File "/home/users/Scy/yuqing/spider/monitor/searchSpiders/qiushi.py", line 27, in get_request_from_keyword
    json_response = json.loads(response.text[14:-2])
                    │    │     │        └ <property object at 0x7f4663177db0>
                    │    │     └ <Response [200]>
                    │    └ <function loads at 0x7f468920ef70>
                    └ <module 'json' from '/usr/lib/python3.8/json/__init__.py'>

  File "/home/chase/.local/lib/python3.8/site-packages/requests/api.py", line 75, in get
    return request('get', url, params=params, **kwargs)
           │              │           │         └ {'headers': {'Connection': 'keep-alive', 'Cache-Control': 'max-age=0', 'Upgrade-Insecure-Requests': '1', 'User-Agent': 'Mozil...
           │              │           └ None
           │              └ 'http://so.news.cn/qiushi/more?callback=jsonpCallback&page=18&keyword=习近平主席特别代表、国家副主席王岐山将出席韩国总统就职…&searchword=(LinkTitle%3D%E...
           └ <function request at 0x7f466317b040>
  File "/home/chase/.local/lib/python3.8/site-packages/requests/api.py", line 61, in request
    return session.request(method=method, url=url, **kwargs)
           │       │              │           │      └ {'params': None, 'headers': {'Connection': 'keep-alive', 'Cache-Control': 'max-age=0', 'Upgrade-Insecure-Requests': '1', 'Use...
           │       │              │           └ 'http://so.news.cn/qiushi/more?callback=jsonpCallback&page=18&keyword=习近平主席特别代表、国家副主席王岐山将出席韩国总统就职…&searchword=(LinkTitle%3D%E...
           │       │              └ 'get'
           │       └ <function Session.request at 0x7f4663110940>
           └ <requests.sessions.Session object at 0x7f4341f49850>
  File "/home/chase/.local/lib/python3.8/site-packages/requests/sessions.py", line 542, in request
    resp = self.send(prep, **send_kwargs)
           │    │    │       └ {'timeout': 10, 'allow_redirects': True, 'verify': True, 'proxies': OrderedDict(), 'stream': False, 'cert': None}
           │    │    └ <PreparedRequest [GET]>
           │    └ <function Session.send at 0x7f4663110dc0>
           └ <requests.sessions.Session object at 0x7f4341f49850>
  File "/home/chase/.local/lib/python3.8/site-packages/requests/sessions.py", line 655, in send
    r = adapter.send(request, **kwargs)
        │       │    │          └ {'timeout': 10, 'verify': True, 'proxies': OrderedDict(), 'stream': False, 'cert': None}
        │       │    └ <PreparedRequest [GET]>
        │       └ <function HTTPAdapter.send at 0x7f4663110280>
        └ <requests.adapters.HTTPAdapter object at 0x7f4342f61a60>
  File "/home/chase/.local/lib/python3.8/site-packages/requests/adapters.py", line 529, in send
    raise ReadTimeout(e, request=request)
          │                      └ <PreparedRequest [GET]>
          └ <class 'requests.exceptions.ReadTimeout'>

requests.exceptions.ReadTimeout: HTTPConnectionPool(host='so.news.cn', port=80): Read timed out. (read timeout=10)
2022-05-11 23:59:17.198 | ERROR    | monitor.searchSpiders.qiushi:get_request_from_keyword:36 - E 求是错误HTTPConnectionPool(host='so.news.cn', port=80): Read timed out. (read timeout=10)
Traceback (most recent call last):

  File "/home/chase/.local/lib/python3.8/site-packages/urllib3/connectionpool.py", line 445, in _make_request
    six.raise_from(e, None)
    │   └ <function raise_from at 0x7f4663599160>
    └ <module 'urllib3.packages.six' from '/home/chase/.local/lib/python3.8/site-packages/urllib3/packages/six.py'>
  File "<string>", line 3, in raise_from
  File "/home/chase/.local/lib/python3.8/site-packages/urllib3/connectionpool.py", line 440, in _make_request
    httplib_response = conn.getresponse()
                       │    └ <function HTTPConnection.getresponse at 0x7f4678b7d310>
                       └ <urllib3.connection.HTTPConnection object at 0x7f42bdf014c0>
  File "/usr/lib/python3.8/http/client.py", line 1348, in getresponse
    response.begin()
    │        └ <function HTTPResponse.begin at 0x7f4678b7b670>
    └ <http.client.HTTPResponse object at 0x7f43b38ed130>
  File "/usr/lib/python3.8/http/client.py", line 316, in begin
    version, status, reason = self._read_status()
                              │    └ <function HTTPResponse._read_status at 0x7f4678b7b5e0>
                              └ <http.client.HTTPResponse object at 0x7f43b38ed130>
  File "/usr/lib/python3.8/http/client.py", line 277, in _read_status
    line = str(self.fp.readline(_MAXLINE + 1), "iso-8859-1")
               │    │           └ 65536
               │    └ None
               └ <http.client.HTTPResponse object at 0x7f43b38ed130>
  File "/usr/lib/python3.8/socket.py", line 669, in readinto
    return self._sock.recv_into(b)
           │    │               └ <memory at 0x7f427ec3a640>
           │    └ None
           └ <socket.SocketIO object at 0x7f43b38edfd0>

socket.timeout: timed out


During handling of the above exception, another exception occurred:


Traceback (most recent call last):

  File "/home/chase/.local/lib/python3.8/site-packages/requests/adapters.py", line 439, in send
    resp = conn.urlopen(
           │    └ <function HTTPConnectionPool.urlopen at 0x7f46632db820>
           └ <urllib3.connectionpool.HTTPConnectionPool object at 0x7f437f289550>
  File "/home/chase/.local/lib/python3.8/site-packages/urllib3/connectionpool.py", line 755, in urlopen
    retries = retries.increment(
              │       └ <function Retry.increment at 0x7f4663323b80>
              └ Retry(total=0, connect=None, read=False, redirect=None, status=None)
  File "/home/chase/.local/lib/python3.8/site-packages/urllib3/util/retry.py", line 532, in increment
    raise six.reraise(type(error), error, _stacktrace)
          │   │            │       │      └ <traceback object at 0x7f438817b1c0>
          │   │            │       └ ReadTimeoutError("HTTPConnectionPool(host='so.news.cn', port=80): Read timed out. (read timeout=10)")
          │   │            └ ReadTimeoutError("HTTPConnectionPool(host='so.news.cn', port=80): Read timed out. (read timeout=10)")
          │   └ <function reraise at 0x7f46635990d0>
          └ <module 'urllib3.packages.six' from '/home/chase/.local/lib/python3.8/site-packages/urllib3/packages/six.py'>
  File "/home/chase/.local/lib/python3.8/site-packages/urllib3/packages/six.py", line 770, in reraise
    raise value
          └ None
  File "/home/chase/.local/lib/python3.8/site-packages/urllib3/connectionpool.py", line 699, in urlopen
    httplib_response = self._make_request(
                       │    └ <function HTTPConnectionPool._make_request at 0x7f46632db5e0>
                       └ <urllib3.connectionpool.HTTPConnectionPool object at 0x7f437f289550>
  File "/home/chase/.local/lib/python3.8/site-packages/urllib3/connectionpool.py", line 447, in _make_request
    self._raise_timeout(err=e, url=url, timeout_value=read_timeout)
    │    │                         │                  └ 10
    │    │                         └ '/qiushi/more?callback=jsonpCallback&page=189&keyword=%E4%B9%A0%E8%BF%91%E5%B9%B3%E4%B8%BB%E5%B8%AD%E7%89%B9%E5%88%AB%E4%BB%A...
    │    └ <function HTTPConnectionPool._raise_timeout at 0x7f46632db550>
    └ <urllib3.connectionpool.HTTPConnectionPool object at 0x7f437f289550>
  File "/home/chase/.local/lib/python3.8/site-packages/urllib3/connectionpool.py", line 336, in _raise_timeout
    raise ReadTimeoutError(
          └ <class 'urllib3.exceptions.ReadTimeoutError'>

urllib3.exceptions.ReadTimeoutError: HTTPConnectionPool(host='so.news.cn', port=80): Read timed out. (read timeout=10)


During handling of the above exception, another exception occurred:


Traceback (most recent call last):

  File "/usr/lib/python3.8/threading.py", line 890, in _bootstrap
    self._bootstrap_inner()
    │    └ <function Thread._bootstrap_inner at 0x7f4689341a60>
    └ <Thread(Thread-4427, started daemon 139926932879104)>
  File "/usr/lib/python3.8/threading.py", line 932, in _bootstrap_inner
    self.run()
    │    └ <function Thread.run at 0x7f4689341790>
    └ <Thread(Thread-4427, started daemon 139926932879104)>
  File "/usr/lib/python3.8/threading.py", line 870, in run
    self._target(*self._args, **self._kwargs)
    │    │        │    │        │    └ {}
    │    │        │    │        └ <Thread(Thread-4427, started daemon 139926932879104)>
    │    │        │    └ ('ProjectManager.run_func_by_thread',)
    │    │        └ <Thread(Thread-4427, started daemon 139926932879104)>
    │    └ <bound method ProjectManager.get_request_from_keywords_hot of <monitor.projectManager.ProjectManager object at 0x7f457182e160>>
    └ <Thread(Thread-4427, started daemon 139926932879104)>

  File "/home/users/Scy/yuqing/spider/monitor/projectManager.py", line 795, in get_request_from_keywords_hot
    self.search_spider_manager.crawl_by_keyword(
    │    │                     └ <function SearchSpidersManager.crawl_by_keyword at 0x7f4571832040>
    │    └ <monitor.spiderManager.SearchSpidersManager object at 0x7f4571441610>
    └ <monitor.projectManager.ProjectManager object at 0x7f457182e160>

  File "/home/users/Scy/yuqing/spider/monitor/spiderManager.py", line 118, in crawl_by_keyword
    self.crawl_by_keyword_signal_platform(project_names, platform, keyword, crawl_time, project_times)
    │    │                                │              │         │        │           └ {'default': <monitor.TimeSection object at 0x7f4571558ac0>}
    │    │                                │              │         │        └ <monitor.TimeSection object at 0x7f43119bf580>
    │    │                                │              │         └ '习近平主席特别代表、国家副主席王岐山将出席韩国总统就职…'
    │    │                                │              └ '求是'
    │    │                                └ ['default']
    │    └ <function SearchSpidersManager.crawl_by_keyword_signal_platform at 0x7f45718320d0>
    └ <monitor.spiderManager.SearchSpidersManager object at 0x7f4571441610>

  File "/home/users/Scy/yuqing/spider/monitor/spiderManager.py", line 134, in crawl_by_keyword_signal_platform
    requests = self.get_request_from_keyword(platform, keyword, **crawl_time.to_dict())
               │    │                        │         │          │          └ <function TimeSection.to_dict at 0x7f46697d5550>
               │    │                        │         │          └ <monitor.TimeSection object at 0x7f43119bf580>
               │    │                        │         └ '习近平主席特别代表、国家副主席王岐山将出席韩国总统就职…'
               │    │                        └ '求是'
               │    └ <function SearchSpidersManager.get_request_from_keyword at 0x7f45718321f0>
               └ <monitor.spiderManager.SearchSpidersManager object at 0x7f4571441610>

  File "/home/users/Scy/yuqing/spider/monitor/spiderManager.py", line 191, in get_request_from_keyword
    for request in self.spiders[platform].get_request_from_keyword(headers, search_url, keyword, content_url,
        │          │    │       │                                  │        │           │        └ <string.Template object at 0x7f42d2feccd0>
        │          │    │       │                                  │        │           └ '习近平主席特别代表、国家副主席王岐山将出席韩国总统就职…'
        │          │    │       │                                  │        └ <string.Template object at 0x7f426dc08a90>
        │          │    │       │                                  └ {'Connection': 'keep-alive', 'Cache-Control': 'max-age=0', 'Upgrade-Insecure-Requests': '1', 'User-Agent': 'Mozilla/5.0 (Wind...
        │          │    │       └ '求是'
        │          │    └ {'凤凰网': <monitor.searchSpiders.ifeng.Ifeng object at 0x7f4571441d60>, '头条': <monitor.searchSpiders.toutiao.Toutiao object at ...
        │          └ <monitor.spiderManager.SearchSpidersManager object at 0x7f4571441610>
        └ <GET http://www.qstheory.cn/qshyjx/2020-10/27/c_1126661595.htm>

> File "/home/users/Scy/yuqing/spider/monitor/searchSpiders/qiushi.py", line 27, in get_request_from_keyword
    json_response = json.loads(response.text[14:-2])
                    │    │     │        └ <property object at 0x7f4663177db0>
                    │    │     └ <Response [200]>
                    │    └ <function loads at 0x7f468920ef70>
                    └ <module 'json' from '/usr/lib/python3.8/json/__init__.py'>

  File "/home/chase/.local/lib/python3.8/site-packages/requests/api.py", line 75, in get
    return request('get', url, params=params, **kwargs)
           │              │           │         └ {'headers': {'Connection': 'keep-alive', 'Cache-Control': 'max-age=0', 'Upgrade-Insecure-Requests': '1', 'User-Agent': 'Mozil...
           │              │           └ None
           │              └ 'http://so.news.cn/qiushi/more?callback=jsonpCallback&page=189&keyword=习近平主席特别代表、国家副主席王岐山将出席韩国总统就职…&searchword=(LinkTitle%3D%...
           └ <function request at 0x7f466317b040>
  File "/home/chase/.local/lib/python3.8/site-packages/requests/api.py", line 61, in request
    return session.request(method=method, url=url, **kwargs)
           │       │              │           │      └ {'params': None, 'headers': {'Connection': 'keep-alive', 'Cache-Control': 'max-age=0', 'Upgrade-Insecure-Requests': '1', 'Use...
           │       │              │           └ 'http://so.news.cn/qiushi/more?callback=jsonpCallback&page=189&keyword=习近平主席特别代表、国家副主席王岐山将出席韩国总统就职…&searchword=(LinkTitle%3D%...
           │       │              └ 'get'
           │       └ <function Session.request at 0x7f4663110940>
           └ <requests.sessions.Session object at 0x7f4261d66bb0>
  File "/home/chase/.local/lib/python3.8/site-packages/requests/sessions.py", line 542, in request
    resp = self.send(prep, **send_kwargs)
           │    │    │       └ {'timeout': 10, 'allow_redirects': True, 'verify': True, 'proxies': OrderedDict(), 'stream': False, 'cert': None}
           │    │    └ <PreparedRequest [GET]>
           │    └ <function Session.send at 0x7f4663110dc0>
           └ <requests.sessions.Session object at 0x7f4261d66bb0>
  File "/home/chase/.local/lib/python3.8/site-packages/requests/sessions.py", line 655, in send
    r = adapter.send(request, **kwargs)
        │       │    │          └ {'timeout': 10, 'verify': True, 'proxies': OrderedDict(), 'stream': False, 'cert': None}
        │       │    └ <PreparedRequest [GET]>
        │       └ <function HTTPAdapter.send at 0x7f4663110280>
        └ <requests.adapters.HTTPAdapter object at 0x7f437e4a81f0>
  File "/home/chase/.local/lib/python3.8/site-packages/requests/adapters.py", line 529, in send
    raise ReadTimeout(e, request=request)
          │                      └ <PreparedRequest [GET]>
          └ <class 'requests.exceptions.ReadTimeout'>

requests.exceptions.ReadTimeout: HTTPConnectionPool(host='so.news.cn', port=80): Read timed out. (read timeout=10)
2022-05-11 23:59:17.254 | ERROR    | monitor.searchSpiders.qiushi:get_request_from_keyword:36 - E 求是错误HTTPConnectionPool(host='so.news.cn', port=80): Read timed out. (read timeout=10)
Traceback (most recent call last):

  File "/home/chase/.local/lib/python3.8/site-packages/urllib3/connectionpool.py", line 445, in _make_request
    six.raise_from(e, None)
    │   └ <function raise_from at 0x7f4663599160>
    └ <module 'urllib3.packages.six' from '/home/chase/.local/lib/python3.8/site-packages/urllib3/packages/six.py'>
  File "<string>", line 3, in raise_from
  File "/home/chase/.local/lib/python3.8/site-packages/urllib3/connectionpool.py", line 440, in _make_request
    httplib_response = conn.getresponse()
                       │    └ <function HTTPConnection.getresponse at 0x7f4678b7d310>
                       └ <urllib3.connection.HTTPConnection object at 0x7f42632a4d60>
  File "/usr/lib/python3.8/http/client.py", line 1348, in getresponse
    response.begin()
    │        └ <function HTTPResponse.begin at 0x7f4678b7b670>
    └ <http.client.HTTPResponse object at 0x7f4281c2a850>
  File "/usr/lib/python3.8/http/client.py", line 316, in begin
    version, status, reason = self._read_status()
                              │    └ <function HTTPResponse._read_status at 0x7f4678b7b5e0>
                              └ <http.client.HTTPResponse object at 0x7f4281c2a850>
  File "/usr/lib/python3.8/http/client.py", line 277, in _read_status
    line = str(self.fp.readline(_MAXLINE + 1), "iso-8859-1")
               │    │           └ 65536
               │    └ None
               └ <http.client.HTTPResponse object at 0x7f4281c2a850>
  File "/usr/lib/python3.8/socket.py", line 669, in readinto
    return self._sock.recv_into(b)
           │    │               └ <memory at 0x7f42608cbc40>
           │    └ None
           └ <socket.SocketIO object at 0x7f42d3eb7fd0>

socket.timeout: timed out


During handling of the above exception, another exception occurred:


Traceback (most recent call last):

  File "/home/chase/.local/lib/python3.8/site-packages/requests/adapters.py", line 439, in send
    resp = conn.urlopen(
           │    └ <function HTTPConnectionPool.urlopen at 0x7f46632db820>
           └ <urllib3.connectionpool.HTTPConnectionPool object at 0x7f456016c5b0>
  File "/home/chase/.local/lib/python3.8/site-packages/urllib3/connectionpool.py", line 755, in urlopen
    retries = retries.increment(
              │       └ <function Retry.increment at 0x7f4663323b80>
              └ Retry(total=0, connect=None, read=False, redirect=None, status=None)
  File "/home/chase/.local/lib/python3.8/site-packages/urllib3/util/retry.py", line 532, in increment
    raise six.reraise(type(error), error, _stacktrace)
          │   │            │       │      └ <traceback object at 0x7f424c958dc0>
          │   │            │       └ ReadTimeoutError("HTTPConnectionPool(host='so.news.cn', port=80): Read timed out. (read timeout=10)")
          │   │            └ ReadTimeoutError("HTTPConnectionPool(host='so.news.cn', port=80): Read timed out. (read timeout=10)")
          │   └ <function reraise at 0x7f46635990d0>
          └ <module 'urllib3.packages.six' from '/home/chase/.local/lib/python3.8/site-packages/urllib3/packages/six.py'>
  File "/home/chase/.local/lib/python3.8/site-packages/urllib3/packages/six.py", line 770, in reraise
    raise value
          └ None
  File "/home/chase/.local/lib/python3.8/site-packages/urllib3/connectionpool.py", line 699, in urlopen
    httplib_response = self._make_request(
                       │    └ <function HTTPConnectionPool._make_request at 0x7f46632db5e0>
                       └ <urllib3.connectionpool.HTTPConnectionPool object at 0x7f456016c5b0>
  File "/home/chase/.local/lib/python3.8/site-packages/urllib3/connectionpool.py", line 447, in _make_request
    self._raise_timeout(err=e, url=url, timeout_value=read_timeout)
    │    │                         │                  └ 10
    │    │                         └ '/qiushi/more?callback=jsonpCallback&page=59&keyword=%E4%B9%A0%E8%BF%91%E5%B9%B3%E4%B8%BB%E5%B8%AD%E7%89%B9%E5%88%AB%E4%BB%A3...
    │    └ <function HTTPConnectionPool._raise_timeout at 0x7f46632db550>
    └ <urllib3.connectionpool.HTTPConnectionPool object at 0x7f456016c5b0>
  File "/home/chase/.local/lib/python3.8/site-packages/urllib3/connectionpool.py", line 336, in _raise_timeout
    raise ReadTimeoutError(
          └ <class 'urllib3.exceptions.ReadTimeoutError'>

urllib3.exceptions.ReadTimeoutError: HTTPConnectionPool(host='so.news.cn', port=80): Read timed out. (read timeout=10)


During handling of the above exception, another exception occurred:


Traceback (most recent call last):

  File "/usr/lib/python3.8/threading.py", line 890, in _bootstrap
    self._bootstrap_inner()
    │    └ <function Thread._bootstrap_inner at 0x7f4689341a60>
    └ <Thread(Thread-5080, started daemon 139927250192128)>
  File "/usr/lib/python3.8/threading.py", line 932, in _bootstrap_inner
    self.run()
    │    └ <function Thread.run at 0x7f4689341790>
    └ <Thread(Thread-5080, started daemon 139927250192128)>
  File "/usr/lib/python3.8/threading.py", line 870, in run
    self._target(*self._args, **self._kwargs)
    │    │        │    │        │    └ {}
    │    │        │    │        └ <Thread(Thread-5080, started daemon 139927250192128)>
    │    │        │    └ ('ProjectManager.run_func_by_thread',)
    │    │        └ <Thread(Thread-5080, started daemon 139927250192128)>
    │    └ <bound method ProjectManager.get_request_from_keywords_hot of <monitor.projectManager.ProjectManager object at 0x7f457182e160>>
    └ <Thread(Thread-5080, started daemon 139927250192128)>

  File "/home/users/Scy/yuqing/spider/monitor/projectManager.py", line 795, in get_request_from_keywords_hot
    self.search_spider_manager.crawl_by_keyword(
    │    │                     └ <function SearchSpidersManager.crawl_by_keyword at 0x7f4571832040>
    │    └ <monitor.spiderManager.SearchSpidersManager object at 0x7f4571441610>
    └ <monitor.projectManager.ProjectManager object at 0x7f457182e160>

  File "/home/users/Scy/yuqing/spider/monitor/spiderManager.py", line 118, in crawl_by_keyword
    self.crawl_by_keyword_signal_platform(project_names, platform, keyword, crawl_time, project_times)
    │    │                                │              │         │        │           └ {'default': <monitor.TimeSection object at 0x7f4571558ac0>}
    │    │                                │              │         │        └ <monitor.TimeSection object at 0x7f4370063730>
    │    │                                │              │         └ '习近平主席特别代表、国家副主席王岐山将出席韩国总统就职…'
    │    │                                │              └ '求是'
    │    │                                └ ['default']
    │    └ <function SearchSpidersManager.crawl_by_keyword_signal_platform at 0x7f45718320d0>
    └ <monitor.spiderManager.SearchSpidersManager object at 0x7f4571441610>

  File "/home/users/Scy/yuqing/spider/monitor/spiderManager.py", line 134, in crawl_by_keyword_signal_platform
    requests = self.get_request_from_keyword(platform, keyword, **crawl_time.to_dict())
               │    │                        │         │          │          └ <function TimeSection.to_dict at 0x7f46697d5550>
               │    │                        │         │          └ <monitor.TimeSection object at 0x7f4370063730>
               │    │                        │         └ '习近平主席特别代表、国家副主席王岐山将出席韩国总统就职…'
               │    │                        └ '求是'
               │    └ <function SearchSpidersManager.get_request_from_keyword at 0x7f45718321f0>
               └ <monitor.spiderManager.SearchSpidersManager object at 0x7f4571441610>

  File "/home/users/Scy/yuqing/spider/monitor/spiderManager.py", line 191, in get_request_from_keyword
    for request in self.spiders[platform].get_request_from_keyword(headers, search_url, keyword, content_url,
        │          │    │       │                                  │        │           │        └ <string.Template object at 0x7f4481b1ce80>
        │          │    │       │                                  │        │           └ '习近平主席特别代表、国家副主席王岐山将出席韩国总统就职…'
        │          │    │       │                                  │        └ <string.Template object at 0x7f433a5175e0>
        │          │    │       │                                  └ {'Connection': 'keep-alive', 'Cache-Control': 'max-age=0', 'Upgrade-Insecure-Requests': '1', 'User-Agent': 'Mozilla/5.0 (Wind...
        │          │    │       └ '求是'
        │          │    └ {'凤凰网': <monitor.searchSpiders.ifeng.Ifeng object at 0x7f4571441d60>, '头条': <monitor.searchSpiders.toutiao.Toutiao object at ...
        │          └ <monitor.spiderManager.SearchSpidersManager object at 0x7f4571441610>
        └ <GET http://www.qstheory.cn/yaowen/2021-09/08/c_1127841185.htm>

> File "/home/users/Scy/yuqing/spider/monitor/searchSpiders/qiushi.py", line 27, in get_request_from_keyword
    json_response = json.loads(response.text[14:-2])
                    │    │     │        └ <property object at 0x7f4663177db0>
                    │    │     └ <Response [200]>
                    │    └ <function loads at 0x7f468920ef70>
                    └ <module 'json' from '/usr/lib/python3.8/json/__init__.py'>

  File "/home/chase/.local/lib/python3.8/site-packages/requests/api.py", line 75, in get
    return request('get', url, params=params, **kwargs)
           │              │           │         └ {'headers': {'Connection': 'keep-alive', 'Cache-Control': 'max-age=0', 'Upgrade-Insecure-Requests': '1', 'User-Agent': 'Mozil...
           │              │           └ None
           │              └ 'http://so.news.cn/qiushi/more?callback=jsonpCallback&page=59&keyword=习近平主席特别代表、国家副主席王岐山将出席韩国总统就职…&searchword=(LinkTitle%3D%E...
           └ <function request at 0x7f466317b040>
  File "/home/chase/.local/lib/python3.8/site-packages/requests/api.py", line 61, in request
    return session.request(method=method, url=url, **kwargs)
           │       │              │           │      └ {'params': None, 'headers': {'Connection': 'keep-alive', 'Cache-Control': 'max-age=0', 'Upgrade-Insecure-Requests': '1', 'Use...
           │       │              │           └ 'http://so.news.cn/qiushi/more?callback=jsonpCallback&page=59&keyword=习近平主席特别代表、国家副主席王岐山将出席韩国总统就职…&searchword=(LinkTitle%3D%E...
           │       │              └ 'get'
           │       └ <function Session.request at 0x7f4663110940>
           └ <requests.sessions.Session object at 0x7f437e1a7b20>
  File "/home/chase/.local/lib/python3.8/site-packages/requests/sessions.py", line 542, in request
    resp = self.send(prep, **send_kwargs)
           │    │    │       └ {'timeout': 10, 'allow_redirects': True, 'verify': True, 'proxies': OrderedDict(), 'stream': False, 'cert': None}
           │    │    └ <PreparedRequest [GET]>
           │    └ <function Session.send at 0x7f4663110dc0>
           └ <requests.sessions.Session object at 0x7f437e1a7b20>
  File "/home/chase/.local/lib/python3.8/site-packages/requests/sessions.py", line 655, in send
    r = adapter.send(request, **kwargs)
        │       │    │          └ {'timeout': 10, 'verify': True, 'proxies': OrderedDict(), 'stream': False, 'cert': None}
        │       │    └ <PreparedRequest [GET]>
        │       └ <function HTTPAdapter.send at 0x7f4663110280>
        └ <requests.adapters.HTTPAdapter object at 0x7f43acbc8eb0>
  File "/home/chase/.local/lib/python3.8/site-packages/requests/adapters.py", line 529, in send
    raise ReadTimeout(e, request=request)
          │                      └ <PreparedRequest [GET]>
          └ <class 'requests.exceptions.ReadTimeout'>

requests.exceptions.ReadTimeout: HTTPConnectionPool(host='so.news.cn', port=80): Read timed out. (read timeout=10)
2022-05-11 23:59:17.377 | ERROR    | monitor.searchSpiders.qiushi:get_request_from_keyword:36 - E 求是错误HTTPConnectionPool(host='so.news.cn', port=80): Read timed out. (read timeout=10)
Traceback (most recent call last):

  File "/home/chase/.local/lib/python3.8/site-packages/urllib3/connectionpool.py", line 445, in _make_request
    six.raise_from(e, None)
    │   └ <function raise_from at 0x7f4663599160>
    └ <module 'urllib3.packages.six' from '/home/chase/.local/lib/python3.8/site-packages/urllib3/packages/six.py'>
  File "<string>", line 3, in raise_from
  File "/home/chase/.local/lib/python3.8/site-packages/urllib3/connectionpool.py", line 440, in _make_request
    httplib_response = conn.getresponse()
                       │    └ <function HTTPConnection.getresponse at 0x7f4678b7d310>
                       └ <urllib3.connection.HTTPConnection object at 0x7f438fa343d0>
  File "/usr/lib/python3.8/http/client.py", line 1348, in getresponse
    response.begin()
    │        └ <function HTTPResponse.begin at 0x7f4678b7b670>
    └ <http.client.HTTPResponse object at 0x7f42acec23a0>
  File "/usr/lib/python3.8/http/client.py", line 316, in begin
    version, status, reason = self._read_status()
                              │    └ <function HTTPResponse._read_status at 0x7f4678b7b5e0>
                              └ <http.client.HTTPResponse object at 0x7f42acec23a0>
  File "/usr/lib/python3.8/http/client.py", line 277, in _read_status
    line = str(self.fp.readline(_MAXLINE + 1), "iso-8859-1")
               │    │           └ 65536
               │    └ None
               └ <http.client.HTTPResponse object at 0x7f42acec23a0>
  File "/usr/lib/python3.8/socket.py", line 669, in readinto
    return self._sock.recv_into(b)
           │    │               └ <memory at 0x7f427ec5c1c0>
           │    └ None
           └ <socket.SocketIO object at 0x7f42acec2640>

socket.timeout: timed out


During handling of the above exception, another exception occurred:


Traceback (most recent call last):

  File "/home/chase/.local/lib/python3.8/site-packages/requests/adapters.py", line 439, in send
    resp = conn.urlopen(
           │    └ <function HTTPConnectionPool.urlopen at 0x7f46632db820>
           └ <urllib3.connectionpool.HTTPConnectionPool object at 0x7f434ec1b4c0>
  File "/home/chase/.local/lib/python3.8/site-packages/urllib3/connectionpool.py", line 755, in urlopen
    retries = retries.increment(
              │       └ <function Retry.increment at 0x7f4663323b80>
              └ Retry(total=0, connect=None, read=False, redirect=None, status=None)
  File "/home/chase/.local/lib/python3.8/site-packages/urllib3/util/retry.py", line 532, in increment
    raise six.reraise(type(error), error, _stacktrace)
          │   │            │       │      └ <traceback object at 0x7f438de89500>
          │   │            │       └ ReadTimeoutError("HTTPConnectionPool(host='so.news.cn', port=80): Read timed out. (read timeout=10)")
          │   │            └ ReadTimeoutError("HTTPConnectionPool(host='so.news.cn', port=80): Read timed out. (read timeout=10)")
          │   └ <function reraise at 0x7f46635990d0>
          └ <module 'urllib3.packages.six' from '/home/chase/.local/lib/python3.8/site-packages/urllib3/packages/six.py'>
  File "/home/chase/.local/lib/python3.8/site-packages/urllib3/packages/six.py", line 770, in reraise
    raise value
          └ None
  File "/home/chase/.local/lib/python3.8/site-packages/urllib3/connectionpool.py", line 699, in urlopen
    httplib_response = self._make_request(
                       │    └ <function HTTPConnectionPool._make_request at 0x7f46632db5e0>
                       └ <urllib3.connectionpool.HTTPConnectionPool object at 0x7f434ec1b4c0>
  File "/home/chase/.local/lib/python3.8/site-packages/urllib3/connectionpool.py", line 447, in _make_request
    self._raise_timeout(err=e, url=url, timeout_value=read_timeout)
    │    │                         │                  └ 10
    │    │                         └ '/qiushi/more?callback=jsonpCallback&page=50&keyword=%E5%90%91%E7%9D%80%E6%96%B0%E7%9A%84%E9%AB%98%E5%9C%B0%E5%86%B2%E9%94%8B...
    │    └ <function HTTPConnectionPool._raise_timeout at 0x7f46632db550>
    └ <urllib3.connectionpool.HTTPConnectionPool object at 0x7f434ec1b4c0>
  File "/home/chase/.local/lib/python3.8/site-packages/urllib3/connectionpool.py", line 336, in _raise_timeout
    raise ReadTimeoutError(
          └ <class 'urllib3.exceptions.ReadTimeoutError'>

urllib3.exceptions.ReadTimeoutError: HTTPConnectionPool(host='so.news.cn', port=80): Read timed out. (read timeout=10)


During handling of the above exception, another exception occurred:


Traceback (most recent call last):

  File "/usr/lib/python3.8/threading.py", line 890, in _bootstrap
    self._bootstrap_inner()
    │    └ <function Thread._bootstrap_inner at 0x7f4689341a60>
    └ <Thread(Thread-3302, started daemon 139924397020928)>
  File "/usr/lib/python3.8/threading.py", line 932, in _bootstrap_inner
    self.run()
    │    └ <function Thread.run at 0x7f4689341790>
    └ <Thread(Thread-3302, started daemon 139924397020928)>
  File "/usr/lib/python3.8/threading.py", line 870, in run
    self._target(*self._args, **self._kwargs)
    │    │        │    │        │    └ {}
    │    │        │    │        └ <Thread(Thread-3302, started daemon 139924397020928)>
    │    │        │    └ ('ProjectManager.run_func_by_thread',)
    │    │        └ <Thread(Thread-3302, started daemon 139924397020928)>
    │    └ <bound method ProjectManager.get_request_from_keywords_hot of <monitor.projectManager.ProjectManager object at 0x7f457182e160>>
    └ <Thread(Thread-3302, started daemon 139924397020928)>

  File "/home/users/Scy/yuqing/spider/monitor/projectManager.py", line 795, in get_request_from_keywords_hot
    self.search_spider_manager.crawl_by_keyword(
    │    │                     └ <function SearchSpidersManager.crawl_by_keyword at 0x7f4571832040>
    │    └ <monitor.spiderManager.SearchSpidersManager object at 0x7f4571441610>
    └ <monitor.projectManager.ProjectManager object at 0x7f457182e160>

  File "/home/users/Scy/yuqing/spider/monitor/spiderManager.py", line 118, in crawl_by_keyword
    self.crawl_by_keyword_signal_platform(project_names, platform, keyword, crawl_time, project_times)
    │    │                                │              │         │        │           └ {'default': <monitor.TimeSection object at 0x7f4571558ac0>}
    │    │                                │              │         │        └ <monitor.TimeSection object at 0x7f4381ff5c70>
    │    │                                │              │         └ '向着新的高地冲锋'
    │    │                                │              └ '求是'
    │    │                                └ ['default']
    │    └ <function SearchSpidersManager.crawl_by_keyword_signal_platform at 0x7f45718320d0>
    └ <monitor.spiderManager.SearchSpidersManager object at 0x7f4571441610>

  File "/home/users/Scy/yuqing/spider/monitor/spiderManager.py", line 134, in crawl_by_keyword_signal_platform
    requests = self.get_request_from_keyword(platform, keyword, **crawl_time.to_dict())
               │    │                        │         │          │          └ <function TimeSection.to_dict at 0x7f46697d5550>
               │    │                        │         │          └ <monitor.TimeSection object at 0x7f4381ff5c70>
               │    │                        │         └ '向着新的高地冲锋'
               │    │                        └ '求是'
               │    └ <function SearchSpidersManager.get_request_from_keyword at 0x7f45718321f0>
               └ <monitor.spiderManager.SearchSpidersManager object at 0x7f4571441610>

  File "/home/users/Scy/yuqing/spider/monitor/spiderManager.py", line 191, in get_request_from_keyword
    for request in self.spiders[platform].get_request_from_keyword(headers, search_url, keyword, content_url,
        │          │    │       │                                  │        │           │        └ <string.Template object at 0x7f4255418e20>
        │          │    │       │                                  │        │           └ '向着新的高地冲锋'
        │          │    │       │                                  │        └ <string.Template object at 0x7f4255418eb0>
        │          │    │       │                                  └ {'Connection': 'keep-alive', 'Cache-Control': 'max-age=0', 'Upgrade-Insecure-Requests': '1', 'User-Agent': 'Mozilla/5.0 (Wind...
        │          │    │       └ '求是'
        │          │    └ {'凤凰网': <monitor.searchSpiders.ifeng.Ifeng object at 0x7f4571441d60>, '头条': <monitor.searchSpiders.toutiao.Toutiao object at ...
        │          └ <monitor.spiderManager.SearchSpidersManager object at 0x7f4571441610>
        └ <GET http://www.qstheory.cn/qshyjx/2021-11/11/c_1128054269.htm>

> File "/home/users/Scy/yuqing/spider/monitor/searchSpiders/qiushi.py", line 27, in get_request_from_keyword
    json_response = json.loads(response.text[14:-2])
                    │    │     │        └ <property object at 0x7f4663177db0>
                    │    │     └ <Response [200]>
                    │    └ <function loads at 0x7f468920ef70>
                    └ <module 'json' from '/usr/lib/python3.8/json/__init__.py'>

  File "/home/chase/.local/lib/python3.8/site-packages/requests/api.py", line 75, in get
    return request('get', url, params=params, **kwargs)
           │              │           │         └ {'headers': {'Connection': 'keep-alive', 'Cache-Control': 'max-age=0', 'Upgrade-Insecure-Requests': '1', 'User-Agent': 'Mozil...
           │              │           └ None
           │              └ 'http://so.news.cn/qiushi/more?callback=jsonpCallback&page=50&keyword=向着新的高地冲锋&searchword=(LinkTitle%3D%E5%AD%9F%E6%99%9A%E8%...
           └ <function request at 0x7f466317b040>
  File "/home/chase/.local/lib/python3.8/site-packages/requests/api.py", line 61, in request
    return session.request(method=method, url=url, **kwargs)
           │       │              │           │      └ {'params': None, 'headers': {'Connection': 'keep-alive', 'Cache-Control': 'max-age=0', 'Upgrade-Insecure-Requests': '1', 'Use...
           │       │              │           └ 'http://so.news.cn/qiushi/more?callback=jsonpCallback&page=50&keyword=向着新的高地冲锋&searchword=(LinkTitle%3D%E5%AD%9F%E6%99%9A%E8%...
           │       │              └ 'get'
           │       └ <function Session.request at 0x7f4663110940>
           └ <requests.sessions.Session object at 0x7f43a1564640>
  File "/home/chase/.local/lib/python3.8/site-packages/requests/sessions.py", line 542, in request
    resp = self.send(prep, **send_kwargs)
           │    │    │       └ {'timeout': 10, 'allow_redirects': True, 'verify': True, 'proxies': OrderedDict(), 'stream': False, 'cert': None}
           │    │    └ <PreparedRequest [GET]>
           │    └ <function Session.send at 0x7f4663110dc0>
           └ <requests.sessions.Session object at 0x7f43a1564640>
  File "/home/chase/.local/lib/python3.8/site-packages/requests/sessions.py", line 655, in send
    r = adapter.send(request, **kwargs)
        │       │    │          └ {'timeout': 10, 'verify': True, 'proxies': OrderedDict(), 'stream': False, 'cert': None}
        │       │    └ <PreparedRequest [GET]>
        │       └ <function HTTPAdapter.send at 0x7f4663110280>
        └ <requests.adapters.HTTPAdapter object at 0x7f42f69f7a00>
  File "/home/chase/.local/lib/python3.8/site-packages/requests/adapters.py", line 529, in send
    raise ReadTimeout(e, request=request)
          │                      └ <PreparedRequest [GET]>
          └ <class 'requests.exceptions.ReadTimeout'>

requests.exceptions.ReadTimeout: HTTPConnectionPool(host='so.news.cn', port=80): Read timed out. (read timeout=10)
2022-05-11 23:59:17.412 | ERROR    | monitor.searchSpiders.qiushi:get_request_from_keyword:36 - E 求是错误HTTPConnectionPool(host='so.news.cn', port=80): Read timed out. (read timeout=10)
Traceback (most recent call last):

  File "/home/chase/.local/lib/python3.8/site-packages/urllib3/connectionpool.py", line 445, in _make_request
    six.raise_from(e, None)
    │   └ <function raise_from at 0x7f4663599160>
    └ <module 'urllib3.packages.six' from '/home/chase/.local/lib/python3.8/site-packages/urllib3/packages/six.py'>
  File "<string>", line 3, in raise_from
  File "/home/chase/.local/lib/python3.8/site-packages/urllib3/connectionpool.py", line 440, in _make_request
    httplib_response = conn.getresponse()
                       │    └ <function HTTPConnection.getresponse at 0x7f4678b7d310>
                       └ <urllib3.connection.HTTPConnection object at 0x7f43f88eef10>
  File "/usr/lib/python3.8/http/client.py", line 1348, in getresponse
    response.begin()
    │        └ <function HTTPResponse.begin at 0x7f4678b7b670>
    └ <http.client.HTTPResponse object at 0x7f43f88ee7c0>
  File "/usr/lib/python3.8/http/client.py", line 316, in begin
    version, status, reason = self._read_status()
                              │    └ <function HTTPResponse._read_status at 0x7f4678b7b5e0>
                              └ <http.client.HTTPResponse object at 0x7f43f88ee7c0>
  File "/usr/lib/python3.8/http/client.py", line 277, in _read_status
    line = str(self.fp.readline(_MAXLINE + 1), "iso-8859-1")
               │    │           └ 65536
               │    └ None
               └ <http.client.HTTPResponse object at 0x7f43f88ee7c0>
  File "/usr/lib/python3.8/socket.py", line 669, in readinto
    return self._sock.recv_into(b)
           │    │               └ <memory at 0x7f43ad0f8280>
           │    └ None
           └ <socket.SocketIO object at 0x7f43f88ee520>

socket.timeout: timed out


During handling of the above exception, another exception occurred:


Traceback (most recent call last):

  File "/home/chase/.local/lib/python3.8/site-packages/requests/adapters.py", line 439, in send
    resp = conn.urlopen(
           │    └ <function HTTPConnectionPool.urlopen at 0x7f46632db820>
           └ <urllib3.connectionpool.HTTPConnectionPool object at 0x7f42b20e5ee0>
  File "/home/chase/.local/lib/python3.8/site-packages/urllib3/connectionpool.py", line 755, in urlopen
    retries = retries.increment(
              │       └ <function Retry.increment at 0x7f4663323b80>
              └ Retry(total=0, connect=None, read=False, redirect=None, status=None)
  File "/home/chase/.local/lib/python3.8/site-packages/urllib3/util/retry.py", line 532, in increment
    raise six.reraise(type(error), error, _stacktrace)
          │   │            │       │      └ <traceback object at 0x7f437f26ef00>
          │   │            │       └ ReadTimeoutError("HTTPConnectionPool(host='so.news.cn', port=80): Read timed out. (read timeout=10)")
          │   │            └ ReadTimeoutError("HTTPConnectionPool(host='so.news.cn', port=80): Read timed out. (read timeout=10)")
          │   └ <function reraise at 0x7f46635990d0>
          └ <module 'urllib3.packages.six' from '/home/chase/.local/lib/python3.8/site-packages/urllib3/packages/six.py'>
  File "/home/chase/.local/lib/python3.8/site-packages/urllib3/packages/six.py", line 770, in reraise
    raise value
          └ None
  File "/home/chase/.local/lib/python3.8/site-packages/urllib3/connectionpool.py", line 699, in urlopen
    httplib_response = self._make_request(
                       │    └ <function HTTPConnectionPool._make_request at 0x7f46632db5e0>
                       └ <urllib3.connectionpool.HTTPConnectionPool object at 0x7f42b20e5ee0>
  File "/home/chase/.local/lib/python3.8/site-packages/urllib3/connectionpool.py", line 447, in _make_request
    self._raise_timeout(err=e, url=url, timeout_value=read_timeout)
    │    │                         │                  └ 10
    │    │                         └ '/qiushi/more?callback=jsonpCallback&page=60&keyword=%E4%BF%84%E5%9B%BD%E9%98%B2%E9%83%A8%E5%AE%A3%E5%B8%83%E8%BF%9E%E7%BB%AD...
    │    └ <function HTTPConnectionPool._raise_timeout at 0x7f46632db550>
    └ <urllib3.connectionpool.HTTPConnectionPool object at 0x7f42b20e5ee0>
  File "/home/chase/.local/lib/python3.8/site-packages/urllib3/connectionpool.py", line 336, in _raise_timeout
    raise ReadTimeoutError(
          └ <class 'urllib3.exceptions.ReadTimeoutError'>

urllib3.exceptions.ReadTimeoutError: HTTPConnectionPool(host='so.news.cn', port=80): Read timed out. (read timeout=10)


During handling of the above exception, another exception occurred:


Traceback (most recent call last):

  File "/usr/lib/python3.8/threading.py", line 890, in _bootstrap
    self._bootstrap_inner()
    │    └ <function Thread._bootstrap_inner at 0x7f4689341a60>
    └ <Thread(Thread-1856, started daemon 139925451757312)>
  File "/usr/lib/python3.8/threading.py", line 932, in _bootstrap_inner
    self.run()
    │    └ <function Thread.run at 0x7f4689341790>
    └ <Thread(Thread-1856, started daemon 139925451757312)>
  File "/usr/lib/python3.8/threading.py", line 870, in run
    self._target(*self._args, **self._kwargs)
    │    │        │    │        │    └ {}
    │    │        │    │        └ <Thread(Thread-1856, started daemon 139925451757312)>
    │    │        │    └ ('ProjectManager.run_func_by_thread',)
    │    │        └ <Thread(Thread-1856, started daemon 139925451757312)>
    │    └ <bound method ProjectManager.get_request_from_keywords_hot of <monitor.projectManager.ProjectManager object at 0x7f457182e160>>
    └ <Thread(Thread-1856, started daemon 139925451757312)>

  File "/home/users/Scy/yuqing/spider/monitor/projectManager.py", line 795, in get_request_from_keywords_hot
    self.search_spider_manager.crawl_by_keyword(
    │    │                     └ <function SearchSpidersManager.crawl_by_keyword at 0x7f4571832040>
    │    └ <monitor.spiderManager.SearchSpidersManager object at 0x7f4571441610>
    └ <monitor.projectManager.ProjectManager object at 0x7f457182e160>

  File "/home/users/Scy/yuqing/spider/monitor/spiderManager.py", line 118, in crawl_by_keyword
    self.crawl_by_keyword_signal_platform(project_names, platform, keyword, crawl_time, project_times)
    │    │                                │              │         │        │           └ {'default': <monitor.TimeSection object at 0x7f4571558ac0>}
    │    │                                │              │         │        └ <monitor.TimeSection object at 0x7f4379758e80>
    │    │                                │              │         └ '俄国防部宣布连续三天开通亚速钢铁厂人道主义走廊'
    │    │                                │              └ '求是'
    │    │                                └ ['default']
    │    └ <function SearchSpidersManager.crawl_by_keyword_signal_platform at 0x7f45718320d0>
    └ <monitor.spiderManager.SearchSpidersManager object at 0x7f4571441610>

  File "/home/users/Scy/yuqing/spider/monitor/spiderManager.py", line 134, in crawl_by_keyword_signal_platform
    requests = self.get_request_from_keyword(platform, keyword, **crawl_time.to_dict())
               │    │                        │         │          │          └ <function TimeSection.to_dict at 0x7f46697d5550>
               │    │                        │         │          └ <monitor.TimeSection object at 0x7f4379758e80>
               │    │                        │         └ '俄国防部宣布连续三天开通亚速钢铁厂人道主义走廊'
               │    │                        └ '求是'
               │    └ <function SearchSpidersManager.get_request_from_keyword at 0x7f45718321f0>
               └ <monitor.spiderManager.SearchSpidersManager object at 0x7f4571441610>

  File "/home/users/Scy/yuqing/spider/monitor/spiderManager.py", line 191, in get_request_from_keyword
    for request in self.spiders[platform].get_request_from_keyword(headers, search_url, keyword, content_url,
        │          │    │       │                                  │        │           │        └ <string.Template object at 0x7f42fff8d220>
        │          │    │       │                                  │        │           └ '俄国防部宣布连续三天开通亚速钢铁厂人道主义走廊'
        │          │    │       │                                  │        └ <string.Template object at 0x7f42b84b1190>
        │          │    │       │                                  └ {'Connection': 'keep-alive', 'Cache-Control': 'max-age=0', 'Upgrade-Insecure-Requests': '1', 'User-Agent': 'Mozilla/5.0 (Wind...
        │          │    │       └ '求是'
        │          │    └ {'凤凰网': <monitor.searchSpiders.ifeng.Ifeng object at 0x7f4571441d60>, '头条': <monitor.searchSpiders.toutiao.Toutiao object at ...
        │          └ <monitor.spiderManager.SearchSpidersManager object at 0x7f4571441610>
        └ <GET http://www.qstheory.cn/qshyjx/2021-11/02/c_1128022293.htm>

> File "/home/users/Scy/yuqing/spider/monitor/searchSpiders/qiushi.py", line 27, in get_request_from_keyword
    json_response = json.loads(response.text[14:-2])
                    │    │     │        └ <property object at 0x7f4663177db0>
                    │    │     └ <Response [200]>
                    │    └ <function loads at 0x7f468920ef70>
                    └ <module 'json' from '/usr/lib/python3.8/json/__init__.py'>

  File "/home/chase/.local/lib/python3.8/site-packages/requests/api.py", line 75, in get
    return request('get', url, params=params, **kwargs)
           │              │           │         └ {'headers': {'Connection': 'keep-alive', 'Cache-Control': 'max-age=0', 'Upgrade-Insecure-Requests': '1', 'User-Agent': 'Mozil...
           │              │           └ None
           │              └ 'http://so.news.cn/qiushi/more?callback=jsonpCallback&page=60&keyword=俄国防部宣布连续三天开通亚速钢铁厂人道主义走廊&searchword=(LinkTitle%3D%E5%AD%...
           └ <function request at 0x7f466317b040>
  File "/home/chase/.local/lib/python3.8/site-packages/requests/api.py", line 61, in request
    return session.request(method=method, url=url, **kwargs)
           │       │              │           │      └ {'params': None, 'headers': {'Connection': 'keep-alive', 'Cache-Control': 'max-age=0', 'Upgrade-Insecure-Requests': '1', 'Use...
           │       │              │           └ 'http://so.news.cn/qiushi/more?callback=jsonpCallback&page=60&keyword=俄国防部宣布连续三天开通亚速钢铁厂人道主义走廊&searchword=(LinkTitle%3D%E5%AD%...
           │       │              └ 'get'
           │       └ <function Session.request at 0x7f4663110940>
           └ <requests.sessions.Session object at 0x7f4363df2250>
  File "/home/chase/.local/lib/python3.8/site-packages/requests/sessions.py", line 542, in request
    resp = self.send(prep, **send_kwargs)
           │    │    │       └ {'timeout': 10, 'allow_redirects': True, 'verify': True, 'proxies': OrderedDict(), 'stream': False, 'cert': None}
           │    │    └ <PreparedRequest [GET]>
           │    └ <function Session.send at 0x7f4663110dc0>
           └ <requests.sessions.Session object at 0x7f4363df2250>
  File "/home/chase/.local/lib/python3.8/site-packages/requests/sessions.py", line 655, in send
    r = adapter.send(request, **kwargs)
        │       │    │          └ {'timeout': 10, 'verify': True, 'proxies': OrderedDict(), 'stream': False, 'cert': None}
        │       │    └ <PreparedRequest [GET]>
        │       └ <function HTTPAdapter.send at 0x7f4663110280>
        └ <requests.adapters.HTTPAdapter object at 0x7f42dafec2b0>
  File "/home/chase/.local/lib/python3.8/site-packages/requests/adapters.py", line 529, in send
    raise ReadTimeout(e, request=request)
          │                      └ <PreparedRequest [GET]>
          └ <class 'requests.exceptions.ReadTimeout'>

requests.exceptions.ReadTimeout: HTTPConnectionPool(host='so.news.cn', port=80): Read timed out. (read timeout=10)
2022-05-11 23:59:17.457 | ERROR    | monitor.searchSpiders.qiushi:get_request_from_keyword:36 - E 求是错误HTTPConnectionPool(host='so.news.cn', port=80): Read timed out. (read timeout=10)
Traceback (most recent call last):

  File "/home/chase/.local/lib/python3.8/site-packages/urllib3/connectionpool.py", line 445, in _make_request
    six.raise_from(e, None)
    │   └ <function raise_from at 0x7f4663599160>
    └ <module 'urllib3.packages.six' from '/home/chase/.local/lib/python3.8/site-packages/urllib3/packages/six.py'>
  File "<string>", line 3, in raise_from
  File "/home/chase/.local/lib/python3.8/site-packages/urllib3/connectionpool.py", line 440, in _make_request
    httplib_response = conn.getresponse()
                       │    └ <function HTTPConnection.getresponse at 0x7f4678b7d310>
                       └ <urllib3.connection.HTTPConnection object at 0x7f4358e806d0>
  File "/usr/lib/python3.8/http/client.py", line 1348, in getresponse
    response.begin()
    │        └ <function HTTPResponse.begin at 0x7f4678b7b670>
    └ <http.client.HTTPResponse object at 0x7f435850a1c0>
  File "/usr/lib/python3.8/http/client.py", line 316, in begin
    version, status, reason = self._read_status()
                              │    └ <function HTTPResponse._read_status at 0x7f4678b7b5e0>
                              └ <http.client.HTTPResponse object at 0x7f435850a1c0>
  File "/usr/lib/python3.8/http/client.py", line 277, in _read_status
    line = str(self.fp.readline(_MAXLINE + 1), "iso-8859-1")
               │    │           └ 65536
               │    └ None
               └ <http.client.HTTPResponse object at 0x7f435850a1c0>
  File "/usr/lib/python3.8/socket.py", line 669, in readinto
    return self._sock.recv_into(b)
           │    │               └ <memory at 0x7f43f8b68040>
           │    └ None
           └ <socket.SocketIO object at 0x7f435850a7c0>

socket.timeout: timed out


During handling of the above exception, another exception occurred:


Traceback (most recent call last):

  File "/home/chase/.local/lib/python3.8/site-packages/requests/adapters.py", line 439, in send
    resp = conn.urlopen(
           │    └ <function HTTPConnectionPool.urlopen at 0x7f46632db820>
           └ <urllib3.connectionpool.HTTPConnectionPool object at 0x7f43c5c0eca0>
  File "/home/chase/.local/lib/python3.8/site-packages/urllib3/connectionpool.py", line 755, in urlopen
    retries = retries.increment(
              │       └ <function Retry.increment at 0x7f4663323b80>
              └ Retry(total=0, connect=None, read=False, redirect=None, status=None)
  File "/home/chase/.local/lib/python3.8/site-packages/urllib3/util/retry.py", line 532, in increment
    raise six.reraise(type(error), error, _stacktrace)
          │   │            │       │      └ <traceback object at 0x7f44b88a9980>
          │   │            │       └ ReadTimeoutError("HTTPConnectionPool(host='so.news.cn', port=80): Read timed out. (read timeout=10)")
          │   │            └ ReadTimeoutError("HTTPConnectionPool(host='so.news.cn', port=80): Read timed out. (read timeout=10)")
          │   └ <function reraise at 0x7f46635990d0>
          └ <module 'urllib3.packages.six' from '/home/chase/.local/lib/python3.8/site-packages/urllib3/packages/six.py'>
  File "/home/chase/.local/lib/python3.8/site-packages/urllib3/packages/six.py", line 770, in reraise
    raise value
          └ None
  File "/home/chase/.local/lib/python3.8/site-packages/urllib3/connectionpool.py", line 699, in urlopen
    httplib_response = self._make_request(
                       │    └ <function HTTPConnectionPool._make_request at 0x7f46632db5e0>
                       └ <urllib3.connectionpool.HTTPConnectionPool object at 0x7f43c5c0eca0>
  File "/home/chase/.local/lib/python3.8/site-packages/urllib3/connectionpool.py", line 447, in _make_request
    self._raise_timeout(err=e, url=url, timeout_value=read_timeout)
    │    │                         │                  └ 10
    │    │                         └ '/qiushi/more?callback=jsonpCallback&page=77&keyword=%E6%AC%A7%E7%9B%9F%E5%8F%91%E5%B8%83%E6%89%A9%E5%A4%A7%E5%9C%B0%E7%90%86...
    │    └ <function HTTPConnectionPool._raise_timeout at 0x7f46632db550>
    └ <urllib3.connectionpool.HTTPConnectionPool object at 0x7f43c5c0eca0>
  File "/home/chase/.local/lib/python3.8/site-packages/urllib3/connectionpool.py", line 336, in _raise_timeout
    raise ReadTimeoutError(
          └ <class 'urllib3.exceptions.ReadTimeoutError'>

urllib3.exceptions.ReadTimeoutError: HTTPConnectionPool(host='so.news.cn', port=80): Read timed out. (read timeout=10)


During handling of the above exception, another exception occurred:


Traceback (most recent call last):

  File "/usr/lib/python3.8/threading.py", line 890, in _bootstrap
    self._bootstrap_inner()
    │    └ <function Thread._bootstrap_inner at 0x7f4689341a60>
    └ <Thread(Thread-3634, started daemon 139929497630464)>
  File "/usr/lib/python3.8/threading.py", line 932, in _bootstrap_inner
    self.run()
    │    └ <function Thread.run at 0x7f4689341790>
    └ <Thread(Thread-3634, started daemon 139929497630464)>
  File "/usr/lib/python3.8/threading.py", line 870, in run
    self._target(*self._args, **self._kwargs)
    │    │        │    │        │    └ {}
    │    │        │    │        └ <Thread(Thread-3634, started daemon 139929497630464)>
    │    │        │    └ ('ProjectManager.run_func_by_thread',)
    │    │        └ <Thread(Thread-3634, started daemon 139929497630464)>
    │    └ <bound method ProjectManager.get_request_from_keywords_hot of <monitor.projectManager.ProjectManager object at 0x7f457182e160>>
    └ <Thread(Thread-3634, started daemon 139929497630464)>

  File "/home/users/Scy/yuqing/spider/monitor/projectManager.py", line 795, in get_request_from_keywords_hot
    self.search_spider_manager.crawl_by_keyword(
    │    │                     └ <function SearchSpidersManager.crawl_by_keyword at 0x7f4571832040>
    │    └ <monitor.spiderManager.SearchSpidersManager object at 0x7f4571441610>
    └ <monitor.projectManager.ProjectManager object at 0x7f457182e160>

  File "/home/users/Scy/yuqing/spider/monitor/spiderManager.py", line 118, in crawl_by_keyword
    self.crawl_by_keyword_signal_platform(project_names, platform, keyword, crawl_time, project_times)
    │    │                                │              │         │        │           └ {'default': <monitor.TimeSection object at 0x7f4571558ac0>}
    │    │                                │              │         │        └ <monitor.TimeSection object at 0x7f42875faf40>
    │    │                                │              │         └ '欧盟发布扩大地理标志计划新提案'
    │    │                                │              └ '求是'
    │    │                                └ ['default']
    │    └ <function SearchSpidersManager.crawl_by_keyword_signal_platform at 0x7f45718320d0>
    └ <monitor.spiderManager.SearchSpidersManager object at 0x7f4571441610>

  File "/home/users/Scy/yuqing/spider/monitor/spiderManager.py", line 134, in crawl_by_keyword_signal_platform
    requests = self.get_request_from_keyword(platform, keyword, **crawl_time.to_dict())
               │    │                        │         │          │          └ <function TimeSection.to_dict at 0x7f46697d5550>
               │    │                        │         │          └ <monitor.TimeSection object at 0x7f42875faf40>
               │    │                        │         └ '欧盟发布扩大地理标志计划新提案'
               │    │                        └ '求是'
               │    └ <function SearchSpidersManager.get_request_from_keyword at 0x7f45718321f0>
               └ <monitor.spiderManager.SearchSpidersManager object at 0x7f4571441610>

  File "/home/users/Scy/yuqing/spider/monitor/spiderManager.py", line 191, in get_request_from_keyword
    for request in self.spiders[platform].get_request_from_keyword(headers, search_url, keyword, content_url,
        │          │    │       │                                  │        │           │        └ <string.Template object at 0x7f4274c40100>
        │          │    │       │                                  │        │           └ '欧盟发布扩大地理标志计划新提案'
        │          │    │       │                                  │        └ <string.Template object at 0x7f42ac452100>
        │          │    │       │                                  └ {'Connection': 'keep-alive', 'Cache-Control': 'max-age=0', 'Upgrade-Insecure-Requests': '1', 'User-Agent': 'Mozilla/5.0 (Wind...
        │          │    │       └ '求是'
        │          │    └ {'凤凰网': <monitor.searchSpiders.ifeng.Ifeng object at 0x7f4571441d60>, '头条': <monitor.searchSpiders.toutiao.Toutiao object at ...
        │          └ <monitor.spiderManager.SearchSpidersManager object at 0x7f4571441610>
        └ <GET http://www.qstheory.cn/qshyjx/2020-11/17/c_1126749733.htm>

> File "/home/users/Scy/yuqing/spider/monitor/searchSpiders/qiushi.py", line 27, in get_request_from_keyword
    json_response = json.loads(response.text[14:-2])
                    │    │     │        └ <property object at 0x7f4663177db0>
                    │    │     └ <Response [200]>
                    │    └ <function loads at 0x7f468920ef70>
                    └ <module 'json' from '/usr/lib/python3.8/json/__init__.py'>

  File "/home/chase/.local/lib/python3.8/site-packages/requests/api.py", line 75, in get
    return request('get', url, params=params, **kwargs)
           │              │           │         └ {'headers': {'Connection': 'keep-alive', 'Cache-Control': 'max-age=0', 'Upgrade-Insecure-Requests': '1', 'User-Agent': 'Mozil...
           │              │           └ None
           │              └ 'http://so.news.cn/qiushi/more?callback=jsonpCallback&page=77&keyword=欧盟发布扩大地理标志计划新提案&searchword=(LinkTitle%3D%E5%AD%9F%E6%99...
           └ <function request at 0x7f466317b040>
  File "/home/chase/.local/lib/python3.8/site-packages/requests/api.py", line 61, in request
    return session.request(method=method, url=url, **kwargs)
           │       │              │           │      └ {'params': None, 'headers': {'Connection': 'keep-alive', 'Cache-Control': 'max-age=0', 'Upgrade-Insecure-Requests': '1', 'Use...
           │       │              │           └ 'http://so.news.cn/qiushi/more?callback=jsonpCallback&page=77&keyword=欧盟发布扩大地理标志计划新提案&searchword=(LinkTitle%3D%E5%AD%9F%E6%99...
           │       │              └ 'get'
           │       └ <function Session.request at 0x7f4663110940>
           └ <requests.sessions.Session object at 0x7f43f88ee430>
  File "/home/chase/.local/lib/python3.8/site-packages/requests/sessions.py", line 542, in request
    resp = self.send(prep, **send_kwargs)
           │    │    │       └ {'timeout': 10, 'allow_redirects': True, 'verify': True, 'proxies': OrderedDict(), 'stream': False, 'cert': None}
           │    │    └ <PreparedRequest [GET]>
           │    └ <function Session.send at 0x7f4663110dc0>
           └ <requests.sessions.Session object at 0x7f43f88ee430>
  File "/home/chase/.local/lib/python3.8/site-packages/requests/sessions.py", line 655, in send
    r = adapter.send(request, **kwargs)
        │       │    │          └ {'timeout': 10, 'verify': True, 'proxies': OrderedDict(), 'stream': False, 'cert': None}
        │       │    └ <PreparedRequest [GET]>
        │       └ <function HTTPAdapter.send at 0x7f4663110280>
        └ <requests.adapters.HTTPAdapter object at 0x7f425b816f10>
  File "/home/chase/.local/lib/python3.8/site-packages/requests/adapters.py", line 529, in send
    raise ReadTimeout(e, request=request)
          │                      └ <PreparedRequest [GET]>
          └ <class 'requests.exceptions.ReadTimeout'>

requests.exceptions.ReadTimeout: HTTPConnectionPool(host='so.news.cn', port=80): Read timed out. (read timeout=10)
2022-05-11 23:59:17.748 | ERROR    | monitor.searchSpiders.qiushi:get_request_from_keyword:36 - E 求是错误HTTPConnectionPool(host='so.news.cn', port=80): Read timed out. (read timeout=10)
Traceback (most recent call last):

  File "/home/chase/.local/lib/python3.8/site-packages/urllib3/connectionpool.py", line 445, in _make_request
    six.raise_from(e, None)
    │   └ <function raise_from at 0x7f4663599160>
    └ <module 'urllib3.packages.six' from '/home/chase/.local/lib/python3.8/site-packages/urllib3/packages/six.py'>
  File "<string>", line 3, in raise_from
  File "/home/chase/.local/lib/python3.8/site-packages/urllib3/connectionpool.py", line 440, in _make_request
    httplib_response = conn.getresponse()
                       │    └ <function HTTPConnection.getresponse at 0x7f4678b7d310>
                       └ <urllib3.connection.HTTPConnection object at 0x7f43de70e9d0>
  File "/usr/lib/python3.8/http/client.py", line 1348, in getresponse
    response.begin()
    │        └ <function HTTPResponse.begin at 0x7f4678b7b670>
    └ <http.client.HTTPResponse object at 0x7f42865e9790>
  File "/usr/lib/python3.8/http/client.py", line 316, in begin
    version, status, reason = self._read_status()
                              │    └ <function HTTPResponse._read_status at 0x7f4678b7b5e0>
                              └ <http.client.HTTPResponse object at 0x7f42865e9790>
  File "/usr/lib/python3.8/http/client.py", line 277, in _read_status
    line = str(self.fp.readline(_MAXLINE + 1), "iso-8859-1")
               │    │           └ 65536
               │    └ None
               └ <http.client.HTTPResponse object at 0x7f42865e9790>
  File "/usr/lib/python3.8/socket.py", line 669, in readinto
    return self._sock.recv_into(b)
           │    │               └ <memory at 0x7f428e080100>
           │    └ None
           └ <socket.SocketIO object at 0x7f437df21d30>

socket.timeout: timed out


During handling of the above exception, another exception occurred:


Traceback (most recent call last):

  File "/home/chase/.local/lib/python3.8/site-packages/requests/adapters.py", line 439, in send
    resp = conn.urlopen(
           │    └ <function HTTPConnectionPool.urlopen at 0x7f46632db820>
           └ <urllib3.connectionpool.HTTPConnectionPool object at 0x7f42df5acd60>
  File "/home/chase/.local/lib/python3.8/site-packages/urllib3/connectionpool.py", line 755, in urlopen
    retries = retries.increment(
              │       └ <function Retry.increment at 0x7f4663323b80>
              └ Retry(total=0, connect=None, read=False, redirect=None, status=None)
  File "/home/chase/.local/lib/python3.8/site-packages/urllib3/util/retry.py", line 532, in increment
    raise six.reraise(type(error), error, _stacktrace)
          │   │            │       │      └ <traceback object at 0x7f42798d7ac0>
          │   │            │       └ ReadTimeoutError("HTTPConnectionPool(host='so.news.cn', port=80): Read timed out. (read timeout=10)")
          │   │            └ ReadTimeoutError("HTTPConnectionPool(host='so.news.cn', port=80): Read timed out. (read timeout=10)")
          │   └ <function reraise at 0x7f46635990d0>
          └ <module 'urllib3.packages.six' from '/home/chase/.local/lib/python3.8/site-packages/urllib3/packages/six.py'>
  File "/home/chase/.local/lib/python3.8/site-packages/urllib3/packages/six.py", line 770, in reraise
    raise value
          └ None
  File "/home/chase/.local/lib/python3.8/site-packages/urllib3/connectionpool.py", line 699, in urlopen
    httplib_response = self._make_request(
                       │    └ <function HTTPConnectionPool._make_request at 0x7f46632db5e0>
                       └ <urllib3.connectionpool.HTTPConnectionPool object at 0x7f42df5acd60>
  File "/home/chase/.local/lib/python3.8/site-packages/urllib3/connectionpool.py", line 447, in _make_request
    self._raise_timeout(err=e, url=url, timeout_value=read_timeout)
    │    │                         │                  └ 10
    │    │                         └ '/qiushi/more?callback=jsonpCallback&page=140&keyword=%E4%B9%A0%E8%BF%91%E5%B9%B3%E4%B8%BB%E5%B8%AD%E7%89%B9%E5%88%AB%E4%BB%A...
    │    └ <function HTTPConnectionPool._raise_timeout at 0x7f46632db550>
    └ <urllib3.connectionpool.HTTPConnectionPool object at 0x7f42df5acd60>
  File "/home/chase/.local/lib/python3.8/site-packages/urllib3/connectionpool.py", line 336, in _raise_timeout
    raise ReadTimeoutError(
          └ <class 'urllib3.exceptions.ReadTimeoutError'>

urllib3.exceptions.ReadTimeoutError: HTTPConnectionPool(host='so.news.cn', port=80): Read timed out. (read timeout=10)


During handling of the above exception, another exception occurred:


Traceback (most recent call last):

  File "/usr/lib/python3.8/threading.py", line 890, in _bootstrap
    self._bootstrap_inner()
    │    └ <function Thread._bootstrap_inner at 0x7f4689341a60>
    └ <Thread(Thread-4639, started daemon 139928585246464)>
  File "/usr/lib/python3.8/threading.py", line 932, in _bootstrap_inner
    self.run()
    │    └ <function Thread.run at 0x7f4689341790>
    └ <Thread(Thread-4639, started daemon 139928585246464)>
  File "/usr/lib/python3.8/threading.py", line 870, in run
    self._target(*self._args, **self._kwargs)
    │    │        │    │        │    └ {}
    │    │        │    │        └ <Thread(Thread-4639, started daemon 139928585246464)>
    │    │        │    └ ('ProjectManager.run_func_by_thread',)
    │    │        └ <Thread(Thread-4639, started daemon 139928585246464)>
    │    └ <bound method ProjectManager.get_request_from_keywords_hot of <monitor.projectManager.ProjectManager object at 0x7f457182e160>>
    └ <Thread(Thread-4639, started daemon 139928585246464)>

  File "/home/users/Scy/yuqing/spider/monitor/projectManager.py", line 795, in get_request_from_keywords_hot
    self.search_spider_manager.crawl_by_keyword(
    │    │                     └ <function SearchSpidersManager.crawl_by_keyword at 0x7f4571832040>
    │    └ <monitor.spiderManager.SearchSpidersManager object at 0x7f4571441610>
    └ <monitor.projectManager.ProjectManager object at 0x7f457182e160>

  File "/home/users/Scy/yuqing/spider/monitor/spiderManager.py", line 118, in crawl_by_keyword
    self.crawl_by_keyword_signal_platform(project_names, platform, keyword, crawl_time, project_times)
    │    │                                │              │         │        │           └ {'default': <monitor.TimeSection object at 0x7f4571558ac0>}
    │    │                                │              │         │        └ <monitor.TimeSection object at 0x7f437f424160>
    │    │                                │              │         └ '习近平主席特别代表、国家副主席王岐山将出席韩国总统就职…'
    │    │                                │              └ '求是'
    │    │                                └ ['default']
    │    └ <function SearchSpidersManager.crawl_by_keyword_signal_platform at 0x7f45718320d0>
    └ <monitor.spiderManager.SearchSpidersManager object at 0x7f4571441610>

  File "/home/users/Scy/yuqing/spider/monitor/spiderManager.py", line 134, in crawl_by_keyword_signal_platform
    requests = self.get_request_from_keyword(platform, keyword, **crawl_time.to_dict())
               │    │                        │         │          │          └ <function TimeSection.to_dict at 0x7f46697d5550>
               │    │                        │         │          └ <monitor.TimeSection object at 0x7f437f424160>
               │    │                        │         └ '习近平主席特别代表、国家副主席王岐山将出席韩国总统就职…'
               │    │                        └ '求是'
               │    └ <function SearchSpidersManager.get_request_from_keyword at 0x7f45718321f0>
               └ <monitor.spiderManager.SearchSpidersManager object at 0x7f4571441610>

  File "/home/users/Scy/yuqing/spider/monitor/spiderManager.py", line 191, in get_request_from_keyword
    for request in self.spiders[platform].get_request_from_keyword(headers, search_url, keyword, content_url,
        │          │    │       │                                  │        │           │        └ <string.Template object at 0x7f43413272e0>
        │          │    │       │                                  │        │           └ '习近平主席特别代表、国家副主席王岐山将出席韩国总统就职…'
        │          │    │       │                                  │        └ <string.Template object at 0x7f4380364a60>
        │          │    │       │                                  └ {'Connection': 'keep-alive', 'Cache-Control': 'max-age=0', 'Upgrade-Insecure-Requests': '1', 'User-Agent': 'Mozilla/5.0 (Wind...
        │          │    │       └ '求是'
        │          │    └ {'凤凰网': <monitor.searchSpiders.ifeng.Ifeng object at 0x7f4571441d60>, '头条': <monitor.searchSpiders.toutiao.Toutiao object at ...
        │          └ <monitor.spiderManager.SearchSpidersManager object at 0x7f4571441610>
        └ <GET http://www.qstheory.cn/zhuanqu/2021-12/04/c_1128131375.htm>

> File "/home/users/Scy/yuqing/spider/monitor/searchSpiders/qiushi.py", line 27, in get_request_from_keyword
    json_response = json.loads(response.text[14:-2])
                    │    │     │        └ <property object at 0x7f4663177db0>
                    │    │     └ <Response [200]>
                    │    └ <function loads at 0x7f468920ef70>
                    └ <module 'json' from '/usr/lib/python3.8/json/__init__.py'>

  File "/home/chase/.local/lib/python3.8/site-packages/requests/api.py", line 75, in get
    return request('get', url, params=params, **kwargs)
           │              │           │         └ {'headers': {'Connection': 'keep-alive', 'Cache-Control': 'max-age=0', 'Upgrade-Insecure-Requests': '1', 'User-Agent': 'Mozil...
           │              │           └ None
           │              └ 'http://so.news.cn/qiushi/more?callback=jsonpCallback&page=140&keyword=习近平主席特别代表、国家副主席王岐山将出席韩国总统就职…&searchword=(LinkTitle%3D%...
           └ <function request at 0x7f466317b040>
  File "/home/chase/.local/lib/python3.8/site-packages/requests/api.py", line 61, in request
    return session.request(method=method, url=url, **kwargs)
           │       │              │           │      └ {'params': None, 'headers': {'Connection': 'keep-alive', 'Cache-Control': 'max-age=0', 'Upgrade-Insecure-Requests': '1', 'Use...
           │       │              │           └ 'http://so.news.cn/qiushi/more?callback=jsonpCallback&page=140&keyword=习近平主席特别代表、国家副主席王岐山将出席韩国总统就职…&searchword=(LinkTitle%3D%...
           │       │              └ 'get'
           │       └ <function Session.request at 0x7f4663110940>
           └ <requests.sessions.Session object at 0x7f4528837e20>
  File "/home/chase/.local/lib/python3.8/site-packages/requests/sessions.py", line 542, in request
    resp = self.send(prep, **send_kwargs)
           │    │    │       └ {'timeout': 10, 'allow_redirects': True, 'verify': True, 'proxies': OrderedDict(), 'stream': False, 'cert': None}
           │    │    └ <PreparedRequest [GET]>
           │    └ <function Session.send at 0x7f4663110dc0>
           └ <requests.sessions.Session object at 0x7f4528837e20>
  File "/home/chase/.local/lib/python3.8/site-packages/requests/sessions.py", line 655, in send
    r = adapter.send(request, **kwargs)
        │       │    │          └ {'timeout': 10, 'verify': True, 'proxies': OrderedDict(), 'stream': False, 'cert': None}
        │       │    └ <PreparedRequest [GET]>
        │       └ <function HTTPAdapter.send at 0x7f4663110280>
        └ <requests.adapters.HTTPAdapter object at 0x7f427d1bfd60>
  File "/home/chase/.local/lib/python3.8/site-packages/requests/adapters.py", line 529, in send
    raise ReadTimeout(e, request=request)
          │                      └ <PreparedRequest [GET]>
          └ <class 'requests.exceptions.ReadTimeout'>

requests.exceptions.ReadTimeout: HTTPConnectionPool(host='so.news.cn', port=80): Read timed out. (read timeout=10)
2022-05-11 23:59:17.773 | ERROR    | monitor.searchSpiders.qiushi:get_request_from_keyword:36 - E 求是错误HTTPConnectionPool(host='so.news.cn', port=80): Read timed out. (read timeout=10)
Traceback (most recent call last):

  File "/home/chase/.local/lib/python3.8/site-packages/urllib3/connectionpool.py", line 445, in _make_request
    six.raise_from(e, None)
    │   └ <function raise_from at 0x7f4663599160>
    └ <module 'urllib3.packages.six' from '/home/chase/.local/lib/python3.8/site-packages/urllib3/packages/six.py'>
  File "<string>", line 3, in raise_from
  File "/home/chase/.local/lib/python3.8/site-packages/urllib3/connectionpool.py", line 440, in _make_request
    httplib_response = conn.getresponse()
                       │    └ <function HTTPConnection.getresponse at 0x7f4678b7d310>
                       └ <urllib3.connection.HTTPConnection object at 0x7f42624d7250>
  File "/usr/lib/python3.8/http/client.py", line 1348, in getresponse
    response.begin()
    │        └ <function HTTPResponse.begin at 0x7f4678b7b670>
    └ <http.client.HTTPResponse object at 0x7f429ddca4c0>
  File "/usr/lib/python3.8/http/client.py", line 316, in begin
    version, status, reason = self._read_status()
                              │    └ <function HTTPResponse._read_status at 0x7f4678b7b5e0>
                              └ <http.client.HTTPResponse object at 0x7f429ddca4c0>
  File "/usr/lib/python3.8/http/client.py", line 277, in _read_status
    line = str(self.fp.readline(_MAXLINE + 1), "iso-8859-1")
               │    │           └ 65536
               │    └ None
               └ <http.client.HTTPResponse object at 0x7f429ddca4c0>
  File "/usr/lib/python3.8/socket.py", line 669, in readinto
    return self._sock.recv_into(b)
           │    │               └ <memory at 0x7f43a7872280>
           │    └ None
           └ <socket.SocketIO object at 0x7f42fc164520>

socket.timeout: timed out


During handling of the above exception, another exception occurred:


Traceback (most recent call last):

  File "/home/chase/.local/lib/python3.8/site-packages/requests/adapters.py", line 439, in send
    resp = conn.urlopen(
           │    └ <function HTTPConnectionPool.urlopen at 0x7f46632db820>
           └ <urllib3.connectionpool.HTTPConnectionPool object at 0x7f43678b97f0>
  File "/home/chase/.local/lib/python3.8/site-packages/urllib3/connectionpool.py", line 755, in urlopen
    retries = retries.increment(
              │       └ <function Retry.increment at 0x7f4663323b80>
              └ Retry(total=0, connect=None, read=False, redirect=None, status=None)
  File "/home/chase/.local/lib/python3.8/site-packages/urllib3/util/retry.py", line 532, in increment
    raise six.reraise(type(error), error, _stacktrace)
          │   │            │       │      └ <traceback object at 0x7f44f41667c0>
          │   │            │       └ ReadTimeoutError("HTTPConnectionPool(host='so.news.cn', port=80): Read timed out. (read timeout=10)")
          │   │            └ ReadTimeoutError("HTTPConnectionPool(host='so.news.cn', port=80): Read timed out. (read timeout=10)")
          │   └ <function reraise at 0x7f46635990d0>
          └ <module 'urllib3.packages.six' from '/home/chase/.local/lib/python3.8/site-packages/urllib3/packages/six.py'>
  File "/home/chase/.local/lib/python3.8/site-packages/urllib3/packages/six.py", line 770, in reraise
    raise value
          └ None
  File "/home/chase/.local/lib/python3.8/site-packages/urllib3/connectionpool.py", line 699, in urlopen
    httplib_response = self._make_request(
                       │    └ <function HTTPConnectionPool._make_request at 0x7f46632db5e0>
                       └ <urllib3.connectionpool.HTTPConnectionPool object at 0x7f43678b97f0>
  File "/home/chase/.local/lib/python3.8/site-packages/urllib3/connectionpool.py", line 447, in _make_request
    self._raise_timeout(err=e, url=url, timeout_value=read_timeout)
    │    │                         │                  └ 10
    │    │                         └ '/qiushi/more?callback=jsonpCallback&page=141&keyword=%E4%B9%A0%E8%BF%91%E5%B9%B3%E4%B8%BB%E5%B8%AD%E7%89%B9%E5%88%AB%E4%BB%A...
    │    └ <function HTTPConnectionPool._raise_timeout at 0x7f46632db550>
    └ <urllib3.connectionpool.HTTPConnectionPool object at 0x7f43678b97f0>
  File "/home/chase/.local/lib/python3.8/site-packages/urllib3/connectionpool.py", line 336, in _raise_timeout
    raise ReadTimeoutError(
          └ <class 'urllib3.exceptions.ReadTimeoutError'>

urllib3.exceptions.ReadTimeoutError: HTTPConnectionPool(host='so.news.cn', port=80): Read timed out. (read timeout=10)


During handling of the above exception, another exception occurred:


Traceback (most recent call last):

  File "/usr/lib/python3.8/threading.py", line 890, in _bootstrap
    self._bootstrap_inner()
    │    └ <function Thread._bootstrap_inner at 0x7f4689341a60>
    └ <Thread(Thread-4649, started daemon 139928619075328)>
  File "/usr/lib/python3.8/threading.py", line 932, in _bootstrap_inner
    self.run()
    │    └ <function Thread.run at 0x7f4689341790>
    └ <Thread(Thread-4649, started daemon 139928619075328)>
  File "/usr/lib/python3.8/threading.py", line 870, in run
    self._target(*self._args, **self._kwargs)
    │    │        │    │        │    └ {}
    │    │        │    │        └ <Thread(Thread-4649, started daemon 139928619075328)>
    │    │        │    └ ('ProjectManager.run_func_by_thread',)
    │    │        └ <Thread(Thread-4649, started daemon 139928619075328)>
    │    └ <bound method ProjectManager.get_request_from_keywords_hot of <monitor.projectManager.ProjectManager object at 0x7f457182e160>>
    └ <Thread(Thread-4649, started daemon 139928619075328)>

  File "/home/users/Scy/yuqing/spider/monitor/projectManager.py", line 795, in get_request_from_keywords_hot
    self.search_spider_manager.crawl_by_keyword(
    │    │                     └ <function SearchSpidersManager.crawl_by_keyword at 0x7f4571832040>
    │    └ <monitor.spiderManager.SearchSpidersManager object at 0x7f4571441610>
    └ <monitor.projectManager.ProjectManager object at 0x7f457182e160>

  File "/home/users/Scy/yuqing/spider/monitor/spiderManager.py", line 118, in crawl_by_keyword
    self.crawl_by_keyword_signal_platform(project_names, platform, keyword, crawl_time, project_times)
    │    │                                │              │         │        │           └ {'default': <monitor.TimeSection object at 0x7f4571558ac0>}
    │    │                                │              │         │        └ <monitor.TimeSection object at 0x7f43898a2340>
    │    │                                │              │         └ '习近平主席特别代表、国家副主席王岐山将出席韩国总统就职…'
    │    │                                │              └ '求是'
    │    │                                └ ['default']
    │    └ <function SearchSpidersManager.crawl_by_keyword_signal_platform at 0x7f45718320d0>
    └ <monitor.spiderManager.SearchSpidersManager object at 0x7f4571441610>

  File "/home/users/Scy/yuqing/spider/monitor/spiderManager.py", line 134, in crawl_by_keyword_signal_platform
    requests = self.get_request_from_keyword(platform, keyword, **crawl_time.to_dict())
               │    │                        │         │          │          └ <function TimeSection.to_dict at 0x7f46697d5550>
               │    │                        │         │          └ <monitor.TimeSection object at 0x7f43898a2340>
               │    │                        │         └ '习近平主席特别代表、国家副主席王岐山将出席韩国总统就职…'
               │    │                        └ '求是'
               │    └ <function SearchSpidersManager.get_request_from_keyword at 0x7f45718321f0>
               └ <monitor.spiderManager.SearchSpidersManager object at 0x7f4571441610>

  File "/home/users/Scy/yuqing/spider/monitor/spiderManager.py", line 191, in get_request_from_keyword
    for request in self.spiders[platform].get_request_from_keyword(headers, search_url, keyword, content_url,
        │          │    │       │                                  │        │           │        └ <string.Template object at 0x7f426e476190>
        │          │    │       │                                  │        │           └ '习近平主席特别代表、国家副主席王岐山将出席韩国总统就职…'
        │          │    │       │                                  │        └ <string.Template object at 0x7f428efd0130>
        │          │    │       │                                  └ {'Connection': 'keep-alive', 'Cache-Control': 'max-age=0', 'Upgrade-Insecure-Requests': '1', 'User-Agent': 'Mozilla/5.0 (Wind...
        │          │    │       └ '求是'
        │          │    └ {'凤凰网': <monitor.searchSpiders.ifeng.Ifeng object at 0x7f4571441d60>, '头条': <monitor.searchSpiders.toutiao.Toutiao object at ...
        │          └ <monitor.spiderManager.SearchSpidersManager object at 0x7f4571441610>
        └ <GET http://www.qstheory.cn/yaowen/2022-01/28/c_1128311257.htm>

> File "/home/users/Scy/yuqing/spider/monitor/searchSpiders/qiushi.py", line 27, in get_request_from_keyword
    json_response = json.loads(response.text[14:-2])
                    │    │     │        └ <property object at 0x7f4663177db0>
                    │    │     └ <Response [200]>
                    │    └ <function loads at 0x7f468920ef70>
                    └ <module 'json' from '/usr/lib/python3.8/json/__init__.py'>

  File "/home/chase/.local/lib/python3.8/site-packages/requests/api.py", line 75, in get
    return request('get', url, params=params, **kwargs)
           │              │           │         └ {'headers': {'Connection': 'keep-alive', 'Cache-Control': 'max-age=0', 'Upgrade-Insecure-Requests': '1', 'User-Agent': 'Mozil...
           │              │           └ None
           │              └ 'http://so.news.cn/qiushi/more?callback=jsonpCallback&page=141&keyword=习近平主席特别代表、国家副主席王岐山将出席韩国总统就职…&searchword=(LinkTitle%3D%...
           └ <function request at 0x7f466317b040>
  File "/home/chase/.local/lib/python3.8/site-packages/requests/api.py", line 61, in request
    return session.request(method=method, url=url, **kwargs)
           │       │              │           │      └ {'params': None, 'headers': {'Connection': 'keep-alive', 'Cache-Control': 'max-age=0', 'Upgrade-Insecure-Requests': '1', 'Use...
           │       │              │           └ 'http://so.news.cn/qiushi/more?callback=jsonpCallback&page=141&keyword=习近平主席特别代表、国家副主席王岐山将出席韩国总统就职…&searchword=(LinkTitle%3D%...
           │       │              └ 'get'
           │       └ <function Session.request at 0x7f4663110940>
           └ <requests.sessions.Session object at 0x7f42c9ae60a0>
  File "/home/chase/.local/lib/python3.8/site-packages/requests/sessions.py", line 542, in request
    resp = self.send(prep, **send_kwargs)
           │    │    │       └ {'timeout': 10, 'allow_redirects': True, 'verify': True, 'proxies': OrderedDict(), 'stream': False, 'cert': None}
           │    │    └ <PreparedRequest [GET]>
           │    └ <function Session.send at 0x7f4663110dc0>
           └ <requests.sessions.Session object at 0x7f42c9ae60a0>
  File "/home/chase/.local/lib/python3.8/site-packages/requests/sessions.py", line 655, in send
    r = adapter.send(request, **kwargs)
        │       │    │          └ {'timeout': 10, 'verify': True, 'proxies': OrderedDict(), 'stream': False, 'cert': None}
        │       │    └ <PreparedRequest [GET]>
        │       └ <function HTTPAdapter.send at 0x7f4663110280>
        └ <requests.adapters.HTTPAdapter object at 0x7f433c9112b0>
  File "/home/chase/.local/lib/python3.8/site-packages/requests/adapters.py", line 529, in send
    raise ReadTimeout(e, request=request)
          │                      └ <PreparedRequest [GET]>
          └ <class 'requests.exceptions.ReadTimeout'>

requests.exceptions.ReadTimeout: HTTPConnectionPool(host='so.news.cn', port=80): Read timed out. (read timeout=10)
2022-05-11 23:59:17.976 | ERROR    | monitor.searchSpiders.qiushi:get_request_from_keyword:36 - E 求是错误HTTPConnectionPool(host='so.news.cn', port=80): Read timed out. (read timeout=10)
Traceback (most recent call last):

  File "/home/chase/.local/lib/python3.8/site-packages/urllib3/connectionpool.py", line 445, in _make_request
    six.raise_from(e, None)
    │   └ <function raise_from at 0x7f4663599160>
    └ <module 'urllib3.packages.six' from '/home/chase/.local/lib/python3.8/site-packages/urllib3/packages/six.py'>
  File "<string>", line 3, in raise_from
  File "/home/chase/.local/lib/python3.8/site-packages/urllib3/connectionpool.py", line 440, in _make_request
    httplib_response = conn.getresponse()
                       │    └ <function HTTPConnection.getresponse at 0x7f4678b7d310>
                       └ <urllib3.connection.HTTPConnection object at 0x7f4358307280>
  File "/usr/lib/python3.8/http/client.py", line 1348, in getresponse
    response.begin()
    │        └ <function HTTPResponse.begin at 0x7f4678b7b670>
    └ <http.client.HTTPResponse object at 0x7f42f66594f0>
  File "/usr/lib/python3.8/http/client.py", line 316, in begin
    version, status, reason = self._read_status()
                              │    └ <function HTTPResponse._read_status at 0x7f4678b7b5e0>
                              └ <http.client.HTTPResponse object at 0x7f42f66594f0>
  File "/usr/lib/python3.8/http/client.py", line 277, in _read_status
    line = str(self.fp.readline(_MAXLINE + 1), "iso-8859-1")
               │    │           └ 65536
               │    └ None
               └ <http.client.HTTPResponse object at 0x7f42f66594f0>
  File "/usr/lib/python3.8/socket.py", line 669, in readinto
    return self._sock.recv_into(b)
           │    │               └ <memory at 0x7f426d81b400>
           │    └ None
           └ <socket.SocketIO object at 0x7f42ab7daa30>

socket.timeout: timed out


During handling of the above exception, another exception occurred:


Traceback (most recent call last):

  File "/home/chase/.local/lib/python3.8/site-packages/requests/adapters.py", line 439, in send
    resp = conn.urlopen(
           │    └ <function HTTPConnectionPool.urlopen at 0x7f46632db820>
           └ <urllib3.connectionpool.HTTPConnectionPool object at 0x7f43229482b0>
  File "/home/chase/.local/lib/python3.8/site-packages/urllib3/connectionpool.py", line 755, in urlopen
    retries = retries.increment(
              │       └ <function Retry.increment at 0x7f4663323b80>
              └ Retry(total=0, connect=None, read=False, redirect=None, status=None)
  File "/home/chase/.local/lib/python3.8/site-packages/urllib3/util/retry.py", line 532, in increment
    raise six.reraise(type(error), error, _stacktrace)
          │   │            │       │      └ <traceback object at 0x7f4260ea84c0>
          │   │            │       └ ReadTimeoutError("HTTPConnectionPool(host='so.news.cn', port=80): Read timed out. (read timeout=10)")
          │   │            └ ReadTimeoutError("HTTPConnectionPool(host='so.news.cn', port=80): Read timed out. (read timeout=10)")
          │   └ <function reraise at 0x7f46635990d0>
          └ <module 'urllib3.packages.six' from '/home/chase/.local/lib/python3.8/site-packages/urllib3/packages/six.py'>
  File "/home/chase/.local/lib/python3.8/site-packages/urllib3/packages/six.py", line 770, in reraise
    raise value
          └ None
  File "/home/chase/.local/lib/python3.8/site-packages/urllib3/connectionpool.py", line 699, in urlopen
    httplib_response = self._make_request(
                       │    └ <function HTTPConnectionPool._make_request at 0x7f46632db5e0>
                       └ <urllib3.connectionpool.HTTPConnectionPool object at 0x7f43229482b0>
  File "/home/chase/.local/lib/python3.8/site-packages/urllib3/connectionpool.py", line 447, in _make_request
    self._raise_timeout(err=e, url=url, timeout_value=read_timeout)
    │    │                         │                  └ 10
    │    │                         └ '/qiushi/more?callback=jsonpCallback&page=104&keyword=%E4%B9%A0%E8%BF%91%E5%B9%B3%E4%B8%BB%E5%B8%AD%E7%89%B9%E5%88%AB%E4%BB%A...
    │    └ <function HTTPConnectionPool._raise_timeout at 0x7f46632db550>
    └ <urllib3.connectionpool.HTTPConnectionPool object at 0x7f43229482b0>
  File "/home/chase/.local/lib/python3.8/site-packages/urllib3/connectionpool.py", line 336, in _raise_timeout
    raise ReadTimeoutError(
          └ <class 'urllib3.exceptions.ReadTimeoutError'>

urllib3.exceptions.ReadTimeoutError: HTTPConnectionPool(host='so.news.cn', port=80): Read timed out. (read timeout=10)


During handling of the above exception, another exception occurred:


Traceback (most recent call last):

  File "/usr/lib/python3.8/threading.py", line 890, in _bootstrap
    self._bootstrap_inner()
    │    └ <function Thread._bootstrap_inner at 0x7f4689341a60>
    └ <Thread(Thread-4851, started daemon 139927200626432)>
  File "/usr/lib/python3.8/threading.py", line 932, in _bootstrap_inner
    self.run()
    │    └ <function Thread.run at 0x7f4689341790>
    └ <Thread(Thread-4851, started daemon 139927200626432)>
  File "/usr/lib/python3.8/threading.py", line 870, in run
    self._target(*self._args, **self._kwargs)
    │    │        │    │        │    └ {}
    │    │        │    │        └ <Thread(Thread-4851, started daemon 139927200626432)>
    │    │        │    └ ('ProjectManager.run_func_by_thread',)
    │    │        └ <Thread(Thread-4851, started daemon 139927200626432)>
    │    └ <bound method ProjectManager.get_request_from_keywords_hot of <monitor.projectManager.ProjectManager object at 0x7f457182e160>>
    └ <Thread(Thread-4851, started daemon 139927200626432)>

  File "/home/users/Scy/yuqing/spider/monitor/projectManager.py", line 795, in get_request_from_keywords_hot
    self.search_spider_manager.crawl_by_keyword(
    │    │                     └ <function SearchSpidersManager.crawl_by_keyword at 0x7f4571832040>
    │    └ <monitor.spiderManager.SearchSpidersManager object at 0x7f4571441610>
    └ <monitor.projectManager.ProjectManager object at 0x7f457182e160>

  File "/home/users/Scy/yuqing/spider/monitor/spiderManager.py", line 118, in crawl_by_keyword
    self.crawl_by_keyword_signal_platform(project_names, platform, keyword, crawl_time, project_times)
    │    │                                │              │         │        │           └ {'default': <monitor.TimeSection object at 0x7f4571558ac0>}
    │    │                                │              │         │        └ <monitor.TimeSection object at 0x7f42cfd8d940>
    │    │                                │              │         └ '习近平主席特别代表、国家副主席王岐山将出席韩国总统就职…'
    │    │                                │              └ '求是'
    │    │                                └ ['default']
    │    └ <function SearchSpidersManager.crawl_by_keyword_signal_platform at 0x7f45718320d0>
    └ <monitor.spiderManager.SearchSpidersManager object at 0x7f4571441610>

  File "/home/users/Scy/yuqing/spider/monitor/spiderManager.py", line 134, in crawl_by_keyword_signal_platform
    requests = self.get_request_from_keyword(platform, keyword, **crawl_time.to_dict())
               │    │                        │         │          │          └ <function TimeSection.to_dict at 0x7f46697d5550>
               │    │                        │         │          └ <monitor.TimeSection object at 0x7f42cfd8d940>
               │    │                        │         └ '习近平主席特别代表、国家副主席王岐山将出席韩国总统就职…'
               │    │                        └ '求是'
               │    └ <function SearchSpidersManager.get_request_from_keyword at 0x7f45718321f0>
               └ <monitor.spiderManager.SearchSpidersManager object at 0x7f4571441610>

  File "/home/users/Scy/yuqing/spider/monitor/spiderManager.py", line 191, in get_request_from_keyword
    for request in self.spiders[platform].get_request_from_keyword(headers, search_url, keyword, content_url,
        │          │    │       │                                  │        │           │        └ <string.Template object at 0x7f43243905e0>
        │          │    │       │                                  │        │           └ '习近平主席特别代表、国家副主席王岐山将出席韩国总统就职…'
        │          │    │       │                                  │        └ <string.Template object at 0x7f42d149bac0>
        │          │    │       │                                  └ {'Connection': 'keep-alive', 'Cache-Control': 'max-age=0', 'Upgrade-Insecure-Requests': '1', 'User-Agent': 'Mozilla/5.0 (Wind...
        │          │    │       └ '求是'
        │          │    └ {'凤凰网': <monitor.searchSpiders.ifeng.Ifeng object at 0x7f4571441d60>, '头条': <monitor.searchSpiders.toutiao.Toutiao object at ...
        │          └ <monitor.spiderManager.SearchSpidersManager object at 0x7f4571441610>
        └ <GET http://www.qstheory.cn/yaowen/2021-06/03/c_1127525552.htm>

> File "/home/users/Scy/yuqing/spider/monitor/searchSpiders/qiushi.py", line 27, in get_request_from_keyword
    json_response = json.loads(response.text[14:-2])
                    │    │     │        └ <property object at 0x7f4663177db0>
                    │    │     └ <Response [200]>
                    │    └ <function loads at 0x7f468920ef70>
                    └ <module 'json' from '/usr/lib/python3.8/json/__init__.py'>

  File "/home/chase/.local/lib/python3.8/site-packages/requests/api.py", line 75, in get
    return request('get', url, params=params, **kwargs)
           │              │           │         └ {'headers': {'Connection': 'keep-alive', 'Cache-Control': 'max-age=0', 'Upgrade-Insecure-Requests': '1', 'User-Agent': 'Mozil...
           │              │           └ None
           │              └ 'http://so.news.cn/qiushi/more?callback=jsonpCallback&page=104&keyword=习近平主席特别代表、国家副主席王岐山将出席韩国总统就职…&searchword=(LinkTitle%3D%...
           └ <function request at 0x7f466317b040>
  File "/home/chase/.local/lib/python3.8/site-packages/requests/api.py", line 61, in request
    return session.request(method=method, url=url, **kwargs)
           │       │              │           │      └ {'params': None, 'headers': {'Connection': 'keep-alive', 'Cache-Control': 'max-age=0', 'Upgrade-Insecure-Requests': '1', 'Use...
           │       │              │           └ 'http://so.news.cn/qiushi/more?callback=jsonpCallback&page=104&keyword=习近平主席特别代表、国家副主席王岐山将出席韩国总统就职…&searchword=(LinkTitle%3D%...
           │       │              └ 'get'
           │       └ <function Session.request at 0x7f4663110940>
           └ <requests.sessions.Session object at 0x7f4482ee97f0>
  File "/home/chase/.local/lib/python3.8/site-packages/requests/sessions.py", line 542, in request
    resp = self.send(prep, **send_kwargs)
           │    │    │       └ {'timeout': 10, 'allow_redirects': True, 'verify': True, 'proxies': OrderedDict(), 'stream': False, 'cert': None}
           │    │    └ <PreparedRequest [GET]>
           │    └ <function Session.send at 0x7f4663110dc0>
           └ <requests.sessions.Session object at 0x7f4482ee97f0>
  File "/home/chase/.local/lib/python3.8/site-packages/requests/sessions.py", line 655, in send
    r = adapter.send(request, **kwargs)
        │       │    │          └ {'timeout': 10, 'verify': True, 'proxies': OrderedDict(), 'stream': False, 'cert': None}
        │       │    └ <PreparedRequest [GET]>
        │       └ <function HTTPAdapter.send at 0x7f4663110280>
        └ <requests.adapters.HTTPAdapter object at 0x7f42db18c850>
  File "/home/chase/.local/lib/python3.8/site-packages/requests/adapters.py", line 529, in send
    raise ReadTimeout(e, request=request)
          │                      └ <PreparedRequest [GET]>
          └ <class 'requests.exceptions.ReadTimeout'>

requests.exceptions.ReadTimeout: HTTPConnectionPool(host='so.news.cn', port=80): Read timed out. (read timeout=10)
2022-05-11 23:59:18.069 | ERROR    | monitor.searchSpiders.qiushi:get_request_from_keyword:36 - E 求是错误HTTPConnectionPool(host='so.news.cn', port=80): Read timed out. (read timeout=10)
Traceback (most recent call last):

  File "/home/chase/.local/lib/python3.8/site-packages/urllib3/connectionpool.py", line 445, in _make_request
    six.raise_from(e, None)
    │   └ <function raise_from at 0x7f4663599160>
    └ <module 'urllib3.packages.six' from '/home/chase/.local/lib/python3.8/site-packages/urllib3/packages/six.py'>
  File "<string>", line 3, in raise_from
  File "/home/chase/.local/lib/python3.8/site-packages/urllib3/connectionpool.py", line 440, in _make_request
    httplib_response = conn.getresponse()
                       │    └ <function HTTPConnection.getresponse at 0x7f4678b7d310>
                       └ <urllib3.connection.HTTPConnection object at 0x7f4256f5b3d0>
  File "/usr/lib/python3.8/http/client.py", line 1348, in getresponse
    response.begin()
    │        └ <function HTTPResponse.begin at 0x7f4678b7b670>
    └ <http.client.HTTPResponse object at 0x7f42797eedc0>
  File "/usr/lib/python3.8/http/client.py", line 316, in begin
    version, status, reason = self._read_status()
                              │    └ <function HTTPResponse._read_status at 0x7f4678b7b5e0>
                              └ <http.client.HTTPResponse object at 0x7f42797eedc0>
  File "/usr/lib/python3.8/http/client.py", line 277, in _read_status
    line = str(self.fp.readline(_MAXLINE + 1), "iso-8859-1")
               │    │           └ 65536
               │    └ None
               └ <http.client.HTTPResponse object at 0x7f42797eedc0>
  File "/usr/lib/python3.8/socket.py", line 669, in readinto
    return self._sock.recv_into(b)
           │    │               └ <memory at 0x7f42ab76d880>
           │    └ None
           └ <socket.SocketIO object at 0x7f44d0154ac0>

socket.timeout: timed out


During handling of the above exception, another exception occurred:


Traceback (most recent call last):

  File "/home/chase/.local/lib/python3.8/site-packages/requests/adapters.py", line 439, in send
    resp = conn.urlopen(
           │    └ <function HTTPConnectionPool.urlopen at 0x7f46632db820>
           └ <urllib3.connectionpool.HTTPConnectionPool object at 0x7f43672e77c0>
  File "/home/chase/.local/lib/python3.8/site-packages/urllib3/connectionpool.py", line 755, in urlopen
    retries = retries.increment(
              │       └ <function Retry.increment at 0x7f4663323b80>
              └ Retry(total=0, connect=None, read=False, redirect=None, status=None)
  File "/home/chase/.local/lib/python3.8/site-packages/urllib3/util/retry.py", line 532, in increment
    raise six.reraise(type(error), error, _stacktrace)
          │   │            │       │      └ <traceback object at 0x7f437db86440>
          │   │            │       └ ReadTimeoutError("HTTPConnectionPool(host='so.news.cn', port=80): Read timed out. (read timeout=10)")
          │   │            └ ReadTimeoutError("HTTPConnectionPool(host='so.news.cn', port=80): Read timed out. (read timeout=10)")
          │   └ <function reraise at 0x7f46635990d0>
          └ <module 'urllib3.packages.six' from '/home/chase/.local/lib/python3.8/site-packages/urllib3/packages/six.py'>
  File "/home/chase/.local/lib/python3.8/site-packages/urllib3/packages/six.py", line 770, in reraise
    raise value
          └ None
  File "/home/chase/.local/lib/python3.8/site-packages/urllib3/connectionpool.py", line 699, in urlopen
    httplib_response = self._make_request(
                       │    └ <function HTTPConnectionPool._make_request at 0x7f46632db5e0>
                       └ <urllib3.connectionpool.HTTPConnectionPool object at 0x7f43672e77c0>
  File "/home/chase/.local/lib/python3.8/site-packages/urllib3/connectionpool.py", line 447, in _make_request
    self._raise_timeout(err=e, url=url, timeout_value=read_timeout)
    │    │                         │                  └ 10
    │    │                         └ '/qiushi/more?callback=jsonpCallback&page=1&keyword=%E6%AC%A7%E7%9B%9F%E5%8F%91%E5%B8%83%E6%89%A9%E5%A4%A7%E5%9C%B0%E7%90%86%...
    │    └ <function HTTPConnectionPool._raise_timeout at 0x7f46632db550>
    └ <urllib3.connectionpool.HTTPConnectionPool object at 0x7f43672e77c0>
  File "/home/chase/.local/lib/python3.8/site-packages/urllib3/connectionpool.py", line 336, in _raise_timeout
    raise ReadTimeoutError(
          └ <class 'urllib3.exceptions.ReadTimeoutError'>

urllib3.exceptions.ReadTimeoutError: HTTPConnectionPool(host='so.news.cn', port=80): Read timed out. (read timeout=10)


During handling of the above exception, another exception occurred:


Traceback (most recent call last):

  File "/usr/lib/python3.8/threading.py", line 890, in _bootstrap
    self._bootstrap_inner()
    │    └ <function Thread._bootstrap_inner at 0x7f4689341a60>
    └ <Thread(Thread-4006, started daemon 139926764525312)>
  File "/usr/lib/python3.8/threading.py", line 932, in _bootstrap_inner
    self.run()
    │    └ <function Thread.run at 0x7f4689341790>
    └ <Thread(Thread-4006, started daemon 139926764525312)>
  File "/usr/lib/python3.8/threading.py", line 870, in run
    self._target(*self._args, **self._kwargs)
    │    │        │    │        │    └ {}
    │    │        │    │        └ <Thread(Thread-4006, started daemon 139926764525312)>
    │    │        │    └ ('ProjectManager.run_func_by_thread',)
    │    │        └ <Thread(Thread-4006, started daemon 139926764525312)>
    │    └ <bound method ProjectManager.get_request_from_keywords_hot of <monitor.projectManager.ProjectManager object at 0x7f457182e160>>
    └ <Thread(Thread-4006, started daemon 139926764525312)>

  File "/home/users/Scy/yuqing/spider/monitor/projectManager.py", line 795, in get_request_from_keywords_hot
    self.search_spider_manager.crawl_by_keyword(
    │    │                     └ <function SearchSpidersManager.crawl_by_keyword at 0x7f4571832040>
    │    └ <monitor.spiderManager.SearchSpidersManager object at 0x7f4571441610>
    └ <monitor.projectManager.ProjectManager object at 0x7f457182e160>

  File "/home/users/Scy/yuqing/spider/monitor/spiderManager.py", line 118, in crawl_by_keyword
    self.crawl_by_keyword_signal_platform(project_names, platform, keyword, crawl_time, project_times)
    │    │                                │              │         │        │           └ {'default': <monitor.TimeSection object at 0x7f4571558ac0>}
    │    │                                │              │         │        └ <monitor.TimeSection object at 0x7f4324e1aee0>
    │    │                                │              │         └ '欧盟发布扩大地理标志计划新提案'
    │    │                                │              └ '求是'
    │    │                                └ ['default']
    │    └ <function SearchSpidersManager.crawl_by_keyword_signal_platform at 0x7f45718320d0>
    └ <monitor.spiderManager.SearchSpidersManager object at 0x7f4571441610>

  File "/home/users/Scy/yuqing/spider/monitor/spiderManager.py", line 134, in crawl_by_keyword_signal_platform
    requests = self.get_request_from_keyword(platform, keyword, **crawl_time.to_dict())
               │    │                        │         │          │          └ <function TimeSection.to_dict at 0x7f46697d5550>
               │    │                        │         │          └ <monitor.TimeSection object at 0x7f4324e1aee0>
               │    │                        │         └ '欧盟发布扩大地理标志计划新提案'
               │    │                        └ '求是'
               │    └ <function SearchSpidersManager.get_request_from_keyword at 0x7f45718321f0>
               └ <monitor.spiderManager.SearchSpidersManager object at 0x7f4571441610>

  File "/home/users/Scy/yuqing/spider/monitor/spiderManager.py", line 191, in get_request_from_keyword
    for request in self.spiders[platform].get_request_from_keyword(headers, search_url, keyword, content_url,
                   │    │       │                                  │        │           │        └ <string.Template object at 0x7f44f4b1f7c0>
                   │    │       │                                  │        │           └ '欧盟发布扩大地理标志计划新提案'
                   │    │       │                                  │        └ <string.Template object at 0x7f42f920f8e0>
                   │    │       │                                  └ {'Connection': 'keep-alive', 'Cache-Control': 'max-age=0', 'Upgrade-Insecure-Requests': '1', 'User-Agent': 'Mozilla/5.0 (Wind...
                   │    │       └ '求是'
                   │    └ {'凤凰网': <monitor.searchSpiders.ifeng.Ifeng object at 0x7f4571441d60>, '头条': <monitor.searchSpiders.toutiao.Toutiao object at ...
                   └ <monitor.spiderManager.SearchSpidersManager object at 0x7f4571441610>

> File "/home/users/Scy/yuqing/spider/monitor/searchSpiders/qiushi.py", line 27, in get_request_from_keyword
    json_response = json.loads(response.text[14:-2])
                    │    └ <function loads at 0x7f468920ef70>
                    └ <module 'json' from '/usr/lib/python3.8/json/__init__.py'>

  File "/home/chase/.local/lib/python3.8/site-packages/requests/api.py", line 75, in get
    return request('get', url, params=params, **kwargs)
           │              │           │         └ {'headers': {'Connection': 'keep-alive', 'Cache-Control': 'max-age=0', 'Upgrade-Insecure-Requests': '1', 'User-Agent': 'Mozil...
           │              │           └ None
           │              └ 'http://so.news.cn/qiushi/more?callback=jsonpCallback&page=1&keyword=欧盟发布扩大地理标志计划新提案&searchword=(LinkTitle%3D%E5%AD%9F%E6%99%...
           └ <function request at 0x7f466317b040>
  File "/home/chase/.local/lib/python3.8/site-packages/requests/api.py", line 61, in request
    return session.request(method=method, url=url, **kwargs)
           │       │              │           │      └ {'params': None, 'headers': {'Connection': 'keep-alive', 'Cache-Control': 'max-age=0', 'Upgrade-Insecure-Requests': '1', 'Use...
           │       │              │           └ 'http://so.news.cn/qiushi/more?callback=jsonpCallback&page=1&keyword=欧盟发布扩大地理标志计划新提案&searchword=(LinkTitle%3D%E5%AD%9F%E6%99%...
           │       │              └ 'get'
           │       └ <function Session.request at 0x7f4663110940>
           └ <requests.sessions.Session object at 0x7f43344a1e20>
  File "/home/chase/.local/lib/python3.8/site-packages/requests/sessions.py", line 542, in request
    resp = self.send(prep, **send_kwargs)
           │    │    │       └ {'timeout': 10, 'allow_redirects': True, 'verify': True, 'proxies': OrderedDict(), 'stream': False, 'cert': None}
           │    │    └ <PreparedRequest [GET]>
           │    └ <function Session.send at 0x7f4663110dc0>
           └ <requests.sessions.Session object at 0x7f43344a1e20>
  File "/home/chase/.local/lib/python3.8/site-packages/requests/sessions.py", line 655, in send
    r = adapter.send(request, **kwargs)
        │       │    │          └ {'timeout': 10, 'verify': True, 'proxies': OrderedDict(), 'stream': False, 'cert': None}
        │       │    └ <PreparedRequest [GET]>
        │       └ <function HTTPAdapter.send at 0x7f4663110280>
        └ <requests.adapters.HTTPAdapter object at 0x7f43b9e84e20>
  File "/home/chase/.local/lib/python3.8/site-packages/requests/adapters.py", line 529, in send
    raise ReadTimeout(e, request=request)
          │                      └ <PreparedRequest [GET]>
          └ <class 'requests.exceptions.ReadTimeout'>

requests.exceptions.ReadTimeout: HTTPConnectionPool(host='so.news.cn', port=80): Read timed out. (read timeout=10)
2022-05-11 23:59:18.453 | ERROR    | monitor.searchSpiders.qiushi:get_request_from_keyword:36 - E 求是错误HTTPConnectionPool(host='so.news.cn', port=80): Read timed out. (read timeout=10)
Traceback (most recent call last):

  File "/home/chase/.local/lib/python3.8/site-packages/urllib3/connectionpool.py", line 445, in _make_request
    six.raise_from(e, None)
    │   └ <function raise_from at 0x7f4663599160>
    └ <module 'urllib3.packages.six' from '/home/chase/.local/lib/python3.8/site-packages/urllib3/packages/six.py'>
  File "<string>", line 3, in raise_from
  File "/home/chase/.local/lib/python3.8/site-packages/urllib3/connectionpool.py", line 440, in _make_request
    httplib_response = conn.getresponse()
                       │    └ <function HTTPConnection.getresponse at 0x7f4678b7d310>
                       └ <urllib3.connection.HTTPConnection object at 0x7f438b8a6370>
  File "/usr/lib/python3.8/http/client.py", line 1348, in getresponse
    response.begin()
    │        └ <function HTTPResponse.begin at 0x7f4678b7b670>
    └ <http.client.HTTPResponse object at 0x7f45610aa5e0>
  File "/usr/lib/python3.8/http/client.py", line 316, in begin
    version, status, reason = self._read_status()
                              │    └ <function HTTPResponse._read_status at 0x7f4678b7b5e0>
                              └ <http.client.HTTPResponse object at 0x7f45610aa5e0>
  File "/usr/lib/python3.8/http/client.py", line 277, in _read_status
    line = str(self.fp.readline(_MAXLINE + 1), "iso-8859-1")
               │    │           └ 65536
               │    └ None
               └ <http.client.HTTPResponse object at 0x7f45610aa5e0>
  File "/usr/lib/python3.8/socket.py", line 669, in readinto
    return self._sock.recv_into(b)
           │    │               └ <memory at 0x7f429b63c340>
           │    └ None
           └ <socket.SocketIO object at 0x7f43742a91f0>

socket.timeout: timed out


During handling of the above exception, another exception occurred:


Traceback (most recent call last):

  File "/home/chase/.local/lib/python3.8/site-packages/requests/adapters.py", line 439, in send
    resp = conn.urlopen(
           │    └ <function HTTPConnectionPool.urlopen at 0x7f46632db820>
           └ <urllib3.connectionpool.HTTPConnectionPool object at 0x7f42dc200970>
  File "/home/chase/.local/lib/python3.8/site-packages/urllib3/connectionpool.py", line 755, in urlopen
    retries = retries.increment(
              │       └ <function Retry.increment at 0x7f4663323b80>
              └ Retry(total=0, connect=None, read=False, redirect=None, status=None)
  File "/home/chase/.local/lib/python3.8/site-packages/urllib3/util/retry.py", line 532, in increment
    raise six.reraise(type(error), error, _stacktrace)
          │   │            │       │      └ <traceback object at 0x7f42e52fc040>
          │   │            │       └ ReadTimeoutError("HTTPConnectionPool(host='so.news.cn', port=80): Read timed out. (read timeout=10)")
          │   │            └ ReadTimeoutError("HTTPConnectionPool(host='so.news.cn', port=80): Read timed out. (read timeout=10)")
          │   └ <function reraise at 0x7f46635990d0>
          └ <module 'urllib3.packages.six' from '/home/chase/.local/lib/python3.8/site-packages/urllib3/packages/six.py'>
  File "/home/chase/.local/lib/python3.8/site-packages/urllib3/packages/six.py", line 770, in reraise
    raise value
          └ None
  File "/home/chase/.local/lib/python3.8/site-packages/urllib3/connectionpool.py", line 699, in urlopen
    httplib_response = self._make_request(
                       │    └ <function HTTPConnectionPool._make_request at 0x7f46632db5e0>
                       └ <urllib3.connectionpool.HTTPConnectionPool object at 0x7f42dc200970>
  File "/home/chase/.local/lib/python3.8/site-packages/urllib3/connectionpool.py", line 447, in _make_request
    self._raise_timeout(err=e, url=url, timeout_value=read_timeout)
    │    │                         │                  └ 10
    │    │                         └ '/qiushi/more?callback=jsonpCallback&page=55&keyword=%E7%BE%8E%E5%9B%BD%E6%97%A0%E6%9D%83%E8%AE%A9%E4%B8%96%E7%95%8C%E4%B8%BA...
    │    └ <function HTTPConnectionPool._raise_timeout at 0x7f46632db550>
    └ <urllib3.connectionpool.HTTPConnectionPool object at 0x7f42dc200970>
  File "/home/chase/.local/lib/python3.8/site-packages/urllib3/connectionpool.py", line 336, in _raise_timeout
    raise ReadTimeoutError(
          └ <class 'urllib3.exceptions.ReadTimeoutError'>

urllib3.exceptions.ReadTimeoutError: HTTPConnectionPool(host='so.news.cn', port=80): Read timed out. (read timeout=10)


During handling of the above exception, another exception occurred:


Traceback (most recent call last):

  File "/usr/lib/python3.8/threading.py", line 890, in _bootstrap
    self._bootstrap_inner()
    │    └ <function Thread._bootstrap_inner at 0x7f4689341a60>
    └ <Thread(Thread-2441, started daemon 139924061624064)>
  File "/usr/lib/python3.8/threading.py", line 932, in _bootstrap_inner
    self.run()
    │    └ <function Thread.run at 0x7f4689341790>
    └ <Thread(Thread-2441, started daemon 139924061624064)>
  File "/usr/lib/python3.8/threading.py", line 870, in run
    self._target(*self._args, **self._kwargs)
    │    │        │    │        │    └ {}
    │    │        │    │        └ <Thread(Thread-2441, started daemon 139924061624064)>
    │    │        │    └ ('ProjectManager.run_func_by_thread',)
    │    │        └ <Thread(Thread-2441, started daemon 139924061624064)>
    │    └ <bound method ProjectManager.get_request_from_keywords_hot of <monitor.projectManager.ProjectManager object at 0x7f457182e160>>
    └ <Thread(Thread-2441, started daemon 139924061624064)>

  File "/home/users/Scy/yuqing/spider/monitor/projectManager.py", line 795, in get_request_from_keywords_hot
    self.search_spider_manager.crawl_by_keyword(
    │    │                     └ <function SearchSpidersManager.crawl_by_keyword at 0x7f4571832040>
    │    └ <monitor.spiderManager.SearchSpidersManager object at 0x7f4571441610>
    └ <monitor.projectManager.ProjectManager object at 0x7f457182e160>

  File "/home/users/Scy/yuqing/spider/monitor/spiderManager.py", line 118, in crawl_by_keyword
    self.crawl_by_keyword_signal_platform(project_names, platform, keyword, crawl_time, project_times)
    │    │                                │              │         │        │           └ {'default': <monitor.TimeSection object at 0x7f4571558ac0>}
    │    │                                │              │         │        └ <monitor.TimeSection object at 0x7f429d04b0a0>
    │    │                                │              │         └ '美国无权让世界为其战略私利埋单（观象台）'
    │    │                                │              └ '求是'
    │    │                                └ ['default']
    │    └ <function SearchSpidersManager.crawl_by_keyword_signal_platform at 0x7f45718320d0>
    └ <monitor.spiderManager.SearchSpidersManager object at 0x7f4571441610>

  File "/home/users/Scy/yuqing/spider/monitor/spiderManager.py", line 134, in crawl_by_keyword_signal_platform
    requests = self.get_request_from_keyword(platform, keyword, **crawl_time.to_dict())
               │    │                        │         │          │          └ <function TimeSection.to_dict at 0x7f46697d5550>
               │    │                        │         │          └ <monitor.TimeSection object at 0x7f429d04b0a0>
               │    │                        │         └ '美国无权让世界为其战略私利埋单（观象台）'
               │    │                        └ '求是'
               │    └ <function SearchSpidersManager.get_request_from_keyword at 0x7f45718321f0>
               └ <monitor.spiderManager.SearchSpidersManager object at 0x7f4571441610>

  File "/home/users/Scy/yuqing/spider/monitor/spiderManager.py", line 191, in get_request_from_keyword
    for request in self.spiders[platform].get_request_from_keyword(headers, search_url, keyword, content_url,
        │          │    │       │                                  │        │           │        └ <string.Template object at 0x7f42ef7b49d0>
        │          │    │       │                                  │        │           └ '美国无权让世界为其战略私利埋单（观象台）'
        │          │    │       │                                  │        └ <string.Template object at 0x7f42652c79d0>
        │          │    │       │                                  └ {'Connection': 'keep-alive', 'Cache-Control': 'max-age=0', 'Upgrade-Insecure-Requests': '1', 'User-Agent': 'Mozilla/5.0 (Wind...
        │          │    │       └ '求是'
        │          │    └ {'凤凰网': <monitor.searchSpiders.ifeng.Ifeng object at 0x7f4571441d60>, '头条': <monitor.searchSpiders.toutiao.Toutiao object at ...
        │          └ <monitor.spiderManager.SearchSpidersManager object at 0x7f4571441610>
        └ <GET http://www.qstheory.cn/qshyjx/2021-11/10/c_1128049738.htm>

> File "/home/users/Scy/yuqing/spider/monitor/searchSpiders/qiushi.py", line 27, in get_request_from_keyword
    json_response = json.loads(response.text[14:-2])
                    │    │     │        └ <property object at 0x7f4663177db0>
                    │    │     └ <Response [200]>
                    │    └ <function loads at 0x7f468920ef70>
                    └ <module 'json' from '/usr/lib/python3.8/json/__init__.py'>

  File "/home/chase/.local/lib/python3.8/site-packages/requests/api.py", line 75, in get
    return request('get', url, params=params, **kwargs)
           │              │           │         └ {'headers': {'Connection': 'keep-alive', 'Cache-Control': 'max-age=0', 'Upgrade-Insecure-Requests': '1', 'User-Agent': 'Mozil...
           │              │           └ None
           │              └ 'http://so.news.cn/qiushi/more?callback=jsonpCallback&page=55&keyword=美国无权让世界为其战略私利埋单（观象台）&searchword=(LinkTitle%3D%E5%AD%9F%...
           └ <function request at 0x7f466317b040>
  File "/home/chase/.local/lib/python3.8/site-packages/requests/api.py", line 61, in request
    return session.request(method=method, url=url, **kwargs)
           │       │              │           │      └ {'params': None, 'headers': {'Connection': 'keep-alive', 'Cache-Control': 'max-age=0', 'Upgrade-Insecure-Requests': '1', 'Use...
           │       │              │           └ 'http://so.news.cn/qiushi/more?callback=jsonpCallback&page=55&keyword=美国无权让世界为其战略私利埋单（观象台）&searchword=(LinkTitle%3D%E5%AD%9F%...
           │       │              └ 'get'
           │       └ <function Session.request at 0x7f4663110940>
           └ <requests.sessions.Session object at 0x7f438ab8e940>
  File "/home/chase/.local/lib/python3.8/site-packages/requests/sessions.py", line 542, in request
    resp = self.send(prep, **send_kwargs)
           │    │    │       └ {'timeout': 10, 'allow_redirects': True, 'verify': True, 'proxies': OrderedDict(), 'stream': False, 'cert': None}
           │    │    └ <PreparedRequest [GET]>
           │    └ <function Session.send at 0x7f4663110dc0>
           └ <requests.sessions.Session object at 0x7f438ab8e940>
  File "/home/chase/.local/lib/python3.8/site-packages/requests/sessions.py", line 655, in send
    r = adapter.send(request, **kwargs)
        │       │    │          └ {'timeout': 10, 'verify': True, 'proxies': OrderedDict(), 'stream': False, 'cert': None}
        │       │    └ <PreparedRequest [GET]>
        │       └ <function HTTPAdapter.send at 0x7f4663110280>
        └ <requests.adapters.HTTPAdapter object at 0x7f42c94da610>
  File "/home/chase/.local/lib/python3.8/site-packages/requests/adapters.py", line 529, in send
    raise ReadTimeout(e, request=request)
          │                      └ <PreparedRequest [GET]>
          └ <class 'requests.exceptions.ReadTimeout'>

requests.exceptions.ReadTimeout: HTTPConnectionPool(host='so.news.cn', port=80): Read timed out. (read timeout=10)
