2022-05-11 23:59:18.479 | ERROR    | monitor.searchSpiders.qiushi:get_request_from_keyword:36 - E 求是错误HTTPConnectionPool(host='so.news.cn', port=80): Read timed out. (read timeout=10)
Traceback (most recent call last):

  File "/home/chase/.local/lib/python3.8/site-packages/urllib3/connectionpool.py", line 445, in _make_request
    six.raise_from(e, None)
    │   └ <function raise_from at 0x7f4663599160>
    └ <module 'urllib3.packages.six' from '/home/chase/.local/lib/python3.8/site-packages/urllib3/packages/six.py'>
  File "<string>", line 3, in raise_from
  File "/home/chase/.local/lib/python3.8/site-packages/urllib3/connectionpool.py", line 440, in _make_request
    httplib_response = conn.getresponse()
                       │    └ <function HTTPConnection.getresponse at 0x7f4678b7d310>
                       └ <urllib3.connection.HTTPConnection object at 0x7f435a297b50>
  File "/usr/lib/python3.8/http/client.py", line 1348, in getresponse
    response.begin()
    │        └ <function HTTPResponse.begin at 0x7f4678b7b670>
    └ <http.client.HTTPResponse object at 0x7f439e2367c0>
  File "/usr/lib/python3.8/http/client.py", line 316, in begin
    version, status, reason = self._read_status()
                              │    └ <function HTTPResponse._read_status at 0x7f4678b7b5e0>
                              └ <http.client.HTTPResponse object at 0x7f439e2367c0>
  File "/usr/lib/python3.8/http/client.py", line 277, in _read_status
    line = str(self.fp.readline(_MAXLINE + 1), "iso-8859-1")
               │    │           └ 65536
               │    └ None
               └ <http.client.HTTPResponse object at 0x7f439e2367c0>
  File "/usr/lib/python3.8/socket.py", line 669, in readinto
    return self._sock.recv_into(b)
           │    │               └ <memory at 0x7f429065ff40>
           │    └ None
           └ <socket.SocketIO object at 0x7f439e236400>

socket.timeout: timed out


During handling of the above exception, another exception occurred:


Traceback (most recent call last):

  File "/home/chase/.local/lib/python3.8/site-packages/requests/adapters.py", line 439, in send
    resp = conn.urlopen(
           │    └ <function HTTPConnectionPool.urlopen at 0x7f46632db820>
           └ <urllib3.connectionpool.HTTPConnectionPool object at 0x7f433e944e20>
  File "/home/chase/.local/lib/python3.8/site-packages/urllib3/connectionpool.py", line 755, in urlopen
    retries = retries.increment(
              │       └ <function Retry.increment at 0x7f4663323b80>
              └ Retry(total=0, connect=None, read=False, redirect=None, status=None)
  File "/home/chase/.local/lib/python3.8/site-packages/urllib3/util/retry.py", line 532, in increment
    raise six.reraise(type(error), error, _stacktrace)
          │   │            │       │      └ <traceback object at 0x7f43c5cf3100>
          │   │            │       └ ReadTimeoutError("HTTPConnectionPool(host='so.news.cn', port=80): Read timed out. (read timeout=10)")
          │   │            └ ReadTimeoutError("HTTPConnectionPool(host='so.news.cn', port=80): Read timed out. (read timeout=10)")
          │   └ <function reraise at 0x7f46635990d0>
          └ <module 'urllib3.packages.six' from '/home/chase/.local/lib/python3.8/site-packages/urllib3/packages/six.py'>
  File "/home/chase/.local/lib/python3.8/site-packages/urllib3/packages/six.py", line 770, in reraise
    raise value
          └ None
  File "/home/chase/.local/lib/python3.8/site-packages/urllib3/connectionpool.py", line 699, in urlopen
    httplib_response = self._make_request(
                       │    └ <function HTTPConnectionPool._make_request at 0x7f46632db5e0>
                       └ <urllib3.connectionpool.HTTPConnectionPool object at 0x7f433e944e20>
  File "/home/chase/.local/lib/python3.8/site-packages/urllib3/connectionpool.py", line 447, in _make_request
    self._raise_timeout(err=e, url=url, timeout_value=read_timeout)
    │    │                         │                  └ 10
    │    │                         └ '/qiushi/more?callback=jsonpCallback&page=125&keyword=%E4%B9%A0%E8%BF%91%E5%B9%B3%E4%B8%BB%E5%B8%AD%E7%89%B9%E5%88%AB%E4%BB%A...
    │    └ <function HTTPConnectionPool._raise_timeout at 0x7f46632db550>
    └ <urllib3.connectionpool.HTTPConnectionPool object at 0x7f433e944e20>
  File "/home/chase/.local/lib/python3.8/site-packages/urllib3/connectionpool.py", line 336, in _raise_timeout
    raise ReadTimeoutError(
          └ <class 'urllib3.exceptions.ReadTimeoutError'>

urllib3.exceptions.ReadTimeoutError: HTTPConnectionPool(host='so.news.cn', port=80): Read timed out. (read timeout=10)


During handling of the above exception, another exception occurred:


Traceback (most recent call last):

  File "/usr/lib/python3.8/threading.py", line 890, in _bootstrap
    self._bootstrap_inner()
    │    └ <function Thread._bootstrap_inner at 0x7f4689341a60>
    └ <Thread(Thread-4676, started daemon 139926399473408)>
  File "/usr/lib/python3.8/threading.py", line 932, in _bootstrap_inner
    self.run()
    │    └ <function Thread.run at 0x7f4689341790>
    └ <Thread(Thread-4676, started daemon 139926399473408)>
  File "/usr/lib/python3.8/threading.py", line 870, in run
    self._target(*self._args, **self._kwargs)
    │    │        │    │        │    └ {}
    │    │        │    │        └ <Thread(Thread-4676, started daemon 139926399473408)>
    │    │        │    └ ('ProjectManager.run_func_by_thread',)
    │    │        └ <Thread(Thread-4676, started daemon 139926399473408)>
    │    └ <bound method ProjectManager.get_request_from_keywords_hot of <monitor.projectManager.ProjectManager object at 0x7f457182e160>>
    └ <Thread(Thread-4676, started daemon 139926399473408)>

  File "/home/users/Scy/yuqing/spider/monitor/projectManager.py", line 795, in get_request_from_keywords_hot
    self.search_spider_manager.crawl_by_keyword(
    │    │                     └ <function SearchSpidersManager.crawl_by_keyword at 0x7f4571832040>
    │    └ <monitor.spiderManager.SearchSpidersManager object at 0x7f4571441610>
    └ <monitor.projectManager.ProjectManager object at 0x7f457182e160>

  File "/home/users/Scy/yuqing/spider/monitor/spiderManager.py", line 118, in crawl_by_keyword
    self.crawl_by_keyword_signal_platform(project_names, platform, keyword, crawl_time, project_times)
    │    │                                │              │         │        │           └ {'default': <monitor.TimeSection object at 0x7f4571558ac0>}
    │    │                                │              │         │        └ <monitor.TimeSection object at 0x7f427ad113a0>
    │    │                                │              │         └ '习近平主席特别代表、国家副主席王岐山将出席韩国总统就职…'
    │    │                                │              └ '求是'
    │    │                                └ ['default']
    │    └ <function SearchSpidersManager.crawl_by_keyword_signal_platform at 0x7f45718320d0>
    └ <monitor.spiderManager.SearchSpidersManager object at 0x7f4571441610>

  File "/home/users/Scy/yuqing/spider/monitor/spiderManager.py", line 134, in crawl_by_keyword_signal_platform
    requests = self.get_request_from_keyword(platform, keyword, **crawl_time.to_dict())
               │    │                        │         │          │          └ <function TimeSection.to_dict at 0x7f46697d5550>
               │    │                        │         │          └ <monitor.TimeSection object at 0x7f427ad113a0>
               │    │                        │         └ '习近平主席特别代表、国家副主席王岐山将出席韩国总统就职…'
               │    │                        └ '求是'
               │    └ <function SearchSpidersManager.get_request_from_keyword at 0x7f45718321f0>
               └ <monitor.spiderManager.SearchSpidersManager object at 0x7f4571441610>

  File "/home/users/Scy/yuqing/spider/monitor/spiderManager.py", line 191, in get_request_from_keyword
    for request in self.spiders[platform].get_request_from_keyword(headers, search_url, keyword, content_url,
        │          │    │       │                                  │        │           │        └ <string.Template object at 0x7f43c43afd30>
        │          │    │       │                                  │        │           └ '习近平主席特别代表、国家副主席王岐山将出席韩国总统就职…'
        │          │    │       │                                  │        └ <string.Template object at 0x7f4321db4730>
        │          │    │       │                                  └ {'Connection': 'keep-alive', 'Cache-Control': 'max-age=0', 'Upgrade-Insecure-Requests': '1', 'User-Agent': 'Mozilla/5.0 (Wind...
        │          │    │       └ '求是'
        │          │    └ {'凤凰网': <monitor.searchSpiders.ifeng.Ifeng object at 0x7f4571441d60>, '头条': <monitor.searchSpiders.toutiao.Toutiao object at ...
        │          └ <monitor.spiderManager.SearchSpidersManager object at 0x7f4571441610>
        └ <GET http://www.qstheory.cn/zhuanqu/2021-01/04/c_1126943922.htm>

> File "/home/users/Scy/yuqing/spider/monitor/searchSpiders/qiushi.py", line 27, in get_request_from_keyword
    json_response = json.loads(response.text[14:-2])
                    │    │     │        └ <property object at 0x7f4663177db0>
                    │    │     └ <Response [200]>
                    │    └ <function loads at 0x7f468920ef70>
                    └ <module 'json' from '/usr/lib/python3.8/json/__init__.py'>

  File "/home/chase/.local/lib/python3.8/site-packages/requests/api.py", line 75, in get
    return request('get', url, params=params, **kwargs)
           │              │           │         └ {'headers': {'Connection': 'keep-alive', 'Cache-Control': 'max-age=0', 'Upgrade-Insecure-Requests': '1', 'User-Agent': 'Mozil...
           │              │           └ None
           │              └ 'http://so.news.cn/qiushi/more?callback=jsonpCallback&page=125&keyword=习近平主席特别代表、国家副主席王岐山将出席韩国总统就职…&searchword=(LinkTitle%3D%...
           └ <function request at 0x7f466317b040>
  File "/home/chase/.local/lib/python3.8/site-packages/requests/api.py", line 61, in request
    return session.request(method=method, url=url, **kwargs)
           │       │              │           │      └ {'params': None, 'headers': {'Connection': 'keep-alive', 'Cache-Control': 'max-age=0', 'Upgrade-Insecure-Requests': '1', 'Use...
           │       │              │           └ 'http://so.news.cn/qiushi/more?callback=jsonpCallback&page=125&keyword=习近平主席特别代表、国家副主席王岐山将出席韩国总统就职…&searchword=(LinkTitle%3D%...
           │       │              └ 'get'
           │       └ <function Session.request at 0x7f4663110940>
           └ <requests.sessions.Session object at 0x7f43dd30d820>
  File "/home/chase/.local/lib/python3.8/site-packages/requests/sessions.py", line 542, in request
    resp = self.send(prep, **send_kwargs)
           │    │    │       └ {'timeout': 10, 'allow_redirects': True, 'verify': True, 'proxies': OrderedDict(), 'stream': False, 'cert': None}
           │    │    └ <PreparedRequest [GET]>
           │    └ <function Session.send at 0x7f4663110dc0>
           └ <requests.sessions.Session object at 0x7f43dd30d820>
  File "/home/chase/.local/lib/python3.8/site-packages/requests/sessions.py", line 655, in send
    r = adapter.send(request, **kwargs)
        │       │    │          └ {'timeout': 10, 'verify': True, 'proxies': OrderedDict(), 'stream': False, 'cert': None}
        │       │    └ <PreparedRequest [GET]>
        │       └ <function HTTPAdapter.send at 0x7f4663110280>
        └ <requests.adapters.HTTPAdapter object at 0x7f427ae6b7f0>
  File "/home/chase/.local/lib/python3.8/site-packages/requests/adapters.py", line 529, in send
    raise ReadTimeout(e, request=request)
          │                      └ <PreparedRequest [GET]>
          └ <class 'requests.exceptions.ReadTimeout'>

requests.exceptions.ReadTimeout: HTTPConnectionPool(host='so.news.cn', port=80): Read timed out. (read timeout=10)
2022-05-11 23:59:18.545 | ERROR    | monitor.searchSpiders.qiushi:get_request_from_keyword:36 - E 求是错误HTTPConnectionPool(host='so.news.cn', port=80): Read timed out. (read timeout=10)
Traceback (most recent call last):

  File "/home/chase/.local/lib/python3.8/site-packages/urllib3/connectionpool.py", line 445, in _make_request
    six.raise_from(e, None)
    │   └ <function raise_from at 0x7f4663599160>
    └ <module 'urllib3.packages.six' from '/home/chase/.local/lib/python3.8/site-packages/urllib3/packages/six.py'>
  File "<string>", line 3, in raise_from
  File "/home/chase/.local/lib/python3.8/site-packages/urllib3/connectionpool.py", line 440, in _make_request
    httplib_response = conn.getresponse()
                       │    └ <function HTTPConnection.getresponse at 0x7f4678b7d310>
                       └ <urllib3.connection.HTTPConnection object at 0x7f426f196940>
  File "/usr/lib/python3.8/http/client.py", line 1348, in getresponse
    response.begin()
    │        └ <function HTTPResponse.begin at 0x7f4678b7b670>
    └ <http.client.HTTPResponse object at 0x7f438541ffd0>
  File "/usr/lib/python3.8/http/client.py", line 316, in begin
    version, status, reason = self._read_status()
                              │    └ <function HTTPResponse._read_status at 0x7f4678b7b5e0>
                              └ <http.client.HTTPResponse object at 0x7f438541ffd0>
  File "/usr/lib/python3.8/http/client.py", line 277, in _read_status
    line = str(self.fp.readline(_MAXLINE + 1), "iso-8859-1")
               │    │           └ 65536
               │    └ None
               └ <http.client.HTTPResponse object at 0x7f438541ffd0>
  File "/usr/lib/python3.8/socket.py", line 669, in readinto
    return self._sock.recv_into(b)
           │    │               └ <memory at 0x7f4266938f40>
           │    └ None
           └ <socket.SocketIO object at 0x7f438541f3a0>

socket.timeout: timed out


During handling of the above exception, another exception occurred:


Traceback (most recent call last):

  File "/home/chase/.local/lib/python3.8/site-packages/requests/adapters.py", line 439, in send
    resp = conn.urlopen(
           │    └ <function HTTPConnectionPool.urlopen at 0x7f46632db820>
           └ <urllib3.connectionpool.HTTPConnectionPool object at 0x7f4327ac7700>
  File "/home/chase/.local/lib/python3.8/site-packages/urllib3/connectionpool.py", line 755, in urlopen
    retries = retries.increment(
              │       └ <function Retry.increment at 0x7f4663323b80>
              └ Retry(total=0, connect=None, read=False, redirect=None, status=None)
  File "/home/chase/.local/lib/python3.8/site-packages/urllib3/util/retry.py", line 532, in increment
    raise six.reraise(type(error), error, _stacktrace)
          │   │            │       │      └ <traceback object at 0x7f43a90df700>
          │   │            │       └ ReadTimeoutError("HTTPConnectionPool(host='so.news.cn', port=80): Read timed out. (read timeout=10)")
          │   │            └ ReadTimeoutError("HTTPConnectionPool(host='so.news.cn', port=80): Read timed out. (read timeout=10)")
          │   └ <function reraise at 0x7f46635990d0>
          └ <module 'urllib3.packages.six' from '/home/chase/.local/lib/python3.8/site-packages/urllib3/packages/six.py'>
  File "/home/chase/.local/lib/python3.8/site-packages/urllib3/packages/six.py", line 770, in reraise
    raise value
          └ None
  File "/home/chase/.local/lib/python3.8/site-packages/urllib3/connectionpool.py", line 699, in urlopen
    httplib_response = self._make_request(
                       │    └ <function HTTPConnectionPool._make_request at 0x7f46632db5e0>
                       └ <urllib3.connectionpool.HTTPConnectionPool object at 0x7f4327ac7700>
  File "/home/chase/.local/lib/python3.8/site-packages/urllib3/connectionpool.py", line 447, in _make_request
    self._raise_timeout(err=e, url=url, timeout_value=read_timeout)
    │    │                         │                  └ 10
    │    │                         └ '/qiushi/more?callback=jsonpCallback&page=31&keyword=%E4%B9%A0%E8%BF%91%E5%B9%B3%E4%B8%BB%E5%B8%AD%E7%89%B9%E5%88%AB%E4%BB%A3...
    │    └ <function HTTPConnectionPool._raise_timeout at 0x7f46632db550>
    └ <urllib3.connectionpool.HTTPConnectionPool object at 0x7f4327ac7700>
  File "/home/chase/.local/lib/python3.8/site-packages/urllib3/connectionpool.py", line 336, in _raise_timeout
    raise ReadTimeoutError(
          └ <class 'urllib3.exceptions.ReadTimeoutError'>

urllib3.exceptions.ReadTimeoutError: HTTPConnectionPool(host='so.news.cn', port=80): Read timed out. (read timeout=10)


During handling of the above exception, another exception occurred:


Traceback (most recent call last):

  File "/usr/lib/python3.8/threading.py", line 890, in _bootstrap
    self._bootstrap_inner()
    │    └ <function Thread._bootstrap_inner at 0x7f4689341a60>
    └ <Thread(Thread-5217, started daemon 139923792037632)>
  File "/usr/lib/python3.8/threading.py", line 932, in _bootstrap_inner
    self.run()
    │    └ <function Thread.run at 0x7f4689341790>
    └ <Thread(Thread-5217, started daemon 139923792037632)>
  File "/usr/lib/python3.8/threading.py", line 870, in run
    self._target(*self._args, **self._kwargs)
    │    │        │    │        │    └ {}
    │    │        │    │        └ <Thread(Thread-5217, started daemon 139923792037632)>
    │    │        │    └ ('ProjectManager.run_func_by_thread',)
    │    │        └ <Thread(Thread-5217, started daemon 139923792037632)>
    │    └ <bound method ProjectManager.get_request_from_keywords_hot of <monitor.projectManager.ProjectManager object at 0x7f457182e160>>
    └ <Thread(Thread-5217, started daemon 139923792037632)>

  File "/home/users/Scy/yuqing/spider/monitor/projectManager.py", line 795, in get_request_from_keywords_hot
    self.search_spider_manager.crawl_by_keyword(
    │    │                     └ <function SearchSpidersManager.crawl_by_keyword at 0x7f4571832040>
    │    └ <monitor.spiderManager.SearchSpidersManager object at 0x7f4571441610>
    └ <monitor.projectManager.ProjectManager object at 0x7f457182e160>

  File "/home/users/Scy/yuqing/spider/monitor/spiderManager.py", line 118, in crawl_by_keyword
    self.crawl_by_keyword_signal_platform(project_names, platform, keyword, crawl_time, project_times)
    │    │                                │              │         │        │           └ {'default': <monitor.TimeSection object at 0x7f4571558ac0>}
    │    │                                │              │         │        └ <monitor.TimeSection object at 0x7f42ac4a9a30>
    │    │                                │              │         └ '习近平主席特别代表、国家副主席王岐山将出席韩国总统就职…'
    │    │                                │              └ '求是'
    │    │                                └ ['default']
    │    └ <function SearchSpidersManager.crawl_by_keyword_signal_platform at 0x7f45718320d0>
    └ <monitor.spiderManager.SearchSpidersManager object at 0x7f4571441610>

  File "/home/users/Scy/yuqing/spider/monitor/spiderManager.py", line 134, in crawl_by_keyword_signal_platform
    requests = self.get_request_from_keyword(platform, keyword, **crawl_time.to_dict())
               │    │                        │         │          │          └ <function TimeSection.to_dict at 0x7f46697d5550>
               │    │                        │         │          └ <monitor.TimeSection object at 0x7f42ac4a9a30>
               │    │                        │         └ '习近平主席特别代表、国家副主席王岐山将出席韩国总统就职…'
               │    │                        └ '求是'
               │    └ <function SearchSpidersManager.get_request_from_keyword at 0x7f45718321f0>
               └ <monitor.spiderManager.SearchSpidersManager object at 0x7f4571441610>

  File "/home/users/Scy/yuqing/spider/monitor/spiderManager.py", line 191, in get_request_from_keyword
    for request in self.spiders[platform].get_request_from_keyword(headers, search_url, keyword, content_url,
        │          │    │       │                                  │        │           │        └ <string.Template object at 0x7f426d0fbe20>
        │          │    │       │                                  │        │           └ '习近平主席特别代表、国家副主席王岐山将出席韩国总统就职…'
        │          │    │       │                                  │        └ <string.Template object at 0x7f429e5f08b0>
        │          │    │       │                                  └ {'Connection': 'keep-alive', 'Cache-Control': 'max-age=0', 'Upgrade-Insecure-Requests': '1', 'User-Agent': 'Mozilla/5.0 (Wind...
        │          │    │       └ '求是'
        │          │    └ {'凤凰网': <monitor.searchSpiders.ifeng.Ifeng object at 0x7f4571441d60>, '头条': <monitor.searchSpiders.toutiao.Toutiao object at ...
        │          └ <monitor.spiderManager.SearchSpidersManager object at 0x7f4571441610>
        └ <GET http://www.qstheory.cn/yaowen/2021-04/27/c_1127383211.htm>

> File "/home/users/Scy/yuqing/spider/monitor/searchSpiders/qiushi.py", line 27, in get_request_from_keyword
    json_response = json.loads(response.text[14:-2])
                    │    │     │        └ <property object at 0x7f4663177db0>
                    │    │     └ <Response [200]>
                    │    └ <function loads at 0x7f468920ef70>
                    └ <module 'json' from '/usr/lib/python3.8/json/__init__.py'>

  File "/home/chase/.local/lib/python3.8/site-packages/requests/api.py", line 75, in get
    return request('get', url, params=params, **kwargs)
           │              │           │         └ {'headers': {'Connection': 'keep-alive', 'Cache-Control': 'max-age=0', 'Upgrade-Insecure-Requests': '1', 'User-Agent': 'Mozil...
           │              │           └ None
           │              └ 'http://so.news.cn/qiushi/more?callback=jsonpCallback&page=31&keyword=习近平主席特别代表、国家副主席王岐山将出席韩国总统就职…&searchword=(LinkTitle%3D%E...
           └ <function request at 0x7f466317b040>
  File "/home/chase/.local/lib/python3.8/site-packages/requests/api.py", line 61, in request
    return session.request(method=method, url=url, **kwargs)
           │       │              │           │      └ {'params': None, 'headers': {'Connection': 'keep-alive', 'Cache-Control': 'max-age=0', 'Upgrade-Insecure-Requests': '1', 'Use...
           │       │              │           └ 'http://so.news.cn/qiushi/more?callback=jsonpCallback&page=31&keyword=习近平主席特别代表、国家副主席王岐山将出席韩国总统就职…&searchword=(LinkTitle%3D%E...
           │       │              └ 'get'
           │       └ <function Session.request at 0x7f4663110940>
           └ <requests.sessions.Session object at 0x7f43a24e8f40>
  File "/home/chase/.local/lib/python3.8/site-packages/requests/sessions.py", line 542, in request
    resp = self.send(prep, **send_kwargs)
           │    │    │       └ {'timeout': 10, 'allow_redirects': True, 'verify': True, 'proxies': OrderedDict(), 'stream': False, 'cert': None}
           │    │    └ <PreparedRequest [GET]>
           │    └ <function Session.send at 0x7f4663110dc0>
           └ <requests.sessions.Session object at 0x7f43a24e8f40>
  File "/home/chase/.local/lib/python3.8/site-packages/requests/sessions.py", line 655, in send
    r = adapter.send(request, **kwargs)
        │       │    │          └ {'timeout': 10, 'verify': True, 'proxies': OrderedDict(), 'stream': False, 'cert': None}
        │       │    └ <PreparedRequest [GET]>
        │       └ <function HTTPAdapter.send at 0x7f4663110280>
        └ <requests.adapters.HTTPAdapter object at 0x7f442acc48b0>
  File "/home/chase/.local/lib/python3.8/site-packages/requests/adapters.py", line 529, in send
    raise ReadTimeout(e, request=request)
          │                      └ <PreparedRequest [GET]>
          └ <class 'requests.exceptions.ReadTimeout'>

requests.exceptions.ReadTimeout: HTTPConnectionPool(host='so.news.cn', port=80): Read timed out. (read timeout=10)
2022-05-11 23:59:19.048 | ERROR    | monitor.searchSpiders.qiushi:get_request_from_keyword:36 - E 求是错误HTTPConnectionPool(host='so.news.cn', port=80): Read timed out. (read timeout=10)
Traceback (most recent call last):

  File "/home/chase/.local/lib/python3.8/site-packages/urllib3/connectionpool.py", line 445, in _make_request
    six.raise_from(e, None)
    │   └ <function raise_from at 0x7f4663599160>
    └ <module 'urllib3.packages.six' from '/home/chase/.local/lib/python3.8/site-packages/urllib3/packages/six.py'>
  File "<string>", line 3, in raise_from
  File "/home/chase/.local/lib/python3.8/site-packages/urllib3/connectionpool.py", line 440, in _make_request
    httplib_response = conn.getresponse()
                       │    └ <function HTTPConnection.getresponse at 0x7f4678b7d310>
                       └ <urllib3.connection.HTTPConnection object at 0x7f4289007c40>
  File "/usr/lib/python3.8/http/client.py", line 1348, in getresponse
    response.begin()
    │        └ <function HTTPResponse.begin at 0x7f4678b7b670>
    └ <http.client.HTTPResponse object at 0x7f4378e62790>
  File "/usr/lib/python3.8/http/client.py", line 316, in begin
    version, status, reason = self._read_status()
                              │    └ <function HTTPResponse._read_status at 0x7f4678b7b5e0>
                              └ <http.client.HTTPResponse object at 0x7f4378e62790>
  File "/usr/lib/python3.8/http/client.py", line 277, in _read_status
    line = str(self.fp.readline(_MAXLINE + 1), "iso-8859-1")
               │    │           └ 65536
               │    └ None
               └ <http.client.HTTPResponse object at 0x7f4378e62790>
  File "/usr/lib/python3.8/socket.py", line 669, in readinto
    return self._sock.recv_into(b)
           │    │               └ <memory at 0x7f4314d89040>
           │    └ None
           └ <socket.SocketIO object at 0x7f4286bb0e20>

socket.timeout: timed out


During handling of the above exception, another exception occurred:


Traceback (most recent call last):

  File "/home/chase/.local/lib/python3.8/site-packages/requests/adapters.py", line 439, in send
    resp = conn.urlopen(
           │    └ <function HTTPConnectionPool.urlopen at 0x7f46632db820>
           └ <urllib3.connectionpool.HTTPConnectionPool object at 0x7f4411d77cd0>
  File "/home/chase/.local/lib/python3.8/site-packages/urllib3/connectionpool.py", line 755, in urlopen
    retries = retries.increment(
              │       └ <function Retry.increment at 0x7f4663323b80>
              └ Retry(total=0, connect=None, read=False, redirect=None, status=None)
  File "/home/chase/.local/lib/python3.8/site-packages/urllib3/util/retry.py", line 532, in increment
    raise six.reraise(type(error), error, _stacktrace)
          │   │            │       │      └ <traceback object at 0x7f42c600ae40>
          │   │            │       └ ReadTimeoutError("HTTPConnectionPool(host='so.news.cn', port=80): Read timed out. (read timeout=10)")
          │   │            └ ReadTimeoutError("HTTPConnectionPool(host='so.news.cn', port=80): Read timed out. (read timeout=10)")
          │   └ <function reraise at 0x7f46635990d0>
          └ <module 'urllib3.packages.six' from '/home/chase/.local/lib/python3.8/site-packages/urllib3/packages/six.py'>
  File "/home/chase/.local/lib/python3.8/site-packages/urllib3/packages/six.py", line 770, in reraise
    raise value
          └ None
  File "/home/chase/.local/lib/python3.8/site-packages/urllib3/connectionpool.py", line 699, in urlopen
    httplib_response = self._make_request(
                       │    └ <function HTTPConnectionPool._make_request at 0x7f46632db5e0>
                       └ <urllib3.connectionpool.HTTPConnectionPool object at 0x7f4411d77cd0>
  File "/home/chase/.local/lib/python3.8/site-packages/urllib3/connectionpool.py", line 447, in _make_request
    self._raise_timeout(err=e, url=url, timeout_value=read_timeout)
    │    │                         │                  └ 10
    │    │                         └ '/qiushi/more?callback=jsonpCallback&page=143&keyword=%E4%B9%A0%E8%BF%91%E5%B9%B3%E4%B8%BB%E5%B8%AD%E7%89%B9%E5%88%AB%E4%BB%A...
    │    └ <function HTTPConnectionPool._raise_timeout at 0x7f46632db550>
    └ <urllib3.connectionpool.HTTPConnectionPool object at 0x7f4411d77cd0>
  File "/home/chase/.local/lib/python3.8/site-packages/urllib3/connectionpool.py", line 336, in _raise_timeout
    raise ReadTimeoutError(
          └ <class 'urllib3.exceptions.ReadTimeoutError'>

urllib3.exceptions.ReadTimeoutError: HTTPConnectionPool(host='so.news.cn', port=80): Read timed out. (read timeout=10)


During handling of the above exception, another exception occurred:


Traceback (most recent call last):

  File "/usr/lib/python3.8/threading.py", line 890, in _bootstrap
    self._bootstrap_inner()
    │    └ <function Thread._bootstrap_inner at 0x7f4689341a60>
    └ <Thread(Thread-4635, started daemon 139927384200960)>
  File "/usr/lib/python3.8/threading.py", line 932, in _bootstrap_inner
    self.run()
    │    └ <function Thread.run at 0x7f4689341790>
    └ <Thread(Thread-4635, started daemon 139927384200960)>
  File "/usr/lib/python3.8/threading.py", line 870, in run
    self._target(*self._args, **self._kwargs)
    │    │        │    │        │    └ {}
    │    │        │    │        └ <Thread(Thread-4635, started daemon 139927384200960)>
    │    │        │    └ ('ProjectManager.run_func_by_thread',)
    │    │        └ <Thread(Thread-4635, started daemon 139927384200960)>
    │    └ <bound method ProjectManager.get_request_from_keywords_hot of <monitor.projectManager.ProjectManager object at 0x7f457182e160>>
    └ <Thread(Thread-4635, started daemon 139927384200960)>

  File "/home/users/Scy/yuqing/spider/monitor/projectManager.py", line 795, in get_request_from_keywords_hot
    self.search_spider_manager.crawl_by_keyword(
    │    │                     └ <function SearchSpidersManager.crawl_by_keyword at 0x7f4571832040>
    │    └ <monitor.spiderManager.SearchSpidersManager object at 0x7f4571441610>
    └ <monitor.projectManager.ProjectManager object at 0x7f457182e160>

  File "/home/users/Scy/yuqing/spider/monitor/spiderManager.py", line 118, in crawl_by_keyword
    self.crawl_by_keyword_signal_platform(project_names, platform, keyword, crawl_time, project_times)
    │    │                                │              │         │        │           └ {'default': <monitor.TimeSection object at 0x7f4571558ac0>}
    │    │                                │              │         │        └ <monitor.TimeSection object at 0x7f42ef9bf580>
    │    │                                │              │         └ '习近平主席特别代表、国家副主席王岐山将出席韩国总统就职…'
    │    │                                │              └ '求是'
    │    │                                └ ['default']
    │    └ <function SearchSpidersManager.crawl_by_keyword_signal_platform at 0x7f45718320d0>
    └ <monitor.spiderManager.SearchSpidersManager object at 0x7f4571441610>

  File "/home/users/Scy/yuqing/spider/monitor/spiderManager.py", line 134, in crawl_by_keyword_signal_platform
    requests = self.get_request_from_keyword(platform, keyword, **crawl_time.to_dict())
               │    │                        │         │          │          └ <function TimeSection.to_dict at 0x7f46697d5550>
               │    │                        │         │          └ <monitor.TimeSection object at 0x7f42ef9bf580>
               │    │                        │         └ '习近平主席特别代表、国家副主席王岐山将出席韩国总统就职…'
               │    │                        └ '求是'
               │    └ <function SearchSpidersManager.get_request_from_keyword at 0x7f45718321f0>
               └ <monitor.spiderManager.SearchSpidersManager object at 0x7f4571441610>

  File "/home/users/Scy/yuqing/spider/monitor/spiderManager.py", line 191, in get_request_from_keyword
    for request in self.spiders[platform].get_request_from_keyword(headers, search_url, keyword, content_url,
        │          │    │       │                                  │        │           │        └ <string.Template object at 0x7f428ef320a0>
        │          │    │       │                                  │        │           └ '习近平主席特别代表、国家副主席王岐山将出席韩国总统就职…'
        │          │    │       │                                  │        └ <string.Template object at 0x7f4286611c40>
        │          │    │       │                                  └ {'Connection': 'keep-alive', 'Cache-Control': 'max-age=0', 'Upgrade-Insecure-Requests': '1', 'User-Agent': 'Mozilla/5.0 (Wind...
        │          │    │       └ '求是'
        │          │    └ {'凤凰网': <monitor.searchSpiders.ifeng.Ifeng object at 0x7f4571441d60>, '头条': <monitor.searchSpiders.toutiao.Toutiao object at ...
        │          └ <monitor.spiderManager.SearchSpidersManager object at 0x7f4571441610>
        └ <GET http://www.qstheory.cn/yaowen/2022-01/25/c_1128299594.htm>

> File "/home/users/Scy/yuqing/spider/monitor/searchSpiders/qiushi.py", line 27, in get_request_from_keyword
    json_response = json.loads(response.text[14:-2])
                    │    │     │        └ <property object at 0x7f4663177db0>
                    │    │     └ <Response [200]>
                    │    └ <function loads at 0x7f468920ef70>
                    └ <module 'json' from '/usr/lib/python3.8/json/__init__.py'>

  File "/home/chase/.local/lib/python3.8/site-packages/requests/api.py", line 75, in get
    return request('get', url, params=params, **kwargs)
           │              │           │         └ {'headers': {'Connection': 'keep-alive', 'Cache-Control': 'max-age=0', 'Upgrade-Insecure-Requests': '1', 'User-Agent': 'Mozil...
           │              │           └ None
           │              └ 'http://so.news.cn/qiushi/more?callback=jsonpCallback&page=143&keyword=习近平主席特别代表、国家副主席王岐山将出席韩国总统就职…&searchword=(LinkTitle%3D%...
           └ <function request at 0x7f466317b040>
  File "/home/chase/.local/lib/python3.8/site-packages/requests/api.py", line 61, in request
    return session.request(method=method, url=url, **kwargs)
           │       │              │           │      └ {'params': None, 'headers': {'Connection': 'keep-alive', 'Cache-Control': 'max-age=0', 'Upgrade-Insecure-Requests': '1', 'Use...
           │       │              │           └ 'http://so.news.cn/qiushi/more?callback=jsonpCallback&page=143&keyword=习近平主席特别代表、国家副主席王岐山将出席韩国总统就职…&searchword=(LinkTitle%3D%...
           │       │              └ 'get'
           │       └ <function Session.request at 0x7f4663110940>
           └ <requests.sessions.Session object at 0x7f4279735610>
  File "/home/chase/.local/lib/python3.8/site-packages/requests/sessions.py", line 542, in request
    resp = self.send(prep, **send_kwargs)
           │    │    │       └ {'timeout': 10, 'allow_redirects': True, 'verify': True, 'proxies': OrderedDict(), 'stream': False, 'cert': None}
           │    │    └ <PreparedRequest [GET]>
           │    └ <function Session.send at 0x7f4663110dc0>
           └ <requests.sessions.Session object at 0x7f4279735610>
  File "/home/chase/.local/lib/python3.8/site-packages/requests/sessions.py", line 655, in send
    r = adapter.send(request, **kwargs)
        │       │    │          └ {'timeout': 10, 'verify': True, 'proxies': OrderedDict(), 'stream': False, 'cert': None}
        │       │    └ <PreparedRequest [GET]>
        │       └ <function HTTPAdapter.send at 0x7f4663110280>
        └ <requests.adapters.HTTPAdapter object at 0x7f4482c628b0>
  File "/home/chase/.local/lib/python3.8/site-packages/requests/adapters.py", line 529, in send
    raise ReadTimeout(e, request=request)
          │                      └ <PreparedRequest [GET]>
          └ <class 'requests.exceptions.ReadTimeout'>

requests.exceptions.ReadTimeout: HTTPConnectionPool(host='so.news.cn', port=80): Read timed out. (read timeout=10)
2022-05-11 23:59:19.079 | ERROR    | monitor.searchSpiders.qiushi:get_request_from_keyword:36 - E 求是错误HTTPConnectionPool(host='so.news.cn', port=80): Read timed out. (read timeout=10)
Traceback (most recent call last):

  File "/home/chase/.local/lib/python3.8/site-packages/urllib3/connectionpool.py", line 445, in _make_request
    six.raise_from(e, None)
    │   └ <function raise_from at 0x7f4663599160>
    └ <module 'urllib3.packages.six' from '/home/chase/.local/lib/python3.8/site-packages/urllib3/packages/six.py'>
  File "<string>", line 3, in raise_from
  File "/home/chase/.local/lib/python3.8/site-packages/urllib3/connectionpool.py", line 440, in _make_request
    httplib_response = conn.getresponse()
                       │    └ <function HTTPConnection.getresponse at 0x7f4678b7d310>
                       └ <urllib3.connection.HTTPConnection object at 0x7f428f8d40d0>
  File "/usr/lib/python3.8/http/client.py", line 1348, in getresponse
    response.begin()
    │        └ <function HTTPResponse.begin at 0x7f4678b7b670>
    └ <http.client.HTTPResponse object at 0x7f43675e02b0>
  File "/usr/lib/python3.8/http/client.py", line 316, in begin
    version, status, reason = self._read_status()
                              │    └ <function HTTPResponse._read_status at 0x7f4678b7b5e0>
                              └ <http.client.HTTPResponse object at 0x7f43675e02b0>
  File "/usr/lib/python3.8/http/client.py", line 277, in _read_status
    line = str(self.fp.readline(_MAXLINE + 1), "iso-8859-1")
               │    │           └ 65536
               │    └ None
               └ <http.client.HTTPResponse object at 0x7f43675e02b0>
  File "/usr/lib/python3.8/socket.py", line 669, in readinto
    return self._sock.recv_into(b)
           │    │               └ <memory at 0x7f42f0d25640>
           │    └ None
           └ <socket.SocketIO object at 0x7f43b38ed550>

socket.timeout: timed out


During handling of the above exception, another exception occurred:


Traceback (most recent call last):

  File "/home/chase/.local/lib/python3.8/site-packages/requests/adapters.py", line 439, in send
    resp = conn.urlopen(
           │    └ <function HTTPConnectionPool.urlopen at 0x7f46632db820>
           └ <urllib3.connectionpool.HTTPConnectionPool object at 0x7f436435b280>
  File "/home/chase/.local/lib/python3.8/site-packages/urllib3/connectionpool.py", line 755, in urlopen
    retries = retries.increment(
              │       └ <function Retry.increment at 0x7f4663323b80>
              └ Retry(total=0, connect=None, read=False, redirect=None, status=None)
  File "/home/chase/.local/lib/python3.8/site-packages/urllib3/util/retry.py", line 532, in increment
    raise six.reraise(type(error), error, _stacktrace)
          │   │            │       │      └ <traceback object at 0x7f438b985280>
          │   │            │       └ ReadTimeoutError("HTTPConnectionPool(host='so.news.cn', port=80): Read timed out. (read timeout=10)")
          │   │            └ ReadTimeoutError("HTTPConnectionPool(host='so.news.cn', port=80): Read timed out. (read timeout=10)")
          │   └ <function reraise at 0x7f46635990d0>
          └ <module 'urllib3.packages.six' from '/home/chase/.local/lib/python3.8/site-packages/urllib3/packages/six.py'>
  File "/home/chase/.local/lib/python3.8/site-packages/urllib3/packages/six.py", line 770, in reraise
    raise value
          └ None
  File "/home/chase/.local/lib/python3.8/site-packages/urllib3/connectionpool.py", line 699, in urlopen
    httplib_response = self._make_request(
                       │    └ <function HTTPConnectionPool._make_request at 0x7f46632db5e0>
                       └ <urllib3.connectionpool.HTTPConnectionPool object at 0x7f436435b280>
  File "/home/chase/.local/lib/python3.8/site-packages/urllib3/connectionpool.py", line 447, in _make_request
    self._raise_timeout(err=e, url=url, timeout_value=read_timeout)
    │    │                         │                  └ 10
    │    │                         └ '/qiushi/more?callback=jsonpCallback&page=201&keyword=%E6%96%B0%E8%81%8C%E4%B8%9A%E8%81%8C%E7%A7%B0%E8%AF%84%E5%AE%A1%E5%8A%A...
    │    └ <function HTTPConnectionPool._raise_timeout at 0x7f46632db550>
    └ <urllib3.connectionpool.HTTPConnectionPool object at 0x7f436435b280>
  File "/home/chase/.local/lib/python3.8/site-packages/urllib3/connectionpool.py", line 336, in _raise_timeout
    raise ReadTimeoutError(
          └ <class 'urllib3.exceptions.ReadTimeoutError'>

urllib3.exceptions.ReadTimeoutError: HTTPConnectionPool(host='so.news.cn', port=80): Read timed out. (read timeout=10)


During handling of the above exception, another exception occurred:


Traceback (most recent call last):

  File "/usr/lib/python3.8/threading.py", line 890, in _bootstrap
    self._bootstrap_inner()
    │    └ <function Thread._bootstrap_inner at 0x7f4689341a60>
    └ <Thread(Thread-681, started daemon 139928305702656)>
  File "/usr/lib/python3.8/threading.py", line 932, in _bootstrap_inner
    self.run()
    │    └ <function Thread.run at 0x7f4689341790>
    └ <Thread(Thread-681, started daemon 139928305702656)>
  File "/usr/lib/python3.8/threading.py", line 870, in run
    self._target(*self._args, **self._kwargs)
    │    │        │    │        │    └ {}
    │    │        │    │        └ <Thread(Thread-681, started daemon 139928305702656)>
    │    │        │    └ ('ProjectManager.run_func_by_thread',)
    │    │        └ <Thread(Thread-681, started daemon 139928305702656)>
    │    └ <bound method ProjectManager.get_request_from_keywords_hot of <monitor.projectManager.ProjectManager object at 0x7f457182e160>>
    └ <Thread(Thread-681, started daemon 139928305702656)>

  File "/home/users/Scy/yuqing/spider/monitor/projectManager.py", line 795, in get_request_from_keywords_hot
    self.search_spider_manager.crawl_by_keyword(
    │    │                     └ <function SearchSpidersManager.crawl_by_keyword at 0x7f4571832040>
    │    └ <monitor.spiderManager.SearchSpidersManager object at 0x7f4571441610>
    └ <monitor.projectManager.ProjectManager object at 0x7f457182e160>

  File "/home/users/Scy/yuqing/spider/monitor/spiderManager.py", line 118, in crawl_by_keyword
    self.crawl_by_keyword_signal_platform(project_names, platform, keyword, crawl_time, project_times)
    │    │                                │              │         │        │           └ {'default': <monitor.TimeSection object at 0x7f4571558ac0>}
    │    │                                │              │         │        └ <monitor.TimeSection object at 0x7f43fb867d30>
    │    │                                │              │         └ '新职业职称评审助推新产业和人才发展'
    │    │                                │              └ '求是'
    │    │                                └ ['default']
    │    └ <function SearchSpidersManager.crawl_by_keyword_signal_platform at 0x7f45718320d0>
    └ <monitor.spiderManager.SearchSpidersManager object at 0x7f4571441610>

  File "/home/users/Scy/yuqing/spider/monitor/spiderManager.py", line 134, in crawl_by_keyword_signal_platform
    requests = self.get_request_from_keyword(platform, keyword, **crawl_time.to_dict())
               │    │                        │         │          │          └ <function TimeSection.to_dict at 0x7f46697d5550>
               │    │                        │         │          └ <monitor.TimeSection object at 0x7f43fb867d30>
               │    │                        │         └ '新职业职称评审助推新产业和人才发展'
               │    │                        └ '求是'
               │    └ <function SearchSpidersManager.get_request_from_keyword at 0x7f45718321f0>
               └ <monitor.spiderManager.SearchSpidersManager object at 0x7f4571441610>

  File "/home/users/Scy/yuqing/spider/monitor/spiderManager.py", line 191, in get_request_from_keyword
    for request in self.spiders[platform].get_request_from_keyword(headers, search_url, keyword, content_url,
        │          │    │       │                                  │        │           │        └ <string.Template object at 0x7f43c447fe50>
        │          │    │       │                                  │        │           └ '新职业职称评审助推新产业和人才发展'
        │          │    │       │                                  │        └ <string.Template object at 0x7f428d761940>
        │          │    │       │                                  └ {'Connection': 'keep-alive', 'Cache-Control': 'max-age=0', 'Upgrade-Insecure-Requests': '1', 'User-Agent': 'Mozilla/5.0 (Wind...
        │          │    │       └ '求是'
        │          │    └ {'凤凰网': <monitor.searchSpiders.ifeng.Ifeng object at 0x7f4571441d60>, '头条': <monitor.searchSpiders.toutiao.Toutiao object at ...
        │          └ <monitor.spiderManager.SearchSpidersManager object at 0x7f4571441610>
        └ <GET http://www.qstheory.cn/laigao/ycjx/2021-05/31/c_1127512815.htm>

> File "/home/users/Scy/yuqing/spider/monitor/searchSpiders/qiushi.py", line 27, in get_request_from_keyword
    json_response = json.loads(response.text[14:-2])
                    │    │     │        └ <property object at 0x7f4663177db0>
                    │    │     └ <Response [200]>
                    │    └ <function loads at 0x7f468920ef70>
                    └ <module 'json' from '/usr/lib/python3.8/json/__init__.py'>

  File "/home/chase/.local/lib/python3.8/site-packages/requests/api.py", line 75, in get
    return request('get', url, params=params, **kwargs)
           │              │           │         └ {'headers': {'Connection': 'keep-alive', 'Cache-Control': 'max-age=0', 'Upgrade-Insecure-Requests': '1', 'User-Agent': 'Mozil...
           │              │           └ None
           │              └ 'http://so.news.cn/qiushi/more?callback=jsonpCallback&page=201&keyword=新职业职称评审助推新产业和人才发展&searchword=(LinkTitle%3D%E5%AD%9F%E6...
           └ <function request at 0x7f466317b040>
  File "/home/chase/.local/lib/python3.8/site-packages/requests/api.py", line 61, in request
    return session.request(method=method, url=url, **kwargs)
           │       │              │           │      └ {'params': None, 'headers': {'Connection': 'keep-alive', 'Cache-Control': 'max-age=0', 'Upgrade-Insecure-Requests': '1', 'Use...
           │       │              │           └ 'http://so.news.cn/qiushi/more?callback=jsonpCallback&page=201&keyword=新职业职称评审助推新产业和人才发展&searchword=(LinkTitle%3D%E5%AD%9F%E6...
           │       │              └ 'get'
           │       └ <function Session.request at 0x7f4663110940>
           └ <requests.sessions.Session object at 0x7f42fb80a820>
  File "/home/chase/.local/lib/python3.8/site-packages/requests/sessions.py", line 542, in request
    resp = self.send(prep, **send_kwargs)
           │    │    │       └ {'timeout': 10, 'allow_redirects': True, 'verify': True, 'proxies': OrderedDict(), 'stream': False, 'cert': None}
           │    │    └ <PreparedRequest [GET]>
           │    └ <function Session.send at 0x7f4663110dc0>
           └ <requests.sessions.Session object at 0x7f42fb80a820>
  File "/home/chase/.local/lib/python3.8/site-packages/requests/sessions.py", line 655, in send
    r = adapter.send(request, **kwargs)
        │       │    │          └ {'timeout': 10, 'verify': True, 'proxies': OrderedDict(), 'stream': False, 'cert': None}
        │       │    └ <PreparedRequest [GET]>
        │       └ <function HTTPAdapter.send at 0x7f4663110280>
        └ <requests.adapters.HTTPAdapter object at 0x7f44ba7b5ca0>
  File "/home/chase/.local/lib/python3.8/site-packages/requests/adapters.py", line 529, in send
    raise ReadTimeout(e, request=request)
          │                      └ <PreparedRequest [GET]>
          └ <class 'requests.exceptions.ReadTimeout'>

requests.exceptions.ReadTimeout: HTTPConnectionPool(host='so.news.cn', port=80): Read timed out. (read timeout=10)
2022-05-11 23:59:19.147 | ERROR    | monitor.searchSpiders.qiushi:get_request_from_keyword:36 - E 求是错误HTTPConnectionPool(host='so.news.cn', port=80): Read timed out. (read timeout=10)
Traceback (most recent call last):

  File "/home/chase/.local/lib/python3.8/site-packages/urllib3/connectionpool.py", line 445, in _make_request
    six.raise_from(e, None)
    │   └ <function raise_from at 0x7f4663599160>
    └ <module 'urllib3.packages.six' from '/home/chase/.local/lib/python3.8/site-packages/urllib3/packages/six.py'>
  File "<string>", line 3, in raise_from
  File "/home/chase/.local/lib/python3.8/site-packages/urllib3/connectionpool.py", line 440, in _make_request
    httplib_response = conn.getresponse()
                       │    └ <function HTTPConnection.getresponse at 0x7f4678b7d310>
                       └ <urllib3.connection.HTTPConnection object at 0x7f430f5eb280>
  File "/usr/lib/python3.8/http/client.py", line 1348, in getresponse
    response.begin()
    │        └ <function HTTPResponse.begin at 0x7f4678b7b670>
    └ <http.client.HTTPResponse object at 0x7f446819da00>
  File "/usr/lib/python3.8/http/client.py", line 316, in begin
    version, status, reason = self._read_status()
                              │    └ <function HTTPResponse._read_status at 0x7f4678b7b5e0>
                              └ <http.client.HTTPResponse object at 0x7f446819da00>
  File "/usr/lib/python3.8/http/client.py", line 277, in _read_status
    line = str(self.fp.readline(_MAXLINE + 1), "iso-8859-1")
               │    │           └ 65536
               │    └ None
               └ <http.client.HTTPResponse object at 0x7f446819da00>
  File "/usr/lib/python3.8/socket.py", line 669, in readinto
    return self._sock.recv_into(b)
           │    │               └ <memory at 0x7f424cf9fe80>
           │    └ None
           └ <socket.SocketIO object at 0x7f438db07a00>

socket.timeout: timed out


During handling of the above exception, another exception occurred:


Traceback (most recent call last):

  File "/home/chase/.local/lib/python3.8/site-packages/requests/adapters.py", line 439, in send
    resp = conn.urlopen(
           │    └ <function HTTPConnectionPool.urlopen at 0x7f46632db820>
           └ <urllib3.connectionpool.HTTPConnectionPool object at 0x7f433ea02910>
  File "/home/chase/.local/lib/python3.8/site-packages/urllib3/connectionpool.py", line 755, in urlopen
    retries = retries.increment(
              │       └ <function Retry.increment at 0x7f4663323b80>
              └ Retry(total=0, connect=None, read=False, redirect=None, status=None)
  File "/home/chase/.local/lib/python3.8/site-packages/urllib3/util/retry.py", line 532, in increment
    raise six.reraise(type(error), error, _stacktrace)
          │   │            │       │      └ <traceback object at 0x7f42fe70dec0>
          │   │            │       └ ReadTimeoutError("HTTPConnectionPool(host='so.news.cn', port=80): Read timed out. (read timeout=10)")
          │   │            └ ReadTimeoutError("HTTPConnectionPool(host='so.news.cn', port=80): Read timed out. (read timeout=10)")
          │   └ <function reraise at 0x7f46635990d0>
          └ <module 'urllib3.packages.six' from '/home/chase/.local/lib/python3.8/site-packages/urllib3/packages/six.py'>
  File "/home/chase/.local/lib/python3.8/site-packages/urllib3/packages/six.py", line 770, in reraise
    raise value
          └ None
  File "/home/chase/.local/lib/python3.8/site-packages/urllib3/connectionpool.py", line 699, in urlopen
    httplib_response = self._make_request(
                       │    └ <function HTTPConnectionPool._make_request at 0x7f46632db5e0>
                       └ <urllib3.connectionpool.HTTPConnectionPool object at 0x7f433ea02910>
  File "/home/chase/.local/lib/python3.8/site-packages/urllib3/connectionpool.py", line 447, in _make_request
    self._raise_timeout(err=e, url=url, timeout_value=read_timeout)
    │    │                         │                  └ 10
    │    │                         └ '/qiushi/more?callback=jsonpCallback&page=75&keyword=%E4%B8%96%E5%8D%AB%E7%BB%84%E7%BB%87%EF%BC%9A%E5%85%A8%E7%90%83%E7%B4%AF...
    │    └ <function HTTPConnectionPool._raise_timeout at 0x7f46632db550>
    └ <urllib3.connectionpool.HTTPConnectionPool object at 0x7f433ea02910>
  File "/home/chase/.local/lib/python3.8/site-packages/urllib3/connectionpool.py", line 336, in _raise_timeout
    raise ReadTimeoutError(
          └ <class 'urllib3.exceptions.ReadTimeoutError'>

urllib3.exceptions.ReadTimeoutError: HTTPConnectionPool(host='so.news.cn', port=80): Read timed out. (read timeout=10)


During handling of the above exception, another exception occurred:


Traceback (most recent call last):

  File "/usr/lib/python3.8/threading.py", line 890, in _bootstrap
    self._bootstrap_inner()
    │    └ <function Thread._bootstrap_inner at 0x7f4689341a60>
    └ <Thread(Thread-1214, started daemon 139927005263616)>
  File "/usr/lib/python3.8/threading.py", line 932, in _bootstrap_inner
    self.run()
    │    └ <function Thread.run at 0x7f4689341790>
    └ <Thread(Thread-1214, started daemon 139927005263616)>
  File "/usr/lib/python3.8/threading.py", line 870, in run
    self._target(*self._args, **self._kwargs)
    │    │        │    │        │    └ {}
    │    │        │    │        └ <Thread(Thread-1214, started daemon 139927005263616)>
    │    │        │    └ ('ProjectManager.run_func_by_thread',)
    │    │        └ <Thread(Thread-1214, started daemon 139927005263616)>
    │    └ <bound method ProjectManager.get_request_from_keywords_hot of <monitor.projectManager.ProjectManager object at 0x7f457182e160>>
    └ <Thread(Thread-1214, started daemon 139927005263616)>

  File "/home/users/Scy/yuqing/spider/monitor/projectManager.py", line 795, in get_request_from_keywords_hot
    self.search_spider_manager.crawl_by_keyword(
    │    │                     └ <function SearchSpidersManager.crawl_by_keyword at 0x7f4571832040>
    │    └ <monitor.spiderManager.SearchSpidersManager object at 0x7f4571441610>
    └ <monitor.projectManager.ProjectManager object at 0x7f457182e160>

  File "/home/users/Scy/yuqing/spider/monitor/spiderManager.py", line 118, in crawl_by_keyword
    self.crawl_by_keyword_signal_platform(project_names, platform, keyword, crawl_time, project_times)
    │    │                                │              │         │        │           └ {'default': <monitor.TimeSection object at 0x7f4571558ac0>}
    │    │                                │              │         │        └ <monitor.TimeSection object at 0x7f438c35ac40>
    │    │                                │              │         └ '世卫组织：全球累计新冠确诊病例达512607587例'
    │    │                                │              └ '求是'
    │    │                                └ ['default']
    │    └ <function SearchSpidersManager.crawl_by_keyword_signal_platform at 0x7f45718320d0>
    └ <monitor.spiderManager.SearchSpidersManager object at 0x7f4571441610>

  File "/home/users/Scy/yuqing/spider/monitor/spiderManager.py", line 134, in crawl_by_keyword_signal_platform
    requests = self.get_request_from_keyword(platform, keyword, **crawl_time.to_dict())
               │    │                        │         │          │          └ <function TimeSection.to_dict at 0x7f46697d5550>
               │    │                        │         │          └ <monitor.TimeSection object at 0x7f438c35ac40>
               │    │                        │         └ '世卫组织：全球累计新冠确诊病例达512607587例'
               │    │                        └ '求是'
               │    └ <function SearchSpidersManager.get_request_from_keyword at 0x7f45718321f0>
               └ <monitor.spiderManager.SearchSpidersManager object at 0x7f4571441610>

  File "/home/users/Scy/yuqing/spider/monitor/spiderManager.py", line 191, in get_request_from_keyword
    for request in self.spiders[platform].get_request_from_keyword(headers, search_url, keyword, content_url,
        │          │    │       │                                  │        │           │        └ <string.Template object at 0x7f4255814850>
        │          │    │       │                                  │        │           └ '世卫组织：全球累计新冠确诊病例达512607587例'
        │          │    │       │                                  │        └ <string.Template object at 0x7f431ce2f7f0>
        │          │    │       │                                  └ {'Connection': 'keep-alive', 'Cache-Control': 'max-age=0', 'Upgrade-Insecure-Requests': '1', 'User-Agent': 'Mozilla/5.0 (Wind...
        │          │    │       └ '求是'
        │          │    └ {'凤凰网': <monitor.searchSpiders.ifeng.Ifeng object at 0x7f4571441d60>, '头条': <monitor.searchSpiders.toutiao.Toutiao object at ...
        │          └ <monitor.spiderManager.SearchSpidersManager object at 0x7f4571441610>
        └ <GET http://www.qstheory.cn/yaowen/2021-12/24/c_1128198249.htm>

> File "/home/users/Scy/yuqing/spider/monitor/searchSpiders/qiushi.py", line 27, in get_request_from_keyword
    json_response = json.loads(response.text[14:-2])
                    │    │     │        └ <property object at 0x7f4663177db0>
                    │    │     └ <Response [200]>
                    │    └ <function loads at 0x7f468920ef70>
                    └ <module 'json' from '/usr/lib/python3.8/json/__init__.py'>

  File "/home/chase/.local/lib/python3.8/site-packages/requests/api.py", line 75, in get
    return request('get', url, params=params, **kwargs)
           │              │           │         └ {'headers': {'Connection': 'keep-alive', 'Cache-Control': 'max-age=0', 'Upgrade-Insecure-Requests': '1', 'User-Agent': 'Mozil...
           │              │           └ None
           │              └ 'http://so.news.cn/qiushi/more?callback=jsonpCallback&page=75&keyword=世卫组织：全球累计新冠确诊病例达512607587例&searchword=(LinkTitle%3D%E5%...
           └ <function request at 0x7f466317b040>
  File "/home/chase/.local/lib/python3.8/site-packages/requests/api.py", line 61, in request
    return session.request(method=method, url=url, **kwargs)
           │       │              │           │      └ {'params': None, 'headers': {'Connection': 'keep-alive', 'Cache-Control': 'max-age=0', 'Upgrade-Insecure-Requests': '1', 'Use...
           │       │              │           └ 'http://so.news.cn/qiushi/more?callback=jsonpCallback&page=75&keyword=世卫组织：全球累计新冠确诊病例达512607587例&searchword=(LinkTitle%3D%E5%...
           │       │              └ 'get'
           │       └ <function Session.request at 0x7f4663110940>
           └ <requests.sessions.Session object at 0x7f42637422e0>
  File "/home/chase/.local/lib/python3.8/site-packages/requests/sessions.py", line 542, in request
    resp = self.send(prep, **send_kwargs)
           │    │    │       └ {'timeout': 10, 'allow_redirects': True, 'verify': True, 'proxies': OrderedDict(), 'stream': False, 'cert': None}
           │    │    └ <PreparedRequest [GET]>
           │    └ <function Session.send at 0x7f4663110dc0>
           └ <requests.sessions.Session object at 0x7f42637422e0>
  File "/home/chase/.local/lib/python3.8/site-packages/requests/sessions.py", line 655, in send
    r = adapter.send(request, **kwargs)
        │       │    │          └ {'timeout': 10, 'verify': True, 'proxies': OrderedDict(), 'stream': False, 'cert': None}
        │       │    └ <PreparedRequest [GET]>
        │       └ <function HTTPAdapter.send at 0x7f4663110280>
        └ <requests.adapters.HTTPAdapter object at 0x7f424b9e9370>
  File "/home/chase/.local/lib/python3.8/site-packages/requests/adapters.py", line 529, in send
    raise ReadTimeout(e, request=request)
          │                      └ <PreparedRequest [GET]>
          └ <class 'requests.exceptions.ReadTimeout'>

requests.exceptions.ReadTimeout: HTTPConnectionPool(host='so.news.cn', port=80): Read timed out. (read timeout=10)
2022-05-11 23:59:19.133 | ERROR    | monitor.searchSpiders.qiushi:get_request_from_keyword:36 - E 求是错误HTTPConnectionPool(host='so.news.cn', port=80): Read timed out. (read timeout=10)
Traceback (most recent call last):

  File "/home/chase/.local/lib/python3.8/site-packages/urllib3/connectionpool.py", line 445, in _make_request
    six.raise_from(e, None)
    │   └ <function raise_from at 0x7f4663599160>
    └ <module 'urllib3.packages.six' from '/home/chase/.local/lib/python3.8/site-packages/urllib3/packages/six.py'>
  File "<string>", line 3, in raise_from
  File "/home/chase/.local/lib/python3.8/site-packages/urllib3/connectionpool.py", line 440, in _make_request
    httplib_response = conn.getresponse()
                       │    └ <function HTTPConnection.getresponse at 0x7f4678b7d310>
                       └ <urllib3.connection.HTTPConnection object at 0x7f433a2d5970>
  File "/usr/lib/python3.8/http/client.py", line 1348, in getresponse
    response.begin()
    │        └ <function HTTPResponse.begin at 0x7f4678b7b670>
    └ <http.client.HTTPResponse object at 0x7f44d0227ee0>
  File "/usr/lib/python3.8/http/client.py", line 316, in begin
    version, status, reason = self._read_status()
                              │    └ <function HTTPResponse._read_status at 0x7f4678b7b5e0>
                              └ <http.client.HTTPResponse object at 0x7f44d0227ee0>
  File "/usr/lib/python3.8/http/client.py", line 277, in _read_status
    line = str(self.fp.readline(_MAXLINE + 1), "iso-8859-1")
               │    │           └ 65536
               │    └ None
               └ <http.client.HTTPResponse object at 0x7f44d0227ee0>
  File "/usr/lib/python3.8/socket.py", line 669, in readinto
    return self._sock.recv_into(b)
           │    │               └ <memory at 0x7f424b9e4580>
           │    └ None
           └ <socket.SocketIO object at 0x7f426f8c6280>

socket.timeout: timed out


During handling of the above exception, another exception occurred:


Traceback (most recent call last):

  File "/home/chase/.local/lib/python3.8/site-packages/requests/adapters.py", line 439, in send
    resp = conn.urlopen(
           │    └ <function HTTPConnectionPool.urlopen at 0x7f46632db820>
           └ <urllib3.connectionpool.HTTPConnectionPool object at 0x7f432320f400>
  File "/home/chase/.local/lib/python3.8/site-packages/urllib3/connectionpool.py", line 755, in urlopen
    retries = retries.increment(
              │       └ <function Retry.increment at 0x7f4663323b80>
              └ Retry(total=0, connect=None, read=False, redirect=None, status=None)
  File "/home/chase/.local/lib/python3.8/site-packages/urllib3/util/retry.py", line 532, in increment
    raise six.reraise(type(error), error, _stacktrace)
          │   │            │       │      └ <traceback object at 0x7f4256bf78c0>
          │   │            │       └ ReadTimeoutError("HTTPConnectionPool(host='so.news.cn', port=80): Read timed out. (read timeout=10)")
          │   │            └ ReadTimeoutError("HTTPConnectionPool(host='so.news.cn', port=80): Read timed out. (read timeout=10)")
          │   └ <function reraise at 0x7f46635990d0>
          └ <module 'urllib3.packages.six' from '/home/chase/.local/lib/python3.8/site-packages/urllib3/packages/six.py'>
  File "/home/chase/.local/lib/python3.8/site-packages/urllib3/packages/six.py", line 770, in reraise
    raise value
          └ None
  File "/home/chase/.local/lib/python3.8/site-packages/urllib3/connectionpool.py", line 699, in urlopen
    httplib_response = self._make_request(
                       │    └ <function HTTPConnectionPool._make_request at 0x7f46632db5e0>
                       └ <urllib3.connectionpool.HTTPConnectionPool object at 0x7f432320f400>
  File "/home/chase/.local/lib/python3.8/site-packages/urllib3/connectionpool.py", line 447, in _make_request
    self._raise_timeout(err=e, url=url, timeout_value=read_timeout)
    │    │                         │                  └ 10
    │    │                         └ '/qiushi/more?callback=jsonpCallback&page=11&keyword=%E4%BF%84%E5%9B%BD%E9%98%B2%E9%83%A8%E5%AE%A3%E5%B8%83%E8%BF%9E%E7%BB%AD...
    │    └ <function HTTPConnectionPool._raise_timeout at 0x7f46632db550>
    └ <urllib3.connectionpool.HTTPConnectionPool object at 0x7f432320f400>
  File "/home/chase/.local/lib/python3.8/site-packages/urllib3/connectionpool.py", line 336, in _raise_timeout
    raise ReadTimeoutError(
          └ <class 'urllib3.exceptions.ReadTimeoutError'>

urllib3.exceptions.ReadTimeoutError: HTTPConnectionPool(host='so.news.cn', port=80): Read timed out. (read timeout=10)


During handling of the above exception, another exception occurred:


Traceback (most recent call last):

  File "/usr/lib/python3.8/threading.py", line 890, in _bootstrap
    self._bootstrap_inner()
    │    └ <function Thread._bootstrap_inner at 0x7f4689341a60>
    └ <Thread(Thread-2010, started daemon 139925044246272)>
  File "/usr/lib/python3.8/threading.py", line 932, in _bootstrap_inner
    self.run()
    │    └ <function Thread.run at 0x7f4689341790>
    └ <Thread(Thread-2010, started daemon 139925044246272)>
  File "/usr/lib/python3.8/threading.py", line 870, in run
    self._target(*self._args, **self._kwargs)
    │    │        │    │        │    └ {}
    │    │        │    │        └ <Thread(Thread-2010, started daemon 139925044246272)>
    │    │        │    └ ('ProjectManager.run_func_by_thread',)
    │    │        └ <Thread(Thread-2010, started daemon 139925044246272)>
    │    └ <bound method ProjectManager.get_request_from_keywords_hot of <monitor.projectManager.ProjectManager object at 0x7f457182e160>>
    └ <Thread(Thread-2010, started daemon 139925044246272)>

  File "/home/users/Scy/yuqing/spider/monitor/projectManager.py", line 795, in get_request_from_keywords_hot
    self.search_spider_manager.crawl_by_keyword(
    │    │                     └ <function SearchSpidersManager.crawl_by_keyword at 0x7f4571832040>
    │    └ <monitor.spiderManager.SearchSpidersManager object at 0x7f4571441610>
    └ <monitor.projectManager.ProjectManager object at 0x7f457182e160>

  File "/home/users/Scy/yuqing/spider/monitor/spiderManager.py", line 118, in crawl_by_keyword
    self.crawl_by_keyword_signal_platform(project_names, platform, keyword, crawl_time, project_times)
    │    │                                │              │         │        │           └ {'default': <monitor.TimeSection object at 0x7f4571558ac0>}
    │    │                                │              │         │        └ <monitor.TimeSection object at 0x7f43a790e730>
    │    │                                │              │         └ '俄国防部宣布连续三天开通亚速钢铁厂人道主义走廊'
    │    │                                │              └ '求是'
    │    │                                └ ['default']
    │    └ <function SearchSpidersManager.crawl_by_keyword_signal_platform at 0x7f45718320d0>
    └ <monitor.spiderManager.SearchSpidersManager object at 0x7f4571441610>

  File "/home/users/Scy/yuqing/spider/monitor/spiderManager.py", line 134, in crawl_by_keyword_signal_platform
    requests = self.get_request_from_keyword(platform, keyword, **crawl_time.to_dict())
               │    │                        │         │          │          └ <function TimeSection.to_dict at 0x7f46697d5550>
               │    │                        │         │          └ <monitor.TimeSection object at 0x7f43a790e730>
               │    │                        │         └ '俄国防部宣布连续三天开通亚速钢铁厂人道主义走廊'
               │    │                        └ '求是'
               │    └ <function SearchSpidersManager.get_request_from_keyword at 0x7f45718321f0>
               └ <monitor.spiderManager.SearchSpidersManager object at 0x7f4571441610>

  File "/home/users/Scy/yuqing/spider/monitor/spiderManager.py", line 191, in get_request_from_keyword
    for request in self.spiders[platform].get_request_from_keyword(headers, search_url, keyword, content_url,
        │          │    │       │                                  │        │           │        └ <string.Template object at 0x7f42911cba90>
        │          │    │       │                                  │        │           └ '俄国防部宣布连续三天开通亚速钢铁厂人道主义走廊'
        │          │    │       │                                  │        └ <string.Template object at 0x7f43880ee3a0>
        │          │    │       │                                  └ {'Connection': 'keep-alive', 'Cache-Control': 'max-age=0', 'Upgrade-Insecure-Requests': '1', 'User-Agent': 'Mozilla/5.0 (Wind...
        │          │    │       └ '求是'
        │          │    └ {'凤凰网': <monitor.searchSpiders.ifeng.Ifeng object at 0x7f4571441d60>, '头条': <monitor.searchSpiders.toutiao.Toutiao object at ...
        │          └ <monitor.spiderManager.SearchSpidersManager object at 0x7f4571441610>
        └ <GET http://www.qstheory.cn/qshyjx/2021-11/15/c_1128064802.htm>

> File "/home/users/Scy/yuqing/spider/monitor/searchSpiders/qiushi.py", line 27, in get_request_from_keyword
    json_response = json.loads(response.text[14:-2])
                    │    │     │        └ <property object at 0x7f4663177db0>
                    │    │     └ <Response [200]>
                    │    └ <function loads at 0x7f468920ef70>
                    └ <module 'json' from '/usr/lib/python3.8/json/__init__.py'>

  File "/home/chase/.local/lib/python3.8/site-packages/requests/api.py", line 75, in get
    return request('get', url, params=params, **kwargs)
           │              │           │         └ {'headers': {'Connection': 'keep-alive', 'Cache-Control': 'max-age=0', 'Upgrade-Insecure-Requests': '1', 'User-Agent': 'Mozil...
           │              │           └ None
           │              └ 'http://so.news.cn/qiushi/more?callback=jsonpCallback&page=11&keyword=俄国防部宣布连续三天开通亚速钢铁厂人道主义走廊&searchword=(LinkTitle%3D%E5%AD%...
           └ <function request at 0x7f466317b040>
  File "/home/chase/.local/lib/python3.8/site-packages/requests/api.py", line 61, in request
    return session.request(method=method, url=url, **kwargs)
           │       │              │           │      └ {'params': None, 'headers': {'Connection': 'keep-alive', 'Cache-Control': 'max-age=0', 'Upgrade-Insecure-Requests': '1', 'Use...
           │       │              │           └ 'http://so.news.cn/qiushi/more?callback=jsonpCallback&page=11&keyword=俄国防部宣布连续三天开通亚速钢铁厂人道主义走廊&searchword=(LinkTitle%3D%E5%AD%...
           │       │              └ 'get'
           │       └ <function Session.request at 0x7f4663110940>
           └ <requests.sessions.Session object at 0x7f426fa7fbe0>
  File "/home/chase/.local/lib/python3.8/site-packages/requests/sessions.py", line 542, in request
    resp = self.send(prep, **send_kwargs)
           │    │    │       └ {'timeout': 10, 'allow_redirects': True, 'verify': True, 'proxies': OrderedDict(), 'stream': False, 'cert': None}
           │    │    └ <PreparedRequest [GET]>
           │    └ <function Session.send at 0x7f4663110dc0>
           └ <requests.sessions.Session object at 0x7f426fa7fbe0>
  File "/home/chase/.local/lib/python3.8/site-packages/requests/sessions.py", line 655, in send
    r = adapter.send(request, **kwargs)
        │       │    │          └ {'timeout': 10, 'verify': True, 'proxies': OrderedDict(), 'stream': False, 'cert': None}
        │       │    └ <PreparedRequest [GET]>
        │       └ <function HTTPAdapter.send at 0x7f4663110280>
        └ <requests.adapters.HTTPAdapter object at 0x7f43ac025d00>
  File "/home/chase/.local/lib/python3.8/site-packages/requests/adapters.py", line 529, in send
    raise ReadTimeout(e, request=request)
          │                      └ <PreparedRequest [GET]>
          └ <class 'requests.exceptions.ReadTimeout'>

requests.exceptions.ReadTimeout: HTTPConnectionPool(host='so.news.cn', port=80): Read timed out. (read timeout=10)
2022-05-11 23:59:19.158 | ERROR    | monitor.searchSpiders.qiushi:get_request_from_keyword:36 - E 求是错误HTTPConnectionPool(host='so.news.cn', port=80): Read timed out. (read timeout=10)
Traceback (most recent call last):

  File "/home/chase/.local/lib/python3.8/site-packages/urllib3/connectionpool.py", line 445, in _make_request
    six.raise_from(e, None)
    │   └ <function raise_from at 0x7f4663599160>
    └ <module 'urllib3.packages.six' from '/home/chase/.local/lib/python3.8/site-packages/urllib3/packages/six.py'>
  File "<string>", line 3, in raise_from
  File "/home/chase/.local/lib/python3.8/site-packages/urllib3/connectionpool.py", line 440, in _make_request
    httplib_response = conn.getresponse()
                       │    └ <function HTTPConnection.getresponse at 0x7f4678b7d310>
                       └ <urllib3.connection.HTTPConnection object at 0x7f4358ec1e80>
  File "/usr/lib/python3.8/http/client.py", line 1348, in getresponse
    response.begin()
    │        └ <function HTTPResponse.begin at 0x7f4678b7b670>
    └ <http.client.HTTPResponse object at 0x7f4261d77a60>
  File "/usr/lib/python3.8/http/client.py", line 316, in begin
    version, status, reason = self._read_status()
                              │    └ <function HTTPResponse._read_status at 0x7f4678b7b5e0>
                              └ <http.client.HTTPResponse object at 0x7f4261d77a60>
  File "/usr/lib/python3.8/http/client.py", line 277, in _read_status
    line = str(self.fp.readline(_MAXLINE + 1), "iso-8859-1")
               │    │           └ 65536
               │    └ None
               └ <http.client.HTTPResponse object at 0x7f4261d77a60>
  File "/usr/lib/python3.8/socket.py", line 669, in readinto
    return self._sock.recv_into(b)
           │    │               └ <memory at 0x7f42f937b4c0>
           │    └ None
           └ <socket.SocketIO object at 0x7f4293cb18e0>

socket.timeout: timed out


During handling of the above exception, another exception occurred:


Traceback (most recent call last):

  File "/home/chase/.local/lib/python3.8/site-packages/requests/adapters.py", line 439, in send
    resp = conn.urlopen(
           │    └ <function HTTPConnectionPool.urlopen at 0x7f46632db820>
           └ <urllib3.connectionpool.HTTPConnectionPool object at 0x7f426647e430>
  File "/home/chase/.local/lib/python3.8/site-packages/urllib3/connectionpool.py", line 755, in urlopen
    retries = retries.increment(
              │       └ <function Retry.increment at 0x7f4663323b80>
              └ Retry(total=0, connect=None, read=False, redirect=None, status=None)
  File "/home/chase/.local/lib/python3.8/site-packages/urllib3/util/retry.py", line 532, in increment
    raise six.reraise(type(error), error, _stacktrace)
          │   │            │       │      └ <traceback object at 0x7f438dd00180>
          │   │            │       └ ReadTimeoutError("HTTPConnectionPool(host='so.news.cn', port=80): Read timed out. (read timeout=10)")
          │   │            └ ReadTimeoutError("HTTPConnectionPool(host='so.news.cn', port=80): Read timed out. (read timeout=10)")
          │   └ <function reraise at 0x7f46635990d0>
          └ <module 'urllib3.packages.six' from '/home/chase/.local/lib/python3.8/site-packages/urllib3/packages/six.py'>
  File "/home/chase/.local/lib/python3.8/site-packages/urllib3/packages/six.py", line 770, in reraise
    raise value
          └ None
  File "/home/chase/.local/lib/python3.8/site-packages/urllib3/connectionpool.py", line 699, in urlopen
    httplib_response = self._make_request(
                       │    └ <function HTTPConnectionPool._make_request at 0x7f46632db5e0>
                       └ <urllib3.connectionpool.HTTPConnectionPool object at 0x7f426647e430>
  File "/home/chase/.local/lib/python3.8/site-packages/urllib3/connectionpool.py", line 447, in _make_request
    self._raise_timeout(err=e, url=url, timeout_value=read_timeout)
    │    │                         │                  └ 10
    │    │                         └ '/qiushi/more?callback=jsonpCallback&page=40&keyword=%E7%BE%8E%E7%A0%94%E7%A9%B6%E8%AE%A4%E4%B8%BA%E5%A5%A5%E5%AF%86%E5%85%8B...
    │    └ <function HTTPConnectionPool._raise_timeout at 0x7f46632db550>
    └ <urllib3.connectionpool.HTTPConnectionPool object at 0x7f426647e430>
  File "/home/chase/.local/lib/python3.8/site-packages/urllib3/connectionpool.py", line 336, in _raise_timeout
    raise ReadTimeoutError(
          └ <class 'urllib3.exceptions.ReadTimeoutError'>

urllib3.exceptions.ReadTimeoutError: HTTPConnectionPool(host='so.news.cn', port=80): Read timed out. (read timeout=10)


During handling of the above exception, another exception occurred:


Traceback (most recent call last):

  File "/usr/lib/python3.8/threading.py", line 890, in _bootstrap
    self._bootstrap_inner()
    │    └ <function Thread._bootstrap_inner at 0x7f4689341a60>
    └ <Thread(Thread-1604, started daemon 139926077183744)>
  File "/usr/lib/python3.8/threading.py", line 932, in _bootstrap_inner
    self.run()
    │    └ <function Thread.run at 0x7f4689341790>
    └ <Thread(Thread-1604, started daemon 139926077183744)>
  File "/usr/lib/python3.8/threading.py", line 870, in run
    self._target(*self._args, **self._kwargs)
    │    │        │    │        │    └ {}
    │    │        │    │        └ <Thread(Thread-1604, started daemon 139926077183744)>
    │    │        │    └ ('ProjectManager.run_func_by_thread',)
    │    │        └ <Thread(Thread-1604, started daemon 139926077183744)>
    │    └ <bound method ProjectManager.get_request_from_keywords_hot of <monitor.projectManager.ProjectManager object at 0x7f457182e160>>
    └ <Thread(Thread-1604, started daemon 139926077183744)>

  File "/home/users/Scy/yuqing/spider/monitor/projectManager.py", line 795, in get_request_from_keywords_hot
    self.search_spider_manager.crawl_by_keyword(
    │    │                     └ <function SearchSpidersManager.crawl_by_keyword at 0x7f4571832040>
    │    └ <monitor.spiderManager.SearchSpidersManager object at 0x7f4571441610>
    └ <monitor.projectManager.ProjectManager object at 0x7f457182e160>

  File "/home/users/Scy/yuqing/spider/monitor/spiderManager.py", line 118, in crawl_by_keyword
    self.crawl_by_keyword_signal_platform(project_names, platform, keyword, crawl_time, project_times)
    │    │                                │              │         │        │           └ {'default': <monitor.TimeSection object at 0x7f4571558ac0>}
    │    │                                │              │         │        └ <monitor.TimeSection object at 0x7f431ca1a4f0>
    │    │                                │              │         └ '美研究认为奥密克戎毒性与以往新冠病毒变异株一样强'
    │    │                                │              └ '求是'
    │    │                                └ ['default']
    │    └ <function SearchSpidersManager.crawl_by_keyword_signal_platform at 0x7f45718320d0>
    └ <monitor.spiderManager.SearchSpidersManager object at 0x7f4571441610>

  File "/home/users/Scy/yuqing/spider/monitor/spiderManager.py", line 134, in crawl_by_keyword_signal_platform
    requests = self.get_request_from_keyword(platform, keyword, **crawl_time.to_dict())
               │    │                        │         │          │          └ <function TimeSection.to_dict at 0x7f46697d5550>
               │    │                        │         │          └ <monitor.TimeSection object at 0x7f431ca1a4f0>
               │    │                        │         └ '美研究认为奥密克戎毒性与以往新冠病毒变异株一样强'
               │    │                        └ '求是'
               │    └ <function SearchSpidersManager.get_request_from_keyword at 0x7f45718321f0>
               └ <monitor.spiderManager.SearchSpidersManager object at 0x7f4571441610>

  File "/home/users/Scy/yuqing/spider/monitor/spiderManager.py", line 191, in get_request_from_keyword
    for request in self.spiders[platform].get_request_from_keyword(headers, search_url, keyword, content_url,
        │          │    │       │                                  │        │           │        └ <string.Template object at 0x7f42e39f9e80>
        │          │    │       │                                  │        │           └ '美研究认为奥密克戎毒性与以往新冠病毒变异株一样强'
        │          │    │       │                                  │        └ <string.Template object at 0x7f437f6d3730>
        │          │    │       │                                  └ {'Connection': 'keep-alive', 'Cache-Control': 'max-age=0', 'Upgrade-Insecure-Requests': '1', 'User-Agent': 'Mozilla/5.0 (Wind...
        │          │    │       └ '求是'
        │          │    └ {'凤凰网': <monitor.searchSpiders.ifeng.Ifeng object at 0x7f4571441d60>, '头条': <monitor.searchSpiders.toutiao.Toutiao object at ...
        │          └ <monitor.spiderManager.SearchSpidersManager object at 0x7f4571441610>
        └ <GET http://www.qstheory.cn/dukan/hqwg/2022-04/11/c_1128548608.htm>

> File "/home/users/Scy/yuqing/spider/monitor/searchSpiders/qiushi.py", line 27, in get_request_from_keyword
    json_response = json.loads(response.text[14:-2])
                    │    │     │        └ <property object at 0x7f4663177db0>
                    │    │     └ <Response [200]>
                    │    └ <function loads at 0x7f468920ef70>
                    └ <module 'json' from '/usr/lib/python3.8/json/__init__.py'>

  File "/home/chase/.local/lib/python3.8/site-packages/requests/api.py", line 75, in get
    return request('get', url, params=params, **kwargs)
           │              │           │         └ {'headers': {'Connection': 'keep-alive', 'Cache-Control': 'max-age=0', 'Upgrade-Insecure-Requests': '1', 'User-Agent': 'Mozil...
           │              │           └ None
           │              └ 'http://so.news.cn/qiushi/more?callback=jsonpCallback&page=40&keyword=美研究认为奥密克戎毒性与以往新冠病毒变异株一样强&searchword=(LinkTitle%3D%E5%AD...
           └ <function request at 0x7f466317b040>
  File "/home/chase/.local/lib/python3.8/site-packages/requests/api.py", line 61, in request
    return session.request(method=method, url=url, **kwargs)
           │       │              │           │      └ {'params': None, 'headers': {'Connection': 'keep-alive', 'Cache-Control': 'max-age=0', 'Upgrade-Insecure-Requests': '1', 'Use...
           │       │              │           └ 'http://so.news.cn/qiushi/more?callback=jsonpCallback&page=40&keyword=美研究认为奥密克戎毒性与以往新冠病毒变异株一样强&searchword=(LinkTitle%3D%E5%AD...
           │       │              └ 'get'
           │       └ <function Session.request at 0x7f4663110940>
           └ <requests.sessions.Session object at 0x7f4261750dc0>
  File "/home/chase/.local/lib/python3.8/site-packages/requests/sessions.py", line 542, in request
    resp = self.send(prep, **send_kwargs)
           │    │    │       └ {'timeout': 10, 'allow_redirects': True, 'verify': True, 'proxies': OrderedDict(), 'stream': False, 'cert': None}
           │    │    └ <PreparedRequest [GET]>
           │    └ <function Session.send at 0x7f4663110dc0>
           └ <requests.sessions.Session object at 0x7f4261750dc0>
  File "/home/chase/.local/lib/python3.8/site-packages/requests/sessions.py", line 655, in send
    r = adapter.send(request, **kwargs)
        │       │    │          └ {'timeout': 10, 'verify': True, 'proxies': OrderedDict(), 'stream': False, 'cert': None}
        │       │    └ <PreparedRequest [GET]>
        │       └ <function HTTPAdapter.send at 0x7f4663110280>
        └ <requests.adapters.HTTPAdapter object at 0x7f42e17703a0>
  File "/home/chase/.local/lib/python3.8/site-packages/requests/adapters.py", line 529, in send
    raise ReadTimeout(e, request=request)
          │                      └ <PreparedRequest [GET]>
          └ <class 'requests.exceptions.ReadTimeout'>

requests.exceptions.ReadTimeout: HTTPConnectionPool(host='so.news.cn', port=80): Read timed out. (read timeout=10)
2022-05-11 23:59:19.176 | ERROR    | monitor.searchSpiders.qiushi:get_request_from_keyword:36 - E 求是错误HTTPConnectionPool(host='so.news.cn', port=80): Read timed out. (read timeout=10)
Traceback (most recent call last):

  File "/home/chase/.local/lib/python3.8/site-packages/urllib3/connectionpool.py", line 445, in _make_request
    six.raise_from(e, None)
    │   └ <function raise_from at 0x7f4663599160>
    └ <module 'urllib3.packages.six' from '/home/chase/.local/lib/python3.8/site-packages/urllib3/packages/six.py'>
  File "<string>", line 3, in raise_from
  File "/home/chase/.local/lib/python3.8/site-packages/urllib3/connectionpool.py", line 440, in _make_request
    httplib_response = conn.getresponse()
                       │    └ <function HTTPConnection.getresponse at 0x7f4678b7d310>
                       └ <urllib3.connection.HTTPConnection object at 0x7f4546c19670>
  File "/usr/lib/python3.8/http/client.py", line 1348, in getresponse
    response.begin()
    │        └ <function HTTPResponse.begin at 0x7f4678b7b670>
    └ <http.client.HTTPResponse object at 0x7f429e509e50>
  File "/usr/lib/python3.8/http/client.py", line 316, in begin
    version, status, reason = self._read_status()
                              │    └ <function HTTPResponse._read_status at 0x7f4678b7b5e0>
                              └ <http.client.HTTPResponse object at 0x7f429e509e50>
  File "/usr/lib/python3.8/http/client.py", line 277, in _read_status
    line = str(self.fp.readline(_MAXLINE + 1), "iso-8859-1")
               │    │           └ 65536
               │    └ None
               └ <http.client.HTTPResponse object at 0x7f429e509e50>
  File "/usr/lib/python3.8/socket.py", line 669, in readinto
    return self._sock.recv_into(b)
           │    │               └ <memory at 0x7f424badcd00>
           │    └ None
           └ <socket.SocketIO object at 0x7f429e509400>

socket.timeout: timed out


During handling of the above exception, another exception occurred:


Traceback (most recent call last):

  File "/home/chase/.local/lib/python3.8/site-packages/requests/adapters.py", line 439, in send
    resp = conn.urlopen(
           │    └ <function HTTPConnectionPool.urlopen at 0x7f46632db820>
           └ <urllib3.connectionpool.HTTPConnectionPool object at 0x7f435c56f040>
  File "/home/chase/.local/lib/python3.8/site-packages/urllib3/connectionpool.py", line 755, in urlopen
    retries = retries.increment(
              │       └ <function Retry.increment at 0x7f4663323b80>
              └ Retry(total=0, connect=None, read=False, redirect=None, status=None)
  File "/home/chase/.local/lib/python3.8/site-packages/urllib3/util/retry.py", line 532, in increment
    raise six.reraise(type(error), error, _stacktrace)
          │   │            │       │      └ <traceback object at 0x7f43659f6cc0>
          │   │            │       └ ReadTimeoutError("HTTPConnectionPool(host='so.news.cn', port=80): Read timed out. (read timeout=10)")
          │   │            └ ReadTimeoutError("HTTPConnectionPool(host='so.news.cn', port=80): Read timed out. (read timeout=10)")
          │   └ <function reraise at 0x7f46635990d0>
          └ <module 'urllib3.packages.six' from '/home/chase/.local/lib/python3.8/site-packages/urllib3/packages/six.py'>
  File "/home/chase/.local/lib/python3.8/site-packages/urllib3/packages/six.py", line 770, in reraise
    raise value
          └ None
  File "/home/chase/.local/lib/python3.8/site-packages/urllib3/connectionpool.py", line 699, in urlopen
    httplib_response = self._make_request(
                       │    └ <function HTTPConnectionPool._make_request at 0x7f46632db5e0>
                       └ <urllib3.connectionpool.HTTPConnectionPool object at 0x7f435c56f040>
  File "/home/chase/.local/lib/python3.8/site-packages/urllib3/connectionpool.py", line 447, in _make_request
    self._raise_timeout(err=e, url=url, timeout_value=read_timeout)
    │    │                         │                  └ 10
    │    │                         └ '/qiushi/more?callback=jsonpCallback&page=259&keyword=%E6%96%B0%E8%81%8C%E4%B8%9A%E8%81%8C%E7%A7%B0%E8%AF%84%E5%AE%A1%E5%8A%A...
    │    └ <function HTTPConnectionPool._raise_timeout at 0x7f46632db550>
    └ <urllib3.connectionpool.HTTPConnectionPool object at 0x7f435c56f040>
  File "/home/chase/.local/lib/python3.8/site-packages/urllib3/connectionpool.py", line 336, in _raise_timeout
    raise ReadTimeoutError(
          └ <class 'urllib3.exceptions.ReadTimeoutError'>

urllib3.exceptions.ReadTimeoutError: HTTPConnectionPool(host='so.news.cn', port=80): Read timed out. (read timeout=10)


During handling of the above exception, another exception occurred:


Traceback (most recent call last):

  File "/usr/lib/python3.8/threading.py", line 890, in _bootstrap
    self._bootstrap_inner()
    │    └ <function Thread._bootstrap_inner at 0x7f4689341a60>
    └ <Thread(Thread-532, started daemon 139928709543680)>
  File "/usr/lib/python3.8/threading.py", line 932, in _bootstrap_inner
    self.run()
    │    └ <function Thread.run at 0x7f4689341790>
    └ <Thread(Thread-532, started daemon 139928709543680)>
  File "/usr/lib/python3.8/threading.py", line 870, in run
    self._target(*self._args, **self._kwargs)
    │    │        │    │        │    └ {}
    │    │        │    │        └ <Thread(Thread-532, started daemon 139928709543680)>
    │    │        │    └ ('ProjectManager.run_func_by_thread',)
    │    │        └ <Thread(Thread-532, started daemon 139928709543680)>
    │    └ <bound method ProjectManager.get_request_from_keywords_hot of <monitor.projectManager.ProjectManager object at 0x7f457182e160>>
    └ <Thread(Thread-532, started daemon 139928709543680)>

  File "/home/users/Scy/yuqing/spider/monitor/projectManager.py", line 795, in get_request_from_keywords_hot
    self.search_spider_manager.crawl_by_keyword(
    │    │                     └ <function SearchSpidersManager.crawl_by_keyword at 0x7f4571832040>
    │    └ <monitor.spiderManager.SearchSpidersManager object at 0x7f4571441610>
    └ <monitor.projectManager.ProjectManager object at 0x7f457182e160>

  File "/home/users/Scy/yuqing/spider/monitor/spiderManager.py", line 118, in crawl_by_keyword
    self.crawl_by_keyword_signal_platform(project_names, platform, keyword, crawl_time, project_times)
    │    │                                │              │         │        │           └ {'default': <monitor.TimeSection object at 0x7f4571558ac0>}
    │    │                                │              │         │        └ <monitor.TimeSection object at 0x7f43aff5ec70>
    │    │                                │              │         └ '新职业职称评审助推新产业和人才发展'
    │    │                                │              └ '求是'
    │    │                                └ ['default']
    │    └ <function SearchSpidersManager.crawl_by_keyword_signal_platform at 0x7f45718320d0>
    └ <monitor.spiderManager.SearchSpidersManager object at 0x7f4571441610>

  File "/home/users/Scy/yuqing/spider/monitor/spiderManager.py", line 134, in crawl_by_keyword_signal_platform
    requests = self.get_request_from_keyword(platform, keyword, **crawl_time.to_dict())
               │    │                        │         │          │          └ <function TimeSection.to_dict at 0x7f46697d5550>
               │    │                        │         │          └ <monitor.TimeSection object at 0x7f43aff5ec70>
               │    │                        │         └ '新职业职称评审助推新产业和人才发展'
               │    │                        └ '求是'
               │    └ <function SearchSpidersManager.get_request_from_keyword at 0x7f45718321f0>
               └ <monitor.spiderManager.SearchSpidersManager object at 0x7f4571441610>

  File "/home/users/Scy/yuqing/spider/monitor/spiderManager.py", line 191, in get_request_from_keyword
    for request in self.spiders[platform].get_request_from_keyword(headers, search_url, keyword, content_url,
        │          │    │       │                                  │        │           │        └ <string.Template object at 0x7f428698da30>
        │          │    │       │                                  │        │           └ '新职业职称评审助推新产业和人才发展'
        │          │    │       │                                  │        └ <string.Template object at 0x7f42bc368940>
        │          │    │       │                                  └ {'Connection': 'keep-alive', 'Cache-Control': 'max-age=0', 'Upgrade-Insecure-Requests': '1', 'User-Agent': 'Mozilla/5.0 (Wind...
        │          │    │       └ '求是'
        │          │    └ {'凤凰网': <monitor.searchSpiders.ifeng.Ifeng object at 0x7f4571441d60>, '头条': <monitor.searchSpiders.toutiao.Toutiao object at ...
        │          └ <monitor.spiderManager.SearchSpidersManager object at 0x7f4571441610>
        └ <GET http://www.qstheory.cn/yaowen/2021-11/18/c_1128077633.htm>

> File "/home/users/Scy/yuqing/spider/monitor/searchSpiders/qiushi.py", line 27, in get_request_from_keyword
    json_response = json.loads(response.text[14:-2])
                    │    │     │        └ <property object at 0x7f4663177db0>
                    │    │     └ <Response [200]>
                    │    └ <function loads at 0x7f468920ef70>
                    └ <module 'json' from '/usr/lib/python3.8/json/__init__.py'>

  File "/home/chase/.local/lib/python3.8/site-packages/requests/api.py", line 75, in get
    return request('get', url, params=params, **kwargs)
           │              │           │         └ {'headers': {'Connection': 'keep-alive', 'Cache-Control': 'max-age=0', 'Upgrade-Insecure-Requests': '1', 'User-Agent': 'Mozil...
           │              │           └ None
           │              └ 'http://so.news.cn/qiushi/more?callback=jsonpCallback&page=259&keyword=新职业职称评审助推新产业和人才发展&searchword=(LinkTitle%3D%E5%AD%9F%E6...
           └ <function request at 0x7f466317b040>
  File "/home/chase/.local/lib/python3.8/site-packages/requests/api.py", line 61, in request
    return session.request(method=method, url=url, **kwargs)
           │       │              │           │      └ {'params': None, 'headers': {'Connection': 'keep-alive', 'Cache-Control': 'max-age=0', 'Upgrade-Insecure-Requests': '1', 'Use...
           │       │              │           └ 'http://so.news.cn/qiushi/more?callback=jsonpCallback&page=259&keyword=新职业职称评审助推新产业和人才发展&searchword=(LinkTitle%3D%E5%AD%9F%E6...
           │       │              └ 'get'
           │       └ <function Session.request at 0x7f4663110940>
           └ <requests.sessions.Session object at 0x7f4314ae9f40>
  File "/home/chase/.local/lib/python3.8/site-packages/requests/sessions.py", line 542, in request
    resp = self.send(prep, **send_kwargs)
           │    │    │       └ {'timeout': 10, 'allow_redirects': True, 'verify': True, 'proxies': OrderedDict(), 'stream': False, 'cert': None}
           │    │    └ <PreparedRequest [GET]>
           │    └ <function Session.send at 0x7f4663110dc0>
           └ <requests.sessions.Session object at 0x7f4314ae9f40>
  File "/home/chase/.local/lib/python3.8/site-packages/requests/sessions.py", line 655, in send
    r = adapter.send(request, **kwargs)
        │       │    │          └ {'timeout': 10, 'verify': True, 'proxies': OrderedDict(), 'stream': False, 'cert': None}
        │       │    └ <PreparedRequest [GET]>
        │       └ <function HTTPAdapter.send at 0x7f4663110280>
        └ <requests.adapters.HTTPAdapter object at 0x7f437975ca90>
  File "/home/chase/.local/lib/python3.8/site-packages/requests/adapters.py", line 529, in send
    raise ReadTimeout(e, request=request)
          │                      └ <PreparedRequest [GET]>
          └ <class 'requests.exceptions.ReadTimeout'>

requests.exceptions.ReadTimeout: HTTPConnectionPool(host='so.news.cn', port=80): Read timed out. (read timeout=10)
2022-05-11 23:59:19.231 | ERROR    | monitor.searchSpiders.qiushi:get_request_from_keyword:36 - E 求是错误HTTPConnectionPool(host='so.news.cn', port=80): Read timed out. (read timeout=10)
Traceback (most recent call last):

  File "/home/chase/.local/lib/python3.8/site-packages/urllib3/connectionpool.py", line 445, in _make_request
    six.raise_from(e, None)
    │   └ <function raise_from at 0x7f4663599160>
    └ <module 'urllib3.packages.six' from '/home/chase/.local/lib/python3.8/site-packages/urllib3/packages/six.py'>
  File "<string>", line 3, in raise_from
  File "/home/chase/.local/lib/python3.8/site-packages/urllib3/connectionpool.py", line 440, in _make_request
    httplib_response = conn.getresponse()
                       │    └ <function HTTPConnection.getresponse at 0x7f4678b7d310>
                       └ <urllib3.connection.HTTPConnection object at 0x7f42f2443ac0>
  File "/usr/lib/python3.8/http/client.py", line 1348, in getresponse
    response.begin()
    │        └ <function HTTPResponse.begin at 0x7f4678b7b670>
    └ <http.client.HTTPResponse object at 0x7f42f5082520>
  File "/usr/lib/python3.8/http/client.py", line 316, in begin
    version, status, reason = self._read_status()
                              │    └ <function HTTPResponse._read_status at 0x7f4678b7b5e0>
                              └ <http.client.HTTPResponse object at 0x7f42f5082520>
  File "/usr/lib/python3.8/http/client.py", line 277, in _read_status
    line = str(self.fp.readline(_MAXLINE + 1), "iso-8859-1")
               │    │           └ 65536
               │    └ None
               └ <http.client.HTTPResponse object at 0x7f42f5082520>
  File "/usr/lib/python3.8/socket.py", line 669, in readinto
    return self._sock.recv_into(b)
           │    │               └ <memory at 0x7f4286a15c40>
           │    └ None
           └ <socket.SocketIO object at 0x7f42f3d99b50>

socket.timeout: timed out


During handling of the above exception, another exception occurred:


Traceback (most recent call last):

  File "/home/chase/.local/lib/python3.8/site-packages/requests/adapters.py", line 439, in send
    resp = conn.urlopen(
           │    └ <function HTTPConnectionPool.urlopen at 0x7f46632db820>
           └ <urllib3.connectionpool.HTTPConnectionPool object at 0x7f430b370c10>
  File "/home/chase/.local/lib/python3.8/site-packages/urllib3/connectionpool.py", line 755, in urlopen
    retries = retries.increment(
              │       └ <function Retry.increment at 0x7f4663323b80>
              └ Retry(total=0, connect=None, read=False, redirect=None, status=None)
  File "/home/chase/.local/lib/python3.8/site-packages/urllib3/util/retry.py", line 532, in increment
    raise six.reraise(type(error), error, _stacktrace)
          │   │            │       │      └ <traceback object at 0x7f4386333cc0>
          │   │            │       └ ReadTimeoutError("HTTPConnectionPool(host='so.news.cn', port=80): Read timed out. (read timeout=10)")
          │   │            └ ReadTimeoutError("HTTPConnectionPool(host='so.news.cn', port=80): Read timed out. (read timeout=10)")
          │   └ <function reraise at 0x7f46635990d0>
          └ <module 'urllib3.packages.six' from '/home/chase/.local/lib/python3.8/site-packages/urllib3/packages/six.py'>
  File "/home/chase/.local/lib/python3.8/site-packages/urllib3/packages/six.py", line 770, in reraise
    raise value
          └ None
  File "/home/chase/.local/lib/python3.8/site-packages/urllib3/connectionpool.py", line 699, in urlopen
    httplib_response = self._make_request(
                       │    └ <function HTTPConnectionPool._make_request at 0x7f46632db5e0>
                       └ <urllib3.connectionpool.HTTPConnectionPool object at 0x7f430b370c10>
  File "/home/chase/.local/lib/python3.8/site-packages/urllib3/connectionpool.py", line 447, in _make_request
    self._raise_timeout(err=e, url=url, timeout_value=read_timeout)
    │    │                         │                  └ 10
    │    │                         └ '/qiushi/more?callback=jsonpCallback&page=10&keyword=%E7%BE%8E%E7%A0%94%E7%A9%B6%E8%AE%A4%E4%B8%BA%E5%A5%A5%E5%AF%86%E5%85%8B...
    │    └ <function HTTPConnectionPool._raise_timeout at 0x7f46632db550>
    └ <urllib3.connectionpool.HTTPConnectionPool object at 0x7f430b370c10>
  File "/home/chase/.local/lib/python3.8/site-packages/urllib3/connectionpool.py", line 336, in _raise_timeout
    raise ReadTimeoutError(
          └ <class 'urllib3.exceptions.ReadTimeoutError'>

urllib3.exceptions.ReadTimeoutError: HTTPConnectionPool(host='so.news.cn', port=80): Read timed out. (read timeout=10)


During handling of the above exception, another exception occurred:


Traceback (most recent call last):

  File "/usr/lib/python3.8/threading.py", line 890, in _bootstrap
    self._bootstrap_inner()
    │    └ <function Thread._bootstrap_inner at 0x7f4689341a60>
    └ <Thread(Thread-1687, started daemon 139925899380480)>
  File "/usr/lib/python3.8/threading.py", line 932, in _bootstrap_inner
    self.run()
    │    └ <function Thread.run at 0x7f4689341790>
    └ <Thread(Thread-1687, started daemon 139925899380480)>
  File "/usr/lib/python3.8/threading.py", line 870, in run
    self._target(*self._args, **self._kwargs)
    │    │        │    │        │    └ {}
    │    │        │    │        └ <Thread(Thread-1687, started daemon 139925899380480)>
    │    │        │    └ ('ProjectManager.run_func_by_thread',)
    │    │        └ <Thread(Thread-1687, started daemon 139925899380480)>
    │    └ <bound method ProjectManager.get_request_from_keywords_hot of <monitor.projectManager.ProjectManager object at 0x7f457182e160>>
    └ <Thread(Thread-1687, started daemon 139925899380480)>

  File "/home/users/Scy/yuqing/spider/monitor/projectManager.py", line 795, in get_request_from_keywords_hot
    self.search_spider_manager.crawl_by_keyword(
    │    │                     └ <function SearchSpidersManager.crawl_by_keyword at 0x7f4571832040>
    │    └ <monitor.spiderManager.SearchSpidersManager object at 0x7f4571441610>
    └ <monitor.projectManager.ProjectManager object at 0x7f457182e160>

  File "/home/users/Scy/yuqing/spider/monitor/spiderManager.py", line 118, in crawl_by_keyword
    self.crawl_by_keyword_signal_platform(project_names, platform, keyword, crawl_time, project_times)
    │    │                                │              │         │        │           └ {'default': <monitor.TimeSection object at 0x7f4571558ac0>}
    │    │                                │              │         │        └ <monitor.TimeSection object at 0x7f435c0cc400>
    │    │                                │              │         └ '美研究认为奥密克戎毒性与以往新冠病毒变异株一样强'
    │    │                                │              └ '求是'
    │    │                                └ ['default']
    │    └ <function SearchSpidersManager.crawl_by_keyword_signal_platform at 0x7f45718320d0>
    └ <monitor.spiderManager.SearchSpidersManager object at 0x7f4571441610>

  File "/home/users/Scy/yuqing/spider/monitor/spiderManager.py", line 134, in crawl_by_keyword_signal_platform
    requests = self.get_request_from_keyword(platform, keyword, **crawl_time.to_dict())
               │    │                        │         │          │          └ <function TimeSection.to_dict at 0x7f46697d5550>
               │    │                        │         │          └ <monitor.TimeSection object at 0x7f435c0cc400>
               │    │                        │         └ '美研究认为奥密克戎毒性与以往新冠病毒变异株一样强'
               │    │                        └ '求是'
               │    └ <function SearchSpidersManager.get_request_from_keyword at 0x7f45718321f0>
               └ <monitor.spiderManager.SearchSpidersManager object at 0x7f4571441610>

  File "/home/users/Scy/yuqing/spider/monitor/spiderManager.py", line 191, in get_request_from_keyword
    for request in self.spiders[platform].get_request_from_keyword(headers, search_url, keyword, content_url,
        │          │    │       │                                  │        │           │        └ <string.Template object at 0x7f4314ba8400>
        │          │    │       │                                  │        │           └ '美研究认为奥密克戎毒性与以往新冠病毒变异株一样强'
        │          │    │       │                                  │        └ <string.Template object at 0x7f43673b93a0>
        │          │    │       │                                  └ {'Connection': 'keep-alive', 'Cache-Control': 'max-age=0', 'Upgrade-Insecure-Requests': '1', 'User-Agent': 'Mozilla/5.0 (Wind...
        │          │    │       └ '求是'
        │          │    └ {'凤凰网': <monitor.searchSpiders.ifeng.Ifeng object at 0x7f4571441d60>, '头条': <monitor.searchSpiders.toutiao.Toutiao object at ...
        │          └ <monitor.spiderManager.SearchSpidersManager object at 0x7f4571441610>
        └ <GET http://www.qstheory.cn/zhuanqu/2021-10/13/c_1127950586.htm>

> File "/home/users/Scy/yuqing/spider/monitor/searchSpiders/qiushi.py", line 27, in get_request_from_keyword
    json_response = json.loads(response.text[14:-2])
                    │    │     │        └ <property object at 0x7f4663177db0>
                    │    │     └ <Response [200]>
                    │    └ <function loads at 0x7f468920ef70>
                    └ <module 'json' from '/usr/lib/python3.8/json/__init__.py'>

  File "/home/chase/.local/lib/python3.8/site-packages/requests/api.py", line 75, in get
    return request('get', url, params=params, **kwargs)
           │              │           │         └ {'headers': {'Connection': 'keep-alive', 'Cache-Control': 'max-age=0', 'Upgrade-Insecure-Requests': '1', 'User-Agent': 'Mozil...
           │              │           └ None
           │              └ 'http://so.news.cn/qiushi/more?callback=jsonpCallback&page=10&keyword=美研究认为奥密克戎毒性与以往新冠病毒变异株一样强&searchword=(LinkTitle%3D%E5%AD...
           └ <function request at 0x7f466317b040>
  File "/home/chase/.local/lib/python3.8/site-packages/requests/api.py", line 61, in request
    return session.request(method=method, url=url, **kwargs)
           │       │              │           │      └ {'params': None, 'headers': {'Connection': 'keep-alive', 'Cache-Control': 'max-age=0', 'Upgrade-Insecure-Requests': '1', 'Use...
           │       │              │           └ 'http://so.news.cn/qiushi/more?callback=jsonpCallback&page=10&keyword=美研究认为奥密克戎毒性与以往新冠病毒变异株一样强&searchword=(LinkTitle%3D%E5%AD...
           │       │              └ 'get'
           │       └ <function Session.request at 0x7f4663110940>
           └ <requests.sessions.Session object at 0x7f426196a790>
  File "/home/chase/.local/lib/python3.8/site-packages/requests/sessions.py", line 542, in request
    resp = self.send(prep, **send_kwargs)
           │    │    │       └ {'timeout': 10, 'allow_redirects': True, 'verify': True, 'proxies': OrderedDict(), 'stream': False, 'cert': None}
           │    │    └ <PreparedRequest [GET]>
           │    └ <function Session.send at 0x7f4663110dc0>
           └ <requests.sessions.Session object at 0x7f426196a790>
  File "/home/chase/.local/lib/python3.8/site-packages/requests/sessions.py", line 655, in send
    r = adapter.send(request, **kwargs)
        │       │    │          └ {'timeout': 10, 'verify': True, 'proxies': OrderedDict(), 'stream': False, 'cert': None}
        │       │    └ <PreparedRequest [GET]>
        │       └ <function HTTPAdapter.send at 0x7f4663110280>
        └ <requests.adapters.HTTPAdapter object at 0x7f43abf35fa0>
  File "/home/chase/.local/lib/python3.8/site-packages/requests/adapters.py", line 529, in send
    raise ReadTimeout(e, request=request)
          │                      └ <PreparedRequest [GET]>
          └ <class 'requests.exceptions.ReadTimeout'>

requests.exceptions.ReadTimeout: HTTPConnectionPool(host='so.news.cn', port=80): Read timed out. (read timeout=10)
2022-05-11 23:59:19.249 | ERROR    | monitor.searchSpiders.qiushi:get_request_from_keyword:36 - E 求是错误HTTPConnectionPool(host='so.news.cn', port=80): Read timed out. (read timeout=10)
Traceback (most recent call last):

  File "/home/chase/.local/lib/python3.8/site-packages/urllib3/connectionpool.py", line 445, in _make_request
    six.raise_from(e, None)
    │   └ <function raise_from at 0x7f4663599160>
    └ <module 'urllib3.packages.six' from '/home/chase/.local/lib/python3.8/site-packages/urllib3/packages/six.py'>
  File "<string>", line 3, in raise_from
  File "/home/chase/.local/lib/python3.8/site-packages/urllib3/connectionpool.py", line 440, in _make_request
    httplib_response = conn.getresponse()
                       │    └ <function HTTPConnection.getresponse at 0x7f4678b7d310>
                       └ <urllib3.connection.HTTPConnection object at 0x7f426e862a60>
  File "/usr/lib/python3.8/http/client.py", line 1348, in getresponse
    response.begin()
    │        └ <function HTTPResponse.begin at 0x7f4678b7b670>
    └ <http.client.HTTPResponse object at 0x7f43a255aa00>
  File "/usr/lib/python3.8/http/client.py", line 316, in begin
    version, status, reason = self._read_status()
                              │    └ <function HTTPResponse._read_status at 0x7f4678b7b5e0>
                              └ <http.client.HTTPResponse object at 0x7f43a255aa00>
  File "/usr/lib/python3.8/http/client.py", line 277, in _read_status
    line = str(self.fp.readline(_MAXLINE + 1), "iso-8859-1")
               │    │           └ 65536
               │    └ None
               └ <http.client.HTTPResponse object at 0x7f43a255aa00>
  File "/usr/lib/python3.8/socket.py", line 669, in readinto
    return self._sock.recv_into(b)
           │    │               └ <memory at 0x7f42da4217c0>
           │    └ None
           └ <socket.SocketIO object at 0x7f4336437d30>

socket.timeout: timed out


During handling of the above exception, another exception occurred:


Traceback (most recent call last):

  File "/home/chase/.local/lib/python3.8/site-packages/requests/adapters.py", line 439, in send
    resp = conn.urlopen(
           │    └ <function HTTPConnectionPool.urlopen at 0x7f46632db820>
           └ <urllib3.connectionpool.HTTPConnectionPool object at 0x7f4279d28730>
  File "/home/chase/.local/lib/python3.8/site-packages/urllib3/connectionpool.py", line 755, in urlopen
    retries = retries.increment(
              │       └ <function Retry.increment at 0x7f4663323b80>
              └ Retry(total=0, connect=None, read=False, redirect=None, status=None)
  File "/home/chase/.local/lib/python3.8/site-packages/urllib3/util/retry.py", line 532, in increment
    raise six.reraise(type(error), error, _stacktrace)
          │   │            │       │      └ <traceback object at 0x7f436656ad00>
          │   │            │       └ ReadTimeoutError("HTTPConnectionPool(host='so.news.cn', port=80): Read timed out. (read timeout=10)")
          │   │            └ ReadTimeoutError("HTTPConnectionPool(host='so.news.cn', port=80): Read timed out. (read timeout=10)")
          │   └ <function reraise at 0x7f46635990d0>
          └ <module 'urllib3.packages.six' from '/home/chase/.local/lib/python3.8/site-packages/urllib3/packages/six.py'>
  File "/home/chase/.local/lib/python3.8/site-packages/urllib3/packages/six.py", line 770, in reraise
    raise value
          └ None
  File "/home/chase/.local/lib/python3.8/site-packages/urllib3/connectionpool.py", line 699, in urlopen
    httplib_response = self._make_request(
                       │    └ <function HTTPConnectionPool._make_request at 0x7f46632db5e0>
                       └ <urllib3.connectionpool.HTTPConnectionPool object at 0x7f4279d28730>
  File "/home/chase/.local/lib/python3.8/site-packages/urllib3/connectionpool.py", line 447, in _make_request
    self._raise_timeout(err=e, url=url, timeout_value=read_timeout)
    │    │                         │                  └ 10
    │    │                         └ '/qiushi/more?callback=jsonpCallback&page=41&keyword=%E5%B7%B4%E8%A5%BF%E5%A4%AE%E8%A1%8C%E4%B8%8A%E8%B0%83%E5%9F%BA%E5%87%86...
    │    └ <function HTTPConnectionPool._raise_timeout at 0x7f46632db550>
    └ <urllib3.connectionpool.HTTPConnectionPool object at 0x7f4279d28730>
  File "/home/chase/.local/lib/python3.8/site-packages/urllib3/connectionpool.py", line 336, in _raise_timeout
    raise ReadTimeoutError(
          └ <class 'urllib3.exceptions.ReadTimeoutError'>

urllib3.exceptions.ReadTimeoutError: HTTPConnectionPool(host='so.news.cn', port=80): Read timed out. (read timeout=10)


During handling of the above exception, another exception occurred:


Traceback (most recent call last):

  File "/usr/lib/python3.8/threading.py", line 890, in _bootstrap
    self._bootstrap_inner()
    │    └ <function Thread._bootstrap_inner at 0x7f4689341a60>
    └ <Thread(Thread-2919, started daemon 139923202795264)>
  File "/usr/lib/python3.8/threading.py", line 932, in _bootstrap_inner
    self.run()
    │    └ <function Thread.run at 0x7f4689341790>
    └ <Thread(Thread-2919, started daemon 139923202795264)>
  File "/usr/lib/python3.8/threading.py", line 870, in run
    self._target(*self._args, **self._kwargs)
    │    │        │    │        │    └ {}
    │    │        │    │        └ <Thread(Thread-2919, started daemon 139923202795264)>
    │    │        │    └ ('ProjectManager.run_func_by_thread',)
    │    │        └ <Thread(Thread-2919, started daemon 139923202795264)>
    │    └ <bound method ProjectManager.get_request_from_keywords_hot of <monitor.projectManager.ProjectManager object at 0x7f457182e160>>
    └ <Thread(Thread-2919, started daemon 139923202795264)>

  File "/home/users/Scy/yuqing/spider/monitor/projectManager.py", line 795, in get_request_from_keywords_hot
    self.search_spider_manager.crawl_by_keyword(
    │    │                     └ <function SearchSpidersManager.crawl_by_keyword at 0x7f4571832040>
    │    └ <monitor.spiderManager.SearchSpidersManager object at 0x7f4571441610>
    └ <monitor.projectManager.ProjectManager object at 0x7f457182e160>

  File "/home/users/Scy/yuqing/spider/monitor/spiderManager.py", line 118, in crawl_by_keyword
    self.crawl_by_keyword_signal_platform(project_names, platform, keyword, crawl_time, project_times)
    │    │                                │              │         │        │           └ {'default': <monitor.TimeSection object at 0x7f4571558ac0>}
    │    │                                │              │         │        └ <monitor.TimeSection object at 0x7f426c6fff70>
    │    │                                │              │         └ '巴西央行上调基准利率1个百分点 至5年来最高水平'
    │    │                                │              └ '求是'
    │    │                                └ ['default']
    │    └ <function SearchSpidersManager.crawl_by_keyword_signal_platform at 0x7f45718320d0>
    └ <monitor.spiderManager.SearchSpidersManager object at 0x7f4571441610>

  File "/home/users/Scy/yuqing/spider/monitor/spiderManager.py", line 134, in crawl_by_keyword_signal_platform
    requests = self.get_request_from_keyword(platform, keyword, **crawl_time.to_dict())
               │    │                        │         │          │          └ <function TimeSection.to_dict at 0x7f46697d5550>
               │    │                        │         │          └ <monitor.TimeSection object at 0x7f426c6fff70>
               │    │                        │         └ '巴西央行上调基准利率1个百分点 至5年来最高水平'
               │    │                        └ '求是'
               │    └ <function SearchSpidersManager.get_request_from_keyword at 0x7f45718321f0>
               └ <monitor.spiderManager.SearchSpidersManager object at 0x7f4571441610>

  File "/home/users/Scy/yuqing/spider/monitor/spiderManager.py", line 191, in get_request_from_keyword
    for request in self.spiders[platform].get_request_from_keyword(headers, search_url, keyword, content_url,
        │          │    │       │                                  │        │           │        └ <string.Template object at 0x7f42a3405be0>
        │          │    │       │                                  │        │           └ '巴西央行上调基准利率1个百分点 至5年来最高水平'
        │          │    │       │                                  │        └ <string.Template object at 0x7f439527d520>
        │          │    │       │                                  └ {'Connection': 'keep-alive', 'Cache-Control': 'max-age=0', 'Upgrade-Insecure-Requests': '1', 'User-Agent': 'Mozilla/5.0 (Wind...
        │          │    │       └ '求是'
        │          │    └ {'凤凰网': <monitor.searchSpiders.ifeng.Ifeng object at 0x7f4571441d60>, '头条': <monitor.searchSpiders.toutiao.Toutiao object at ...
        │          └ <monitor.spiderManager.SearchSpidersManager object at 0x7f4571441610>
        └ <GET http://www.qstheory.cn/dukan/hqwg/2021-12/28/c_1128207376.htm>

> File "/home/users/Scy/yuqing/spider/monitor/searchSpiders/qiushi.py", line 27, in get_request_from_keyword
    json_response = json.loads(response.text[14:-2])
                    │    │     │        └ <property object at 0x7f4663177db0>
                    │    │     └ <Response [200]>
                    │    └ <function loads at 0x7f468920ef70>
                    └ <module 'json' from '/usr/lib/python3.8/json/__init__.py'>

  File "/home/chase/.local/lib/python3.8/site-packages/requests/api.py", line 75, in get
    return request('get', url, params=params, **kwargs)
           │              │           │         └ {'headers': {'Connection': 'keep-alive', 'Cache-Control': 'max-age=0', 'Upgrade-Insecure-Requests': '1', 'User-Agent': 'Mozil...
           │              │           └ None
           │              └ 'http://so.news.cn/qiushi/more?callback=jsonpCallback&page=41&keyword=巴西央行上调基准利率1个百分点 至5年来最高水平&searchword=(LinkTitle%3D%E5%AD...
           └ <function request at 0x7f466317b040>
  File "/home/chase/.local/lib/python3.8/site-packages/requests/api.py", line 61, in request
    return session.request(method=method, url=url, **kwargs)
           │       │              │           │      └ {'params': None, 'headers': {'Connection': 'keep-alive', 'Cache-Control': 'max-age=0', 'Upgrade-Insecure-Requests': '1', 'Use...
           │       │              │           └ 'http://so.news.cn/qiushi/more?callback=jsonpCallback&page=41&keyword=巴西央行上调基准利率1个百分点 至5年来最高水平&searchword=(LinkTitle%3D%E5%AD...
           │       │              └ 'get'
           │       └ <function Session.request at 0x7f4663110940>
           └ <requests.sessions.Session object at 0x7f426e4c3820>
  File "/home/chase/.local/lib/python3.8/site-packages/requests/sessions.py", line 542, in request
    resp = self.send(prep, **send_kwargs)
           │    │    │       └ {'timeout': 10, 'allow_redirects': True, 'verify': True, 'proxies': OrderedDict(), 'stream': False, 'cert': None}
           │    │    └ <PreparedRequest [GET]>
           │    └ <function Session.send at 0x7f4663110dc0>
           └ <requests.sessions.Session object at 0x7f426e4c3820>
  File "/home/chase/.local/lib/python3.8/site-packages/requests/sessions.py", line 655, in send
    r = adapter.send(request, **kwargs)
        │       │    │          └ {'timeout': 10, 'verify': True, 'proxies': OrderedDict(), 'stream': False, 'cert': None}
        │       │    └ <PreparedRequest [GET]>
        │       └ <function HTTPAdapter.send at 0x7f4663110280>
        └ <requests.adapters.HTTPAdapter object at 0x7f44f56df130>
  File "/home/chase/.local/lib/python3.8/site-packages/requests/adapters.py", line 529, in send
    raise ReadTimeout(e, request=request)
          │                      └ <PreparedRequest [GET]>
          └ <class 'requests.exceptions.ReadTimeout'>

requests.exceptions.ReadTimeout: HTTPConnectionPool(host='so.news.cn', port=80): Read timed out. (read timeout=10)
2022-05-11 23:59:19.238 | ERROR    | monitor.searchSpiders.qiushi:get_request_from_keyword:36 - E 求是错误HTTPConnectionPool(host='so.news.cn', port=80): Read timed out. (read timeout=10)
Traceback (most recent call last):

  File "/home/chase/.local/lib/python3.8/site-packages/urllib3/connectionpool.py", line 445, in _make_request
    six.raise_from(e, None)
    │   └ <function raise_from at 0x7f4663599160>
    └ <module 'urllib3.packages.six' from '/home/chase/.local/lib/python3.8/site-packages/urllib3/packages/six.py'>
  File "<string>", line 3, in raise_from
  File "/home/chase/.local/lib/python3.8/site-packages/urllib3/connectionpool.py", line 440, in _make_request
    httplib_response = conn.getresponse()
                       │    └ <function HTTPConnection.getresponse at 0x7f4678b7d310>
                       └ <urllib3.connection.HTTPConnection object at 0x7f43a8f4e310>
  File "/usr/lib/python3.8/http/client.py", line 1348, in getresponse
    response.begin()
    │        └ <function HTTPResponse.begin at 0x7f4678b7b670>
    └ <http.client.HTTPResponse object at 0x7f430efce400>
  File "/usr/lib/python3.8/http/client.py", line 316, in begin
    version, status, reason = self._read_status()
                              │    └ <function HTTPResponse._read_status at 0x7f4678b7b5e0>
                              └ <http.client.HTTPResponse object at 0x7f430efce400>
  File "/usr/lib/python3.8/http/client.py", line 277, in _read_status
    line = str(self.fp.readline(_MAXLINE + 1), "iso-8859-1")
               │    │           └ 65536
               │    └ None
               └ <http.client.HTTPResponse object at 0x7f430efce400>
  File "/usr/lib/python3.8/socket.py", line 669, in readinto
    return self._sock.recv_into(b)
           │    │               └ <memory at 0x7f43fbd6c880>
           │    └ None
           └ <socket.SocketIO object at 0x7f4376af2fa0>

socket.timeout: timed out


During handling of the above exception, another exception occurred:


Traceback (most recent call last):

  File "/home/chase/.local/lib/python3.8/site-packages/requests/adapters.py", line 439, in send
    resp = conn.urlopen(
           │    └ <function HTTPConnectionPool.urlopen at 0x7f46632db820>
           └ <urllib3.connectionpool.HTTPConnectionPool object at 0x7f4320ce5820>
  File "/home/chase/.local/lib/python3.8/site-packages/urllib3/connectionpool.py", line 755, in urlopen
    retries = retries.increment(
              │       └ <function Retry.increment at 0x7f4663323b80>
              └ Retry(total=0, connect=None, read=False, redirect=None, status=None)
  File "/home/chase/.local/lib/python3.8/site-packages/urllib3/util/retry.py", line 532, in increment
    raise six.reraise(type(error), error, _stacktrace)
          │   │            │       │      └ <traceback object at 0x7f4428f33a40>
          │   │            │       └ ReadTimeoutError("HTTPConnectionPool(host='so.news.cn', port=80): Read timed out. (read timeout=10)")
          │   │            └ ReadTimeoutError("HTTPConnectionPool(host='so.news.cn', port=80): Read timed out. (read timeout=10)")
          │   └ <function reraise at 0x7f46635990d0>
          └ <module 'urllib3.packages.six' from '/home/chase/.local/lib/python3.8/site-packages/urllib3/packages/six.py'>
  File "/home/chase/.local/lib/python3.8/site-packages/urllib3/packages/six.py", line 770, in reraise
    raise value
          └ None
  File "/home/chase/.local/lib/python3.8/site-packages/urllib3/connectionpool.py", line 699, in urlopen
    httplib_response = self._make_request(
                       │    └ <function HTTPConnectionPool._make_request at 0x7f46632db5e0>
                       └ <urllib3.connectionpool.HTTPConnectionPool object at 0x7f4320ce5820>
  File "/home/chase/.local/lib/python3.8/site-packages/urllib3/connectionpool.py", line 447, in _make_request
    self._raise_timeout(err=e, url=url, timeout_value=read_timeout)
    │    │                         │                  └ 10
    │    │                         └ '/qiushi/more?callback=jsonpCallback&page=54&keyword=%E4%B9%A0%E8%BF%91%E5%B9%B3%E4%B8%BB%E5%B8%AD%E7%89%B9%E5%88%AB%E4%BB%A3...
    │    └ <function HTTPConnectionPool._raise_timeout at 0x7f46632db550>
    └ <urllib3.connectionpool.HTTPConnectionPool object at 0x7f4320ce5820>
  File "/home/chase/.local/lib/python3.8/site-packages/urllib3/connectionpool.py", line 336, in _raise_timeout
    raise ReadTimeoutError(
          └ <class 'urllib3.exceptions.ReadTimeoutError'>

urllib3.exceptions.ReadTimeoutError: HTTPConnectionPool(host='so.news.cn', port=80): Read timed out. (read timeout=10)


During handling of the above exception, another exception occurred:


Traceback (most recent call last):

  File "/usr/lib/python3.8/threading.py", line 890, in _bootstrap
    self._bootstrap_inner()
    │    └ <function Thread._bootstrap_inner at 0x7f4689341a60>
    └ <Thread(Thread-5099, started daemon 139934160893696)>
  File "/usr/lib/python3.8/threading.py", line 932, in _bootstrap_inner
    self.run()
    │    └ <function Thread.run at 0x7f4689341790>
    └ <Thread(Thread-5099, started daemon 139934160893696)>
  File "/usr/lib/python3.8/threading.py", line 870, in run
    self._target(*self._args, **self._kwargs)
    │    │        │    │        │    └ {}
    │    │        │    │        └ <Thread(Thread-5099, started daemon 139934160893696)>
    │    │        │    └ ('ProjectManager.run_func_by_thread',)
    │    │        └ <Thread(Thread-5099, started daemon 139934160893696)>
    │    └ <bound method ProjectManager.get_request_from_keywords_hot of <monitor.projectManager.ProjectManager object at 0x7f457182e160>>
    └ <Thread(Thread-5099, started daemon 139934160893696)>

  File "/home/users/Scy/yuqing/spider/monitor/projectManager.py", line 795, in get_request_from_keywords_hot
    self.search_spider_manager.crawl_by_keyword(
    │    │                     └ <function SearchSpidersManager.crawl_by_keyword at 0x7f4571832040>
    │    └ <monitor.spiderManager.SearchSpidersManager object at 0x7f4571441610>
    └ <monitor.projectManager.ProjectManager object at 0x7f457182e160>

  File "/home/users/Scy/yuqing/spider/monitor/spiderManager.py", line 118, in crawl_by_keyword
    self.crawl_by_keyword_signal_platform(project_names, platform, keyword, crawl_time, project_times)
    │    │                                │              │         │        │           └ {'default': <monitor.TimeSection object at 0x7f4571558ac0>}
    │    │                                │              │         │        └ <monitor.TimeSection object at 0x7f42a5131160>
    │    │                                │              │         └ '习近平主席特别代表、国家副主席王岐山将出席韩国总统就职…'
    │    │                                │              └ '求是'
    │    │                                └ ['default']
    │    └ <function SearchSpidersManager.crawl_by_keyword_signal_platform at 0x7f45718320d0>
    └ <monitor.spiderManager.SearchSpidersManager object at 0x7f4571441610>

  File "/home/users/Scy/yuqing/spider/monitor/spiderManager.py", line 134, in crawl_by_keyword_signal_platform
    requests = self.get_request_from_keyword(platform, keyword, **crawl_time.to_dict())
               │    │                        │         │          │          └ <function TimeSection.to_dict at 0x7f46697d5550>
               │    │                        │         │          └ <monitor.TimeSection object at 0x7f42a5131160>
               │    │                        │         └ '习近平主席特别代表、国家副主席王岐山将出席韩国总统就职…'
               │    │                        └ '求是'
               │    └ <function SearchSpidersManager.get_request_from_keyword at 0x7f45718321f0>
               └ <monitor.spiderManager.SearchSpidersManager object at 0x7f4571441610>

  File "/home/users/Scy/yuqing/spider/monitor/spiderManager.py", line 191, in get_request_from_keyword
    for request in self.spiders[platform].get_request_from_keyword(headers, search_url, keyword, content_url,
        │          │    │       │                                  │        │           │        └ <string.Template object at 0x7f427a049d60>
        │          │    │       │                                  │        │           └ '习近平主席特别代表、国家副主席王岐山将出席韩国总统就职…'
        │          │    │       │                                  │        └ <string.Template object at 0x7f425b375370>
        │          │    │       │                                  └ {'Connection': 'keep-alive', 'Cache-Control': 'max-age=0', 'Upgrade-Insecure-Requests': '1', 'User-Agent': 'Mozilla/5.0 (Wind...
        │          │    │       └ '求是'
        │          │    └ {'凤凰网': <monitor.searchSpiders.ifeng.Ifeng object at 0x7f4571441d60>, '头条': <monitor.searchSpiders.toutiao.Toutiao object at ...
        │          └ <monitor.spiderManager.SearchSpidersManager object at 0x7f4571441610>
        └ <GET http://www.qstheory.cn/yaowen/2021-04/19/c_1127347103.htm>

> File "/home/users/Scy/yuqing/spider/monitor/searchSpiders/qiushi.py", line 27, in get_request_from_keyword
    json_response = json.loads(response.text[14:-2])
                    │    │     │        └ <property object at 0x7f4663177db0>
                    │    │     └ <Response [200]>
                    │    └ <function loads at 0x7f468920ef70>
                    └ <module 'json' from '/usr/lib/python3.8/json/__init__.py'>

  File "/home/chase/.local/lib/python3.8/site-packages/requests/api.py", line 75, in get
    return request('get', url, params=params, **kwargs)
           │              │           │         └ {'headers': {'Connection': 'keep-alive', 'Cache-Control': 'max-age=0', 'Upgrade-Insecure-Requests': '1', 'User-Agent': 'Mozil...
           │              │           └ None
           │              └ 'http://so.news.cn/qiushi/more?callback=jsonpCallback&page=54&keyword=习近平主席特别代表、国家副主席王岐山将出席韩国总统就职…&searchword=(LinkTitle%3D%E...
           └ <function request at 0x7f466317b040>
  File "/home/chase/.local/lib/python3.8/site-packages/requests/api.py", line 61, in request
    return session.request(method=method, url=url, **kwargs)
           │       │              │           │      └ {'params': None, 'headers': {'Connection': 'keep-alive', 'Cache-Control': 'max-age=0', 'Upgrade-Insecure-Requests': '1', 'Use...
           │       │              │           └ 'http://so.news.cn/qiushi/more?callback=jsonpCallback&page=54&keyword=习近平主席特别代表、国家副主席王岐山将出席韩国总统就职…&searchword=(LinkTitle%3D%E...
           │       │              └ 'get'
           │       └ <function Session.request at 0x7f4663110940>
           └ <requests.sessions.Session object at 0x7f42f63dfcd0>
  File "/home/chase/.local/lib/python3.8/site-packages/requests/sessions.py", line 542, in request
    resp = self.send(prep, **send_kwargs)
           │    │    │       └ {'timeout': 10, 'allow_redirects': True, 'verify': True, 'proxies': OrderedDict(), 'stream': False, 'cert': None}
           │    │    └ <PreparedRequest [GET]>
           │    └ <function Session.send at 0x7f4663110dc0>
           └ <requests.sessions.Session object at 0x7f42f63dfcd0>
  File "/home/chase/.local/lib/python3.8/site-packages/requests/sessions.py", line 655, in send
    r = adapter.send(request, **kwargs)
        │       │    │          └ {'timeout': 10, 'verify': True, 'proxies': OrderedDict(), 'stream': False, 'cert': None}
        │       │    └ <PreparedRequest [GET]>
        │       └ <function HTTPAdapter.send at 0x7f4663110280>
        └ <requests.adapters.HTTPAdapter object at 0x7f437f289490>
  File "/home/chase/.local/lib/python3.8/site-packages/requests/adapters.py", line 529, in send
    raise ReadTimeout(e, request=request)
          │                      └ <PreparedRequest [GET]>
          └ <class 'requests.exceptions.ReadTimeout'>

requests.exceptions.ReadTimeout: HTTPConnectionPool(host='so.news.cn', port=80): Read timed out. (read timeout=10)
2022-05-11 23:59:19.393 | ERROR    | monitor.searchSpiders.qiushi:get_request_from_keyword:36 - E 求是错误HTTPConnectionPool(host='so.news.cn', port=80): Read timed out. (read timeout=10)
Traceback (most recent call last):

  File "/home/chase/.local/lib/python3.8/site-packages/urllib3/connectionpool.py", line 445, in _make_request
    six.raise_from(e, None)
    │   └ <function raise_from at 0x7f4663599160>
    └ <module 'urllib3.packages.six' from '/home/chase/.local/lib/python3.8/site-packages/urllib3/packages/six.py'>
  File "<string>", line 3, in raise_from
  File "/home/chase/.local/lib/python3.8/site-packages/urllib3/connectionpool.py", line 440, in _make_request
    httplib_response = conn.getresponse()
                       │    └ <function HTTPConnection.getresponse at 0x7f4678b7d310>
                       └ <urllib3.connection.HTTPConnection object at 0x7f42f91bc280>
  File "/usr/lib/python3.8/http/client.py", line 1348, in getresponse
    response.begin()
    │        └ <function HTTPResponse.begin at 0x7f4678b7b670>
    └ <http.client.HTTPResponse object at 0x7f425808a220>
  File "/usr/lib/python3.8/http/client.py", line 316, in begin
    version, status, reason = self._read_status()
                              │    └ <function HTTPResponse._read_status at 0x7f4678b7b5e0>
                              └ <http.client.HTTPResponse object at 0x7f425808a220>
  File "/usr/lib/python3.8/http/client.py", line 277, in _read_status
    line = str(self.fp.readline(_MAXLINE + 1), "iso-8859-1")
               │    │           └ 65536
               │    └ None
               └ <http.client.HTTPResponse object at 0x7f425808a220>
  File "/usr/lib/python3.8/socket.py", line 669, in readinto
    return self._sock.recv_into(b)
           │    │               └ <memory at 0x7f437ce2c700>
           │    └ None
           └ <socket.SocketIO object at 0x7f437dda7580>

socket.timeout: timed out


During handling of the above exception, another exception occurred:


Traceback (most recent call last):

  File "/home/chase/.local/lib/python3.8/site-packages/requests/adapters.py", line 439, in send
    resp = conn.urlopen(
           │    └ <function HTTPConnectionPool.urlopen at 0x7f46632db820>
           └ <urllib3.connectionpool.HTTPConnectionPool object at 0x7f42efb28d60>
  File "/home/chase/.local/lib/python3.8/site-packages/urllib3/connectionpool.py", line 755, in urlopen
    retries = retries.increment(
              │       └ <function Retry.increment at 0x7f4663323b80>
              └ Retry(total=0, connect=None, read=False, redirect=None, status=None)
  File "/home/chase/.local/lib/python3.8/site-packages/urllib3/util/retry.py", line 532, in increment
    raise six.reraise(type(error), error, _stacktrace)
          │   │            │       │      └ <traceback object at 0x7f42f0f69200>
          │   │            │       └ ReadTimeoutError("HTTPConnectionPool(host='so.news.cn', port=80): Read timed out. (read timeout=10)")
          │   │            └ ReadTimeoutError("HTTPConnectionPool(host='so.news.cn', port=80): Read timed out. (read timeout=10)")
          │   └ <function reraise at 0x7f46635990d0>
          └ <module 'urllib3.packages.six' from '/home/chase/.local/lib/python3.8/site-packages/urllib3/packages/six.py'>
  File "/home/chase/.local/lib/python3.8/site-packages/urllib3/packages/six.py", line 770, in reraise
    raise value
          └ None
  File "/home/chase/.local/lib/python3.8/site-packages/urllib3/connectionpool.py", line 699, in urlopen
    httplib_response = self._make_request(
                       │    └ <function HTTPConnectionPool._make_request at 0x7f46632db5e0>
                       └ <urllib3.connectionpool.HTTPConnectionPool object at 0x7f42efb28d60>
  File "/home/chase/.local/lib/python3.8/site-packages/urllib3/connectionpool.py", line 447, in _make_request
    self._raise_timeout(err=e, url=url, timeout_value=read_timeout)
    │    │                         │                  └ 10
    │    │                         └ '/qiushi/more?callback=jsonpCallback&page=89&keyword=%E4%B9%A0%E8%BF%91%E5%B9%B3%E4%B8%BB%E5%B8%AD%E7%89%B9%E5%88%AB%E4%BB%A3...
    │    └ <function HTTPConnectionPool._raise_timeout at 0x7f46632db550>
    └ <urllib3.connectionpool.HTTPConnectionPool object at 0x7f42efb28d60>
  File "/home/chase/.local/lib/python3.8/site-packages/urllib3/connectionpool.py", line 336, in _raise_timeout
    raise ReadTimeoutError(
          └ <class 'urllib3.exceptions.ReadTimeoutError'>

urllib3.exceptions.ReadTimeoutError: HTTPConnectionPool(host='so.news.cn', port=80): Read timed out. (read timeout=10)


During handling of the above exception, another exception occurred:


Traceback (most recent call last):

  File "/usr/lib/python3.8/threading.py", line 890, in _bootstrap
    self._bootstrap_inner()
    │    └ <function Thread._bootstrap_inner at 0x7f4689341a60>
    └ <Thread(Thread-4862, started daemon 139926266521344)>
  File "/usr/lib/python3.8/threading.py", line 932, in _bootstrap_inner
    self.run()
    │    └ <function Thread.run at 0x7f4689341790>
    └ <Thread(Thread-4862, started daemon 139926266521344)>
  File "/usr/lib/python3.8/threading.py", line 870, in run
    self._target(*self._args, **self._kwargs)
    │    │        │    │        │    └ {}
    │    │        │    │        └ <Thread(Thread-4862, started daemon 139926266521344)>
    │    │        │    └ ('ProjectManager.run_func_by_thread',)
    │    │        └ <Thread(Thread-4862, started daemon 139926266521344)>
    │    └ <bound method ProjectManager.get_request_from_keywords_hot of <monitor.projectManager.ProjectManager object at 0x7f457182e160>>
    └ <Thread(Thread-4862, started daemon 139926266521344)>

  File "/home/users/Scy/yuqing/spider/monitor/projectManager.py", line 795, in get_request_from_keywords_hot
    self.search_spider_manager.crawl_by_keyword(
    │    │                     └ <function SearchSpidersManager.crawl_by_keyword at 0x7f4571832040>
    │    └ <monitor.spiderManager.SearchSpidersManager object at 0x7f4571441610>
    └ <monitor.projectManager.ProjectManager object at 0x7f457182e160>

  File "/home/users/Scy/yuqing/spider/monitor/spiderManager.py", line 118, in crawl_by_keyword
    self.crawl_by_keyword_signal_platform(project_names, platform, keyword, crawl_time, project_times)
    │    │                                │              │         │        │           └ {'default': <monitor.TimeSection object at 0x7f4571558ac0>}
    │    │                                │              │         │        └ <monitor.TimeSection object at 0x7f4333b3a130>
    │    │                                │              │         └ '习近平主席特别代表、国家副主席王岐山将出席韩国总统就职…'
    │    │                                │              └ '求是'
    │    │                                └ ['default']
    │    └ <function SearchSpidersManager.crawl_by_keyword_signal_platform at 0x7f45718320d0>
    └ <monitor.spiderManager.SearchSpidersManager object at 0x7f4571441610>

  File "/home/users/Scy/yuqing/spider/monitor/spiderManager.py", line 134, in crawl_by_keyword_signal_platform
    requests = self.get_request_from_keyword(platform, keyword, **crawl_time.to_dict())
               │    │                        │         │          │          └ <function TimeSection.to_dict at 0x7f46697d5550>
               │    │                        │         │          └ <monitor.TimeSection object at 0x7f4333b3a130>
               │    │                        │         └ '习近平主席特别代表、国家副主席王岐山将出席韩国总统就职…'
               │    │                        └ '求是'
               │    └ <function SearchSpidersManager.get_request_from_keyword at 0x7f45718321f0>
               └ <monitor.spiderManager.SearchSpidersManager object at 0x7f4571441610>

  File "/home/users/Scy/yuqing/spider/monitor/spiderManager.py", line 191, in get_request_from_keyword
    for request in self.spiders[platform].get_request_from_keyword(headers, search_url, keyword, content_url,
        │          │    │       │                                  │        │           │        └ <string.Template object at 0x7f4544de8670>
        │          │    │       │                                  │        │           └ '习近平主席特别代表、国家副主席王岐山将出席韩国总统就职…'
        │          │    │       │                                  │        └ <string.Template object at 0x7f44697be520>
        │          │    │       │                                  └ {'Connection': 'keep-alive', 'Cache-Control': 'max-age=0', 'Upgrade-Insecure-Requests': '1', 'User-Agent': 'Mozilla/5.0 (Wind...
        │          │    │       └ '求是'
        │          │    └ {'凤凰网': <monitor.searchSpiders.ifeng.Ifeng object at 0x7f4571441d60>, '头条': <monitor.searchSpiders.toutiao.Toutiao object at ...
        │          └ <monitor.spiderManager.SearchSpidersManager object at 0x7f4571441610>
        └ <GET http://www.qstheory.cn/qshyjx/2021-09/17/c_1127872970.htm>

> File "/home/users/Scy/yuqing/spider/monitor/searchSpiders/qiushi.py", line 27, in get_request_from_keyword
    json_response = json.loads(response.text[14:-2])
                    │    │     │        └ <property object at 0x7f4663177db0>
                    │    │     └ <Response [200]>
                    │    └ <function loads at 0x7f468920ef70>
                    └ <module 'json' from '/usr/lib/python3.8/json/__init__.py'>

  File "/home/chase/.local/lib/python3.8/site-packages/requests/api.py", line 75, in get
    return request('get', url, params=params, **kwargs)
           │              │           │         └ {'headers': {'Connection': 'keep-alive', 'Cache-Control': 'max-age=0', 'Upgrade-Insecure-Requests': '1', 'User-Agent': 'Mozil...
           │              │           └ None
           │              └ 'http://so.news.cn/qiushi/more?callback=jsonpCallback&page=89&keyword=习近平主席特别代表、国家副主席王岐山将出席韩国总统就职…&searchword=(LinkTitle%3D%E...
           └ <function request at 0x7f466317b040>
  File "/home/chase/.local/lib/python3.8/site-packages/requests/api.py", line 61, in request
    return session.request(method=method, url=url, **kwargs)
           │       │              │           │      └ {'params': None, 'headers': {'Connection': 'keep-alive', 'Cache-Control': 'max-age=0', 'Upgrade-Insecure-Requests': '1', 'Use...
           │       │              │           └ 'http://so.news.cn/qiushi/more?callback=jsonpCallback&page=89&keyword=习近平主席特别代表、国家副主席王岐山将出席韩国总统就职…&searchword=(LinkTitle%3D%E...
           │       │              └ 'get'
           │       └ <function Session.request at 0x7f4663110940>
           └ <requests.sessions.Session object at 0x7f42f0867220>
  File "/home/chase/.local/lib/python3.8/site-packages/requests/sessions.py", line 542, in request
    resp = self.send(prep, **send_kwargs)
           │    │    │       └ {'timeout': 10, 'allow_redirects': True, 'verify': True, 'proxies': OrderedDict(), 'stream': False, 'cert': None}
           │    │    └ <PreparedRequest [GET]>
           │    └ <function Session.send at 0x7f4663110dc0>
           └ <requests.sessions.Session object at 0x7f42f0867220>
  File "/home/chase/.local/lib/python3.8/site-packages/requests/sessions.py", line 655, in send
    r = adapter.send(request, **kwargs)
        │       │    │          └ {'timeout': 10, 'verify': True, 'proxies': OrderedDict(), 'stream': False, 'cert': None}
        │       │    └ <PreparedRequest [GET]>
        │       └ <function HTTPAdapter.send at 0x7f4663110280>
        └ <requests.adapters.HTTPAdapter object at 0x7f4311420ee0>
  File "/home/chase/.local/lib/python3.8/site-packages/requests/adapters.py", line 529, in send
    raise ReadTimeout(e, request=request)
          │                      └ <PreparedRequest [GET]>
          └ <class 'requests.exceptions.ReadTimeout'>

requests.exceptions.ReadTimeout: HTTPConnectionPool(host='so.news.cn', port=80): Read timed out. (read timeout=10)
2022-05-11 23:59:19.463 | ERROR    | monitor.searchSpiders.qiushi:get_request_from_keyword:36 - E 求是错误HTTPConnectionPool(host='so.news.cn', port=80): Read timed out. (read timeout=10)
Traceback (most recent call last):

  File "/home/chase/.local/lib/python3.8/site-packages/urllib3/connectionpool.py", line 445, in _make_request
    six.raise_from(e, None)
    │   └ <function raise_from at 0x7f4663599160>
    └ <module 'urllib3.packages.six' from '/home/chase/.local/lib/python3.8/site-packages/urllib3/packages/six.py'>
  File "<string>", line 3, in raise_from
  File "/home/chase/.local/lib/python3.8/site-packages/urllib3/connectionpool.py", line 440, in _make_request
    httplib_response = conn.getresponse()
                       │    └ <function HTTPConnection.getresponse at 0x7f4678b7d310>
                       └ <urllib3.connection.HTTPConnection object at 0x7f434401d940>
  File "/usr/lib/python3.8/http/client.py", line 1348, in getresponse
    response.begin()
    │        └ <function HTTPResponse.begin at 0x7f4678b7b670>
    └ <http.client.HTTPResponse object at 0x7f42dfb2a2b0>
  File "/usr/lib/python3.8/http/client.py", line 316, in begin
    version, status, reason = self._read_status()
                              │    └ <function HTTPResponse._read_status at 0x7f4678b7b5e0>
                              └ <http.client.HTTPResponse object at 0x7f42dfb2a2b0>
  File "/usr/lib/python3.8/http/client.py", line 277, in _read_status
    line = str(self.fp.readline(_MAXLINE + 1), "iso-8859-1")
               │    │           └ 65536
               │    └ None
               └ <http.client.HTTPResponse object at 0x7f42dfb2a2b0>
  File "/usr/lib/python3.8/socket.py", line 669, in readinto
    return self._sock.recv_into(b)
           │    │               └ <memory at 0x7f4387feb340>
           │    └ None
           └ <socket.SocketIO object at 0x7f43000dbc40>

socket.timeout: timed out


During handling of the above exception, another exception occurred:


Traceback (most recent call last):

  File "/home/chase/.local/lib/python3.8/site-packages/requests/adapters.py", line 439, in send
    resp = conn.urlopen(
           │    └ <function HTTPConnectionPool.urlopen at 0x7f46632db820>
           └ <urllib3.connectionpool.HTTPConnectionPool object at 0x7f42f743cd30>
  File "/home/chase/.local/lib/python3.8/site-packages/urllib3/connectionpool.py", line 755, in urlopen
    retries = retries.increment(
              │       └ <function Retry.increment at 0x7f4663323b80>
              └ Retry(total=0, connect=None, read=False, redirect=None, status=None)
  File "/home/chase/.local/lib/python3.8/site-packages/urllib3/util/retry.py", line 532, in increment
    raise six.reraise(type(error), error, _stacktrace)
          │   │            │       │      └ <traceback object at 0x7f427f22a680>
          │   │            │       └ ReadTimeoutError("HTTPConnectionPool(host='so.news.cn', port=80): Read timed out. (read timeout=10)")
          │   │            └ ReadTimeoutError("HTTPConnectionPool(host='so.news.cn', port=80): Read timed out. (read timeout=10)")
          │   └ <function reraise at 0x7f46635990d0>
          └ <module 'urllib3.packages.six' from '/home/chase/.local/lib/python3.8/site-packages/urllib3/packages/six.py'>
  File "/home/chase/.local/lib/python3.8/site-packages/urllib3/packages/six.py", line 770, in reraise
    raise value
          └ None
  File "/home/chase/.local/lib/python3.8/site-packages/urllib3/connectionpool.py", line 699, in urlopen
    httplib_response = self._make_request(
                       │    └ <function HTTPConnectionPool._make_request at 0x7f46632db5e0>
                       └ <urllib3.connectionpool.HTTPConnectionPool object at 0x7f42f743cd30>
  File "/home/chase/.local/lib/python3.8/site-packages/urllib3/connectionpool.py", line 447, in _make_request
    self._raise_timeout(err=e, url=url, timeout_value=read_timeout)
    │    │                         │                  └ 10
    │    │                         └ '/qiushi/more?callback=jsonpCallback&page=122&keyword=%E7%BE%8E%E7%A0%94%E7%A9%B6%E8%AE%A4%E4%B8%BA%E5%A5%A5%E5%AF%86%E5%85%8...
    │    └ <function HTTPConnectionPool._raise_timeout at 0x7f46632db550>
    └ <urllib3.connectionpool.HTTPConnectionPool object at 0x7f42f743cd30>
  File "/home/chase/.local/lib/python3.8/site-packages/urllib3/connectionpool.py", line 336, in _raise_timeout
    raise ReadTimeoutError(
          └ <class 'urllib3.exceptions.ReadTimeoutError'>

urllib3.exceptions.ReadTimeoutError: HTTPConnectionPool(host='so.news.cn', port=80): Read timed out. (read timeout=10)


During handling of the above exception, another exception occurred:


Traceback (most recent call last):

  File "/usr/lib/python3.8/threading.py", line 890, in _bootstrap
    self._bootstrap_inner()
    │    └ <function Thread._bootstrap_inner at 0x7f4689341a60>
    └ <Thread(Thread-1391, started daemon 139926587250432)>
  File "/usr/lib/python3.8/threading.py", line 932, in _bootstrap_inner
    self.run()
    │    └ <function Thread.run at 0x7f4689341790>
    └ <Thread(Thread-1391, started daemon 139926587250432)>
  File "/usr/lib/python3.8/threading.py", line 870, in run
    self._target(*self._args, **self._kwargs)
    │    │        │    │        │    └ {}
    │    │        │    │        └ <Thread(Thread-1391, started daemon 139926587250432)>
    │    │        │    └ ('ProjectManager.run_func_by_thread',)
    │    │        └ <Thread(Thread-1391, started daemon 139926587250432)>
    │    └ <bound method ProjectManager.get_request_from_keywords_hot of <monitor.projectManager.ProjectManager object at 0x7f457182e160>>
    └ <Thread(Thread-1391, started daemon 139926587250432)>

  File "/home/users/Scy/yuqing/spider/monitor/projectManager.py", line 795, in get_request_from_keywords_hot
    self.search_spider_manager.crawl_by_keyword(
    │    │                     └ <function SearchSpidersManager.crawl_by_keyword at 0x7f4571832040>
    │    └ <monitor.spiderManager.SearchSpidersManager object at 0x7f4571441610>
    └ <monitor.projectManager.ProjectManager object at 0x7f457182e160>

  File "/home/users/Scy/yuqing/spider/monitor/spiderManager.py", line 118, in crawl_by_keyword
    self.crawl_by_keyword_signal_platform(project_names, platform, keyword, crawl_time, project_times)
    │    │                                │              │         │        │           └ {'default': <monitor.TimeSection object at 0x7f4571558ac0>}
    │    │                                │              │         │        └ <monitor.TimeSection object at 0x7f4380ea8cd0>
    │    │                                │              │         └ '美研究认为奥密克戎毒性与以往新冠病毒变异株一样强'
    │    │                                │              └ '求是'
    │    │                                └ ['default']
    │    └ <function SearchSpidersManager.crawl_by_keyword_signal_platform at 0x7f45718320d0>
    └ <monitor.spiderManager.SearchSpidersManager object at 0x7f4571441610>

  File "/home/users/Scy/yuqing/spider/monitor/spiderManager.py", line 134, in crawl_by_keyword_signal_platform
    requests = self.get_request_from_keyword(platform, keyword, **crawl_time.to_dict())
               │    │                        │         │          │          └ <function TimeSection.to_dict at 0x7f46697d5550>
               │    │                        │         │          └ <monitor.TimeSection object at 0x7f4380ea8cd0>
               │    │                        │         └ '美研究认为奥密克戎毒性与以往新冠病毒变异株一样强'
               │    │                        └ '求是'
               │    └ <function SearchSpidersManager.get_request_from_keyword at 0x7f45718321f0>
               └ <monitor.spiderManager.SearchSpidersManager object at 0x7f4571441610>

  File "/home/users/Scy/yuqing/spider/monitor/spiderManager.py", line 191, in get_request_from_keyword
    for request in self.spiders[platform].get_request_from_keyword(headers, search_url, keyword, content_url,
        │          │    │       │                                  │        │           │        └ <string.Template object at 0x7f42d0b7b340>
        │          │    │       │                                  │        │           └ '美研究认为奥密克戎毒性与以往新冠病毒变异株一样强'
        │          │    │       │                                  │        └ <string.Template object at 0x7f42ff92bc10>
        │          │    │       │                                  └ {'Connection': 'keep-alive', 'Cache-Control': 'max-age=0', 'Upgrade-Insecure-Requests': '1', 'User-Agent': 'Mozilla/5.0 (Wind...
        │          │    │       └ '求是'
        │          │    └ {'凤凰网': <monitor.searchSpiders.ifeng.Ifeng object at 0x7f4571441d60>, '头条': <monitor.searchSpiders.toutiao.Toutiao object at ...
        │          └ <monitor.spiderManager.SearchSpidersManager object at 0x7f4571441610>
        └ <GET http://www.qstheory.cn/qshyjx/2021-05/28/c_1127503007.htm>

> File "/home/users/Scy/yuqing/spider/monitor/searchSpiders/qiushi.py", line 27, in get_request_from_keyword
    json_response = json.loads(response.text[14:-2])
                    │    │     │        └ <property object at 0x7f4663177db0>
                    │    │     └ <Response [200]>
                    │    └ <function loads at 0x7f468920ef70>
                    └ <module 'json' from '/usr/lib/python3.8/json/__init__.py'>

  File "/home/chase/.local/lib/python3.8/site-packages/requests/api.py", line 75, in get
    return request('get', url, params=params, **kwargs)
           │              │           │         └ {'headers': {'Connection': 'keep-alive', 'Cache-Control': 'max-age=0', 'Upgrade-Insecure-Requests': '1', 'User-Agent': 'Mozil...
           │              │           └ None
           │              └ 'http://so.news.cn/qiushi/more?callback=jsonpCallback&page=122&keyword=美研究认为奥密克戎毒性与以往新冠病毒变异株一样强&searchword=(LinkTitle%3D%E5%A...
           └ <function request at 0x7f466317b040>
  File "/home/chase/.local/lib/python3.8/site-packages/requests/api.py", line 61, in request
    return session.request(method=method, url=url, **kwargs)
           │       │              │           │      └ {'params': None, 'headers': {'Connection': 'keep-alive', 'Cache-Control': 'max-age=0', 'Upgrade-Insecure-Requests': '1', 'Use...
           │       │              │           └ 'http://so.news.cn/qiushi/more?callback=jsonpCallback&page=122&keyword=美研究认为奥密克戎毒性与以往新冠病毒变异株一样强&searchword=(LinkTitle%3D%E5%A...
           │       │              └ 'get'
           │       └ <function Session.request at 0x7f4663110940>
           └ <requests.sessions.Session object at 0x7f439e390af0>
  File "/home/chase/.local/lib/python3.8/site-packages/requests/sessions.py", line 542, in request
    resp = self.send(prep, **send_kwargs)
           │    │    │       └ {'timeout': 10, 'allow_redirects': True, 'verify': True, 'proxies': OrderedDict(), 'stream': False, 'cert': None}
           │    │    └ <PreparedRequest [GET]>
           │    └ <function Session.send at 0x7f4663110dc0>
           └ <requests.sessions.Session object at 0x7f439e390af0>
  File "/home/chase/.local/lib/python3.8/site-packages/requests/sessions.py", line 655, in send
    r = adapter.send(request, **kwargs)
        │       │    │          └ {'timeout': 10, 'verify': True, 'proxies': OrderedDict(), 'stream': False, 'cert': None}
        │       │    └ <PreparedRequest [GET]>
        │       └ <function HTTPAdapter.send at 0x7f4663110280>
        └ <requests.adapters.HTTPAdapter object at 0x7f433f6fbd60>
  File "/home/chase/.local/lib/python3.8/site-packages/requests/adapters.py", line 529, in send
    raise ReadTimeout(e, request=request)
          │                      └ <PreparedRequest [GET]>
          └ <class 'requests.exceptions.ReadTimeout'>

requests.exceptions.ReadTimeout: HTTPConnectionPool(host='so.news.cn', port=80): Read timed out. (read timeout=10)
2022-05-11 23:59:19.543 | ERROR    | monitor.searchSpiders.qiushi:get_request_from_keyword:36 - E 求是错误HTTPConnectionPool(host='so.news.cn', port=80): Read timed out. (read timeout=10)
Traceback (most recent call last):

  File "/home/chase/.local/lib/python3.8/site-packages/urllib3/connectionpool.py", line 445, in _make_request
    six.raise_from(e, None)
    │   └ <function raise_from at 0x7f4663599160>
    └ <module 'urllib3.packages.six' from '/home/chase/.local/lib/python3.8/site-packages/urllib3/packages/six.py'>
  File "<string>", line 3, in raise_from
  File "/home/chase/.local/lib/python3.8/site-packages/urllib3/connectionpool.py", line 440, in _make_request
    httplib_response = conn.getresponse()
                       │    └ <function HTTPConnection.getresponse at 0x7f4678b7d310>
                       └ <urllib3.connection.HTTPConnection object at 0x7f425e4f0190>
  File "/usr/lib/python3.8/http/client.py", line 1348, in getresponse
    response.begin()
    │        └ <function HTTPResponse.begin at 0x7f4678b7b670>
    └ <http.client.HTTPResponse object at 0x7f4262f82d60>
  File "/usr/lib/python3.8/http/client.py", line 316, in begin
    version, status, reason = self._read_status()
                              │    └ <function HTTPResponse._read_status at 0x7f4678b7b5e0>
                              └ <http.client.HTTPResponse object at 0x7f4262f82d60>
  File "/usr/lib/python3.8/http/client.py", line 277, in _read_status
    line = str(self.fp.readline(_MAXLINE + 1), "iso-8859-1")
               │    │           └ 65536
               │    └ None
               └ <http.client.HTTPResponse object at 0x7f4262f82d60>
  File "/usr/lib/python3.8/socket.py", line 669, in readinto
    return self._sock.recv_into(b)
           │    │               └ <memory at 0x7f42d270a700>
           │    └ None
           └ <socket.SocketIO object at 0x7f4262f82820>

socket.timeout: timed out


During handling of the above exception, another exception occurred:


Traceback (most recent call last):

  File "/home/chase/.local/lib/python3.8/site-packages/requests/adapters.py", line 439, in send
    resp = conn.urlopen(
           │    └ <function HTTPConnectionPool.urlopen at 0x7f46632db820>
           └ <urllib3.connectionpool.HTTPConnectionPool object at 0x7f42e13ec340>
  File "/home/chase/.local/lib/python3.8/site-packages/urllib3/connectionpool.py", line 755, in urlopen
    retries = retries.increment(
              │       └ <function Retry.increment at 0x7f4663323b80>
              └ Retry(total=0, connect=None, read=False, redirect=None, status=None)
  File "/home/chase/.local/lib/python3.8/site-packages/urllib3/util/retry.py", line 532, in increment
    raise six.reraise(type(error), error, _stacktrace)
          │   │            │       │      └ <traceback object at 0x7f426d34d2c0>
          │   │            │       └ ReadTimeoutError("HTTPConnectionPool(host='so.news.cn', port=80): Read timed out. (read timeout=10)")
          │   │            └ ReadTimeoutError("HTTPConnectionPool(host='so.news.cn', port=80): Read timed out. (read timeout=10)")
          │   └ <function reraise at 0x7f46635990d0>
          └ <module 'urllib3.packages.six' from '/home/chase/.local/lib/python3.8/site-packages/urllib3/packages/six.py'>
  File "/home/chase/.local/lib/python3.8/site-packages/urllib3/packages/six.py", line 770, in reraise
    raise value
          └ None
  File "/home/chase/.local/lib/python3.8/site-packages/urllib3/connectionpool.py", line 699, in urlopen
    httplib_response = self._make_request(
                       │    └ <function HTTPConnectionPool._make_request at 0x7f46632db5e0>
                       └ <urllib3.connectionpool.HTTPConnectionPool object at 0x7f42e13ec340>
  File "/home/chase/.local/lib/python3.8/site-packages/urllib3/connectionpool.py", line 447, in _make_request
    self._raise_timeout(err=e, url=url, timeout_value=read_timeout)
    │    │                         │                  └ 10
    │    │                         └ '/qiushi/more?callback=jsonpCallback&page=46&keyword=%E4%BF%84%E5%9B%BD%E9%98%B2%E9%83%A8%E5%AE%A3%E5%B8%83%E8%BF%9E%E7%BB%AD...
    │    └ <function HTTPConnectionPool._raise_timeout at 0x7f46632db550>
    └ <urllib3.connectionpool.HTTPConnectionPool object at 0x7f42e13ec340>
  File "/home/chase/.local/lib/python3.8/site-packages/urllib3/connectionpool.py", line 336, in _raise_timeout
    raise ReadTimeoutError(
          └ <class 'urllib3.exceptions.ReadTimeoutError'>

urllib3.exceptions.ReadTimeoutError: HTTPConnectionPool(host='so.news.cn', port=80): Read timed out. (read timeout=10)


During handling of the above exception, another exception occurred:


Traceback (most recent call last):

  File "/usr/lib/python3.8/threading.py", line 890, in _bootstrap
    self._bootstrap_inner()
    │    └ <function Thread._bootstrap_inner at 0x7f4689341a60>
    └ <Thread(Thread-1905, started daemon 139925358388992)>
  File "/usr/lib/python3.8/threading.py", line 932, in _bootstrap_inner
    self.run()
    │    └ <function Thread.run at 0x7f4689341790>
    └ <Thread(Thread-1905, started daemon 139925358388992)>
  File "/usr/lib/python3.8/threading.py", line 870, in run
    self._target(*self._args, **self._kwargs)
    │    │        │    │        │    └ {}
    │    │        │    │        └ <Thread(Thread-1905, started daemon 139925358388992)>
    │    │        │    └ ('ProjectManager.run_func_by_thread',)
    │    │        └ <Thread(Thread-1905, started daemon 139925358388992)>
    │    └ <bound method ProjectManager.get_request_from_keywords_hot of <monitor.projectManager.ProjectManager object at 0x7f457182e160>>
    └ <Thread(Thread-1905, started daemon 139925358388992)>

  File "/home/users/Scy/yuqing/spider/monitor/projectManager.py", line 795, in get_request_from_keywords_hot
    self.search_spider_manager.crawl_by_keyword(
    │    │                     └ <function SearchSpidersManager.crawl_by_keyword at 0x7f4571832040>
    │    └ <monitor.spiderManager.SearchSpidersManager object at 0x7f4571441610>
    └ <monitor.projectManager.ProjectManager object at 0x7f457182e160>

  File "/home/users/Scy/yuqing/spider/monitor/spiderManager.py", line 118, in crawl_by_keyword
    self.crawl_by_keyword_signal_platform(project_names, platform, keyword, crawl_time, project_times)
    │    │                                │              │         │        │           └ {'default': <monitor.TimeSection object at 0x7f4571558ac0>}
    │    │                                │              │         │        └ <monitor.TimeSection object at 0x7f4326c0fd30>
    │    │                                │              │         └ '俄国防部宣布连续三天开通亚速钢铁厂人道主义走廊'
    │    │                                │              └ '求是'
    │    │                                └ ['default']
    │    └ <function SearchSpidersManager.crawl_by_keyword_signal_platform at 0x7f45718320d0>
    └ <monitor.spiderManager.SearchSpidersManager object at 0x7f4571441610>

  File "/home/users/Scy/yuqing/spider/monitor/spiderManager.py", line 134, in crawl_by_keyword_signal_platform
    requests = self.get_request_from_keyword(platform, keyword, **crawl_time.to_dict())
               │    │                        │         │          │          └ <function TimeSection.to_dict at 0x7f46697d5550>
               │    │                        │         │          └ <monitor.TimeSection object at 0x7f4326c0fd30>
               │    │                        │         └ '俄国防部宣布连续三天开通亚速钢铁厂人道主义走廊'
               │    │                        └ '求是'
               │    └ <function SearchSpidersManager.get_request_from_keyword at 0x7f45718321f0>
               └ <monitor.spiderManager.SearchSpidersManager object at 0x7f4571441610>

  File "/home/users/Scy/yuqing/spider/monitor/spiderManager.py", line 191, in get_request_from_keyword
    for request in self.spiders[platform].get_request_from_keyword(headers, search_url, keyword, content_url,
        │          │    │       │                                  │        │           │        └ <string.Template object at 0x7f45453b06a0>
        │          │    │       │                                  │        │           └ '俄国防部宣布连续三天开通亚速钢铁厂人道主义走廊'
        │          │    │       │                                  │        └ <string.Template object at 0x7f429fbfc670>
        │          │    │       │                                  └ {'Connection': 'keep-alive', 'Cache-Control': 'max-age=0', 'Upgrade-Insecure-Requests': '1', 'User-Agent': 'Mozilla/5.0 (Wind...
        │          │    │       └ '求是'
        │          │    └ {'凤凰网': <monitor.searchSpiders.ifeng.Ifeng object at 0x7f4571441d60>, '头条': <monitor.searchSpiders.toutiao.Toutiao object at ...
        │          └ <monitor.spiderManager.SearchSpidersManager object at 0x7f4571441610>
        └ <GET http://www.qstheory.cn/qshyjx/2021-07/22/c_1127682352.htm>

> File "/home/users/Scy/yuqing/spider/monitor/searchSpiders/qiushi.py", line 27, in get_request_from_keyword
    json_response = json.loads(response.text[14:-2])
                    │    │     │        └ <property object at 0x7f4663177db0>
                    │    │     └ <Response [200]>
                    │    └ <function loads at 0x7f468920ef70>
                    └ <module 'json' from '/usr/lib/python3.8/json/__init__.py'>

  File "/home/chase/.local/lib/python3.8/site-packages/requests/api.py", line 75, in get
    return request('get', url, params=params, **kwargs)
           │              │           │         └ {'headers': {'Connection': 'keep-alive', 'Cache-Control': 'max-age=0', 'Upgrade-Insecure-Requests': '1', 'User-Agent': 'Mozil...
           │              │           └ None
           │              └ 'http://so.news.cn/qiushi/more?callback=jsonpCallback&page=46&keyword=俄国防部宣布连续三天开通亚速钢铁厂人道主义走廊&searchword=(LinkTitle%3D%E5%AD%...
           └ <function request at 0x7f466317b040>
  File "/home/chase/.local/lib/python3.8/site-packages/requests/api.py", line 61, in request
    return session.request(method=method, url=url, **kwargs)
           │       │              │           │      └ {'params': None, 'headers': {'Connection': 'keep-alive', 'Cache-Control': 'max-age=0', 'Upgrade-Insecure-Requests': '1', 'Use...
           │       │              │           └ 'http://so.news.cn/qiushi/more?callback=jsonpCallback&page=46&keyword=俄国防部宣布连续三天开通亚速钢铁厂人道主义走廊&searchword=(LinkTitle%3D%E5%AD%...
           │       │              └ 'get'
           │       └ <function Session.request at 0x7f4663110940>
           └ <requests.sessions.Session object at 0x7f4372ae38b0>
  File "/home/chase/.local/lib/python3.8/site-packages/requests/sessions.py", line 542, in request
    resp = self.send(prep, **send_kwargs)
           │    │    │       └ {'timeout': 10, 'allow_redirects': True, 'verify': True, 'proxies': OrderedDict(), 'stream': False, 'cert': None}
           │    │    └ <PreparedRequest [GET]>
           │    └ <function Session.send at 0x7f4663110dc0>
           └ <requests.sessions.Session object at 0x7f4372ae38b0>
  File "/home/chase/.local/lib/python3.8/site-packages/requests/sessions.py", line 655, in send
    r = adapter.send(request, **kwargs)
        │       │    │          └ {'timeout': 10, 'verify': True, 'proxies': OrderedDict(), 'stream': False, 'cert': None}
        │       │    └ <PreparedRequest [GET]>
        │       └ <function HTTPAdapter.send at 0x7f4663110280>
        └ <requests.adapters.HTTPAdapter object at 0x7f42cfc38640>
  File "/home/chase/.local/lib/python3.8/site-packages/requests/adapters.py", line 529, in send
    raise ReadTimeout(e, request=request)
          │                      └ <PreparedRequest [GET]>
          └ <class 'requests.exceptions.ReadTimeout'>

requests.exceptions.ReadTimeout: HTTPConnectionPool(host='so.news.cn', port=80): Read timed out. (read timeout=10)
2022-05-11 23:59:19.597 | ERROR    | monitor.searchSpiders.qiushi:get_request_from_keyword:36 - E 求是错误HTTPConnectionPool(host='so.news.cn', port=80): Read timed out. (read timeout=10)
Traceback (most recent call last):

  File "/home/chase/.local/lib/python3.8/site-packages/urllib3/connectionpool.py", line 445, in _make_request
    six.raise_from(e, None)
    │   └ <function raise_from at 0x7f4663599160>
    └ <module 'urllib3.packages.six' from '/home/chase/.local/lib/python3.8/site-packages/urllib3/packages/six.py'>
  File "<string>", line 3, in raise_from
  File "/home/chase/.local/lib/python3.8/site-packages/urllib3/connectionpool.py", line 440, in _make_request
    httplib_response = conn.getresponse()
                       │    └ <function HTTPConnection.getresponse at 0x7f4678b7d310>
                       └ <urllib3.connection.HTTPConnection object at 0x7f427599eaf0>
  File "/usr/lib/python3.8/http/client.py", line 1348, in getresponse
    response.begin()
    │        └ <function HTTPResponse.begin at 0x7f4678b7b670>
    └ <http.client.HTTPResponse object at 0x7f439ed1e940>
  File "/usr/lib/python3.8/http/client.py", line 316, in begin
    version, status, reason = self._read_status()
                              │    └ <function HTTPResponse._read_status at 0x7f4678b7b5e0>
                              └ <http.client.HTTPResponse object at 0x7f439ed1e940>
  File "/usr/lib/python3.8/http/client.py", line 277, in _read_status
    line = str(self.fp.readline(_MAXLINE + 1), "iso-8859-1")
               │    │           └ 65536
               │    └ None
               └ <http.client.HTTPResponse object at 0x7f439ed1e940>
  File "/usr/lib/python3.8/socket.py", line 669, in readinto
    return self._sock.recv_into(b)
           │    │               └ <memory at 0x7f43409fff40>
           │    └ None
           └ <socket.SocketIO object at 0x7f43a2384430>

socket.timeout: timed out


During handling of the above exception, another exception occurred:


Traceback (most recent call last):

  File "/home/chase/.local/lib/python3.8/site-packages/requests/adapters.py", line 439, in send
    resp = conn.urlopen(
           │    └ <function HTTPConnectionPool.urlopen at 0x7f46632db820>
           └ <urllib3.connectionpool.HTTPConnectionPool object at 0x7f42616a5d30>
  File "/home/chase/.local/lib/python3.8/site-packages/urllib3/connectionpool.py", line 755, in urlopen
    retries = retries.increment(
              │       └ <function Retry.increment at 0x7f4663323b80>
              └ Retry(total=0, connect=None, read=False, redirect=None, status=None)
  File "/home/chase/.local/lib/python3.8/site-packages/urllib3/util/retry.py", line 532, in increment
    raise six.reraise(type(error), error, _stacktrace)
          │   │            │       │      └ <traceback object at 0x7f43aa6a8240>
          │   │            │       └ ReadTimeoutError("HTTPConnectionPool(host='so.news.cn', port=80): Read timed out. (read timeout=10)")
          │   │            └ ReadTimeoutError("HTTPConnectionPool(host='so.news.cn', port=80): Read timed out. (read timeout=10)")
          │   └ <function reraise at 0x7f46635990d0>
          └ <module 'urllib3.packages.six' from '/home/chase/.local/lib/python3.8/site-packages/urllib3/packages/six.py'>
  File "/home/chase/.local/lib/python3.8/site-packages/urllib3/packages/six.py", line 770, in reraise
    raise value
          └ None
  File "/home/chase/.local/lib/python3.8/site-packages/urllib3/connectionpool.py", line 699, in urlopen
    httplib_response = self._make_request(
                       │    └ <function HTTPConnectionPool._make_request at 0x7f46632db5e0>
                       └ <urllib3.connectionpool.HTTPConnectionPool object at 0x7f42616a5d30>
  File "/home/chase/.local/lib/python3.8/site-packages/urllib3/connectionpool.py", line 447, in _make_request
    self._raise_timeout(err=e, url=url, timeout_value=read_timeout)
    │    │                         │                  └ 10
    │    │                         └ '/qiushi/more?callback=jsonpCallback&page=58&keyword=%E6%AC%A7%E7%9B%9F%E5%8F%91%E5%B8%83%E6%89%A9%E5%A4%A7%E5%9C%B0%E7%90%86...
    │    └ <function HTTPConnectionPool._raise_timeout at 0x7f46632db550>
    └ <urllib3.connectionpool.HTTPConnectionPool object at 0x7f42616a5d30>
  File "/home/chase/.local/lib/python3.8/site-packages/urllib3/connectionpool.py", line 336, in _raise_timeout
    raise ReadTimeoutError(
          └ <class 'urllib3.exceptions.ReadTimeoutError'>

urllib3.exceptions.ReadTimeoutError: HTTPConnectionPool(host='so.news.cn', port=80): Read timed out. (read timeout=10)


During handling of the above exception, another exception occurred:


Traceback (most recent call last):

  File "/usr/lib/python3.8/threading.py", line 890, in _bootstrap
    self._bootstrap_inner()
    │    └ <function Thread._bootstrap_inner at 0x7f4689341a60>
    └ <Thread(Thread-3800, started daemon 139926695032576)>
  File "/usr/lib/python3.8/threading.py", line 932, in _bootstrap_inner
    self.run()
    │    └ <function Thread.run at 0x7f4689341790>
    └ <Thread(Thread-3800, started daemon 139926695032576)>
  File "/usr/lib/python3.8/threading.py", line 870, in run
    self._target(*self._args, **self._kwargs)
    │    │        │    │        │    └ {}
    │    │        │    │        └ <Thread(Thread-3800, started daemon 139926695032576)>
    │    │        │    └ ('ProjectManager.run_func_by_thread',)
    │    │        └ <Thread(Thread-3800, started daemon 139926695032576)>
    │    └ <bound method ProjectManager.get_request_from_keywords_hot of <monitor.projectManager.ProjectManager object at 0x7f457182e160>>
    └ <Thread(Thread-3800, started daemon 139926695032576)>

  File "/home/users/Scy/yuqing/spider/monitor/projectManager.py", line 795, in get_request_from_keywords_hot
    self.search_spider_manager.crawl_by_keyword(
    │    │                     └ <function SearchSpidersManager.crawl_by_keyword at 0x7f4571832040>
    │    └ <monitor.spiderManager.SearchSpidersManager object at 0x7f4571441610>
    └ <monitor.projectManager.ProjectManager object at 0x7f457182e160>

  File "/home/users/Scy/yuqing/spider/monitor/spiderManager.py", line 118, in crawl_by_keyword
    self.crawl_by_keyword_signal_platform(project_names, platform, keyword, crawl_time, project_times)
    │    │                                │              │         │        │           └ {'default': <monitor.TimeSection object at 0x7f4571558ac0>}
    │    │                                │              │         │        └ <monitor.TimeSection object at 0x7f42aba6bf70>
    │    │                                │              │         └ '欧盟发布扩大地理标志计划新提案'
    │    │                                │              └ '求是'
    │    │                                └ ['default']
    │    └ <function SearchSpidersManager.crawl_by_keyword_signal_platform at 0x7f45718320d0>
    └ <monitor.spiderManager.SearchSpidersManager object at 0x7f4571441610>

  File "/home/users/Scy/yuqing/spider/monitor/spiderManager.py", line 134, in crawl_by_keyword_signal_platform
    requests = self.get_request_from_keyword(platform, keyword, **crawl_time.to_dict())
               │    │                        │         │          │          └ <function TimeSection.to_dict at 0x7f46697d5550>
               │    │                        │         │          └ <monitor.TimeSection object at 0x7f42aba6bf70>
               │    │                        │         └ '欧盟发布扩大地理标志计划新提案'
               │    │                        └ '求是'
               │    └ <function SearchSpidersManager.get_request_from_keyword at 0x7f45718321f0>
               └ <monitor.spiderManager.SearchSpidersManager object at 0x7f4571441610>

  File "/home/users/Scy/yuqing/spider/monitor/spiderManager.py", line 191, in get_request_from_keyword
    for request in self.spiders[platform].get_request_from_keyword(headers, search_url, keyword, content_url,
        │          │    │       │                                  │        │           │        └ <string.Template object at 0x7f42a7e1fb50>
        │          │    │       │                                  │        │           └ '欧盟发布扩大地理标志计划新提案'
        │          │    │       │                                  │        └ <string.Template object at 0x7f43852e4340>
        │          │    │       │                                  └ {'Connection': 'keep-alive', 'Cache-Control': 'max-age=0', 'Upgrade-Insecure-Requests': '1', 'User-Agent': 'Mozilla/5.0 (Wind...
        │          │    │       └ '求是'
        │          │    └ {'凤凰网': <monitor.searchSpiders.ifeng.Ifeng object at 0x7f4571441d60>, '头条': <monitor.searchSpiders.toutiao.Toutiao object at ...
        │          └ <monitor.spiderManager.SearchSpidersManager object at 0x7f4571441610>
        └ <GET http://www.qstheory.cn/qshyjx/2021-08/12/c_1127754720.htm>

> File "/home/users/Scy/yuqing/spider/monitor/searchSpiders/qiushi.py", line 27, in get_request_from_keyword
    json_response = json.loads(response.text[14:-2])
                    │    │     │        └ <property object at 0x7f4663177db0>
                    │    │     └ <Response [200]>
                    │    └ <function loads at 0x7f468920ef70>
                    └ <module 'json' from '/usr/lib/python3.8/json/__init__.py'>

  File "/home/chase/.local/lib/python3.8/site-packages/requests/api.py", line 75, in get
    return request('get', url, params=params, **kwargs)
           │              │           │         └ {'headers': {'Connection': 'keep-alive', 'Cache-Control': 'max-age=0', 'Upgrade-Insecure-Requests': '1', 'User-Agent': 'Mozil...
           │              │           └ None
           │              └ 'http://so.news.cn/qiushi/more?callback=jsonpCallback&page=58&keyword=欧盟发布扩大地理标志计划新提案&searchword=(LinkTitle%3D%E5%AD%9F%E6%99...
           └ <function request at 0x7f466317b040>
  File "/home/chase/.local/lib/python3.8/site-packages/requests/api.py", line 61, in request
    return session.request(method=method, url=url, **kwargs)
           │       │              │           │      └ {'params': None, 'headers': {'Connection': 'keep-alive', 'Cache-Control': 'max-age=0', 'Upgrade-Insecure-Requests': '1', 'Use...
           │       │              │           └ 'http://so.news.cn/qiushi/more?callback=jsonpCallback&page=58&keyword=欧盟发布扩大地理标志计划新提案&searchword=(LinkTitle%3D%E5%AD%9F%E6%99...
           │       │              └ 'get'
           │       └ <function Session.request at 0x7f4663110940>
           └ <requests.sessions.Session object at 0x7f4277c44490>
  File "/home/chase/.local/lib/python3.8/site-packages/requests/sessions.py", line 542, in request
    resp = self.send(prep, **send_kwargs)
           │    │    │       └ {'timeout': 10, 'allow_redirects': True, 'verify': True, 'proxies': OrderedDict(), 'stream': False, 'cert': None}
           │    │    └ <PreparedRequest [GET]>
           │    └ <function Session.send at 0x7f4663110dc0>
           └ <requests.sessions.Session object at 0x7f4277c44490>
  File "/home/chase/.local/lib/python3.8/site-packages/requests/sessions.py", line 655, in send
    r = adapter.send(request, **kwargs)
        │       │    │          └ {'timeout': 10, 'verify': True, 'proxies': OrderedDict(), 'stream': False, 'cert': None}
        │       │    └ <PreparedRequest [GET]>
        │       └ <function HTTPAdapter.send at 0x7f4663110280>
        └ <requests.adapters.HTTPAdapter object at 0x7f428fb37f10>
  File "/home/chase/.local/lib/python3.8/site-packages/requests/adapters.py", line 529, in send
    raise ReadTimeout(e, request=request)
          │                      └ <PreparedRequest [GET]>
          └ <class 'requests.exceptions.ReadTimeout'>

requests.exceptions.ReadTimeout: HTTPConnectionPool(host='so.news.cn', port=80): Read timed out. (read timeout=10)
