2022-05-11 23:03:18.412 | ERROR    | monitor.searchSpiders.qiushi:get_request_from_keyword:36 - E 求是错误HTTPConnectionPool(host='so.news.cn', port=80): Read timed out. (read timeout=10)
Traceback (most recent call last):

  File "/home/chase/.local/lib/python3.8/site-packages/urllib3/connectionpool.py", line 445, in _make_request
    six.raise_from(e, None)
    │   └ <function raise_from at 0x7f4663599160>
    └ <module 'urllib3.packages.six' from '/home/chase/.local/lib/python3.8/site-packages/urllib3/packages/six.py'>
  File "<string>", line 3, in raise_from
  File "/home/chase/.local/lib/python3.8/site-packages/urllib3/connectionpool.py", line 440, in _make_request
    httplib_response = conn.getresponse()
                       │    └ <function HTTPConnection.getresponse at 0x7f4678b7d310>
                       └ <urllib3.connection.HTTPConnection object at 0x7f42cacfb850>
  File "/usr/lib/python3.8/http/client.py", line 1348, in getresponse
    response.begin()
    │        └ <function HTTPResponse.begin at 0x7f4678b7b670>
    └ <http.client.HTTPResponse object at 0x7f42f1b28ca0>
  File "/usr/lib/python3.8/http/client.py", line 316, in begin
    version, status, reason = self._read_status()
                              │    └ <function HTTPResponse._read_status at 0x7f4678b7b5e0>
                              └ <http.client.HTTPResponse object at 0x7f42f1b28ca0>
  File "/usr/lib/python3.8/http/client.py", line 277, in _read_status
    line = str(self.fp.readline(_MAXLINE + 1), "iso-8859-1")
               │    │           └ 65536
               │    └ None
               └ <http.client.HTTPResponse object at 0x7f42f1b28ca0>
  File "/usr/lib/python3.8/socket.py", line 669, in readinto
    return self._sock.recv_into(b)
           │    │               └ <memory at 0x7f42f556df40>
           │    └ None
           └ <socket.SocketIO object at 0x7f42f1b28280>

socket.timeout: timed out


During handling of the above exception, another exception occurred:


Traceback (most recent call last):

  File "/home/chase/.local/lib/python3.8/site-packages/requests/adapters.py", line 439, in send
    resp = conn.urlopen(
           │    └ <function HTTPConnectionPool.urlopen at 0x7f46632db820>
           └ <urllib3.connectionpool.HTTPConnectionPool object at 0x7f4271246790>
  File "/home/chase/.local/lib/python3.8/site-packages/urllib3/connectionpool.py", line 755, in urlopen
    retries = retries.increment(
              │       └ <function Retry.increment at 0x7f4663323b80>
              └ Retry(total=0, connect=None, read=False, redirect=None, status=None)
  File "/home/chase/.local/lib/python3.8/site-packages/urllib3/util/retry.py", line 532, in increment
    raise six.reraise(type(error), error, _stacktrace)
          │   │            │       │      └ <traceback object at 0x7f430f11c6c0>
          │   │            │       └ ReadTimeoutError("HTTPConnectionPool(host='so.news.cn', port=80): Read timed out. (read timeout=10)")
          │   │            └ ReadTimeoutError("HTTPConnectionPool(host='so.news.cn', port=80): Read timed out. (read timeout=10)")
          │   └ <function reraise at 0x7f46635990d0>
          └ <module 'urllib3.packages.six' from '/home/chase/.local/lib/python3.8/site-packages/urllib3/packages/six.py'>
  File "/home/chase/.local/lib/python3.8/site-packages/urllib3/packages/six.py", line 770, in reraise
    raise value
          └ None
  File "/home/chase/.local/lib/python3.8/site-packages/urllib3/connectionpool.py", line 699, in urlopen
    httplib_response = self._make_request(
                       │    └ <function HTTPConnectionPool._make_request at 0x7f46632db5e0>
                       └ <urllib3.connectionpool.HTTPConnectionPool object at 0x7f4271246790>
  File "/home/chase/.local/lib/python3.8/site-packages/urllib3/connectionpool.py", line 447, in _make_request
    self._raise_timeout(err=e, url=url, timeout_value=read_timeout)
    │    │                         │                  └ 10
    │    │                         └ '/qiushi/more?callback=jsonpCallback&page=169&keyword=%E4%B9%A0%E8%BF%91%E5%B9%B3%E4%B8%BB%E5%B8%AD%E7%89%B9%E5%88%AB%E4%BB%A...
    │    └ <function HTTPConnectionPool._raise_timeout at 0x7f46632db550>
    └ <urllib3.connectionpool.HTTPConnectionPool object at 0x7f4271246790>
  File "/home/chase/.local/lib/python3.8/site-packages/urllib3/connectionpool.py", line 336, in _raise_timeout
    raise ReadTimeoutError(
          └ <class 'urllib3.exceptions.ReadTimeoutError'>

urllib3.exceptions.ReadTimeoutError: HTTPConnectionPool(host='so.news.cn', port=80): Read timed out. (read timeout=10)


During handling of the above exception, another exception occurred:


Traceback (most recent call last):

  File "/usr/lib/python3.8/threading.py", line 890, in _bootstrap
    self._bootstrap_inner()
    │    └ <function Thread._bootstrap_inner at 0x7f4689341a60>
    └ <Thread(Thread-3735, started daemon 139929041745664)>
  File "/usr/lib/python3.8/threading.py", line 932, in _bootstrap_inner
    self.run()
    │    └ <function Thread.run at 0x7f4689341790>
    └ <Thread(Thread-3735, started daemon 139929041745664)>
  File "/usr/lib/python3.8/threading.py", line 870, in run
    self._target(*self._args, **self._kwargs)
    │    │        │    │        │    └ {}
    │    │        │    │        └ <Thread(Thread-3735, started daemon 139929041745664)>
    │    │        │    └ ('ProjectManager.run_func_by_thread',)
    │    │        └ <Thread(Thread-3735, started daemon 139929041745664)>
    │    └ <bound method ProjectManager.get_request_from_keywords_hot of <monitor.projectManager.ProjectManager object at 0x7f457182e160>>
    └ <Thread(Thread-3735, started daemon 139929041745664)>

  File "/home/users/Scy/yuqing/spider/monitor/projectManager.py", line 795, in get_request_from_keywords_hot
    self.search_spider_manager.crawl_by_keyword(
    │    │                     └ <function SearchSpidersManager.crawl_by_keyword at 0x7f4571832040>
    │    └ <monitor.spiderManager.SearchSpidersManager object at 0x7f4571441610>
    └ <monitor.projectManager.ProjectManager object at 0x7f457182e160>

  File "/home/users/Scy/yuqing/spider/monitor/spiderManager.py", line 118, in crawl_by_keyword
    self.crawl_by_keyword_signal_platform(project_names, platform, keyword, crawl_time, project_times)
    │    │                                │              │         │        │           └ {'default': <monitor.TimeSection object at 0x7f4571558ac0>}
    │    │                                │              │         │        └ <monitor.TimeSection object at 0x7f42f429a700>
    │    │                                │              │         └ '习近平主席特别代表、国家副主席王岐山将出席韩国总统就职…'
    │    │                                │              └ '求是'
    │    │                                └ ['default']
    │    └ <function SearchSpidersManager.crawl_by_keyword_signal_platform at 0x7f45718320d0>
    └ <monitor.spiderManager.SearchSpidersManager object at 0x7f4571441610>

  File "/home/users/Scy/yuqing/spider/monitor/spiderManager.py", line 134, in crawl_by_keyword_signal_platform
    requests = self.get_request_from_keyword(platform, keyword, **crawl_time.to_dict())
               │    │                        │         │          │          └ <function TimeSection.to_dict at 0x7f46697d5550>
               │    │                        │         │          └ <monitor.TimeSection object at 0x7f42f429a700>
               │    │                        │         └ '习近平主席特别代表、国家副主席王岐山将出席韩国总统就职…'
               │    │                        └ '求是'
               │    └ <function SearchSpidersManager.get_request_from_keyword at 0x7f45718321f0>
               └ <monitor.spiderManager.SearchSpidersManager object at 0x7f4571441610>

  File "/home/users/Scy/yuqing/spider/monitor/spiderManager.py", line 191, in get_request_from_keyword
    for request in self.spiders[platform].get_request_from_keyword(headers, search_url, keyword, content_url,
        │          │    │       │                                  │        │           │        └ <string.Template object at 0x7f437e308220>
        │          │    │       │                                  │        │           └ '习近平主席特别代表、国家副主席王岐山将出席韩国总统就职…'
        │          │    │       │                                  │        └ <string.Template object at 0x7f4385c2a1f0>
        │          │    │       │                                  └ {'Connection': 'keep-alive', 'Cache-Control': 'max-age=0', 'Upgrade-Insecure-Requests': '1', 'User-Agent': 'Mozilla/5.0 (Wind...
        │          │    │       └ '求是'
        │          │    └ {'凤凰网': <monitor.searchSpiders.ifeng.Ifeng object at 0x7f4571441d60>, '头条': <monitor.searchSpiders.toutiao.Toutiao object at ...
        │          └ <monitor.spiderManager.SearchSpidersManager object at 0x7f4571441610>
        └ <GET http://www.qstheory.cn/dt/2020-10/15/c_1126614916.htm>

> File "/home/users/Scy/yuqing/spider/monitor/searchSpiders/qiushi.py", line 27, in get_request_from_keyword
    json_response = json.loads(response.text[14:-2])
                    │    │     │        └ <property object at 0x7f4663177db0>
                    │    │     └ <Response [200]>
                    │    └ <function loads at 0x7f468920ef70>
                    └ <module 'json' from '/usr/lib/python3.8/json/__init__.py'>

  File "/home/chase/.local/lib/python3.8/site-packages/requests/api.py", line 75, in get
    return request('get', url, params=params, **kwargs)
           │              │           │         └ {'headers': {'Connection': 'keep-alive', 'Cache-Control': 'max-age=0', 'Upgrade-Insecure-Requests': '1', 'User-Agent': 'Mozil...
           │              │           └ None
           │              └ 'http://so.news.cn/qiushi/more?callback=jsonpCallback&page=169&keyword=习近平主席特别代表、国家副主席王岐山将出席韩国总统就职…&searchword=(LinkTitle%3D%...
           └ <function request at 0x7f466317b040>
  File "/home/chase/.local/lib/python3.8/site-packages/requests/api.py", line 61, in request
    return session.request(method=method, url=url, **kwargs)
           │       │              │           │      └ {'params': None, 'headers': {'Connection': 'keep-alive', 'Cache-Control': 'max-age=0', 'Upgrade-Insecure-Requests': '1', 'Use...
           │       │              │           └ 'http://so.news.cn/qiushi/more?callback=jsonpCallback&page=169&keyword=习近平主席特别代表、国家副主席王岐山将出席韩国总统就职…&searchword=(LinkTitle%3D%...
           │       │              └ 'get'
           │       └ <function Session.request at 0x7f4663110940>
           └ <requests.sessions.Session object at 0x7f438cf8c730>
  File "/home/chase/.local/lib/python3.8/site-packages/requests/sessions.py", line 542, in request
    resp = self.send(prep, **send_kwargs)
           │    │    │       └ {'timeout': 10, 'allow_redirects': True, 'verify': True, 'proxies': OrderedDict(), 'stream': False, 'cert': None}
           │    │    └ <PreparedRequest [GET]>
           │    └ <function Session.send at 0x7f4663110dc0>
           └ <requests.sessions.Session object at 0x7f438cf8c730>
  File "/home/chase/.local/lib/python3.8/site-packages/requests/sessions.py", line 655, in send
    r = adapter.send(request, **kwargs)
        │       │    │          └ {'timeout': 10, 'verify': True, 'proxies': OrderedDict(), 'stream': False, 'cert': None}
        │       │    └ <PreparedRequest [GET]>
        │       └ <function HTTPAdapter.send at 0x7f4663110280>
        └ <requests.adapters.HTTPAdapter object at 0x7f42ff2f99d0>
  File "/home/chase/.local/lib/python3.8/site-packages/requests/adapters.py", line 529, in send
    raise ReadTimeout(e, request=request)
          │                      └ <PreparedRequest [GET]>
          └ <class 'requests.exceptions.ReadTimeout'>

requests.exceptions.ReadTimeout: HTTPConnectionPool(host='so.news.cn', port=80): Read timed out. (read timeout=10)
2022-05-11 23:03:18.203 | ERROR    | monitor.searchSpiders.qiushi:get_request_from_keyword:36 - E 求是错误HTTPConnectionPool(host='so.news.cn', port=80): Read timed out. (read timeout=10)
Traceback (most recent call last):

  File "/home/chase/.local/lib/python3.8/site-packages/urllib3/connectionpool.py", line 445, in _make_request
    six.raise_from(e, None)
    │   └ <function raise_from at 0x7f4663599160>
    └ <module 'urllib3.packages.six' from '/home/chase/.local/lib/python3.8/site-packages/urllib3/packages/six.py'>
  File "<string>", line 3, in raise_from
  File "/home/chase/.local/lib/python3.8/site-packages/urllib3/connectionpool.py", line 440, in _make_request
    httplib_response = conn.getresponse()
                       │    └ <function HTTPConnection.getresponse at 0x7f4678b7d310>
                       └ <urllib3.connection.HTTPConnection object at 0x7f442a25dc70>
  File "/usr/lib/python3.8/http/client.py", line 1348, in getresponse
    response.begin()
    │        └ <function HTTPResponse.begin at 0x7f4678b7b670>
    └ <http.client.HTTPResponse object at 0x7f43131777c0>
  File "/usr/lib/python3.8/http/client.py", line 316, in begin
    version, status, reason = self._read_status()
                              │    └ <function HTTPResponse._read_status at 0x7f4678b7b5e0>
                              └ <http.client.HTTPResponse object at 0x7f43131777c0>
  File "/usr/lib/python3.8/http/client.py", line 277, in _read_status
    line = str(self.fp.readline(_MAXLINE + 1), "iso-8859-1")
               │    │           └ 65536
               │    └ None
               └ <http.client.HTTPResponse object at 0x7f43131777c0>
  File "/usr/lib/python3.8/socket.py", line 669, in readinto
    return self._sock.recv_into(b)
           │    │               └ <memory at 0x7f42ffb9e1c0>
           │    └ None
           └ <socket.SocketIO object at 0x7f42ff3b78b0>

socket.timeout: timed out


During handling of the above exception, another exception occurred:


Traceback (most recent call last):

  File "/home/chase/.local/lib/python3.8/site-packages/requests/adapters.py", line 439, in send
    resp = conn.urlopen(
           │    └ <function HTTPConnectionPool.urlopen at 0x7f46632db820>
           └ <urllib3.connectionpool.HTTPConnectionPool object at 0x7f427aa41ee0>
  File "/home/chase/.local/lib/python3.8/site-packages/urllib3/connectionpool.py", line 755, in urlopen
    retries = retries.increment(
              │       └ <function Retry.increment at 0x7f4663323b80>
              └ Retry(total=0, connect=None, read=False, redirect=None, status=None)
  File "/home/chase/.local/lib/python3.8/site-packages/urllib3/util/retry.py", line 532, in increment
    raise six.reraise(type(error), error, _stacktrace)
          │   │            │       │      └ <traceback object at 0x7f426d14e180>
          │   │            │       └ ReadTimeoutError("HTTPConnectionPool(host='so.news.cn', port=80): Read timed out. (read timeout=10)")
          │   │            └ ReadTimeoutError("HTTPConnectionPool(host='so.news.cn', port=80): Read timed out. (read timeout=10)")
          │   └ <function reraise at 0x7f46635990d0>
          └ <module 'urllib3.packages.six' from '/home/chase/.local/lib/python3.8/site-packages/urllib3/packages/six.py'>
  File "/home/chase/.local/lib/python3.8/site-packages/urllib3/packages/six.py", line 770, in reraise
    raise value
          └ None
  File "/home/chase/.local/lib/python3.8/site-packages/urllib3/connectionpool.py", line 699, in urlopen
    httplib_response = self._make_request(
                       │    └ <function HTTPConnectionPool._make_request at 0x7f46632db5e0>
                       └ <urllib3.connectionpool.HTTPConnectionPool object at 0x7f427aa41ee0>
  File "/home/chase/.local/lib/python3.8/site-packages/urllib3/connectionpool.py", line 447, in _make_request
    self._raise_timeout(err=e, url=url, timeout_value=read_timeout)
    │    │                         │                  └ 10
    │    │                         └ '/qiushi/more?callback=jsonpCallback&page=239&keyword=%E4%B9%A0%E8%BF%91%E5%B9%B3%E4%B8%BB%E5%B8%AD%E7%89%B9%E5%88%AB%E4%BB%A...
    │    └ <function HTTPConnectionPool._raise_timeout at 0x7f46632db550>
    └ <urllib3.connectionpool.HTTPConnectionPool object at 0x7f427aa41ee0>
  File "/home/chase/.local/lib/python3.8/site-packages/urllib3/connectionpool.py", line 336, in _raise_timeout
    raise ReadTimeoutError(
          └ <class 'urllib3.exceptions.ReadTimeoutError'>

urllib3.exceptions.ReadTimeoutError: HTTPConnectionPool(host='so.news.cn', port=80): Read timed out. (read timeout=10)


During handling of the above exception, another exception occurred:


Traceback (most recent call last):

  File "/usr/lib/python3.8/threading.py", line 890, in _bootstrap
    self._bootstrap_inner()
    │    └ <function Thread._bootstrap_inner at 0x7f4689341a60>
    └ <Thread(Thread-3410, started daemon 139922837251840)>
  File "/usr/lib/python3.8/threading.py", line 932, in _bootstrap_inner
    self.run()
    │    └ <function Thread.run at 0x7f4689341790>
    └ <Thread(Thread-3410, started daemon 139922837251840)>
  File "/usr/lib/python3.8/threading.py", line 870, in run
    self._target(*self._args, **self._kwargs)
    │    │        │    │        │    └ {}
    │    │        │    │        └ <Thread(Thread-3410, started daemon 139922837251840)>
    │    │        │    └ ('ProjectManager.run_func_by_thread',)
    │    │        └ <Thread(Thread-3410, started daemon 139922837251840)>
    │    └ <bound method ProjectManager.get_request_from_keywords_hot of <monitor.projectManager.ProjectManager object at 0x7f457182e160>>
    └ <Thread(Thread-3410, started daemon 139922837251840)>

  File "/home/users/Scy/yuqing/spider/monitor/projectManager.py", line 795, in get_request_from_keywords_hot
    self.search_spider_manager.crawl_by_keyword(
    │    │                     └ <function SearchSpidersManager.crawl_by_keyword at 0x7f4571832040>
    │    └ <monitor.spiderManager.SearchSpidersManager object at 0x7f4571441610>
    └ <monitor.projectManager.ProjectManager object at 0x7f457182e160>

  File "/home/users/Scy/yuqing/spider/monitor/spiderManager.py", line 118, in crawl_by_keyword
    self.crawl_by_keyword_signal_platform(project_names, platform, keyword, crawl_time, project_times)
    │    │                                │              │         │        │           └ {'default': <monitor.TimeSection object at 0x7f4571558ac0>}
    │    │                                │              │         │        └ <monitor.TimeSection object at 0x7f42dfb119d0>
    │    │                                │              │         └ '习近平主席特别代表、国家副主席王岐山将出席韩国总统就职…'
    │    │                                │              └ '求是'
    │    │                                └ ['default']
    │    └ <function SearchSpidersManager.crawl_by_keyword_signal_platform at 0x7f45718320d0>
    └ <monitor.spiderManager.SearchSpidersManager object at 0x7f4571441610>

  File "/home/users/Scy/yuqing/spider/monitor/spiderManager.py", line 134, in crawl_by_keyword_signal_platform
    requests = self.get_request_from_keyword(platform, keyword, **crawl_time.to_dict())
               │    │                        │         │          │          └ <function TimeSection.to_dict at 0x7f46697d5550>
               │    │                        │         │          └ <monitor.TimeSection object at 0x7f42dfb119d0>
               │    │                        │         └ '习近平主席特别代表、国家副主席王岐山将出席韩国总统就职…'
               │    │                        └ '求是'
               │    └ <function SearchSpidersManager.get_request_from_keyword at 0x7f45718321f0>
               └ <monitor.spiderManager.SearchSpidersManager object at 0x7f4571441610>

  File "/home/users/Scy/yuqing/spider/monitor/spiderManager.py", line 191, in get_request_from_keyword
    for request in self.spiders[platform].get_request_from_keyword(headers, search_url, keyword, content_url,
        │          │    │       │                                  │        │           │        └ <string.Template object at 0x7f426f766c40>
        │          │    │       │                                  │        │           └ '习近平主席特别代表、国家副主席王岐山将出席韩国总统就职…'
        │          │    │       │                                  │        └ <string.Template object at 0x7f430f041460>
        │          │    │       │                                  └ {'Connection': 'keep-alive', 'Cache-Control': 'max-age=0', 'Upgrade-Insecure-Requests': '1', 'User-Agent': 'Mozilla/5.0 (Wind...
        │          │    │       └ '求是'
        │          │    └ {'凤凰网': <monitor.searchSpiders.ifeng.Ifeng object at 0x7f4571441d60>, '头条': <monitor.searchSpiders.toutiao.Toutiao object at ...
        │          └ <monitor.spiderManager.SearchSpidersManager object at 0x7f4571441610>
        └ <GET http://www.qstheory.cn/dt/2022-02/15/c_1128375072.htm>

> File "/home/users/Scy/yuqing/spider/monitor/searchSpiders/qiushi.py", line 27, in get_request_from_keyword
    json_response = json.loads(response.text[14:-2])
                    │    │     │        └ <property object at 0x7f4663177db0>
                    │    │     └ <Response [200]>
                    │    └ <function loads at 0x7f468920ef70>
                    └ <module 'json' from '/usr/lib/python3.8/json/__init__.py'>

  File "/home/chase/.local/lib/python3.8/site-packages/requests/api.py", line 75, in get
    return request('get', url, params=params, **kwargs)
           │              │           │         └ {'headers': {'Connection': 'keep-alive', 'Cache-Control': 'max-age=0', 'Upgrade-Insecure-Requests': '1', 'User-Agent': 'Mozil...
           │              │           └ None
           │              └ 'http://so.news.cn/qiushi/more?callback=jsonpCallback&page=239&keyword=习近平主席特别代表、国家副主席王岐山将出席韩国总统就职…&searchword=(LinkTitle%3D%...
           └ <function request at 0x7f466317b040>
  File "/home/chase/.local/lib/python3.8/site-packages/requests/api.py", line 61, in request
    return session.request(method=method, url=url, **kwargs)
           │       │              │           │      └ {'params': None, 'headers': {'Connection': 'keep-alive', 'Cache-Control': 'max-age=0', 'Upgrade-Insecure-Requests': '1', 'Use...
           │       │              │           └ 'http://so.news.cn/qiushi/more?callback=jsonpCallback&page=239&keyword=习近平主席特别代表、国家副主席王岐山将出席韩国总统就职…&searchword=(LinkTitle%3D%...
           │       │              └ 'get'
           │       └ <function Session.request at 0x7f4663110940>
           └ <requests.sessions.Session object at 0x7f42f9380f70>
  File "/home/chase/.local/lib/python3.8/site-packages/requests/sessions.py", line 542, in request
    resp = self.send(prep, **send_kwargs)
           │    │    │       └ {'timeout': 10, 'allow_redirects': True, 'verify': True, 'proxies': OrderedDict(), 'stream': False, 'cert': None}
           │    │    └ <PreparedRequest [GET]>
           │    └ <function Session.send at 0x7f4663110dc0>
           └ <requests.sessions.Session object at 0x7f42f9380f70>
  File "/home/chase/.local/lib/python3.8/site-packages/requests/sessions.py", line 655, in send
    r = adapter.send(request, **kwargs)
        │       │    │          └ {'timeout': 10, 'verify': True, 'proxies': OrderedDict(), 'stream': False, 'cert': None}
        │       │    └ <PreparedRequest [GET]>
        │       └ <function HTTPAdapter.send at 0x7f4663110280>
        └ <requests.adapters.HTTPAdapter object at 0x7f43a9a01d30>
  File "/home/chase/.local/lib/python3.8/site-packages/requests/adapters.py", line 529, in send
    raise ReadTimeout(e, request=request)
          │                      └ <PreparedRequest [GET]>
          └ <class 'requests.exceptions.ReadTimeout'>

requests.exceptions.ReadTimeout: HTTPConnectionPool(host='so.news.cn', port=80): Read timed out. (read timeout=10)
2022-05-11 23:03:18.458 | ERROR    | monitor.searchSpiders.qiushi:get_request_from_keyword:36 - E 求是错误HTTPConnectionPool(host='so.news.cn', port=80): Read timed out. (read timeout=10)
Traceback (most recent call last):

  File "/home/chase/.local/lib/python3.8/site-packages/urllib3/connectionpool.py", line 445, in _make_request
    six.raise_from(e, None)
    │   └ <function raise_from at 0x7f4663599160>
    └ <module 'urllib3.packages.six' from '/home/chase/.local/lib/python3.8/site-packages/urllib3/packages/six.py'>
  File "<string>", line 3, in raise_from
  File "/home/chase/.local/lib/python3.8/site-packages/urllib3/connectionpool.py", line 440, in _make_request
    httplib_response = conn.getresponse()
                       │    └ <function HTTPConnection.getresponse at 0x7f4678b7d310>
                       └ <urllib3.connection.HTTPConnection object at 0x7f441118be50>
  File "/usr/lib/python3.8/http/client.py", line 1348, in getresponse
    response.begin()
    │        └ <function HTTPResponse.begin at 0x7f4678b7b670>
    └ <http.client.HTTPResponse object at 0x7f42d1e23f70>
  File "/usr/lib/python3.8/http/client.py", line 316, in begin
    version, status, reason = self._read_status()
                              │    └ <function HTTPResponse._read_status at 0x7f4678b7b5e0>
                              └ <http.client.HTTPResponse object at 0x7f42d1e23f70>
  File "/usr/lib/python3.8/http/client.py", line 277, in _read_status
    line = str(self.fp.readline(_MAXLINE + 1), "iso-8859-1")
               │    │           └ 65536
               │    └ None
               └ <http.client.HTTPResponse object at 0x7f42d1e23f70>
  File "/usr/lib/python3.8/socket.py", line 669, in readinto
    return self._sock.recv_into(b)
           │    │               └ <memory at 0x7f4340236580>
           │    └ None
           └ <socket.SocketIO object at 0x7f4364ed0280>

socket.timeout: timed out


During handling of the above exception, another exception occurred:


Traceback (most recent call last):

  File "/home/chase/.local/lib/python3.8/site-packages/requests/adapters.py", line 439, in send
    resp = conn.urlopen(
           │    └ <function HTTPConnectionPool.urlopen at 0x7f46632db820>
           └ <urllib3.connectionpool.HTTPConnectionPool object at 0x7f425a7c7310>
  File "/home/chase/.local/lib/python3.8/site-packages/urllib3/connectionpool.py", line 755, in urlopen
    retries = retries.increment(
              │       └ <function Retry.increment at 0x7f4663323b80>
              └ Retry(total=0, connect=None, read=False, redirect=None, status=None)
  File "/home/chase/.local/lib/python3.8/site-packages/urllib3/util/retry.py", line 532, in increment
    raise six.reraise(type(error), error, _stacktrace)
          │   │            │       │      └ <traceback object at 0x7f43a2337140>
          │   │            │       └ ReadTimeoutError("HTTPConnectionPool(host='so.news.cn', port=80): Read timed out. (read timeout=10)")
          │   │            └ ReadTimeoutError("HTTPConnectionPool(host='so.news.cn', port=80): Read timed out. (read timeout=10)")
          │   └ <function reraise at 0x7f46635990d0>
          └ <module 'urllib3.packages.six' from '/home/chase/.local/lib/python3.8/site-packages/urllib3/packages/six.py'>
  File "/home/chase/.local/lib/python3.8/site-packages/urllib3/packages/six.py", line 770, in reraise
    raise value
          └ None
  File "/home/chase/.local/lib/python3.8/site-packages/urllib3/connectionpool.py", line 699, in urlopen
    httplib_response = self._make_request(
                       │    └ <function HTTPConnectionPool._make_request at 0x7f46632db5e0>
                       └ <urllib3.connectionpool.HTTPConnectionPool object at 0x7f425a7c7310>
  File "/home/chase/.local/lib/python3.8/site-packages/urllib3/connectionpool.py", line 447, in _make_request
    self._raise_timeout(err=e, url=url, timeout_value=read_timeout)
    │    │                         │                  └ 10
    │    │                         └ '/qiushi/more?callback=jsonpCallback&page=5&keyword=%E7%A4%BE%E5%8C%BA%E5%8C%BB%E9%99%A2%E6%8A%A4%E5%B7%A5%E6%AE%B4%E6%89%93%...
    │    └ <function HTTPConnectionPool._raise_timeout at 0x7f46632db550>
    └ <urllib3.connectionpool.HTTPConnectionPool object at 0x7f425a7c7310>
  File "/home/chase/.local/lib/python3.8/site-packages/urllib3/connectionpool.py", line 336, in _raise_timeout
    raise ReadTimeoutError(
          └ <class 'urllib3.exceptions.ReadTimeoutError'>

urllib3.exceptions.ReadTimeoutError: HTTPConnectionPool(host='so.news.cn', port=80): Read timed out. (read timeout=10)


During handling of the above exception, another exception occurred:


Traceback (most recent call last):

  File "/usr/lib/python3.8/threading.py", line 890, in _bootstrap
    self._bootstrap_inner()
    │    └ <function Thread._bootstrap_inner at 0x7f4689341a60>
    └ <Thread(Thread-486, started daemon 139928788748032)>
  File "/usr/lib/python3.8/threading.py", line 932, in _bootstrap_inner
    self.run()
    │    └ <function Thread.run at 0x7f4689341790>
    └ <Thread(Thread-486, started daemon 139928788748032)>
  File "/usr/lib/python3.8/threading.py", line 870, in run
    self._target(*self._args, **self._kwargs)
    │    │        │    │        │    └ {}
    │    │        │    │        └ <Thread(Thread-486, started daemon 139928788748032)>
    │    │        │    └ ('ProjectManager.run_func_by_thread',)
    │    │        └ <Thread(Thread-486, started daemon 139928788748032)>
    │    └ <bound method ProjectManager.get_request_from_keywords_hot of <monitor.projectManager.ProjectManager object at 0x7f457182e160>>
    └ <Thread(Thread-486, started daemon 139928788748032)>

  File "/home/users/Scy/yuqing/spider/monitor/projectManager.py", line 795, in get_request_from_keywords_hot
    self.search_spider_manager.crawl_by_keyword(
    │    │                     └ <function SearchSpidersManager.crawl_by_keyword at 0x7f4571832040>
    │    └ <monitor.spiderManager.SearchSpidersManager object at 0x7f4571441610>
    └ <monitor.projectManager.ProjectManager object at 0x7f457182e160>

  File "/home/users/Scy/yuqing/spider/monitor/spiderManager.py", line 118, in crawl_by_keyword
    self.crawl_by_keyword_signal_platform(project_names, platform, keyword, crawl_time, project_times)
    │    │                                │              │         │        │           └ {'default': <monitor.TimeSection object at 0x7f4571558ac0>}
    │    │                                │              │         │        └ <monitor.TimeSection object at 0x7f4529c7d670>
    │    │                                │              │         └ '社区医院护工殴打老人！公安部门介入调查，涉事护工停职'
    │    │                                │              └ '求是'
    │    │                                └ ['default']
    │    └ <function SearchSpidersManager.crawl_by_keyword_signal_platform at 0x7f45718320d0>
    └ <monitor.spiderManager.SearchSpidersManager object at 0x7f4571441610>

  File "/home/users/Scy/yuqing/spider/monitor/spiderManager.py", line 134, in crawl_by_keyword_signal_platform
    requests = self.get_request_from_keyword(platform, keyword, **crawl_time.to_dict())
               │    │                        │         │          │          └ <function TimeSection.to_dict at 0x7f46697d5550>
               │    │                        │         │          └ <monitor.TimeSection object at 0x7f4529c7d670>
               │    │                        │         └ '社区医院护工殴打老人！公安部门介入调查，涉事护工停职'
               │    │                        └ '求是'
               │    └ <function SearchSpidersManager.get_request_from_keyword at 0x7f45718321f0>
               └ <monitor.spiderManager.SearchSpidersManager object at 0x7f4571441610>

  File "/home/users/Scy/yuqing/spider/monitor/spiderManager.py", line 191, in get_request_from_keyword
    for request in self.spiders[platform].get_request_from_keyword(headers, search_url, keyword, content_url,
        │          │    │       │                                  │        │           │        └ <string.Template object at 0x7f427946e1f0>
        │          │    │       │                                  │        │           └ '社区医院护工殴打老人！公安部门介入调查，涉事护工停职'
        │          │    │       │                                  │        └ <string.Template object at 0x7f42be5eb6a0>
        │          │    │       │                                  └ {'Connection': 'keep-alive', 'Cache-Control': 'max-age=0', 'Upgrade-Insecure-Requests': '1', 'User-Agent': 'Mozilla/5.0 (Wind...
        │          │    │       └ '求是'
        │          │    └ {'凤凰网': <monitor.searchSpiders.ifeng.Ifeng object at 0x7f4571441d60>, '头条': <monitor.searchSpiders.toutiao.Toutiao object at ...
        │          └ <monitor.spiderManager.SearchSpidersManager object at 0x7f4571441610>
        └ <GET http://www.qstheory.cn/2021-02/19/c_1127112646.htm>

> File "/home/users/Scy/yuqing/spider/monitor/searchSpiders/qiushi.py", line 27, in get_request_from_keyword
    json_response = json.loads(response.text[14:-2])
                    │    │     │        └ <property object at 0x7f4663177db0>
                    │    │     └ <Response [200]>
                    │    └ <function loads at 0x7f468920ef70>
                    └ <module 'json' from '/usr/lib/python3.8/json/__init__.py'>

  File "/home/chase/.local/lib/python3.8/site-packages/requests/api.py", line 75, in get
    return request('get', url, params=params, **kwargs)
           │              │           │         └ {'headers': {'Connection': 'keep-alive', 'Cache-Control': 'max-age=0', 'Upgrade-Insecure-Requests': '1', 'User-Agent': 'Mozil...
           │              │           └ None
           │              └ 'http://so.news.cn/qiushi/more?callback=jsonpCallback&page=5&keyword=社区医院护工殴打老人！公安部门介入调查，涉事护工停职&searchword=(LinkTitle%3D%E5%A...
           └ <function request at 0x7f466317b040>
  File "/home/chase/.local/lib/python3.8/site-packages/requests/api.py", line 61, in request
    return session.request(method=method, url=url, **kwargs)
           │       │              │           │      └ {'params': None, 'headers': {'Connection': 'keep-alive', 'Cache-Control': 'max-age=0', 'Upgrade-Insecure-Requests': '1', 'Use...
           │       │              │           └ 'http://so.news.cn/qiushi/more?callback=jsonpCallback&page=5&keyword=社区医院护工殴打老人！公安部门介入调查，涉事护工停职&searchword=(LinkTitle%3D%E5%A...
           │       │              └ 'get'
           │       └ <function Session.request at 0x7f4663110940>
           └ <requests.sessions.Session object at 0x7f439257a1c0>
  File "/home/chase/.local/lib/python3.8/site-packages/requests/sessions.py", line 542, in request
    resp = self.send(prep, **send_kwargs)
           │    │    │       └ {'timeout': 10, 'allow_redirects': True, 'verify': True, 'proxies': OrderedDict(), 'stream': False, 'cert': None}
           │    │    └ <PreparedRequest [GET]>
           │    └ <function Session.send at 0x7f4663110dc0>
           └ <requests.sessions.Session object at 0x7f439257a1c0>
  File "/home/chase/.local/lib/python3.8/site-packages/requests/sessions.py", line 655, in send
    r = adapter.send(request, **kwargs)
        │       │    │          └ {'timeout': 10, 'verify': True, 'proxies': OrderedDict(), 'stream': False, 'cert': None}
        │       │    └ <PreparedRequest [GET]>
        │       └ <function HTTPAdapter.send at 0x7f4663110280>
        └ <requests.adapters.HTTPAdapter object at 0x7f4279a35430>
  File "/home/chase/.local/lib/python3.8/site-packages/requests/adapters.py", line 529, in send
    raise ReadTimeout(e, request=request)
          │                      └ <PreparedRequest [GET]>
          └ <class 'requests.exceptions.ReadTimeout'>

requests.exceptions.ReadTimeout: HTTPConnectionPool(host='so.news.cn', port=80): Read timed out. (read timeout=10)
2022-05-11 23:03:18.752 | ERROR    | monitor.searchSpiders.qiushi:get_request_from_keyword:36 - E 求是错误HTTPConnectionPool(host='so.news.cn', port=80): Read timed out. (read timeout=10)
Traceback (most recent call last):

  File "/home/chase/.local/lib/python3.8/site-packages/urllib3/connectionpool.py", line 445, in _make_request
    six.raise_from(e, None)
    │   └ <function raise_from at 0x7f4663599160>
    └ <module 'urllib3.packages.six' from '/home/chase/.local/lib/python3.8/site-packages/urllib3/packages/six.py'>
  File "<string>", line 3, in raise_from
  File "/home/chase/.local/lib/python3.8/site-packages/urllib3/connectionpool.py", line 440, in _make_request
    httplib_response = conn.getresponse()
                       │    └ <function HTTPConnection.getresponse at 0x7f4678b7d310>
                       └ <urllib3.connection.HTTPConnection object at 0x7f44f5f448e0>
  File "/usr/lib/python3.8/http/client.py", line 1348, in getresponse
    response.begin()
    │        └ <function HTTPResponse.begin at 0x7f4678b7b670>
    └ <http.client.HTTPResponse object at 0x7f42f36b5e50>
  File "/usr/lib/python3.8/http/client.py", line 316, in begin
    version, status, reason = self._read_status()
                              │    └ <function HTTPResponse._read_status at 0x7f4678b7b5e0>
                              └ <http.client.HTTPResponse object at 0x7f42f36b5e50>
  File "/usr/lib/python3.8/http/client.py", line 277, in _read_status
    line = str(self.fp.readline(_MAXLINE + 1), "iso-8859-1")
               │    │           └ 65536
               │    └ None
               └ <http.client.HTTPResponse object at 0x7f42f36b5e50>
  File "/usr/lib/python3.8/socket.py", line 669, in readinto
    return self._sock.recv_into(b)
           │    │               └ <memory at 0x7f426fea91c0>
           │    └ None
           └ <socket.SocketIO object at 0x7f4276cfc520>

socket.timeout: timed out


During handling of the above exception, another exception occurred:


Traceback (most recent call last):

  File "/home/chase/.local/lib/python3.8/site-packages/requests/adapters.py", line 439, in send
    resp = conn.urlopen(
           │    └ <function HTTPConnectionPool.urlopen at 0x7f46632db820>
           └ <urllib3.connectionpool.HTTPConnectionPool object at 0x7f42653d8d90>
  File "/home/chase/.local/lib/python3.8/site-packages/urllib3/connectionpool.py", line 755, in urlopen
    retries = retries.increment(
              │       └ <function Retry.increment at 0x7f4663323b80>
              └ Retry(total=0, connect=None, read=False, redirect=None, status=None)
  File "/home/chase/.local/lib/python3.8/site-packages/urllib3/util/retry.py", line 532, in increment
    raise six.reraise(type(error), error, _stacktrace)
          │   │            │       │      └ <traceback object at 0x7f4287213500>
          │   │            │       └ ReadTimeoutError("HTTPConnectionPool(host='so.news.cn', port=80): Read timed out. (read timeout=10)")
          │   │            └ ReadTimeoutError("HTTPConnectionPool(host='so.news.cn', port=80): Read timed out. (read timeout=10)")
          │   └ <function reraise at 0x7f46635990d0>
          └ <module 'urllib3.packages.six' from '/home/chase/.local/lib/python3.8/site-packages/urllib3/packages/six.py'>
  File "/home/chase/.local/lib/python3.8/site-packages/urllib3/packages/six.py", line 770, in reraise
    raise value
          └ None
  File "/home/chase/.local/lib/python3.8/site-packages/urllib3/connectionpool.py", line 699, in urlopen
    httplib_response = self._make_request(
                       │    └ <function HTTPConnectionPool._make_request at 0x7f46632db5e0>
                       └ <urllib3.connectionpool.HTTPConnectionPool object at 0x7f42653d8d90>
  File "/home/chase/.local/lib/python3.8/site-packages/urllib3/connectionpool.py", line 447, in _make_request
    self._raise_timeout(err=e, url=url, timeout_value=read_timeout)
    │    │                         │                  └ 10
    │    │                         └ '/qiushi/more?callback=jsonpCallback&page=149&keyword=%E4%B9%A0%E8%BF%91%E5%B9%B3%E4%B8%BB%E5%B8%AD%E7%89%B9%E5%88%AB%E4%BB%A...
    │    └ <function HTTPConnectionPool._raise_timeout at 0x7f46632db550>
    └ <urllib3.connectionpool.HTTPConnectionPool object at 0x7f42653d8d90>
  File "/home/chase/.local/lib/python3.8/site-packages/urllib3/connectionpool.py", line 336, in _raise_timeout
    raise ReadTimeoutError(
          └ <class 'urllib3.exceptions.ReadTimeoutError'>

urllib3.exceptions.ReadTimeoutError: HTTPConnectionPool(host='so.news.cn', port=80): Read timed out. (read timeout=10)


During handling of the above exception, another exception occurred:


Traceback (most recent call last):

  File "/usr/lib/python3.8/threading.py", line 890, in _bootstrap
    self._bootstrap_inner()
    │    └ <function Thread._bootstrap_inner at 0x7f4689341a60>
    └ <Thread(Thread-3849, started daemon 139923436447488)>
  File "/usr/lib/python3.8/threading.py", line 932, in _bootstrap_inner
    self.run()
    │    └ <function Thread.run at 0x7f4689341790>
    └ <Thread(Thread-3849, started daemon 139923436447488)>
  File "/usr/lib/python3.8/threading.py", line 870, in run
    self._target(*self._args, **self._kwargs)
    │    │        │    │        │    └ {}
    │    │        │    │        └ <Thread(Thread-3849, started daemon 139923436447488)>
    │    │        │    └ ('ProjectManager.run_func_by_thread',)
    │    │        └ <Thread(Thread-3849, started daemon 139923436447488)>
    │    └ <bound method ProjectManager.get_request_from_keywords_hot of <monitor.projectManager.ProjectManager object at 0x7f457182e160>>
    └ <Thread(Thread-3849, started daemon 139923436447488)>

  File "/home/users/Scy/yuqing/spider/monitor/projectManager.py", line 795, in get_request_from_keywords_hot
    self.search_spider_manager.crawl_by_keyword(
    │    │                     └ <function SearchSpidersManager.crawl_by_keyword at 0x7f4571832040>
    │    └ <monitor.spiderManager.SearchSpidersManager object at 0x7f4571441610>
    └ <monitor.projectManager.ProjectManager object at 0x7f457182e160>

  File "/home/users/Scy/yuqing/spider/monitor/spiderManager.py", line 118, in crawl_by_keyword
    self.crawl_by_keyword_signal_platform(project_names, platform, keyword, crawl_time, project_times)
    │    │                                │              │         │        │           └ {'default': <monitor.TimeSection object at 0x7f4571558ac0>}
    │    │                                │              │         │        └ <monitor.TimeSection object at 0x7f42d1483670>
    │    │                                │              │         └ '习近平主席特别代表、国家副主席王岐山将出席韩国总统就职…'
    │    │                                │              └ '求是'
    │    │                                └ ['default']
    │    └ <function SearchSpidersManager.crawl_by_keyword_signal_platform at 0x7f45718320d0>
    └ <monitor.spiderManager.SearchSpidersManager object at 0x7f4571441610>

  File "/home/users/Scy/yuqing/spider/monitor/spiderManager.py", line 134, in crawl_by_keyword_signal_platform
    requests = self.get_request_from_keyword(platform, keyword, **crawl_time.to_dict())
               │    │                        │         │          │          └ <function TimeSection.to_dict at 0x7f46697d5550>
               │    │                        │         │          └ <monitor.TimeSection object at 0x7f42d1483670>
               │    │                        │         └ '习近平主席特别代表、国家副主席王岐山将出席韩国总统就职…'
               │    │                        └ '求是'
               │    └ <function SearchSpidersManager.get_request_from_keyword at 0x7f45718321f0>
               └ <monitor.spiderManager.SearchSpidersManager object at 0x7f4571441610>

  File "/home/users/Scy/yuqing/spider/monitor/spiderManager.py", line 191, in get_request_from_keyword
    for request in self.spiders[platform].get_request_from_keyword(headers, search_url, keyword, content_url,
        │          │    │       │                                  │        │           │        └ <string.Template object at 0x7f426fb7a490>
        │          │    │       │                                  │        │           └ '习近平主席特别代表、国家副主席王岐山将出席韩国总统就职…'
        │          │    │       │                                  │        └ <string.Template object at 0x7f43421ed5e0>
        │          │    │       │                                  └ {'Connection': 'keep-alive', 'Cache-Control': 'max-age=0', 'Upgrade-Insecure-Requests': '1', 'User-Agent': 'Mozilla/5.0 (Wind...
        │          │    │       └ '求是'
        │          │    └ {'凤凰网': <monitor.searchSpiders.ifeng.Ifeng object at 0x7f4571441d60>, '头条': <monitor.searchSpiders.toutiao.Toutiao object at ...
        │          └ <monitor.spiderManager.SearchSpidersManager object at 0x7f4571441610>
        └ <GET http://www.qstheory.cn/yaowen/2021-10/29/c_1128011201.htm>

> File "/home/users/Scy/yuqing/spider/monitor/searchSpiders/qiushi.py", line 27, in get_request_from_keyword
    json_response = json.loads(response.text[14:-2])
                    │    │     │        └ <property object at 0x7f4663177db0>
                    │    │     └ <Response [200]>
                    │    └ <function loads at 0x7f468920ef70>
                    └ <module 'json' from '/usr/lib/python3.8/json/__init__.py'>

  File "/home/chase/.local/lib/python3.8/site-packages/requests/api.py", line 75, in get
    return request('get', url, params=params, **kwargs)
           │              │           │         └ {'headers': {'Connection': 'keep-alive', 'Cache-Control': 'max-age=0', 'Upgrade-Insecure-Requests': '1', 'User-Agent': 'Mozil...
           │              │           └ None
           │              └ 'http://so.news.cn/qiushi/more?callback=jsonpCallback&page=149&keyword=习近平主席特别代表、国家副主席王岐山将出席韩国总统就职…&searchword=(LinkTitle%3D%...
           └ <function request at 0x7f466317b040>
  File "/home/chase/.local/lib/python3.8/site-packages/requests/api.py", line 61, in request
    return session.request(method=method, url=url, **kwargs)
           │       │              │           │      └ {'params': None, 'headers': {'Connection': 'keep-alive', 'Cache-Control': 'max-age=0', 'Upgrade-Insecure-Requests': '1', 'Use...
           │       │              │           └ 'http://so.news.cn/qiushi/more?callback=jsonpCallback&page=149&keyword=习近平主席特别代表、国家副主席王岐山将出席韩国总统就职…&searchword=(LinkTitle%3D%...
           │       │              └ 'get'
           │       └ <function Session.request at 0x7f4663110940>
           └ <requests.sessions.Session object at 0x7f4482cd5dc0>
  File "/home/chase/.local/lib/python3.8/site-packages/requests/sessions.py", line 542, in request
    resp = self.send(prep, **send_kwargs)
           │    │    │       └ {'timeout': 10, 'allow_redirects': True, 'verify': True, 'proxies': OrderedDict(), 'stream': False, 'cert': None}
           │    │    └ <PreparedRequest [GET]>
           │    └ <function Session.send at 0x7f4663110dc0>
           └ <requests.sessions.Session object at 0x7f4482cd5dc0>
  File "/home/chase/.local/lib/python3.8/site-packages/requests/sessions.py", line 655, in send
    r = adapter.send(request, **kwargs)
        │       │    │          └ {'timeout': 10, 'verify': True, 'proxies': OrderedDict(), 'stream': False, 'cert': None}
        │       │    └ <PreparedRequest [GET]>
        │       └ <function HTTPAdapter.send at 0x7f4663110280>
        └ <requests.adapters.HTTPAdapter object at 0x7f42fea9d5b0>
  File "/home/chase/.local/lib/python3.8/site-packages/requests/adapters.py", line 529, in send
    raise ReadTimeout(e, request=request)
          │                      └ <PreparedRequest [GET]>
          └ <class 'requests.exceptions.ReadTimeout'>

requests.exceptions.ReadTimeout: HTTPConnectionPool(host='so.news.cn', port=80): Read timed out. (read timeout=10)
2022-05-11 23:03:34.910 | ERROR    | monitor.searchSpiders.qiushi:get_request_from_keyword:36 - E 求是错误'NoneType' object is not subscriptable
Traceback (most recent call last):

  File "/usr/lib/python3.8/threading.py", line 890, in _bootstrap
    self._bootstrap_inner()
    │    └ <function Thread._bootstrap_inner at 0x7f4689341a60>
    └ <Thread(Thread-1163, started daemon 139927093896960)>
  File "/usr/lib/python3.8/threading.py", line 932, in _bootstrap_inner
    self.run()
    │    └ <function Thread.run at 0x7f4689341790>
    └ <Thread(Thread-1163, started daemon 139927093896960)>
  File "/usr/lib/python3.8/threading.py", line 870, in run
    self._target(*self._args, **self._kwargs)
    │    │        │    │        │    └ {}
    │    │        │    │        └ <Thread(Thread-1163, started daemon 139927093896960)>
    │    │        │    └ ('ProjectManager.run_func_by_thread',)
    │    │        └ <Thread(Thread-1163, started daemon 139927093896960)>
    │    └ <bound method ProjectManager.get_request_from_keywords_hot of <monitor.projectManager.ProjectManager object at 0x7f457182e160>>
    └ <Thread(Thread-1163, started daemon 139927093896960)>

  File "/home/users/Scy/yuqing/spider/monitor/projectManager.py", line 795, in get_request_from_keywords_hot
    self.search_spider_manager.crawl_by_keyword(
    │    │                     └ <function SearchSpidersManager.crawl_by_keyword at 0x7f4571832040>
    │    └ <monitor.spiderManager.SearchSpidersManager object at 0x7f4571441610>
    └ <monitor.projectManager.ProjectManager object at 0x7f457182e160>

  File "/home/users/Scy/yuqing/spider/monitor/spiderManager.py", line 118, in crawl_by_keyword
    self.crawl_by_keyword_signal_platform(project_names, platform, keyword, crawl_time, project_times)
    │    │                                │              │         │        │           └ {'default': <monitor.TimeSection object at 0x7f4571558ac0>}
    │    │                                │              │         │        └ <monitor.TimeSection object at 0x7f4370a65580>
    │    │                                │              │         └ '美研究认为奥密克戎毒性与以往新冠病毒变异株一样强'
    │    │                                │              └ '求是'
    │    │                                └ ['default']
    │    └ <function SearchSpidersManager.crawl_by_keyword_signal_platform at 0x7f45718320d0>
    └ <monitor.spiderManager.SearchSpidersManager object at 0x7f4571441610>

  File "/home/users/Scy/yuqing/spider/monitor/spiderManager.py", line 134, in crawl_by_keyword_signal_platform
    requests = self.get_request_from_keyword(platform, keyword, **crawl_time.to_dict())
               │    │                        │         │          │          └ <function TimeSection.to_dict at 0x7f46697d5550>
               │    │                        │         │          └ <monitor.TimeSection object at 0x7f4370a65580>
               │    │                        │         └ '美研究认为奥密克戎毒性与以往新冠病毒变异株一样强'
               │    │                        └ '求是'
               │    └ <function SearchSpidersManager.get_request_from_keyword at 0x7f45718321f0>
               └ <monitor.spiderManager.SearchSpidersManager object at 0x7f4571441610>

  File "/home/users/Scy/yuqing/spider/monitor/spiderManager.py", line 191, in get_request_from_keyword
    for request in self.spiders[platform].get_request_from_keyword(headers, search_url, keyword, content_url,
        │          │    │       │                                  │        │           │        └ <string.Template object at 0x7f437de393d0>
        │          │    │       │                                  │        │           └ '美研究认为奥密克戎毒性与以往新冠病毒变异株一样强'
        │          │    │       │                                  │        └ <string.Template object at 0x7f42be87a9d0>
        │          │    │       │                                  └ {'Connection': 'keep-alive', 'Cache-Control': 'max-age=0', 'Upgrade-Insecure-Requests': '1', 'User-Agent': 'Mozilla/5.0 (Wind...
        │          │    │       └ '求是'
        │          │    └ {'凤凰网': <monitor.searchSpiders.ifeng.Ifeng object at 0x7f4571441d60>, '头条': <monitor.searchSpiders.toutiao.Toutiao object at ...
        │          └ <monitor.spiderManager.SearchSpidersManager object at 0x7f4571441610>
        └ <GET http://www.qstheory.cn/yaowen/2021-10/25/c_1127993905.htm>

> File "/home/users/Scy/yuqing/spider/monitor/searchSpiders/qiushi.py", line 29, in get_request_from_keyword
    url = res['url']
          └ {'des': None, 'pubtime': '2021-10-25 16:54:08', 'author': None, 'sitename': '新华网 ', 'title': "习近平同比利时国王菲利普就中比建交50周年互致贺电 李克强同比...

TypeError: 'NoneType' object is not subscriptable
2022-05-11 23:04:24.065 | ERROR    | monitor.searchSpiders.qiushi:get_request_from_keyword:36 - E 求是错误'NoneType' object is not subscriptable
Traceback (most recent call last):

  File "/usr/lib/python3.8/threading.py", line 890, in _bootstrap
    self._bootstrap_inner()
    │    └ <function Thread._bootstrap_inner at 0x7f4689341a60>
    └ <Thread(Thread-4547, started daemon 139927887435520)>
  File "/usr/lib/python3.8/threading.py", line 932, in _bootstrap_inner
    self.run()
    │    └ <function Thread.run at 0x7f4689341790>
    └ <Thread(Thread-4547, started daemon 139927887435520)>
  File "/usr/lib/python3.8/threading.py", line 870, in run
    self._target(*self._args, **self._kwargs)
    │    │        │    │        │    └ {}
    │    │        │    │        └ <Thread(Thread-4547, started daemon 139927887435520)>
    │    │        │    └ ('ProjectManager.run_func_by_thread',)
    │    │        └ <Thread(Thread-4547, started daemon 139927887435520)>
    │    └ <bound method ProjectManager.get_request_from_keywords_hot of <monitor.projectManager.ProjectManager object at 0x7f457182e160>>
    └ <Thread(Thread-4547, started daemon 139927887435520)>

  File "/home/users/Scy/yuqing/spider/monitor/projectManager.py", line 795, in get_request_from_keywords_hot
    self.search_spider_manager.crawl_by_keyword(
    │    │                     └ <function SearchSpidersManager.crawl_by_keyword at 0x7f4571832040>
    │    └ <monitor.spiderManager.SearchSpidersManager object at 0x7f4571441610>
    └ <monitor.projectManager.ProjectManager object at 0x7f457182e160>

  File "/home/users/Scy/yuqing/spider/monitor/spiderManager.py", line 118, in crawl_by_keyword
    self.crawl_by_keyword_signal_platform(project_names, platform, keyword, crawl_time, project_times)
    │    │                                │              │         │        │           └ {'default': <monitor.TimeSection object at 0x7f4571558ac0>}
    │    │                                │              │         │        └ <monitor.TimeSection object at 0x7f43a84220a0>
    │    │                                │              │         └ '习近平主席特别代表、国家副主席王岐山将出席韩国总统就职…'
    │    │                                │              └ '求是'
    │    │                                └ ['default']
    │    └ <function SearchSpidersManager.crawl_by_keyword_signal_platform at 0x7f45718320d0>
    └ <monitor.spiderManager.SearchSpidersManager object at 0x7f4571441610>

  File "/home/users/Scy/yuqing/spider/monitor/spiderManager.py", line 134, in crawl_by_keyword_signal_platform
    requests = self.get_request_from_keyword(platform, keyword, **crawl_time.to_dict())
               │    │                        │         │          │          └ <function TimeSection.to_dict at 0x7f46697d5550>
               │    │                        │         │          └ <monitor.TimeSection object at 0x7f43a84220a0>
               │    │                        │         └ '习近平主席特别代表、国家副主席王岐山将出席韩国总统就职…'
               │    │                        └ '求是'
               │    └ <function SearchSpidersManager.get_request_from_keyword at 0x7f45718321f0>
               └ <monitor.spiderManager.SearchSpidersManager object at 0x7f4571441610>

  File "/home/users/Scy/yuqing/spider/monitor/spiderManager.py", line 191, in get_request_from_keyword
    for request in self.spiders[platform].get_request_from_keyword(headers, search_url, keyword, content_url,
        │          │    │       │                                  │        │           │        └ <string.Template object at 0x7f42667427f0>
        │          │    │       │                                  │        │           └ '习近平主席特别代表、国家副主席王岐山将出席韩国总统就职…'
        │          │    │       │                                  │        └ <string.Template object at 0x7f442805f040>
        │          │    │       │                                  └ {'Connection': 'keep-alive', 'Cache-Control': 'max-age=0', 'Upgrade-Insecure-Requests': '1', 'User-Agent': 'Mozilla/5.0 (Wind...
        │          │    │       └ '求是'
        │          │    └ {'凤凰网': <monitor.searchSpiders.ifeng.Ifeng object at 0x7f4571441d60>, '头条': <monitor.searchSpiders.toutiao.Toutiao object at ...
        │          └ <monitor.spiderManager.SearchSpidersManager object at 0x7f4571441610>
        └ <GET http://www.qstheory.cn/yaowen/2022-05/10/c_1128638311.htm>

> File "/home/users/Scy/yuqing/spider/monitor/searchSpiders/qiushi.py", line 29, in get_request_from_keyword
    url = res['url']
          └ {'des': None, 'pubtime': '2022-05-10 22:34:28', 'author': None, 'sitename': '新华网 ', 'title': "<font color='red'>习近平</font>同法国...

TypeError: 'NoneType' object is not subscriptable
2022-05-11 23:06:29.481 | ERROR    | monitor.searchSpiders.qiushi:get_request_from_keyword:36 - E 求是错误'NoneType' object is not subscriptable
Traceback (most recent call last):

  File "/usr/lib/python3.8/threading.py", line 890, in _bootstrap
    self._bootstrap_inner()
    │    └ <function Thread._bootstrap_inner at 0x7f4689341a60>
    └ <Thread(Thread-2705, started daemon 139925780051712)>
  File "/usr/lib/python3.8/threading.py", line 932, in _bootstrap_inner
    self.run()
    │    └ <function Thread.run at 0x7f4689341790>
    └ <Thread(Thread-2705, started daemon 139925780051712)>
  File "/usr/lib/python3.8/threading.py", line 870, in run
    self._target(*self._args, **self._kwargs)
    │    │        │    │        │    └ {}
    │    │        │    │        └ <Thread(Thread-2705, started daemon 139925780051712)>
    │    │        │    └ ('ProjectManager.run_func_by_thread',)
    │    │        └ <Thread(Thread-2705, started daemon 139925780051712)>
    │    └ <bound method ProjectManager.get_request_from_keywords_hot of <monitor.projectManager.ProjectManager object at 0x7f457182e160>>
    └ <Thread(Thread-2705, started daemon 139925780051712)>

  File "/home/users/Scy/yuqing/spider/monitor/projectManager.py", line 795, in get_request_from_keywords_hot
    self.search_spider_manager.crawl_by_keyword(
    │    │                     └ <function SearchSpidersManager.crawl_by_keyword at 0x7f4571832040>
    │    └ <monitor.spiderManager.SearchSpidersManager object at 0x7f4571441610>
    └ <monitor.projectManager.ProjectManager object at 0x7f457182e160>

  File "/home/users/Scy/yuqing/spider/monitor/spiderManager.py", line 118, in crawl_by_keyword
    self.crawl_by_keyword_signal_platform(project_names, platform, keyword, crawl_time, project_times)
    │    │                                │              │         │        │           └ {'default': <monitor.TimeSection object at 0x7f4571558ac0>}
    │    │                                │              │         │        └ <monitor.TimeSection object at 0x7f4327e826d0>
    │    │                                │              │         └ '向着新的高地冲锋'
    │    │                                │              └ '求是'
    │    │                                └ ['default']
    │    └ <function SearchSpidersManager.crawl_by_keyword_signal_platform at 0x7f45718320d0>
    └ <monitor.spiderManager.SearchSpidersManager object at 0x7f4571441610>

  File "/home/users/Scy/yuqing/spider/monitor/spiderManager.py", line 134, in crawl_by_keyword_signal_platform
    requests = self.get_request_from_keyword(platform, keyword, **crawl_time.to_dict())
               │    │                        │         │          │          └ <function TimeSection.to_dict at 0x7f46697d5550>
               │    │                        │         │          └ <monitor.TimeSection object at 0x7f4327e826d0>
               │    │                        │         └ '向着新的高地冲锋'
               │    │                        └ '求是'
               │    └ <function SearchSpidersManager.get_request_from_keyword at 0x7f45718321f0>
               └ <monitor.spiderManager.SearchSpidersManager object at 0x7f4571441610>

  File "/home/users/Scy/yuqing/spider/monitor/spiderManager.py", line 191, in get_request_from_keyword
    for request in self.spiders[platform].get_request_from_keyword(headers, search_url, keyword, content_url,
        │          │    │       │                                  │        │           │        └ <string.Template object at 0x7f426d7fa850>
        │          │    │       │                                  │        │           └ '向着新的高地冲锋'
        │          │    │       │                                  │        └ <string.Template object at 0x7f42f1badb50>
        │          │    │       │                                  └ {'Connection': 'keep-alive', 'Cache-Control': 'max-age=0', 'Upgrade-Insecure-Requests': '1', 'User-Agent': 'Mozilla/5.0 (Wind...
        │          │    │       └ '求是'
        │          │    └ {'凤凰网': <monitor.searchSpiders.ifeng.Ifeng object at 0x7f4571441d60>, '头条': <monitor.searchSpiders.toutiao.Toutiao object at ...
        │          └ <monitor.spiderManager.SearchSpidersManager object at 0x7f4571441610>
        └ <GET http://www.qstheory.cn/qshyjx/2021-01/15/c_1126984657.htm>

> File "/home/users/Scy/yuqing/spider/monitor/searchSpiders/qiushi.py", line 29, in get_request_from_keyword
    url = res['url']
          └ {'des': "今年是“十四五”开局之年，我国进入新发展阶段，开启全面建设社会主义现代化国家<font color='red'>新</font>征程。努力在促进", 'pubtime': '2021-01-15 11:39:42', 'author...

TypeError: 'NoneType' object is not subscriptable
2022-05-11 23:06:58.823 | ERROR    | monitor.searchSpiders.qiushi:get_request_from_keyword:36 - E 求是错误'NoneType' object is not subscriptable
Traceback (most recent call last):

  File "/usr/lib/python3.8/threading.py", line 890, in _bootstrap
    self._bootstrap_inner()
    │    └ <function Thread._bootstrap_inner at 0x7f4689341a60>
    └ <Thread(Thread-214, started daemon 139932737185536)>
  File "/usr/lib/python3.8/threading.py", line 932, in _bootstrap_inner
    self.run()
    │    └ <function Thread.run at 0x7f4689341790>
    └ <Thread(Thread-214, started daemon 139932737185536)>
  File "/usr/lib/python3.8/threading.py", line 870, in run
    self._target(*self._args, **self._kwargs)
    │    │        │    │        │    └ {}
    │    │        │    │        └ <Thread(Thread-214, started daemon 139932737185536)>
    │    │        │    └ ('ProjectManager.run_func_by_thread',)
    │    │        └ <Thread(Thread-214, started daemon 139932737185536)>
    │    └ <bound method ProjectManager.get_request_from_keywords_hot of <monitor.projectManager.ProjectManager object at 0x7f457182e160>>
    └ <Thread(Thread-214, started daemon 139932737185536)>

  File "/home/users/Scy/yuqing/spider/monitor/projectManager.py", line 795, in get_request_from_keywords_hot
    self.search_spider_manager.crawl_by_keyword(
    │    │                     └ <function SearchSpidersManager.crawl_by_keyword at 0x7f4571832040>
    │    └ <monitor.spiderManager.SearchSpidersManager object at 0x7f4571441610>
    └ <monitor.projectManager.ProjectManager object at 0x7f457182e160>

  File "/home/users/Scy/yuqing/spider/monitor/spiderManager.py", line 118, in crawl_by_keyword
    self.crawl_by_keyword_signal_platform(project_names, platform, keyword, crawl_time, project_times)
    │    │                                │              │         │        │           └ {'default': <monitor.TimeSection object at 0x7f4571558ac0>}
    │    │                                │              │         │        └ <monitor.TimeSection object at 0x7f4545333a00>
    │    │                                │              │         └ '中国驻泰国大使馆大力支持第五届全球华语朗诵大赛'
    │    │                                │              └ '求是'
    │    │                                └ ['default']
    │    └ <function SearchSpidersManager.crawl_by_keyword_signal_platform at 0x7f45718320d0>
    └ <monitor.spiderManager.SearchSpidersManager object at 0x7f4571441610>

  File "/home/users/Scy/yuqing/spider/monitor/spiderManager.py", line 134, in crawl_by_keyword_signal_platform
    requests = self.get_request_from_keyword(platform, keyword, **crawl_time.to_dict())
               │    │                        │         │          │          └ <function TimeSection.to_dict at 0x7f46697d5550>
               │    │                        │         │          └ <monitor.TimeSection object at 0x7f4545333a00>
               │    │                        │         └ '中国驻泰国大使馆大力支持第五届全球华语朗诵大赛'
               │    │                        └ '求是'
               │    └ <function SearchSpidersManager.get_request_from_keyword at 0x7f45718321f0>
               └ <monitor.spiderManager.SearchSpidersManager object at 0x7f4571441610>

  File "/home/users/Scy/yuqing/spider/monitor/spiderManager.py", line 191, in get_request_from_keyword
    for request in self.spiders[platform].get_request_from_keyword(headers, search_url, keyword, content_url,
        │          │    │       │                                  │        │           │        └ <string.Template object at 0x7f42dcfd5400>
        │          │    │       │                                  │        │           └ '中国驻泰国大使馆大力支持第五届全球华语朗诵大赛'
        │          │    │       │                                  │        └ <string.Template object at 0x7f42daf91c70>
        │          │    │       │                                  └ {'Connection': 'keep-alive', 'Cache-Control': 'max-age=0', 'Upgrade-Insecure-Requests': '1', 'User-Agent': 'Mozilla/5.0 (Wind...
        │          │    │       └ '求是'
        │          │    └ {'凤凰网': <monitor.searchSpiders.ifeng.Ifeng object at 0x7f4571441d60>, '头条': <monitor.searchSpiders.toutiao.Toutiao object at ...
        │          └ <monitor.spiderManager.SearchSpidersManager object at 0x7f4571441610>
        └ <GET http://www.qstheory.cn/dukan/qs/2021-01/16/c_1126985877.htm>

> File "/home/users/Scy/yuqing/spider/monitor/searchSpiders/qiushi.py", line 29, in get_request_from_keyword
    url = res['url']
          └ {'des': None, 'pubtime': '2021-01-16 08:26:36', 'author': '王 毅', 'sitename': '《求是》2021/02 ', 'title': "迎难而上 为国担当 奋力开启<font co...

TypeError: 'NoneType' object is not subscriptable
2022-05-11 23:06:58.827 | ERROR    | monitor.searchSpiders.qiushi:get_request_from_keyword:36 - E 求是错误'NoneType' object is not subscriptable
Traceback (most recent call last):

  File "/usr/lib/python3.8/threading.py", line 890, in _bootstrap
    self._bootstrap_inner()
    │    └ <function Thread._bootstrap_inner at 0x7f4689341a60>
    └ <Thread(Thread-4505, started daemon 139922568963840)>
  File "/usr/lib/python3.8/threading.py", line 932, in _bootstrap_inner
    self.run()
    │    └ <function Thread.run at 0x7f4689341790>
    └ <Thread(Thread-4505, started daemon 139922568963840)>
  File "/usr/lib/python3.8/threading.py", line 870, in run
    self._target(*self._args, **self._kwargs)
    │    │        │    │        │    └ {}
    │    │        │    │        └ <Thread(Thread-4505, started daemon 139922568963840)>
    │    │        │    └ ('ProjectManager.run_func_by_thread',)
    │    │        └ <Thread(Thread-4505, started daemon 139922568963840)>
    │    └ <bound method ProjectManager.get_request_from_keywords_hot of <monitor.projectManager.ProjectManager object at 0x7f457182e160>>
    └ <Thread(Thread-4505, started daemon 139922568963840)>

  File "/home/users/Scy/yuqing/spider/monitor/projectManager.py", line 795, in get_request_from_keywords_hot
    self.search_spider_manager.crawl_by_keyword(
    │    │                     └ <function SearchSpidersManager.crawl_by_keyword at 0x7f4571832040>
    │    └ <monitor.spiderManager.SearchSpidersManager object at 0x7f4571441610>
    └ <monitor.projectManager.ProjectManager object at 0x7f457182e160>

  File "/home/users/Scy/yuqing/spider/monitor/spiderManager.py", line 118, in crawl_by_keyword
    self.crawl_by_keyword_signal_platform(project_names, platform, keyword, crawl_time, project_times)
    │    │                                │              │         │        │           └ {'default': <monitor.TimeSection object at 0x7f4571558ac0>}
    │    │                                │              │         │        └ <monitor.TimeSection object at 0x7f4354d4a0a0>
    │    │                                │              │         └ '习近平主席特别代表、国家副主席王岐山将出席韩国总统就职…'
    │    │                                │              └ '求是'
    │    │                                └ ['default']
    │    └ <function SearchSpidersManager.crawl_by_keyword_signal_platform at 0x7f45718320d0>
    └ <monitor.spiderManager.SearchSpidersManager object at 0x7f4571441610>

  File "/home/users/Scy/yuqing/spider/monitor/spiderManager.py", line 134, in crawl_by_keyword_signal_platform
    requests = self.get_request_from_keyword(platform, keyword, **crawl_time.to_dict())
               │    │                        │         │          │          └ <function TimeSection.to_dict at 0x7f46697d5550>
               │    │                        │         │          └ <monitor.TimeSection object at 0x7f4354d4a0a0>
               │    │                        │         └ '习近平主席特别代表、国家副主席王岐山将出席韩国总统就职…'
               │    │                        └ '求是'
               │    └ <function SearchSpidersManager.get_request_from_keyword at 0x7f45718321f0>
               └ <monitor.spiderManager.SearchSpidersManager object at 0x7f4571441610>

  File "/home/users/Scy/yuqing/spider/monitor/spiderManager.py", line 191, in get_request_from_keyword
    for request in self.spiders[platform].get_request_from_keyword(headers, search_url, keyword, content_url,
        │          │    │       │                                  │        │           │        └ <string.Template object at 0x7f43dc2a6c40>
        │          │    │       │                                  │        │           └ '习近平主席特别代表、国家副主席王岐山将出席韩国总统就职…'
        │          │    │       │                                  │        └ <string.Template object at 0x7f4366367940>
        │          │    │       │                                  └ {'Connection': 'keep-alive', 'Cache-Control': 'max-age=0', 'Upgrade-Insecure-Requests': '1', 'User-Agent': 'Mozilla/5.0 (Wind...
        │          │    │       └ '求是'
        │          │    └ {'凤凰网': <monitor.searchSpiders.ifeng.Ifeng object at 0x7f4571441d60>, '头条': <monitor.searchSpiders.toutiao.Toutiao object at ...
        │          └ <monitor.spiderManager.SearchSpidersManager object at 0x7f4571441610>
        └ <GET http://www.qstheory.cn/yaowen/2021-06/11/c_1127552637.htm>

> File "/home/users/Scy/yuqing/spider/monitor/searchSpiders/qiushi.py", line 29, in get_request_from_keyword
    url = res['url']
          └ {'des': "中华人民共和国<font color='red'>主席</font>令\u3000", 'pubtime': '2021-06-11 08:37:05', 'author': "<font color='red'>习近平</font...

TypeError: 'NoneType' object is not subscriptable
2022-05-11 23:10:04.618 | ERROR    | monitor.searchSpiders.qiushi:get_request_from_keyword:36 - E 求是错误'NoneType' object is not subscriptable
Traceback (most recent call last):

  File "/usr/lib/python3.8/threading.py", line 890, in _bootstrap
    self._bootstrap_inner()
    │    └ <function Thread._bootstrap_inner at 0x7f4689341a60>
    └ <Thread(Thread-3022, started daemon 139928797402880)>
  File "/usr/lib/python3.8/threading.py", line 932, in _bootstrap_inner
    self.run()
    │    └ <function Thread.run at 0x7f4689341790>
    └ <Thread(Thread-3022, started daemon 139928797402880)>
  File "/usr/lib/python3.8/threading.py", line 870, in run
    self._target(*self._args, **self._kwargs)
    │    │        │    │        │    └ {}
    │    │        │    │        └ <Thread(Thread-3022, started daemon 139928797402880)>
    │    │        │    └ ('ProjectManager.run_func_by_thread',)
    │    │        └ <Thread(Thread-3022, started daemon 139928797402880)>
    │    └ <bound method ProjectManager.get_request_from_keywords_hot of <monitor.projectManager.ProjectManager object at 0x7f457182e160>>
    └ <Thread(Thread-3022, started daemon 139928797402880)>

  File "/home/users/Scy/yuqing/spider/monitor/projectManager.py", line 795, in get_request_from_keywords_hot
    self.search_spider_manager.crawl_by_keyword(
    │    │                     └ <function SearchSpidersManager.crawl_by_keyword at 0x7f4571832040>
    │    └ <monitor.spiderManager.SearchSpidersManager object at 0x7f4571441610>
    └ <monitor.projectManager.ProjectManager object at 0x7f457182e160>

  File "/home/users/Scy/yuqing/spider/monitor/spiderManager.py", line 118, in crawl_by_keyword
    self.crawl_by_keyword_signal_platform(project_names, platform, keyword, crawl_time, project_times)
    │    │                                │              │         │        │           └ {'default': <monitor.TimeSection object at 0x7f4571558ac0>}
    │    │                                │              │         │        └ <monitor.TimeSection object at 0x7f4317882d00>
    │    │                                │              │         └ '欧盟发布扩大地理标志计划新提案'
    │    │                                │              └ '求是'
    │    │                                └ ['default']
    │    └ <function SearchSpidersManager.crawl_by_keyword_signal_platform at 0x7f45718320d0>
    └ <monitor.spiderManager.SearchSpidersManager object at 0x7f4571441610>

  File "/home/users/Scy/yuqing/spider/monitor/spiderManager.py", line 134, in crawl_by_keyword_signal_platform
    requests = self.get_request_from_keyword(platform, keyword, **crawl_time.to_dict())
               │    │                        │         │          │          └ <function TimeSection.to_dict at 0x7f46697d5550>
               │    │                        │         │          └ <monitor.TimeSection object at 0x7f4317882d00>
               │    │                        │         └ '欧盟发布扩大地理标志计划新提案'
               │    │                        └ '求是'
               │    └ <function SearchSpidersManager.get_request_from_keyword at 0x7f45718321f0>
               └ <monitor.spiderManager.SearchSpidersManager object at 0x7f4571441610>

  File "/home/users/Scy/yuqing/spider/monitor/spiderManager.py", line 191, in get_request_from_keyword
    for request in self.spiders[platform].get_request_from_keyword(headers, search_url, keyword, content_url,
        │          │    │       │                                  │        │           │        └ <string.Template object at 0x7f4349f0fc40>
        │          │    │       │                                  │        │           └ '欧盟发布扩大地理标志计划新提案'
        │          │    │       │                                  │        └ <string.Template object at 0x7f433538c7c0>
        │          │    │       │                                  └ {'Connection': 'keep-alive', 'Cache-Control': 'max-age=0', 'Upgrade-Insecure-Requests': '1', 'User-Agent': 'Mozilla/5.0 (Wind...
        │          │    │       └ '求是'
        │          │    └ {'凤凰网': <monitor.searchSpiders.ifeng.Ifeng object at 0x7f4571441d60>, '头条': <monitor.searchSpiders.toutiao.Toutiao object at ...
        │          └ <monitor.spiderManager.SearchSpidersManager object at 0x7f4571441610>
        └ <GET http://www.qstheory.cn/laigao/ycjx/2021-01/23/c_1127016084.htm>

> File "/home/users/Scy/yuqing/spider/monitor/searchSpiders/qiushi.py", line 29, in get_request_from_keyword
    url = res['url']
          └ {'des': None, 'pubtime': '2021-01-23 10:28:06', 'author': '学而时习', 'sitename': '求是网 ', 'title': "开局之年，中国外交如何育先机、开<font color='...

TypeError: 'NoneType' object is not subscriptable
2022-05-11 23:10:04.625 | ERROR    | monitor.searchSpiders.qiushi:get_request_from_keyword:36 - E 求是错误'NoneType' object is not subscriptable
Traceback (most recent call last):

  File "/usr/lib/python3.8/threading.py", line 890, in _bootstrap
    self._bootstrap_inner()
    │    └ <function Thread._bootstrap_inner at 0x7f4689341a60>
    └ <Thread(Thread-4423, started daemon 139922669676288)>
  File "/usr/lib/python3.8/threading.py", line 932, in _bootstrap_inner
    self.run()
    │    └ <function Thread.run at 0x7f4689341790>
    └ <Thread(Thread-4423, started daemon 139922669676288)>
  File "/usr/lib/python3.8/threading.py", line 870, in run
    self._target(*self._args, **self._kwargs)
    │    │        │    │        │    └ {}
    │    │        │    │        └ <Thread(Thread-4423, started daemon 139922669676288)>
    │    │        │    └ ('ProjectManager.run_func_by_thread',)
    │    │        └ <Thread(Thread-4423, started daemon 139922669676288)>
    │    └ <bound method ProjectManager.get_request_from_keywords_hot of <monitor.projectManager.ProjectManager object at 0x7f457182e160>>
    └ <Thread(Thread-4423, started daemon 139922669676288)>

  File "/home/users/Scy/yuqing/spider/monitor/projectManager.py", line 795, in get_request_from_keywords_hot
    self.search_spider_manager.crawl_by_keyword(
    │    │                     └ <function SearchSpidersManager.crawl_by_keyword at 0x7f4571832040>
    │    └ <monitor.spiderManager.SearchSpidersManager object at 0x7f4571441610>
    └ <monitor.projectManager.ProjectManager object at 0x7f457182e160>

  File "/home/users/Scy/yuqing/spider/monitor/spiderManager.py", line 118, in crawl_by_keyword
    self.crawl_by_keyword_signal_platform(project_names, platform, keyword, crawl_time, project_times)
    │    │                                │              │         │        │           └ {'default': <monitor.TimeSection object at 0x7f4571558ac0>}
    │    │                                │              │         │        └ <monitor.TimeSection object at 0x7f4287f69a90>
    │    │                                │              │         └ '习近平主席特别代表、国家副主席王岐山将出席韩国总统就职…'
    │    │                                │              └ '求是'
    │    │                                └ ['default']
    │    └ <function SearchSpidersManager.crawl_by_keyword_signal_platform at 0x7f45718320d0>
    └ <monitor.spiderManager.SearchSpidersManager object at 0x7f4571441610>

  File "/home/users/Scy/yuqing/spider/monitor/spiderManager.py", line 134, in crawl_by_keyword_signal_platform
    requests = self.get_request_from_keyword(platform, keyword, **crawl_time.to_dict())
               │    │                        │         │          │          └ <function TimeSection.to_dict at 0x7f46697d5550>
               │    │                        │         │          └ <monitor.TimeSection object at 0x7f4287f69a90>
               │    │                        │         └ '习近平主席特别代表、国家副主席王岐山将出席韩国总统就职…'
               │    │                        └ '求是'
               │    └ <function SearchSpidersManager.get_request_from_keyword at 0x7f45718321f0>
               └ <monitor.spiderManager.SearchSpidersManager object at 0x7f4571441610>

  File "/home/users/Scy/yuqing/spider/monitor/spiderManager.py", line 191, in get_request_from_keyword
    for request in self.spiders[platform].get_request_from_keyword(headers, search_url, keyword, content_url,
        │          │    │       │                                  │        │           │        └ <string.Template object at 0x7f438585f550>
        │          │    │       │                                  │        │           └ '习近平主席特别代表、国家副主席王岐山将出席韩国总统就职…'
        │          │    │       │                                  │        └ <string.Template object at 0x7f42da4db7f0>
        │          │    │       │                                  └ {'Connection': 'keep-alive', 'Cache-Control': 'max-age=0', 'Upgrade-Insecure-Requests': '1', 'User-Agent': 'Mozilla/5.0 (Wind...
        │          │    │       └ '求是'
        │          │    └ {'凤凰网': <monitor.searchSpiders.ifeng.Ifeng object at 0x7f4571441d60>, '头条': <monitor.searchSpiders.toutiao.Toutiao object at ...
        │          └ <monitor.spiderManager.SearchSpidersManager object at 0x7f4571441610>
        └ <GET http://www.qstheory.cn/laigao/ycjx/2021-04/19/c_1127346523.htm>

> File "/home/users/Scy/yuqing/spider/monitor/searchSpiders/qiushi.py", line 29, in get_request_from_keyword
    url = res['url']
          └ {'des': None, 'pubtime': '2021-04-19 10:52:27', 'author': '学而时习', 'sitename': '求是网 ', 'title': "【<font color='red'>特别</font>关...

TypeError: 'NoneType' object is not subscriptable
2022-05-11 23:15:56.374 | ERROR    | monitor.searchSpiders.qiushi:get_request_from_keyword:36 - E 求是错误'NoneType' object is not subscriptable
Traceback (most recent call last):

  File "/usr/lib/python3.8/threading.py", line 890, in _bootstrap
    self._bootstrap_inner()
    │    └ <function Thread._bootstrap_inner at 0x7f4689341a60>
    └ <Thread(Thread-91, started daemon 139934656620288)>
  File "/usr/lib/python3.8/threading.py", line 932, in _bootstrap_inner
    self.run()
    │    └ <function Thread.run at 0x7f4689341790>
    └ <Thread(Thread-91, started daemon 139934656620288)>
  File "/usr/lib/python3.8/threading.py", line 870, in run
    self._target(*self._args, **self._kwargs)
    │    │        │    │        │    └ {}
    │    │        │    │        └ <Thread(Thread-91, started daemon 139934656620288)>
    │    │        │    └ ('ProjectManager.run_func_by_thread',)
    │    │        └ <Thread(Thread-91, started daemon 139934656620288)>
    │    └ <bound method ProjectManager.get_request_from_keywords_hot of <monitor.projectManager.ProjectManager object at 0x7f457182e160>>
    └ <Thread(Thread-91, started daemon 139934656620288)>

  File "/home/users/Scy/yuqing/spider/monitor/projectManager.py", line 795, in get_request_from_keywords_hot
    self.search_spider_manager.crawl_by_keyword(
    │    │                     └ <function SearchSpidersManager.crawl_by_keyword at 0x7f4571832040>
    │    └ <monitor.spiderManager.SearchSpidersManager object at 0x7f4571441610>
    └ <monitor.projectManager.ProjectManager object at 0x7f457182e160>

  File "/home/users/Scy/yuqing/spider/monitor/spiderManager.py", line 118, in crawl_by_keyword
    self.crawl_by_keyword_signal_platform(project_names, platform, keyword, crawl_time, project_times)
    │    │                                │              │         │        │           └ {'default': <monitor.TimeSection object at 0x7f4571558ac0>}
    │    │                                │              │         │        └ <monitor.TimeSection object at 0x7f45281f53d0>
    │    │                                │              │         └ '中国援助新冠疫苗和医疗设备运抵贝宁'
    │    │                                │              └ '求是'
    │    │                                └ ['default']
    │    └ <function SearchSpidersManager.crawl_by_keyword_signal_platform at 0x7f45718320d0>
    └ <monitor.spiderManager.SearchSpidersManager object at 0x7f4571441610>

  File "/home/users/Scy/yuqing/spider/monitor/spiderManager.py", line 134, in crawl_by_keyword_signal_platform
    requests = self.get_request_from_keyword(platform, keyword, **crawl_time.to_dict())
               │    │                        │         │          │          └ <function TimeSection.to_dict at 0x7f46697d5550>
               │    │                        │         │          └ <monitor.TimeSection object at 0x7f45281f53d0>
               │    │                        │         └ '中国援助新冠疫苗和医疗设备运抵贝宁'
               │    │                        └ '求是'
               │    └ <function SearchSpidersManager.get_request_from_keyword at 0x7f45718321f0>
               └ <monitor.spiderManager.SearchSpidersManager object at 0x7f4571441610>

  File "/home/users/Scy/yuqing/spider/monitor/spiderManager.py", line 191, in get_request_from_keyword
    for request in self.spiders[platform].get_request_from_keyword(headers, search_url, keyword, content_url,
        │          │    │       │                                  │        │           │        └ <string.Template object at 0x7f42e375c3d0>
        │          │    │       │                                  │        │           └ '中国援助新冠疫苗和医疗设备运抵贝宁'
        │          │    │       │                                  │        └ <string.Template object at 0x7f42e375cfa0>
        │          │    │       │                                  └ {'Connection': 'keep-alive', 'Cache-Control': 'max-age=0', 'Upgrade-Insecure-Requests': '1', 'User-Agent': 'Mozilla/5.0 (Wind...
        │          │    │       └ '求是'
        │          │    └ {'凤凰网': <monitor.searchSpiders.ifeng.Ifeng object at 0x7f4571441d60>, '头条': <monitor.searchSpiders.toutiao.Toutiao object at ...
        │          └ <monitor.spiderManager.SearchSpidersManager object at 0x7f4571441610>
        └ <GET http://www.qstheory.cn/qshyjx/2022-02/18/c_1128389274.htm>

> File "/home/users/Scy/yuqing/spider/monitor/searchSpiders/qiushi.py", line 29, in get_request_from_keyword
    url = res['url']
          └ {'des': "题：向着复兴梦想的<font color='red'>新</font>跨越——新时代<font color='red'>中国</font>经济社会发展述评\u30002020年11月10日，<font color='red'>中国<...

TypeError: 'NoneType' object is not subscriptable
2022-05-11 23:15:56.385 | ERROR    | monitor.searchSpiders.qiushi:get_request_from_keyword:36 - E 求是错误'NoneType' object is not subscriptable
Traceback (most recent call last):

  File "/usr/lib/python3.8/threading.py", line 890, in _bootstrap
    self._bootstrap_inner()
    │    └ <function Thread._bootstrap_inner at 0x7f4689341a60>
    └ <Thread(Thread-1806, started daemon 139925638452992)>
  File "/usr/lib/python3.8/threading.py", line 932, in _bootstrap_inner
    self.run()
    │    └ <function Thread.run at 0x7f4689341790>
    └ <Thread(Thread-1806, started daemon 139925638452992)>
  File "/usr/lib/python3.8/threading.py", line 870, in run
    self._target(*self._args, **self._kwargs)
    │    │        │    │        │    └ {}
    │    │        │    │        └ <Thread(Thread-1806, started daemon 139925638452992)>
    │    │        │    └ ('ProjectManager.run_func_by_thread',)
    │    │        └ <Thread(Thread-1806, started daemon 139925638452992)>
    │    └ <bound method ProjectManager.get_request_from_keywords_hot of <monitor.projectManager.ProjectManager object at 0x7f457182e160>>
    └ <Thread(Thread-1806, started daemon 139925638452992)>

  File "/home/users/Scy/yuqing/spider/monitor/projectManager.py", line 795, in get_request_from_keywords_hot
    self.search_spider_manager.crawl_by_keyword(
    │    │                     └ <function SearchSpidersManager.crawl_by_keyword at 0x7f4571832040>
    │    └ <monitor.spiderManager.SearchSpidersManager object at 0x7f4571441610>
    └ <monitor.projectManager.ProjectManager object at 0x7f457182e160>

  File "/home/users/Scy/yuqing/spider/monitor/spiderManager.py", line 118, in crawl_by_keyword
    self.crawl_by_keyword_signal_platform(project_names, platform, keyword, crawl_time, project_times)
    │    │                                │              │         │        │           └ {'default': <monitor.TimeSection object at 0x7f4571558ac0>}
    │    │                                │              │         │        └ <monitor.TimeSection object at 0x7f45113af430>
    │    │                                │              │         └ '美国无权让世界为其战略私利埋单（观象台）'
    │    │                                │              └ '求是'
    │    │                                └ ['default']
    │    └ <function SearchSpidersManager.crawl_by_keyword_signal_platform at 0x7f45718320d0>
    └ <monitor.spiderManager.SearchSpidersManager object at 0x7f4571441610>

  File "/home/users/Scy/yuqing/spider/monitor/spiderManager.py", line 134, in crawl_by_keyword_signal_platform
    requests = self.get_request_from_keyword(platform, keyword, **crawl_time.to_dict())
               │    │                        │         │          │          └ <function TimeSection.to_dict at 0x7f46697d5550>
               │    │                        │         │          └ <monitor.TimeSection object at 0x7f45113af430>
               │    │                        │         └ '美国无权让世界为其战略私利埋单（观象台）'
               │    │                        └ '求是'
               │    └ <function SearchSpidersManager.get_request_from_keyword at 0x7f45718321f0>
               └ <monitor.spiderManager.SearchSpidersManager object at 0x7f4571441610>

  File "/home/users/Scy/yuqing/spider/monitor/spiderManager.py", line 191, in get_request_from_keyword
    for request in self.spiders[platform].get_request_from_keyword(headers, search_url, keyword, content_url,
        │          │    │       │                                  │        │           │        └ <string.Template object at 0x7f43767816a0>
        │          │    │       │                                  │        │           └ '美国无权让世界为其战略私利埋单（观象台）'
        │          │    │       │                                  │        └ <string.Template object at 0x7f434d41e9d0>
        │          │    │       │                                  └ {'Connection': 'keep-alive', 'Cache-Control': 'max-age=0', 'Upgrade-Insecure-Requests': '1', 'User-Agent': 'Mozilla/5.0 (Wind...
        │          │    │       └ '求是'
        │          │    └ {'凤凰网': <monitor.searchSpiders.ifeng.Ifeng object at 0x7f4571441d60>, '头条': <monitor.searchSpiders.toutiao.Toutiao object at ...
        │          └ <monitor.spiderManager.SearchSpidersManager object at 0x7f4571441610>
        └ <GET http://www.qstheory.cn/laigao/ycjx/2022-04/04/c_1128531597.htm>

> File "/home/users/Scy/yuqing/spider/monitor/searchSpiders/qiushi.py", line 29, in get_request_from_keyword
    url = res['url']
          └ {'des': None, 'pubtime': '2022-04-04 15:39:22', 'author': '是说新语', 'sitename': '求是网 ', 'title': "以习近平同志<font color='red'>为</fo...

TypeError: 'NoneType' object is not subscriptable
2022-05-11 23:22:32.508 | ERROR    | monitor.searchSpiders.qiushi:get_request_from_keyword:36 - E 求是错误'NoneType' object is not subscriptable
Traceback (most recent call last):

  File "/usr/lib/python3.8/threading.py", line 890, in _bootstrap
    self._bootstrap_inner()
    │    └ <function Thread._bootstrap_inner at 0x7f4689341a60>
    └ <Thread(Thread-1260, started daemon 139926916093696)>
  File "/usr/lib/python3.8/threading.py", line 932, in _bootstrap_inner
    self.run()
    │    └ <function Thread.run at 0x7f4689341790>
    └ <Thread(Thread-1260, started daemon 139926916093696)>
  File "/usr/lib/python3.8/threading.py", line 870, in run
    self._target(*self._args, **self._kwargs)
    │    │        │    │        │    └ {}
    │    │        │    │        └ <Thread(Thread-1260, started daemon 139926916093696)>
    │    │        │    └ ('ProjectManager.run_func_by_thread',)
    │    │        └ <Thread(Thread-1260, started daemon 139926916093696)>
    │    └ <bound method ProjectManager.get_request_from_keywords_hot of <monitor.projectManager.ProjectManager object at 0x7f457182e160>>
    └ <Thread(Thread-1260, started daemon 139926916093696)>

  File "/home/users/Scy/yuqing/spider/monitor/projectManager.py", line 795, in get_request_from_keywords_hot
    self.search_spider_manager.crawl_by_keyword(
    │    │                     └ <function SearchSpidersManager.crawl_by_keyword at 0x7f4571832040>
    │    └ <monitor.spiderManager.SearchSpidersManager object at 0x7f4571441610>
    └ <monitor.projectManager.ProjectManager object at 0x7f457182e160>

  File "/home/users/Scy/yuqing/spider/monitor/spiderManager.py", line 118, in crawl_by_keyword
    self.crawl_by_keyword_signal_platform(project_names, platform, keyword, crawl_time, project_times)
    │    │                                │              │         │        │           └ {'default': <monitor.TimeSection object at 0x7f4571558ac0>}
    │    │                                │              │         │        └ <monitor.TimeSection object at 0x7f441004e160>
    │    │                                │              │         └ '美研究认为奥密克戎毒性与以往新冠病毒变异株一样强'
    │    │                                │              └ '求是'
    │    │                                └ ['default']
    │    └ <function SearchSpidersManager.crawl_by_keyword_signal_platform at 0x7f45718320d0>
    └ <monitor.spiderManager.SearchSpidersManager object at 0x7f4571441610>

  File "/home/users/Scy/yuqing/spider/monitor/spiderManager.py", line 134, in crawl_by_keyword_signal_platform
    requests = self.get_request_from_keyword(platform, keyword, **crawl_time.to_dict())
               │    │                        │         │          │          └ <function TimeSection.to_dict at 0x7f46697d5550>
               │    │                        │         │          └ <monitor.TimeSection object at 0x7f441004e160>
               │    │                        │         └ '美研究认为奥密克戎毒性与以往新冠病毒变异株一样强'
               │    │                        └ '求是'
               │    └ <function SearchSpidersManager.get_request_from_keyword at 0x7f45718321f0>
               └ <monitor.spiderManager.SearchSpidersManager object at 0x7f4571441610>

  File "/home/users/Scy/yuqing/spider/monitor/spiderManager.py", line 191, in get_request_from_keyword
    for request in self.spiders[platform].get_request_from_keyword(headers, search_url, keyword, content_url,
        │          │    │       │                                  │        │           │        └ <string.Template object at 0x7f42a002b3a0>
        │          │    │       │                                  │        │           └ '美研究认为奥密克戎毒性与以往新冠病毒变异株一样强'
        │          │    │       │                                  │        └ <string.Template object at 0x7f427c637400>
        │          │    │       │                                  └ {'Connection': 'keep-alive', 'Cache-Control': 'max-age=0', 'Upgrade-Insecure-Requests': '1', 'User-Agent': 'Mozilla/5.0 (Wind...
        │          │    │       └ '求是'
        │          │    └ {'凤凰网': <monitor.searchSpiders.ifeng.Ifeng object at 0x7f4571441d60>, '头条': <monitor.searchSpiders.toutiao.Toutiao object at ...
        │          └ <monitor.spiderManager.SearchSpidersManager object at 0x7f4571441610>
        └ <GET http://www.qstheory.cn/qshyjx/2021-10/25/c_1127992697.htm>

> File "/home/users/Scy/yuqing/spider/monitor/searchSpiders/qiushi.py", line 29, in get_request_from_keyword
    url = res['url']
          └ {'des': "1971年10月25日，联合国大会表决牌上亮出了<font color='red'>一</font>个具有历史意义的投票表决结果：76票赞成、35票", 'pubtime': '2021-10-25 11:34:37', 'auth...

TypeError: 'NoneType' object is not subscriptable
2022-05-11 23:23:48.867 | ERROR    | monitor.searchSpiders.qiushi:get_request_from_keyword:36 - E 求是错误'NoneType' object is not subscriptable
Traceback (most recent call last):

  File "/usr/lib/python3.8/threading.py", line 890, in _bootstrap
    self._bootstrap_inner()
    │    └ <function Thread._bootstrap_inner at 0x7f4689341a60>
    └ <Thread(Thread-4114, started daemon 139926552368896)>
  File "/usr/lib/python3.8/threading.py", line 932, in _bootstrap_inner
    self.run()
    │    └ <function Thread.run at 0x7f4689341790>
    └ <Thread(Thread-4114, started daemon 139926552368896)>
  File "/usr/lib/python3.8/threading.py", line 870, in run
    self._target(*self._args, **self._kwargs)
    │    │        │    │        │    └ {}
    │    │        │    │        └ <Thread(Thread-4114, started daemon 139926552368896)>
    │    │        │    └ ('ProjectManager.run_func_by_thread',)
    │    │        └ <Thread(Thread-4114, started daemon 139926552368896)>
    │    └ <bound method ProjectManager.get_request_from_keywords_hot of <monitor.projectManager.ProjectManager object at 0x7f457182e160>>
    └ <Thread(Thread-4114, started daemon 139926552368896)>

  File "/home/users/Scy/yuqing/spider/monitor/projectManager.py", line 795, in get_request_from_keywords_hot
    self.search_spider_manager.crawl_by_keyword(
    │    │                     └ <function SearchSpidersManager.crawl_by_keyword at 0x7f4571832040>
    │    └ <monitor.spiderManager.SearchSpidersManager object at 0x7f4571441610>
    └ <monitor.projectManager.ProjectManager object at 0x7f457182e160>

  File "/home/users/Scy/yuqing/spider/monitor/spiderManager.py", line 118, in crawl_by_keyword
    self.crawl_by_keyword_signal_platform(project_names, platform, keyword, crawl_time, project_times)
    │    │                                │              │         │        │           └ {'default': <monitor.TimeSection object at 0x7f4571558ac0>}
    │    │                                │              │         │        └ <monitor.TimeSection object at 0x7f454539fc10>
    │    │                                │              │         └ '习近平主席特别代表、国家副主席王岐山将出席韩国总统就职…'
    │    │                                │              └ '求是'
    │    │                                └ ['default']
    │    └ <function SearchSpidersManager.crawl_by_keyword_signal_platform at 0x7f45718320d0>
    └ <monitor.spiderManager.SearchSpidersManager object at 0x7f4571441610>

  File "/home/users/Scy/yuqing/spider/monitor/spiderManager.py", line 134, in crawl_by_keyword_signal_platform
    requests = self.get_request_from_keyword(platform, keyword, **crawl_time.to_dict())
               │    │                        │         │          │          └ <function TimeSection.to_dict at 0x7f46697d5550>
               │    │                        │         │          └ <monitor.TimeSection object at 0x7f454539fc10>
               │    │                        │         └ '习近平主席特别代表、国家副主席王岐山将出席韩国总统就职…'
               │    │                        └ '求是'
               │    └ <function SearchSpidersManager.get_request_from_keyword at 0x7f45718321f0>
               └ <monitor.spiderManager.SearchSpidersManager object at 0x7f4571441610>

  File "/home/users/Scy/yuqing/spider/monitor/spiderManager.py", line 191, in get_request_from_keyword
    for request in self.spiders[platform].get_request_from_keyword(headers, search_url, keyword, content_url,
        │          │    │       │                                  │        │           │        └ <string.Template object at 0x7f430ef41700>
        │          │    │       │                                  │        │           └ '习近平主席特别代表、国家副主席王岐山将出席韩国总统就职…'
        │          │    │       │                                  │        └ <string.Template object at 0x7f43801d76d0>
        │          │    │       │                                  └ {'Connection': 'keep-alive', 'Cache-Control': 'max-age=0', 'Upgrade-Insecure-Requests': '1', 'User-Agent': 'Mozilla/5.0 (Wind...
        │          │    │       └ '求是'
        │          │    └ {'凤凰网': <monitor.searchSpiders.ifeng.Ifeng object at 0x7f4571441d60>, '头条': <monitor.searchSpiders.toutiao.Toutiao object at ...
        │          └ <monitor.spiderManager.SearchSpidersManager object at 0x7f4571441610>
        └ <GET http://www.qstheory.cn/yaowen/2022-03/06/c_1128443913.htm>

> File "/home/users/Scy/yuqing/spider/monitor/searchSpiders/qiushi.py", line 29, in get_request_from_keyword
    url = res['url']
          └ {'des': "在“三八”国际劳动妇女节即将到来之际，<font color='red'>习近平</font><font color='red'>代表</font>中共中央，向参加全国两会的女<font color='red'>代表</font>、...

TypeError: 'NoneType' object is not subscriptable
2022-05-11 23:24:55.407 | ERROR    | monitor.searchSpiders.qiushi:get_request_from_keyword:36 - E 求是错误'NoneType' object is not subscriptable
Traceback (most recent call last):

  File "/usr/lib/python3.8/threading.py", line 890, in _bootstrap
    self._bootstrap_inner()
    │    └ <function Thread._bootstrap_inner at 0x7f4689341a60>
    └ <Thread(Thread-1345, started daemon 139926686639872)>
  File "/usr/lib/python3.8/threading.py", line 932, in _bootstrap_inner
    self.run()
    │    └ <function Thread.run at 0x7f4689341790>
    └ <Thread(Thread-1345, started daemon 139926686639872)>
  File "/usr/lib/python3.8/threading.py", line 870, in run
    self._target(*self._args, **self._kwargs)
    │    │        │    │        │    └ {}
    │    │        │    │        └ <Thread(Thread-1345, started daemon 139926686639872)>
    │    │        │    └ ('ProjectManager.run_func_by_thread',)
    │    │        └ <Thread(Thread-1345, started daemon 139926686639872)>
    │    └ <bound method ProjectManager.get_request_from_keywords_hot of <monitor.projectManager.ProjectManager object at 0x7f457182e160>>
    └ <Thread(Thread-1345, started daemon 139926686639872)>

  File "/home/users/Scy/yuqing/spider/monitor/projectManager.py", line 795, in get_request_from_keywords_hot
    self.search_spider_manager.crawl_by_keyword(
    │    │                     └ <function SearchSpidersManager.crawl_by_keyword at 0x7f4571832040>
    │    └ <monitor.spiderManager.SearchSpidersManager object at 0x7f4571441610>
    └ <monitor.projectManager.ProjectManager object at 0x7f457182e160>

  File "/home/users/Scy/yuqing/spider/monitor/spiderManager.py", line 118, in crawl_by_keyword
    self.crawl_by_keyword_signal_platform(project_names, platform, keyword, crawl_time, project_times)
    │    │                                │              │         │        │           └ {'default': <monitor.TimeSection object at 0x7f4571558ac0>}
    │    │                                │              │         │        └ <monitor.TimeSection object at 0x7f435031f3a0>
    │    │                                │              │         └ '美研究认为奥密克戎毒性与以往新冠病毒变异株一样强'
    │    │                                │              └ '求是'
    │    │                                └ ['default']
    │    └ <function SearchSpidersManager.crawl_by_keyword_signal_platform at 0x7f45718320d0>
    └ <monitor.spiderManager.SearchSpidersManager object at 0x7f4571441610>

  File "/home/users/Scy/yuqing/spider/monitor/spiderManager.py", line 134, in crawl_by_keyword_signal_platform
    requests = self.get_request_from_keyword(platform, keyword, **crawl_time.to_dict())
               │    │                        │         │          │          └ <function TimeSection.to_dict at 0x7f46697d5550>
               │    │                        │         │          └ <monitor.TimeSection object at 0x7f435031f3a0>
               │    │                        │         └ '美研究认为奥密克戎毒性与以往新冠病毒变异株一样强'
               │    │                        └ '求是'
               │    └ <function SearchSpidersManager.get_request_from_keyword at 0x7f45718321f0>
               └ <monitor.spiderManager.SearchSpidersManager object at 0x7f4571441610>

  File "/home/users/Scy/yuqing/spider/monitor/spiderManager.py", line 191, in get_request_from_keyword
    for request in self.spiders[platform].get_request_from_keyword(headers, search_url, keyword, content_url,
        │          │    │       │                                  │        │           │        └ <string.Template object at 0x7f4482c4f820>
        │          │    │       │                                  │        │           └ '美研究认为奥密克戎毒性与以往新冠病毒变异株一样强'
        │          │    │       │                                  │        └ <string.Template object at 0x7f4544f748b0>
        │          │    │       │                                  └ {'Connection': 'keep-alive', 'Cache-Control': 'max-age=0', 'Upgrade-Insecure-Requests': '1', 'User-Agent': 'Mozilla/5.0 (Wind...
        │          │    │       └ '求是'
        │          │    └ {'凤凰网': <monitor.searchSpiders.ifeng.Ifeng object at 0x7f4571441d60>, '头条': <monitor.searchSpiders.toutiao.Toutiao object at ...
        │          └ <monitor.spiderManager.SearchSpidersManager object at 0x7f4571441610>
        └ <GET http://www.qstheory.cn/zhuanqu/2021-10/12/c_1127950330.htm>

> File "/home/users/Scy/yuqing/spider/monitor/searchSpiders/qiushi.py", line 29, in get_request_from_keyword
    url = res['url']
          └ {'des': None, 'pubtime': '2021-10-12 19:38:19', 'author': '学而时习', 'sitename': '求是网 ', 'title': "开启人类高质量发展<font color='red'>新<...

TypeError: 'NoneType' object is not subscriptable
2022-05-11 23:24:55.414 | ERROR    | monitor.searchSpiders.qiushi:get_request_from_keyword:36 - E 求是错误'NoneType' object is not subscriptable
Traceback (most recent call last):

  File "/usr/lib/python3.8/threading.py", line 890, in _bootstrap
    self._bootstrap_inner()
    │    └ <function Thread._bootstrap_inner at 0x7f4689341a60>
    └ <Thread(Thread-2700, started daemon 139923587221248)>
  File "/usr/lib/python3.8/threading.py", line 932, in _bootstrap_inner
    self.run()
    │    └ <function Thread.run at 0x7f4689341790>
    └ <Thread(Thread-2700, started daemon 139923587221248)>
  File "/usr/lib/python3.8/threading.py", line 870, in run
    self._target(*self._args, **self._kwargs)
    │    │        │    │        │    └ {}
    │    │        │    │        └ <Thread(Thread-2700, started daemon 139923587221248)>
    │    │        │    └ ('ProjectManager.run_func_by_thread',)
    │    │        └ <Thread(Thread-2700, started daemon 139923587221248)>
    │    └ <bound method ProjectManager.get_request_from_keywords_hot of <monitor.projectManager.ProjectManager object at 0x7f457182e160>>
    └ <Thread(Thread-2700, started daemon 139923587221248)>

  File "/home/users/Scy/yuqing/spider/monitor/projectManager.py", line 795, in get_request_from_keywords_hot
    self.search_spider_manager.crawl_by_keyword(
    │    │                     └ <function SearchSpidersManager.crawl_by_keyword at 0x7f4571832040>
    │    └ <monitor.spiderManager.SearchSpidersManager object at 0x7f4571441610>
    └ <monitor.projectManager.ProjectManager object at 0x7f457182e160>

  File "/home/users/Scy/yuqing/spider/monitor/spiderManager.py", line 118, in crawl_by_keyword
    self.crawl_by_keyword_signal_platform(project_names, platform, keyword, crawl_time, project_times)
    │    │                                │              │         │        │           └ {'default': <monitor.TimeSection object at 0x7f4571558ac0>}
    │    │                                │              │         │        └ <monitor.TimeSection object at 0x7f4320f7eac0>
    │    │                                │              │         └ '巴西央行上调基准利率1个百分点 至5年来最高水平'
    │    │                                │              └ '求是'
    │    │                                └ ['default']
    │    └ <function SearchSpidersManager.crawl_by_keyword_signal_platform at 0x7f45718320d0>
    └ <monitor.spiderManager.SearchSpidersManager object at 0x7f4571441610>

  File "/home/users/Scy/yuqing/spider/monitor/spiderManager.py", line 134, in crawl_by_keyword_signal_platform
    requests = self.get_request_from_keyword(platform, keyword, **crawl_time.to_dict())
               │    │                        │         │          │          └ <function TimeSection.to_dict at 0x7f46697d5550>
               │    │                        │         │          └ <monitor.TimeSection object at 0x7f4320f7eac0>
               │    │                        │         └ '巴西央行上调基准利率1个百分点 至5年来最高水平'
               │    │                        └ '求是'
               │    └ <function SearchSpidersManager.get_request_from_keyword at 0x7f45718321f0>
               └ <monitor.spiderManager.SearchSpidersManager object at 0x7f4571441610>

  File "/home/users/Scy/yuqing/spider/monitor/spiderManager.py", line 191, in get_request_from_keyword
    for request in self.spiders[platform].get_request_from_keyword(headers, search_url, keyword, content_url,
        │          │    │       │                                  │        │           │        └ <string.Template object at 0x7f433dc7c1f0>
        │          │    │       │                                  │        │           └ '巴西央行上调基准利率1个百分点 至5年来最高水平'
        │          │    │       │                                  │        └ <string.Template object at 0x7f428f9c8640>
        │          │    │       │                                  └ {'Connection': 'keep-alive', 'Cache-Control': 'max-age=0', 'Upgrade-Insecure-Requests': '1', 'User-Agent': 'Mozilla/5.0 (Wind...
        │          │    │       └ '求是'
        │          │    └ {'凤凰网': <monitor.searchSpiders.ifeng.Ifeng object at 0x7f4571441d60>, '头条': <monitor.searchSpiders.toutiao.Toutiao object at ...
        │          └ <monitor.spiderManager.SearchSpidersManager object at 0x7f4571441610>
        └ <GET http://www.qstheory.cn/qshyjx/2021-09/22/c_1127887988.htm>

> File "/home/users/Scy/yuqing/spider/monitor/searchSpiders/qiushi.py", line 29, in get_request_from_keyword
    url = res['url']
          └ {'des': "习近平总书记在庆祝中国共产党成立100周<font color='red'>年</font>大会上明确提出：“一百<font color='red'>年来</font>，中国共产党团结带领中国人民", 'pubtime': '202...

TypeError: 'NoneType' object is not subscriptable
2022-05-11 23:25:35.619 | ERROR    | monitor.searchSpiders.qiushi:get_request_from_keyword:36 - E 求是错误'NoneType' object is not subscriptable
Traceback (most recent call last):

  File "/usr/lib/python3.8/threading.py", line 890, in _bootstrap
    self._bootstrap_inner()
    │    └ <function Thread._bootstrap_inner at 0x7f4689341a60>
    └ <Thread(Thread-4760, started daemon 139928297309952)>
  File "/usr/lib/python3.8/threading.py", line 932, in _bootstrap_inner
    self.run()
    │    └ <function Thread.run at 0x7f4689341790>
    └ <Thread(Thread-4760, started daemon 139928297309952)>
  File "/usr/lib/python3.8/threading.py", line 870, in run
    self._target(*self._args, **self._kwargs)
    │    │        │    │        │    └ {}
    │    │        │    │        └ <Thread(Thread-4760, started daemon 139928297309952)>
    │    │        │    └ ('ProjectManager.run_func_by_thread',)
    │    │        └ <Thread(Thread-4760, started daemon 139928297309952)>
    │    └ <bound method ProjectManager.get_request_from_keywords_hot of <monitor.projectManager.ProjectManager object at 0x7f457182e160>>
    └ <Thread(Thread-4760, started daemon 139928297309952)>

  File "/home/users/Scy/yuqing/spider/monitor/projectManager.py", line 795, in get_request_from_keywords_hot
    self.search_spider_manager.crawl_by_keyword(
    │    │                     └ <function SearchSpidersManager.crawl_by_keyword at 0x7f4571832040>
    │    └ <monitor.spiderManager.SearchSpidersManager object at 0x7f4571441610>
    └ <monitor.projectManager.ProjectManager object at 0x7f457182e160>

  File "/home/users/Scy/yuqing/spider/monitor/spiderManager.py", line 118, in crawl_by_keyword
    self.crawl_by_keyword_signal_platform(project_names, platform, keyword, crawl_time, project_times)
    │    │                                │              │         │        │           └ {'default': <monitor.TimeSection object at 0x7f4571558ac0>}
    │    │                                │              │         │        └ <monitor.TimeSection object at 0x7f43420772b0>
    │    │                                │              │         └ '习近平主席特别代表、国家副主席王岐山将出席韩国总统就职…'
    │    │                                │              └ '求是'
    │    │                                └ ['default']
    │    └ <function SearchSpidersManager.crawl_by_keyword_signal_platform at 0x7f45718320d0>
    └ <monitor.spiderManager.SearchSpidersManager object at 0x7f4571441610>

  File "/home/users/Scy/yuqing/spider/monitor/spiderManager.py", line 134, in crawl_by_keyword_signal_platform
    requests = self.get_request_from_keyword(platform, keyword, **crawl_time.to_dict())
               │    │                        │         │          │          └ <function TimeSection.to_dict at 0x7f46697d5550>
               │    │                        │         │          └ <monitor.TimeSection object at 0x7f43420772b0>
               │    │                        │         └ '习近平主席特别代表、国家副主席王岐山将出席韩国总统就职…'
               │    │                        └ '求是'
               │    └ <function SearchSpidersManager.get_request_from_keyword at 0x7f45718321f0>
               └ <monitor.spiderManager.SearchSpidersManager object at 0x7f4571441610>

  File "/home/users/Scy/yuqing/spider/monitor/spiderManager.py", line 191, in get_request_from_keyword
    for request in self.spiders[platform].get_request_from_keyword(headers, search_url, keyword, content_url,
        │          │    │       │                                  │        │           │        └ <string.Template object at 0x7f429e0d9ac0>
        │          │    │       │                                  │        │           └ '习近平主席特别代表、国家副主席王岐山将出席韩国总统就职…'
        │          │    │       │                                  │        └ <string.Template object at 0x7f435c1717c0>
        │          │    │       │                                  └ {'Connection': 'keep-alive', 'Cache-Control': 'max-age=0', 'Upgrade-Insecure-Requests': '1', 'User-Agent': 'Mozilla/5.0 (Wind...
        │          │    │       └ '求是'
        │          │    └ {'凤凰网': <monitor.searchSpiders.ifeng.Ifeng object at 0x7f4571441d60>, '头条': <monitor.searchSpiders.toutiao.Toutiao object at ...
        │          └ <monitor.spiderManager.SearchSpidersManager object at 0x7f4571441610>
        └ <GET http://www.qstheory.cn/yaowen/2021-10/26/c_1127995656.htm>

> File "/home/users/Scy/yuqing/spider/monitor/searchSpiders/qiushi.py", line 29, in get_request_from_keyword
    url = res['url']
          └ {'des': "<font color='red'>国家主席</font><font color='red'>习近平</font>10月25日致电米尔济约耶夫，祝贺他再次当选乌兹别克斯坦共和国<font color='red'>总统</font>。...

TypeError: 'NoneType' object is not subscriptable
2022-05-11 23:25:35.624 | ERROR    | monitor.searchSpiders.qiushi:get_request_from_keyword:36 - E 求是错误'NoneType' object is not subscriptable
Traceback (most recent call last):

  File "/usr/lib/python3.8/threading.py", line 890, in _bootstrap
    self._bootstrap_inner()
    │    └ <function Thread._bootstrap_inner at 0x7f4689341a60>
    └ <Thread(Thread-1762, started daemon 139925725513472)>
  File "/usr/lib/python3.8/threading.py", line 932, in _bootstrap_inner
    self.run()
    │    └ <function Thread.run at 0x7f4689341790>
    └ <Thread(Thread-1762, started daemon 139925725513472)>
  File "/usr/lib/python3.8/threading.py", line 870, in run
    self._target(*self._args, **self._kwargs)
    │    │        │    │        │    └ {}
    │    │        │    │        └ <Thread(Thread-1762, started daemon 139925725513472)>
    │    │        │    └ ('ProjectManager.run_func_by_thread',)
    │    │        └ <Thread(Thread-1762, started daemon 139925725513472)>
    │    └ <bound method ProjectManager.get_request_from_keywords_hot of <monitor.projectManager.ProjectManager object at 0x7f457182e160>>
    └ <Thread(Thread-1762, started daemon 139925725513472)>

  File "/home/users/Scy/yuqing/spider/monitor/projectManager.py", line 795, in get_request_from_keywords_hot
    self.search_spider_manager.crawl_by_keyword(
    │    │                     └ <function SearchSpidersManager.crawl_by_keyword at 0x7f4571832040>
    │    └ <monitor.spiderManager.SearchSpidersManager object at 0x7f4571441610>
    └ <monitor.projectManager.ProjectManager object at 0x7f457182e160>

  File "/home/users/Scy/yuqing/spider/monitor/spiderManager.py", line 118, in crawl_by_keyword
    self.crawl_by_keyword_signal_platform(project_names, platform, keyword, crawl_time, project_times)
    │    │                                │              │         │        │           └ {'default': <monitor.TimeSection object at 0x7f4571558ac0>}
    │    │                                │              │         │        └ <monitor.TimeSection object at 0x7f42fc1ca7f0>
    │    │                                │              │         └ '俄国防部宣布连续三天开通亚速钢铁厂人道主义走廊'
    │    │                                │              └ '求是'
    │    │                                └ ['default']
    │    └ <function SearchSpidersManager.crawl_by_keyword_signal_platform at 0x7f45718320d0>
    └ <monitor.spiderManager.SearchSpidersManager object at 0x7f4571441610>

  File "/home/users/Scy/yuqing/spider/monitor/spiderManager.py", line 134, in crawl_by_keyword_signal_platform
    requests = self.get_request_from_keyword(platform, keyword, **crawl_time.to_dict())
               │    │                        │         │          │          └ <function TimeSection.to_dict at 0x7f46697d5550>
               │    │                        │         │          └ <monitor.TimeSection object at 0x7f42fc1ca7f0>
               │    │                        │         └ '俄国防部宣布连续三天开通亚速钢铁厂人道主义走廊'
               │    │                        └ '求是'
               │    └ <function SearchSpidersManager.get_request_from_keyword at 0x7f45718321f0>
               └ <monitor.spiderManager.SearchSpidersManager object at 0x7f4571441610>

  File "/home/users/Scy/yuqing/spider/monitor/spiderManager.py", line 191, in get_request_from_keyword
    for request in self.spiders[platform].get_request_from_keyword(headers, search_url, keyword, content_url,
        │          │    │       │                                  │        │           │        └ <string.Template object at 0x7f42f3e3a520>
        │          │    │       │                                  │        │           └ '俄国防部宣布连续三天开通亚速钢铁厂人道主义走廊'
        │          │    │       │                                  │        └ <string.Template object at 0x7f427c4f3e20>
        │          │    │       │                                  └ {'Connection': 'keep-alive', 'Cache-Control': 'max-age=0', 'Upgrade-Insecure-Requests': '1', 'User-Agent': 'Mozilla/5.0 (Wind...
        │          │    │       └ '求是'
        │          │    └ {'凤凰网': <monitor.searchSpiders.ifeng.Ifeng object at 0x7f4571441d60>, '头条': <monitor.searchSpiders.toutiao.Toutiao object at ...
        │          └ <monitor.spiderManager.SearchSpidersManager object at 0x7f4571441610>
        └ <GET http://www.qstheory.cn/qshyjx/2021-02/05/c_1127066582.htm>

> File "/home/users/Scy/yuqing/spider/monitor/searchSpiders/qiushi.py", line 29, in get_request_from_keyword
    url = res['url']
          └ {'des': '□ 我国经济转型升级正处于关键时期，对服务贸易需求明显加大。□ 整体上看，推动服务贸易高质量发展，离不开更高水平开放环境的支撑，我们既要着力打造以服务贸易为重点的制度型开放新高地，还要推进以服务贸易为重点的区域性自由贸易进程。', ...

TypeError: 'NoneType' object is not subscriptable
2022-05-11 23:28:00.100 | ERROR    | monitor.searchSpiders.qiushi:get_request_from_keyword:36 - E 求是错误'NoneType' object is not subscriptable
Traceback (most recent call last):

  File "/usr/lib/python3.8/threading.py", line 890, in _bootstrap
    self._bootstrap_inner()
    │    └ <function Thread._bootstrap_inner at 0x7f4689341a60>
    └ <Thread(Thread-1214, started daemon 139927005263616)>
  File "/usr/lib/python3.8/threading.py", line 932, in _bootstrap_inner
    self.run()
    │    └ <function Thread.run at 0x7f4689341790>
    └ <Thread(Thread-1214, started daemon 139927005263616)>
  File "/usr/lib/python3.8/threading.py", line 870, in run
    self._target(*self._args, **self._kwargs)
    │    │        │    │        │    └ {}
    │    │        │    │        └ <Thread(Thread-1214, started daemon 139927005263616)>
    │    │        │    └ ('ProjectManager.run_func_by_thread',)
    │    │        └ <Thread(Thread-1214, started daemon 139927005263616)>
    │    └ <bound method ProjectManager.get_request_from_keywords_hot of <monitor.projectManager.ProjectManager object at 0x7f457182e160>>
    └ <Thread(Thread-1214, started daemon 139927005263616)>

  File "/home/users/Scy/yuqing/spider/monitor/projectManager.py", line 795, in get_request_from_keywords_hot
    self.search_spider_manager.crawl_by_keyword(
    │    │                     └ <function SearchSpidersManager.crawl_by_keyword at 0x7f4571832040>
    │    └ <monitor.spiderManager.SearchSpidersManager object at 0x7f4571441610>
    └ <monitor.projectManager.ProjectManager object at 0x7f457182e160>

  File "/home/users/Scy/yuqing/spider/monitor/spiderManager.py", line 118, in crawl_by_keyword
    self.crawl_by_keyword_signal_platform(project_names, platform, keyword, crawl_time, project_times)
    │    │                                │              │         │        │           └ {'default': <monitor.TimeSection object at 0x7f4571558ac0>}
    │    │                                │              │         │        └ <monitor.TimeSection object at 0x7f438c35ac40>
    │    │                                │              │         └ '美研究认为奥密克戎毒性与以往新冠病毒变异株一样强'
    │    │                                │              └ '求是'
    │    │                                └ ['default']
    │    └ <function SearchSpidersManager.crawl_by_keyword_signal_platform at 0x7f45718320d0>
    └ <monitor.spiderManager.SearchSpidersManager object at 0x7f4571441610>

  File "/home/users/Scy/yuqing/spider/monitor/spiderManager.py", line 134, in crawl_by_keyword_signal_platform
    requests = self.get_request_from_keyword(platform, keyword, **crawl_time.to_dict())
               │    │                        │         │          │          └ <function TimeSection.to_dict at 0x7f46697d5550>
               │    │                        │         │          └ <monitor.TimeSection object at 0x7f438c35ac40>
               │    │                        │         └ '美研究认为奥密克戎毒性与以往新冠病毒变异株一样强'
               │    │                        └ '求是'
               │    └ <function SearchSpidersManager.get_request_from_keyword at 0x7f45718321f0>
               └ <monitor.spiderManager.SearchSpidersManager object at 0x7f4571441610>

  File "/home/users/Scy/yuqing/spider/monitor/spiderManager.py", line 191, in get_request_from_keyword
    for request in self.spiders[platform].get_request_from_keyword(headers, search_url, keyword, content_url,
        │          │    │       │                                  │        │           │        └ <string.Template object at 0x7f433e809820>
        │          │    │       │                                  │        │           └ '美研究认为奥密克戎毒性与以往新冠病毒变异株一样强'
        │          │    │       │                                  │        └ <string.Template object at 0x7f4528071e80>
        │          │    │       │                                  └ {'Connection': 'keep-alive', 'Cache-Control': 'max-age=0', 'Upgrade-Insecure-Requests': '1', 'User-Agent': 'Mozilla/5.0 (Wind...
        │          │    │       └ '求是'
        │          │    └ {'凤凰网': <monitor.searchSpiders.ifeng.Ifeng object at 0x7f4571441d60>, '头条': <monitor.searchSpiders.toutiao.Toutiao object at ...
        │          └ <monitor.spiderManager.SearchSpidersManager object at 0x7f4571441610>
        └ <GET http://www.qstheory.cn/laigao/ycjx/2021-01/10/c_1126966948.htm>

> File "/home/users/Scy/yuqing/spider/monitor/searchSpiders/qiushi.py", line 29, in get_request_from_keyword
    url = res['url']
          └ {'des': '2019年1月23日，因长期超负荷工作积劳成疾，福建省宁德市公安局蕉城分局原副局长杨春在单位值班时突发心梗不幸牺牲，年仅49岁。', 'pubtime': '2021-01-10 21:36:05', 'author': '梁佩韵 ...

TypeError: 'NoneType' object is not subscriptable
2022-05-11 23:28:47.453 | ERROR    | monitor.searchSpiders.qiushi:get_request_from_keyword:36 - E 求是错误'NoneType' object is not subscriptable
Traceback (most recent call last):

  File "/usr/lib/python3.8/threading.py", line 890, in _bootstrap
    self._bootstrap_inner()
    │    └ <function Thread._bootstrap_inner at 0x7f4689341a60>
    └ <Thread(Thread-3982, started daemon 139923817215744)>
  File "/usr/lib/python3.8/threading.py", line 932, in _bootstrap_inner
    self.run()
    │    └ <function Thread.run at 0x7f4689341790>
    └ <Thread(Thread-3982, started daemon 139923817215744)>
  File "/usr/lib/python3.8/threading.py", line 870, in run
    self._target(*self._args, **self._kwargs)
    │    │        │    │        │    └ {}
    │    │        │    │        └ <Thread(Thread-3982, started daemon 139923817215744)>
    │    │        │    └ ('ProjectManager.run_func_by_thread',)
    │    │        └ <Thread(Thread-3982, started daemon 139923817215744)>
    │    └ <bound method ProjectManager.get_request_from_keywords_hot of <monitor.projectManager.ProjectManager object at 0x7f457182e160>>
    └ <Thread(Thread-3982, started daemon 139923817215744)>

  File "/home/users/Scy/yuqing/spider/monitor/projectManager.py", line 795, in get_request_from_keywords_hot
    self.search_spider_manager.crawl_by_keyword(
    │    │                     └ <function SearchSpidersManager.crawl_by_keyword at 0x7f4571832040>
    │    └ <monitor.spiderManager.SearchSpidersManager object at 0x7f4571441610>
    └ <monitor.projectManager.ProjectManager object at 0x7f457182e160>

  File "/home/users/Scy/yuqing/spider/monitor/spiderManager.py", line 118, in crawl_by_keyword
    self.crawl_by_keyword_signal_platform(project_names, platform, keyword, crawl_time, project_times)
    │    │                                │              │         │        │           └ {'default': <monitor.TimeSection object at 0x7f4571558ac0>}
    │    │                                │              │         │        └ <monitor.TimeSection object at 0x7f426e412f70>
    │    │                                │              │         └ '习近平主席特别代表、国家副主席王岐山将出席韩国总统就职…'
    │    │                                │              └ '求是'
    │    │                                └ ['default']
    │    └ <function SearchSpidersManager.crawl_by_keyword_signal_platform at 0x7f45718320d0>
    └ <monitor.spiderManager.SearchSpidersManager object at 0x7f4571441610>

  File "/home/users/Scy/yuqing/spider/monitor/spiderManager.py", line 134, in crawl_by_keyword_signal_platform
    requests = self.get_request_from_keyword(platform, keyword, **crawl_time.to_dict())
               │    │                        │         │          │          └ <function TimeSection.to_dict at 0x7f46697d5550>
               │    │                        │         │          └ <monitor.TimeSection object at 0x7f426e412f70>
               │    │                        │         └ '习近平主席特别代表、国家副主席王岐山将出席韩国总统就职…'
               │    │                        └ '求是'
               │    └ <function SearchSpidersManager.get_request_from_keyword at 0x7f45718321f0>
               └ <monitor.spiderManager.SearchSpidersManager object at 0x7f4571441610>

  File "/home/users/Scy/yuqing/spider/monitor/spiderManager.py", line 191, in get_request_from_keyword
    for request in self.spiders[platform].get_request_from_keyword(headers, search_url, keyword, content_url,
        │          │    │       │                                  │        │           │        └ <string.Template object at 0x7f439e16c640>
        │          │    │       │                                  │        │           └ '习近平主席特别代表、国家副主席王岐山将出席韩国总统就职…'
        │          │    │       │                                  │        └ <string.Template object at 0x7f43803e1100>
        │          │    │       │                                  └ {'Connection': 'keep-alive', 'Cache-Control': 'max-age=0', 'Upgrade-Insecure-Requests': '1', 'User-Agent': 'Mozilla/5.0 (Wind...
        │          │    │       └ '求是'
        │          │    └ {'凤凰网': <monitor.searchSpiders.ifeng.Ifeng object at 0x7f4571441d60>, '头条': <monitor.searchSpiders.toutiao.Toutiao object at ...
        │          └ <monitor.spiderManager.SearchSpidersManager object at 0x7f4571441610>
        └ <GET http://www.qstheory.cn/zhuanqu/2021-08/29/c_1127805795.htm>

> File "/home/users/Scy/yuqing/spider/monitor/searchSpiders/qiushi.py", line 29, in get_request_from_keyword
    url = res['url']
          └ {'des': None, 'pubtime': '2021-08-29 09:12:00', 'author': '学而时习', 'sitename': '求是网 ', 'title': "<font color='red'>习近平</font>：...

TypeError: 'NoneType' object is not subscriptable
2022-05-11 23:28:47.464 | ERROR    | monitor.searchSpiders.qiushi:get_request_from_keyword:36 - E 求是错误'NoneType' object is not subscriptable
Traceback (most recent call last):

  File "/usr/lib/python3.8/threading.py", line 890, in _bootstrap
    self._bootstrap_inner()
    │    └ <function Thread._bootstrap_inner at 0x7f4689341a60>
    └ <Thread(Thread-4211, started daemon 139928436037376)>
  File "/usr/lib/python3.8/threading.py", line 932, in _bootstrap_inner
    self.run()
    │    └ <function Thread.run at 0x7f4689341790>
    └ <Thread(Thread-4211, started daemon 139928436037376)>
  File "/usr/lib/python3.8/threading.py", line 870, in run
    self._target(*self._args, **self._kwargs)
    │    │        │    │        │    └ {}
    │    │        │    │        └ <Thread(Thread-4211, started daemon 139928436037376)>
    │    │        │    └ ('ProjectManager.run_func_by_thread',)
    │    │        └ <Thread(Thread-4211, started daemon 139928436037376)>
    │    └ <bound method ProjectManager.get_request_from_keywords_hot of <monitor.projectManager.ProjectManager object at 0x7f457182e160>>
    └ <Thread(Thread-4211, started daemon 139928436037376)>

  File "/home/users/Scy/yuqing/spider/monitor/projectManager.py", line 795, in get_request_from_keywords_hot
    self.search_spider_manager.crawl_by_keyword(
    │    │                     └ <function SearchSpidersManager.crawl_by_keyword at 0x7f4571832040>
    │    └ <monitor.spiderManager.SearchSpidersManager object at 0x7f4571441610>
    └ <monitor.projectManager.ProjectManager object at 0x7f457182e160>

  File "/home/users/Scy/yuqing/spider/monitor/spiderManager.py", line 118, in crawl_by_keyword
    self.crawl_by_keyword_signal_platform(project_names, platform, keyword, crawl_time, project_times)
    │    │                                │              │         │        │           └ {'default': <monitor.TimeSection object at 0x7f4571558ac0>}
    │    │                                │              │         │        └ <monitor.TimeSection object at 0x7f4545f7fbe0>
    │    │                                │              │         └ '习近平主席特别代表、国家副主席王岐山将出席韩国总统就职…'
    │    │                                │              └ '求是'
    │    │                                └ ['default']
    │    └ <function SearchSpidersManager.crawl_by_keyword_signal_platform at 0x7f45718320d0>
    └ <monitor.spiderManager.SearchSpidersManager object at 0x7f4571441610>

  File "/home/users/Scy/yuqing/spider/monitor/spiderManager.py", line 134, in crawl_by_keyword_signal_platform
    requests = self.get_request_from_keyword(platform, keyword, **crawl_time.to_dict())
               │    │                        │         │          │          └ <function TimeSection.to_dict at 0x7f46697d5550>
               │    │                        │         │          └ <monitor.TimeSection object at 0x7f4545f7fbe0>
               │    │                        │         └ '习近平主席特别代表、国家副主席王岐山将出席韩国总统就职…'
               │    │                        └ '求是'
               │    └ <function SearchSpidersManager.get_request_from_keyword at 0x7f45718321f0>
               └ <monitor.spiderManager.SearchSpidersManager object at 0x7f4571441610>

  File "/home/users/Scy/yuqing/spider/monitor/spiderManager.py", line 191, in get_request_from_keyword
    for request in self.spiders[platform].get_request_from_keyword(headers, search_url, keyword, content_url,
        │          │    │       │                                  │        │           │        └ <string.Template object at 0x7f4358405550>
        │          │    │       │                                  │        │           └ '习近平主席特别代表、国家副主席王岐山将出席韩国总统就职…'
        │          │    │       │                                  │        └ <string.Template object at 0x7f433f4e60a0>
        │          │    │       │                                  └ {'Connection': 'keep-alive', 'Cache-Control': 'max-age=0', 'Upgrade-Insecure-Requests': '1', 'User-Agent': 'Mozilla/5.0 (Wind...
        │          │    │       └ '求是'
        │          │    └ {'凤凰网': <monitor.searchSpiders.ifeng.Ifeng object at 0x7f4571441d60>, '头条': <monitor.searchSpiders.toutiao.Toutiao object at ...
        │          └ <monitor.spiderManager.SearchSpidersManager object at 0x7f4571441610>
        └ <GET http://www.qstheory.cn/yaowen/2021-09/17/c_1127873948.htm>

> File "/home/users/Scy/yuqing/spider/monitor/searchSpiders/qiushi.py", line 29, in get_request_from_keyword
    url = res['url']
          └ {'des': "<font color='red'>国家主席</font><font color='red'>习近平</font>17日下午在北京以视频方式<font color='red'>出席</font>上海合作组织成员国元首理事会第二十一次...

TypeError: 'NoneType' object is not subscriptable
2022-05-11 23:29:18.849 | ERROR    | monitor.searchSpiders.qiushi:get_request_from_keyword:36 - E 求是错误'NoneType' object is not subscriptable
Traceback (most recent call last):

  File "/usr/lib/python3.8/threading.py", line 890, in _bootstrap
    self._bootstrap_inner()
    │    └ <function Thread._bootstrap_inner at 0x7f4689341a60>
    └ <Thread(Thread-3859, started daemon 139930772698880)>
  File "/usr/lib/python3.8/threading.py", line 932, in _bootstrap_inner
    self.run()
    │    └ <function Thread.run at 0x7f4689341790>
    └ <Thread(Thread-3859, started daemon 139930772698880)>
  File "/usr/lib/python3.8/threading.py", line 870, in run
    self._target(*self._args, **self._kwargs)
    │    │        │    │        │    └ {}
    │    │        │    │        └ <Thread(Thread-3859, started daemon 139930772698880)>
    │    │        │    └ ('ProjectManager.run_func_by_thread',)
    │    │        └ <Thread(Thread-3859, started daemon 139930772698880)>
    │    └ <bound method ProjectManager.get_request_from_keywords_hot of <monitor.projectManager.ProjectManager object at 0x7f457182e160>>
    └ <Thread(Thread-3859, started daemon 139930772698880)>

  File "/home/users/Scy/yuqing/spider/monitor/projectManager.py", line 795, in get_request_from_keywords_hot
    self.search_spider_manager.crawl_by_keyword(
    │    │                     └ <function SearchSpidersManager.crawl_by_keyword at 0x7f4571832040>
    │    └ <monitor.spiderManager.SearchSpidersManager object at 0x7f4571441610>
    └ <monitor.projectManager.ProjectManager object at 0x7f457182e160>

  File "/home/users/Scy/yuqing/spider/monitor/spiderManager.py", line 118, in crawl_by_keyword
    self.crawl_by_keyword_signal_platform(project_names, platform, keyword, crawl_time, project_times)
    │    │                                │              │         │        │           └ {'default': <monitor.TimeSection object at 0x7f4571558ac0>}
    │    │                                │              │         │        └ <monitor.TimeSection object at 0x7f42e54ef670>
    │    │                                │              │         └ '习近平主席特别代表、国家副主席王岐山将出席韩国总统就职…'
    │    │                                │              └ '求是'
    │    │                                └ ['default']
    │    └ <function SearchSpidersManager.crawl_by_keyword_signal_platform at 0x7f45718320d0>
    └ <monitor.spiderManager.SearchSpidersManager object at 0x7f4571441610>

  File "/home/users/Scy/yuqing/spider/monitor/spiderManager.py", line 134, in crawl_by_keyword_signal_platform
    requests = self.get_request_from_keyword(platform, keyword, **crawl_time.to_dict())
               │    │                        │         │          │          └ <function TimeSection.to_dict at 0x7f46697d5550>
               │    │                        │         │          └ <monitor.TimeSection object at 0x7f42e54ef670>
               │    │                        │         └ '习近平主席特别代表、国家副主席王岐山将出席韩国总统就职…'
               │    │                        └ '求是'
               │    └ <function SearchSpidersManager.get_request_from_keyword at 0x7f45718321f0>
               └ <monitor.spiderManager.SearchSpidersManager object at 0x7f4571441610>

  File "/home/users/Scy/yuqing/spider/monitor/spiderManager.py", line 191, in get_request_from_keyword
    for request in self.spiders[platform].get_request_from_keyword(headers, search_url, keyword, content_url,
        │          │    │       │                                  │        │           │        └ <string.Template object at 0x7f43131009a0>
        │          │    │       │                                  │        │           └ '习近平主席特别代表、国家副主席王岐山将出席韩国总统就职…'
        │          │    │       │                                  │        └ <string.Template object at 0x7f45452077f0>
        │          │    │       │                                  └ {'Connection': 'keep-alive', 'Cache-Control': 'max-age=0', 'Upgrade-Insecure-Requests': '1', 'User-Agent': 'Mozilla/5.0 (Wind...
        │          │    │       └ '求是'
        │          │    └ {'凤凰网': <monitor.searchSpiders.ifeng.Ifeng object at 0x7f4571441d60>, '头条': <monitor.searchSpiders.toutiao.Toutiao object at ...
        │          └ <monitor.spiderManager.SearchSpidersManager object at 0x7f4571441610>
        └ <GET http://www.qstheory.cn/laigao/ycjx/2020-12/03/c_1126818634.htm>

> File "/home/users/Scy/yuqing/spider/monitor/searchSpiders/qiushi.py", line 29, in get_request_from_keyword
    url = res['url']
          └ {'des': None, 'pubtime': '2020-12-03 20:26:45', 'author': '学而时习', 'sitename': '求是网 ', 'title': "如何充分认识我国考古工作的重大成就和重要意义？ <font...

TypeError: 'NoneType' object is not subscriptable
2022-05-11 23:29:34.544 | ERROR    | monitor.searchSpiders.qiushi:get_request_from_keyword:36 - E 求是错误'NoneType' object is not subscriptable
Traceback (most recent call last):

  File "/usr/lib/python3.8/threading.py", line 890, in _bootstrap
    self._bootstrap_inner()
    │    └ <function Thread._bootstrap_inner at 0x7f4689341a60>
    └ <Thread(Thread-3963, started daemon 139925150709504)>
  File "/usr/lib/python3.8/threading.py", line 932, in _bootstrap_inner
    self.run()
    │    └ <function Thread.run at 0x7f4689341790>
    └ <Thread(Thread-3963, started daemon 139925150709504)>
  File "/usr/lib/python3.8/threading.py", line 870, in run
    self._target(*self._args, **self._kwargs)
    │    │        │    │        │    └ {}
    │    │        │    │        └ <Thread(Thread-3963, started daemon 139925150709504)>
    │    │        │    └ ('ProjectManager.run_func_by_thread',)
    │    │        └ <Thread(Thread-3963, started daemon 139925150709504)>
    │    └ <bound method ProjectManager.get_request_from_keywords_hot of <monitor.projectManager.ProjectManager object at 0x7f457182e160>>
    └ <Thread(Thread-3963, started daemon 139925150709504)>

  File "/home/users/Scy/yuqing/spider/monitor/projectManager.py", line 795, in get_request_from_keywords_hot
    self.search_spider_manager.crawl_by_keyword(
    │    │                     └ <function SearchSpidersManager.crawl_by_keyword at 0x7f4571832040>
    │    └ <monitor.spiderManager.SearchSpidersManager object at 0x7f4571441610>
    └ <monitor.projectManager.ProjectManager object at 0x7f457182e160>

  File "/home/users/Scy/yuqing/spider/monitor/spiderManager.py", line 118, in crawl_by_keyword
    self.crawl_by_keyword_signal_platform(project_names, platform, keyword, crawl_time, project_times)
    │    │                                │              │         │        │           └ {'default': <monitor.TimeSection object at 0x7f4571558ac0>}
    │    │                                │              │         │        └ <monitor.TimeSection object at 0x7f435e34b970>
    │    │                                │              │         └ '习近平主席特别代表、国家副主席王岐山将出席韩国总统就职…'
    │    │                                │              └ '求是'
    │    │                                └ ['default']
    │    └ <function SearchSpidersManager.crawl_by_keyword_signal_platform at 0x7f45718320d0>
    └ <monitor.spiderManager.SearchSpidersManager object at 0x7f4571441610>

  File "/home/users/Scy/yuqing/spider/monitor/spiderManager.py", line 134, in crawl_by_keyword_signal_platform
    requests = self.get_request_from_keyword(platform, keyword, **crawl_time.to_dict())
               │    │                        │         │          │          └ <function TimeSection.to_dict at 0x7f46697d5550>
               │    │                        │         │          └ <monitor.TimeSection object at 0x7f435e34b970>
               │    │                        │         └ '习近平主席特别代表、国家副主席王岐山将出席韩国总统就职…'
               │    │                        └ '求是'
               │    └ <function SearchSpidersManager.get_request_from_keyword at 0x7f45718321f0>
               └ <monitor.spiderManager.SearchSpidersManager object at 0x7f4571441610>

  File "/home/users/Scy/yuqing/spider/monitor/spiderManager.py", line 191, in get_request_from_keyword
    for request in self.spiders[platform].get_request_from_keyword(headers, search_url, keyword, content_url,
        │          │    │       │                                  │        │           │        └ <string.Template object at 0x7f42e6c829d0>
        │          │    │       │                                  │        │           └ '习近平主席特别代表、国家副主席王岐山将出席韩国总统就职…'
        │          │    │       │                                  │        └ <string.Template object at 0x7f434e33e970>
        │          │    │       │                                  └ {'Connection': 'keep-alive', 'Cache-Control': 'max-age=0', 'Upgrade-Insecure-Requests': '1', 'User-Agent': 'Mozilla/5.0 (Wind...
        │          │    │       └ '求是'
        │          │    └ {'凤凰网': <monitor.searchSpiders.ifeng.Ifeng object at 0x7f4571441d60>, '头条': <monitor.searchSpiders.toutiao.Toutiao object at ...
        │          └ <monitor.spiderManager.SearchSpidersManager object at 0x7f4571441610>
        └ <GET http://www.qstheory.cn/qshyjx/2021-03/07/c_1127180422.htm>

> File "/home/users/Scy/yuqing/spider/monitor/searchSpiders/qiushi.py", line 29, in get_request_from_keyword
    url = res['url']
          └ {'des': None, 'pubtime': '2021-03-07 16:40:42', 'author': '杜尚泽', 'sitename': '人民网－人民日报 ', 'title': "“我们来共同关心这些教育问题”（微镜头·<font...

TypeError: 'NoneType' object is not subscriptable
2022-05-11 23:29:52.239 | ERROR    | monitor.searchSpiders.qiushi:get_request_from_keyword:36 - E 求是错误'NoneType' object is not subscriptable
Traceback (most recent call last):

  File "/usr/lib/python3.8/threading.py", line 890, in _bootstrap
    self._bootstrap_inner()
    │    └ <function Thread._bootstrap_inner at 0x7f4689341a60>
    └ <Thread(Thread-1233, started daemon 139926979823360)>
  File "/usr/lib/python3.8/threading.py", line 932, in _bootstrap_inner
    self.run()
    │    └ <function Thread.run at 0x7f4689341790>
    └ <Thread(Thread-1233, started daemon 139926979823360)>
  File "/usr/lib/python3.8/threading.py", line 870, in run
    self._target(*self._args, **self._kwargs)
    │    │        │    │        │    └ {}
    │    │        │    │        └ <Thread(Thread-1233, started daemon 139926979823360)>
    │    │        │    └ ('ProjectManager.run_func_by_thread',)
    │    │        └ <Thread(Thread-1233, started daemon 139926979823360)>
    │    └ <bound method ProjectManager.get_request_from_keywords_hot of <monitor.projectManager.ProjectManager object at 0x7f457182e160>>
    └ <Thread(Thread-1233, started daemon 139926979823360)>

  File "/home/users/Scy/yuqing/spider/monitor/projectManager.py", line 795, in get_request_from_keywords_hot
    self.search_spider_manager.crawl_by_keyword(
    │    │                     └ <function SearchSpidersManager.crawl_by_keyword at 0x7f4571832040>
    │    └ <monitor.spiderManager.SearchSpidersManager object at 0x7f4571441610>
    └ <monitor.projectManager.ProjectManager object at 0x7f457182e160>

  File "/home/users/Scy/yuqing/spider/monitor/spiderManager.py", line 118, in crawl_by_keyword
    self.crawl_by_keyword_signal_platform(project_names, platform, keyword, crawl_time, project_times)
    │    │                                │              │         │        │           └ {'default': <monitor.TimeSection object at 0x7f4571558ac0>}
    │    │                                │              │         │        └ <monitor.TimeSection object at 0x7f4393f2dd30>
    │    │                                │              │         └ '美研究认为奥密克戎毒性与以往新冠病毒变异株一样强'
    │    │                                │              └ '求是'
    │    │                                └ ['default']
    │    └ <function SearchSpidersManager.crawl_by_keyword_signal_platform at 0x7f45718320d0>
    └ <monitor.spiderManager.SearchSpidersManager object at 0x7f4571441610>

  File "/home/users/Scy/yuqing/spider/monitor/spiderManager.py", line 134, in crawl_by_keyword_signal_platform
    requests = self.get_request_from_keyword(platform, keyword, **crawl_time.to_dict())
               │    │                        │         │          │          └ <function TimeSection.to_dict at 0x7f46697d5550>
               │    │                        │         │          └ <monitor.TimeSection object at 0x7f4393f2dd30>
               │    │                        │         └ '美研究认为奥密克戎毒性与以往新冠病毒变异株一样强'
               │    │                        └ '求是'
               │    └ <function SearchSpidersManager.get_request_from_keyword at 0x7f45718321f0>
               └ <monitor.spiderManager.SearchSpidersManager object at 0x7f4571441610>

  File "/home/users/Scy/yuqing/spider/monitor/spiderManager.py", line 191, in get_request_from_keyword
    for request in self.spiders[platform].get_request_from_keyword(headers, search_url, keyword, content_url,
        │          │    │       │                                  │        │           │        └ <string.Template object at 0x7f4343d324f0>
        │          │    │       │                                  │        │           └ '美研究认为奥密克戎毒性与以往新冠病毒变异株一样强'
        │          │    │       │                                  │        └ <string.Template object at 0x7f4326c60f70>
        │          │    │       │                                  └ {'Connection': 'keep-alive', 'Cache-Control': 'max-age=0', 'Upgrade-Insecure-Requests': '1', 'User-Agent': 'Mozilla/5.0 (Wind...
        │          │    │       └ '求是'
        │          │    └ {'凤凰网': <monitor.searchSpiders.ifeng.Ifeng object at 0x7f4571441d60>, '头条': <monitor.searchSpiders.toutiao.Toutiao object at ...
        │          └ <monitor.spiderManager.SearchSpidersManager object at 0x7f4571441610>
        └ <GET http://www.qstheory.cn/dukan/qs/2021-01/16/c_1126985877.htm>

> File "/home/users/Scy/yuqing/spider/monitor/searchSpiders/qiushi.py", line 29, in get_request_from_keyword
    url = res['url']
          └ {'des': None, 'pubtime': '2021-01-16 08:26:36', 'author': '王 毅', 'sitename': '《求是》2021/02 ', 'title': "迎难而上 为国担当 奋力开启中国特色大国外交...

TypeError: 'NoneType' object is not subscriptable
2022-05-11 23:29:52.250 | ERROR    | monitor.searchSpiders.qiushi:get_request_from_keyword:36 - E 求是错误'NoneType' object is not subscriptable
Traceback (most recent call last):

  File "/usr/lib/python3.8/threading.py", line 890, in _bootstrap
    self._bootstrap_inner()
    │    └ <function Thread._bootstrap_inner at 0x7f4689341a60>
    └ <Thread(Thread-256, started daemon 139931838048000)>
  File "/usr/lib/python3.8/threading.py", line 932, in _bootstrap_inner
    self.run()
    │    └ <function Thread.run at 0x7f4689341790>
    └ <Thread(Thread-256, started daemon 139931838048000)>
  File "/usr/lib/python3.8/threading.py", line 870, in run
    self._target(*self._args, **self._kwargs)
    │    │        │    │        │    └ {}
    │    │        │    │        └ <Thread(Thread-256, started daemon 139931838048000)>
    │    │        │    └ ('ProjectManager.run_func_by_thread',)
    │    │        └ <Thread(Thread-256, started daemon 139931838048000)>
    │    └ <bound method ProjectManager.get_request_from_keywords_hot of <monitor.projectManager.ProjectManager object at 0x7f457182e160>>
    └ <Thread(Thread-256, started daemon 139931838048000)>

  File "/home/users/Scy/yuqing/spider/monitor/projectManager.py", line 795, in get_request_from_keywords_hot
    self.search_spider_manager.crawl_by_keyword(
    │    │                     └ <function SearchSpidersManager.crawl_by_keyword at 0x7f4571832040>
    │    └ <monitor.spiderManager.SearchSpidersManager object at 0x7f4571441610>
    └ <monitor.projectManager.ProjectManager object at 0x7f457182e160>

  File "/home/users/Scy/yuqing/spider/monitor/spiderManager.py", line 118, in crawl_by_keyword
    self.crawl_by_keyword_signal_platform(project_names, platform, keyword, crawl_time, project_times)
    │    │                                │              │         │        │           └ {'default': <monitor.TimeSection object at 0x7f4571558ac0>}
    │    │                                │              │         │        └ <monitor.TimeSection object at 0x7f44a016f430>
    │    │                                │              │         └ '为何通报防汛抗旱行政责任人？今年防汛抗旱形势如何？——国家防办、应急管理部有关负责人答记者问'
    │    │                                │              └ '求是'
    │    │                                └ ['default']
    │    └ <function SearchSpidersManager.crawl_by_keyword_signal_platform at 0x7f45718320d0>
    └ <monitor.spiderManager.SearchSpidersManager object at 0x7f4571441610>

  File "/home/users/Scy/yuqing/spider/monitor/spiderManager.py", line 134, in crawl_by_keyword_signal_platform
    requests = self.get_request_from_keyword(platform, keyword, **crawl_time.to_dict())
               │    │                        │         │          │          └ <function TimeSection.to_dict at 0x7f46697d5550>
               │    │                        │         │          └ <monitor.TimeSection object at 0x7f44a016f430>
               │    │                        │         └ '为何通报防汛抗旱行政责任人？今年防汛抗旱形势如何？——国家防办、应急管理部有关负责人答记者问'
               │    │                        └ '求是'
               │    └ <function SearchSpidersManager.get_request_from_keyword at 0x7f45718321f0>
               └ <monitor.spiderManager.SearchSpidersManager object at 0x7f4571441610>

  File "/home/users/Scy/yuqing/spider/monitor/spiderManager.py", line 191, in get_request_from_keyword
    for request in self.spiders[platform].get_request_from_keyword(headers, search_url, keyword, content_url,
        │          │    │       │                                  │        │           │        └ <string.Template object at 0x7f43211069a0>
        │          │    │       │                                  │        │           └ '为何通报防汛抗旱行政责任人？今年防汛抗旱形势如何？——国家防办、应急管理部有关负责人答记者问'
        │          │    │       │                                  │        └ <string.Template object at 0x7f4481696d00>
        │          │    │       │                                  └ {'Connection': 'keep-alive', 'Cache-Control': 'max-age=0', 'Upgrade-Insecure-Requests': '1', 'User-Agent': 'Mozilla/5.0 (Wind...
        │          │    │       └ '求是'
        │          │    └ {'凤凰网': <monitor.searchSpiders.ifeng.Ifeng object at 0x7f4571441d60>, '头条': <monitor.searchSpiders.toutiao.Toutiao object at ...
        │          └ <monitor.spiderManager.SearchSpidersManager object at 0x7f4571441610>
        └ <GET http://www.qstheory.cn/qshyjx/2020-11/13/c_1126734415.htm>

> File "/home/users/Scy/yuqing/spider/monitor/searchSpiders/qiushi.py", line 29, in get_request_from_keyword
    url = res['url']
          └ {'des': "“十四五”时期是我国全面建设社会主义现代化<font color='red'>国家</font>新征程的开局起步期，是实现中华民族伟大复兴进程中", 'pubtime': '2020-11-13 09:27:50', 'author...

TypeError: 'NoneType' object is not subscriptable
2022-05-11 23:29:56.797 | ERROR    | monitor.searchSpiders.qiushi:get_request_from_keyword:36 - E 求是错误'NoneType' object is not subscriptable
Traceback (most recent call last):

  File "/usr/lib/python3.8/threading.py", line 890, in _bootstrap
    self._bootstrap_inner()
    │    └ <function Thread._bootstrap_inner at 0x7f4689341a60>
    └ <Thread(Thread-3887, started daemon 139922993014528)>
  File "/usr/lib/python3.8/threading.py", line 932, in _bootstrap_inner
    self.run()
    │    └ <function Thread.run at 0x7f4689341790>
    └ <Thread(Thread-3887, started daemon 139922993014528)>
  File "/usr/lib/python3.8/threading.py", line 870, in run
    self._target(*self._args, **self._kwargs)
    │    │        │    │        │    └ {}
    │    │        │    │        └ <Thread(Thread-3887, started daemon 139922993014528)>
    │    │        │    └ ('ProjectManager.run_func_by_thread',)
    │    │        └ <Thread(Thread-3887, started daemon 139922993014528)>
    │    └ <bound method ProjectManager.get_request_from_keywords_hot of <monitor.projectManager.ProjectManager object at 0x7f457182e160>>
    └ <Thread(Thread-3887, started daemon 139922993014528)>

  File "/home/users/Scy/yuqing/spider/monitor/projectManager.py", line 795, in get_request_from_keywords_hot
    self.search_spider_manager.crawl_by_keyword(
    │    │                     └ <function SearchSpidersManager.crawl_by_keyword at 0x7f4571832040>
    │    └ <monitor.spiderManager.SearchSpidersManager object at 0x7f4571441610>
    └ <monitor.projectManager.ProjectManager object at 0x7f457182e160>

  File "/home/users/Scy/yuqing/spider/monitor/spiderManager.py", line 118, in crawl_by_keyword
    self.crawl_by_keyword_signal_platform(project_names, platform, keyword, crawl_time, project_times)
    │    │                                │              │         │        │           └ {'default': <monitor.TimeSection object at 0x7f4571558ac0>}
    │    │                                │              │         │        └ <monitor.TimeSection object at 0x7f42a7cba8b0>
    │    │                                │              │         └ '习近平主席特别代表、国家副主席王岐山将出席韩国总统就职…'
    │    │                                │              └ '求是'
    │    │                                └ ['default']
    │    └ <function SearchSpidersManager.crawl_by_keyword_signal_platform at 0x7f45718320d0>
    └ <monitor.spiderManager.SearchSpidersManager object at 0x7f4571441610>

  File "/home/users/Scy/yuqing/spider/monitor/spiderManager.py", line 134, in crawl_by_keyword_signal_platform
    requests = self.get_request_from_keyword(platform, keyword, **crawl_time.to_dict())
               │    │                        │         │          │          └ <function TimeSection.to_dict at 0x7f46697d5550>
               │    │                        │         │          └ <monitor.TimeSection object at 0x7f42a7cba8b0>
               │    │                        │         └ '习近平主席特别代表、国家副主席王岐山将出席韩国总统就职…'
               │    │                        └ '求是'
               │    └ <function SearchSpidersManager.get_request_from_keyword at 0x7f45718321f0>
               └ <monitor.spiderManager.SearchSpidersManager object at 0x7f4571441610>

  File "/home/users/Scy/yuqing/spider/monitor/spiderManager.py", line 191, in get_request_from_keyword
    for request in self.spiders[platform].get_request_from_keyword(headers, search_url, keyword, content_url,
        │          │    │       │                                  │        │           │        └ <string.Template object at 0x7f42a6601f10>
        │          │    │       │                                  │        │           └ '习近平主席特别代表、国家副主席王岐山将出席韩国总统就职…'
        │          │    │       │                                  │        └ <string.Template object at 0x7f42dfa07970>
        │          │    │       │                                  └ {'Connection': 'keep-alive', 'Cache-Control': 'max-age=0', 'Upgrade-Insecure-Requests': '1', 'User-Agent': 'Mozilla/5.0 (Wind...
        │          │    │       └ '求是'
        │          │    └ {'凤凰网': <monitor.searchSpiders.ifeng.Ifeng object at 0x7f4571441d60>, '头条': <monitor.searchSpiders.toutiao.Toutiao object at ...
        │          └ <monitor.spiderManager.SearchSpidersManager object at 0x7f4571441610>
        └ <GET http://www.qstheory.cn/dt/2021-07/15/c_1127659595.htm>

> File "/home/users/Scy/yuqing/spider/monitor/searchSpiders/qiushi.py", line 29, in get_request_from_keyword
    url = res['url']
          └ {'des': None, 'pubtime': '2021-07-15 20:38:10', 'author': None, 'sitename': '央视新闻 ', 'title': "【新闻联播】《求是》杂志发表<font color='red...

TypeError: 'NoneType' object is not subscriptable
2022-05-11 23:29:56.799 | ERROR    | monitor.searchSpiders.qiushi:get_request_from_keyword:36 - E 求是错误'NoneType' object is not subscriptable
Traceback (most recent call last):

  File "/usr/lib/python3.8/threading.py", line 890, in _bootstrap
    self._bootstrap_inner()
    │    └ <function Thread._bootstrap_inner at 0x7f4689341a60>
    └ <Thread(Thread-4317, started daemon 139924911548160)>
  File "/usr/lib/python3.8/threading.py", line 932, in _bootstrap_inner
    self.run()
    │    └ <function Thread.run at 0x7f4689341790>
    └ <Thread(Thread-4317, started daemon 139924911548160)>
  File "/usr/lib/python3.8/threading.py", line 870, in run
    self._target(*self._args, **self._kwargs)
    │    │        │    │        │    └ {}
    │    │        │    │        └ <Thread(Thread-4317, started daemon 139924911548160)>
    │    │        │    └ ('ProjectManager.run_func_by_thread',)
    │    │        └ <Thread(Thread-4317, started daemon 139924911548160)>
    │    └ <bound method ProjectManager.get_request_from_keywords_hot of <monitor.projectManager.ProjectManager object at 0x7f457182e160>>
    └ <Thread(Thread-4317, started daemon 139924911548160)>

  File "/home/users/Scy/yuqing/spider/monitor/projectManager.py", line 795, in get_request_from_keywords_hot
    self.search_spider_manager.crawl_by_keyword(
    │    │                     └ <function SearchSpidersManager.crawl_by_keyword at 0x7f4571832040>
    │    └ <monitor.spiderManager.SearchSpidersManager object at 0x7f4571441610>
    └ <monitor.projectManager.ProjectManager object at 0x7f457182e160>

  File "/home/users/Scy/yuqing/spider/monitor/spiderManager.py", line 118, in crawl_by_keyword
    self.crawl_by_keyword_signal_platform(project_names, platform, keyword, crawl_time, project_times)
    │    │                                │              │         │        │           └ {'default': <monitor.TimeSection object at 0x7f4571558ac0>}
    │    │                                │              │         │        └ <monitor.TimeSection object at 0x7f428e259be0>
    │    │                                │              │         └ '习近平主席特别代表、国家副主席王岐山将出席韩国总统就职…'
    │    │                                │              └ '求是'
    │    │                                └ ['default']
    │    └ <function SearchSpidersManager.crawl_by_keyword_signal_platform at 0x7f45718320d0>
    └ <monitor.spiderManager.SearchSpidersManager object at 0x7f4571441610>

  File "/home/users/Scy/yuqing/spider/monitor/spiderManager.py", line 134, in crawl_by_keyword_signal_platform
    requests = self.get_request_from_keyword(platform, keyword, **crawl_time.to_dict())
               │    │                        │         │          │          └ <function TimeSection.to_dict at 0x7f46697d5550>
               │    │                        │         │          └ <monitor.TimeSection object at 0x7f428e259be0>
               │    │                        │         └ '习近平主席特别代表、国家副主席王岐山将出席韩国总统就职…'
               │    │                        └ '求是'
               │    └ <function SearchSpidersManager.get_request_from_keyword at 0x7f45718321f0>
               └ <monitor.spiderManager.SearchSpidersManager object at 0x7f4571441610>

  File "/home/users/Scy/yuqing/spider/monitor/spiderManager.py", line 191, in get_request_from_keyword
    for request in self.spiders[platform].get_request_from_keyword(headers, search_url, keyword, content_url,
        │          │    │       │                                  │        │           │        └ <string.Template object at 0x7f42cdf58ca0>
        │          │    │       │                                  │        │           └ '习近平主席特别代表、国家副主席王岐山将出席韩国总统就职…'
        │          │    │       │                                  │        └ <string.Template object at 0x7f427bf6fc40>
        │          │    │       │                                  └ {'Connection': 'keep-alive', 'Cache-Control': 'max-age=0', 'Upgrade-Insecure-Requests': '1', 'User-Agent': 'Mozilla/5.0 (Wind...
        │          │    │       └ '求是'
        │          │    └ {'凤凰网': <monitor.searchSpiders.ifeng.Ifeng object at 0x7f4571441d60>, '头条': <monitor.searchSpiders.toutiao.Toutiao object at ...
        │          └ <monitor.spiderManager.SearchSpidersManager object at 0x7f4571441610>
        └ <GET http://www.qstheory.cn/zhuanqu/2021-01/04/c_1126943922.htm>

> File "/home/users/Scy/yuqing/spider/monitor/searchSpiders/qiushi.py", line 29, in get_request_from_keyword
    url = res['url']
          └ {'des': None, 'pubtime': '2021-01-04 11:44:11', 'author': '学而时习', 'sitename': '求是网 ', 'title': "<font color='red'>习近平</font>总...

TypeError: 'NoneType' object is not subscriptable
2022-05-11 23:30:42.292 | ERROR    | monitor.searchSpiders.qiushi:get_request_from_keyword:36 - E 求是错误'NoneType' object is not subscriptable
Traceback (most recent call last):

  File "/usr/lib/python3.8/threading.py", line 890, in _bootstrap
    self._bootstrap_inner()
    │    └ <function Thread._bootstrap_inner at 0x7f4689341a60>
    └ <Thread(Thread-4590, started daemon 139925349996288)>
  File "/usr/lib/python3.8/threading.py", line 932, in _bootstrap_inner
    self.run()
    │    └ <function Thread.run at 0x7f4689341790>
    └ <Thread(Thread-4590, started daemon 139925349996288)>
  File "/usr/lib/python3.8/threading.py", line 870, in run
    self._target(*self._args, **self._kwargs)
    │    │        │    │        │    └ {}
    │    │        │    │        └ <Thread(Thread-4590, started daemon 139925349996288)>
    │    │        │    └ ('ProjectManager.run_func_by_thread',)
    │    │        └ <Thread(Thread-4590, started daemon 139925349996288)>
    │    └ <bound method ProjectManager.get_request_from_keywords_hot of <monitor.projectManager.ProjectManager object at 0x7f457182e160>>
    └ <Thread(Thread-4590, started daemon 139925349996288)>

  File "/home/users/Scy/yuqing/spider/monitor/projectManager.py", line 795, in get_request_from_keywords_hot
    self.search_spider_manager.crawl_by_keyword(
    │    │                     └ <function SearchSpidersManager.crawl_by_keyword at 0x7f4571832040>
    │    └ <monitor.spiderManager.SearchSpidersManager object at 0x7f4571441610>
    └ <monitor.projectManager.ProjectManager object at 0x7f457182e160>

  File "/home/users/Scy/yuqing/spider/monitor/spiderManager.py", line 118, in crawl_by_keyword
    self.crawl_by_keyword_signal_platform(project_names, platform, keyword, crawl_time, project_times)
    │    │                                │              │         │        │           └ {'default': <monitor.TimeSection object at 0x7f4571558ac0>}
    │    │                                │              │         │        └ <monitor.TimeSection object at 0x7f43a9a2f520>
    │    │                                │              │         └ '习近平主席特别代表、国家副主席王岐山将出席韩国总统就职…'
    │    │                                │              └ '求是'
    │    │                                └ ['default']
    │    └ <function SearchSpidersManager.crawl_by_keyword_signal_platform at 0x7f45718320d0>
    └ <monitor.spiderManager.SearchSpidersManager object at 0x7f4571441610>

  File "/home/users/Scy/yuqing/spider/monitor/spiderManager.py", line 134, in crawl_by_keyword_signal_platform
    requests = self.get_request_from_keyword(platform, keyword, **crawl_time.to_dict())
               │    │                        │         │          │          └ <function TimeSection.to_dict at 0x7f46697d5550>
               │    │                        │         │          └ <monitor.TimeSection object at 0x7f43a9a2f520>
               │    │                        │         └ '习近平主席特别代表、国家副主席王岐山将出席韩国总统就职…'
               │    │                        └ '求是'
               │    └ <function SearchSpidersManager.get_request_from_keyword at 0x7f45718321f0>
               └ <monitor.spiderManager.SearchSpidersManager object at 0x7f4571441610>

  File "/home/users/Scy/yuqing/spider/monitor/spiderManager.py", line 191, in get_request_from_keyword
    for request in self.spiders[platform].get_request_from_keyword(headers, search_url, keyword, content_url,
        │          │    │       │                                  │        │           │        └ <string.Template object at 0x7f4397ab8910>
        │          │    │       │                                  │        │           └ '习近平主席特别代表、国家副主席王岐山将出席韩国总统就职…'
        │          │    │       │                                  │        └ <string.Template object at 0x7f427ed3a040>
        │          │    │       │                                  └ {'Connection': 'keep-alive', 'Cache-Control': 'max-age=0', 'Upgrade-Insecure-Requests': '1', 'User-Agent': 'Mozilla/5.0 (Wind...
        │          │    │       └ '求是'
        │          │    └ {'凤凰网': <monitor.searchSpiders.ifeng.Ifeng object at 0x7f4571441d60>, '头条': <monitor.searchSpiders.toutiao.Toutiao object at ...
        │          └ <monitor.spiderManager.SearchSpidersManager object at 0x7f4571441610>
        └ <GET http://www.qstheory.cn/qshyjx/2021-05/11/c_1127431380.htm>

> File "/home/users/Scy/yuqing/spider/monitor/searchSpiders/qiushi.py", line 29, in get_request_from_keyword
    url = res['url']
          └ {'des': '(责编：黄子娟、邓志慧)', 'pubtime': '2021-05-11 10:32:43', 'author': '时习之', 'sitename': '人民网 ', 'title': "重温<font color='red'>...

TypeError: 'NoneType' object is not subscriptable
2022-05-11 23:32:49.635 | ERROR    | monitor.searchSpiders.qiushi:get_request_from_keyword:36 - E 求是错误'NoneType' object is not subscriptable
Traceback (most recent call last):

  File "/usr/lib/python3.8/threading.py", line 890, in _bootstrap
    self._bootstrap_inner()
    │    └ <function Thread._bootstrap_inner at 0x7f4689341a60>
    └ <Thread(Thread-4268, started daemon 139935027279616)>
  File "/usr/lib/python3.8/threading.py", line 932, in _bootstrap_inner
    self.run()
    │    └ <function Thread.run at 0x7f4689341790>
    └ <Thread(Thread-4268, started daemon 139935027279616)>
  File "/usr/lib/python3.8/threading.py", line 870, in run
    self._target(*self._args, **self._kwargs)
    │    │        │    │        │    └ {}
    │    │        │    │        └ <Thread(Thread-4268, started daemon 139935027279616)>
    │    │        │    └ ('ProjectManager.run_func_by_thread',)
    │    │        └ <Thread(Thread-4268, started daemon 139935027279616)>
    │    └ <bound method ProjectManager.get_request_from_keywords_hot of <monitor.projectManager.ProjectManager object at 0x7f457182e160>>
    └ <Thread(Thread-4268, started daemon 139935027279616)>

  File "/home/users/Scy/yuqing/spider/monitor/projectManager.py", line 795, in get_request_from_keywords_hot
    self.search_spider_manager.crawl_by_keyword(
    │    │                     └ <function SearchSpidersManager.crawl_by_keyword at 0x7f4571832040>
    │    └ <monitor.spiderManager.SearchSpidersManager object at 0x7f4571441610>
    └ <monitor.projectManager.ProjectManager object at 0x7f457182e160>

  File "/home/users/Scy/yuqing/spider/monitor/spiderManager.py", line 118, in crawl_by_keyword
    self.crawl_by_keyword_signal_platform(project_names, platform, keyword, crawl_time, project_times)
    │    │                                │              │         │        │           └ {'default': <monitor.TimeSection object at 0x7f4571558ac0>}
    │    │                                │              │         │        └ <monitor.TimeSection object at 0x7f4362f7ab50>
    │    │                                │              │         └ '习近平主席特别代表、国家副主席王岐山将出席韩国总统就职…'
    │    │                                │              └ '求是'
    │    │                                └ ['default']
    │    └ <function SearchSpidersManager.crawl_by_keyword_signal_platform at 0x7f45718320d0>
    └ <monitor.spiderManager.SearchSpidersManager object at 0x7f4571441610>

  File "/home/users/Scy/yuqing/spider/monitor/spiderManager.py", line 134, in crawl_by_keyword_signal_platform
    requests = self.get_request_from_keyword(platform, keyword, **crawl_time.to_dict())
               │    │                        │         │          │          └ <function TimeSection.to_dict at 0x7f46697d5550>
               │    │                        │         │          └ <monitor.TimeSection object at 0x7f4362f7ab50>
               │    │                        │         └ '习近平主席特别代表、国家副主席王岐山将出席韩国总统就职…'
               │    │                        └ '求是'
               │    └ <function SearchSpidersManager.get_request_from_keyword at 0x7f45718321f0>
               └ <monitor.spiderManager.SearchSpidersManager object at 0x7f4571441610>

  File "/home/users/Scy/yuqing/spider/monitor/spiderManager.py", line 191, in get_request_from_keyword
    for request in self.spiders[platform].get_request_from_keyword(headers, search_url, keyword, content_url,
        │          │    │       │                                  │        │           │        └ <string.Template object at 0x7f42585c6be0>
        │          │    │       │                                  │        │           └ '习近平主席特别代表、国家副主席王岐山将出席韩国总统就职…'
        │          │    │       │                                  │        └ <string.Template object at 0x7f426d25a6a0>
        │          │    │       │                                  └ {'Connection': 'keep-alive', 'Cache-Control': 'max-age=0', 'Upgrade-Insecure-Requests': '1', 'User-Agent': 'Mozilla/5.0 (Wind...
        │          │    │       └ '求是'
        │          │    └ {'凤凰网': <monitor.searchSpiders.ifeng.Ifeng object at 0x7f4571441d60>, '头条': <monitor.searchSpiders.toutiao.Toutiao object at ...
        │          └ <monitor.spiderManager.SearchSpidersManager object at 0x7f4571441610>
        └ <GET http://www.qstheory.cn/yaowen/2021-05/21/c_1127476390.htm>

> File "/home/users/Scy/yuqing/spider/monitor/searchSpiders/qiushi.py", line 29, in get_request_from_keyword
    url = res['url']
          └ {'des': None, 'pubtime': '2021-05-21 20:24:57', 'author': None, 'sitename': '新华社微博 ', 'title': "<font color='red'>习近平</font>：...

TypeError: 'NoneType' object is not subscriptable
2022-05-11 23:33:19.547 | ERROR    | monitor.searchSpiders.qiushi:get_request_from_keyword:36 - E 求是错误'NoneType' object is not subscriptable
Traceback (most recent call last):

  File "/usr/lib/python3.8/threading.py", line 890, in _bootstrap
    self._bootstrap_inner()
    │    └ <function Thread._bootstrap_inner at 0x7f4689341a60>
    └ <Thread(Thread-205, started daemon 139932768392960)>
  File "/usr/lib/python3.8/threading.py", line 932, in _bootstrap_inner
    self.run()
    │    └ <function Thread.run at 0x7f4689341790>
    └ <Thread(Thread-205, started daemon 139932768392960)>
  File "/usr/lib/python3.8/threading.py", line 870, in run
    self._target(*self._args, **self._kwargs)
    │    │        │    │        │    └ {}
    │    │        │    │        └ <Thread(Thread-205, started daemon 139932768392960)>
    │    │        │    └ ('ProjectManager.run_func_by_thread',)
    │    │        └ <Thread(Thread-205, started daemon 139932768392960)>
    │    └ <bound method ProjectManager.get_request_from_keywords_hot of <monitor.projectManager.ProjectManager object at 0x7f457182e160>>
    └ <Thread(Thread-205, started daemon 139932768392960)>

  File "/home/users/Scy/yuqing/spider/monitor/projectManager.py", line 795, in get_request_from_keywords_hot
    self.search_spider_manager.crawl_by_keyword(
    │    │                     └ <function SearchSpidersManager.crawl_by_keyword at 0x7f4571832040>
    │    └ <monitor.spiderManager.SearchSpidersManager object at 0x7f4571441610>
    └ <monitor.projectManager.ProjectManager object at 0x7f457182e160>

  File "/home/users/Scy/yuqing/spider/monitor/spiderManager.py", line 118, in crawl_by_keyword
    self.crawl_by_keyword_signal_platform(project_names, platform, keyword, crawl_time, project_times)
    │    │                                │              │         │        │           └ {'default': <monitor.TimeSection object at 0x7f4571558ac0>}
    │    │                                │              │         │        └ <monitor.TimeSection object at 0x7f45626e81f0>
    │    │                                │              │         └ '为何通报防汛抗旱行政责任人？今年防汛抗旱形势如何？——国家防办、应急管理部有关负责人答记者问'
    │    │                                │              └ '求是'
    │    │                                └ ['default']
    │    └ <function SearchSpidersManager.crawl_by_keyword_signal_platform at 0x7f45718320d0>
    └ <monitor.spiderManager.SearchSpidersManager object at 0x7f4571441610>

  File "/home/users/Scy/yuqing/spider/monitor/spiderManager.py", line 134, in crawl_by_keyword_signal_platform
    requests = self.get_request_from_keyword(platform, keyword, **crawl_time.to_dict())
               │    │                        │         │          │          └ <function TimeSection.to_dict at 0x7f46697d5550>
               │    │                        │         │          └ <monitor.TimeSection object at 0x7f45626e81f0>
               │    │                        │         └ '为何通报防汛抗旱行政责任人？今年防汛抗旱形势如何？——国家防办、应急管理部有关负责人答记者问'
               │    │                        └ '求是'
               │    └ <function SearchSpidersManager.get_request_from_keyword at 0x7f45718321f0>
               └ <monitor.spiderManager.SearchSpidersManager object at 0x7f4571441610>

  File "/home/users/Scy/yuqing/spider/monitor/spiderManager.py", line 191, in get_request_from_keyword
    for request in self.spiders[platform].get_request_from_keyword(headers, search_url, keyword, content_url,
        │          │    │       │                                  │        │           │        └ <string.Template object at 0x7f43a6268d00>
        │          │    │       │                                  │        │           └ '为何通报防汛抗旱行政责任人？今年防汛抗旱形势如何？——国家防办、应急管理部有关负责人答记者问'
        │          │    │       │                                  │        └ <string.Template object at 0x7f43119f8f10>
        │          │    │       │                                  └ {'Connection': 'keep-alive', 'Cache-Control': 'max-age=0', 'Upgrade-Insecure-Requests': '1', 'User-Agent': 'Mozilla/5.0 (Wind...
        │          │    │       └ '求是'
        │          │    └ {'凤凰网': <monitor.searchSpiders.ifeng.Ifeng object at 0x7f4571441d60>, '头条': <monitor.searchSpiders.toutiao.Toutiao object at ...
        │          └ <monitor.spiderManager.SearchSpidersManager object at 0x7f4571441610>
        └ <GET http://www.qstheory.cn/llwx/2020-10/16/c_1126618454.htm>

> File "/home/users/Scy/yuqing/spider/monitor/searchSpiders/qiushi.py", line 29, in get_request_from_keyword
    url = res['url']
          └ {'des': None, 'pubtime': '2020-10-16 10:26:36', 'author': '高艳东', 'sitename': '学习时报 ', 'title': "推动健康码从“<font color='red'>应急</...

TypeError: 'NoneType' object is not subscriptable
2022-05-11 23:34:25.576 | ERROR    | monitor.searchSpiders.qiushi:get_request_from_keyword:36 - E 求是错误'NoneType' object is not subscriptable
Traceback (most recent call last):

  File "/usr/lib/python3.8/threading.py", line 890, in _bootstrap
    self._bootstrap_inner()
    │    └ <function Thread._bootstrap_inner at 0x7f4689341a60>
    └ <Thread(Thread-3987, started daemon 139928189531904)>
  File "/usr/lib/python3.8/threading.py", line 932, in _bootstrap_inner
    self.run()
    │    └ <function Thread.run at 0x7f4689341790>
    └ <Thread(Thread-3987, started daemon 139928189531904)>
  File "/usr/lib/python3.8/threading.py", line 870, in run
    self._target(*self._args, **self._kwargs)
    │    │        │    │        │    └ {}
    │    │        │    │        └ <Thread(Thread-3987, started daemon 139928189531904)>
    │    │        │    └ ('ProjectManager.run_func_by_thread',)
    │    │        └ <Thread(Thread-3987, started daemon 139928189531904)>
    │    └ <bound method ProjectManager.get_request_from_keywords_hot of <monitor.projectManager.ProjectManager object at 0x7f457182e160>>
    └ <Thread(Thread-3987, started daemon 139928189531904)>

  File "/home/users/Scy/yuqing/spider/monitor/projectManager.py", line 795, in get_request_from_keywords_hot
    self.search_spider_manager.crawl_by_keyword(
    │    │                     └ <function SearchSpidersManager.crawl_by_keyword at 0x7f4571832040>
    │    └ <monitor.spiderManager.SearchSpidersManager object at 0x7f4571441610>
    └ <monitor.projectManager.ProjectManager object at 0x7f457182e160>

  File "/home/users/Scy/yuqing/spider/monitor/spiderManager.py", line 118, in crawl_by_keyword
    self.crawl_by_keyword_signal_platform(project_names, platform, keyword, crawl_time, project_times)
    │    │                                │              │         │        │           └ {'default': <monitor.TimeSection object at 0x7f4571558ac0>}
    │    │                                │              │         │        └ <monitor.TimeSection object at 0x7f452855cd30>
    │    │                                │              │         └ '习近平主席特别代表、国家副主席王岐山将出席韩国总统就职…'
    │    │                                │              └ '求是'
    │    │                                └ ['default']
    │    └ <function SearchSpidersManager.crawl_by_keyword_signal_platform at 0x7f45718320d0>
    └ <monitor.spiderManager.SearchSpidersManager object at 0x7f4571441610>

  File "/home/users/Scy/yuqing/spider/monitor/spiderManager.py", line 134, in crawl_by_keyword_signal_platform
    requests = self.get_request_from_keyword(platform, keyword, **crawl_time.to_dict())
               │    │                        │         │          │          └ <function TimeSection.to_dict at 0x7f46697d5550>
               │    │                        │         │          └ <monitor.TimeSection object at 0x7f452855cd30>
               │    │                        │         └ '习近平主席特别代表、国家副主席王岐山将出席韩国总统就职…'
               │    │                        └ '求是'
               │    └ <function SearchSpidersManager.get_request_from_keyword at 0x7f45718321f0>
               └ <monitor.spiderManager.SearchSpidersManager object at 0x7f4571441610>

  File "/home/users/Scy/yuqing/spider/monitor/spiderManager.py", line 191, in get_request_from_keyword
    for request in self.spiders[platform].get_request_from_keyword(headers, search_url, keyword, content_url,
        │          │    │       │                                  │        │           │        └ <string.Template object at 0x7f4370b34a60>
        │          │    │       │                                  │        │           └ '习近平主席特别代表、国家副主席王岐山将出席韩国总统就职…'
        │          │    │       │                                  │        └ <string.Template object at 0x7f44a2695940>
        │          │    │       │                                  └ {'Connection': 'keep-alive', 'Cache-Control': 'max-age=0', 'Upgrade-Insecure-Requests': '1', 'User-Agent': 'Mozilla/5.0 (Wind...
        │          │    │       └ '求是'
        │          │    └ {'凤凰网': <monitor.searchSpiders.ifeng.Ifeng object at 0x7f4571441d60>, '头条': <monitor.searchSpiders.toutiao.Toutiao object at ...
        │          └ <monitor.spiderManager.SearchSpidersManager object at 0x7f4571441610>
        └ <GET http://www.qstheory.cn/qshyjx/2020-12/14/c_1126855993.htm>

> File "/home/users/Scy/yuqing/spider/monitor/searchSpiders/qiushi.py", line 29, in get_request_from_keyword
    url = res['url']
          └ {'des': '在悼念死难者、提醒人们不忘历史的同时，也向世界表达中国反对侵略战争，珍爱和平、维护和平的理念。2018年8月15日开始，纪念馆推出“江东门的钟声”仪式教育，邀请每天首批入场的12名参观者，分两组撞响和平大钟13声，寓意牢记这一天，珍...

TypeError: 'NoneType' object is not subscriptable
2022-05-11 23:34:25.587 | ERROR    | monitor.searchSpiders.qiushi:get_request_from_keyword:36 - E 求是错误'NoneType' object is not subscriptable
Traceback (most recent call last):

  File "/usr/lib/python3.8/threading.py", line 890, in _bootstrap
    self._bootstrap_inner()
    │    └ <function Thread._bootstrap_inner at 0x7f4689341a60>
    └ <Thread(Thread-2761, started daemon 139927672403712)>
  File "/usr/lib/python3.8/threading.py", line 932, in _bootstrap_inner
    self.run()
    │    └ <function Thread.run at 0x7f4689341790>
    └ <Thread(Thread-2761, started daemon 139927672403712)>
  File "/usr/lib/python3.8/threading.py", line 870, in run
    self._target(*self._args, **self._kwargs)
    │    │        │    │        │    └ {}
    │    │        │    │        └ <Thread(Thread-2761, started daemon 139927672403712)>
    │    │        │    └ ('ProjectManager.run_func_by_thread',)
    │    │        └ <Thread(Thread-2761, started daemon 139927672403712)>
    │    └ <bound method ProjectManager.get_request_from_keywords_hot of <monitor.projectManager.ProjectManager object at 0x7f457182e160>>
    └ <Thread(Thread-2761, started daemon 139927672403712)>

  File "/home/users/Scy/yuqing/spider/monitor/projectManager.py", line 795, in get_request_from_keywords_hot
    self.search_spider_manager.crawl_by_keyword(
    │    │                     └ <function SearchSpidersManager.crawl_by_keyword at 0x7f4571832040>
    │    └ <monitor.spiderManager.SearchSpidersManager object at 0x7f4571441610>
    └ <monitor.projectManager.ProjectManager object at 0x7f457182e160>

  File "/home/users/Scy/yuqing/spider/monitor/spiderManager.py", line 118, in crawl_by_keyword
    self.crawl_by_keyword_signal_platform(project_names, platform, keyword, crawl_time, project_times)
    │    │                                │              │         │        │           └ {'default': <monitor.TimeSection object at 0x7f4571558ac0>}
    │    │                                │              │         │        └ <monitor.TimeSection object at 0x7f4395243460>
    │    │                                │              │         └ '巴西央行上调基准利率1个百分点 至5年来最高水平'
    │    │                                │              └ '求是'
    │    │                                └ ['default']
    │    └ <function SearchSpidersManager.crawl_by_keyword_signal_platform at 0x7f45718320d0>
    └ <monitor.spiderManager.SearchSpidersManager object at 0x7f4571441610>

  File "/home/users/Scy/yuqing/spider/monitor/spiderManager.py", line 134, in crawl_by_keyword_signal_platform
    requests = self.get_request_from_keyword(platform, keyword, **crawl_time.to_dict())
               │    │                        │         │          │          └ <function TimeSection.to_dict at 0x7f46697d5550>
               │    │                        │         │          └ <monitor.TimeSection object at 0x7f4395243460>
               │    │                        │         └ '巴西央行上调基准利率1个百分点 至5年来最高水平'
               │    │                        └ '求是'
               │    └ <function SearchSpidersManager.get_request_from_keyword at 0x7f45718321f0>
               └ <monitor.spiderManager.SearchSpidersManager object at 0x7f4571441610>

  File "/home/users/Scy/yuqing/spider/monitor/spiderManager.py", line 191, in get_request_from_keyword
    for request in self.spiders[platform].get_request_from_keyword(headers, search_url, keyword, content_url,
        │          │    │       │                                  │        │           │        └ <string.Template object at 0x7f43ac196b50>
        │          │    │       │                                  │        │           └ '巴西央行上调基准利率1个百分点 至5年来最高水平'
        │          │    │       │                                  │        └ <string.Template object at 0x7f44483c2970>
        │          │    │       │                                  └ {'Connection': 'keep-alive', 'Cache-Control': 'max-age=0', 'Upgrade-Insecure-Requests': '1', 'User-Agent': 'Mozilla/5.0 (Wind...
        │          │    │       └ '求是'
        │          │    └ {'凤凰网': <monitor.searchSpiders.ifeng.Ifeng object at 0x7f4571441d60>, '头条': <monitor.searchSpiders.toutiao.Toutiao object at ...
        │          └ <monitor.spiderManager.SearchSpidersManager object at 0x7f4571441610>
        └ <GET http://www.qstheory.cn/qshyjx/2022-01/28/c_1128309494.htm>

> File "/home/users/Scy/yuqing/spider/monitor/searchSpiders/qiushi.py", line 29, in get_request_from_keyword
    url = res['url']
          └ {'des': None, 'pubtime': '2022-01-28 11:19:33', 'author': '刘西山', 'sitename': '解放军报 ', 'title': "正确认识党<font color='red'>百年</fo...

TypeError: 'NoneType' object is not subscriptable
