2022-06-08 02:48:30.841 | ERROR    | monitor.searchSpiders.tieba:get_request_from_keyword:34 - E 贴吧错误HTTPSConnectionPool(host='wappass.baidu.com', port=443): Max retries exceeded with url: /static/captcha/tuxing.html?ak=2ef521ec36290baed33d66de9b16f625&backurl=http%3A%2F%2Ftieba.baidu.com%2Ff%2Fsearch%2Fres%3Fisnew%3D1%26kw%3D%26qw%3D%25E6%25B3%25A2%25E5%2585%25B0%25E5%258D%2597%25E9%2583%25A8%25E6%25B2%25B9%25E8%258F%259C%25E8%258A%25B1%25E7%25BB%25BD%25E6%2594%25BE%25E7%25BE%258E%25E4%25B8%258D%25E8%2583%259C%25E6%2594%25B6%26rn%3D10%26un%3D%26only_thread%3D0%26sm%3D1%26sd%3D%26ed%3D%26pn%3D26&timestamp=1654627710&signature=a3774e917995d7c7b75af962eabaa31a (Caused by SSLError(SSLError(1, '[SSL: SSLV3_ALERT_HANDSHAKE_FAILURE] sslv3 alert handshake failure (_ssl.c:1131)')))
Traceback (most recent call last):

  File "/home/chase/.local/lib/python3.8/site-packages/urllib3/connectionpool.py", line 699, in urlopen
    httplib_response = self._make_request(
                       │    └ <function HTTPConnectionPool._make_request at 0x7fe06b3fed30>
                       └ <urllib3.connectionpool.HTTPSConnectionPool object at 0x7fdcd1e6dbb0>
  File "/home/chase/.local/lib/python3.8/site-packages/urllib3/connectionpool.py", line 382, in _make_request
    self._validate_conn(conn)
    │    │              └ <urllib3.connection.HTTPSConnection object at 0x7fdf10108e50>
    │    └ <function HTTPSConnectionPool._validate_conn at 0x7fe06b3ff280>
    └ <urllib3.connectionpool.HTTPSConnectionPool object at 0x7fdcd1e6dbb0>
  File "/home/chase/.local/lib/python3.8/site-packages/urllib3/connectionpool.py", line 1010, in _validate_conn
    conn.connect()
    │    └ <function HTTPSConnection.connect at 0x7fe06b46d940>
    └ <urllib3.connection.HTTPSConnection object at 0x7fdf10108e50>
  File "/home/chase/.local/lib/python3.8/site-packages/urllib3/connection.py", line 416, in connect
    self.sock = ssl_wrap_socket(
    │    │      └ <function ssl_wrap_socket at 0x7fe06b468670>
    │    └ None
    └ <urllib3.connection.HTTPSConnection object at 0x7fdf10108e50>
  File "/home/chase/.local/lib/python3.8/site-packages/urllib3/util/ssl_.py", line 449, in ssl_wrap_socket
    ssl_sock = _ssl_wrap_socket_impl(
               └ <function _ssl_wrap_socket_impl at 0x7fe06b468820>
  File "/home/chase/.local/lib/python3.8/site-packages/urllib3/util/ssl_.py", line 493, in _ssl_wrap_socket_impl
    return ssl_context.wrap_socket(sock, server_hostname=server_hostname)
           │           │           │                     └ 'wappass.baidu.com'
           │           │           └ <socket.socket [closed] fd=-1, family=AddressFamily.AF_INET, type=SocketKind.SOCK_STREAM, proto=6>
           │           └ <function SSLContext.wrap_socket at 0x7fe08118de50>
           └ <ssl.SSLContext object at 0x7fe06cf62b40>
  File "/usr/lib/python3.8/ssl.py", line 500, in wrap_socket
    return self.sslsocket_class._create(
           │    │               └ <classmethod object at 0x7fe08c8cfaf0>
           │    └ <class 'ssl.SSLSocket'>
           └ <ssl.SSLContext object at 0x7fe06cf62b40>
  File "/usr/lib/python3.8/ssl.py", line 1040, in _create
    self.do_handshake()
    │    └ <function SSLSocket.do_handshake at 0x7fe08c8d2d30>
    └ <ssl.SSLSocket [closed] fd=-1, family=AddressFamily.AF_INET, type=SocketKind.SOCK_STREAM, proto=6>
  File "/usr/lib/python3.8/ssl.py", line 1309, in do_handshake
    self._sslobj.do_handshake()
    │    └ None
    └ <ssl.SSLSocket [closed] fd=-1, family=AddressFamily.AF_INET, type=SocketKind.SOCK_STREAM, proto=6>

ssl.SSLError: [SSL: SSLV3_ALERT_HANDSHAKE_FAILURE] sslv3 alert handshake failure (_ssl.c:1131)


During handling of the above exception, another exception occurred:


Traceback (most recent call last):

  File "/home/chase/.local/lib/python3.8/site-packages/requests/adapters.py", line 439, in send
    resp = conn.urlopen(
           │    └ <function HTTPConnectionPool.urlopen at 0x7fe06b3fef70>
           └ <urllib3.connectionpool.HTTPSConnectionPool object at 0x7fdcd1e6dbb0>
  File "/home/chase/.local/lib/python3.8/site-packages/urllib3/connectionpool.py", line 755, in urlopen
    retries = retries.increment(
              │       └ <function Retry.increment at 0x7fe06b443280>
              └ Retry(total=0, connect=None, read=False, redirect=None, status=None)
  File "/home/chase/.local/lib/python3.8/site-packages/urllib3/util/retry.py", line 574, in increment
    raise MaxRetryError(_pool, url, error or ResponseError(cause))
          │             │      │    │        │             └ 'unknown'
          │             │      │    │        └ <class 'urllib3.exceptions.ResponseError'>
          │             │      │    └ SSLError(SSLError(1, '[SSL: SSLV3_ALERT_HANDSHAKE_FAILURE] sslv3 alert handshake failure (_ssl.c:1131)'))
          │             │      └ '/static/captcha/tuxing.html?ak=2ef521ec36290baed33d66de9b16f625&backurl=http%3A%2F%2Ftieba.baidu.com%2Ff%2Fsearch%2Fres%3Fis...
          │             └ <urllib3.connectionpool.HTTPSConnectionPool object at 0x7fdcd1e6dbb0>
          └ <class 'urllib3.exceptions.MaxRetryError'>

urllib3.exceptions.MaxRetryError: HTTPSConnectionPool(host='wappass.baidu.com', port=443): Max retries exceeded with url: /static/captcha/tuxing.html?ak=2ef521ec36290baed33d66de9b16f625&backurl=http%3A%2F%2Ftieba.baidu.com%2Ff%2Fsearch%2Fres%3Fisnew%3D1%26kw%3D%26qw%3D%25E6%25B3%25A2%25E5%2585%25B0%25E5%258D%2597%25E9%2583%25A8%25E6%25B2%25B9%25E8%258F%259C%25E8%258A%25B1%25E7%25BB%25BD%25E6%2594%25BE%25E7%25BE%258E%25E4%25B8%258D%25E8%2583%259C%25E6%2594%25B6%26rn%3D10%26un%3D%26only_thread%3D0%26sm%3D1%26sd%3D%26ed%3D%26pn%3D26&timestamp=1654627710&signature=a3774e917995d7c7b75af962eabaa31a (Caused by SSLError(SSLError(1, '[SSL: SSLV3_ALERT_HANDSHAKE_FAILURE] sslv3 alert handshake failure (_ssl.c:1131)')))


During handling of the above exception, another exception occurred:


Traceback (most recent call last):

  File "/usr/lib/python3.8/threading.py", line 890, in _bootstrap
    self._bootstrap_inner()
    │    └ <function Thread._bootstrap_inner at 0x7fe08f92ea60>
    └ <Thread(Thread-15864, started daemon 140586420365056)>
  File "/usr/lib/python3.8/threading.py", line 932, in _bootstrap_inner
    self.run()
    │    └ <function Thread.run at 0x7fe08f92e790>
    └ <Thread(Thread-15864, started daemon 140586420365056)>
  File "/usr/lib/python3.8/threading.py", line 870, in run
    self._target(*self._args, **self._kwargs)
    │    │        │    │        │    └ {}
    │    │        │    │        └ <Thread(Thread-15864, started daemon 140586420365056)>
    │    │        │    └ ('ProjectManager.run_func_by_thread',)
    │    │        └ <Thread(Thread-15864, started daemon 140586420365056)>
    │    └ <bound method ProjectManager.get_request_from_keywords_hot of <monitor.projectManager.ProjectManager object at 0x7fe063c65790>>
    └ <Thread(Thread-15864, started daemon 140586420365056)>

  File "/home/users/Scy/yuqing/spider/monitor/projectManager.py", line 833, in get_request_from_keywords_hot
    self.search_spider_manager.crawl_by_keyword(
    │    │                     └ <function SearchSpidersManager.crawl_by_keyword at 0x7fe063c71160>
    │    └ <monitor.spiderManager.SearchSpidersManager object at 0x7fe0638938b0>
    └ <monitor.projectManager.ProjectManager object at 0x7fe063c65790>

  File "/home/users/Scy/yuqing/spider/monitor/spiderManager.py", line 118, in crawl_by_keyword
    self.crawl_by_keyword_signal_platform(project_names, platform, keyword, crawl_time, project_times)
    │    │                                │              │         │        │           └ {'default': <monitor.TimeSection object at 0x7fe0639a2b80>}
    │    │                                │              │         │        └ <monitor.TimeSection object at 0x7fdcc92e3a30>
    │    │                                │              │         └ '波兰南部油菜花绽放美不胜收'
    │    │                                │              └ '贴吧'
    │    │                                └ ['default']
    │    └ <function SearchSpidersManager.crawl_by_keyword_signal_platform at 0x7fe063c71280>
    └ <monitor.spiderManager.SearchSpidersManager object at 0x7fe0638938b0>

  File "/home/users/Scy/yuqing/spider/monitor/spiderManager.py", line 150, in crawl_by_keyword_signal_platform
    requests = self.get_request_from_keyword(platform, keyword_only, **crawl_time.to_dict())
               │    │                        │         │               │          └ <function TimeSection.to_dict at 0x7fe06b8931f0>
               │    │                        │         │               └ <monitor.TimeSection object at 0x7fdcc92e3a30>
               │    │                        │         └ '波兰南部油菜花绽放美不胜收'
               │    │                        └ '贴吧'
               │    └ <function SearchSpidersManager.get_request_from_keyword at 0x7fe063c713a0>
               └ <monitor.spiderManager.SearchSpidersManager object at 0x7fe0638938b0>

  File "/home/users/Scy/yuqing/spider/monitor/spiderManager.py", line 214, in get_request_from_keyword
    for request in self.spiders[platform].get_request_from_keyword(headers, search_url, keyword, content_url,
                   │    │       │                                  │        │           │        └ None
                   │    │       │                                  │        │           └ '波兰南部油菜花绽放美不胜收'
                   │    │       │                                  │        └ <string.Template object at 0x7fde1046cac0>
                   │    │       │                                  └ {'Connection': 'keep-alive', 'sec-ch-ua': "'Chromium';v='92',' Not A;Brand';v='99', 'Google Chrome';v='92'", 'sec-ch-ua-mobil...
                   │    │       └ '贴吧'
                   │    └ {'凤凰网': <monitor.searchSpiders.ifeng.Ifeng object at 0x7fe063893370>, '头条': <monitor.searchSpiders.toutiao.Toutiao object at ...
                   └ <monitor.spiderManager.SearchSpidersManager object at 0x7fe0638938b0>

> File "/home/users/Scy/yuqing/spider/monitor/searchSpiders/tieba.py", line 22, in get_request_from_keyword
    response = requests.get(url, headers=headers, timeout=50)
               │        │   │            └ {'Connection': 'keep-alive', 'sec-ch-ua': "'Chromium';v='92',' Not A;Brand';v='99', 'Google Chrome';v='92'", 'sec-ch-ua-mobil...
               │        │   └ 'https://tieba.baidu.com/f/search/res?isnew=1&kw=&qw=波兰南部油菜花绽放美不胜收&rn=10&un=&only_thread=0&sm=1&sd=&ed=&pn=26'
               │        └ <function get at 0x7fe06b2724c0>
               └ <module 'requests' from '/home/chase/.local/lib/python3.8/site-packages/requests/__init__.py'>

  File "/home/chase/.local/lib/python3.8/site-packages/requests/api.py", line 75, in get
    return request('get', url, params=params, **kwargs)
           │              │           │         └ {'headers': {'Connection': 'keep-alive', 'sec-ch-ua': "'Chromium';v='92',' Not A;Brand';v='99', 'Google Chrome';v='92'", 'sec...
           │              │           └ None
           │              └ 'https://tieba.baidu.com/f/search/res?isnew=1&kw=&qw=波兰南部油菜花绽放美不胜收&rn=10&un=&only_thread=0&sm=1&sd=&ed=&pn=26'
           └ <function request at 0x7fe06b268310>
  File "/home/chase/.local/lib/python3.8/site-packages/requests/api.py", line 61, in request
    return session.request(method=method, url=url, **kwargs)
           │       │              │           │      └ {'params': None, 'headers': {'Connection': 'keep-alive', 'sec-ch-ua': "'Chromium';v='92',' Not A;Brand';v='99', 'Google Chrom...
           │       │              │           └ 'https://tieba.baidu.com/f/search/res?isnew=1&kw=&qw=波兰南部油菜花绽放美不胜收&rn=10&un=&only_thread=0&sm=1&sd=&ed=&pn=26'
           │       │              └ 'get'
           │       └ <function Session.request at 0x7fe06b27bc10>
           └ <requests.sessions.Session object at 0x7fdda22ba4c0>
  File "/home/chase/.local/lib/python3.8/site-packages/requests/sessions.py", line 542, in request
    resp = self.send(prep, **send_kwargs)
           │    │    │       └ {'timeout': 50, 'allow_redirects': True, 'verify': True, 'proxies': OrderedDict(), 'stream': False, 'cert': None}
           │    │    └ <PreparedRequest [GET]>
           │    └ <function Session.send at 0x7fe06b2720d0>
           └ <requests.sessions.Session object at 0x7fdda22ba4c0>
  File "/home/chase/.local/lib/python3.8/site-packages/requests/sessions.py", line 677, in send
    history = [resp for resp in gen]
                                └ <generator object SessionRedirectMixin.resolve_redirects at 0x7fde504bf2e0>
  File "/home/chase/.local/lib/python3.8/site-packages/requests/sessions.py", line 677, in <listcomp>
    history = [resp for resp in gen]
  File "/home/chase/.local/lib/python3.8/site-packages/requests/sessions.py", line 237, in resolve_redirects
    resp = self.send(
           │    └ <function Session.send at 0x7fe06b2720d0>
           └ <requests.sessions.Session object at 0x7fdda22ba4c0>
  File "/home/chase/.local/lib/python3.8/site-packages/requests/sessions.py", line 655, in send
    r = adapter.send(request, **kwargs)
        │       │    │          └ {'stream': False, 'timeout': 50, 'verify': True, 'cert': None, 'proxies': OrderedDict()}
        │       │    └ <PreparedRequest [GET]>
        │       └ <function HTTPAdapter.send at 0x7fe06b27b550>
        └ <requests.adapters.HTTPAdapter object at 0x7fdcf09d5850>
  File "/home/chase/.local/lib/python3.8/site-packages/requests/adapters.py", line 514, in send
    raise SSLError(e, request=request)
          │                   └ <PreparedRequest [GET]>
          └ <class 'requests.exceptions.SSLError'>

requests.exceptions.SSLError: HTTPSConnectionPool(host='wappass.baidu.com', port=443): Max retries exceeded with url: /static/captcha/tuxing.html?ak=2ef521ec36290baed33d66de9b16f625&backurl=http%3A%2F%2Ftieba.baidu.com%2Ff%2Fsearch%2Fres%3Fisnew%3D1%26kw%3D%26qw%3D%25E6%25B3%25A2%25E5%2585%25B0%25E5%258D%2597%25E9%2583%25A8%25E6%25B2%25B9%25E8%258F%259C%25E8%258A%25B1%25E7%25BB%25BD%25E6%2594%25BE%25E7%25BE%258E%25E4%25B8%258D%25E8%2583%259C%25E6%2594%25B6%26rn%3D10%26un%3D%26only_thread%3D0%26sm%3D1%26sd%3D%26ed%3D%26pn%3D26&timestamp=1654627710&signature=a3774e917995d7c7b75af962eabaa31a (Caused by SSLError(SSLError(1, '[SSL: SSLV3_ALERT_HANDSHAKE_FAILURE] sslv3 alert handshake failure (_ssl.c:1131)')))
2022-06-08 02:52:30.181 | ERROR    | monitor.searchSpiders.tieba:get_request_from_keyword:34 - E 贴吧错误HTTPSConnectionPool(host='wappass.baidu.com', port=443): Max retries exceeded with url: /static/captcha/tuxing.html?ak=2ef521ec36290baed33d66de9b16f625&backurl=http%3A%2F%2Ftieba.baidu.com%2Ff%2Fsearch%2Fres%3Fisnew%3D1%26kw%3D%26qw%3D%25E6%25B3%25A2%25E5%2585%25B0%25E5%258D%2597%25E9%2583%25A8%25E6%25B2%25B9%25E8%258F%259C%25E8%258A%25B1%25E7%25BB%25BD%25E6%2594%25BE%25E7%25BE%258E%25E4%25B8%258D%25E8%2583%259C%25E6%2594%25B6%26rn%3D10%26un%3D%26only_thread%3D0%26sm%3D1%26sd%3D%26ed%3D%26pn%3D22&timestamp=1654627950&signature=4013cf84f1e410f92df6bd558ff97277 (Caused by SSLError(SSLError(1, '[SSL: SSLV3_ALERT_HANDSHAKE_FAILURE] sslv3 alert handshake failure (_ssl.c:1131)')))
Traceback (most recent call last):

  File "/home/chase/.local/lib/python3.8/site-packages/urllib3/connectionpool.py", line 699, in urlopen
    httplib_response = self._make_request(
                       │    └ <function HTTPConnectionPool._make_request at 0x7fe06b3fed30>
                       └ <urllib3.connectionpool.HTTPSConnectionPool object at 0x7fde1033be50>
  File "/home/chase/.local/lib/python3.8/site-packages/urllib3/connectionpool.py", line 382, in _make_request
    self._validate_conn(conn)
    │    │              └ <urllib3.connection.HTTPSConnection object at 0x7fdd1f3c7700>
    │    └ <function HTTPSConnectionPool._validate_conn at 0x7fe06b3ff280>
    └ <urllib3.connectionpool.HTTPSConnectionPool object at 0x7fde1033be50>
  File "/home/chase/.local/lib/python3.8/site-packages/urllib3/connectionpool.py", line 1010, in _validate_conn
    conn.connect()
    │    └ <function HTTPSConnection.connect at 0x7fe06b46d940>
    └ <urllib3.connection.HTTPSConnection object at 0x7fdd1f3c7700>
  File "/home/chase/.local/lib/python3.8/site-packages/urllib3/connection.py", line 416, in connect
    self.sock = ssl_wrap_socket(
    │    │      └ <function ssl_wrap_socket at 0x7fe06b468670>
    │    └ None
    └ <urllib3.connection.HTTPSConnection object at 0x7fdd1f3c7700>
  File "/home/chase/.local/lib/python3.8/site-packages/urllib3/util/ssl_.py", line 449, in ssl_wrap_socket
    ssl_sock = _ssl_wrap_socket_impl(
               └ <function _ssl_wrap_socket_impl at 0x7fe06b468820>
  File "/home/chase/.local/lib/python3.8/site-packages/urllib3/util/ssl_.py", line 493, in _ssl_wrap_socket_impl
    return ssl_context.wrap_socket(sock, server_hostname=server_hostname)
           │           │           │                     └ 'wappass.baidu.com'
           │           │           └ <socket.socket [closed] fd=-1, family=AddressFamily.AF_INET, type=SocketKind.SOCK_STREAM, proto=6>
           │           └ <function SSLContext.wrap_socket at 0x7fe08118de50>
           └ <ssl.SSLContext object at 0x7fddd05dc040>
  File "/usr/lib/python3.8/ssl.py", line 500, in wrap_socket
    return self.sslsocket_class._create(
           │    │               └ <classmethod object at 0x7fe08c8cfaf0>
           │    └ <class 'ssl.SSLSocket'>
           └ <ssl.SSLContext object at 0x7fddd05dc040>
  File "/usr/lib/python3.8/ssl.py", line 1040, in _create
    self.do_handshake()
    │    └ <function SSLSocket.do_handshake at 0x7fe08c8d2d30>
    └ <ssl.SSLSocket [closed] fd=-1, family=AddressFamily.AF_INET, type=SocketKind.SOCK_STREAM, proto=6>
  File "/usr/lib/python3.8/ssl.py", line 1309, in do_handshake
    self._sslobj.do_handshake()
    │    └ None
    └ <ssl.SSLSocket [closed] fd=-1, family=AddressFamily.AF_INET, type=SocketKind.SOCK_STREAM, proto=6>

ssl.SSLError: [SSL: SSLV3_ALERT_HANDSHAKE_FAILURE] sslv3 alert handshake failure (_ssl.c:1131)


During handling of the above exception, another exception occurred:


Traceback (most recent call last):

  File "/home/chase/.local/lib/python3.8/site-packages/requests/adapters.py", line 439, in send
    resp = conn.urlopen(
           │    └ <function HTTPConnectionPool.urlopen at 0x7fe06b3fef70>
           └ <urllib3.connectionpool.HTTPSConnectionPool object at 0x7fde1033be50>
  File "/home/chase/.local/lib/python3.8/site-packages/urllib3/connectionpool.py", line 755, in urlopen
    retries = retries.increment(
              │       └ <function Retry.increment at 0x7fe06b443280>
              └ Retry(total=0, connect=None, read=False, redirect=None, status=None)
  File "/home/chase/.local/lib/python3.8/site-packages/urllib3/util/retry.py", line 574, in increment
    raise MaxRetryError(_pool, url, error or ResponseError(cause))
          │             │      │    │        │             └ 'unknown'
          │             │      │    │        └ <class 'urllib3.exceptions.ResponseError'>
          │             │      │    └ SSLError(SSLError(1, '[SSL: SSLV3_ALERT_HANDSHAKE_FAILURE] sslv3 alert handshake failure (_ssl.c:1131)'))
          │             │      └ '/static/captcha/tuxing.html?ak=2ef521ec36290baed33d66de9b16f625&backurl=http%3A%2F%2Ftieba.baidu.com%2Ff%2Fsearch%2Fres%3Fis...
          │             └ <urllib3.connectionpool.HTTPSConnectionPool object at 0x7fde1033be50>
          └ <class 'urllib3.exceptions.MaxRetryError'>

urllib3.exceptions.MaxRetryError: HTTPSConnectionPool(host='wappass.baidu.com', port=443): Max retries exceeded with url: /static/captcha/tuxing.html?ak=2ef521ec36290baed33d66de9b16f625&backurl=http%3A%2F%2Ftieba.baidu.com%2Ff%2Fsearch%2Fres%3Fisnew%3D1%26kw%3D%26qw%3D%25E6%25B3%25A2%25E5%2585%25B0%25E5%258D%2597%25E9%2583%25A8%25E6%25B2%25B9%25E8%258F%259C%25E8%258A%25B1%25E7%25BB%25BD%25E6%2594%25BE%25E7%25BE%258E%25E4%25B8%258D%25E8%2583%259C%25E6%2594%25B6%26rn%3D10%26un%3D%26only_thread%3D0%26sm%3D1%26sd%3D%26ed%3D%26pn%3D22&timestamp=1654627950&signature=4013cf84f1e410f92df6bd558ff97277 (Caused by SSLError(SSLError(1, '[SSL: SSLV3_ALERT_HANDSHAKE_FAILURE] sslv3 alert handshake failure (_ssl.c:1131)')))


During handling of the above exception, another exception occurred:


Traceback (most recent call last):

  File "/usr/lib/python3.8/threading.py", line 890, in _bootstrap
    self._bootstrap_inner()
    │    └ <function Thread._bootstrap_inner at 0x7fe08f92ea60>
    └ <Thread(Thread-15876, started daemon 140586691815168)>
  File "/usr/lib/python3.8/threading.py", line 932, in _bootstrap_inner
    self.run()
    │    └ <function Thread.run at 0x7fe08f92e790>
    └ <Thread(Thread-15876, started daemon 140586691815168)>
  File "/usr/lib/python3.8/threading.py", line 870, in run
    self._target(*self._args, **self._kwargs)
    │    │        │    │        │    └ {}
    │    │        │    │        └ <Thread(Thread-15876, started daemon 140586691815168)>
    │    │        │    └ ('ProjectManager.run_func_by_thread',)
    │    │        └ <Thread(Thread-15876, started daemon 140586691815168)>
    │    └ <bound method ProjectManager.get_request_from_keywords_hot of <monitor.projectManager.ProjectManager object at 0x7fe063c65790>>
    └ <Thread(Thread-15876, started daemon 140586691815168)>

  File "/home/users/Scy/yuqing/spider/monitor/projectManager.py", line 833, in get_request_from_keywords_hot
    self.search_spider_manager.crawl_by_keyword(
    │    │                     └ <function SearchSpidersManager.crawl_by_keyword at 0x7fe063c71160>
    │    └ <monitor.spiderManager.SearchSpidersManager object at 0x7fe0638938b0>
    └ <monitor.projectManager.ProjectManager object at 0x7fe063c65790>

  File "/home/users/Scy/yuqing/spider/monitor/spiderManager.py", line 118, in crawl_by_keyword
    self.crawl_by_keyword_signal_platform(project_names, platform, keyword, crawl_time, project_times)
    │    │                                │              │         │        │           └ {'default': <monitor.TimeSection object at 0x7fe0639a2b80>}
    │    │                                │              │         │        └ <monitor.TimeSection object at 0x7fdeb069da60>
    │    │                                │              │         └ '波兰南部油菜花绽放美不胜收'
    │    │                                │              └ '贴吧'
    │    │                                └ ['default']
    │    └ <function SearchSpidersManager.crawl_by_keyword_signal_platform at 0x7fe063c71280>
    └ <monitor.spiderManager.SearchSpidersManager object at 0x7fe0638938b0>

  File "/home/users/Scy/yuqing/spider/monitor/spiderManager.py", line 150, in crawl_by_keyword_signal_platform
    requests = self.get_request_from_keyword(platform, keyword_only, **crawl_time.to_dict())
               │    │                        │         │               │          └ <function TimeSection.to_dict at 0x7fe06b8931f0>
               │    │                        │         │               └ <monitor.TimeSection object at 0x7fdeb069da60>
               │    │                        │         └ '波兰南部油菜花绽放美不胜收'
               │    │                        └ '贴吧'
               │    └ <function SearchSpidersManager.get_request_from_keyword at 0x7fe063c713a0>
               └ <monitor.spiderManager.SearchSpidersManager object at 0x7fe0638938b0>

  File "/home/users/Scy/yuqing/spider/monitor/spiderManager.py", line 214, in get_request_from_keyword
    for request in self.spiders[platform].get_request_from_keyword(headers, search_url, keyword, content_url,
                   │    │       │                                  │        │           │        └ None
                   │    │       │                                  │        │           └ '波兰南部油菜花绽放美不胜收'
                   │    │       │                                  │        └ <string.Template object at 0x7fde1010c910>
                   │    │       │                                  └ {'Connection': 'keep-alive', 'sec-ch-ua': "'Chromium';v='92',' Not A;Brand';v='99', 'Google Chrome';v='92'", 'sec-ch-ua-mobil...
                   │    │       └ '贴吧'
                   │    └ {'凤凰网': <monitor.searchSpiders.ifeng.Ifeng object at 0x7fe063893370>, '头条': <monitor.searchSpiders.toutiao.Toutiao object at ...
                   └ <monitor.spiderManager.SearchSpidersManager object at 0x7fe0638938b0>

> File "/home/users/Scy/yuqing/spider/monitor/searchSpiders/tieba.py", line 22, in get_request_from_keyword
    response = requests.get(url, headers=headers, timeout=50)
               │        │   │            └ {'Connection': 'keep-alive', 'sec-ch-ua': "'Chromium';v='92',' Not A;Brand';v='99', 'Google Chrome';v='92'", 'sec-ch-ua-mobil...
               │        │   └ 'https://tieba.baidu.com/f/search/res?isnew=1&kw=&qw=波兰南部油菜花绽放美不胜收&rn=10&un=&only_thread=0&sm=1&sd=&ed=&pn=22'
               │        └ <function get at 0x7fe06b2724c0>
               └ <module 'requests' from '/home/chase/.local/lib/python3.8/site-packages/requests/__init__.py'>

  File "/home/chase/.local/lib/python3.8/site-packages/requests/api.py", line 75, in get
    return request('get', url, params=params, **kwargs)
           │              │           │         └ {'headers': {'Connection': 'keep-alive', 'sec-ch-ua': "'Chromium';v='92',' Not A;Brand';v='99', 'Google Chrome';v='92'", 'sec...
           │              │           └ None
           │              └ 'https://tieba.baidu.com/f/search/res?isnew=1&kw=&qw=波兰南部油菜花绽放美不胜收&rn=10&un=&only_thread=0&sm=1&sd=&ed=&pn=22'
           └ <function request at 0x7fe06b268310>
  File "/home/chase/.local/lib/python3.8/site-packages/requests/api.py", line 61, in request
    return session.request(method=method, url=url, **kwargs)
           │       │              │           │      └ {'params': None, 'headers': {'Connection': 'keep-alive', 'sec-ch-ua': "'Chromium';v='92',' Not A;Brand';v='99', 'Google Chrom...
           │       │              │           └ 'https://tieba.baidu.com/f/search/res?isnew=1&kw=&qw=波兰南部油菜花绽放美不胜收&rn=10&un=&only_thread=0&sm=1&sd=&ed=&pn=22'
           │       │              └ 'get'
           │       └ <function Session.request at 0x7fe06b27bc10>
           └ <requests.sessions.Session object at 0x7fddd026eeb0>
  File "/home/chase/.local/lib/python3.8/site-packages/requests/sessions.py", line 542, in request
    resp = self.send(prep, **send_kwargs)
           │    │    │       └ {'timeout': 50, 'allow_redirects': True, 'verify': True, 'proxies': OrderedDict(), 'stream': False, 'cert': None}
           │    │    └ <PreparedRequest [GET]>
           │    └ <function Session.send at 0x7fe06b2720d0>
           └ <requests.sessions.Session object at 0x7fddd026eeb0>
  File "/home/chase/.local/lib/python3.8/site-packages/requests/sessions.py", line 677, in send
    history = [resp for resp in gen]
                                └ <generator object SessionRedirectMixin.resolve_redirects at 0x7fde10559270>
  File "/home/chase/.local/lib/python3.8/site-packages/requests/sessions.py", line 677, in <listcomp>
    history = [resp for resp in gen]
  File "/home/chase/.local/lib/python3.8/site-packages/requests/sessions.py", line 237, in resolve_redirects
    resp = self.send(
           │    └ <function Session.send at 0x7fe06b2720d0>
           └ <requests.sessions.Session object at 0x7fddd026eeb0>
  File "/home/chase/.local/lib/python3.8/site-packages/requests/sessions.py", line 655, in send
    r = adapter.send(request, **kwargs)
        │       │    │          └ {'stream': False, 'timeout': 50, 'verify': True, 'cert': None, 'proxies': OrderedDict()}
        │       │    └ <PreparedRequest [GET]>
        │       └ <function HTTPAdapter.send at 0x7fe06b27b550>
        └ <requests.adapters.HTTPAdapter object at 0x7fdf305cafd0>
  File "/home/chase/.local/lib/python3.8/site-packages/requests/adapters.py", line 514, in send
    raise SSLError(e, request=request)
          │                   └ <PreparedRequest [GET]>
          └ <class 'requests.exceptions.SSLError'>

requests.exceptions.SSLError: HTTPSConnectionPool(host='wappass.baidu.com', port=443): Max retries exceeded with url: /static/captcha/tuxing.html?ak=2ef521ec36290baed33d66de9b16f625&backurl=http%3A%2F%2Ftieba.baidu.com%2Ff%2Fsearch%2Fres%3Fisnew%3D1%26kw%3D%26qw%3D%25E6%25B3%25A2%25E5%2585%25B0%25E5%258D%2597%25E9%2583%25A8%25E6%25B2%25B9%25E8%258F%259C%25E8%258A%25B1%25E7%25BB%25BD%25E6%2594%25BE%25E7%25BE%258E%25E4%25B8%258D%25E8%2583%259C%25E6%2594%25B6%26rn%3D10%26un%3D%26only_thread%3D0%26sm%3D1%26sd%3D%26ed%3D%26pn%3D22&timestamp=1654627950&signature=4013cf84f1e410f92df6bd558ff97277 (Caused by SSLError(SSLError(1, '[SSL: SSLV3_ALERT_HANDSHAKE_FAILURE] sslv3 alert handshake failure (_ssl.c:1131)')))
2022-06-08 02:59:14.682 | ERROR    | monitor.hotSpiders.ifeng:get_title:33 - url:https://www.ifeng.com/  ("Connection broken: ConnectionResetError(104, 'Connection reset by peer')", ConnectionResetError(104, 'Connection reset by peer'))
Traceback (most recent call last):

  File "/home/chase/.local/lib/python3.8/site-packages/urllib3/response.py", line 438, in _error_catcher
    yield
  File "/home/chase/.local/lib/python3.8/site-packages/urllib3/response.py", line 519, in read
    data = self._fp.read(amt) if not fp_closed else b""
           │    │   │    │           └ False
           │    │   │    └ 10240
           │    │   └ <function HTTPResponse.read at 0x7fe08116ca60>
           │    └ <http.client.HTTPResponse object at 0x7fde306d1040>
           └ <urllib3.response.HTTPResponse object at 0x7fdd0deaf190>
  File "/usr/lib/python3.8/http/client.py", line 459, in read
    n = self.readinto(b)
        │    │        └ bytearray(b'\x9516\xe6\x97\xa5\xe8\xb5\xb7\xe6\x8a\xa5\xe5\x90\x8d 67\xe5\x8e\xbf\xe5\x8c\xba\xe5\xae\x9e\xe6\x96\xbd\xe6\x94...
        │    └ <function HTTPResponse.readinto at 0x7fe08116caf0>
        └ <http.client.HTTPResponse object at 0x7fde306d1040>
  File "/usr/lib/python3.8/http/client.py", line 503, in readinto
    n = self.fp.readinto(b)
        │    │           └ bytearray(b'\x9516\xe6\x97\xa5\xe8\xb5\xb7\xe6\x8a\xa5\xe5\x90\x8d 67\xe5\x8e\xbf\xe5\x8c\xba\xe5\xae\x9e\xe6\x96\xbd\xe6\x94...
        │    └ None
        └ <http.client.HTTPResponse object at 0x7fde306d1040>
  File "/usr/lib/python3.8/socket.py", line 669, in readinto
    return self._sock.recv_into(b)
           │    │               └ <memory at 0x7fdf74049b80>
           │    └ None
           └ <socket.SocketIO object at 0x7fde306d1820>
  File "/usr/lib/python3.8/ssl.py", line 1241, in recv_into
    return self.read(nbytes, buffer)
           │    │    │       └ <memory at 0x7fdf74049b80>
           │    │    └ 8192
           │    └ <function SSLSocket.read at 0x7fe08c8d1f70>
           └ <ssl.SSLSocket [closed] fd=-1, family=AddressFamily.AF_INET, type=SocketKind.SOCK_STREAM, proto=6>
  File "/usr/lib/python3.8/ssl.py", line 1099, in read
    return self._sslobj.read(len, buffer)
           │    │            │    └ <memory at 0x7fdf74049b80>
           │    │            └ 8192
           │    └ None
           └ <ssl.SSLSocket [closed] fd=-1, family=AddressFamily.AF_INET, type=SocketKind.SOCK_STREAM, proto=6>

ConnectionResetError: [Errno 104] Connection reset by peer


During handling of the above exception, another exception occurred:


Traceback (most recent call last):

  File "/home/chase/.local/lib/python3.8/site-packages/requests/models.py", line 758, in generate
    for chunk in self.raw.stream(chunk_size, decode_content=True):
        │        │    │   │      └ 10240
        │        │    │   └ <function HTTPResponse.stream at 0x7fe06b3fd9d0>
        │        │    └ <urllib3.response.HTTPResponse object at 0x7fdd0deaf190>
        │        └ <Response [200]>
        └ b'.ifeng.com/c/8Gcbp5YzJba","title":"\xe6\xb1\x9f\xe6\xb4\xa5\xe5\x8c\xba\xe5\xa7\x94\xe4\xb9\xa6\xe8\xae\xb0\xe6\x9d\x8e\xe5...
  File "/home/chase/.local/lib/python3.8/site-packages/urllib3/response.py", line 576, in stream
    data = self.read(amt=amt, decode_content=decode_content)
           │    │        │                   └ True
           │    │        └ 10240
           │    └ <function HTTPResponse.read at 0x7fe06b3fd940>
           └ <urllib3.response.HTTPResponse object at 0x7fdd0deaf190>
  File "/home/chase/.local/lib/python3.8/site-packages/urllib3/response.py", line 541, in read
    raise IncompleteRead(self._fp_bytes_read, self.length_remaining)
          │              │    │               │    └ 205561
          │              │    │               └ <urllib3.response.HTTPResponse object at 0x7fdd0deaf190>
          │              │    └ 143360
          │              └ <urllib3.response.HTTPResponse object at 0x7fdd0deaf190>
          └ <class 'urllib3.exceptions.IncompleteRead'>
  File "/usr/lib/python3.8/contextlib.py", line 131, in __exit__
    self.gen.throw(type, value, traceback)
    │    │   │     │     │      └ <traceback object at 0x7fdf3023c4c0>
    │    │   │     │     └ ConnectionResetError(104, 'Connection reset by peer')
    │    │   │     └ <class 'ConnectionResetError'>
    │    │   └ <method 'throw' of 'generator' objects>
    │    └ <generator object HTTPResponse._error_catcher at 0x7fdef0614ac0>
    └ <contextlib._GeneratorContextManager object at 0x7fdef007d880>
  File "/home/chase/.local/lib/python3.8/site-packages/urllib3/response.py", line 455, in _error_catcher
    raise ProtocolError("Connection broken: %r" % e, e)
          └ <class 'urllib3.exceptions.ProtocolError'>

urllib3.exceptions.ProtocolError: ("Connection broken: ConnectionResetError(104, 'Connection reset by peer')", ConnectionResetError(104, 'Connection reset by peer'))


During handling of the above exception, another exception occurred:


Traceback (most recent call last):

  File "/usr/lib/python3.8/threading.py", line 890, in _bootstrap
    self._bootstrap_inner()
    │    └ <function Thread._bootstrap_inner at 0x7fe08f92ea60>
    └ <Thread(Thread-16931, started daemon 140589017614080)>
  File "/usr/lib/python3.8/threading.py", line 932, in _bootstrap_inner
    self.run()
    │    └ <function Thread.run at 0x7fe08f92e790>
    └ <Thread(Thread-16931, started daemon 140589017614080)>
  File "/usr/lib/python3.8/threading.py", line 870, in run
    self._target(*self._args, **self._kwargs)
    │    │        │    │        │    └ {}
    │    │        │    │        └ <Thread(Thread-16931, started daemon 140589017614080)>
    │    │        │    └ ([],)
    │    │        └ <Thread(Thread-16931, started daemon 140589017614080)>
    │    └ <bound method ProjectManager.crawl_hot_title of <monitor.projectManager.ProjectManager object at 0x7fe063c65790>>
    └ <Thread(Thread-16931, started daemon 140589017614080)>

  File "/home/users/Scy/yuqing/spider/monitor/projectManager.py", line 743, in crawl_hot_title
    self.hot_spider_manager.crawl_hot()
    │    │                  └ <function HotSpiderManager.crawl_hot at 0x7fe063c70e50>
    │    └ <monitor.spiderManager.HotSpiderManager object at 0x7fe0639939d0>
    └ <monitor.projectManager.ProjectManager object at 0x7fe063c65790>

  File "/home/users/Scy/yuqing/spider/monitor/spiderManager.py", line 50, in crawl_hot
    status, title = spider.get_title(headers, hot_url)
    │               │      │         │        └ 'https://www.ifeng.com/'
    │               │      │         └ {'Connection': 'keep-alive', 'Cache-Control': 'max-age=0', 'sec-ch-ua': "'Chromium';v='94', 'Google Chrome';v='94', ';Not A B...
    │               │      └ <function Ifeng.get_title at 0x7fe0638d3d30>
    │               └ <monitor.hotSpiders.ifeng.Ifeng object at 0x7fe0638c11f0>
    └ True

> File "/home/users/Scy/yuqing/spider/monitor/hotSpiders/ifeng.py", line 25, in get_title
    response = requests.get(url, headers=headers)
               │        │   │            └ {'Connection': 'keep-alive', 'Cache-Control': 'max-age=0', 'sec-ch-ua': "'Chromium';v='94', 'Google Chrome';v='94', ';Not A B...
               │        │   └ 'https://www.ifeng.com/'
               │        └ <function get at 0x7fe06b2724c0>
               └ <module 'requests' from '/home/chase/.local/lib/python3.8/site-packages/requests/__init__.py'>

  File "/home/chase/.local/lib/python3.8/site-packages/requests/api.py", line 75, in get
    return request('get', url, params=params, **kwargs)
           │              │           │         └ {'headers': {'Connection': 'keep-alive', 'Cache-Control': 'max-age=0', 'sec-ch-ua': "'Chromium';v='94', 'Google Chrome';v='94...
           │              │           └ None
           │              └ 'https://www.ifeng.com/'
           └ <function request at 0x7fe06b268310>
  File "/home/chase/.local/lib/python3.8/site-packages/requests/api.py", line 61, in request
    return session.request(method=method, url=url, **kwargs)
           │       │              │           │      └ {'params': None, 'headers': {'Connection': 'keep-alive', 'Cache-Control': 'max-age=0', 'sec-ch-ua': "'Chromium';v='94', 'Goog...
           │       │              │           └ 'https://www.ifeng.com/'
           │       │              └ 'get'
           │       └ <function Session.request at 0x7fe06b27bc10>
           └ <requests.sessions.Session object at 0x7fdd1f3f0e80>
  File "/home/chase/.local/lib/python3.8/site-packages/requests/sessions.py", line 542, in request
    resp = self.send(prep, **send_kwargs)
           │    │    │       └ {'timeout': None, 'allow_redirects': True, 'verify': True, 'proxies': OrderedDict(), 'stream': False, 'cert': None}
           │    │    └ <PreparedRequest [GET]>
           │    └ <function Session.send at 0x7fe06b2720d0>
           └ <requests.sessions.Session object at 0x7fdd1f3f0e80>
  File "/home/chase/.local/lib/python3.8/site-packages/requests/sessions.py", line 697, in send
    r.content
    │ └ <property object at 0x7fe06b2671d0>
    └ <Response [200]>
  File "/home/chase/.local/lib/python3.8/site-packages/requests/models.py", line 836, in content
    self._content = b''.join(self.iter_content(CONTENT_CHUNK_SIZE)) or b''
    │    │                   │    │            └ 10240
    │    │                   │    └ <function Response.iter_content at 0x7fe06b265e50>
    │    │                   └ <Response [200]>
    │    └ False
    └ <Response [200]>
  File "/home/chase/.local/lib/python3.8/site-packages/requests/models.py", line 761, in generate
    raise ChunkedEncodingError(e)
          └ <class 'requests.exceptions.ChunkedEncodingError'>

requests.exceptions.ChunkedEncodingError: ("Connection broken: ConnectionResetError(104, 'Connection reset by peer')", ConnectionResetError(104, 'Connection reset by peer'))
2022-06-08 03:02:30.474 | ERROR    | monitor.searchSpiders.tieba:get_request_from_keyword:34 - E 贴吧错误HTTPSConnectionPool(host='wappass.baidu.com', port=443): Max retries exceeded with url: /static/captcha/tuxing.html?ak=2ef521ec36290baed33d66de9b16f625&backurl=http%3A%2F%2Ftieba.baidu.com%2Ff%2Fsearch%2Fres%3Fisnew%3D1%26kw%3D%26qw%3D%25E4%25B9%258C%25E5%2585%258B%25E5%2585%25B0%25E9%25A6%2596%25E4%25BB%25BB%25E6%2580%25BB%25E7%25BB%259F%25E5%2585%258B%25E6%258B%2589%25E5%25A4%25AB%25E4%25B8%2598%25E5%2585%258B%25E9%2580%259D%25E4%25B8%2596%26rn%3D10%26un%3D%26only_thread%3D0%26sm%3D1%26sd%3D%26ed%3D%26pn%3D2&timestamp=1654628550&signature=7bacfbc832f0b1184c42019991606b33 (Caused by SSLError(SSLError(1, '[SSL: SSLV3_ALERT_HANDSHAKE_FAILURE] sslv3 alert handshake failure (_ssl.c:1131)')))
Traceback (most recent call last):

  File "/home/chase/.local/lib/python3.8/site-packages/urllib3/connectionpool.py", line 699, in urlopen
    httplib_response = self._make_request(
                       │    └ <function HTTPConnectionPool._make_request at 0x7fe06b3fed30>
                       └ <urllib3.connectionpool.HTTPSConnectionPool object at 0x7fdf105f5130>
  File "/home/chase/.local/lib/python3.8/site-packages/urllib3/connectionpool.py", line 382, in _make_request
    self._validate_conn(conn)
    │    │              └ <urllib3.connection.HTTPSConnection object at 0x7fdce85f78b0>
    │    └ <function HTTPSConnectionPool._validate_conn at 0x7fe06b3ff280>
    └ <urllib3.connectionpool.HTTPSConnectionPool object at 0x7fdf105f5130>
  File "/home/chase/.local/lib/python3.8/site-packages/urllib3/connectionpool.py", line 1010, in _validate_conn
    conn.connect()
    │    └ <function HTTPSConnection.connect at 0x7fe06b46d940>
    └ <urllib3.connection.HTTPSConnection object at 0x7fdce85f78b0>
  File "/home/chase/.local/lib/python3.8/site-packages/urllib3/connection.py", line 416, in connect
    self.sock = ssl_wrap_socket(
    │    │      └ <function ssl_wrap_socket at 0x7fe06b468670>
    │    └ None
    └ <urllib3.connection.HTTPSConnection object at 0x7fdce85f78b0>
  File "/home/chase/.local/lib/python3.8/site-packages/urllib3/util/ssl_.py", line 449, in ssl_wrap_socket
    ssl_sock = _ssl_wrap_socket_impl(
               └ <function _ssl_wrap_socket_impl at 0x7fe06b468820>
  File "/home/chase/.local/lib/python3.8/site-packages/urllib3/util/ssl_.py", line 493, in _ssl_wrap_socket_impl
    return ssl_context.wrap_socket(sock, server_hostname=server_hostname)
           │           │           │                     └ 'wappass.baidu.com'
           │           │           └ <socket.socket [closed] fd=-1, family=AddressFamily.AF_INET, type=SocketKind.SOCK_STREAM, proto=6>
           │           └ <function SSLContext.wrap_socket at 0x7fe08118de50>
           └ <ssl.SSLContext object at 0x7fdd1ce72840>
  File "/usr/lib/python3.8/ssl.py", line 500, in wrap_socket
    return self.sslsocket_class._create(
           │    │               └ <classmethod object at 0x7fe08c8cfaf0>
           │    └ <class 'ssl.SSLSocket'>
           └ <ssl.SSLContext object at 0x7fdd1ce72840>
  File "/usr/lib/python3.8/ssl.py", line 1040, in _create
    self.do_handshake()
    │    └ <function SSLSocket.do_handshake at 0x7fe08c8d2d30>
    └ <ssl.SSLSocket [closed] fd=-1, family=AddressFamily.AF_INET, type=SocketKind.SOCK_STREAM, proto=6>
  File "/usr/lib/python3.8/ssl.py", line 1309, in do_handshake
    self._sslobj.do_handshake()
    │    └ None
    └ <ssl.SSLSocket [closed] fd=-1, family=AddressFamily.AF_INET, type=SocketKind.SOCK_STREAM, proto=6>

ssl.SSLError: [SSL: SSLV3_ALERT_HANDSHAKE_FAILURE] sslv3 alert handshake failure (_ssl.c:1131)


During handling of the above exception, another exception occurred:


Traceback (most recent call last):

  File "/home/chase/.local/lib/python3.8/site-packages/requests/adapters.py", line 439, in send
    resp = conn.urlopen(
           │    └ <function HTTPConnectionPool.urlopen at 0x7fe06b3fef70>
           └ <urllib3.connectionpool.HTTPSConnectionPool object at 0x7fdf105f5130>
  File "/home/chase/.local/lib/python3.8/site-packages/urllib3/connectionpool.py", line 755, in urlopen
    retries = retries.increment(
              │       └ <function Retry.increment at 0x7fe06b443280>
              └ Retry(total=0, connect=None, read=False, redirect=None, status=None)
  File "/home/chase/.local/lib/python3.8/site-packages/urllib3/util/retry.py", line 574, in increment
    raise MaxRetryError(_pool, url, error or ResponseError(cause))
          │             │      │    │        │             └ 'unknown'
          │             │      │    │        └ <class 'urllib3.exceptions.ResponseError'>
          │             │      │    └ SSLError(SSLError(1, '[SSL: SSLV3_ALERT_HANDSHAKE_FAILURE] sslv3 alert handshake failure (_ssl.c:1131)'))
          │             │      └ '/static/captcha/tuxing.html?ak=2ef521ec36290baed33d66de9b16f625&backurl=http%3A%2F%2Ftieba.baidu.com%2Ff%2Fsearch%2Fres%3Fis...
          │             └ <urllib3.connectionpool.HTTPSConnectionPool object at 0x7fdf105f5130>
          └ <class 'urllib3.exceptions.MaxRetryError'>

urllib3.exceptions.MaxRetryError: HTTPSConnectionPool(host='wappass.baidu.com', port=443): Max retries exceeded with url: /static/captcha/tuxing.html?ak=2ef521ec36290baed33d66de9b16f625&backurl=http%3A%2F%2Ftieba.baidu.com%2Ff%2Fsearch%2Fres%3Fisnew%3D1%26kw%3D%26qw%3D%25E4%25B9%258C%25E5%2585%258B%25E5%2585%25B0%25E9%25A6%2596%25E4%25BB%25BB%25E6%2580%25BB%25E7%25BB%259F%25E5%2585%258B%25E6%258B%2589%25E5%25A4%25AB%25E4%25B8%2598%25E5%2585%258B%25E9%2580%259D%25E4%25B8%2596%26rn%3D10%26un%3D%26only_thread%3D0%26sm%3D1%26sd%3D%26ed%3D%26pn%3D2&timestamp=1654628550&signature=7bacfbc832f0b1184c42019991606b33 (Caused by SSLError(SSLError(1, '[SSL: SSLV3_ALERT_HANDSHAKE_FAILURE] sslv3 alert handshake failure (_ssl.c:1131)')))


During handling of the above exception, another exception occurred:


Traceback (most recent call last):

  File "/usr/lib/python3.8/threading.py", line 890, in _bootstrap
    self._bootstrap_inner()
    │    └ <function Thread._bootstrap_inner at 0x7fe08f92ea60>
    └ <Thread(Thread-12300, started daemon 140588984043264)>
  File "/usr/lib/python3.8/threading.py", line 932, in _bootstrap_inner
    self.run()
    │    └ <function Thread.run at 0x7fe08f92e790>
    └ <Thread(Thread-12300, started daemon 140588984043264)>
  File "/usr/lib/python3.8/threading.py", line 870, in run
    self._target(*self._args, **self._kwargs)
    │    │        │    │        │    └ {}
    │    │        │    │        └ <Thread(Thread-12300, started daemon 140588984043264)>
    │    │        │    └ ('ProjectManager.run_func_by_thread',)
    │    │        └ <Thread(Thread-12300, started daemon 140588984043264)>
    │    └ <bound method ProjectManager.get_request_from_keywords_hot of <monitor.projectManager.ProjectManager object at 0x7fe063c65790>>
    └ <Thread(Thread-12300, started daemon 140588984043264)>

  File "/home/users/Scy/yuqing/spider/monitor/projectManager.py", line 833, in get_request_from_keywords_hot
    self.search_spider_manager.crawl_by_keyword(
    │    │                     └ <function SearchSpidersManager.crawl_by_keyword at 0x7fe063c71160>
    │    └ <monitor.spiderManager.SearchSpidersManager object at 0x7fe0638938b0>
    └ <monitor.projectManager.ProjectManager object at 0x7fe063c65790>

  File "/home/users/Scy/yuqing/spider/monitor/spiderManager.py", line 118, in crawl_by_keyword
    self.crawl_by_keyword_signal_platform(project_names, platform, keyword, crawl_time, project_times)
    │    │                                │              │         │        │           └ {'default': <monitor.TimeSection object at 0x7fe0639a2b80>}
    │    │                                │              │         │        └ <monitor.TimeSection object at 0x7fde3071f5e0>
    │    │                                │              │         └ '乌克兰首任总统克拉夫丘克逝世'
    │    │                                │              └ '贴吧'
    │    │                                └ ['default']
    │    └ <function SearchSpidersManager.crawl_by_keyword_signal_platform at 0x7fe063c71280>
    └ <monitor.spiderManager.SearchSpidersManager object at 0x7fe0638938b0>

  File "/home/users/Scy/yuqing/spider/monitor/spiderManager.py", line 150, in crawl_by_keyword_signal_platform
    requests = self.get_request_from_keyword(platform, keyword_only, **crawl_time.to_dict())
               │    │                        │         │               │          └ <function TimeSection.to_dict at 0x7fe06b8931f0>
               │    │                        │         │               └ <monitor.TimeSection object at 0x7fde3071f5e0>
               │    │                        │         └ '乌克兰首任总统克拉夫丘克逝世'
               │    │                        └ '贴吧'
               │    └ <function SearchSpidersManager.get_request_from_keyword at 0x7fe063c713a0>
               └ <monitor.spiderManager.SearchSpidersManager object at 0x7fe0638938b0>

  File "/home/users/Scy/yuqing/spider/monitor/spiderManager.py", line 214, in get_request_from_keyword
    for request in self.spiders[platform].get_request_from_keyword(headers, search_url, keyword, content_url,
                   │    │       │                                  │        │           │        └ None
                   │    │       │                                  │        │           └ '乌克兰首任总统克拉夫丘克逝世'
                   │    │       │                                  │        └ <string.Template object at 0x7fdeb02e2520>
                   │    │       │                                  └ {'Connection': 'keep-alive', 'sec-ch-ua': "'Chromium';v='92',' Not A;Brand';v='99', 'Google Chrome';v='92'", 'sec-ch-ua-mobil...
                   │    │       └ '贴吧'
                   │    └ {'凤凰网': <monitor.searchSpiders.ifeng.Ifeng object at 0x7fe063893370>, '头条': <monitor.searchSpiders.toutiao.Toutiao object at ...
                   └ <monitor.spiderManager.SearchSpidersManager object at 0x7fe0638938b0>

> File "/home/users/Scy/yuqing/spider/monitor/searchSpiders/tieba.py", line 22, in get_request_from_keyword
    response = requests.get(url, headers=headers, timeout=50)
               │        │   │            └ {'Connection': 'keep-alive', 'sec-ch-ua': "'Chromium';v='92',' Not A;Brand';v='99', 'Google Chrome';v='92'", 'sec-ch-ua-mobil...
               │        │   └ 'https://tieba.baidu.com/f/search/res?isnew=1&kw=&qw=乌克兰首任总统克拉夫丘克逝世&rn=10&un=&only_thread=0&sm=1&sd=&ed=&pn=2'
               │        └ <function get at 0x7fe06b2724c0>
               └ <module 'requests' from '/home/chase/.local/lib/python3.8/site-packages/requests/__init__.py'>

  File "/home/chase/.local/lib/python3.8/site-packages/requests/api.py", line 75, in get
    return request('get', url, params=params, **kwargs)
           │              │           │         └ {'headers': {'Connection': 'keep-alive', 'sec-ch-ua': "'Chromium';v='92',' Not A;Brand';v='99', 'Google Chrome';v='92'", 'sec...
           │              │           └ None
           │              └ 'https://tieba.baidu.com/f/search/res?isnew=1&kw=&qw=乌克兰首任总统克拉夫丘克逝世&rn=10&un=&only_thread=0&sm=1&sd=&ed=&pn=2'
           └ <function request at 0x7fe06b268310>
  File "/home/chase/.local/lib/python3.8/site-packages/requests/api.py", line 61, in request
    return session.request(method=method, url=url, **kwargs)
           │       │              │           │      └ {'params': None, 'headers': {'Connection': 'keep-alive', 'sec-ch-ua': "'Chromium';v='92',' Not A;Brand';v='99', 'Google Chrom...
           │       │              │           └ 'https://tieba.baidu.com/f/search/res?isnew=1&kw=&qw=乌克兰首任总统克拉夫丘克逝世&rn=10&un=&only_thread=0&sm=1&sd=&ed=&pn=2'
           │       │              └ 'get'
           │       └ <function Session.request at 0x7fe06b27bc10>
           └ <requests.sessions.Session object at 0x7fddf04e3b50>
  File "/home/chase/.local/lib/python3.8/site-packages/requests/sessions.py", line 542, in request
    resp = self.send(prep, **send_kwargs)
           │    │    │       └ {'timeout': 50, 'allow_redirects': True, 'verify': True, 'proxies': OrderedDict(), 'stream': False, 'cert': None}
           │    │    └ <PreparedRequest [GET]>
           │    └ <function Session.send at 0x7fe06b2720d0>
           └ <requests.sessions.Session object at 0x7fddf04e3b50>
  File "/home/chase/.local/lib/python3.8/site-packages/requests/sessions.py", line 677, in send
    history = [resp for resp in gen]
                                └ <generator object SessionRedirectMixin.resolve_redirects at 0x7fdf105d1c10>
  File "/home/chase/.local/lib/python3.8/site-packages/requests/sessions.py", line 677, in <listcomp>
    history = [resp for resp in gen]
  File "/home/chase/.local/lib/python3.8/site-packages/requests/sessions.py", line 237, in resolve_redirects
    resp = self.send(
           │    └ <function Session.send at 0x7fe06b2720d0>
           └ <requests.sessions.Session object at 0x7fddf04e3b50>
  File "/home/chase/.local/lib/python3.8/site-packages/requests/sessions.py", line 655, in send
    r = adapter.send(request, **kwargs)
        │       │    │          └ {'stream': False, 'timeout': 50, 'verify': True, 'cert': None, 'proxies': OrderedDict()}
        │       │    └ <PreparedRequest [GET]>
        │       └ <function HTTPAdapter.send at 0x7fe06b27b550>
        └ <requests.adapters.HTTPAdapter object at 0x7fdf10342a30>
  File "/home/chase/.local/lib/python3.8/site-packages/requests/adapters.py", line 514, in send
    raise SSLError(e, request=request)
          │                   └ <PreparedRequest [GET]>
          └ <class 'requests.exceptions.SSLError'>

requests.exceptions.SSLError: HTTPSConnectionPool(host='wappass.baidu.com', port=443): Max retries exceeded with url: /static/captcha/tuxing.html?ak=2ef521ec36290baed33d66de9b16f625&backurl=http%3A%2F%2Ftieba.baidu.com%2Ff%2Fsearch%2Fres%3Fisnew%3D1%26kw%3D%26qw%3D%25E4%25B9%258C%25E5%2585%258B%25E5%2585%25B0%25E9%25A6%2596%25E4%25BB%25BB%25E6%2580%25BB%25E7%25BB%259F%25E5%2585%258B%25E6%258B%2589%25E5%25A4%25AB%25E4%25B8%2598%25E5%2585%258B%25E9%2580%259D%25E4%25B8%2596%26rn%3D10%26un%3D%26only_thread%3D0%26sm%3D1%26sd%3D%26ed%3D%26pn%3D2&timestamp=1654628550&signature=7bacfbc832f0b1184c42019991606b33 (Caused by SSLError(SSLError(1, '[SSL: SSLV3_ALERT_HANDSHAKE_FAILURE] sslv3 alert handshake failure (_ssl.c:1131)')))
2022-06-08 03:15:40.845 | ERROR    | monitor.searchSpiders.tieba:get_request_from_keyword:34 - E 贴吧错误HTTPSConnectionPool(host='wappass.baidu.com', port=443): Max retries exceeded with url: /static/captcha/tuxing.html?ak=2ef521ec36290baed33d66de9b16f625&backurl=http%3A%2F%2Ftieba.baidu.com%2Ff%2Fsearch%2Fres%3Fisnew%3D1%26kw%3D%26qw%3D%25E5%25BE%25B7%25E5%259B%25BD%25E5%2592%258C%25E4%25B9%258C%25E5%2585%258B%25E5%2585%25B0%25E4%25B8%25A4%25E5%259B%25BD%25E6%2580%25BB%25E7%25BB%259F%25E9%2580%259A%25E7%2594%25B5%25E8%25AF%259D%26rn%3D10%26un%3D%26only_thread%3D0%26sm%3D1%26sd%3D%26ed%3D%26pn%3D28&timestamp=1654629340&signature=43e4989164d055d9774f4b8b07d27a16 (Caused by SSLError(SSLError(1, '[SSL: SSLV3_ALERT_HANDSHAKE_FAILURE] sslv3 alert handshake failure (_ssl.c:1131)')))
Traceback (most recent call last):

  File "/home/chase/.local/lib/python3.8/site-packages/urllib3/connectionpool.py", line 699, in urlopen
    httplib_response = self._make_request(
                       │    └ <function HTTPConnectionPool._make_request at 0x7fe06b3fed30>
                       └ <urllib3.connectionpool.HTTPSConnectionPool object at 0x7fde904fcf10>
  File "/home/chase/.local/lib/python3.8/site-packages/urllib3/connectionpool.py", line 382, in _make_request
    self._validate_conn(conn)
    │    │              └ <urllib3.connection.HTTPSConnection object at 0x7fdcf09d5220>
    │    └ <function HTTPSConnectionPool._validate_conn at 0x7fe06b3ff280>
    └ <urllib3.connectionpool.HTTPSConnectionPool object at 0x7fde904fcf10>
  File "/home/chase/.local/lib/python3.8/site-packages/urllib3/connectionpool.py", line 1010, in _validate_conn
    conn.connect()
    │    └ <function HTTPSConnection.connect at 0x7fe06b46d940>
    └ <urllib3.connection.HTTPSConnection object at 0x7fdcf09d5220>
  File "/home/chase/.local/lib/python3.8/site-packages/urllib3/connection.py", line 416, in connect
    self.sock = ssl_wrap_socket(
    │    │      └ <function ssl_wrap_socket at 0x7fe06b468670>
    │    └ None
    └ <urllib3.connection.HTTPSConnection object at 0x7fdcf09d5220>
  File "/home/chase/.local/lib/python3.8/site-packages/urllib3/util/ssl_.py", line 449, in ssl_wrap_socket
    ssl_sock = _ssl_wrap_socket_impl(
               └ <function _ssl_wrap_socket_impl at 0x7fe06b468820>
  File "/home/chase/.local/lib/python3.8/site-packages/urllib3/util/ssl_.py", line 493, in _ssl_wrap_socket_impl
    return ssl_context.wrap_socket(sock, server_hostname=server_hostname)
           │           │           │                     └ 'wappass.baidu.com'
           │           │           └ <socket.socket [closed] fd=-1, family=AddressFamily.AF_INET, type=SocketKind.SOCK_STREAM, proto=6>
           │           └ <function SSLContext.wrap_socket at 0x7fe08118de50>
           └ <ssl.SSLContext object at 0x7fdf547a63c0>
  File "/usr/lib/python3.8/ssl.py", line 500, in wrap_socket
    return self.sslsocket_class._create(
           │    │               └ <classmethod object at 0x7fe08c8cfaf0>
           │    └ <class 'ssl.SSLSocket'>
           └ <ssl.SSLContext object at 0x7fdf547a63c0>
  File "/usr/lib/python3.8/ssl.py", line 1040, in _create
    self.do_handshake()
    │    └ <function SSLSocket.do_handshake at 0x7fe08c8d2d30>
    └ <ssl.SSLSocket [closed] fd=-1, family=AddressFamily.AF_INET, type=SocketKind.SOCK_STREAM, proto=6>
  File "/usr/lib/python3.8/ssl.py", line 1309, in do_handshake
    self._sslobj.do_handshake()
    │    └ None
    └ <ssl.SSLSocket [closed] fd=-1, family=AddressFamily.AF_INET, type=SocketKind.SOCK_STREAM, proto=6>

ssl.SSLError: [SSL: SSLV3_ALERT_HANDSHAKE_FAILURE] sslv3 alert handshake failure (_ssl.c:1131)


During handling of the above exception, another exception occurred:


Traceback (most recent call last):

  File "/home/chase/.local/lib/python3.8/site-packages/requests/adapters.py", line 439, in send
    resp = conn.urlopen(
           │    └ <function HTTPConnectionPool.urlopen at 0x7fe06b3fef70>
           └ <urllib3.connectionpool.HTTPSConnectionPool object at 0x7fde904fcf10>
  File "/home/chase/.local/lib/python3.8/site-packages/urllib3/connectionpool.py", line 755, in urlopen
    retries = retries.increment(
              │       └ <function Retry.increment at 0x7fe06b443280>
              └ Retry(total=0, connect=None, read=False, redirect=None, status=None)
  File "/home/chase/.local/lib/python3.8/site-packages/urllib3/util/retry.py", line 574, in increment
    raise MaxRetryError(_pool, url, error or ResponseError(cause))
          │             │      │    │        │             └ 'unknown'
          │             │      │    │        └ <class 'urllib3.exceptions.ResponseError'>
          │             │      │    └ SSLError(SSLError(1, '[SSL: SSLV3_ALERT_HANDSHAKE_FAILURE] sslv3 alert handshake failure (_ssl.c:1131)'))
          │             │      └ '/static/captcha/tuxing.html?ak=2ef521ec36290baed33d66de9b16f625&backurl=http%3A%2F%2Ftieba.baidu.com%2Ff%2Fsearch%2Fres%3Fis...
          │             └ <urllib3.connectionpool.HTTPSConnectionPool object at 0x7fde904fcf10>
          └ <class 'urllib3.exceptions.MaxRetryError'>

urllib3.exceptions.MaxRetryError: HTTPSConnectionPool(host='wappass.baidu.com', port=443): Max retries exceeded with url: /static/captcha/tuxing.html?ak=2ef521ec36290baed33d66de9b16f625&backurl=http%3A%2F%2Ftieba.baidu.com%2Ff%2Fsearch%2Fres%3Fisnew%3D1%26kw%3D%26qw%3D%25E5%25BE%25B7%25E5%259B%25BD%25E5%2592%258C%25E4%25B9%258C%25E5%2585%258B%25E5%2585%25B0%25E4%25B8%25A4%25E5%259B%25BD%25E6%2580%25BB%25E7%25BB%259F%25E9%2580%259A%25E7%2594%25B5%25E8%25AF%259D%26rn%3D10%26un%3D%26only_thread%3D0%26sm%3D1%26sd%3D%26ed%3D%26pn%3D28&timestamp=1654629340&signature=43e4989164d055d9774f4b8b07d27a16 (Caused by SSLError(SSLError(1, '[SSL: SSLV3_ALERT_HANDSHAKE_FAILURE] sslv3 alert handshake failure (_ssl.c:1131)')))


During handling of the above exception, another exception occurred:


Traceback (most recent call last):

  File "/usr/lib/python3.8/threading.py", line 890, in _bootstrap
    self._bootstrap_inner()
    │    └ <function Thread._bootstrap_inner at 0x7fe08f92ea60>
    └ <Thread(Thread-16599, started daemon 140588392097536)>
  File "/usr/lib/python3.8/threading.py", line 932, in _bootstrap_inner
    self.run()
    │    └ <function Thread.run at 0x7fe08f92e790>
    └ <Thread(Thread-16599, started daemon 140588392097536)>
  File "/usr/lib/python3.8/threading.py", line 870, in run
    self._target(*self._args, **self._kwargs)
    │    │        │    │        │    └ {}
    │    │        │    │        └ <Thread(Thread-16599, started daemon 140588392097536)>
    │    │        │    └ ('ProjectManager.run_func_by_thread',)
    │    │        └ <Thread(Thread-16599, started daemon 140588392097536)>
    │    └ <bound method ProjectManager.get_request_from_keywords_hot of <monitor.projectManager.ProjectManager object at 0x7fe063c65790>>
    └ <Thread(Thread-16599, started daemon 140588392097536)>

  File "/home/users/Scy/yuqing/spider/monitor/projectManager.py", line 833, in get_request_from_keywords_hot
    self.search_spider_manager.crawl_by_keyword(
    │    │                     └ <function SearchSpidersManager.crawl_by_keyword at 0x7fe063c71160>
    │    └ <monitor.spiderManager.SearchSpidersManager object at 0x7fe0638938b0>
    └ <monitor.projectManager.ProjectManager object at 0x7fe063c65790>

  File "/home/users/Scy/yuqing/spider/monitor/spiderManager.py", line 118, in crawl_by_keyword
    self.crawl_by_keyword_signal_platform(project_names, platform, keyword, crawl_time, project_times)
    │    │                                │              │         │        │           └ {'default': <monitor.TimeSection object at 0x7fe0639a2b80>}
    │    │                                │              │         │        └ <monitor.TimeSection object at 0x7fdef026ed60>
    │    │                                │              │         └ '德国和乌克兰两国总统通电话'
    │    │                                │              └ '贴吧'
    │    │                                └ ['default']
    │    └ <function SearchSpidersManager.crawl_by_keyword_signal_platform at 0x7fe063c71280>
    └ <monitor.spiderManager.SearchSpidersManager object at 0x7fe0638938b0>

  File "/home/users/Scy/yuqing/spider/monitor/spiderManager.py", line 150, in crawl_by_keyword_signal_platform
    requests = self.get_request_from_keyword(platform, keyword_only, **crawl_time.to_dict())
               │    │                        │         │               │          └ <function TimeSection.to_dict at 0x7fe06b8931f0>
               │    │                        │         │               └ <monitor.TimeSection object at 0x7fdef026ed60>
               │    │                        │         └ '德国和乌克兰两国总统通电话'
               │    │                        └ '贴吧'
               │    └ <function SearchSpidersManager.get_request_from_keyword at 0x7fe063c713a0>
               └ <monitor.spiderManager.SearchSpidersManager object at 0x7fe0638938b0>

  File "/home/users/Scy/yuqing/spider/monitor/spiderManager.py", line 214, in get_request_from_keyword
    for request in self.spiders[platform].get_request_from_keyword(headers, search_url, keyword, content_url,
                   │    │       │                                  │        │           │        └ None
                   │    │       │                                  │        │           └ '德国和乌克兰两国总统通电话'
                   │    │       │                                  │        └ <string.Template object at 0x7fdf5439d4f0>
                   │    │       │                                  └ {'Connection': 'keep-alive', 'sec-ch-ua': "'Chromium';v='92',' Not A;Brand';v='99', 'Google Chrome';v='92'", 'sec-ch-ua-mobil...
                   │    │       └ '贴吧'
                   │    └ {'凤凰网': <monitor.searchSpiders.ifeng.Ifeng object at 0x7fe063893370>, '头条': <monitor.searchSpiders.toutiao.Toutiao object at ...
                   └ <monitor.spiderManager.SearchSpidersManager object at 0x7fe0638938b0>

> File "/home/users/Scy/yuqing/spider/monitor/searchSpiders/tieba.py", line 22, in get_request_from_keyword
    response = requests.get(url, headers=headers, timeout=50)
               │        │   │            └ {'Connection': 'keep-alive', 'sec-ch-ua': "'Chromium';v='92',' Not A;Brand';v='99', 'Google Chrome';v='92'", 'sec-ch-ua-mobil...
               │        │   └ 'https://tieba.baidu.com/f/search/res?isnew=1&kw=&qw=德国和乌克兰两国总统通电话&rn=10&un=&only_thread=0&sm=1&sd=&ed=&pn=28'
               │        └ <function get at 0x7fe06b2724c0>
               └ <module 'requests' from '/home/chase/.local/lib/python3.8/site-packages/requests/__init__.py'>

  File "/home/chase/.local/lib/python3.8/site-packages/requests/api.py", line 75, in get
    return request('get', url, params=params, **kwargs)
           │              │           │         └ {'headers': {'Connection': 'keep-alive', 'sec-ch-ua': "'Chromium';v='92',' Not A;Brand';v='99', 'Google Chrome';v='92'", 'sec...
           │              │           └ None
           │              └ 'https://tieba.baidu.com/f/search/res?isnew=1&kw=&qw=德国和乌克兰两国总统通电话&rn=10&un=&only_thread=0&sm=1&sd=&ed=&pn=28'
           └ <function request at 0x7fe06b268310>
  File "/home/chase/.local/lib/python3.8/site-packages/requests/api.py", line 61, in request
    return session.request(method=method, url=url, **kwargs)
           │       │              │           │      └ {'params': None, 'headers': {'Connection': 'keep-alive', 'sec-ch-ua': "'Chromium';v='92',' Not A;Brand';v='99', 'Google Chrom...
           │       │              │           └ 'https://tieba.baidu.com/f/search/res?isnew=1&kw=&qw=德国和乌克兰两国总统通电话&rn=10&un=&only_thread=0&sm=1&sd=&ed=&pn=28'
           │       │              └ 'get'
           │       └ <function Session.request at 0x7fe06b27bc10>
           └ <requests.sessions.Session object at 0x7fdd21d960a0>
  File "/home/chase/.local/lib/python3.8/site-packages/requests/sessions.py", line 542, in request
    resp = self.send(prep, **send_kwargs)
           │    │    │       └ {'timeout': 50, 'allow_redirects': True, 'verify': True, 'proxies': OrderedDict(), 'stream': False, 'cert': None}
           │    │    └ <PreparedRequest [GET]>
           │    └ <function Session.send at 0x7fe06b2720d0>
           └ <requests.sessions.Session object at 0x7fdd21d960a0>
  File "/home/chase/.local/lib/python3.8/site-packages/requests/sessions.py", line 677, in send
    history = [resp for resp in gen]
                                └ <generator object SessionRedirectMixin.resolve_redirects at 0x7fde1066ef90>
  File "/home/chase/.local/lib/python3.8/site-packages/requests/sessions.py", line 677, in <listcomp>
    history = [resp for resp in gen]
  File "/home/chase/.local/lib/python3.8/site-packages/requests/sessions.py", line 237, in resolve_redirects
    resp = self.send(
           │    └ <function Session.send at 0x7fe06b2720d0>
           └ <requests.sessions.Session object at 0x7fdd21d960a0>
  File "/home/chase/.local/lib/python3.8/site-packages/requests/sessions.py", line 655, in send
    r = adapter.send(request, **kwargs)
        │       │    │          └ {'stream': False, 'timeout': 50, 'verify': True, 'cert': None, 'proxies': OrderedDict()}
        │       │    └ <PreparedRequest [GET]>
        │       └ <function HTTPAdapter.send at 0x7fe06b27b550>
        └ <requests.adapters.HTTPAdapter object at 0x7fdd3d7e1b50>
  File "/home/chase/.local/lib/python3.8/site-packages/requests/adapters.py", line 514, in send
    raise SSLError(e, request=request)
          │                   └ <PreparedRequest [GET]>
          └ <class 'requests.exceptions.SSLError'>

requests.exceptions.SSLError: HTTPSConnectionPool(host='wappass.baidu.com', port=443): Max retries exceeded with url: /static/captcha/tuxing.html?ak=2ef521ec36290baed33d66de9b16f625&backurl=http%3A%2F%2Ftieba.baidu.com%2Ff%2Fsearch%2Fres%3Fisnew%3D1%26kw%3D%26qw%3D%25E5%25BE%25B7%25E5%259B%25BD%25E5%2592%258C%25E4%25B9%258C%25E5%2585%258B%25E5%2585%25B0%25E4%25B8%25A4%25E5%259B%25BD%25E6%2580%25BB%25E7%25BB%259F%25E9%2580%259A%25E7%2594%25B5%25E8%25AF%259D%26rn%3D10%26un%3D%26only_thread%3D0%26sm%3D1%26sd%3D%26ed%3D%26pn%3D28&timestamp=1654629340&signature=43e4989164d055d9774f4b8b07d27a16 (Caused by SSLError(SSLError(1, '[SSL: SSLV3_ALERT_HANDSHAKE_FAILURE] sslv3 alert handshake failure (_ssl.c:1131)')))
2022-06-08 03:26:30.539 | ERROR    | monitor.searchSpiders.tieba:get_request_from_keyword:34 - E 贴吧错误HTTPSConnectionPool(host='wappass.baidu.com', port=443): Max retries exceeded with url: /static/captcha/tuxing.html?ak=2ef521ec36290baed33d66de9b16f625&backurl=http%3A%2F%2Ftieba.baidu.com%2Ff%2Fsearch%2Fres%3Fisnew%3D1%26kw%3D%26qw%3D%25E5%2585%25A8%25E5%2586%259B%25E9%2587%2587%25E8%25B4%25AD%25E8%25A1%258C%25E4%25B8%259A%25E6%2594%25BF%25E7%25AD%2596%25E6%25B3%2595%25E8%25A7%2584%25E5%25AE%25A3%25E4%25BC%25A0%25E8%25B4%25AF%25E5%25BD%25BB%25E6%25B4%25BB%25E5%258A%25A8%25E5%25B1%2595%25E5%25BC%2580%26rn%3D10%26un%3D%26only_thread%3D0%26sm%3D1%26sd%3D%26ed%3D%26pn%3D17&timestamp=1654629990&signature=cad611e0f439ac4847d79ef9402ace7a (Caused by SSLError(SSLError(1, '[SSL: SSLV3_ALERT_HANDSHAKE_FAILURE] sslv3 alert handshake failure (_ssl.c:1131)')))
Traceback (most recent call last):

  File "/home/chase/.local/lib/python3.8/site-packages/urllib3/connectionpool.py", line 699, in urlopen
    httplib_response = self._make_request(
                       │    └ <function HTTPConnectionPool._make_request at 0x7fe06b3fed30>
                       └ <urllib3.connectionpool.HTTPSConnectionPool object at 0x7fdda2527e80>
  File "/home/chase/.local/lib/python3.8/site-packages/urllib3/connectionpool.py", line 382, in _make_request
    self._validate_conn(conn)
    │    │              └ <urllib3.connection.HTTPSConnection object at 0x7fde705d5f70>
    │    └ <function HTTPSConnectionPool._validate_conn at 0x7fe06b3ff280>
    └ <urllib3.connectionpool.HTTPSConnectionPool object at 0x7fdda2527e80>
  File "/home/chase/.local/lib/python3.8/site-packages/urllib3/connectionpool.py", line 1010, in _validate_conn
    conn.connect()
    │    └ <function HTTPSConnection.connect at 0x7fe06b46d940>
    └ <urllib3.connection.HTTPSConnection object at 0x7fde705d5f70>
  File "/home/chase/.local/lib/python3.8/site-packages/urllib3/connection.py", line 416, in connect
    self.sock = ssl_wrap_socket(
    │    │      └ <function ssl_wrap_socket at 0x7fe06b468670>
    │    └ None
    └ <urllib3.connection.HTTPSConnection object at 0x7fde705d5f70>
  File "/home/chase/.local/lib/python3.8/site-packages/urllib3/util/ssl_.py", line 449, in ssl_wrap_socket
    ssl_sock = _ssl_wrap_socket_impl(
               └ <function _ssl_wrap_socket_impl at 0x7fe06b468820>
  File "/home/chase/.local/lib/python3.8/site-packages/urllib3/util/ssl_.py", line 493, in _ssl_wrap_socket_impl
    return ssl_context.wrap_socket(sock, server_hostname=server_hostname)
           │           │           │                     └ 'wappass.baidu.com'
           │           │           └ <socket.socket [closed] fd=-1, family=AddressFamily.AF_INET, type=SocketKind.SOCK_STREAM, proto=6>
           │           └ <function SSLContext.wrap_socket at 0x7fe08118de50>
           └ <ssl.SSLContext object at 0x7fdd21e5cf40>
  File "/usr/lib/python3.8/ssl.py", line 500, in wrap_socket
    return self.sslsocket_class._create(
           │    │               └ <classmethod object at 0x7fe08c8cfaf0>
           │    └ <class 'ssl.SSLSocket'>
           └ <ssl.SSLContext object at 0x7fdd21e5cf40>
  File "/usr/lib/python3.8/ssl.py", line 1040, in _create
    self.do_handshake()
    │    └ <function SSLSocket.do_handshake at 0x7fe08c8d2d30>
    └ <ssl.SSLSocket [closed] fd=-1, family=AddressFamily.AF_INET, type=SocketKind.SOCK_STREAM, proto=6>
  File "/usr/lib/python3.8/ssl.py", line 1309, in do_handshake
    self._sslobj.do_handshake()
    │    └ None
    └ <ssl.SSLSocket [closed] fd=-1, family=AddressFamily.AF_INET, type=SocketKind.SOCK_STREAM, proto=6>

ssl.SSLError: [SSL: SSLV3_ALERT_HANDSHAKE_FAILURE] sslv3 alert handshake failure (_ssl.c:1131)


During handling of the above exception, another exception occurred:


Traceback (most recent call last):

  File "/home/chase/.local/lib/python3.8/site-packages/requests/adapters.py", line 439, in send
    resp = conn.urlopen(
           │    └ <function HTTPConnectionPool.urlopen at 0x7fe06b3fef70>
           └ <urllib3.connectionpool.HTTPSConnectionPool object at 0x7fdda2527e80>
  File "/home/chase/.local/lib/python3.8/site-packages/urllib3/connectionpool.py", line 755, in urlopen
    retries = retries.increment(
              │       └ <function Retry.increment at 0x7fe06b443280>
              └ Retry(total=0, connect=None, read=False, redirect=None, status=None)
  File "/home/chase/.local/lib/python3.8/site-packages/urllib3/util/retry.py", line 574, in increment
    raise MaxRetryError(_pool, url, error or ResponseError(cause))
          │             │      │    │        │             └ 'unknown'
          │             │      │    │        └ <class 'urllib3.exceptions.ResponseError'>
          │             │      │    └ SSLError(SSLError(1, '[SSL: SSLV3_ALERT_HANDSHAKE_FAILURE] sslv3 alert handshake failure (_ssl.c:1131)'))
          │             │      └ '/static/captcha/tuxing.html?ak=2ef521ec36290baed33d66de9b16f625&backurl=http%3A%2F%2Ftieba.baidu.com%2Ff%2Fsearch%2Fres%3Fis...
          │             └ <urllib3.connectionpool.HTTPSConnectionPool object at 0x7fdda2527e80>
          └ <class 'urllib3.exceptions.MaxRetryError'>

urllib3.exceptions.MaxRetryError: HTTPSConnectionPool(host='wappass.baidu.com', port=443): Max retries exceeded with url: /static/captcha/tuxing.html?ak=2ef521ec36290baed33d66de9b16f625&backurl=http%3A%2F%2Ftieba.baidu.com%2Ff%2Fsearch%2Fres%3Fisnew%3D1%26kw%3D%26qw%3D%25E5%2585%25A8%25E5%2586%259B%25E9%2587%2587%25E8%25B4%25AD%25E8%25A1%258C%25E4%25B8%259A%25E6%2594%25BF%25E7%25AD%2596%25E6%25B3%2595%25E8%25A7%2584%25E5%25AE%25A3%25E4%25BC%25A0%25E8%25B4%25AF%25E5%25BD%25BB%25E6%25B4%25BB%25E5%258A%25A8%25E5%25B1%2595%25E5%25BC%2580%26rn%3D10%26un%3D%26only_thread%3D0%26sm%3D1%26sd%3D%26ed%3D%26pn%3D17&timestamp=1654629990&signature=cad611e0f439ac4847d79ef9402ace7a (Caused by SSLError(SSLError(1, '[SSL: SSLV3_ALERT_HANDSHAKE_FAILURE] sslv3 alert handshake failure (_ssl.c:1131)')))


During handling of the above exception, another exception occurred:


Traceback (most recent call last):

  File "/usr/lib/python3.8/threading.py", line 890, in _bootstrap
    self._bootstrap_inner()
    │    └ <function Thread._bootstrap_inner at 0x7fe08f92ea60>
    └ <Thread(Thread-13260, started daemon 140587666667264)>
  File "/usr/lib/python3.8/threading.py", line 932, in _bootstrap_inner
    self.run()
    │    └ <function Thread.run at 0x7fe08f92e790>
    └ <Thread(Thread-13260, started daemon 140587666667264)>
  File "/usr/lib/python3.8/threading.py", line 870, in run
    self._target(*self._args, **self._kwargs)
    │    │        │    │        │    └ {}
    │    │        │    │        └ <Thread(Thread-13260, started daemon 140587666667264)>
    │    │        │    └ ('ProjectManager.run_func_by_thread',)
    │    │        └ <Thread(Thread-13260, started daemon 140587666667264)>
    │    └ <bound method ProjectManager.get_request_from_keywords_hot of <monitor.projectManager.ProjectManager object at 0x7fe063c65790>>
    └ <Thread(Thread-13260, started daemon 140587666667264)>

  File "/home/users/Scy/yuqing/spider/monitor/projectManager.py", line 833, in get_request_from_keywords_hot
    self.search_spider_manager.crawl_by_keyword(
    │    │                     └ <function SearchSpidersManager.crawl_by_keyword at 0x7fe063c71160>
    │    └ <monitor.spiderManager.SearchSpidersManager object at 0x7fe0638938b0>
    └ <monitor.projectManager.ProjectManager object at 0x7fe063c65790>

  File "/home/users/Scy/yuqing/spider/monitor/spiderManager.py", line 118, in crawl_by_keyword
    self.crawl_by_keyword_signal_platform(project_names, platform, keyword, crawl_time, project_times)
    │    │                                │              │         │        │           └ {'default': <monitor.TimeSection object at 0x7fe0639a2b80>}
    │    │                                │              │         │        └ <monitor.TimeSection object at 0x7fdef0625ca0>
    │    │                                │              │         └ '全军采购行业政策法规宣传贯彻活动展开'
    │    │                                │              └ '贴吧'
    │    │                                └ ['default']
    │    └ <function SearchSpidersManager.crawl_by_keyword_signal_platform at 0x7fe063c71280>
    └ <monitor.spiderManager.SearchSpidersManager object at 0x7fe0638938b0>

  File "/home/users/Scy/yuqing/spider/monitor/spiderManager.py", line 150, in crawl_by_keyword_signal_platform
    requests = self.get_request_from_keyword(platform, keyword_only, **crawl_time.to_dict())
               │    │                        │         │               │          └ <function TimeSection.to_dict at 0x7fe06b8931f0>
               │    │                        │         │               └ <monitor.TimeSection object at 0x7fdef0625ca0>
               │    │                        │         └ '全军采购行业政策法规宣传贯彻活动展开'
               │    │                        └ '贴吧'
               │    └ <function SearchSpidersManager.get_request_from_keyword at 0x7fe063c713a0>
               └ <monitor.spiderManager.SearchSpidersManager object at 0x7fe0638938b0>

  File "/home/users/Scy/yuqing/spider/monitor/spiderManager.py", line 214, in get_request_from_keyword
    for request in self.spiders[platform].get_request_from_keyword(headers, search_url, keyword, content_url,
                   │    │       │                                  │        │           │        └ None
                   │    │       │                                  │        │           └ '全军采购行业政策法规宣传贯彻活动展开'
                   │    │       │                                  │        └ <string.Template object at 0x7fdcf144ff70>
                   │    │       │                                  └ {'Connection': 'keep-alive', 'sec-ch-ua': "'Chromium';v='92',' Not A;Brand';v='99', 'Google Chrome';v='92'", 'sec-ch-ua-mobil...
                   │    │       └ '贴吧'
                   │    └ {'凤凰网': <monitor.searchSpiders.ifeng.Ifeng object at 0x7fe063893370>, '头条': <monitor.searchSpiders.toutiao.Toutiao object at ...
                   └ <monitor.spiderManager.SearchSpidersManager object at 0x7fe0638938b0>

> File "/home/users/Scy/yuqing/spider/monitor/searchSpiders/tieba.py", line 22, in get_request_from_keyword
    response = requests.get(url, headers=headers, timeout=50)
               │        │   │            └ {'Connection': 'keep-alive', 'sec-ch-ua': "'Chromium';v='92',' Not A;Brand';v='99', 'Google Chrome';v='92'", 'sec-ch-ua-mobil...
               │        │   └ 'https://tieba.baidu.com/f/search/res?isnew=1&kw=&qw=全军采购行业政策法规宣传贯彻活动展开&rn=10&un=&only_thread=0&sm=1&sd=&ed=&pn=17'
               │        └ <function get at 0x7fe06b2724c0>
               └ <module 'requests' from '/home/chase/.local/lib/python3.8/site-packages/requests/__init__.py'>

  File "/home/chase/.local/lib/python3.8/site-packages/requests/api.py", line 75, in get
    return request('get', url, params=params, **kwargs)
           │              │           │         └ {'headers': {'Connection': 'keep-alive', 'sec-ch-ua': "'Chromium';v='92',' Not A;Brand';v='99', 'Google Chrome';v='92'", 'sec...
           │              │           └ None
           │              └ 'https://tieba.baidu.com/f/search/res?isnew=1&kw=&qw=全军采购行业政策法规宣传贯彻活动展开&rn=10&un=&only_thread=0&sm=1&sd=&ed=&pn=17'
           └ <function request at 0x7fe06b268310>
  File "/home/chase/.local/lib/python3.8/site-packages/requests/api.py", line 61, in request
    return session.request(method=method, url=url, **kwargs)
           │       │              │           │      └ {'params': None, 'headers': {'Connection': 'keep-alive', 'sec-ch-ua': "'Chromium';v='92',' Not A;Brand';v='99', 'Google Chrom...
           │       │              │           └ 'https://tieba.baidu.com/f/search/res?isnew=1&kw=&qw=全军采购行业政策法规宣传贯彻活动展开&rn=10&un=&only_thread=0&sm=1&sd=&ed=&pn=17'
           │       │              └ 'get'
           │       └ <function Session.request at 0x7fe06b27bc10>
           └ <requests.sessions.Session object at 0x7fdd0627e430>
  File "/home/chase/.local/lib/python3.8/site-packages/requests/sessions.py", line 542, in request
    resp = self.send(prep, **send_kwargs)
           │    │    │       └ {'timeout': 50, 'allow_redirects': True, 'verify': True, 'proxies': OrderedDict(), 'stream': False, 'cert': None}
           │    │    └ <PreparedRequest [GET]>
           │    └ <function Session.send at 0x7fe06b2720d0>
           └ <requests.sessions.Session object at 0x7fdd0627e430>
  File "/home/chase/.local/lib/python3.8/site-packages/requests/sessions.py", line 677, in send
    history = [resp for resp in gen]
                                └ <generator object SessionRedirectMixin.resolve_redirects at 0x7fdceae6fac0>
  File "/home/chase/.local/lib/python3.8/site-packages/requests/sessions.py", line 677, in <listcomp>
    history = [resp for resp in gen]
  File "/home/chase/.local/lib/python3.8/site-packages/requests/sessions.py", line 237, in resolve_redirects
    resp = self.send(
           │    └ <function Session.send at 0x7fe06b2720d0>
           └ <requests.sessions.Session object at 0x7fdd0627e430>
  File "/home/chase/.local/lib/python3.8/site-packages/requests/sessions.py", line 655, in send
    r = adapter.send(request, **kwargs)
        │       │    │          └ {'stream': False, 'timeout': 50, 'verify': True, 'cert': None, 'proxies': OrderedDict()}
        │       │    └ <PreparedRequest [GET]>
        │       └ <function HTTPAdapter.send at 0x7fe06b27b550>
        └ <requests.adapters.HTTPAdapter object at 0x7fdf101f31c0>
  File "/home/chase/.local/lib/python3.8/site-packages/requests/adapters.py", line 514, in send
    raise SSLError(e, request=request)
          │                   └ <PreparedRequest [GET]>
          └ <class 'requests.exceptions.SSLError'>

requests.exceptions.SSLError: HTTPSConnectionPool(host='wappass.baidu.com', port=443): Max retries exceeded with url: /static/captcha/tuxing.html?ak=2ef521ec36290baed33d66de9b16f625&backurl=http%3A%2F%2Ftieba.baidu.com%2Ff%2Fsearch%2Fres%3Fisnew%3D1%26kw%3D%26qw%3D%25E5%2585%25A8%25E5%2586%259B%25E9%2587%2587%25E8%25B4%25AD%25E8%25A1%258C%25E4%25B8%259A%25E6%2594%25BF%25E7%25AD%2596%25E6%25B3%2595%25E8%25A7%2584%25E5%25AE%25A3%25E4%25BC%25A0%25E8%25B4%25AF%25E5%25BD%25BB%25E6%25B4%25BB%25E5%258A%25A8%25E5%25B1%2595%25E5%25BC%2580%26rn%3D10%26un%3D%26only_thread%3D0%26sm%3D1%26sd%3D%26ed%3D%26pn%3D17&timestamp=1654629990&signature=cad611e0f439ac4847d79ef9402ace7a (Caused by SSLError(SSLError(1, '[SSL: SSLV3_ALERT_HANDSHAKE_FAILURE] sslv3 alert handshake failure (_ssl.c:1131)')))
2022-06-08 03:32:50.143 | ERROR    | monitor.searchSpiders.tieba:get_request_from_keyword:34 - E 贴吧错误HTTPSConnectionPool(host='wappass.baidu.com', port=443): Max retries exceeded with url: /static/captcha/tuxing.html?ak=2ef521ec36290baed33d66de9b16f625&backurl=http%3A%2F%2Ftieba.baidu.com%2Ff%2Fsearch%2Fres%3Fisnew%3D1%26kw%3D%26qw%3D%25E5%25BE%25B7%25E5%259B%25BD%25E5%2592%258C%25E4%25B9%258C%25E5%2585%258B%25E5%2585%25B0%25E4%25B8%25A4%25E5%259B%25BD%25E6%2580%25BB%25E7%25BB%259F%25E9%2580%259A%25E7%2594%25B5%25E8%25AF%259D%26rn%3D10%26un%3D%26only_thread%3D0%26sm%3D1%26sd%3D%26ed%3D%26pn%3D13&timestamp=1654630370&signature=bc35101a18c864defae96934704fb068 (Caused by SSLError(SSLError(1, '[SSL: SSLV3_ALERT_HANDSHAKE_FAILURE] sslv3 alert handshake failure (_ssl.c:1131)')))
Traceback (most recent call last):

  File "/home/chase/.local/lib/python3.8/site-packages/urllib3/connectionpool.py", line 699, in urlopen
    httplib_response = self._make_request(
                       │    └ <function HTTPConnectionPool._make_request at 0x7fe06b3fed30>
                       └ <urllib3.connectionpool.HTTPSConnectionPool object at 0x7fdcd1f12250>
  File "/home/chase/.local/lib/python3.8/site-packages/urllib3/connectionpool.py", line 382, in _make_request
    self._validate_conn(conn)
    │    │              └ <urllib3.connection.HTTPSConnection object at 0x7fdcd1f12a00>
    │    └ <function HTTPSConnectionPool._validate_conn at 0x7fe06b3ff280>
    └ <urllib3.connectionpool.HTTPSConnectionPool object at 0x7fdcd1f12250>
  File "/home/chase/.local/lib/python3.8/site-packages/urllib3/connectionpool.py", line 1010, in _validate_conn
    conn.connect()
    │    └ <function HTTPSConnection.connect at 0x7fe06b46d940>
    └ <urllib3.connection.HTTPSConnection object at 0x7fdcd1f12a00>
  File "/home/chase/.local/lib/python3.8/site-packages/urllib3/connection.py", line 416, in connect
    self.sock = ssl_wrap_socket(
    │    │      └ <function ssl_wrap_socket at 0x7fe06b468670>
    │    └ None
    └ <urllib3.connection.HTTPSConnection object at 0x7fdcd1f12a00>
  File "/home/chase/.local/lib/python3.8/site-packages/urllib3/util/ssl_.py", line 449, in ssl_wrap_socket
    ssl_sock = _ssl_wrap_socket_impl(
               └ <function _ssl_wrap_socket_impl at 0x7fe06b468820>
  File "/home/chase/.local/lib/python3.8/site-packages/urllib3/util/ssl_.py", line 493, in _ssl_wrap_socket_impl
    return ssl_context.wrap_socket(sock, server_hostname=server_hostname)
           │           │           │                     └ 'wappass.baidu.com'
           │           │           └ <socket.socket [closed] fd=-1, family=AddressFamily.AF_INET, type=SocketKind.SOCK_STREAM, proto=6>
           │           └ <function SSLContext.wrap_socket at 0x7fe08118de50>
           └ <ssl.SSLContext object at 0x7fde701fd340>
  File "/usr/lib/python3.8/ssl.py", line 500, in wrap_socket
    return self.sslsocket_class._create(
           │    │               └ <classmethod object at 0x7fe08c8cfaf0>
           │    └ <class 'ssl.SSLSocket'>
           └ <ssl.SSLContext object at 0x7fde701fd340>
  File "/usr/lib/python3.8/ssl.py", line 1040, in _create
    self.do_handshake()
    │    └ <function SSLSocket.do_handshake at 0x7fe08c8d2d30>
    └ <ssl.SSLSocket [closed] fd=-1, family=AddressFamily.AF_INET, type=SocketKind.SOCK_STREAM, proto=6>
  File "/usr/lib/python3.8/ssl.py", line 1309, in do_handshake
    self._sslobj.do_handshake()
    │    └ None
    └ <ssl.SSLSocket [closed] fd=-1, family=AddressFamily.AF_INET, type=SocketKind.SOCK_STREAM, proto=6>

ssl.SSLError: [SSL: SSLV3_ALERT_HANDSHAKE_FAILURE] sslv3 alert handshake failure (_ssl.c:1131)


During handling of the above exception, another exception occurred:


Traceback (most recent call last):

  File "/home/chase/.local/lib/python3.8/site-packages/requests/adapters.py", line 439, in send
    resp = conn.urlopen(
           │    └ <function HTTPConnectionPool.urlopen at 0x7fe06b3fef70>
           └ <urllib3.connectionpool.HTTPSConnectionPool object at 0x7fdcd1f12250>
  File "/home/chase/.local/lib/python3.8/site-packages/urllib3/connectionpool.py", line 755, in urlopen
    retries = retries.increment(
              │       └ <function Retry.increment at 0x7fe06b443280>
              └ Retry(total=0, connect=None, read=False, redirect=None, status=None)
  File "/home/chase/.local/lib/python3.8/site-packages/urllib3/util/retry.py", line 574, in increment
    raise MaxRetryError(_pool, url, error or ResponseError(cause))
          │             │      │    │        │             └ 'unknown'
          │             │      │    │        └ <class 'urllib3.exceptions.ResponseError'>
          │             │      │    └ SSLError(SSLError(1, '[SSL: SSLV3_ALERT_HANDSHAKE_FAILURE] sslv3 alert handshake failure (_ssl.c:1131)'))
          │             │      └ '/static/captcha/tuxing.html?ak=2ef521ec36290baed33d66de9b16f625&backurl=http%3A%2F%2Ftieba.baidu.com%2Ff%2Fsearch%2Fres%3Fis...
          │             └ <urllib3.connectionpool.HTTPSConnectionPool object at 0x7fdcd1f12250>
          └ <class 'urllib3.exceptions.MaxRetryError'>

urllib3.exceptions.MaxRetryError: HTTPSConnectionPool(host='wappass.baidu.com', port=443): Max retries exceeded with url: /static/captcha/tuxing.html?ak=2ef521ec36290baed33d66de9b16f625&backurl=http%3A%2F%2Ftieba.baidu.com%2Ff%2Fsearch%2Fres%3Fisnew%3D1%26kw%3D%26qw%3D%25E5%25BE%25B7%25E5%259B%25BD%25E5%2592%258C%25E4%25B9%258C%25E5%2585%258B%25E5%2585%25B0%25E4%25B8%25A4%25E5%259B%25BD%25E6%2580%25BB%25E7%25BB%259F%25E9%2580%259A%25E7%2594%25B5%25E8%25AF%259D%26rn%3D10%26un%3D%26only_thread%3D0%26sm%3D1%26sd%3D%26ed%3D%26pn%3D13&timestamp=1654630370&signature=bc35101a18c864defae96934704fb068 (Caused by SSLError(SSLError(1, '[SSL: SSLV3_ALERT_HANDSHAKE_FAILURE] sslv3 alert handshake failure (_ssl.c:1131)')))


During handling of the above exception, another exception occurred:


Traceback (most recent call last):

  File "/usr/lib/python3.8/threading.py", line 890, in _bootstrap
    self._bootstrap_inner()
    │    └ <function Thread._bootstrap_inner at 0x7fe08f92ea60>
    └ <Thread(Thread-16896, started daemon 140589361714944)>
  File "/usr/lib/python3.8/threading.py", line 932, in _bootstrap_inner
    self.run()
    │    └ <function Thread.run at 0x7fe08f92e790>
    └ <Thread(Thread-16896, started daemon 140589361714944)>
  File "/usr/lib/python3.8/threading.py", line 870, in run
    self._target(*self._args, **self._kwargs)
    │    │        │    │        │    └ {}
    │    │        │    │        └ <Thread(Thread-16896, started daemon 140589361714944)>
    │    │        │    └ ('ProjectManager.run_func_by_thread',)
    │    │        └ <Thread(Thread-16896, started daemon 140589361714944)>
    │    └ <bound method ProjectManager.get_request_from_keywords_hot of <monitor.projectManager.ProjectManager object at 0x7fe063c65790>>
    └ <Thread(Thread-16896, started daemon 140589361714944)>

  File "/home/users/Scy/yuqing/spider/monitor/projectManager.py", line 833, in get_request_from_keywords_hot
    self.search_spider_manager.crawl_by_keyword(
    │    │                     └ <function SearchSpidersManager.crawl_by_keyword at 0x7fe063c71160>
    │    └ <monitor.spiderManager.SearchSpidersManager object at 0x7fe0638938b0>
    └ <monitor.projectManager.ProjectManager object at 0x7fe063c65790>

  File "/home/users/Scy/yuqing/spider/monitor/spiderManager.py", line 118, in crawl_by_keyword
    self.crawl_by_keyword_signal_platform(project_names, platform, keyword, crawl_time, project_times)
    │    │                                │              │         │        │           └ {'default': <monitor.TimeSection object at 0x7fe0639a2b80>}
    │    │                                │              │         │        └ <monitor.TimeSection object at 0x7fdd0195f5e0>
    │    │                                │              │         └ '德国和乌克兰两国总统通电话'
    │    │                                │              └ '贴吧'
    │    │                                └ ['default']
    │    └ <function SearchSpidersManager.crawl_by_keyword_signal_platform at 0x7fe063c71280>
    └ <monitor.spiderManager.SearchSpidersManager object at 0x7fe0638938b0>

  File "/home/users/Scy/yuqing/spider/monitor/spiderManager.py", line 150, in crawl_by_keyword_signal_platform
    requests = self.get_request_from_keyword(platform, keyword_only, **crawl_time.to_dict())
               │    │                        │         │               │          └ <function TimeSection.to_dict at 0x7fe06b8931f0>
               │    │                        │         │               └ <monitor.TimeSection object at 0x7fdd0195f5e0>
               │    │                        │         └ '德国和乌克兰两国总统通电话'
               │    │                        └ '贴吧'
               │    └ <function SearchSpidersManager.get_request_from_keyword at 0x7fe063c713a0>
               └ <monitor.spiderManager.SearchSpidersManager object at 0x7fe0638938b0>

  File "/home/users/Scy/yuqing/spider/monitor/spiderManager.py", line 214, in get_request_from_keyword
    for request in self.spiders[platform].get_request_from_keyword(headers, search_url, keyword, content_url,
                   │    │       │                                  │        │           │        └ None
                   │    │       │                                  │        │           └ '德国和乌克兰两国总统通电话'
                   │    │       │                                  │        └ <string.Template object at 0x7fdd0deb1940>
                   │    │       │                                  └ {'Connection': 'keep-alive', 'sec-ch-ua': "'Chromium';v='92',' Not A;Brand';v='99', 'Google Chrome';v='92'", 'sec-ch-ua-mobil...
                   │    │       └ '贴吧'
                   │    └ {'凤凰网': <monitor.searchSpiders.ifeng.Ifeng object at 0x7fe063893370>, '头条': <monitor.searchSpiders.toutiao.Toutiao object at ...
                   └ <monitor.spiderManager.SearchSpidersManager object at 0x7fe0638938b0>

> File "/home/users/Scy/yuqing/spider/monitor/searchSpiders/tieba.py", line 22, in get_request_from_keyword
    response = requests.get(url, headers=headers, timeout=50)
               │        │   │            └ {'Connection': 'keep-alive', 'sec-ch-ua': "'Chromium';v='92',' Not A;Brand';v='99', 'Google Chrome';v='92'", 'sec-ch-ua-mobil...
               │        │   └ 'https://tieba.baidu.com/f/search/res?isnew=1&kw=&qw=德国和乌克兰两国总统通电话&rn=10&un=&only_thread=0&sm=1&sd=&ed=&pn=13'
               │        └ <function get at 0x7fe06b2724c0>
               └ <module 'requests' from '/home/chase/.local/lib/python3.8/site-packages/requests/__init__.py'>

  File "/home/chase/.local/lib/python3.8/site-packages/requests/api.py", line 75, in get
    return request('get', url, params=params, **kwargs)
           │              │           │         └ {'headers': {'Connection': 'keep-alive', 'sec-ch-ua': "'Chromium';v='92',' Not A;Brand';v='99', 'Google Chrome';v='92'", 'sec...
           │              │           └ None
           │              └ 'https://tieba.baidu.com/f/search/res?isnew=1&kw=&qw=德国和乌克兰两国总统通电话&rn=10&un=&only_thread=0&sm=1&sd=&ed=&pn=13'
           └ <function request at 0x7fe06b268310>
  File "/home/chase/.local/lib/python3.8/site-packages/requests/api.py", line 61, in request
    return session.request(method=method, url=url, **kwargs)
           │       │              │           │      └ {'params': None, 'headers': {'Connection': 'keep-alive', 'sec-ch-ua': "'Chromium';v='92',' Not A;Brand';v='99', 'Google Chrom...
           │       │              │           └ 'https://tieba.baidu.com/f/search/res?isnew=1&kw=&qw=德国和乌克兰两国总统通电话&rn=10&un=&only_thread=0&sm=1&sd=&ed=&pn=13'
           │       │              └ 'get'
           │       └ <function Session.request at 0x7fe06b27bc10>
           └ <requests.sessions.Session object at 0x7fdf1067da30>
  File "/home/chase/.local/lib/python3.8/site-packages/requests/sessions.py", line 542, in request
    resp = self.send(prep, **send_kwargs)
           │    │    │       └ {'timeout': 50, 'allow_redirects': True, 'verify': True, 'proxies': OrderedDict(), 'stream': False, 'cert': None}
           │    │    └ <PreparedRequest [GET]>
           │    └ <function Session.send at 0x7fe06b2720d0>
           └ <requests.sessions.Session object at 0x7fdf1067da30>
  File "/home/chase/.local/lib/python3.8/site-packages/requests/sessions.py", line 677, in send
    history = [resp for resp in gen]
                                └ <generator object SessionRedirectMixin.resolve_redirects at 0x7fdd3baa9970>
  File "/home/chase/.local/lib/python3.8/site-packages/requests/sessions.py", line 677, in <listcomp>
    history = [resp for resp in gen]
  File "/home/chase/.local/lib/python3.8/site-packages/requests/sessions.py", line 237, in resolve_redirects
    resp = self.send(
           │    └ <function Session.send at 0x7fe06b2720d0>
           └ <requests.sessions.Session object at 0x7fdf1067da30>
  File "/home/chase/.local/lib/python3.8/site-packages/requests/sessions.py", line 655, in send
    r = adapter.send(request, **kwargs)
        │       │    │          └ {'stream': False, 'timeout': 50, 'verify': True, 'cert': None, 'proxies': OrderedDict()}
        │       │    └ <PreparedRequest [GET]>
        │       └ <function HTTPAdapter.send at 0x7fe06b27b550>
        └ <requests.adapters.HTTPAdapter object at 0x7fdd0c51bdf0>
  File "/home/chase/.local/lib/python3.8/site-packages/requests/adapters.py", line 514, in send
    raise SSLError(e, request=request)
          │                   └ <PreparedRequest [GET]>
          └ <class 'requests.exceptions.SSLError'>

requests.exceptions.SSLError: HTTPSConnectionPool(host='wappass.baidu.com', port=443): Max retries exceeded with url: /static/captcha/tuxing.html?ak=2ef521ec36290baed33d66de9b16f625&backurl=http%3A%2F%2Ftieba.baidu.com%2Ff%2Fsearch%2Fres%3Fisnew%3D1%26kw%3D%26qw%3D%25E5%25BE%25B7%25E5%259B%25BD%25E5%2592%258C%25E4%25B9%258C%25E5%2585%258B%25E5%2585%25B0%25E4%25B8%25A4%25E5%259B%25BD%25E6%2580%25BB%25E7%25BB%259F%25E9%2580%259A%25E7%2594%25B5%25E8%25AF%259D%26rn%3D10%26un%3D%26only_thread%3D0%26sm%3D1%26sd%3D%26ed%3D%26pn%3D13&timestamp=1654630370&signature=bc35101a18c864defae96934704fb068 (Caused by SSLError(SSLError(1, '[SSL: SSLV3_ALERT_HANDSHAKE_FAILURE] sslv3 alert handshake failure (_ssl.c:1131)')))
2022-06-08 03:43:10.799 | ERROR    | monitor.searchSpiders.tieba:get_request_from_keyword:34 - E 贴吧错误HTTPSConnectionPool(host='wappass.baidu.com', port=443): Max retries exceeded with url: /static/captcha/tuxing.html?ak=2ef521ec36290baed33d66de9b16f625&backurl=http%3A%2F%2Ftieba.baidu.com%2Ff%2Fsearch%2Fres%3Fisnew%3D1%26kw%3D%26qw%3D%25E6%2585%2595%25E5%25B0%25BC%25E9%25BB%2591%25E7%258E%25AF%25E5%258D%259A%25E4%25BC%259A%25E8%2581%259A%25E7%2584%25A6%25E7%258E%25AF%25E4%25BF%259D%25E6%2596%25B0%25E6%258A%2580%25E6%259C%25AF%26rn%3D10%26un%3D%26only_thread%3D0%26sm%3D1%26sd%3D%26ed%3D%26pn%3D27&timestamp=1654630990&signature=10e6d9f09eb1ce1fc494f667e0faa557 (Caused by SSLError(SSLError(1, '[SSL: SSLV3_ALERT_HANDSHAKE_FAILURE] sslv3 alert handshake failure (_ssl.c:1131)')))
Traceback (most recent call last):

  File "/home/chase/.local/lib/python3.8/site-packages/urllib3/connectionpool.py", line 699, in urlopen
    httplib_response = self._make_request(
                       │    └ <function HTTPConnectionPool._make_request at 0x7fe06b3fed30>
                       └ <urllib3.connectionpool.HTTPSConnectionPool object at 0x7fdef02717c0>
  File "/home/chase/.local/lib/python3.8/site-packages/urllib3/connectionpool.py", line 382, in _make_request
    self._validate_conn(conn)
    │    │              └ <urllib3.connection.HTTPSConnection object at 0x7fde10268880>
    │    └ <function HTTPSConnectionPool._validate_conn at 0x7fe06b3ff280>
    └ <urllib3.connectionpool.HTTPSConnectionPool object at 0x7fdef02717c0>
  File "/home/chase/.local/lib/python3.8/site-packages/urllib3/connectionpool.py", line 1010, in _validate_conn
    conn.connect()
    │    └ <function HTTPSConnection.connect at 0x7fe06b46d940>
    └ <urllib3.connection.HTTPSConnection object at 0x7fde10268880>
  File "/home/chase/.local/lib/python3.8/site-packages/urllib3/connection.py", line 416, in connect
    self.sock = ssl_wrap_socket(
    │    │      └ <function ssl_wrap_socket at 0x7fe06b468670>
    │    └ None
    └ <urllib3.connection.HTTPSConnection object at 0x7fde10268880>
  File "/home/chase/.local/lib/python3.8/site-packages/urllib3/util/ssl_.py", line 449, in ssl_wrap_socket
    ssl_sock = _ssl_wrap_socket_impl(
               └ <function _ssl_wrap_socket_impl at 0x7fe06b468820>
  File "/home/chase/.local/lib/python3.8/site-packages/urllib3/util/ssl_.py", line 493, in _ssl_wrap_socket_impl
    return ssl_context.wrap_socket(sock, server_hostname=server_hostname)
           │           │           │                     └ 'wappass.baidu.com'
           │           │           └ <socket.socket [closed] fd=-1, family=AddressFamily.AF_INET, type=SocketKind.SOCK_STREAM, proto=6>
           │           └ <function SSLContext.wrap_socket at 0x7fe08118de50>
           └ <ssl.SSLContext object at 0x7fe0604707c0>
  File "/usr/lib/python3.8/ssl.py", line 500, in wrap_socket
    return self.sslsocket_class._create(
           │    │               └ <classmethod object at 0x7fe08c8cfaf0>
           │    └ <class 'ssl.SSLSocket'>
           └ <ssl.SSLContext object at 0x7fe0604707c0>
  File "/usr/lib/python3.8/ssl.py", line 1040, in _create
    self.do_handshake()
    │    └ <function SSLSocket.do_handshake at 0x7fe08c8d2d30>
    └ <ssl.SSLSocket [closed] fd=-1, family=AddressFamily.AF_INET, type=SocketKind.SOCK_STREAM, proto=6>
  File "/usr/lib/python3.8/ssl.py", line 1309, in do_handshake
    self._sslobj.do_handshake()
    │    └ None
    └ <ssl.SSLSocket [closed] fd=-1, family=AddressFamily.AF_INET, type=SocketKind.SOCK_STREAM, proto=6>

ssl.SSLError: [SSL: SSLV3_ALERT_HANDSHAKE_FAILURE] sslv3 alert handshake failure (_ssl.c:1131)


During handling of the above exception, another exception occurred:


Traceback (most recent call last):

  File "/home/chase/.local/lib/python3.8/site-packages/requests/adapters.py", line 439, in send
    resp = conn.urlopen(
           │    └ <function HTTPConnectionPool.urlopen at 0x7fe06b3fef70>
           └ <urllib3.connectionpool.HTTPSConnectionPool object at 0x7fdef02717c0>
  File "/home/chase/.local/lib/python3.8/site-packages/urllib3/connectionpool.py", line 755, in urlopen
    retries = retries.increment(
              │       └ <function Retry.increment at 0x7fe06b443280>
              └ Retry(total=0, connect=None, read=False, redirect=None, status=None)
  File "/home/chase/.local/lib/python3.8/site-packages/urllib3/util/retry.py", line 574, in increment
    raise MaxRetryError(_pool, url, error or ResponseError(cause))
          │             │      │    │        │             └ 'unknown'
          │             │      │    │        └ <class 'urllib3.exceptions.ResponseError'>
          │             │      │    └ SSLError(SSLError(1, '[SSL: SSLV3_ALERT_HANDSHAKE_FAILURE] sslv3 alert handshake failure (_ssl.c:1131)'))
          │             │      └ '/static/captcha/tuxing.html?ak=2ef521ec36290baed33d66de9b16f625&backurl=http%3A%2F%2Ftieba.baidu.com%2Ff%2Fsearch%2Fres%3Fis...
          │             └ <urllib3.connectionpool.HTTPSConnectionPool object at 0x7fdef02717c0>
          └ <class 'urllib3.exceptions.MaxRetryError'>

urllib3.exceptions.MaxRetryError: HTTPSConnectionPool(host='wappass.baidu.com', port=443): Max retries exceeded with url: /static/captcha/tuxing.html?ak=2ef521ec36290baed33d66de9b16f625&backurl=http%3A%2F%2Ftieba.baidu.com%2Ff%2Fsearch%2Fres%3Fisnew%3D1%26kw%3D%26qw%3D%25E6%2585%2595%25E5%25B0%25BC%25E9%25BB%2591%25E7%258E%25AF%25E5%258D%259A%25E4%25BC%259A%25E8%2581%259A%25E7%2584%25A6%25E7%258E%25AF%25E4%25BF%259D%25E6%2596%25B0%25E6%258A%2580%25E6%259C%25AF%26rn%3D10%26un%3D%26only_thread%3D0%26sm%3D1%26sd%3D%26ed%3D%26pn%3D27&timestamp=1654630990&signature=10e6d9f09eb1ce1fc494f667e0faa557 (Caused by SSLError(SSLError(1, '[SSL: SSLV3_ALERT_HANDSHAKE_FAILURE] sslv3 alert handshake failure (_ssl.c:1131)')))


During handling of the above exception, another exception occurred:


Traceback (most recent call last):

  File "/usr/lib/python3.8/threading.py", line 890, in _bootstrap
    self._bootstrap_inner()
    │    └ <function Thread._bootstrap_inner at 0x7fe08f92ea60>
    └ <Thread(Thread-17445, started daemon 140588446910208)>
  File "/usr/lib/python3.8/threading.py", line 932, in _bootstrap_inner
    self.run()
    │    └ <function Thread.run at 0x7fe08f92e790>
    └ <Thread(Thread-17445, started daemon 140588446910208)>
  File "/usr/lib/python3.8/threading.py", line 870, in run
    self._target(*self._args, **self._kwargs)
    │    │        │    │        │    └ {}
    │    │        │    │        └ <Thread(Thread-17445, started daemon 140588446910208)>
    │    │        │    └ ('ProjectManager.run_func_by_thread',)
    │    │        └ <Thread(Thread-17445, started daemon 140588446910208)>
    │    └ <bound method ProjectManager.get_request_from_keywords_hot of <monitor.projectManager.ProjectManager object at 0x7fe063c65790>>
    └ <Thread(Thread-17445, started daemon 140588446910208)>

  File "/home/users/Scy/yuqing/spider/monitor/projectManager.py", line 833, in get_request_from_keywords_hot
    self.search_spider_manager.crawl_by_keyword(
    │    │                     └ <function SearchSpidersManager.crawl_by_keyword at 0x7fe063c71160>
    │    └ <monitor.spiderManager.SearchSpidersManager object at 0x7fe0638938b0>
    └ <monitor.projectManager.ProjectManager object at 0x7fe063c65790>

  File "/home/users/Scy/yuqing/spider/monitor/spiderManager.py", line 118, in crawl_by_keyword
    self.crawl_by_keyword_signal_platform(project_names, platform, keyword, crawl_time, project_times)
    │    │                                │              │         │        │           └ {'default': <monitor.TimeSection object at 0x7fe0639a2b80>}
    │    │                                │              │         │        └ <monitor.TimeSection object at 0x7fdf540f0370>
    │    │                                │              │         └ '慕尼黑环博会聚焦环保新技术'
    │    │                                │              └ '贴吧'
    │    │                                └ ['default']
    │    └ <function SearchSpidersManager.crawl_by_keyword_signal_platform at 0x7fe063c71280>
    └ <monitor.spiderManager.SearchSpidersManager object at 0x7fe0638938b0>

  File "/home/users/Scy/yuqing/spider/monitor/spiderManager.py", line 150, in crawl_by_keyword_signal_platform
    requests = self.get_request_from_keyword(platform, keyword_only, **crawl_time.to_dict())
               │    │                        │         │               │          └ <function TimeSection.to_dict at 0x7fe06b8931f0>
               │    │                        │         │               └ <monitor.TimeSection object at 0x7fdf540f0370>
               │    │                        │         └ '慕尼黑环博会聚焦环保新技术'
               │    │                        └ '贴吧'
               │    └ <function SearchSpidersManager.get_request_from_keyword at 0x7fe063c713a0>
               └ <monitor.spiderManager.SearchSpidersManager object at 0x7fe0638938b0>

  File "/home/users/Scy/yuqing/spider/monitor/spiderManager.py", line 214, in get_request_from_keyword
    for request in self.spiders[platform].get_request_from_keyword(headers, search_url, keyword, content_url,
                   │    │       │                                  │        │           │        └ None
                   │    │       │                                  │        │           └ '慕尼黑环博会聚焦环保新技术'
                   │    │       │                                  │        └ <string.Template object at 0x7fde70045d90>
                   │    │       │                                  └ {'Connection': 'keep-alive', 'sec-ch-ua': "'Chromium';v='92',' Not A;Brand';v='99', 'Google Chrome';v='92'", 'sec-ch-ua-mobil...
                   │    │       └ '贴吧'
                   │    └ {'凤凰网': <monitor.searchSpiders.ifeng.Ifeng object at 0x7fe063893370>, '头条': <monitor.searchSpiders.toutiao.Toutiao object at ...
                   └ <monitor.spiderManager.SearchSpidersManager object at 0x7fe0638938b0>

> File "/home/users/Scy/yuqing/spider/monitor/searchSpiders/tieba.py", line 22, in get_request_from_keyword
    response = requests.get(url, headers=headers, timeout=50)
               │        │   │            └ {'Connection': 'keep-alive', 'sec-ch-ua': "'Chromium';v='92',' Not A;Brand';v='99', 'Google Chrome';v='92'", 'sec-ch-ua-mobil...
               │        │   └ 'https://tieba.baidu.com/f/search/res?isnew=1&kw=&qw=慕尼黑环博会聚焦环保新技术&rn=10&un=&only_thread=0&sm=1&sd=&ed=&pn=27'
               │        └ <function get at 0x7fe06b2724c0>
               └ <module 'requests' from '/home/chase/.local/lib/python3.8/site-packages/requests/__init__.py'>

  File "/home/chase/.local/lib/python3.8/site-packages/requests/api.py", line 75, in get
    return request('get', url, params=params, **kwargs)
           │              │           │         └ {'headers': {'Connection': 'keep-alive', 'sec-ch-ua': "'Chromium';v='92',' Not A;Brand';v='99', 'Google Chrome';v='92'", 'sec...
           │              │           └ None
           │              └ 'https://tieba.baidu.com/f/search/res?isnew=1&kw=&qw=慕尼黑环博会聚焦环保新技术&rn=10&un=&only_thread=0&sm=1&sd=&ed=&pn=27'
           └ <function request at 0x7fe06b268310>
  File "/home/chase/.local/lib/python3.8/site-packages/requests/api.py", line 61, in request
    return session.request(method=method, url=url, **kwargs)
           │       │              │           │      └ {'params': None, 'headers': {'Connection': 'keep-alive', 'sec-ch-ua': "'Chromium';v='92',' Not A;Brand';v='99', 'Google Chrom...
           │       │              │           └ 'https://tieba.baidu.com/f/search/res?isnew=1&kw=&qw=慕尼黑环博会聚焦环保新技术&rn=10&un=&only_thread=0&sm=1&sd=&ed=&pn=27'
           │       │              └ 'get'
           │       └ <function Session.request at 0x7fe06b27bc10>
           └ <requests.sessions.Session object at 0x7fdf74288160>
  File "/home/chase/.local/lib/python3.8/site-packages/requests/sessions.py", line 542, in request
    resp = self.send(prep, **send_kwargs)
           │    │    │       └ {'timeout': 50, 'allow_redirects': True, 'verify': True, 'proxies': OrderedDict(), 'stream': False, 'cert': None}
           │    │    └ <PreparedRequest [GET]>
           │    └ <function Session.send at 0x7fe06b2720d0>
           └ <requests.sessions.Session object at 0x7fdf74288160>
  File "/home/chase/.local/lib/python3.8/site-packages/requests/sessions.py", line 677, in send
    history = [resp for resp in gen]
                                └ <generator object SessionRedirectMixin.resolve_redirects at 0x7fded0091270>
  File "/home/chase/.local/lib/python3.8/site-packages/requests/sessions.py", line 677, in <listcomp>
    history = [resp for resp in gen]
  File "/home/chase/.local/lib/python3.8/site-packages/requests/sessions.py", line 237, in resolve_redirects
    resp = self.send(
           │    └ <function Session.send at 0x7fe06b2720d0>
           └ <requests.sessions.Session object at 0x7fdf74288160>
  File "/home/chase/.local/lib/python3.8/site-packages/requests/sessions.py", line 655, in send
    r = adapter.send(request, **kwargs)
        │       │    │          └ {'stream': False, 'timeout': 50, 'verify': True, 'cert': None, 'proxies': OrderedDict()}
        │       │    └ <PreparedRequest [GET]>
        │       └ <function HTTPAdapter.send at 0x7fe06b27b550>
        └ <requests.adapters.HTTPAdapter object at 0x7fde3018f190>
  File "/home/chase/.local/lib/python3.8/site-packages/requests/adapters.py", line 514, in send
    raise SSLError(e, request=request)
          │                   └ <PreparedRequest [GET]>
          └ <class 'requests.exceptions.SSLError'>

requests.exceptions.SSLError: HTTPSConnectionPool(host='wappass.baidu.com', port=443): Max retries exceeded with url: /static/captcha/tuxing.html?ak=2ef521ec36290baed33d66de9b16f625&backurl=http%3A%2F%2Ftieba.baidu.com%2Ff%2Fsearch%2Fres%3Fisnew%3D1%26kw%3D%26qw%3D%25E6%2585%2595%25E5%25B0%25BC%25E9%25BB%2591%25E7%258E%25AF%25E5%258D%259A%25E4%25BC%259A%25E8%2581%259A%25E7%2584%25A6%25E7%258E%25AF%25E4%25BF%259D%25E6%2596%25B0%25E6%258A%2580%25E6%259C%25AF%26rn%3D10%26un%3D%26only_thread%3D0%26sm%3D1%26sd%3D%26ed%3D%26pn%3D27&timestamp=1654630990&signature=10e6d9f09eb1ce1fc494f667e0faa557 (Caused by SSLError(SSLError(1, '[SSL: SSLV3_ALERT_HANDSHAKE_FAILURE] sslv3 alert handshake failure (_ssl.c:1131)')))
2022-06-08 04:05:30.262 | ERROR    | monitor.searchSpiders.tieba:get_request_from_keyword:34 - E 贴吧错误HTTPSConnectionPool(host='wappass.baidu.com', port=443): Max retries exceeded with url: /static/captcha/tuxing.html?ak=2ef521ec36290baed33d66de9b16f625&backurl=http%3A%2F%2Ftieba.baidu.com%2Ff%2Fsearch%2Fres%3Fisnew%3D1%26kw%3D%26qw%3D%25E6%2585%2595%25E5%25B0%25BC%25E9%25BB%2591%25E7%258E%25AF%25E5%258D%259A%25E4%25BC%259A%25E8%2581%259A%25E7%2584%25A6%25E7%258E%25AF%25E4%25BF%259D%25E6%2596%25B0%25E6%258A%2580%25E6%259C%25AF%26rn%3D10%26un%3D%26only_thread%3D0%26sm%3D1%26sd%3D%26ed%3D%26pn%3D15&timestamp=1654632330&signature=bbd53016ad4d5867e0bfb27e16e6195e (Caused by SSLError(SSLError(1, '[SSL: SSLV3_ALERT_HANDSHAKE_FAILURE] sslv3 alert handshake failure (_ssl.c:1131)')))
Traceback (most recent call last):

  File "/home/chase/.local/lib/python3.8/site-packages/urllib3/connectionpool.py", line 699, in urlopen
    httplib_response = self._make_request(
                       │    └ <function HTTPConnectionPool._make_request at 0x7fe06b3fed30>
                       └ <urllib3.connectionpool.HTTPSConnectionPool object at 0x7fdd3ce01490>
  File "/home/chase/.local/lib/python3.8/site-packages/urllib3/connectionpool.py", line 382, in _make_request
    self._validate_conn(conn)
    │    │              └ <urllib3.connection.HTTPSConnection object at 0x7fdef06a7580>
    │    └ <function HTTPSConnectionPool._validate_conn at 0x7fe06b3ff280>
    └ <urllib3.connectionpool.HTTPSConnectionPool object at 0x7fdd3ce01490>
  File "/home/chase/.local/lib/python3.8/site-packages/urllib3/connectionpool.py", line 1010, in _validate_conn
    conn.connect()
    │    └ <function HTTPSConnection.connect at 0x7fe06b46d940>
    └ <urllib3.connection.HTTPSConnection object at 0x7fdef06a7580>
  File "/home/chase/.local/lib/python3.8/site-packages/urllib3/connection.py", line 416, in connect
    self.sock = ssl_wrap_socket(
    │    │      └ <function ssl_wrap_socket at 0x7fe06b468670>
    │    └ None
    └ <urllib3.connection.HTTPSConnection object at 0x7fdef06a7580>
  File "/home/chase/.local/lib/python3.8/site-packages/urllib3/util/ssl_.py", line 449, in ssl_wrap_socket
    ssl_sock = _ssl_wrap_socket_impl(
               └ <function _ssl_wrap_socket_impl at 0x7fe06b468820>
  File "/home/chase/.local/lib/python3.8/site-packages/urllib3/util/ssl_.py", line 493, in _ssl_wrap_socket_impl
    return ssl_context.wrap_socket(sock, server_hostname=server_hostname)
           │           │           │                     └ 'wappass.baidu.com'
           │           │           └ <socket.socket [closed] fd=-1, family=AddressFamily.AF_INET, type=SocketKind.SOCK_STREAM, proto=6>
           │           └ <function SSLContext.wrap_socket at 0x7fe08118de50>
           └ <ssl.SSLContext object at 0x7fdd1bdb3c40>
  File "/usr/lib/python3.8/ssl.py", line 500, in wrap_socket
    return self.sslsocket_class._create(
           │    │               └ <classmethod object at 0x7fe08c8cfaf0>
           │    └ <class 'ssl.SSLSocket'>
           └ <ssl.SSLContext object at 0x7fdd1bdb3c40>
  File "/usr/lib/python3.8/ssl.py", line 1040, in _create
    self.do_handshake()
    │    └ <function SSLSocket.do_handshake at 0x7fe08c8d2d30>
    └ <ssl.SSLSocket [closed] fd=-1, family=AddressFamily.AF_INET, type=SocketKind.SOCK_STREAM, proto=6>
  File "/usr/lib/python3.8/ssl.py", line 1309, in do_handshake
    self._sslobj.do_handshake()
    │    └ None
    └ <ssl.SSLSocket [closed] fd=-1, family=AddressFamily.AF_INET, type=SocketKind.SOCK_STREAM, proto=6>

ssl.SSLError: [SSL: SSLV3_ALERT_HANDSHAKE_FAILURE] sslv3 alert handshake failure (_ssl.c:1131)


During handling of the above exception, another exception occurred:


Traceback (most recent call last):

  File "/home/chase/.local/lib/python3.8/site-packages/requests/adapters.py", line 439, in send
    resp = conn.urlopen(
           │    └ <function HTTPConnectionPool.urlopen at 0x7fe06b3fef70>
           └ <urllib3.connectionpool.HTTPSConnectionPool object at 0x7fdd3ce01490>
  File "/home/chase/.local/lib/python3.8/site-packages/urllib3/connectionpool.py", line 755, in urlopen
    retries = retries.increment(
              │       └ <function Retry.increment at 0x7fe06b443280>
              └ Retry(total=0, connect=None, read=False, redirect=None, status=None)
  File "/home/chase/.local/lib/python3.8/site-packages/urllib3/util/retry.py", line 574, in increment
    raise MaxRetryError(_pool, url, error or ResponseError(cause))
          │             │      │    │        │             └ 'unknown'
          │             │      │    │        └ <class 'urllib3.exceptions.ResponseError'>
          │             │      │    └ SSLError(SSLError(1, '[SSL: SSLV3_ALERT_HANDSHAKE_FAILURE] sslv3 alert handshake failure (_ssl.c:1131)'))
          │             │      └ '/static/captcha/tuxing.html?ak=2ef521ec36290baed33d66de9b16f625&backurl=http%3A%2F%2Ftieba.baidu.com%2Ff%2Fsearch%2Fres%3Fis...
          │             └ <urllib3.connectionpool.HTTPSConnectionPool object at 0x7fdd3ce01490>
          └ <class 'urllib3.exceptions.MaxRetryError'>

urllib3.exceptions.MaxRetryError: HTTPSConnectionPool(host='wappass.baidu.com', port=443): Max retries exceeded with url: /static/captcha/tuxing.html?ak=2ef521ec36290baed33d66de9b16f625&backurl=http%3A%2F%2Ftieba.baidu.com%2Ff%2Fsearch%2Fres%3Fisnew%3D1%26kw%3D%26qw%3D%25E6%2585%2595%25E5%25B0%25BC%25E9%25BB%2591%25E7%258E%25AF%25E5%258D%259A%25E4%25BC%259A%25E8%2581%259A%25E7%2584%25A6%25E7%258E%25AF%25E4%25BF%259D%25E6%2596%25B0%25E6%258A%2580%25E6%259C%25AF%26rn%3D10%26un%3D%26only_thread%3D0%26sm%3D1%26sd%3D%26ed%3D%26pn%3D15&timestamp=1654632330&signature=bbd53016ad4d5867e0bfb27e16e6195e (Caused by SSLError(SSLError(1, '[SSL: SSLV3_ALERT_HANDSHAKE_FAILURE] sslv3 alert handshake failure (_ssl.c:1131)')))


During handling of the above exception, another exception occurred:


Traceback (most recent call last):

  File "/usr/lib/python3.8/threading.py", line 890, in _bootstrap
    self._bootstrap_inner()
    │    └ <function Thread._bootstrap_inner at 0x7fe08f92ea60>
    └ <Thread(Thread-17922, started daemon 140588614764288)>
  File "/usr/lib/python3.8/threading.py", line 932, in _bootstrap_inner
    self.run()
    │    └ <function Thread.run at 0x7fe08f92e790>
    └ <Thread(Thread-17922, started daemon 140588614764288)>
  File "/usr/lib/python3.8/threading.py", line 870, in run
    self._target(*self._args, **self._kwargs)
    │    │        │    │        │    └ {}
    │    │        │    │        └ <Thread(Thread-17922, started daemon 140588614764288)>
    │    │        │    └ ('ProjectManager.run_func_by_thread',)
    │    │        └ <Thread(Thread-17922, started daemon 140588614764288)>
    │    └ <bound method ProjectManager.get_request_from_keywords_hot of <monitor.projectManager.ProjectManager object at 0x7fe063c65790>>
    └ <Thread(Thread-17922, started daemon 140588614764288)>

  File "/home/users/Scy/yuqing/spider/monitor/projectManager.py", line 833, in get_request_from_keywords_hot
    self.search_spider_manager.crawl_by_keyword(
    │    │                     └ <function SearchSpidersManager.crawl_by_keyword at 0x7fe063c71160>
    │    └ <monitor.spiderManager.SearchSpidersManager object at 0x7fe0638938b0>
    └ <monitor.projectManager.ProjectManager object at 0x7fe063c65790>

  File "/home/users/Scy/yuqing/spider/monitor/spiderManager.py", line 118, in crawl_by_keyword
    self.crawl_by_keyword_signal_platform(project_names, platform, keyword, crawl_time, project_times)
    │    │                                │              │         │        │           └ {'default': <monitor.TimeSection object at 0x7fe0639a2b80>}
    │    │                                │              │         │        └ <monitor.TimeSection object at 0x7fde70412fd0>
    │    │                                │              │         └ '慕尼黑环博会聚焦环保新技术'
    │    │                                │              └ '贴吧'
    │    │                                └ ['default']
    │    └ <function SearchSpidersManager.crawl_by_keyword_signal_platform at 0x7fe063c71280>
    └ <monitor.spiderManager.SearchSpidersManager object at 0x7fe0638938b0>

  File "/home/users/Scy/yuqing/spider/monitor/spiderManager.py", line 150, in crawl_by_keyword_signal_platform
    requests = self.get_request_from_keyword(platform, keyword_only, **crawl_time.to_dict())
               │    │                        │         │               │          └ <function TimeSection.to_dict at 0x7fe06b8931f0>
               │    │                        │         │               └ <monitor.TimeSection object at 0x7fde70412fd0>
               │    │                        │         └ '慕尼黑环博会聚焦环保新技术'
               │    │                        └ '贴吧'
               │    └ <function SearchSpidersManager.get_request_from_keyword at 0x7fe063c713a0>
               └ <monitor.spiderManager.SearchSpidersManager object at 0x7fe0638938b0>

  File "/home/users/Scy/yuqing/spider/monitor/spiderManager.py", line 214, in get_request_from_keyword
    for request in self.spiders[platform].get_request_from_keyword(headers, search_url, keyword, content_url,
                   │    │       │                                  │        │           │        └ None
                   │    │       │                                  │        │           └ '慕尼黑环博会聚焦环保新技术'
                   │    │       │                                  │        └ <string.Template object at 0x7fddd0306a60>
                   │    │       │                                  └ {'Connection': 'keep-alive', 'sec-ch-ua': "'Chromium';v='92',' Not A;Brand';v='99', 'Google Chrome';v='92'", 'sec-ch-ua-mobil...
                   │    │       └ '贴吧'
                   │    └ {'凤凰网': <monitor.searchSpiders.ifeng.Ifeng object at 0x7fe063893370>, '头条': <monitor.searchSpiders.toutiao.Toutiao object at ...
                   └ <monitor.spiderManager.SearchSpidersManager object at 0x7fe0638938b0>

> File "/home/users/Scy/yuqing/spider/monitor/searchSpiders/tieba.py", line 22, in get_request_from_keyword
    response = requests.get(url, headers=headers, timeout=50)
               │        │   │            └ {'Connection': 'keep-alive', 'sec-ch-ua': "'Chromium';v='92',' Not A;Brand';v='99', 'Google Chrome';v='92'", 'sec-ch-ua-mobil...
               │        │   └ 'https://tieba.baidu.com/f/search/res?isnew=1&kw=&qw=慕尼黑环博会聚焦环保新技术&rn=10&un=&only_thread=0&sm=1&sd=&ed=&pn=15'
               │        └ <function get at 0x7fe06b2724c0>
               └ <module 'requests' from '/home/chase/.local/lib/python3.8/site-packages/requests/__init__.py'>

  File "/home/chase/.local/lib/python3.8/site-packages/requests/api.py", line 75, in get
    return request('get', url, params=params, **kwargs)
           │              │           │         └ {'headers': {'Connection': 'keep-alive', 'sec-ch-ua': "'Chromium';v='92',' Not A;Brand';v='99', 'Google Chrome';v='92'", 'sec...
           │              │           └ None
           │              └ 'https://tieba.baidu.com/f/search/res?isnew=1&kw=&qw=慕尼黑环博会聚焦环保新技术&rn=10&un=&only_thread=0&sm=1&sd=&ed=&pn=15'
           └ <function request at 0x7fe06b268310>
  File "/home/chase/.local/lib/python3.8/site-packages/requests/api.py", line 61, in request
    return session.request(method=method, url=url, **kwargs)
           │       │              │           │      └ {'params': None, 'headers': {'Connection': 'keep-alive', 'sec-ch-ua': "'Chromium';v='92',' Not A;Brand';v='99', 'Google Chrom...
           │       │              │           └ 'https://tieba.baidu.com/f/search/res?isnew=1&kw=&qw=慕尼黑环博会聚焦环保新技术&rn=10&un=&only_thread=0&sm=1&sd=&ed=&pn=15'
           │       │              └ 'get'
           │       └ <function Session.request at 0x7fe06b27bc10>
           └ <requests.sessions.Session object at 0x7fde10174c70>
  File "/home/chase/.local/lib/python3.8/site-packages/requests/sessions.py", line 542, in request
    resp = self.send(prep, **send_kwargs)
           │    │    │       └ {'timeout': 50, 'allow_redirects': True, 'verify': True, 'proxies': OrderedDict(), 'stream': False, 'cert': None}
           │    │    └ <PreparedRequest [GET]>
           │    └ <function Session.send at 0x7fe06b2720d0>
           └ <requests.sessions.Session object at 0x7fde10174c70>
  File "/home/chase/.local/lib/python3.8/site-packages/requests/sessions.py", line 677, in send
    history = [resp for resp in gen]
                                └ <generator object SessionRedirectMixin.resolve_redirects at 0x7fdd1e9cc4a0>
  File "/home/chase/.local/lib/python3.8/site-packages/requests/sessions.py", line 677, in <listcomp>
    history = [resp for resp in gen]
  File "/home/chase/.local/lib/python3.8/site-packages/requests/sessions.py", line 237, in resolve_redirects
    resp = self.send(
           │    └ <function Session.send at 0x7fe06b2720d0>
           └ <requests.sessions.Session object at 0x7fde10174c70>
  File "/home/chase/.local/lib/python3.8/site-packages/requests/sessions.py", line 655, in send
    r = adapter.send(request, **kwargs)
        │       │    │          └ {'stream': False, 'timeout': 50, 'verify': True, 'cert': None, 'proxies': OrderedDict()}
        │       │    └ <PreparedRequest [GET]>
        │       └ <function HTTPAdapter.send at 0x7fe06b27b550>
        └ <requests.adapters.HTTPAdapter object at 0x7fdeb05180a0>
  File "/home/chase/.local/lib/python3.8/site-packages/requests/adapters.py", line 514, in send
    raise SSLError(e, request=request)
          │                   └ <PreparedRequest [GET]>
          └ <class 'requests.exceptions.SSLError'>

requests.exceptions.SSLError: HTTPSConnectionPool(host='wappass.baidu.com', port=443): Max retries exceeded with url: /static/captcha/tuxing.html?ak=2ef521ec36290baed33d66de9b16f625&backurl=http%3A%2F%2Ftieba.baidu.com%2Ff%2Fsearch%2Fres%3Fisnew%3D1%26kw%3D%26qw%3D%25E6%2585%2595%25E5%25B0%25BC%25E9%25BB%2591%25E7%258E%25AF%25E5%258D%259A%25E4%25BC%259A%25E8%2581%259A%25E7%2584%25A6%25E7%258E%25AF%25E4%25BF%259D%25E6%2596%25B0%25E6%258A%2580%25E6%259C%25AF%26rn%3D10%26un%3D%26only_thread%3D0%26sm%3D1%26sd%3D%26ed%3D%26pn%3D15&timestamp=1654632330&signature=bbd53016ad4d5867e0bfb27e16e6195e (Caused by SSLError(SSLError(1, '[SSL: SSLV3_ALERT_HANDSHAKE_FAILURE] sslv3 alert handshake failure (_ssl.c:1131)')))
2022-06-08 04:11:20.892 | ERROR    | monitor.searchSpiders.tieba:get_request_from_keyword:34 - E 贴吧错误HTTPSConnectionPool(host='wappass.baidu.com', port=443): Max retries exceeded with url: /static/captcha/tuxing.html?ak=2ef521ec36290baed33d66de9b16f625&backurl=http%3A%2F%2Ftieba.baidu.com%2Ff%2Fsearch%2Fres%3Fisnew%3D1%26kw%3D%26qw%3D%25E5%25AE%2589%25E5%25BE%25BD%25E7%259C%2581%25E5%2586%259B%25E5%258C%25BA%25E5%258A%25A0%25E5%25BC%25BA%25E4%25BB%25A5%25E9%259D%2592%25E5%25B9%25B4%25E4%25B8%25BA%25E4%25B8%25BB%25E7%259A%2584%25E6%25B0%2591%25E5%2585%25B5%25E6%2596%25B0%25E8%25B4%25A8%25E5%258A%259B%25E9%2587%258F%25E5%25BB%25BA%25E8%25AE%25BE%26rn%3D10%26un%3D%26only_thread%3D0%26sm%3D1%26sd%3D%26ed%3D%26pn%3D12&timestamp=1654632680&signature=b257f654aef936691b5effc81c0bf2c9 (Caused by SSLError(SSLError(1, '[SSL: SSLV3_ALERT_HANDSHAKE_FAILURE] sslv3 alert handshake failure (_ssl.c:1131)')))
Traceback (most recent call last):

  File "/home/chase/.local/lib/python3.8/site-packages/urllib3/connectionpool.py", line 699, in urlopen
    httplib_response = self._make_request(
                       │    └ <function HTTPConnectionPool._make_request at 0x7fe06b3fed30>
                       └ <urllib3.connectionpool.HTTPSConnectionPool object at 0x7fdef033b580>
  File "/home/chase/.local/lib/python3.8/site-packages/urllib3/connectionpool.py", line 382, in _make_request
    self._validate_conn(conn)
    │    │              └ <urllib3.connection.HTTPSConnection object at 0x7fdd3bbd6a30>
    │    └ <function HTTPSConnectionPool._validate_conn at 0x7fe06b3ff280>
    └ <urllib3.connectionpool.HTTPSConnectionPool object at 0x7fdef033b580>
  File "/home/chase/.local/lib/python3.8/site-packages/urllib3/connectionpool.py", line 1010, in _validate_conn
    conn.connect()
    │    └ <function HTTPSConnection.connect at 0x7fe06b46d940>
    └ <urllib3.connection.HTTPSConnection object at 0x7fdd3bbd6a30>
  File "/home/chase/.local/lib/python3.8/site-packages/urllib3/connection.py", line 416, in connect
    self.sock = ssl_wrap_socket(
    │    │      └ <function ssl_wrap_socket at 0x7fe06b468670>
    │    └ None
    └ <urllib3.connection.HTTPSConnection object at 0x7fdd3bbd6a30>
  File "/home/chase/.local/lib/python3.8/site-packages/urllib3/util/ssl_.py", line 449, in ssl_wrap_socket
    ssl_sock = _ssl_wrap_socket_impl(
               └ <function _ssl_wrap_socket_impl at 0x7fe06b468820>
  File "/home/chase/.local/lib/python3.8/site-packages/urllib3/util/ssl_.py", line 493, in _ssl_wrap_socket_impl
    return ssl_context.wrap_socket(sock, server_hostname=server_hostname)
           │           │           │                     └ 'wappass.baidu.com'
           │           │           └ <socket.socket [closed] fd=-1, family=AddressFamily.AF_INET, type=SocketKind.SOCK_STREAM, proto=6>
           │           └ <function SSLContext.wrap_socket at 0x7fe08118de50>
           └ <ssl.SSLContext object at 0x7fdeb019a4c0>
  File "/usr/lib/python3.8/ssl.py", line 500, in wrap_socket
    return self.sslsocket_class._create(
           │    │               └ <classmethod object at 0x7fe08c8cfaf0>
           │    └ <class 'ssl.SSLSocket'>
           └ <ssl.SSLContext object at 0x7fdeb019a4c0>
  File "/usr/lib/python3.8/ssl.py", line 1040, in _create
    self.do_handshake()
    │    └ <function SSLSocket.do_handshake at 0x7fe08c8d2d30>
    └ <ssl.SSLSocket [closed] fd=-1, family=AddressFamily.AF_INET, type=SocketKind.SOCK_STREAM, proto=6>
  File "/usr/lib/python3.8/ssl.py", line 1309, in do_handshake
    self._sslobj.do_handshake()
    │    └ None
    └ <ssl.SSLSocket [closed] fd=-1, family=AddressFamily.AF_INET, type=SocketKind.SOCK_STREAM, proto=6>

ssl.SSLError: [SSL: SSLV3_ALERT_HANDSHAKE_FAILURE] sslv3 alert handshake failure (_ssl.c:1131)


During handling of the above exception, another exception occurred:


Traceback (most recent call last):

  File "/home/chase/.local/lib/python3.8/site-packages/requests/adapters.py", line 439, in send
    resp = conn.urlopen(
           │    └ <function HTTPConnectionPool.urlopen at 0x7fe06b3fef70>
           └ <urllib3.connectionpool.HTTPSConnectionPool object at 0x7fdef033b580>
  File "/home/chase/.local/lib/python3.8/site-packages/urllib3/connectionpool.py", line 755, in urlopen
    retries = retries.increment(
              │       └ <function Retry.increment at 0x7fe06b443280>
              └ Retry(total=0, connect=None, read=False, redirect=None, status=None)
  File "/home/chase/.local/lib/python3.8/site-packages/urllib3/util/retry.py", line 574, in increment
    raise MaxRetryError(_pool, url, error or ResponseError(cause))
          │             │      │    │        │             └ 'unknown'
          │             │      │    │        └ <class 'urllib3.exceptions.ResponseError'>
          │             │      │    └ SSLError(SSLError(1, '[SSL: SSLV3_ALERT_HANDSHAKE_FAILURE] sslv3 alert handshake failure (_ssl.c:1131)'))
          │             │      └ '/static/captcha/tuxing.html?ak=2ef521ec36290baed33d66de9b16f625&backurl=http%3A%2F%2Ftieba.baidu.com%2Ff%2Fsearch%2Fres%3Fis...
          │             └ <urllib3.connectionpool.HTTPSConnectionPool object at 0x7fdef033b580>
          └ <class 'urllib3.exceptions.MaxRetryError'>

urllib3.exceptions.MaxRetryError: HTTPSConnectionPool(host='wappass.baidu.com', port=443): Max retries exceeded with url: /static/captcha/tuxing.html?ak=2ef521ec36290baed33d66de9b16f625&backurl=http%3A%2F%2Ftieba.baidu.com%2Ff%2Fsearch%2Fres%3Fisnew%3D1%26kw%3D%26qw%3D%25E5%25AE%2589%25E5%25BE%25BD%25E7%259C%2581%25E5%2586%259B%25E5%258C%25BA%25E5%258A%25A0%25E5%25BC%25BA%25E4%25BB%25A5%25E9%259D%2592%25E5%25B9%25B4%25E4%25B8%25BA%25E4%25B8%25BB%25E7%259A%2584%25E6%25B0%2591%25E5%2585%25B5%25E6%2596%25B0%25E8%25B4%25A8%25E5%258A%259B%25E9%2587%258F%25E5%25BB%25BA%25E8%25AE%25BE%26rn%3D10%26un%3D%26only_thread%3D0%26sm%3D1%26sd%3D%26ed%3D%26pn%3D12&timestamp=1654632680&signature=b257f654aef936691b5effc81c0bf2c9 (Caused by SSLError(SSLError(1, '[SSL: SSLV3_ALERT_HANDSHAKE_FAILURE] sslv3 alert handshake failure (_ssl.c:1131)')))


During handling of the above exception, another exception occurred:


Traceback (most recent call last):

  File "/usr/lib/python3.8/threading.py", line 890, in _bootstrap
    self._bootstrap_inner()
    │    └ <function Thread._bootstrap_inner at 0x7fe08f92ea60>
    └ <Thread(Thread-17814, started daemon 140597188863744)>
  File "/usr/lib/python3.8/threading.py", line 932, in _bootstrap_inner
    self.run()
    │    └ <function Thread.run at 0x7fe08f92e790>
    └ <Thread(Thread-17814, started daemon 140597188863744)>
  File "/usr/lib/python3.8/threading.py", line 870, in run
    self._target(*self._args, **self._kwargs)
    │    │        │    │        │    └ {}
    │    │        │    │        └ <Thread(Thread-17814, started daemon 140597188863744)>
    │    │        │    └ ('ProjectManager.run_func_by_thread',)
    │    │        └ <Thread(Thread-17814, started daemon 140597188863744)>
    │    └ <bound method ProjectManager.get_request_from_keywords_hot of <monitor.projectManager.ProjectManager object at 0x7fe063c65790>>
    └ <Thread(Thread-17814, started daemon 140597188863744)>

  File "/home/users/Scy/yuqing/spider/monitor/projectManager.py", line 833, in get_request_from_keywords_hot
    self.search_spider_manager.crawl_by_keyword(
    │    │                     └ <function SearchSpidersManager.crawl_by_keyword at 0x7fe063c71160>
    │    └ <monitor.spiderManager.SearchSpidersManager object at 0x7fe0638938b0>
    └ <monitor.projectManager.ProjectManager object at 0x7fe063c65790>

  File "/home/users/Scy/yuqing/spider/monitor/spiderManager.py", line 118, in crawl_by_keyword
    self.crawl_by_keyword_signal_platform(project_names, platform, keyword, crawl_time, project_times)
    │    │                                │              │         │        │           └ {'default': <monitor.TimeSection object at 0x7fe0639a2b80>}
    │    │                                │              │         │        └ <monitor.TimeSection object at 0x7fdcc92f81c0>
    │    │                                │              │         └ '安徽省军区加强以青年为主的民兵新质力量建设'
    │    │                                │              └ '贴吧'
    │    │                                └ ['default']
    │    └ <function SearchSpidersManager.crawl_by_keyword_signal_platform at 0x7fe063c71280>
    └ <monitor.spiderManager.SearchSpidersManager object at 0x7fe0638938b0>

  File "/home/users/Scy/yuqing/spider/monitor/spiderManager.py", line 150, in crawl_by_keyword_signal_platform
    requests = self.get_request_from_keyword(platform, keyword_only, **crawl_time.to_dict())
               │    │                        │         │               │          └ <function TimeSection.to_dict at 0x7fe06b8931f0>
               │    │                        │         │               └ <monitor.TimeSection object at 0x7fdcc92f81c0>
               │    │                        │         └ '安徽省军区加强以青年为主的民兵新质力量建设'
               │    │                        └ '贴吧'
               │    └ <function SearchSpidersManager.get_request_from_keyword at 0x7fe063c713a0>
               └ <monitor.spiderManager.SearchSpidersManager object at 0x7fe0638938b0>

  File "/home/users/Scy/yuqing/spider/monitor/spiderManager.py", line 214, in get_request_from_keyword
    for request in self.spiders[platform].get_request_from_keyword(headers, search_url, keyword, content_url,
                   │    │       │                                  │        │           │        └ None
                   │    │       │                                  │        │           └ '安徽省军区加强以青年为主的民兵新质力量建设'
                   │    │       │                                  │        └ <string.Template object at 0x7fdd0fa50fd0>
                   │    │       │                                  └ {'Connection': 'keep-alive', 'sec-ch-ua': "'Chromium';v='92',' Not A;Brand';v='99', 'Google Chrome';v='92'", 'sec-ch-ua-mobil...
                   │    │       └ '贴吧'
                   │    └ {'凤凰网': <monitor.searchSpiders.ifeng.Ifeng object at 0x7fe063893370>, '头条': <monitor.searchSpiders.toutiao.Toutiao object at ...
                   └ <monitor.spiderManager.SearchSpidersManager object at 0x7fe0638938b0>

> File "/home/users/Scy/yuqing/spider/monitor/searchSpiders/tieba.py", line 22, in get_request_from_keyword
    response = requests.get(url, headers=headers, timeout=50)
               │        │   │            └ {'Connection': 'keep-alive', 'sec-ch-ua': "'Chromium';v='92',' Not A;Brand';v='99', 'Google Chrome';v='92'", 'sec-ch-ua-mobil...
               │        │   └ 'https://tieba.baidu.com/f/search/res?isnew=1&kw=&qw=安徽省军区加强以青年为主的民兵新质力量建设&rn=10&un=&only_thread=0&sm=1&sd=&ed=&pn=12'
               │        └ <function get at 0x7fe06b2724c0>
               └ <module 'requests' from '/home/chase/.local/lib/python3.8/site-packages/requests/__init__.py'>

  File "/home/chase/.local/lib/python3.8/site-packages/requests/api.py", line 75, in get
    return request('get', url, params=params, **kwargs)
           │              │           │         └ {'headers': {'Connection': 'keep-alive', 'sec-ch-ua': "'Chromium';v='92',' Not A;Brand';v='99', 'Google Chrome';v='92'", 'sec...
           │              │           └ None
           │              └ 'https://tieba.baidu.com/f/search/res?isnew=1&kw=&qw=安徽省军区加强以青年为主的民兵新质力量建设&rn=10&un=&only_thread=0&sm=1&sd=&ed=&pn=12'
           └ <function request at 0x7fe06b268310>
  File "/home/chase/.local/lib/python3.8/site-packages/requests/api.py", line 61, in request
    return session.request(method=method, url=url, **kwargs)
           │       │              │           │      └ {'params': None, 'headers': {'Connection': 'keep-alive', 'sec-ch-ua': "'Chromium';v='92',' Not A;Brand';v='99', 'Google Chrom...
           │       │              │           └ 'https://tieba.baidu.com/f/search/res?isnew=1&kw=&qw=安徽省军区加强以青年为主的民兵新质力量建设&rn=10&un=&only_thread=0&sm=1&sd=&ed=&pn=12'
           │       │              └ 'get'
           │       └ <function Session.request at 0x7fe06b27bc10>
           └ <requests.sessions.Session object at 0x7fde10181190>
  File "/home/chase/.local/lib/python3.8/site-packages/requests/sessions.py", line 542, in request
    resp = self.send(prep, **send_kwargs)
           │    │    │       └ {'timeout': 50, 'allow_redirects': True, 'verify': True, 'proxies': OrderedDict(), 'stream': False, 'cert': None}
           │    │    └ <PreparedRequest [GET]>
           │    └ <function Session.send at 0x7fe06b2720d0>
           └ <requests.sessions.Session object at 0x7fde10181190>
  File "/home/chase/.local/lib/python3.8/site-packages/requests/sessions.py", line 677, in send
    history = [resp for resp in gen]
                                └ <generator object SessionRedirectMixin.resolve_redirects at 0x7fe0603e5200>
  File "/home/chase/.local/lib/python3.8/site-packages/requests/sessions.py", line 677, in <listcomp>
    history = [resp for resp in gen]
  File "/home/chase/.local/lib/python3.8/site-packages/requests/sessions.py", line 237, in resolve_redirects
    resp = self.send(
           │    └ <function Session.send at 0x7fe06b2720d0>
           └ <requests.sessions.Session object at 0x7fde10181190>
  File "/home/chase/.local/lib/python3.8/site-packages/requests/sessions.py", line 655, in send
    r = adapter.send(request, **kwargs)
        │       │    │          └ {'stream': False, 'timeout': 50, 'verify': True, 'cert': None, 'proxies': OrderedDict()}
        │       │    └ <PreparedRequest [GET]>
        │       └ <function HTTPAdapter.send at 0x7fe06b27b550>
        └ <requests.adapters.HTTPAdapter object at 0x7fdf10704be0>
  File "/home/chase/.local/lib/python3.8/site-packages/requests/adapters.py", line 514, in send
    raise SSLError(e, request=request)
          │                   └ <PreparedRequest [GET]>
          └ <class 'requests.exceptions.SSLError'>

requests.exceptions.SSLError: HTTPSConnectionPool(host='wappass.baidu.com', port=443): Max retries exceeded with url: /static/captcha/tuxing.html?ak=2ef521ec36290baed33d66de9b16f625&backurl=http%3A%2F%2Ftieba.baidu.com%2Ff%2Fsearch%2Fres%3Fisnew%3D1%26kw%3D%26qw%3D%25E5%25AE%2589%25E5%25BE%25BD%25E7%259C%2581%25E5%2586%259B%25E5%258C%25BA%25E5%258A%25A0%25E5%25BC%25BA%25E4%25BB%25A5%25E9%259D%2592%25E5%25B9%25B4%25E4%25B8%25BA%25E4%25B8%25BB%25E7%259A%2584%25E6%25B0%2591%25E5%2585%25B5%25E6%2596%25B0%25E8%25B4%25A8%25E5%258A%259B%25E9%2587%258F%25E5%25BB%25BA%25E8%25AE%25BE%26rn%3D10%26un%3D%26only_thread%3D0%26sm%3D1%26sd%3D%26ed%3D%26pn%3D12&timestamp=1654632680&signature=b257f654aef936691b5effc81c0bf2c9 (Caused by SSLError(SSLError(1, '[SSL: SSLV3_ALERT_HANDSHAKE_FAILURE] sslv3 alert handshake failure (_ssl.c:1131)')))
2022-06-08 04:11:41.064 | ERROR    | monitor.searchSpiders.tieba:get_request_from_keyword:34 - E 贴吧错误HTTPSConnectionPool(host='wappass.baidu.com', port=443): Max retries exceeded with url: /static/captcha/tuxing.html?ak=2ef521ec36290baed33d66de9b16f625&backurl=http%3A%2F%2Ftieba.baidu.com%2Ff%2Fsearch%2Fres%3Fisnew%3D1%26kw%3D%26qw%3D%25E4%25B8%2593%25E8%25AE%25BF%25EF%25BC%259A%25E7%25BE%258E%25E6%25BF%2580%25E8%25BF%259B%25E8%25B4%25A7%25E5%25B8%2581%25E6%2594%25BF%25E7%25AD%2596%25E5%25B0%2586%25E9%2598%25BB%25E7%25A2%258D%25E5%25A2%25A8%25E8%25A5%25BF%25E5%2593%25A5%25E7%25AD%2589%25E6%2596%25B0%25E5%2585%25B4%25E7%25BB%258F%25E6%25B5%258E%25E4%25BD%2593%25E5%25A4%258D%25E8%258B%258F%25E2%2580%2594%25E2%2580%2594%25E8%25AE%25BF%25E2%2580%25A6%26rn%3D10%26un%3D%26only_thread%3D0%26sm%3D1%26sd%3D%26ed%3D%26pn%3D1&timestamp=1654632700&signature=3f13a06ce628c0971c7de73e71e14c9a (Caused by SSLError(SSLError(1, '[SSL: SSLV3_ALERT_HANDSHAKE_FAILURE] sslv3 alert handshake failure (_ssl.c:1131)')))
Traceback (most recent call last):

  File "/home/chase/.local/lib/python3.8/site-packages/urllib3/connectionpool.py", line 699, in urlopen
    httplib_response = self._make_request(
                       │    └ <function HTTPConnectionPool._make_request at 0x7fe06b3fed30>
                       └ <urllib3.connectionpool.HTTPSConnectionPool object at 0x7fdeb06dfbb0>
  File "/home/chase/.local/lib/python3.8/site-packages/urllib3/connectionpool.py", line 382, in _make_request
    self._validate_conn(conn)
    │    │              └ <urllib3.connection.HTTPSConnection object at 0x7fdf742ae730>
    │    └ <function HTTPSConnectionPool._validate_conn at 0x7fe06b3ff280>
    └ <urllib3.connectionpool.HTTPSConnectionPool object at 0x7fdeb06dfbb0>
  File "/home/chase/.local/lib/python3.8/site-packages/urllib3/connectionpool.py", line 1010, in _validate_conn
    conn.connect()
    │    └ <function HTTPSConnection.connect at 0x7fe06b46d940>
    └ <urllib3.connection.HTTPSConnection object at 0x7fdf742ae730>
  File "/home/chase/.local/lib/python3.8/site-packages/urllib3/connection.py", line 416, in connect
    self.sock = ssl_wrap_socket(
    │    │      └ <function ssl_wrap_socket at 0x7fe06b468670>
    │    └ None
    └ <urllib3.connection.HTTPSConnection object at 0x7fdf742ae730>
  File "/home/chase/.local/lib/python3.8/site-packages/urllib3/util/ssl_.py", line 449, in ssl_wrap_socket
    ssl_sock = _ssl_wrap_socket_impl(
               └ <function _ssl_wrap_socket_impl at 0x7fe06b468820>
  File "/home/chase/.local/lib/python3.8/site-packages/urllib3/util/ssl_.py", line 493, in _ssl_wrap_socket_impl
    return ssl_context.wrap_socket(sock, server_hostname=server_hostname)
           │           │           │                     └ 'wappass.baidu.com'
           │           │           └ <socket.socket [closed] fd=-1, family=AddressFamily.AF_INET, type=SocketKind.SOCK_STREAM, proto=6>
           │           └ <function SSLContext.wrap_socket at 0x7fe08118de50>
           └ <ssl.SSLContext object at 0x7fdd4be862c0>
  File "/usr/lib/python3.8/ssl.py", line 500, in wrap_socket
    return self.sslsocket_class._create(
           │    │               └ <classmethod object at 0x7fe08c8cfaf0>
           │    └ <class 'ssl.SSLSocket'>
           └ <ssl.SSLContext object at 0x7fdd4be862c0>
  File "/usr/lib/python3.8/ssl.py", line 1040, in _create
    self.do_handshake()
    │    └ <function SSLSocket.do_handshake at 0x7fe08c8d2d30>
    └ <ssl.SSLSocket [closed] fd=-1, family=AddressFamily.AF_INET, type=SocketKind.SOCK_STREAM, proto=6>
  File "/usr/lib/python3.8/ssl.py", line 1309, in do_handshake
    self._sslobj.do_handshake()
    │    └ None
    └ <ssl.SSLSocket [closed] fd=-1, family=AddressFamily.AF_INET, type=SocketKind.SOCK_STREAM, proto=6>

ssl.SSLError: [SSL: SSLV3_ALERT_HANDSHAKE_FAILURE] sslv3 alert handshake failure (_ssl.c:1131)


During handling of the above exception, another exception occurred:


Traceback (most recent call last):

  File "/home/chase/.local/lib/python3.8/site-packages/requests/adapters.py", line 439, in send
    resp = conn.urlopen(
           │    └ <function HTTPConnectionPool.urlopen at 0x7fe06b3fef70>
           └ <urllib3.connectionpool.HTTPSConnectionPool object at 0x7fdeb06dfbb0>
  File "/home/chase/.local/lib/python3.8/site-packages/urllib3/connectionpool.py", line 755, in urlopen
    retries = retries.increment(
              │       └ <function Retry.increment at 0x7fe06b443280>
              └ Retry(total=0, connect=None, read=False, redirect=None, status=None)
  File "/home/chase/.local/lib/python3.8/site-packages/urllib3/util/retry.py", line 574, in increment
    raise MaxRetryError(_pool, url, error or ResponseError(cause))
          │             │      │    │        │             └ 'unknown'
          │             │      │    │        └ <class 'urllib3.exceptions.ResponseError'>
          │             │      │    └ SSLError(SSLError(1, '[SSL: SSLV3_ALERT_HANDSHAKE_FAILURE] sslv3 alert handshake failure (_ssl.c:1131)'))
          │             │      └ '/static/captcha/tuxing.html?ak=2ef521ec36290baed33d66de9b16f625&backurl=http%3A%2F%2Ftieba.baidu.com%2Ff%2Fsearch%2Fres%3Fis...
          │             └ <urllib3.connectionpool.HTTPSConnectionPool object at 0x7fdeb06dfbb0>
          └ <class 'urllib3.exceptions.MaxRetryError'>

urllib3.exceptions.MaxRetryError: HTTPSConnectionPool(host='wappass.baidu.com', port=443): Max retries exceeded with url: /static/captcha/tuxing.html?ak=2ef521ec36290baed33d66de9b16f625&backurl=http%3A%2F%2Ftieba.baidu.com%2Ff%2Fsearch%2Fres%3Fisnew%3D1%26kw%3D%26qw%3D%25E4%25B8%2593%25E8%25AE%25BF%25EF%25BC%259A%25E7%25BE%258E%25E6%25BF%2580%25E8%25BF%259B%25E8%25B4%25A7%25E5%25B8%2581%25E6%2594%25BF%25E7%25AD%2596%25E5%25B0%2586%25E9%2598%25BB%25E7%25A2%258D%25E5%25A2%25A8%25E8%25A5%25BF%25E5%2593%25A5%25E7%25AD%2589%25E6%2596%25B0%25E5%2585%25B4%25E7%25BB%258F%25E6%25B5%258E%25E4%25BD%2593%25E5%25A4%258D%25E8%258B%258F%25E2%2580%2594%25E2%2580%2594%25E8%25AE%25BF%25E2%2580%25A6%26rn%3D10%26un%3D%26only_thread%3D0%26sm%3D1%26sd%3D%26ed%3D%26pn%3D1&timestamp=1654632700&signature=3f13a06ce628c0971c7de73e71e14c9a (Caused by SSLError(SSLError(1, '[SSL: SSLV3_ALERT_HANDSHAKE_FAILURE] sslv3 alert handshake failure (_ssl.c:1131)')))


During handling of the above exception, another exception occurred:


Traceback (most recent call last):

  File "/usr/lib/python3.8/threading.py", line 890, in _bootstrap
    self._bootstrap_inner()
    │    └ <function Thread._bootstrap_inner at 0x7fe08f92ea60>
    └ <Thread(Thread-18114, started daemon 140587285067520)>
  File "/usr/lib/python3.8/threading.py", line 932, in _bootstrap_inner
    self.run()
    │    └ <function Thread.run at 0x7fe08f92e790>
    └ <Thread(Thread-18114, started daemon 140587285067520)>
  File "/usr/lib/python3.8/threading.py", line 870, in run
    self._target(*self._args, **self._kwargs)
    │    │        │    │        │    └ {}
    │    │        │    │        └ <Thread(Thread-18114, started daemon 140587285067520)>
    │    │        │    └ ('ProjectManager.run_func_by_thread',)
    │    │        └ <Thread(Thread-18114, started daemon 140587285067520)>
    │    └ <bound method ProjectManager.get_request_from_keywords_hot of <monitor.projectManager.ProjectManager object at 0x7fe063c65790>>
    └ <Thread(Thread-18114, started daemon 140587285067520)>

  File "/home/users/Scy/yuqing/spider/monitor/projectManager.py", line 833, in get_request_from_keywords_hot
    self.search_spider_manager.crawl_by_keyword(
    │    │                     └ <function SearchSpidersManager.crawl_by_keyword at 0x7fe063c71160>
    │    └ <monitor.spiderManager.SearchSpidersManager object at 0x7fe0638938b0>
    └ <monitor.projectManager.ProjectManager object at 0x7fe063c65790>

  File "/home/users/Scy/yuqing/spider/monitor/spiderManager.py", line 118, in crawl_by_keyword
    self.crawl_by_keyword_signal_platform(project_names, platform, keyword, crawl_time, project_times)
    │    │                                │              │         │        │           └ {'default': <monitor.TimeSection object at 0x7fe0639a2b80>}
    │    │                                │              │         │        └ <monitor.TimeSection object at 0x7fe06cf774c0>
    │    │                                │              │         └ '专访：美激进货币政策将阻碍墨西哥等新兴经济体复苏——访…'
    │    │                                │              └ '贴吧'
    │    │                                └ ['default']
    │    └ <function SearchSpidersManager.crawl_by_keyword_signal_platform at 0x7fe063c71280>
    └ <monitor.spiderManager.SearchSpidersManager object at 0x7fe0638938b0>

  File "/home/users/Scy/yuqing/spider/monitor/spiderManager.py", line 150, in crawl_by_keyword_signal_platform
    requests = self.get_request_from_keyword(platform, keyword_only, **crawl_time.to_dict())
               │    │                        │         │               │          └ <function TimeSection.to_dict at 0x7fe06b8931f0>
               │    │                        │         │               └ <monitor.TimeSection object at 0x7fe06cf774c0>
               │    │                        │         └ '专访：美激进货币政策将阻碍墨西哥等新兴经济体复苏——访…'
               │    │                        └ '贴吧'
               │    └ <function SearchSpidersManager.get_request_from_keyword at 0x7fe063c713a0>
               └ <monitor.spiderManager.SearchSpidersManager object at 0x7fe0638938b0>

  File "/home/users/Scy/yuqing/spider/monitor/spiderManager.py", line 214, in get_request_from_keyword
    for request in self.spiders[platform].get_request_from_keyword(headers, search_url, keyword, content_url,
                   │    │       │                                  │        │           │        └ None
                   │    │       │                                  │        │           └ '专访：美激进货币政策将阻碍墨西哥等新兴经济体复苏——访…'
                   │    │       │                                  │        └ <string.Template object at 0x7fddd03977f0>
                   │    │       │                                  └ {'Connection': 'keep-alive', 'sec-ch-ua': "'Chromium';v='92',' Not A;Brand';v='99', 'Google Chrome';v='92'", 'sec-ch-ua-mobil...
                   │    │       └ '贴吧'
                   │    └ {'凤凰网': <monitor.searchSpiders.ifeng.Ifeng object at 0x7fe063893370>, '头条': <monitor.searchSpiders.toutiao.Toutiao object at ...
                   └ <monitor.spiderManager.SearchSpidersManager object at 0x7fe0638938b0>

> File "/home/users/Scy/yuqing/spider/monitor/searchSpiders/tieba.py", line 22, in get_request_from_keyword
    response = requests.get(url, headers=headers, timeout=50)
               │        │   │            └ {'Connection': 'keep-alive', 'sec-ch-ua': "'Chromium';v='92',' Not A;Brand';v='99', 'Google Chrome';v='92'", 'sec-ch-ua-mobil...
               │        │   └ 'https://tieba.baidu.com/f/search/res?isnew=1&kw=&qw=专访：美激进货币政策将阻碍墨西哥等新兴经济体复苏——访…&rn=10&un=&only_thread=0&sm=1&sd=&ed=&pn=1'
               │        └ <function get at 0x7fe06b2724c0>
               └ <module 'requests' from '/home/chase/.local/lib/python3.8/site-packages/requests/__init__.py'>

  File "/home/chase/.local/lib/python3.8/site-packages/requests/api.py", line 75, in get
    return request('get', url, params=params, **kwargs)
           │              │           │         └ {'headers': {'Connection': 'keep-alive', 'sec-ch-ua': "'Chromium';v='92',' Not A;Brand';v='99', 'Google Chrome';v='92'", 'sec...
           │              │           └ None
           │              └ 'https://tieba.baidu.com/f/search/res?isnew=1&kw=&qw=专访：美激进货币政策将阻碍墨西哥等新兴经济体复苏——访…&rn=10&un=&only_thread=0&sm=1&sd=&ed=&pn=1'
           └ <function request at 0x7fe06b268310>
  File "/home/chase/.local/lib/python3.8/site-packages/requests/api.py", line 61, in request
    return session.request(method=method, url=url, **kwargs)
           │       │              │           │      └ {'params': None, 'headers': {'Connection': 'keep-alive', 'sec-ch-ua': "'Chromium';v='92',' Not A;Brand';v='99', 'Google Chrom...
           │       │              │           └ 'https://tieba.baidu.com/f/search/res?isnew=1&kw=&qw=专访：美激进货币政策将阻碍墨西哥等新兴经济体复苏——访…&rn=10&un=&only_thread=0&sm=1&sd=&ed=&pn=1'
           │       │              └ 'get'
           │       └ <function Session.request at 0x7fe06b27bc10>
           └ <requests.sessions.Session object at 0x7fdcd2065fa0>
  File "/home/chase/.local/lib/python3.8/site-packages/requests/sessions.py", line 542, in request
    resp = self.send(prep, **send_kwargs)
           │    │    │       └ {'timeout': 50, 'allow_redirects': True, 'verify': True, 'proxies': OrderedDict(), 'stream': False, 'cert': None}
           │    │    └ <PreparedRequest [GET]>
           │    └ <function Session.send at 0x7fe06b2720d0>
           └ <requests.sessions.Session object at 0x7fdcd2065fa0>
  File "/home/chase/.local/lib/python3.8/site-packages/requests/sessions.py", line 677, in send
    history = [resp for resp in gen]
                                └ <generator object SessionRedirectMixin.resolve_redirects at 0x7fdf546af200>
  File "/home/chase/.local/lib/python3.8/site-packages/requests/sessions.py", line 677, in <listcomp>
    history = [resp for resp in gen]
  File "/home/chase/.local/lib/python3.8/site-packages/requests/sessions.py", line 237, in resolve_redirects
    resp = self.send(
           │    └ <function Session.send at 0x7fe06b2720d0>
           └ <requests.sessions.Session object at 0x7fdcd2065fa0>
  File "/home/chase/.local/lib/python3.8/site-packages/requests/sessions.py", line 655, in send
    r = adapter.send(request, **kwargs)
        │       │    │          └ {'stream': False, 'timeout': 50, 'verify': True, 'cert': None, 'proxies': OrderedDict()}
        │       │    └ <PreparedRequest [GET]>
        │       └ <function HTTPAdapter.send at 0x7fe06b27b550>
        └ <requests.adapters.HTTPAdapter object at 0x7fdd142e3af0>
  File "/home/chase/.local/lib/python3.8/site-packages/requests/adapters.py", line 514, in send
    raise SSLError(e, request=request)
          │                   └ <PreparedRequest [GET]>
          └ <class 'requests.exceptions.SSLError'>

requests.exceptions.SSLError: HTTPSConnectionPool(host='wappass.baidu.com', port=443): Max retries exceeded with url: /static/captcha/tuxing.html?ak=2ef521ec36290baed33d66de9b16f625&backurl=http%3A%2F%2Ftieba.baidu.com%2Ff%2Fsearch%2Fres%3Fisnew%3D1%26kw%3D%26qw%3D%25E4%25B8%2593%25E8%25AE%25BF%25EF%25BC%259A%25E7%25BE%258E%25E6%25BF%2580%25E8%25BF%259B%25E8%25B4%25A7%25E5%25B8%2581%25E6%2594%25BF%25E7%25AD%2596%25E5%25B0%2586%25E9%2598%25BB%25E7%25A2%258D%25E5%25A2%25A8%25E8%25A5%25BF%25E5%2593%25A5%25E7%25AD%2589%25E6%2596%25B0%25E5%2585%25B4%25E7%25BB%258F%25E6%25B5%258E%25E4%25BD%2593%25E5%25A4%258D%25E8%258B%258F%25E2%2580%2594%25E2%2580%2594%25E8%25AE%25BF%25E2%2580%25A6%26rn%3D10%26un%3D%26only_thread%3D0%26sm%3D1%26sd%3D%26ed%3D%26pn%3D1&timestamp=1654632700&signature=3f13a06ce628c0971c7de73e71e14c9a (Caused by SSLError(SSLError(1, '[SSL: SSLV3_ALERT_HANDSHAKE_FAILURE] sslv3 alert handshake failure (_ssl.c:1131)')))
2022-06-08 05:04:20.877 | ERROR    | monitor.searchSpiders.tieba:get_request_from_keyword:34 - E 贴吧错误HTTPSConnectionPool(host='wappass.baidu.com', port=443): Max retries exceeded with url: /static/captcha/tuxing.html?ak=2ef521ec36290baed33d66de9b16f625&backurl=http%3A%2F%2Ftieba.baidu.com%2Ff%2Fsearch%2Fres%3Fisnew%3D1%26kw%3D%26qw%3D%25E6%25B3%25A2%25E5%2585%25B0%25E5%258D%2597%25E9%2583%25A8%25E6%25B2%25B9%25E8%258F%259C%25E8%258A%25B1%25E7%25BB%25BD%25E6%2594%25BE%25E7%25BE%258E%25E4%25B8%258D%25E8%2583%259C%25E6%2594%25B6%26rn%3D10%26un%3D%26only_thread%3D0%26sm%3D1%26sd%3D%26ed%3D%26pn%3D27&timestamp=1654635860&signature=2b863c0b65eb1ecb47ddc399c013d089 (Caused by SSLError(SSLError(1, '[SSL: SSLV3_ALERT_HANDSHAKE_FAILURE] sslv3 alert handshake failure (_ssl.c:1131)')))
Traceback (most recent call last):

  File "/home/chase/.local/lib/python3.8/site-packages/urllib3/connectionpool.py", line 699, in urlopen
    httplib_response = self._make_request(
                       │    └ <function HTTPConnectionPool._make_request at 0x7fe06b3fed30>
                       └ <urllib3.connectionpool.HTTPSConnectionPool object at 0x7fdda22984c0>
  File "/home/chase/.local/lib/python3.8/site-packages/urllib3/connectionpool.py", line 382, in _make_request
    self._validate_conn(conn)
    │    │              └ <urllib3.connection.HTTPSConnection object at 0x7fde907352e0>
    │    └ <function HTTPSConnectionPool._validate_conn at 0x7fe06b3ff280>
    └ <urllib3.connectionpool.HTTPSConnectionPool object at 0x7fdda22984c0>
  File "/home/chase/.local/lib/python3.8/site-packages/urllib3/connectionpool.py", line 1010, in _validate_conn
    conn.connect()
    │    └ <function HTTPSConnection.connect at 0x7fe06b46d940>
    └ <urllib3.connection.HTTPSConnection object at 0x7fde907352e0>
  File "/home/chase/.local/lib/python3.8/site-packages/urllib3/connection.py", line 416, in connect
    self.sock = ssl_wrap_socket(
    │    │      └ <function ssl_wrap_socket at 0x7fe06b468670>
    │    └ None
    └ <urllib3.connection.HTTPSConnection object at 0x7fde907352e0>
  File "/home/chase/.local/lib/python3.8/site-packages/urllib3/util/ssl_.py", line 449, in ssl_wrap_socket
    ssl_sock = _ssl_wrap_socket_impl(
               └ <function _ssl_wrap_socket_impl at 0x7fe06b468820>
  File "/home/chase/.local/lib/python3.8/site-packages/urllib3/util/ssl_.py", line 493, in _ssl_wrap_socket_impl
    return ssl_context.wrap_socket(sock, server_hostname=server_hostname)
           │           │           │                     └ 'wappass.baidu.com'
           │           │           └ <socket.socket [closed] fd=-1, family=AddressFamily.AF_INET, type=SocketKind.SOCK_STREAM, proto=6>
           │           └ <function SSLContext.wrap_socket at 0x7fe08118de50>
           └ <ssl.SSLContext object at 0x7fdd3a669bc0>
  File "/usr/lib/python3.8/ssl.py", line 500, in wrap_socket
    return self.sslsocket_class._create(
           │    │               └ <classmethod object at 0x7fe08c8cfaf0>
           │    └ <class 'ssl.SSLSocket'>
           └ <ssl.SSLContext object at 0x7fdd3a669bc0>
  File "/usr/lib/python3.8/ssl.py", line 1040, in _create
    self.do_handshake()
    │    └ <function SSLSocket.do_handshake at 0x7fe08c8d2d30>
    └ <ssl.SSLSocket [closed] fd=-1, family=AddressFamily.AF_INET, type=SocketKind.SOCK_STREAM, proto=6>
  File "/usr/lib/python3.8/ssl.py", line 1309, in do_handshake
    self._sslobj.do_handshake()
    │    └ None
    └ <ssl.SSLSocket [closed] fd=-1, family=AddressFamily.AF_INET, type=SocketKind.SOCK_STREAM, proto=6>

ssl.SSLError: [SSL: SSLV3_ALERT_HANDSHAKE_FAILURE] sslv3 alert handshake failure (_ssl.c:1131)


During handling of the above exception, another exception occurred:


Traceback (most recent call last):

  File "/home/chase/.local/lib/python3.8/site-packages/requests/adapters.py", line 439, in send
    resp = conn.urlopen(
           │    └ <function HTTPConnectionPool.urlopen at 0x7fe06b3fef70>
           └ <urllib3.connectionpool.HTTPSConnectionPool object at 0x7fdda22984c0>
  File "/home/chase/.local/lib/python3.8/site-packages/urllib3/connectionpool.py", line 755, in urlopen
    retries = retries.increment(
              │       └ <function Retry.increment at 0x7fe06b443280>
              └ Retry(total=0, connect=None, read=False, redirect=None, status=None)
  File "/home/chase/.local/lib/python3.8/site-packages/urllib3/util/retry.py", line 574, in increment
    raise MaxRetryError(_pool, url, error or ResponseError(cause))
          │             │      │    │        │             └ 'unknown'
          │             │      │    │        └ <class 'urllib3.exceptions.ResponseError'>
          │             │      │    └ SSLError(SSLError(1, '[SSL: SSLV3_ALERT_HANDSHAKE_FAILURE] sslv3 alert handshake failure (_ssl.c:1131)'))
          │             │      └ '/static/captcha/tuxing.html?ak=2ef521ec36290baed33d66de9b16f625&backurl=http%3A%2F%2Ftieba.baidu.com%2Ff%2Fsearch%2Fres%3Fis...
          │             └ <urllib3.connectionpool.HTTPSConnectionPool object at 0x7fdda22984c0>
          └ <class 'urllib3.exceptions.MaxRetryError'>

urllib3.exceptions.MaxRetryError: HTTPSConnectionPool(host='wappass.baidu.com', port=443): Max retries exceeded with url: /static/captcha/tuxing.html?ak=2ef521ec36290baed33d66de9b16f625&backurl=http%3A%2F%2Ftieba.baidu.com%2Ff%2Fsearch%2Fres%3Fisnew%3D1%26kw%3D%26qw%3D%25E6%25B3%25A2%25E5%2585%25B0%25E5%258D%2597%25E9%2583%25A8%25E6%25B2%25B9%25E8%258F%259C%25E8%258A%25B1%25E7%25BB%25BD%25E6%2594%25BE%25E7%25BE%258E%25E4%25B8%258D%25E8%2583%259C%25E6%2594%25B6%26rn%3D10%26un%3D%26only_thread%3D0%26sm%3D1%26sd%3D%26ed%3D%26pn%3D27&timestamp=1654635860&signature=2b863c0b65eb1ecb47ddc399c013d089 (Caused by SSLError(SSLError(1, '[SSL: SSLV3_ALERT_HANDSHAKE_FAILURE] sslv3 alert handshake failure (_ssl.c:1131)')))


During handling of the above exception, another exception occurred:


Traceback (most recent call last):

  File "/usr/lib/python3.8/threading.py", line 890, in _bootstrap
    self._bootstrap_inner()
    │    └ <function Thread._bootstrap_inner at 0x7fe08f92ea60>
    └ <Thread(Thread-18210, started daemon 140586314409728)>
  File "/usr/lib/python3.8/threading.py", line 932, in _bootstrap_inner
    self.run()
    │    └ <function Thread.run at 0x7fe08f92e790>
    └ <Thread(Thread-18210, started daemon 140586314409728)>
  File "/usr/lib/python3.8/threading.py", line 870, in run
    self._target(*self._args, **self._kwargs)
    │    │        │    │        │    └ {}
    │    │        │    │        └ <Thread(Thread-18210, started daemon 140586314409728)>
    │    │        │    └ ('ProjectManager.run_func_by_thread',)
    │    │        └ <Thread(Thread-18210, started daemon 140586314409728)>
    │    └ <bound method ProjectManager.get_request_from_keywords_hot of <monitor.projectManager.ProjectManager object at 0x7fe063c65790>>
    └ <Thread(Thread-18210, started daemon 140586314409728)>

  File "/home/users/Scy/yuqing/spider/monitor/projectManager.py", line 833, in get_request_from_keywords_hot
    self.search_spider_manager.crawl_by_keyword(
    │    │                     └ <function SearchSpidersManager.crawl_by_keyword at 0x7fe063c71160>
    │    └ <monitor.spiderManager.SearchSpidersManager object at 0x7fe0638938b0>
    └ <monitor.projectManager.ProjectManager object at 0x7fe063c65790>

  File "/home/users/Scy/yuqing/spider/monitor/spiderManager.py", line 118, in crawl_by_keyword
    self.crawl_by_keyword_signal_platform(project_names, platform, keyword, crawl_time, project_times)
    │    │                                │              │         │        │           └ {'default': <monitor.TimeSection object at 0x7fe0639a2b80>}
    │    │                                │              │         │        └ <monitor.TimeSection object at 0x7fdf74075ee0>
    │    │                                │              │         └ '波兰南部油菜花绽放美不胜收'
    │    │                                │              └ '贴吧'
    │    │                                └ ['default']
    │    └ <function SearchSpidersManager.crawl_by_keyword_signal_platform at 0x7fe063c71280>
    └ <monitor.spiderManager.SearchSpidersManager object at 0x7fe0638938b0>

  File "/home/users/Scy/yuqing/spider/monitor/spiderManager.py", line 150, in crawl_by_keyword_signal_platform
    requests = self.get_request_from_keyword(platform, keyword_only, **crawl_time.to_dict())
               │    │                        │         │               │          └ <function TimeSection.to_dict at 0x7fe06b8931f0>
               │    │                        │         │               └ <monitor.TimeSection object at 0x7fdf74075ee0>
               │    │                        │         └ '波兰南部油菜花绽放美不胜收'
               │    │                        └ '贴吧'
               │    └ <function SearchSpidersManager.get_request_from_keyword at 0x7fe063c713a0>
               └ <monitor.spiderManager.SearchSpidersManager object at 0x7fe0638938b0>

  File "/home/users/Scy/yuqing/spider/monitor/spiderManager.py", line 214, in get_request_from_keyword
    for request in self.spiders[platform].get_request_from_keyword(headers, search_url, keyword, content_url,
                   │    │       │                                  │        │           │        └ None
                   │    │       │                                  │        │           └ '波兰南部油菜花绽放美不胜收'
                   │    │       │                                  │        └ <string.Template object at 0x7fdf30137580>
                   │    │       │                                  └ {'Connection': 'keep-alive', 'sec-ch-ua': "'Chromium';v='92',' Not A;Brand';v='99', 'Google Chrome';v='92'", 'sec-ch-ua-mobil...
                   │    │       └ '贴吧'
                   │    └ {'凤凰网': <monitor.searchSpiders.ifeng.Ifeng object at 0x7fe063893370>, '头条': <monitor.searchSpiders.toutiao.Toutiao object at ...
                   └ <monitor.spiderManager.SearchSpidersManager object at 0x7fe0638938b0>

> File "/home/users/Scy/yuqing/spider/monitor/searchSpiders/tieba.py", line 22, in get_request_from_keyword
    response = requests.get(url, headers=headers, timeout=50)
               │        │   │            └ {'Connection': 'keep-alive', 'sec-ch-ua': "'Chromium';v='92',' Not A;Brand';v='99', 'Google Chrome';v='92'", 'sec-ch-ua-mobil...
               │        │   └ 'https://tieba.baidu.com/f/search/res?isnew=1&kw=&qw=波兰南部油菜花绽放美不胜收&rn=10&un=&only_thread=0&sm=1&sd=&ed=&pn=27'
               │        └ <function get at 0x7fe06b2724c0>
               └ <module 'requests' from '/home/chase/.local/lib/python3.8/site-packages/requests/__init__.py'>

  File "/home/chase/.local/lib/python3.8/site-packages/requests/api.py", line 75, in get
    return request('get', url, params=params, **kwargs)
           │              │           │         └ {'headers': {'Connection': 'keep-alive', 'sec-ch-ua': "'Chromium';v='92',' Not A;Brand';v='99', 'Google Chrome';v='92'", 'sec...
           │              │           └ None
           │              └ 'https://tieba.baidu.com/f/search/res?isnew=1&kw=&qw=波兰南部油菜花绽放美不胜收&rn=10&un=&only_thread=0&sm=1&sd=&ed=&pn=27'
           └ <function request at 0x7fe06b268310>
  File "/home/chase/.local/lib/python3.8/site-packages/requests/api.py", line 61, in request
    return session.request(method=method, url=url, **kwargs)
           │       │              │           │      └ {'params': None, 'headers': {'Connection': 'keep-alive', 'sec-ch-ua': "'Chromium';v='92',' Not A;Brand';v='99', 'Google Chrom...
           │       │              │           └ 'https://tieba.baidu.com/f/search/res?isnew=1&kw=&qw=波兰南部油菜花绽放美不胜收&rn=10&un=&only_thread=0&sm=1&sd=&ed=&pn=27'
           │       │              └ 'get'
           │       └ <function Session.request at 0x7fe06b27bc10>
           └ <requests.sessions.Session object at 0x7fdcf7f67910>
  File "/home/chase/.local/lib/python3.8/site-packages/requests/sessions.py", line 542, in request
    resp = self.send(prep, **send_kwargs)
           │    │    │       └ {'timeout': 50, 'allow_redirects': True, 'verify': True, 'proxies': OrderedDict(), 'stream': False, 'cert': None}
           │    │    └ <PreparedRequest [GET]>
           │    └ <function Session.send at 0x7fe06b2720d0>
           └ <requests.sessions.Session object at 0x7fdcf7f67910>
  File "/home/chase/.local/lib/python3.8/site-packages/requests/sessions.py", line 677, in send
    history = [resp for resp in gen]
                                └ <generator object SessionRedirectMixin.resolve_redirects at 0x7fdd0f17d900>
  File "/home/chase/.local/lib/python3.8/site-packages/requests/sessions.py", line 677, in <listcomp>
    history = [resp for resp in gen]
  File "/home/chase/.local/lib/python3.8/site-packages/requests/sessions.py", line 237, in resolve_redirects
    resp = self.send(
           │    └ <function Session.send at 0x7fe06b2720d0>
           └ <requests.sessions.Session object at 0x7fdcf7f67910>
  File "/home/chase/.local/lib/python3.8/site-packages/requests/sessions.py", line 655, in send
    r = adapter.send(request, **kwargs)
        │       │    │          └ {'stream': False, 'timeout': 50, 'verify': True, 'cert': None, 'proxies': OrderedDict()}
        │       │    └ <PreparedRequest [GET]>
        │       └ <function HTTPAdapter.send at 0x7fe06b27b550>
        └ <requests.adapters.HTTPAdapter object at 0x7fdf105ffd90>
  File "/home/chase/.local/lib/python3.8/site-packages/requests/adapters.py", line 514, in send
    raise SSLError(e, request=request)
          │                   └ <PreparedRequest [GET]>
          └ <class 'requests.exceptions.SSLError'>

requests.exceptions.SSLError: HTTPSConnectionPool(host='wappass.baidu.com', port=443): Max retries exceeded with url: /static/captcha/tuxing.html?ak=2ef521ec36290baed33d66de9b16f625&backurl=http%3A%2F%2Ftieba.baidu.com%2Ff%2Fsearch%2Fres%3Fisnew%3D1%26kw%3D%26qw%3D%25E6%25B3%25A2%25E5%2585%25B0%25E5%258D%2597%25E9%2583%25A8%25E6%25B2%25B9%25E8%258F%259C%25E8%258A%25B1%25E7%25BB%25BD%25E6%2594%25BE%25E7%25BE%258E%25E4%25B8%258D%25E8%2583%259C%25E6%2594%25B6%26rn%3D10%26un%3D%26only_thread%3D0%26sm%3D1%26sd%3D%26ed%3D%26pn%3D27&timestamp=1654635860&signature=2b863c0b65eb1ecb47ddc399c013d089 (Caused by SSLError(SSLError(1, '[SSL: SSLV3_ALERT_HANDSHAKE_FAILURE] sslv3 alert handshake failure (_ssl.c:1131)')))
2022-06-08 05:23:00.679 | ERROR    | monitor.searchSpiders.tieba:get_request_from_keyword:34 - E 贴吧错误HTTPSConnectionPool(host='wappass.baidu.com', port=443): Max retries exceeded with url: /static/captcha/tuxing.html?ak=2ef521ec36290baed33d66de9b16f625&backurl=http%3A%2F%2Ftieba.baidu.com%2Ff%2Fsearch%2Fres%3Fisnew%3D1%26kw%3D%26qw%3D%25E5%25AE%2589%25E5%25BE%25BD%25E7%259C%2581%25E5%2586%259B%25E5%258C%25BA%25E5%258A%25A0%25E5%25BC%25BA%25E4%25BB%25A5%25E9%259D%2592%25E5%25B9%25B4%25E4%25B8%25BA%25E4%25B8%25BB%25E7%259A%2584%25E6%25B0%2591%25E5%2585%25B5%25E6%2596%25B0%25E8%25B4%25A8%25E5%258A%259B%25E9%2587%258F%25E5%25BB%25BA%25E8%25AE%25BE%26rn%3D10%26un%3D%26only_thread%3D0%26sm%3D1%26sd%3D%26ed%3D%26pn%3D3&timestamp=1654636980&signature=14c8aa8c9b467a5f3fd91aff6dd560f9 (Caused by SSLError(SSLError(1, '[SSL: SSLV3_ALERT_HANDSHAKE_FAILURE] sslv3 alert handshake failure (_ssl.c:1131)')))
Traceback (most recent call last):

  File "/home/chase/.local/lib/python3.8/site-packages/urllib3/connectionpool.py", line 699, in urlopen
    httplib_response = self._make_request(
                       │    └ <function HTTPConnectionPool._make_request at 0x7fe06b3fed30>
                       └ <urllib3.connectionpool.HTTPSConnectionPool object at 0x7fdd2f39cc70>
  File "/home/chase/.local/lib/python3.8/site-packages/urllib3/connectionpool.py", line 382, in _make_request
    self._validate_conn(conn)
    │    │              └ <urllib3.connection.HTTPSConnection object at 0x7fded04604f0>
    │    └ <function HTTPSConnectionPool._validate_conn at 0x7fe06b3ff280>
    └ <urllib3.connectionpool.HTTPSConnectionPool object at 0x7fdd2f39cc70>
  File "/home/chase/.local/lib/python3.8/site-packages/urllib3/connectionpool.py", line 1010, in _validate_conn
    conn.connect()
    │    └ <function HTTPSConnection.connect at 0x7fe06b46d940>
    └ <urllib3.connection.HTTPSConnection object at 0x7fded04604f0>
  File "/home/chase/.local/lib/python3.8/site-packages/urllib3/connection.py", line 416, in connect
    self.sock = ssl_wrap_socket(
    │    │      └ <function ssl_wrap_socket at 0x7fe06b468670>
    │    └ None
    └ <urllib3.connection.HTTPSConnection object at 0x7fded04604f0>
  File "/home/chase/.local/lib/python3.8/site-packages/urllib3/util/ssl_.py", line 449, in ssl_wrap_socket
    ssl_sock = _ssl_wrap_socket_impl(
               └ <function _ssl_wrap_socket_impl at 0x7fe06b468820>
  File "/home/chase/.local/lib/python3.8/site-packages/urllib3/util/ssl_.py", line 493, in _ssl_wrap_socket_impl
    return ssl_context.wrap_socket(sock, server_hostname=server_hostname)
           │           │           │                     └ 'wappass.baidu.com'
           │           │           └ <socket.socket [closed] fd=-1, family=AddressFamily.AF_INET, type=SocketKind.SOCK_STREAM, proto=6>
           │           └ <function SSLContext.wrap_socket at 0x7fe08118de50>
           └ <ssl.SSLContext object at 0x7fdeb01d5440>
  File "/usr/lib/python3.8/ssl.py", line 500, in wrap_socket
    return self.sslsocket_class._create(
           │    │               └ <classmethod object at 0x7fe08c8cfaf0>
           │    └ <class 'ssl.SSLSocket'>
           └ <ssl.SSLContext object at 0x7fdeb01d5440>
  File "/usr/lib/python3.8/ssl.py", line 1040, in _create
    self.do_handshake()
    │    └ <function SSLSocket.do_handshake at 0x7fe08c8d2d30>
    └ <ssl.SSLSocket [closed] fd=-1, family=AddressFamily.AF_INET, type=SocketKind.SOCK_STREAM, proto=6>
  File "/usr/lib/python3.8/ssl.py", line 1309, in do_handshake
    self._sslobj.do_handshake()
    │    └ None
    └ <ssl.SSLSocket [closed] fd=-1, family=AddressFamily.AF_INET, type=SocketKind.SOCK_STREAM, proto=6>

ssl.SSLError: [SSL: SSLV3_ALERT_HANDSHAKE_FAILURE] sslv3 alert handshake failure (_ssl.c:1131)


During handling of the above exception, another exception occurred:


Traceback (most recent call last):

  File "/home/chase/.local/lib/python3.8/site-packages/requests/adapters.py", line 439, in send
    resp = conn.urlopen(
           │    └ <function HTTPConnectionPool.urlopen at 0x7fe06b3fef70>
           └ <urllib3.connectionpool.HTTPSConnectionPool object at 0x7fdd2f39cc70>
  File "/home/chase/.local/lib/python3.8/site-packages/urllib3/connectionpool.py", line 755, in urlopen
    retries = retries.increment(
              │       └ <function Retry.increment at 0x7fe06b443280>
              └ Retry(total=0, connect=None, read=False, redirect=None, status=None)
  File "/home/chase/.local/lib/python3.8/site-packages/urllib3/util/retry.py", line 574, in increment
    raise MaxRetryError(_pool, url, error or ResponseError(cause))
          │             │      │    │        │             └ 'unknown'
          │             │      │    │        └ <class 'urllib3.exceptions.ResponseError'>
          │             │      │    └ SSLError(SSLError(1, '[SSL: SSLV3_ALERT_HANDSHAKE_FAILURE] sslv3 alert handshake failure (_ssl.c:1131)'))
          │             │      └ '/static/captcha/tuxing.html?ak=2ef521ec36290baed33d66de9b16f625&backurl=http%3A%2F%2Ftieba.baidu.com%2Ff%2Fsearch%2Fres%3Fis...
          │             └ <urllib3.connectionpool.HTTPSConnectionPool object at 0x7fdd2f39cc70>
          └ <class 'urllib3.exceptions.MaxRetryError'>

urllib3.exceptions.MaxRetryError: HTTPSConnectionPool(host='wappass.baidu.com', port=443): Max retries exceeded with url: /static/captcha/tuxing.html?ak=2ef521ec36290baed33d66de9b16f625&backurl=http%3A%2F%2Ftieba.baidu.com%2Ff%2Fsearch%2Fres%3Fisnew%3D1%26kw%3D%26qw%3D%25E5%25AE%2589%25E5%25BE%25BD%25E7%259C%2581%25E5%2586%259B%25E5%258C%25BA%25E5%258A%25A0%25E5%25BC%25BA%25E4%25BB%25A5%25E9%259D%2592%25E5%25B9%25B4%25E4%25B8%25BA%25E4%25B8%25BB%25E7%259A%2584%25E6%25B0%2591%25E5%2585%25B5%25E6%2596%25B0%25E8%25B4%25A8%25E5%258A%259B%25E9%2587%258F%25E5%25BB%25BA%25E8%25AE%25BE%26rn%3D10%26un%3D%26only_thread%3D0%26sm%3D1%26sd%3D%26ed%3D%26pn%3D3&timestamp=1654636980&signature=14c8aa8c9b467a5f3fd91aff6dd560f9 (Caused by SSLError(SSLError(1, '[SSL: SSLV3_ALERT_HANDSHAKE_FAILURE] sslv3 alert handshake failure (_ssl.c:1131)')))


During handling of the above exception, another exception occurred:


Traceback (most recent call last):

  File "/usr/lib/python3.8/threading.py", line 890, in _bootstrap
    self._bootstrap_inner()
    │    └ <function Thread._bootstrap_inner at 0x7fe08f92ea60>
    └ <Thread(Thread-19110, started daemon 140586596611840)>
  File "/usr/lib/python3.8/threading.py", line 932, in _bootstrap_inner
    self.run()
    │    └ <function Thread.run at 0x7fe08f92e790>
    └ <Thread(Thread-19110, started daemon 140586596611840)>
  File "/usr/lib/python3.8/threading.py", line 870, in run
    self._target(*self._args, **self._kwargs)
    │    │        │    │        │    └ {}
    │    │        │    │        └ <Thread(Thread-19110, started daemon 140586596611840)>
    │    │        │    └ ('ProjectManager.run_func_by_thread',)
    │    │        └ <Thread(Thread-19110, started daemon 140586596611840)>
    │    └ <bound method ProjectManager.get_request_from_keywords_hot of <monitor.projectManager.ProjectManager object at 0x7fe063c65790>>
    └ <Thread(Thread-19110, started daemon 140586596611840)>

  File "/home/users/Scy/yuqing/spider/monitor/projectManager.py", line 833, in get_request_from_keywords_hot
    self.search_spider_manager.crawl_by_keyword(
    │    │                     └ <function SearchSpidersManager.crawl_by_keyword at 0x7fe063c71160>
    │    └ <monitor.spiderManager.SearchSpidersManager object at 0x7fe0638938b0>
    └ <monitor.projectManager.ProjectManager object at 0x7fe063c65790>

  File "/home/users/Scy/yuqing/spider/monitor/spiderManager.py", line 118, in crawl_by_keyword
    self.crawl_by_keyword_signal_platform(project_names, platform, keyword, crawl_time, project_times)
    │    │                                │              │         │        │           └ {'default': <monitor.TimeSection object at 0x7fe0639a2b80>}
    │    │                                │              │         │        └ <monitor.TimeSection object at 0x7fdcd1e58250>
    │    │                                │              │         └ '安徽省军区加强以青年为主的民兵新质力量建设'
    │    │                                │              └ '贴吧'
    │    │                                └ ['default']
    │    └ <function SearchSpidersManager.crawl_by_keyword_signal_platform at 0x7fe063c71280>
    └ <monitor.spiderManager.SearchSpidersManager object at 0x7fe0638938b0>

  File "/home/users/Scy/yuqing/spider/monitor/spiderManager.py", line 150, in crawl_by_keyword_signal_platform
    requests = self.get_request_from_keyword(platform, keyword_only, **crawl_time.to_dict())
               │    │                        │         │               │          └ <function TimeSection.to_dict at 0x7fe06b8931f0>
               │    │                        │         │               └ <monitor.TimeSection object at 0x7fdcd1e58250>
               │    │                        │         └ '安徽省军区加强以青年为主的民兵新质力量建设'
               │    │                        └ '贴吧'
               │    └ <function SearchSpidersManager.get_request_from_keyword at 0x7fe063c713a0>
               └ <monitor.spiderManager.SearchSpidersManager object at 0x7fe0638938b0>

  File "/home/users/Scy/yuqing/spider/monitor/spiderManager.py", line 214, in get_request_from_keyword
    for request in self.spiders[platform].get_request_from_keyword(headers, search_url, keyword, content_url,
                   │    │       │                                  │        │           │        └ None
                   │    │       │                                  │        │           └ '安徽省军区加强以青年为主的民兵新质力量建设'
                   │    │       │                                  │        └ <string.Template object at 0x7fde301e9970>
                   │    │       │                                  └ {'Connection': 'keep-alive', 'sec-ch-ua': "'Chromium';v='92',' Not A;Brand';v='99', 'Google Chrome';v='92'", 'sec-ch-ua-mobil...
                   │    │       └ '贴吧'
                   │    └ {'凤凰网': <monitor.searchSpiders.ifeng.Ifeng object at 0x7fe063893370>, '头条': <monitor.searchSpiders.toutiao.Toutiao object at ...
                   └ <monitor.spiderManager.SearchSpidersManager object at 0x7fe0638938b0>

> File "/home/users/Scy/yuqing/spider/monitor/searchSpiders/tieba.py", line 22, in get_request_from_keyword
    response = requests.get(url, headers=headers, timeout=50)
               │        │   │            └ {'Connection': 'keep-alive', 'sec-ch-ua': "'Chromium';v='92',' Not A;Brand';v='99', 'Google Chrome';v='92'", 'sec-ch-ua-mobil...
               │        │   └ 'https://tieba.baidu.com/f/search/res?isnew=1&kw=&qw=安徽省军区加强以青年为主的民兵新质力量建设&rn=10&un=&only_thread=0&sm=1&sd=&ed=&pn=3'
               │        └ <function get at 0x7fe06b2724c0>
               └ <module 'requests' from '/home/chase/.local/lib/python3.8/site-packages/requests/__init__.py'>

  File "/home/chase/.local/lib/python3.8/site-packages/requests/api.py", line 75, in get
    return request('get', url, params=params, **kwargs)
           │              │           │         └ {'headers': {'Connection': 'keep-alive', 'sec-ch-ua': "'Chromium';v='92',' Not A;Brand';v='99', 'Google Chrome';v='92'", 'sec...
           │              │           └ None
           │              └ 'https://tieba.baidu.com/f/search/res?isnew=1&kw=&qw=安徽省军区加强以青年为主的民兵新质力量建设&rn=10&un=&only_thread=0&sm=1&sd=&ed=&pn=3'
           └ <function request at 0x7fe06b268310>
  File "/home/chase/.local/lib/python3.8/site-packages/requests/api.py", line 61, in request
    return session.request(method=method, url=url, **kwargs)
           │       │              │           │      └ {'params': None, 'headers': {'Connection': 'keep-alive', 'sec-ch-ua': "'Chromium';v='92',' Not A;Brand';v='99', 'Google Chrom...
           │       │              │           └ 'https://tieba.baidu.com/f/search/res?isnew=1&kw=&qw=安徽省军区加强以青年为主的民兵新质力量建设&rn=10&un=&only_thread=0&sm=1&sd=&ed=&pn=3'
           │       │              └ 'get'
           │       └ <function Session.request at 0x7fe06b27bc10>
           └ <requests.sessions.Session object at 0x7fddd02f76a0>
  File "/home/chase/.local/lib/python3.8/site-packages/requests/sessions.py", line 542, in request
    resp = self.send(prep, **send_kwargs)
           │    │    │       └ {'timeout': 50, 'allow_redirects': True, 'verify': True, 'proxies': OrderedDict(), 'stream': False, 'cert': None}
           │    │    └ <PreparedRequest [GET]>
           │    └ <function Session.send at 0x7fe06b2720d0>
           └ <requests.sessions.Session object at 0x7fddd02f76a0>
  File "/home/chase/.local/lib/python3.8/site-packages/requests/sessions.py", line 677, in send
    history = [resp for resp in gen]
                                └ <generator object SessionRedirectMixin.resolve_redirects at 0x7fdd0bbc1c10>
  File "/home/chase/.local/lib/python3.8/site-packages/requests/sessions.py", line 677, in <listcomp>
    history = [resp for resp in gen]
  File "/home/chase/.local/lib/python3.8/site-packages/requests/sessions.py", line 237, in resolve_redirects
    resp = self.send(
           │    └ <function Session.send at 0x7fe06b2720d0>
           └ <requests.sessions.Session object at 0x7fddd02f76a0>
  File "/home/chase/.local/lib/python3.8/site-packages/requests/sessions.py", line 655, in send
    r = adapter.send(request, **kwargs)
        │       │    │          └ {'stream': False, 'timeout': 50, 'verify': True, 'cert': None, 'proxies': OrderedDict()}
        │       │    └ <PreparedRequest [GET]>
        │       └ <function HTTPAdapter.send at 0x7fe06b27b550>
        └ <requests.adapters.HTTPAdapter object at 0x7fdd2c17d310>
  File "/home/chase/.local/lib/python3.8/site-packages/requests/adapters.py", line 514, in send
    raise SSLError(e, request=request)
          │                   └ <PreparedRequest [GET]>
          └ <class 'requests.exceptions.SSLError'>

requests.exceptions.SSLError: HTTPSConnectionPool(host='wappass.baidu.com', port=443): Max retries exceeded with url: /static/captcha/tuxing.html?ak=2ef521ec36290baed33d66de9b16f625&backurl=http%3A%2F%2Ftieba.baidu.com%2Ff%2Fsearch%2Fres%3Fisnew%3D1%26kw%3D%26qw%3D%25E5%25AE%2589%25E5%25BE%25BD%25E7%259C%2581%25E5%2586%259B%25E5%258C%25BA%25E5%258A%25A0%25E5%25BC%25BA%25E4%25BB%25A5%25E9%259D%2592%25E5%25B9%25B4%25E4%25B8%25BA%25E4%25B8%25BB%25E7%259A%2584%25E6%25B0%2591%25E5%2585%25B5%25E6%2596%25B0%25E8%25B4%25A8%25E5%258A%259B%25E9%2587%258F%25E5%25BB%25BA%25E8%25AE%25BE%26rn%3D10%26un%3D%26only_thread%3D0%26sm%3D1%26sd%3D%26ed%3D%26pn%3D3&timestamp=1654636980&signature=14c8aa8c9b467a5f3fd91aff6dd560f9 (Caused by SSLError(SSLError(1, '[SSL: SSLV3_ALERT_HANDSHAKE_FAILURE] sslv3 alert handshake failure (_ssl.c:1131)')))
