2022-05-14 07:25:22.836 | ERROR    | base.db.mysql:update:390 - 【mysql更新数据出错】
Traceback (most recent call last):

  File "/home/chase/.local/lib/python3.8/site-packages/sqlalchemy/engine/base.py", line 1771, in _execute_context
    self.dialect.do_execute(
    │    │       └ <function DefaultDialect.do_execute at 0x7f31f38f75e0>
    │    └ <sqlalchemy.dialects.mysql.pymysql.MySQLDialect_pymysql object at 0x7f3103ffde20>
    └ <sqlalchemy.engine.base.Connection object at 0x7f2de99cfb20>
  File "/home/chase/.local/lib/python3.8/site-packages/sqlalchemy/engine/default.py", line 717, in do_execute
    cursor.execute(statement, parameters)
    │      │       │          └ {'server_id': '180.201.163.246:6800', 'ip': '180.201.163.246', 'username': 'chase', 'password': '8852701016698279309130601267...
    │      │       └ 'UPDATE device SET server_id=%(server_id)s, ip=%(ip)s, username=%(username)s, password=%(password)s, address=%(address)s, por...
    │      └ <function Cursor.execute at 0x7f31f354cdc0>
    └ <pymysql.cursors.Cursor object at 0x7f2f7817cb50>
  File "/home/chase/.local/lib/python3.8/site-packages/pymysql/cursors.py", line 148, in execute
    result = self._query(query)
             │    │      └ "UPDATE device SET server_id='180.201.163.246:6800', ip='180.201.163.246', username='chase', password='8852701016698279309130...
             │    └ <function Cursor._query at 0x7f31f34d7280>
             └ <pymysql.cursors.Cursor object at 0x7f2f7817cb50>
  File "/home/chase/.local/lib/python3.8/site-packages/pymysql/cursors.py", line 310, in _query
    conn.query(q)
    │    │     └ "UPDATE device SET server_id='180.201.163.246:6800', ip='180.201.163.246', username='chase', password='8852701016698279309130...
    │    └ <function Connection.query at 0x7f31f34e5670>
    └ <pymysql.connections.Connection object at 0x7f2e060814c0>
  File "/home/chase/.local/lib/python3.8/site-packages/pymysql/connections.py", line 548, in query
    self._affected_rows = self._read_query_result(unbuffered=unbuffered)
    │    │                │    │                             └ False
    │    │                │    └ <function Connection._read_query_result at 0x7f31f34e5ca0>
    │    │                └ <pymysql.connections.Connection object at 0x7f2e060814c0>
    │    └ 1
    └ <pymysql.connections.Connection object at 0x7f2e060814c0>
  File "/home/chase/.local/lib/python3.8/site-packages/pymysql/connections.py", line 775, in _read_query_result
    result.read()
    │      └ <function MySQLResult.read at 0x7f31f34e64c0>
    └ <pymysql.connections.MySQLResult object at 0x7f2f9870e760>
  File "/home/chase/.local/lib/python3.8/site-packages/pymysql/connections.py", line 1156, in read
    first_packet = self.connection._read_packet()
                   │    └ None
                   └ <pymysql.connections.MySQLResult object at 0x7f2f9870e760>
  File "/home/chase/.local/lib/python3.8/site-packages/pymysql/connections.py", line 725, in _read_packet
    packet.raise_for_error()
    │      └ <function MysqlPacket.raise_for_error at 0x7f31f34ddee0>
    └ <pymysql.protocol.MysqlPacket object at 0x7f3102311640>
  File "/home/chase/.local/lib/python3.8/site-packages/pymysql/protocol.py", line 221, in raise_for_error
    err.raise_mysql_exception(self._data)
    │   │                     │    └ <member '_data' of 'MysqlPacket' objects>
    │   │                     └ <pymysql.protocol.MysqlPacket object at 0x7f3102311640>
    │   └ <function raise_mysql_exception at 0x7f31f358c670>
    └ <module 'pymysql.err' from '/home/chase/.local/lib/python3.8/site-packages/pymysql/err.py'>
  File "/home/chase/.local/lib/python3.8/site-packages/pymysql/err.py", line 143, in raise_mysql_exception
    raise errorclass(errno, errval)
          │          │      └ "Duplicate entry '180.201.163.246:6800' for key 'device.PRIMARY'"
          │          └ 1062
          └ <class 'pymysql.err.IntegrityError'>

pymysql.err.IntegrityError: (1062, "Duplicate entry '180.201.163.246:6800' for key 'device.PRIMARY'")


The above exception was the direct cause of the following exception:


Traceback (most recent call last):

  File "/usr/lib/python3.8/threading.py", line 890, in _bootstrap
    self._bootstrap_inner()
    │    └ <function Thread._bootstrap_inner at 0x7f321bf29a60>
    └ <Thread(Thread-13229, started daemon 139835202205440)>
  File "/usr/lib/python3.8/threading.py", line 932, in _bootstrap_inner
    self.run()
    │    └ <function Thread.run at 0x7f321bf29790>
    └ <Thread(Thread-13229, started daemon 139835202205440)>
  File "/usr/lib/python3.8/threading.py", line 870, in run
    self._target(*self._args, **self._kwargs)
    │    │        │    │        │    └ {}
    │    │        │    │        └ <Thread(Thread-13229, started daemon 139835202205440)>
    │    │        │    └ ('ProjectManager.run_func_by_thread',)
    │    │        └ <Thread(Thread-13229, started daemon 139835202205440)>
    │    └ <bound method ProjectManager.get_request_from_keywords_hot of <monitor.projectManager.ProjectManager object at 0x7f31042e52e0>>
    └ <Thread(Thread-13229, started daemon 139835202205440)>

  File "/home/users/Scy/yuqing/spider/monitor/projectManager.py", line 799, in get_request_from_keywords_hot
    self.start_finished_spider_every_interval(project_names)
    │    │                                    └ ['default', 'test']
    │    └ <function ProjectManager.start_finished_spider_every_interval at 0x7f3104005280>
    └ <monitor.projectManager.ProjectManager object at 0x7f31042e52e0>

  File "/home/users/Scy/yuqing/spider/monitor/projectManager.py", line 784, in start_finished_spider_every_interval
    self[name].start_spider()
    │    └ 'default'
    └ <monitor.projectManager.ProjectManager object at 0x7f31042e52e0>

  File "/home/users/Scy/yuqing/spider/monitor/projectManager.py", line 366, in start_spider
    self.update_device_valid(device)
    │    │                   └ <monitor.deviceManager.DeviceC object at 0x7f3104029220>
    │    └ <function Project.update_device_valid at 0x7f3104003280>
    └ <monitor.projectManager.Project object at 0x7f3104029460>

  File "/home/users/Scy/yuqing/spider/monitor/projectManager.py", line 421, in update_device_valid
    self.database_manager.mysql.update(Device(**device.to_item()))
    │    │                │     │      │        │      └ <function DeviceC.to_item at 0x7f31f34ed310>
    │    │                │     │      │        └ <monitor.deviceManager.DeviceC object at 0x7f3104029220>
    │    │                │     │      └ <class 'base.db.mysql.Device'>
    │    │                │     └ <function Mysql.update at 0x7f31f35f4790>
    │    │                └ <base.db.mysql.Mysql object at 0x7f3103ffdfd0>
    │    └ <base.db.dbSlot.Slot object at 0x7f3103ffdf10>
    └ <monitor.projectManager.Project object at 0x7f3104029460>

> File "/home/users/Scy/yuqing/spider/base/db/mysql.py", line 375, in update
    row.update(new)
    │   │      └ {'server_id': '180.201.163.246:6800', 'ip': '180.201.163.246', 'username': 'chase', 'password': '8852701016698279309130601267...
    │   └ <function Query.update at 0x7f31f37333a0>
    └ <sqlalchemy.orm.query.Query object at 0x7f30380643d0>

  File "/home/chase/.local/lib/python3.8/site-packages/sqlalchemy/orm/query.py", line 3221, in update
    result = self.session.execute(
             │    │       └ <function Session.execute at 0x7f31f370faf0>
             │    └ <sqlalchemy.orm.session.Session object at 0x7f2dea094f40>
             └ <sqlalchemy.orm.query.Query object at 0x7f30380643d0>
  File "/home/chase/.local/lib/python3.8/site-packages/sqlalchemy/orm/session.py", line 1689, in execute
    result = conn._execute_20(statement, params or {}, execution_options)
             │    │           │          │             └ immutabledict({'synchronize_session': 'evaluate', '_sa_orm_update_options': default_update_options(_matched_objects=[], _reso...
             │    │           │          └ immutabledict({})
             │    │           └ <sqlalchemy.sql.annotation.AnnotatedUpdate object at 0x7f30986e4130>
             │    └ <function Connection._execute_20 at 0x7f31f39bc790>
             └ <sqlalchemy.engine.base.Connection object at 0x7f2de99cfb20>
  File "/home/chase/.local/lib/python3.8/site-packages/sqlalchemy/engine/base.py", line 1583, in _execute_20
    return meth(self, args_10style, kwargs_10style, execution_options)
           │    │     │             │               └ immutabledict({'synchronize_session': 'evaluate', '_sa_orm_update_options': default_update_options(_matched_objects=[], _reso...
           │    │     │             └ immutabledict({})
           │    │     └ ({},)
           │    └ <sqlalchemy.engine.base.Connection object at 0x7f2de99cfb20>
           └ <bound method ClauseElement._execute_on_connection of <sqlalchemy.sql.annotation.AnnotatedUpdate object at 0x7f30986e4130>>
  File "/home/chase/.local/lib/python3.8/site-packages/sqlalchemy/sql/elements.py", line 323, in _execute_on_connection
    return connection._execute_clauseelement(
           │          └ <function Connection._execute_clauseelement at 0x7f31f39bc5e0>
           └ <sqlalchemy.engine.base.Connection object at 0x7f2de99cfb20>
  File "/home/chase/.local/lib/python3.8/site-packages/sqlalchemy/engine/base.py", line 1452, in _execute_clauseelement
    ret = self._execute_context(
          │    └ <function Connection._execute_context at 0x7f31f39bc8b0>
          └ <sqlalchemy.engine.base.Connection object at 0x7f2de99cfb20>
  File "/home/chase/.local/lib/python3.8/site-packages/sqlalchemy/engine/base.py", line 1814, in _execute_context
    self._handle_dbapi_exception(
    │    └ <function Connection._handle_dbapi_exception at 0x7f31f39bca60>
    └ <sqlalchemy.engine.base.Connection object at 0x7f2de99cfb20>
  File "/home/chase/.local/lib/python3.8/site-packages/sqlalchemy/engine/base.py", line 1995, in _handle_dbapi_exception
    util.raise_(
    │    └ <function raise_ at 0x7f31f3d7ea60>
    └ <module 'sqlalchemy.util' from '/home/chase/.local/lib/python3.8/site-packages/sqlalchemy/util/__init__.py'>
  File "/home/chase/.local/lib/python3.8/site-packages/sqlalchemy/util/compat.py", line 207, in raise_
    raise exception
  File "/home/chase/.local/lib/python3.8/site-packages/sqlalchemy/engine/base.py", line 1771, in _execute_context
    self.dialect.do_execute(
    │    │       └ <function DefaultDialect.do_execute at 0x7f31f38f75e0>
    │    └ <sqlalchemy.dialects.mysql.pymysql.MySQLDialect_pymysql object at 0x7f3103ffde20>
    └ <sqlalchemy.engine.base.Connection object at 0x7f2de99cfb20>
  File "/home/chase/.local/lib/python3.8/site-packages/sqlalchemy/engine/default.py", line 717, in do_execute
    cursor.execute(statement, parameters)
    │      │       │          └ {'server_id': '180.201.163.246:6800', 'ip': '180.201.163.246', 'username': 'chase', 'password': '8852701016698279309130601267...
    │      │       └ 'UPDATE device SET server_id=%(server_id)s, ip=%(ip)s, username=%(username)s, password=%(password)s, address=%(address)s, por...
    │      └ <function Cursor.execute at 0x7f31f354cdc0>
    └ <pymysql.cursors.Cursor object at 0x7f2f7817cb50>
  File "/home/chase/.local/lib/python3.8/site-packages/pymysql/cursors.py", line 148, in execute
    result = self._query(query)
             │    │      └ "UPDATE device SET server_id='180.201.163.246:6800', ip='180.201.163.246', username='chase', password='8852701016698279309130...
             │    └ <function Cursor._query at 0x7f31f34d7280>
             └ <pymysql.cursors.Cursor object at 0x7f2f7817cb50>
  File "/home/chase/.local/lib/python3.8/site-packages/pymysql/cursors.py", line 310, in _query
    conn.query(q)
    │    │     └ "UPDATE device SET server_id='180.201.163.246:6800', ip='180.201.163.246', username='chase', password='8852701016698279309130...
    │    └ <function Connection.query at 0x7f31f34e5670>
    └ <pymysql.connections.Connection object at 0x7f2e060814c0>
  File "/home/chase/.local/lib/python3.8/site-packages/pymysql/connections.py", line 548, in query
    self._affected_rows = self._read_query_result(unbuffered=unbuffered)
    │    │                │    │                             └ False
    │    │                │    └ <function Connection._read_query_result at 0x7f31f34e5ca0>
    │    │                └ <pymysql.connections.Connection object at 0x7f2e060814c0>
    │    └ 1
    └ <pymysql.connections.Connection object at 0x7f2e060814c0>
  File "/home/chase/.local/lib/python3.8/site-packages/pymysql/connections.py", line 775, in _read_query_result
    result.read()
    │      └ <function MySQLResult.read at 0x7f31f34e64c0>
    └ <pymysql.connections.MySQLResult object at 0x7f2f9870e760>
  File "/home/chase/.local/lib/python3.8/site-packages/pymysql/connections.py", line 1156, in read
    first_packet = self.connection._read_packet()
                   │    └ None
                   └ <pymysql.connections.MySQLResult object at 0x7f2f9870e760>
  File "/home/chase/.local/lib/python3.8/site-packages/pymysql/connections.py", line 725, in _read_packet
    packet.raise_for_error()
    │      └ <function MysqlPacket.raise_for_error at 0x7f31f34ddee0>
    └ <pymysql.protocol.MysqlPacket object at 0x7f3102311640>
  File "/home/chase/.local/lib/python3.8/site-packages/pymysql/protocol.py", line 221, in raise_for_error
    err.raise_mysql_exception(self._data)
    │   │                     │    └ <member '_data' of 'MysqlPacket' objects>
    │   │                     └ <pymysql.protocol.MysqlPacket object at 0x7f3102311640>
    │   └ <function raise_mysql_exception at 0x7f31f358c670>
    └ <module 'pymysql.err' from '/home/chase/.local/lib/python3.8/site-packages/pymysql/err.py'>
  File "/home/chase/.local/lib/python3.8/site-packages/pymysql/err.py", line 143, in raise_mysql_exception
    raise errorclass(errno, errval)
          │          │      └ "Duplicate entry '180.201.163.246:6800' for key 'device.PRIMARY'"
          │          └ 1062
          └ <class 'pymysql.err.IntegrityError'>

sqlalchemy.exc.IntegrityError: (pymysql.err.IntegrityError) (1062, "Duplicate entry '180.201.163.246:6800' for key 'device.PRIMARY'")
[SQL: UPDATE device SET server_id=%(server_id)s, ip=%(ip)s, username=%(username)s, password=%(password)s, address=%(address)s, port=%(port)s, valid=%(valid)s WHERE device.ip = %(ip_1)s]
[parameters: {'server_id': '180.201.163.246:6800', 'ip': '180.201.163.246', 'username': 'chase', 'password': '88527010166982793091306012676306656330216017451786067381928962736650881606383586096950338203932965017176016829263832176784185011669529604285876333669 ... (10 characters truncated) ... 12468183397503084116417898604688182466368260409252239647519129258366986228540455521433496137775289313876755577359369922617467899221654021558554370162', 'address': '/home/users/CT/pycharmproject/spiders/', 'port': 6800, 'valid': 1, 'ip_1': '180.201.163.246'}]
(Background on this error at: https://sqlalche.me/e/14/gkpj)
2022-05-14 07:25:41.290 | ERROR    | monitor.hotSpiders.weibo:get_title:40 - url:https://weibo.com/ajax/side/hotSearch  HTTPSConnectionPool(host='weibo.com', port=443): Max retries exceeded with url: /ajax/side/hotSearch (Caused by NewConnectionError('<urllib3.connection.HTTPSConnection object at 0x7f2dcc04ed60>: Failed to establish a new connection: [Errno 22] Invalid argument'))
Traceback (most recent call last):

  File "/home/chase/.local/lib/python3.8/site-packages/urllib3/connection.py", line 174, in _new_conn
    conn = connection.create_connection(
           │          └ <function create_connection at 0x7f31f81e58b0>
           └ <module 'urllib3.util.connection' from '/home/chase/.local/lib/python3.8/site-packages/urllib3/util/connection.py'>
  File "/home/chase/.local/lib/python3.8/site-packages/urllib3/util/connection.py", line 73, in create_connection
    for res in socket.getaddrinfo(host, port, family, socket.SOCK_STREAM):
               │      │           │     │     │       │      └ <SocketKind.SOCK_STREAM: 1>
               │      │           │     │     │       └ <module 'socket' from '/usr/lib/python3.8/socket.py'>
               │      │           │     │     └ <AddressFamily.AF_UNSPEC: 0>
               │      │           │     └ 443
               │      │           └ 'weibo.com'
               │      └ <function getaddrinfo at 0x7f320d9085e0>
               └ <module 'socket' from '/usr/lib/python3.8/socket.py'>
  File "/usr/lib/python3.8/socket.py", line 918, in getaddrinfo
    for res in _socket.getaddrinfo(host, port, family, type, proto, flags):
               │       │           │     │     │       │     │      └ 0
               │       │           │     │     │       │     └ 0
               │       │           │     │     │       └ <SocketKind.SOCK_STREAM: 1>
               │       │           │     │     └ <AddressFamily.AF_UNSPEC: 0>
               │       │           │     └ 443
               │       │           └ 'weibo.com'
               │       └ <built-in function getaddrinfo>
               └ <module '_socket' (built-in)>

OSError: [Errno 22] Invalid argument


During handling of the above exception, another exception occurred:


Traceback (most recent call last):

  File "/home/chase/.local/lib/python3.8/site-packages/urllib3/connectionpool.py", line 699, in urlopen
    httplib_response = self._make_request(
                       │    └ <function HTTPConnectionPool._make_request at 0x7f31f81adca0>
                       └ <urllib3.connectionpool.HTTPSConnectionPool object at 0x7f305862a640>
  File "/home/chase/.local/lib/python3.8/site-packages/urllib3/connectionpool.py", line 382, in _make_request
    self._validate_conn(conn)
    │    │              └ <urllib3.connection.HTTPSConnection object at 0x7f2dcc04ed60>
    │    └ <function HTTPSConnectionPool._validate_conn at 0x7f31f81af1f0>
    └ <urllib3.connectionpool.HTTPSConnectionPool object at 0x7f305862a640>
  File "/home/chase/.local/lib/python3.8/site-packages/urllib3/connectionpool.py", line 1010, in _validate_conn
    conn.connect()
    │    └ <function HTTPSConnection.connect at 0x7f31f819e8b0>
    └ <urllib3.connection.HTTPSConnection object at 0x7f2dcc04ed60>
  File "/home/chase/.local/lib/python3.8/site-packages/urllib3/connection.py", line 358, in connect
    conn = self._new_conn()
           │    └ <function HTTPConnection._new_conn at 0x7f31f819e310>
           └ <urllib3.connection.HTTPSConnection object at 0x7f2dcc04ed60>
  File "/home/chase/.local/lib/python3.8/site-packages/urllib3/connection.py", line 186, in _new_conn
    raise NewConnectionError(
          └ <class 'urllib3.exceptions.NewConnectionError'>

urllib3.exceptions.NewConnectionError: <urllib3.connection.HTTPSConnection object at 0x7f2dcc04ed60>: Failed to establish a new connection: [Errno 22] Invalid argument


During handling of the above exception, another exception occurred:


Traceback (most recent call last):

  File "/home/chase/.local/lib/python3.8/site-packages/requests/adapters.py", line 439, in send
    resp = conn.urlopen(
           │    └ <function HTTPConnectionPool.urlopen at 0x7f31f81adee0>
           └ <urllib3.connectionpool.HTTPSConnectionPool object at 0x7f305862a640>
  File "/home/chase/.local/lib/python3.8/site-packages/urllib3/connectionpool.py", line 755, in urlopen
    retries = retries.increment(
              │       └ <function Retry.increment at 0x7f31f81f1280>
              └ Retry(total=0, connect=None, read=False, redirect=None, status=None)
  File "/home/chase/.local/lib/python3.8/site-packages/urllib3/util/retry.py", line 574, in increment
    raise MaxRetryError(_pool, url, error or ResponseError(cause))
          │             │      │    │        │             └ 'unknown'
          │             │      │    │        └ <class 'urllib3.exceptions.ResponseError'>
          │             │      │    └ NewConnectionError('<urllib3.connection.HTTPSConnection object at 0x7f2dcc04ed60>: Failed to establish a new connection: [Err...
          │             │      └ '/ajax/side/hotSearch'
          │             └ <urllib3.connectionpool.HTTPSConnectionPool object at 0x7f305862a640>
          └ <class 'urllib3.exceptions.MaxRetryError'>

urllib3.exceptions.MaxRetryError: HTTPSConnectionPool(host='weibo.com', port=443): Max retries exceeded with url: /ajax/side/hotSearch (Caused by NewConnectionError('<urllib3.connection.HTTPSConnection object at 0x7f2dcc04ed60>: Failed to establish a new connection: [Errno 22] Invalid argument'))


During handling of the above exception, another exception occurred:


Traceback (most recent call last):

  File "/usr/lib/python3.8/threading.py", line 890, in _bootstrap
    self._bootstrap_inner()
    │    └ <function Thread._bootstrap_inner at 0x7f321bf29a60>
    └ <Thread(Thread-13232, started daemon 139835688982272)>
  File "/usr/lib/python3.8/threading.py", line 932, in _bootstrap_inner
    self.run()
    │    └ <function Thread.run at 0x7f321bf29790>
    └ <Thread(Thread-13232, started daemon 139835688982272)>
  File "/usr/lib/python3.8/threading.py", line 870, in run
    self._target(*self._args, **self._kwargs)
    │    │        │    │        │    └ {}
    │    │        │    │        └ <Thread(Thread-13232, started daemon 139835688982272)>
    │    │        │    └ ([],)
    │    │        └ <Thread(Thread-13232, started daemon 139835688982272)>
    │    └ <bound method ProjectManager.crawl_hot_title of <monitor.projectManager.ProjectManager object at 0x7f31042e52e0>>
    └ <Thread(Thread-13232, started daemon 139835688982272)>

  File "/home/users/Scy/yuqing/spider/monitor/projectManager.py", line 725, in crawl_hot_title
    self.hot_spider_manager.crawl_hot()
    │    │                  └ <function HotSpiderManager.crawl_hot at 0x7f31042e7ca0>
    │    └ <monitor.spiderManager.HotSpiderManager object at 0x7f3103ffd9d0>
    └ <monitor.projectManager.ProjectManager object at 0x7f31042e52e0>

  File "/home/users/Scy/yuqing/spider/monitor/spiderManager.py", line 50, in crawl_hot
    status, title = spider.get_title(headers, hot_url)
    │               │      │         │        └ 'https://weibo.com/ajax/side/hotSearch'
    │               │      │         └ {'accept': 'application/json, text/plain, */*', 'accept-encoding': 'gzip, deflate, br', 'accept-language': 'zh-CN,zh;q=0.9', ...
    │               │      └ <function Weibo.get_title at 0x7f3103f531f0>
    │               └ <monitor.hotSpiders.weibo.Weibo object at 0x7f3103fb2670>
    └ True

> File "/home/users/Scy/yuqing/spider/monitor/hotSpiders/weibo.py", line 24, in get_title
    response = requests.get(url, headers=headers,timeout=10)
               │        │   │            └ {'accept': 'application/json, text/plain, */*', 'accept-encoding': 'gzip, deflate, br', 'accept-language': 'zh-CN,zh;q=0.9', ...
               │        │   └ 'https://weibo.com/ajax/side/hotSearch'
               │        └ <function get at 0x7f31f8028430>
               └ <module 'requests' from '/home/chase/.local/lib/python3.8/site-packages/requests/__init__.py'>

  File "/home/chase/.local/lib/python3.8/site-packages/requests/api.py", line 75, in get
    return request('get', url, params=params, **kwargs)
           │              │           │         └ {'headers': {'accept': 'application/json, text/plain, */*', 'accept-encoding': 'gzip, deflate, br', 'accept-language': 'zh-CN...
           │              │           └ None
           │              └ 'https://weibo.com/ajax/side/hotSearch'
           └ <function request at 0x7f31f8018280>
  File "/home/chase/.local/lib/python3.8/site-packages/requests/api.py", line 61, in request
    return session.request(method=method, url=url, **kwargs)
           │       │              │           │      └ {'params': None, 'headers': {'accept': 'application/json, text/plain, */*', 'accept-encoding': 'gzip, deflate, br', 'accept-l...
           │       │              │           └ 'https://weibo.com/ajax/side/hotSearch'
           │       │              └ 'get'
           │       └ <function Session.request at 0x7f31f8031b80>
           └ <requests.sessions.Session object at 0x7f2fb84e7100>
  File "/home/chase/.local/lib/python3.8/site-packages/requests/sessions.py", line 542, in request
    resp = self.send(prep, **send_kwargs)
           │    │    │       └ {'timeout': 10, 'allow_redirects': True, 'verify': True, 'proxies': OrderedDict(), 'stream': False, 'cert': None}
           │    │    └ <PreparedRequest [GET]>
           │    └ <function Session.send at 0x7f31f8028040>
           └ <requests.sessions.Session object at 0x7f2fb84e7100>
  File "/home/chase/.local/lib/python3.8/site-packages/requests/sessions.py", line 655, in send
    r = adapter.send(request, **kwargs)
        │       │    │          └ {'timeout': 10, 'verify': True, 'proxies': OrderedDict(), 'stream': False, 'cert': None}
        │       │    └ <PreparedRequest [GET]>
        │       └ <function HTTPAdapter.send at 0x7f31f80314c0>
        └ <requests.adapters.HTTPAdapter object at 0x7f31f933e520>
  File "/home/chase/.local/lib/python3.8/site-packages/requests/adapters.py", line 516, in send
    raise ConnectionError(e, request=request)
          │                          └ <PreparedRequest [GET]>
          └ <class 'requests.exceptions.ConnectionError'>

requests.exceptions.ConnectionError: HTTPSConnectionPool(host='weibo.com', port=443): Max retries exceeded with url: /ajax/side/hotSearch (Caused by NewConnectionError('<urllib3.connection.HTTPSConnection object at 0x7f2dcc04ed60>: Failed to establish a new connection: [Errno 22] Invalid argument'))
2022-05-14 07:25:58.714 | ERROR    | base.db.mysql:update:390 - 【mysql更新数据出错】
Traceback (most recent call last):

  File "/home/chase/.local/lib/python3.8/site-packages/sqlalchemy/engine/base.py", line 1771, in _execute_context
    self.dialect.do_execute(
    │    │       └ <function DefaultDialect.do_execute at 0x7f31f38f75e0>
    │    └ <sqlalchemy.dialects.mysql.pymysql.MySQLDialect_pymysql object at 0x7f3103ffde20>
    └ <sqlalchemy.engine.base.Connection object at 0x7f2f787365e0>
  File "/home/chase/.local/lib/python3.8/site-packages/sqlalchemy/engine/default.py", line 717, in do_execute
    cursor.execute(statement, parameters)
    │      │       │          └ {'server_id': '180.201.163.246:6800', 'ip': '180.201.163.246', 'username': 'chase', 'password': '9567768868058903839775767419...
    │      │       └ 'UPDATE device SET server_id=%(server_id)s, ip=%(ip)s, username=%(username)s, password=%(password)s, address=%(address)s, por...
    │      └ <function Cursor.execute at 0x7f31f354cdc0>
    └ <pymysql.cursors.Cursor object at 0x7f2f78137520>
  File "/home/chase/.local/lib/python3.8/site-packages/pymysql/cursors.py", line 148, in execute
    result = self._query(query)
             │    │      └ "UPDATE device SET server_id='180.201.163.246:6800', ip='180.201.163.246', username='chase', password='9567768868058903839775...
             │    └ <function Cursor._query at 0x7f31f34d7280>
             └ <pymysql.cursors.Cursor object at 0x7f2f78137520>
  File "/home/chase/.local/lib/python3.8/site-packages/pymysql/cursors.py", line 310, in _query
    conn.query(q)
    │    │     └ "UPDATE device SET server_id='180.201.163.246:6800', ip='180.201.163.246', username='chase', password='9567768868058903839775...
    │    └ <function Connection.query at 0x7f31f34e5670>
    └ <pymysql.connections.Connection object at 0x7f30b85b9d90>
  File "/home/chase/.local/lib/python3.8/site-packages/pymysql/connections.py", line 548, in query
    self._affected_rows = self._read_query_result(unbuffered=unbuffered)
    │    │                │    │                             └ False
    │    │                │    └ <function Connection._read_query_result at 0x7f31f34e5ca0>
    │    │                └ <pymysql.connections.Connection object at 0x7f30b85b9d90>
    │    └ 1
    └ <pymysql.connections.Connection object at 0x7f30b85b9d90>
  File "/home/chase/.local/lib/python3.8/site-packages/pymysql/connections.py", line 775, in _read_query_result
    result.read()
    │      └ <function MySQLResult.read at 0x7f31f34e64c0>
    └ <pymysql.connections.MySQLResult object at 0x7f30d8120a60>
  File "/home/chase/.local/lib/python3.8/site-packages/pymysql/connections.py", line 1156, in read
    first_packet = self.connection._read_packet()
                   │    └ None
                   └ <pymysql.connections.MySQLResult object at 0x7f30d8120a60>
  File "/home/chase/.local/lib/python3.8/site-packages/pymysql/connections.py", line 725, in _read_packet
    packet.raise_for_error()
    │      └ <function MysqlPacket.raise_for_error at 0x7f31f34ddee0>
    └ <pymysql.protocol.MysqlPacket object at 0x7f3018322e50>
  File "/home/chase/.local/lib/python3.8/site-packages/pymysql/protocol.py", line 221, in raise_for_error
    err.raise_mysql_exception(self._data)
    │   │                     │    └ <member '_data' of 'MysqlPacket' objects>
    │   │                     └ <pymysql.protocol.MysqlPacket object at 0x7f3018322e50>
    │   └ <function raise_mysql_exception at 0x7f31f358c670>
    └ <module 'pymysql.err' from '/home/chase/.local/lib/python3.8/site-packages/pymysql/err.py'>
  File "/home/chase/.local/lib/python3.8/site-packages/pymysql/err.py", line 143, in raise_mysql_exception
    raise errorclass(errno, errval)
          │          │      └ "Duplicate entry '180.201.163.246:6800' for key 'device.PRIMARY'"
          │          └ 1062
          └ <class 'pymysql.err.IntegrityError'>

pymysql.err.IntegrityError: (1062, "Duplicate entry '180.201.163.246:6800' for key 'device.PRIMARY'")


The above exception was the direct cause of the following exception:


Traceback (most recent call last):

  File "/usr/lib/python3.8/threading.py", line 890, in _bootstrap
    self._bootstrap_inner()
    │    └ <function Thread._bootstrap_inner at 0x7f321bf29a60>
    └ <Thread(Thread-13239, started daemon 139838253213440)>
  File "/usr/lib/python3.8/threading.py", line 932, in _bootstrap_inner
    self.run()
    │    └ <function Thread.run at 0x7f321bf29790>
    └ <Thread(Thread-13239, started daemon 139838253213440)>
  File "/usr/lib/python3.8/threading.py", line 870, in run
    self._target(*self._args, **self._kwargs)
    │    │        │    │        │    └ {}
    │    │        │    │        └ <Thread(Thread-13239, started daemon 139838253213440)>
    │    │        │    └ ('ProjectManager.run_func_by_thread',)
    │    │        └ <Thread(Thread-13239, started daemon 139838253213440)>
    │    └ <bound method ProjectManager.get_request_from_keywords_hot of <monitor.projectManager.ProjectManager object at 0x7f31042e52e0>>
    └ <Thread(Thread-13239, started daemon 139838253213440)>

  File "/home/users/Scy/yuqing/spider/monitor/projectManager.py", line 799, in get_request_from_keywords_hot
    self.start_finished_spider_every_interval(project_names)
    │    │                                    └ ['default', 'test']
    │    └ <function ProjectManager.start_finished_spider_every_interval at 0x7f3104005280>
    └ <monitor.projectManager.ProjectManager object at 0x7f31042e52e0>

  File "/home/users/Scy/yuqing/spider/monitor/projectManager.py", line 784, in start_finished_spider_every_interval
    self[name].start_spider()
    │    └ 'default'
    └ <monitor.projectManager.ProjectManager object at 0x7f31042e52e0>

  File "/home/users/Scy/yuqing/spider/monitor/projectManager.py", line 366, in start_spider
    self.update_device_valid(device)
    │    │                   └ <monitor.deviceManager.DeviceC object at 0x7f3104029220>
    │    └ <function Project.update_device_valid at 0x7f3104003280>
    └ <monitor.projectManager.Project object at 0x7f3104029460>

  File "/home/users/Scy/yuqing/spider/monitor/projectManager.py", line 421, in update_device_valid
    self.database_manager.mysql.update(Device(**device.to_item()))
    │    │                │     │      │        │      └ <function DeviceC.to_item at 0x7f31f34ed310>
    │    │                │     │      │        └ <monitor.deviceManager.DeviceC object at 0x7f3104029220>
    │    │                │     │      └ <class 'base.db.mysql.Device'>
    │    │                │     └ <function Mysql.update at 0x7f31f35f4790>
    │    │                └ <base.db.mysql.Mysql object at 0x7f3103ffdfd0>
    │    └ <base.db.dbSlot.Slot object at 0x7f3103ffdf10>
    └ <monitor.projectManager.Project object at 0x7f3104029460>

> File "/home/users/Scy/yuqing/spider/base/db/mysql.py", line 375, in update
    row.update(new)
    │   │      └ {'server_id': '180.201.163.246:6800', 'ip': '180.201.163.246', 'username': 'chase', 'password': '9567768868058903839775767419...
    │   └ <function Query.update at 0x7f31f37333a0>
    └ <sqlalchemy.orm.query.Query object at 0x7f2f787368e0>

  File "/home/chase/.local/lib/python3.8/site-packages/sqlalchemy/orm/query.py", line 3221, in update
    result = self.session.execute(
             │    │       └ <function Session.execute at 0x7f31f370faf0>
             │    └ <sqlalchemy.orm.session.Session object at 0x7f2f787366a0>
             └ <sqlalchemy.orm.query.Query object at 0x7f2f787368e0>
  File "/home/chase/.local/lib/python3.8/site-packages/sqlalchemy/orm/session.py", line 1689, in execute
    result = conn._execute_20(statement, params or {}, execution_options)
             │    │           │          │             └ immutabledict({'synchronize_session': 'evaluate', '_sa_orm_update_options': default_update_options(_matched_objects=[], _reso...
             │    │           │          └ immutabledict({})
             │    │           └ <sqlalchemy.sql.annotation.AnnotatedUpdate object at 0x7f2f78137a90>
             │    └ <function Connection._execute_20 at 0x7f31f39bc790>
             └ <sqlalchemy.engine.base.Connection object at 0x7f2f787365e0>
  File "/home/chase/.local/lib/python3.8/site-packages/sqlalchemy/engine/base.py", line 1583, in _execute_20
    return meth(self, args_10style, kwargs_10style, execution_options)
           │    │     │             │               └ immutabledict({'synchronize_session': 'evaluate', '_sa_orm_update_options': default_update_options(_matched_objects=[], _reso...
           │    │     │             └ immutabledict({})
           │    │     └ ({},)
           │    └ <sqlalchemy.engine.base.Connection object at 0x7f2f787365e0>
           └ <bound method ClauseElement._execute_on_connection of <sqlalchemy.sql.annotation.AnnotatedUpdate object at 0x7f2f78137a90>>
  File "/home/chase/.local/lib/python3.8/site-packages/sqlalchemy/sql/elements.py", line 323, in _execute_on_connection
    return connection._execute_clauseelement(
           │          └ <function Connection._execute_clauseelement at 0x7f31f39bc5e0>
           └ <sqlalchemy.engine.base.Connection object at 0x7f2f787365e0>
  File "/home/chase/.local/lib/python3.8/site-packages/sqlalchemy/engine/base.py", line 1452, in _execute_clauseelement
    ret = self._execute_context(
          │    └ <function Connection._execute_context at 0x7f31f39bc8b0>
          └ <sqlalchemy.engine.base.Connection object at 0x7f2f787365e0>
  File "/home/chase/.local/lib/python3.8/site-packages/sqlalchemy/engine/base.py", line 1814, in _execute_context
    self._handle_dbapi_exception(
    │    └ <function Connection._handle_dbapi_exception at 0x7f31f39bca60>
    └ <sqlalchemy.engine.base.Connection object at 0x7f2f787365e0>
  File "/home/chase/.local/lib/python3.8/site-packages/sqlalchemy/engine/base.py", line 1995, in _handle_dbapi_exception
    util.raise_(
    │    └ <function raise_ at 0x7f31f3d7ea60>
    └ <module 'sqlalchemy.util' from '/home/chase/.local/lib/python3.8/site-packages/sqlalchemy/util/__init__.py'>
  File "/home/chase/.local/lib/python3.8/site-packages/sqlalchemy/util/compat.py", line 207, in raise_
    raise exception
  File "/home/chase/.local/lib/python3.8/site-packages/sqlalchemy/engine/base.py", line 1771, in _execute_context
    self.dialect.do_execute(
    │    │       └ <function DefaultDialect.do_execute at 0x7f31f38f75e0>
    │    └ <sqlalchemy.dialects.mysql.pymysql.MySQLDialect_pymysql object at 0x7f3103ffde20>
    └ <sqlalchemy.engine.base.Connection object at 0x7f2f787365e0>
  File "/home/chase/.local/lib/python3.8/site-packages/sqlalchemy/engine/default.py", line 717, in do_execute
    cursor.execute(statement, parameters)
    │      │       │          └ {'server_id': '180.201.163.246:6800', 'ip': '180.201.163.246', 'username': 'chase', 'password': '9567768868058903839775767419...
    │      │       └ 'UPDATE device SET server_id=%(server_id)s, ip=%(ip)s, username=%(username)s, password=%(password)s, address=%(address)s, por...
    │      └ <function Cursor.execute at 0x7f31f354cdc0>
    └ <pymysql.cursors.Cursor object at 0x7f2f78137520>
  File "/home/chase/.local/lib/python3.8/site-packages/pymysql/cursors.py", line 148, in execute
    result = self._query(query)
             │    │      └ "UPDATE device SET server_id='180.201.163.246:6800', ip='180.201.163.246', username='chase', password='9567768868058903839775...
             │    └ <function Cursor._query at 0x7f31f34d7280>
             └ <pymysql.cursors.Cursor object at 0x7f2f78137520>
  File "/home/chase/.local/lib/python3.8/site-packages/pymysql/cursors.py", line 310, in _query
    conn.query(q)
    │    │     └ "UPDATE device SET server_id='180.201.163.246:6800', ip='180.201.163.246', username='chase', password='9567768868058903839775...
    │    └ <function Connection.query at 0x7f31f34e5670>
    └ <pymysql.connections.Connection object at 0x7f30b85b9d90>
  File "/home/chase/.local/lib/python3.8/site-packages/pymysql/connections.py", line 548, in query
    self._affected_rows = self._read_query_result(unbuffered=unbuffered)
    │    │                │    │                             └ False
    │    │                │    └ <function Connection._read_query_result at 0x7f31f34e5ca0>
    │    │                └ <pymysql.connections.Connection object at 0x7f30b85b9d90>
    │    └ 1
    └ <pymysql.connections.Connection object at 0x7f30b85b9d90>
  File "/home/chase/.local/lib/python3.8/site-packages/pymysql/connections.py", line 775, in _read_query_result
    result.read()
    │      └ <function MySQLResult.read at 0x7f31f34e64c0>
    └ <pymysql.connections.MySQLResult object at 0x7f30d8120a60>
  File "/home/chase/.local/lib/python3.8/site-packages/pymysql/connections.py", line 1156, in read
    first_packet = self.connection._read_packet()
                   │    └ None
                   └ <pymysql.connections.MySQLResult object at 0x7f30d8120a60>
  File "/home/chase/.local/lib/python3.8/site-packages/pymysql/connections.py", line 725, in _read_packet
    packet.raise_for_error()
    │      └ <function MysqlPacket.raise_for_error at 0x7f31f34ddee0>
    └ <pymysql.protocol.MysqlPacket object at 0x7f3018322e50>
  File "/home/chase/.local/lib/python3.8/site-packages/pymysql/protocol.py", line 221, in raise_for_error
    err.raise_mysql_exception(self._data)
    │   │                     │    └ <member '_data' of 'MysqlPacket' objects>
    │   │                     └ <pymysql.protocol.MysqlPacket object at 0x7f3018322e50>
    │   └ <function raise_mysql_exception at 0x7f31f358c670>
    └ <module 'pymysql.err' from '/home/chase/.local/lib/python3.8/site-packages/pymysql/err.py'>
  File "/home/chase/.local/lib/python3.8/site-packages/pymysql/err.py", line 143, in raise_mysql_exception
    raise errorclass(errno, errval)
          │          │      └ "Duplicate entry '180.201.163.246:6800' for key 'device.PRIMARY'"
          │          └ 1062
          └ <class 'pymysql.err.IntegrityError'>

sqlalchemy.exc.IntegrityError: (pymysql.err.IntegrityError) (1062, "Duplicate entry '180.201.163.246:6800' for key 'device.PRIMARY'")
[SQL: UPDATE device SET server_id=%(server_id)s, ip=%(ip)s, username=%(username)s, password=%(password)s, address=%(address)s, port=%(port)s, valid=%(valid)s WHERE device.ip = %(ip_1)s]
[parameters: {'server_id': '180.201.163.246:6800', 'ip': '180.201.163.246', 'username': 'chase', 'password': '95677688680589038397757674192043912383096328286059809930583860846051923690199198748709596343630290710814367420603985728579116365554734174237044525125 ... (10 characters truncated) ... 12125908046885241798970441203206009654829719189244912691720627199387710207599298321887702911778640087505940981666881313938220733566477132131273195741', 'address': '/home/users/CT/pycharmproject/spiders/', 'port': 6800, 'valid': 1, 'ip_1': '180.201.163.246'}]
(Background on this error at: https://sqlalche.me/e/14/gkpj)
2022-05-14 07:26:08.465 | ERROR    | monitor.hotSpiders.people:get_title:52 - HTTPConnectionPool(host='military.people.com.cn', port=80): Max retries exceeded with url: /GB/172467/index.html (Caused by NewConnectionError('<urllib3.connection.HTTPConnection object at 0x7f301840a2e0>: Failed to establish a new connection: [Errno 22] Invalid argument'))
2022-05-14 07:26:08.854 | ERROR    | monitor.hotSpiders.weibo:get_title:40 - url:https://weibo.com/ajax/side/hotSearch  HTTPSConnectionPool(host='weibo.com', port=443): Max retries exceeded with url: /ajax/side/hotSearch (Caused by NewConnectionError('<urllib3.connection.HTTPSConnection object at 0x7f2f78149640>: Failed to establish a new connection: [Errno 22] Invalid argument'))
Traceback (most recent call last):

  File "/home/chase/.local/lib/python3.8/site-packages/urllib3/connection.py", line 174, in _new_conn
    conn = connection.create_connection(
           │          └ <function create_connection at 0x7f31f81e58b0>
           └ <module 'urllib3.util.connection' from '/home/chase/.local/lib/python3.8/site-packages/urllib3/util/connection.py'>
  File "/home/chase/.local/lib/python3.8/site-packages/urllib3/util/connection.py", line 73, in create_connection
    for res in socket.getaddrinfo(host, port, family, socket.SOCK_STREAM):
               │      │           │     │     │       │      └ <SocketKind.SOCK_STREAM: 1>
               │      │           │     │     │       └ <module 'socket' from '/usr/lib/python3.8/socket.py'>
               │      │           │     │     └ <AddressFamily.AF_UNSPEC: 0>
               │      │           │     └ 443
               │      │           └ 'weibo.com'
               │      └ <function getaddrinfo at 0x7f320d9085e0>
               └ <module 'socket' from '/usr/lib/python3.8/socket.py'>
  File "/usr/lib/python3.8/socket.py", line 918, in getaddrinfo
    for res in _socket.getaddrinfo(host, port, family, type, proto, flags):
               │       │           │     │     │       │     │      └ 0
               │       │           │     │     │       │     └ 0
               │       │           │     │     │       └ <SocketKind.SOCK_STREAM: 1>
               │       │           │     │     └ <AddressFamily.AF_UNSPEC: 0>
               │       │           │     └ 443
               │       │           └ 'weibo.com'
               │       └ <built-in function getaddrinfo>
               └ <module '_socket' (built-in)>

OSError: [Errno 22] Invalid argument


During handling of the above exception, another exception occurred:


Traceback (most recent call last):

  File "/home/chase/.local/lib/python3.8/site-packages/urllib3/connectionpool.py", line 699, in urlopen
    httplib_response = self._make_request(
                       │    └ <function HTTPConnectionPool._make_request at 0x7f31f81adca0>
                       └ <urllib3.connectionpool.HTTPSConnectionPool object at 0x7f2de9b9a580>
  File "/home/chase/.local/lib/python3.8/site-packages/urllib3/connectionpool.py", line 382, in _make_request
    self._validate_conn(conn)
    │    │              └ <urllib3.connection.HTTPSConnection object at 0x7f2f78149640>
    │    └ <function HTTPSConnectionPool._validate_conn at 0x7f31f81af1f0>
    └ <urllib3.connectionpool.HTTPSConnectionPool object at 0x7f2de9b9a580>
  File "/home/chase/.local/lib/python3.8/site-packages/urllib3/connectionpool.py", line 1010, in _validate_conn
    conn.connect()
    │    └ <function HTTPSConnection.connect at 0x7f31f819e8b0>
    └ <urllib3.connection.HTTPSConnection object at 0x7f2f78149640>
  File "/home/chase/.local/lib/python3.8/site-packages/urllib3/connection.py", line 358, in connect
    conn = self._new_conn()
           │    └ <function HTTPConnection._new_conn at 0x7f31f819e310>
           └ <urllib3.connection.HTTPSConnection object at 0x7f2f78149640>
  File "/home/chase/.local/lib/python3.8/site-packages/urllib3/connection.py", line 186, in _new_conn
    raise NewConnectionError(
          └ <class 'urllib3.exceptions.NewConnectionError'>

urllib3.exceptions.NewConnectionError: <urllib3.connection.HTTPSConnection object at 0x7f2f78149640>: Failed to establish a new connection: [Errno 22] Invalid argument


During handling of the above exception, another exception occurred:


Traceback (most recent call last):

  File "/home/chase/.local/lib/python3.8/site-packages/requests/adapters.py", line 439, in send
    resp = conn.urlopen(
           │    └ <function HTTPConnectionPool.urlopen at 0x7f31f81adee0>
           └ <urllib3.connectionpool.HTTPSConnectionPool object at 0x7f2de9b9a580>
  File "/home/chase/.local/lib/python3.8/site-packages/urllib3/connectionpool.py", line 755, in urlopen
    retries = retries.increment(
              │       └ <function Retry.increment at 0x7f31f81f1280>
              └ Retry(total=0, connect=None, read=False, redirect=None, status=None)
  File "/home/chase/.local/lib/python3.8/site-packages/urllib3/util/retry.py", line 574, in increment
    raise MaxRetryError(_pool, url, error or ResponseError(cause))
          │             │      │    │        │             └ 'unknown'
          │             │      │    │        └ <class 'urllib3.exceptions.ResponseError'>
          │             │      │    └ NewConnectionError('<urllib3.connection.HTTPSConnection object at 0x7f2f78149640>: Failed to establish a new connection: [Err...
          │             │      └ '/ajax/side/hotSearch'
          │             └ <urllib3.connectionpool.HTTPSConnectionPool object at 0x7f2de9b9a580>
          └ <class 'urllib3.exceptions.MaxRetryError'>

urllib3.exceptions.MaxRetryError: HTTPSConnectionPool(host='weibo.com', port=443): Max retries exceeded with url: /ajax/side/hotSearch (Caused by NewConnectionError('<urllib3.connection.HTTPSConnection object at 0x7f2f78149640>: Failed to establish a new connection: [Errno 22] Invalid argument'))


During handling of the above exception, another exception occurred:


Traceback (most recent call last):

  File "/usr/lib/python3.8/threading.py", line 890, in _bootstrap
    self._bootstrap_inner()
    │    └ <function Thread._bootstrap_inner at 0x7f321bf29a60>
    └ <Thread(Thread-13240, started daemon 139844588132096)>
  File "/usr/lib/python3.8/threading.py", line 932, in _bootstrap_inner
    self.run()
    │    └ <function Thread.run at 0x7f321bf29790>
    └ <Thread(Thread-13240, started daemon 139844588132096)>
  File "/usr/lib/python3.8/threading.py", line 870, in run
    self._target(*self._args, **self._kwargs)
    │    │        │    │        │    └ {}
    │    │        │    │        └ <Thread(Thread-13240, started daemon 139844588132096)>
    │    │        │    └ ([],)
    │    │        └ <Thread(Thread-13240, started daemon 139844588132096)>
    │    └ <bound method ProjectManager.crawl_hot_title of <monitor.projectManager.ProjectManager object at 0x7f31042e52e0>>
    └ <Thread(Thread-13240, started daemon 139844588132096)>

  File "/home/users/Scy/yuqing/spider/monitor/projectManager.py", line 725, in crawl_hot_title
    self.hot_spider_manager.crawl_hot()
    │    │                  └ <function HotSpiderManager.crawl_hot at 0x7f31042e7ca0>
    │    └ <monitor.spiderManager.HotSpiderManager object at 0x7f3103ffd9d0>
    └ <monitor.projectManager.ProjectManager object at 0x7f31042e52e0>

  File "/home/users/Scy/yuqing/spider/monitor/spiderManager.py", line 50, in crawl_hot
    status, title = spider.get_title(headers, hot_url)
    │               │      │         │        └ 'https://weibo.com/ajax/side/hotSearch'
    │               │      │         └ {'accept': 'application/json, text/plain, */*', 'accept-encoding': 'gzip, deflate, br', 'accept-language': 'zh-CN,zh;q=0.9', ...
    │               │      └ <function Weibo.get_title at 0x7f3103f531f0>
    │               └ <monitor.hotSpiders.weibo.Weibo object at 0x7f3103fb2670>
    └ False

> File "/home/users/Scy/yuqing/spider/monitor/hotSpiders/weibo.py", line 24, in get_title
    response = requests.get(url, headers=headers,timeout=10)
               │        │   │            └ {'accept': 'application/json, text/plain, */*', 'accept-encoding': 'gzip, deflate, br', 'accept-language': 'zh-CN,zh;q=0.9', ...
               │        │   └ 'https://weibo.com/ajax/side/hotSearch'
               │        └ <function get at 0x7f31f8028430>
               └ <module 'requests' from '/home/chase/.local/lib/python3.8/site-packages/requests/__init__.py'>

  File "/home/chase/.local/lib/python3.8/site-packages/requests/api.py", line 75, in get
    return request('get', url, params=params, **kwargs)
           │              │           │         └ {'headers': {'accept': 'application/json, text/plain, */*', 'accept-encoding': 'gzip, deflate, br', 'accept-language': 'zh-CN...
           │              │           └ None
           │              └ 'https://weibo.com/ajax/side/hotSearch'
           └ <function request at 0x7f31f8018280>
  File "/home/chase/.local/lib/python3.8/site-packages/requests/api.py", line 61, in request
    return session.request(method=method, url=url, **kwargs)
           │       │              │           │      └ {'params': None, 'headers': {'accept': 'application/json, text/plain, */*', 'accept-encoding': 'gzip, deflate, br', 'accept-l...
           │       │              │           └ 'https://weibo.com/ajax/side/hotSearch'
           │       │              └ 'get'
           │       └ <function Session.request at 0x7f31f8031b80>
           └ <requests.sessions.Session object at 0x7f30b82d9820>
  File "/home/chase/.local/lib/python3.8/site-packages/requests/sessions.py", line 542, in request
    resp = self.send(prep, **send_kwargs)
           │    │    │       └ {'timeout': 10, 'allow_redirects': True, 'verify': True, 'proxies': OrderedDict(), 'stream': False, 'cert': None}
           │    │    └ <PreparedRequest [GET]>
           │    └ <function Session.send at 0x7f31f8028040>
           └ <requests.sessions.Session object at 0x7f30b82d9820>
  File "/home/chase/.local/lib/python3.8/site-packages/requests/sessions.py", line 655, in send
    r = adapter.send(request, **kwargs)
        │       │    │          └ {'timeout': 10, 'verify': True, 'proxies': OrderedDict(), 'stream': False, 'cert': None}
        │       │    └ <PreparedRequest [GET]>
        │       └ <function HTTPAdapter.send at 0x7f31f80314c0>
        └ <requests.adapters.HTTPAdapter object at 0x7f310221b1f0>
  File "/home/chase/.local/lib/python3.8/site-packages/requests/adapters.py", line 516, in send
    raise ConnectionError(e, request=request)
          │                          └ <PreparedRequest [GET]>
          └ <class 'requests.exceptions.ConnectionError'>

requests.exceptions.ConnectionError: HTTPSConnectionPool(host='weibo.com', port=443): Max retries exceeded with url: /ajax/side/hotSearch (Caused by NewConnectionError('<urllib3.connection.HTTPSConnection object at 0x7f2f78149640>: Failed to establish a new connection: [Errno 22] Invalid argument'))
2022-05-14 07:26:17.705 | ERROR    | base.db.mysql:update:390 - 【mysql更新数据出错】
Traceback (most recent call last):

  File "/home/chase/.local/lib/python3.8/site-packages/sqlalchemy/engine/base.py", line 1771, in _execute_context
    self.dialect.do_execute(
    │    │       └ <function DefaultDialect.do_execute at 0x7f31f38f75e0>
    │    └ <sqlalchemy.dialects.mysql.pymysql.MySQLDialect_pymysql object at 0x7f3103ffde20>
    └ <sqlalchemy.engine.base.Connection object at 0x7f30386cd4f0>
  File "/home/chase/.local/lib/python3.8/site-packages/sqlalchemy/engine/default.py", line 717, in do_execute
    cursor.execute(statement, parameters)
    │      │       │          └ {'server_id': '180.201.163.246:6800', 'ip': '180.201.163.246', 'username': 'chase', 'password': '2546998951200254000985329509...
    │      │       └ 'UPDATE device SET server_id=%(server_id)s, ip=%(ip)s, username=%(username)s, password=%(password)s, address=%(address)s, por...
    │      └ <function Cursor.execute at 0x7f31f354cdc0>
    └ <pymysql.cursors.Cursor object at 0x7f2dcbfee880>
  File "/home/chase/.local/lib/python3.8/site-packages/pymysql/cursors.py", line 148, in execute
    result = self._query(query)
             │    │      └ "UPDATE device SET server_id='180.201.163.246:6800', ip='180.201.163.246', username='chase', password='2546998951200254000985...
             │    └ <function Cursor._query at 0x7f31f34d7280>
             └ <pymysql.cursors.Cursor object at 0x7f2dcbfee880>
  File "/home/chase/.local/lib/python3.8/site-packages/pymysql/cursors.py", line 310, in _query
    conn.query(q)
    │    │     └ "UPDATE device SET server_id='180.201.163.246:6800', ip='180.201.163.246', username='chase', password='2546998951200254000985...
    │    └ <function Connection.query at 0x7f31f34e5670>
    └ <pymysql.connections.Connection object at 0x7f31f9243e80>
  File "/home/chase/.local/lib/python3.8/site-packages/pymysql/connections.py", line 548, in query
    self._affected_rows = self._read_query_result(unbuffered=unbuffered)
    │    │                │    │                             └ False
    │    │                │    └ <function Connection._read_query_result at 0x7f31f34e5ca0>
    │    │                └ <pymysql.connections.Connection object at 0x7f31f9243e80>
    │    └ 1
    └ <pymysql.connections.Connection object at 0x7f31f9243e80>
  File "/home/chase/.local/lib/python3.8/site-packages/pymysql/connections.py", line 775, in _read_query_result
    result.read()
    │      └ <function MySQLResult.read at 0x7f31f34e64c0>
    └ <pymysql.connections.MySQLResult object at 0x7f30386cde20>
  File "/home/chase/.local/lib/python3.8/site-packages/pymysql/connections.py", line 1156, in read
    first_packet = self.connection._read_packet()
                   │    └ None
                   └ <pymysql.connections.MySQLResult object at 0x7f30386cde20>
  File "/home/chase/.local/lib/python3.8/site-packages/pymysql/connections.py", line 725, in _read_packet
    packet.raise_for_error()
    │      └ <function MysqlPacket.raise_for_error at 0x7f31f34ddee0>
    └ <pymysql.protocol.MysqlPacket object at 0x7f309833dee0>
  File "/home/chase/.local/lib/python3.8/site-packages/pymysql/protocol.py", line 221, in raise_for_error
    err.raise_mysql_exception(self._data)
    │   │                     │    └ <member '_data' of 'MysqlPacket' objects>
    │   │                     └ <pymysql.protocol.MysqlPacket object at 0x7f309833dee0>
    │   └ <function raise_mysql_exception at 0x7f31f358c670>
    └ <module 'pymysql.err' from '/home/chase/.local/lib/python3.8/site-packages/pymysql/err.py'>
  File "/home/chase/.local/lib/python3.8/site-packages/pymysql/err.py", line 143, in raise_mysql_exception
    raise errorclass(errno, errval)
          │          │      └ "Duplicate entry '180.201.163.246:6800' for key 'device.PRIMARY'"
          │          └ 1062
          └ <class 'pymysql.err.IntegrityError'>

pymysql.err.IntegrityError: (1062, "Duplicate entry '180.201.163.246:6800' for key 'device.PRIMARY'")


The above exception was the direct cause of the following exception:


Traceback (most recent call last):

  File "/usr/lib/python3.8/threading.py", line 890, in _bootstrap
    self._bootstrap_inner()
    │    └ <function Thread._bootstrap_inner at 0x7f321bf29a60>
    └ <Thread(Thread-13244, started daemon 139839235159808)>
  File "/usr/lib/python3.8/threading.py", line 932, in _bootstrap_inner
    self.run()
    │    └ <function Thread.run at 0x7f321bf29790>
    └ <Thread(Thread-13244, started daemon 139839235159808)>
  File "/usr/lib/python3.8/threading.py", line 870, in run
    self._target(*self._args, **self._kwargs)
    │    │        │    │        │    └ {}
    │    │        │    │        └ <Thread(Thread-13244, started daemon 139839235159808)>
    │    │        │    └ ('ProjectManager.run_func_by_thread',)
    │    │        └ <Thread(Thread-13244, started daemon 139839235159808)>
    │    └ <bound method ProjectManager.get_request_from_keywords_hot of <monitor.projectManager.ProjectManager object at 0x7f31042e52e0>>
    └ <Thread(Thread-13244, started daemon 139839235159808)>

  File "/home/users/Scy/yuqing/spider/monitor/projectManager.py", line 799, in get_request_from_keywords_hot
    self.start_finished_spider_every_interval(project_names)
    │    │                                    └ ['default', 'test']
    │    └ <function ProjectManager.start_finished_spider_every_interval at 0x7f3104005280>
    └ <monitor.projectManager.ProjectManager object at 0x7f31042e52e0>

  File "/home/users/Scy/yuqing/spider/monitor/projectManager.py", line 784, in start_finished_spider_every_interval
    self[name].start_spider()
    │    └ 'default'
    └ <monitor.projectManager.ProjectManager object at 0x7f31042e52e0>

  File "/home/users/Scy/yuqing/spider/monitor/projectManager.py", line 366, in start_spider
    self.update_device_valid(device)
    │    │                   └ <monitor.deviceManager.DeviceC object at 0x7f3104029220>
    │    └ <function Project.update_device_valid at 0x7f3104003280>
    └ <monitor.projectManager.Project object at 0x7f3104029460>

  File "/home/users/Scy/yuqing/spider/monitor/projectManager.py", line 421, in update_device_valid
    self.database_manager.mysql.update(Device(**device.to_item()))
    │    │                │     │      │        │      └ <function DeviceC.to_item at 0x7f31f34ed310>
    │    │                │     │      │        └ <monitor.deviceManager.DeviceC object at 0x7f3104029220>
    │    │                │     │      └ <class 'base.db.mysql.Device'>
    │    │                │     └ <function Mysql.update at 0x7f31f35f4790>
    │    │                └ <base.db.mysql.Mysql object at 0x7f3103ffdfd0>
    │    └ <base.db.dbSlot.Slot object at 0x7f3103ffdf10>
    └ <monitor.projectManager.Project object at 0x7f3104029460>

> File "/home/users/Scy/yuqing/spider/base/db/mysql.py", line 375, in update
    row.update(new)
    │   │      └ {'server_id': '180.201.163.246:6800', 'ip': '180.201.163.246', 'username': 'chase', 'password': '2546998951200254000985329509...
    │   └ <function Query.update at 0x7f31f37333a0>
    └ <sqlalchemy.orm.query.Query object at 0x7f2ff85228e0>

  File "/home/chase/.local/lib/python3.8/site-packages/sqlalchemy/orm/query.py", line 3221, in update
    result = self.session.execute(
             │    │       └ <function Session.execute at 0x7f31f370faf0>
             │    └ <sqlalchemy.orm.session.Session object at 0x7f3102172dc0>
             └ <sqlalchemy.orm.query.Query object at 0x7f2ff85228e0>
  File "/home/chase/.local/lib/python3.8/site-packages/sqlalchemy/orm/session.py", line 1689, in execute
    result = conn._execute_20(statement, params or {}, execution_options)
             │    │           │          │             └ immutabledict({'synchronize_session': 'evaluate', '_sa_orm_update_options': default_update_options(_matched_objects=[], _reso...
             │    │           │          └ immutabledict({})
             │    │           └ <sqlalchemy.sql.annotation.AnnotatedUpdate object at 0x7f2dcbfeeb50>
             │    └ <function Connection._execute_20 at 0x7f31f39bc790>
             └ <sqlalchemy.engine.base.Connection object at 0x7f30386cd4f0>
  File "/home/chase/.local/lib/python3.8/site-packages/sqlalchemy/engine/base.py", line 1583, in _execute_20
    return meth(self, args_10style, kwargs_10style, execution_options)
           │    │     │             │               └ immutabledict({'synchronize_session': 'evaluate', '_sa_orm_update_options': default_update_options(_matched_objects=[], _reso...
           │    │     │             └ immutabledict({})
           │    │     └ ({},)
           │    └ <sqlalchemy.engine.base.Connection object at 0x7f30386cd4f0>
           └ <bound method ClauseElement._execute_on_connection of <sqlalchemy.sql.annotation.AnnotatedUpdate object at 0x7f2dcbfeeb50>>
  File "/home/chase/.local/lib/python3.8/site-packages/sqlalchemy/sql/elements.py", line 323, in _execute_on_connection
    return connection._execute_clauseelement(
           │          └ <function Connection._execute_clauseelement at 0x7f31f39bc5e0>
           └ <sqlalchemy.engine.base.Connection object at 0x7f30386cd4f0>
  File "/home/chase/.local/lib/python3.8/site-packages/sqlalchemy/engine/base.py", line 1452, in _execute_clauseelement
    ret = self._execute_context(
          │    └ <function Connection._execute_context at 0x7f31f39bc8b0>
          └ <sqlalchemy.engine.base.Connection object at 0x7f30386cd4f0>
  File "/home/chase/.local/lib/python3.8/site-packages/sqlalchemy/engine/base.py", line 1814, in _execute_context
    self._handle_dbapi_exception(
    │    └ <function Connection._handle_dbapi_exception at 0x7f31f39bca60>
    └ <sqlalchemy.engine.base.Connection object at 0x7f30386cd4f0>
  File "/home/chase/.local/lib/python3.8/site-packages/sqlalchemy/engine/base.py", line 1995, in _handle_dbapi_exception
    util.raise_(
    │    └ <function raise_ at 0x7f31f3d7ea60>
    └ <module 'sqlalchemy.util' from '/home/chase/.local/lib/python3.8/site-packages/sqlalchemy/util/__init__.py'>
  File "/home/chase/.local/lib/python3.8/site-packages/sqlalchemy/util/compat.py", line 207, in raise_
    raise exception
  File "/home/chase/.local/lib/python3.8/site-packages/sqlalchemy/engine/base.py", line 1771, in _execute_context
    self.dialect.do_execute(
    │    │       └ <function DefaultDialect.do_execute at 0x7f31f38f75e0>
    │    └ <sqlalchemy.dialects.mysql.pymysql.MySQLDialect_pymysql object at 0x7f3103ffde20>
    └ <sqlalchemy.engine.base.Connection object at 0x7f30386cd4f0>
  File "/home/chase/.local/lib/python3.8/site-packages/sqlalchemy/engine/default.py", line 717, in do_execute
    cursor.execute(statement, parameters)
    │      │       │          └ {'server_id': '180.201.163.246:6800', 'ip': '180.201.163.246', 'username': 'chase', 'password': '2546998951200254000985329509...
    │      │       └ 'UPDATE device SET server_id=%(server_id)s, ip=%(ip)s, username=%(username)s, password=%(password)s, address=%(address)s, por...
    │      └ <function Cursor.execute at 0x7f31f354cdc0>
    └ <pymysql.cursors.Cursor object at 0x7f2dcbfee880>
  File "/home/chase/.local/lib/python3.8/site-packages/pymysql/cursors.py", line 148, in execute
    result = self._query(query)
             │    │      └ "UPDATE device SET server_id='180.201.163.246:6800', ip='180.201.163.246', username='chase', password='2546998951200254000985...
             │    └ <function Cursor._query at 0x7f31f34d7280>
             └ <pymysql.cursors.Cursor object at 0x7f2dcbfee880>
  File "/home/chase/.local/lib/python3.8/site-packages/pymysql/cursors.py", line 310, in _query
    conn.query(q)
    │    │     └ "UPDATE device SET server_id='180.201.163.246:6800', ip='180.201.163.246', username='chase', password='2546998951200254000985...
    │    └ <function Connection.query at 0x7f31f34e5670>
    └ <pymysql.connections.Connection object at 0x7f31f9243e80>
  File "/home/chase/.local/lib/python3.8/site-packages/pymysql/connections.py", line 548, in query
    self._affected_rows = self._read_query_result(unbuffered=unbuffered)
    │    │                │    │                             └ False
    │    │                │    └ <function Connection._read_query_result at 0x7f31f34e5ca0>
    │    │                └ <pymysql.connections.Connection object at 0x7f31f9243e80>
    │    └ 1
    └ <pymysql.connections.Connection object at 0x7f31f9243e80>
  File "/home/chase/.local/lib/python3.8/site-packages/pymysql/connections.py", line 775, in _read_query_result
    result.read()
    │      └ <function MySQLResult.read at 0x7f31f34e64c0>
    └ <pymysql.connections.MySQLResult object at 0x7f30386cde20>
  File "/home/chase/.local/lib/python3.8/site-packages/pymysql/connections.py", line 1156, in read
    first_packet = self.connection._read_packet()
                   │    └ None
                   └ <pymysql.connections.MySQLResult object at 0x7f30386cde20>
  File "/home/chase/.local/lib/python3.8/site-packages/pymysql/connections.py", line 725, in _read_packet
    packet.raise_for_error()
    │      └ <function MysqlPacket.raise_for_error at 0x7f31f34ddee0>
    └ <pymysql.protocol.MysqlPacket object at 0x7f309833dee0>
  File "/home/chase/.local/lib/python3.8/site-packages/pymysql/protocol.py", line 221, in raise_for_error
    err.raise_mysql_exception(self._data)
    │   │                     │    └ <member '_data' of 'MysqlPacket' objects>
    │   │                     └ <pymysql.protocol.MysqlPacket object at 0x7f309833dee0>
    │   └ <function raise_mysql_exception at 0x7f31f358c670>
    └ <module 'pymysql.err' from '/home/chase/.local/lib/python3.8/site-packages/pymysql/err.py'>
  File "/home/chase/.local/lib/python3.8/site-packages/pymysql/err.py", line 143, in raise_mysql_exception
    raise errorclass(errno, errval)
          │          │      └ "Duplicate entry '180.201.163.246:6800' for key 'device.PRIMARY'"
          │          └ 1062
          └ <class 'pymysql.err.IntegrityError'>

sqlalchemy.exc.IntegrityError: (pymysql.err.IntegrityError) (1062, "Duplicate entry '180.201.163.246:6800' for key 'device.PRIMARY'")
[SQL: UPDATE device SET server_id=%(server_id)s, ip=%(ip)s, username=%(username)s, password=%(password)s, address=%(address)s, port=%(port)s, valid=%(valid)s WHERE device.ip = %(ip_1)s]
[parameters: {'server_id': '180.201.163.246:6800', 'ip': '180.201.163.246', 'username': 'chase', 'password': '25469989512002540009853295092442038851800097466198778049573279777748589387657936485453681459517072841148092453230417442534682984322565824211840395148 ... (10 characters truncated) ... 29580184306623035998744856610455654744171076942979375358301501929311450780608409710792854574079419003455068665277684218632970202439954331088724720553', 'address': '/home/users/CT/pycharmproject/spiders/', 'port': 6800, 'valid': 1, 'ip_1': '180.201.163.246'}]
(Background on this error at: https://sqlalche.me/e/14/gkpj)
2022-05-14 07:26:35.603 | ERROR    | base.db.mysql:update:390 - 【mysql更新数据出错】
Traceback (most recent call last):

  File "/home/chase/.local/lib/python3.8/site-packages/sqlalchemy/engine/base.py", line 1771, in _execute_context
    self.dialect.do_execute(
    │    │       └ <function DefaultDialect.do_execute at 0x7f31f38f75e0>
    │    └ <sqlalchemy.dialects.mysql.pymysql.MySQLDialect_pymysql object at 0x7f3103ffde20>
    └ <sqlalchemy.engine.base.Connection object at 0x7f2dcc04e3a0>
  File "/home/chase/.local/lib/python3.8/site-packages/sqlalchemy/engine/default.py", line 717, in do_execute
    cursor.execute(statement, parameters)
    │      │       │          └ {'server_id': '180.201.163.246:6800', 'ip': '180.201.163.246', 'username': 'chase', 'password': '1932150656665541689630786810...
    │      │       └ 'UPDATE device SET server_id=%(server_id)s, ip=%(ip)s, username=%(username)s, password=%(password)s, address=%(address)s, por...
    │      └ <function Cursor.execute at 0x7f31f354cdc0>
    └ <pymysql.cursors.Cursor object at 0x7f2dcbfeeee0>
  File "/home/chase/.local/lib/python3.8/site-packages/pymysql/cursors.py", line 148, in execute
    result = self._query(query)
             │    │      └ "UPDATE device SET server_id='180.201.163.246:6800', ip='180.201.163.246', username='chase', password='1932150656665541689630...
             │    └ <function Cursor._query at 0x7f31f34d7280>
             └ <pymysql.cursors.Cursor object at 0x7f2dcbfeeee0>
  File "/home/chase/.local/lib/python3.8/site-packages/pymysql/cursors.py", line 310, in _query
    conn.query(q)
    │    │     └ "UPDATE device SET server_id='180.201.163.246:6800', ip='180.201.163.246', username='chase', password='1932150656665541689630...
    │    └ <function Connection.query at 0x7f31f34e5670>
    └ <pymysql.connections.Connection object at 0x7f30b85b9370>
  File "/home/chase/.local/lib/python3.8/site-packages/pymysql/connections.py", line 548, in query
    self._affected_rows = self._read_query_result(unbuffered=unbuffered)
    │    │                │    │                             └ False
    │    │                │    └ <function Connection._read_query_result at 0x7f31f34e5ca0>
    │    │                └ <pymysql.connections.Connection object at 0x7f30b85b9370>
    │    └ 1
    └ <pymysql.connections.Connection object at 0x7f30b85b9370>
  File "/home/chase/.local/lib/python3.8/site-packages/pymysql/connections.py", line 775, in _read_query_result
    result.read()
    │      └ <function MySQLResult.read at 0x7f31f34e64c0>
    └ <pymysql.connections.MySQLResult object at 0x7f2e0604ecd0>
  File "/home/chase/.local/lib/python3.8/site-packages/pymysql/connections.py", line 1156, in read
    first_packet = self.connection._read_packet()
                   │    └ None
                   └ <pymysql.connections.MySQLResult object at 0x7f2e0604ecd0>
  File "/home/chase/.local/lib/python3.8/site-packages/pymysql/connections.py", line 725, in _read_packet
    packet.raise_for_error()
    │      └ <function MysqlPacket.raise_for_error at 0x7f31f34ddee0>
    └ <pymysql.protocol.MysqlPacket object at 0x7f3098084d60>
  File "/home/chase/.local/lib/python3.8/site-packages/pymysql/protocol.py", line 221, in raise_for_error
    err.raise_mysql_exception(self._data)
    │   │                     │    └ <member '_data' of 'MysqlPacket' objects>
    │   │                     └ <pymysql.protocol.MysqlPacket object at 0x7f3098084d60>
    │   └ <function raise_mysql_exception at 0x7f31f358c670>
    └ <module 'pymysql.err' from '/home/chase/.local/lib/python3.8/site-packages/pymysql/err.py'>
  File "/home/chase/.local/lib/python3.8/site-packages/pymysql/err.py", line 143, in raise_mysql_exception
    raise errorclass(errno, errval)
          │          │      └ "Duplicate entry '180.201.163.246:6800' for key 'device.PRIMARY'"
          │          └ 1062
          └ <class 'pymysql.err.IntegrityError'>

pymysql.err.IntegrityError: (1062, "Duplicate entry '180.201.163.246:6800' for key 'device.PRIMARY'")


The above exception was the direct cause of the following exception:


Traceback (most recent call last):

  File "/usr/lib/python3.8/threading.py", line 890, in _bootstrap
    self._bootstrap_inner()
    │    └ <function Thread._bootstrap_inner at 0x7f321bf29a60>
    └ <Thread(Thread-13248, started daemon 139837128591104)>
  File "/usr/lib/python3.8/threading.py", line 932, in _bootstrap_inner
    self.run()
    │    └ <function Thread.run at 0x7f321bf29790>
    └ <Thread(Thread-13248, started daemon 139837128591104)>
  File "/usr/lib/python3.8/threading.py", line 870, in run
    self._target(*self._args, **self._kwargs)
    │    │        │    │        │    └ {}
    │    │        │    │        └ <Thread(Thread-13248, started daemon 139837128591104)>
    │    │        │    └ ('ProjectManager.run_func_by_thread',)
    │    │        └ <Thread(Thread-13248, started daemon 139837128591104)>
    │    └ <bound method ProjectManager.get_request_from_keywords_hot of <monitor.projectManager.ProjectManager object at 0x7f31042e52e0>>
    └ <Thread(Thread-13248, started daemon 139837128591104)>

  File "/home/users/Scy/yuqing/spider/monitor/projectManager.py", line 799, in get_request_from_keywords_hot
    self.start_finished_spider_every_interval(project_names)
    │    │                                    └ ['default', 'test']
    │    └ <function ProjectManager.start_finished_spider_every_interval at 0x7f3104005280>
    └ <monitor.projectManager.ProjectManager object at 0x7f31042e52e0>

  File "/home/users/Scy/yuqing/spider/monitor/projectManager.py", line 784, in start_finished_spider_every_interval
    self[name].start_spider()
    │    └ 'default'
    └ <monitor.projectManager.ProjectManager object at 0x7f31042e52e0>

  File "/home/users/Scy/yuqing/spider/monitor/projectManager.py", line 366, in start_spider
    self.update_device_valid(device)
    │    │                   └ <monitor.deviceManager.DeviceC object at 0x7f3104029220>
    │    └ <function Project.update_device_valid at 0x7f3104003280>
    └ <monitor.projectManager.Project object at 0x7f3104029460>

  File "/home/users/Scy/yuqing/spider/monitor/projectManager.py", line 421, in update_device_valid
    self.database_manager.mysql.update(Device(**device.to_item()))
    │    │                │     │      │        │      └ <function DeviceC.to_item at 0x7f31f34ed310>
    │    │                │     │      │        └ <monitor.deviceManager.DeviceC object at 0x7f3104029220>
    │    │                │     │      └ <class 'base.db.mysql.Device'>
    │    │                │     └ <function Mysql.update at 0x7f31f35f4790>
    │    │                └ <base.db.mysql.Mysql object at 0x7f3103ffdfd0>
    │    └ <base.db.dbSlot.Slot object at 0x7f3103ffdf10>
    └ <monitor.projectManager.Project object at 0x7f3104029460>

> File "/home/users/Scy/yuqing/spider/base/db/mysql.py", line 375, in update
    row.update(new)
    │   │      └ {'server_id': '180.201.163.246:6800', 'ip': '180.201.163.246', 'username': 'chase', 'password': '1932150656665541689630786810...
    │   └ <function Query.update at 0x7f31f37333a0>
    └ <sqlalchemy.orm.query.Query object at 0x7f2dcc04e280>

  File "/home/chase/.local/lib/python3.8/site-packages/sqlalchemy/orm/query.py", line 3221, in update
    result = self.session.execute(
             │    │       └ <function Session.execute at 0x7f31f370faf0>
             │    └ <sqlalchemy.orm.session.Session object at 0x7f3098624b50>
             └ <sqlalchemy.orm.query.Query object at 0x7f2dcc04e280>
  File "/home/chase/.local/lib/python3.8/site-packages/sqlalchemy/orm/session.py", line 1689, in execute
    result = conn._execute_20(statement, params or {}, execution_options)
             │    │           │          │             └ immutabledict({'synchronize_session': 'evaluate', '_sa_orm_update_options': default_update_options(_matched_objects=[], _reso...
             │    │           │          └ immutabledict({})
             │    │           └ <sqlalchemy.sql.annotation.AnnotatedUpdate object at 0x7f2dcbfee6d0>
             │    └ <function Connection._execute_20 at 0x7f31f39bc790>
             └ <sqlalchemy.engine.base.Connection object at 0x7f2dcc04e3a0>
  File "/home/chase/.local/lib/python3.8/site-packages/sqlalchemy/engine/base.py", line 1583, in _execute_20
    return meth(self, args_10style, kwargs_10style, execution_options)
           │    │     │             │               └ immutabledict({'synchronize_session': 'evaluate', '_sa_orm_update_options': default_update_options(_matched_objects=[], _reso...
           │    │     │             └ immutabledict({})
           │    │     └ ({},)
           │    └ <sqlalchemy.engine.base.Connection object at 0x7f2dcc04e3a0>
           └ <bound method ClauseElement._execute_on_connection of <sqlalchemy.sql.annotation.AnnotatedUpdate object at 0x7f2dcbfee6d0>>
  File "/home/chase/.local/lib/python3.8/site-packages/sqlalchemy/sql/elements.py", line 323, in _execute_on_connection
    return connection._execute_clauseelement(
           │          └ <function Connection._execute_clauseelement at 0x7f31f39bc5e0>
           └ <sqlalchemy.engine.base.Connection object at 0x7f2dcc04e3a0>
  File "/home/chase/.local/lib/python3.8/site-packages/sqlalchemy/engine/base.py", line 1452, in _execute_clauseelement
    ret = self._execute_context(
          │    └ <function Connection._execute_context at 0x7f31f39bc8b0>
          └ <sqlalchemy.engine.base.Connection object at 0x7f2dcc04e3a0>
  File "/home/chase/.local/lib/python3.8/site-packages/sqlalchemy/engine/base.py", line 1814, in _execute_context
    self._handle_dbapi_exception(
    │    └ <function Connection._handle_dbapi_exception at 0x7f31f39bca60>
    └ <sqlalchemy.engine.base.Connection object at 0x7f2dcc04e3a0>
  File "/home/chase/.local/lib/python3.8/site-packages/sqlalchemy/engine/base.py", line 1995, in _handle_dbapi_exception
    util.raise_(
    │    └ <function raise_ at 0x7f31f3d7ea60>
    └ <module 'sqlalchemy.util' from '/home/chase/.local/lib/python3.8/site-packages/sqlalchemy/util/__init__.py'>
  File "/home/chase/.local/lib/python3.8/site-packages/sqlalchemy/util/compat.py", line 207, in raise_
    raise exception
  File "/home/chase/.local/lib/python3.8/site-packages/sqlalchemy/engine/base.py", line 1771, in _execute_context
    self.dialect.do_execute(
    │    │       └ <function DefaultDialect.do_execute at 0x7f31f38f75e0>
    │    └ <sqlalchemy.dialects.mysql.pymysql.MySQLDialect_pymysql object at 0x7f3103ffde20>
    └ <sqlalchemy.engine.base.Connection object at 0x7f2dcc04e3a0>
  File "/home/chase/.local/lib/python3.8/site-packages/sqlalchemy/engine/default.py", line 717, in do_execute
    cursor.execute(statement, parameters)
    │      │       │          └ {'server_id': '180.201.163.246:6800', 'ip': '180.201.163.246', 'username': 'chase', 'password': '1932150656665541689630786810...
    │      │       └ 'UPDATE device SET server_id=%(server_id)s, ip=%(ip)s, username=%(username)s, password=%(password)s, address=%(address)s, por...
    │      └ <function Cursor.execute at 0x7f31f354cdc0>
    └ <pymysql.cursors.Cursor object at 0x7f2dcbfeeee0>
  File "/home/chase/.local/lib/python3.8/site-packages/pymysql/cursors.py", line 148, in execute
    result = self._query(query)
             │    │      └ "UPDATE device SET server_id='180.201.163.246:6800', ip='180.201.163.246', username='chase', password='1932150656665541689630...
             │    └ <function Cursor._query at 0x7f31f34d7280>
             └ <pymysql.cursors.Cursor object at 0x7f2dcbfeeee0>
  File "/home/chase/.local/lib/python3.8/site-packages/pymysql/cursors.py", line 310, in _query
    conn.query(q)
    │    │     └ "UPDATE device SET server_id='180.201.163.246:6800', ip='180.201.163.246', username='chase', password='1932150656665541689630...
    │    └ <function Connection.query at 0x7f31f34e5670>
    └ <pymysql.connections.Connection object at 0x7f30b85b9370>
  File "/home/chase/.local/lib/python3.8/site-packages/pymysql/connections.py", line 548, in query
    self._affected_rows = self._read_query_result(unbuffered=unbuffered)
    │    │                │    │                             └ False
    │    │                │    └ <function Connection._read_query_result at 0x7f31f34e5ca0>
    │    │                └ <pymysql.connections.Connection object at 0x7f30b85b9370>
    │    └ 1
    └ <pymysql.connections.Connection object at 0x7f30b85b9370>
  File "/home/chase/.local/lib/python3.8/site-packages/pymysql/connections.py", line 775, in _read_query_result
    result.read()
    │      └ <function MySQLResult.read at 0x7f31f34e64c0>
    └ <pymysql.connections.MySQLResult object at 0x7f2e0604ecd0>
  File "/home/chase/.local/lib/python3.8/site-packages/pymysql/connections.py", line 1156, in read
    first_packet = self.connection._read_packet()
                   │    └ None
                   └ <pymysql.connections.MySQLResult object at 0x7f2e0604ecd0>
  File "/home/chase/.local/lib/python3.8/site-packages/pymysql/connections.py", line 725, in _read_packet
    packet.raise_for_error()
    │      └ <function MysqlPacket.raise_for_error at 0x7f31f34ddee0>
    └ <pymysql.protocol.MysqlPacket object at 0x7f3098084d60>
  File "/home/chase/.local/lib/python3.8/site-packages/pymysql/protocol.py", line 221, in raise_for_error
    err.raise_mysql_exception(self._data)
    │   │                     │    └ <member '_data' of 'MysqlPacket' objects>
    │   │                     └ <pymysql.protocol.MysqlPacket object at 0x7f3098084d60>
    │   └ <function raise_mysql_exception at 0x7f31f358c670>
    └ <module 'pymysql.err' from '/home/chase/.local/lib/python3.8/site-packages/pymysql/err.py'>
  File "/home/chase/.local/lib/python3.8/site-packages/pymysql/err.py", line 143, in raise_mysql_exception
    raise errorclass(errno, errval)
          │          │      └ "Duplicate entry '180.201.163.246:6800' for key 'device.PRIMARY'"
          │          └ 1062
          └ <class 'pymysql.err.IntegrityError'>

sqlalchemy.exc.IntegrityError: (pymysql.err.IntegrityError) (1062, "Duplicate entry '180.201.163.246:6800' for key 'device.PRIMARY'")
[SQL: UPDATE device SET server_id=%(server_id)s, ip=%(ip)s, username=%(username)s, password=%(password)s, address=%(address)s, port=%(port)s, valid=%(valid)s WHERE device.ip = %(ip_1)s]
[parameters: {'server_id': '180.201.163.246:6800', 'ip': '180.201.163.246', 'username': 'chase', 'password': '19321506566655416896307868109393324641124166934117633911323862029935782301961538607232407677822541821015180032861225523596260630408254108131074659553 ... (10 characters truncated) ... 10803491013938873495369635739979740990491087972408986464887646272347122580797966669940783241952281316801327693258452120890056160604962495572174616056', 'address': '/home/users/CT/pycharmproject/spiders/', 'port': 6800, 'valid': 1, 'ip_1': '180.201.163.246'}]
(Background on this error at: https://sqlalche.me/e/14/gkpj)
2022-05-14 07:26:55.462 | ERROR    | base.db.mysql:update:390 - 【mysql更新数据出错】
Traceback (most recent call last):

  File "/home/chase/.local/lib/python3.8/site-packages/sqlalchemy/engine/base.py", line 1771, in _execute_context
    self.dialect.do_execute(
    │    │       └ <function DefaultDialect.do_execute at 0x7f31f38f75e0>
    │    └ <sqlalchemy.dialects.mysql.pymysql.MySQLDialect_pymysql object at 0x7f3103ffde20>
    └ <sqlalchemy.engine.base.Connection object at 0x7f2e060012b0>
  File "/home/chase/.local/lib/python3.8/site-packages/sqlalchemy/engine/default.py", line 717, in do_execute
    cursor.execute(statement, parameters)
    │      │       │          └ {'server_id': '180.201.163.246:6800', 'ip': '180.201.163.246', 'username': 'chase', 'password': '6522196463093145031924546533...
    │      │       └ 'UPDATE device SET server_id=%(server_id)s, ip=%(ip)s, username=%(username)s, password=%(password)s, address=%(address)s, por...
    │      └ <function Cursor.execute at 0x7f31f354cdc0>
    └ <pymysql.cursors.Cursor object at 0x7f2de9c03580>
  File "/home/chase/.local/lib/python3.8/site-packages/pymysql/cursors.py", line 148, in execute
    result = self._query(query)
             │    │      └ "UPDATE device SET server_id='180.201.163.246:6800', ip='180.201.163.246', username='chase', password='6522196463093145031924...
             │    └ <function Cursor._query at 0x7f31f34d7280>
             └ <pymysql.cursors.Cursor object at 0x7f2de9c03580>
  File "/home/chase/.local/lib/python3.8/site-packages/pymysql/cursors.py", line 310, in _query
    conn.query(q)
    │    │     └ "UPDATE device SET server_id='180.201.163.246:6800', ip='180.201.163.246', username='chase', password='6522196463093145031924...
    │    └ <function Connection.query at 0x7f31f34e5670>
    └ <pymysql.connections.Connection object at 0x7f3101ff7e50>
  File "/home/chase/.local/lib/python3.8/site-packages/pymysql/connections.py", line 548, in query
    self._affected_rows = self._read_query_result(unbuffered=unbuffered)
    │    │                │    │                             └ False
    │    │                │    └ <function Connection._read_query_result at 0x7f31f34e5ca0>
    │    │                └ <pymysql.connections.Connection object at 0x7f3101ff7e50>
    │    └ 1
    └ <pymysql.connections.Connection object at 0x7f3101ff7e50>
  File "/home/chase/.local/lib/python3.8/site-packages/pymysql/connections.py", line 775, in _read_query_result
    result.read()
    │      └ <function MySQLResult.read at 0x7f31f34e64c0>
    └ <pymysql.connections.MySQLResult object at 0x7f2de9b568b0>
  File "/home/chase/.local/lib/python3.8/site-packages/pymysql/connections.py", line 1156, in read
    first_packet = self.connection._read_packet()
                   │    └ None
                   └ <pymysql.connections.MySQLResult object at 0x7f2de9b568b0>
  File "/home/chase/.local/lib/python3.8/site-packages/pymysql/connections.py", line 725, in _read_packet
    packet.raise_for_error()
    │      └ <function MysqlPacket.raise_for_error at 0x7f31f34ddee0>
    └ <pymysql.protocol.MysqlPacket object at 0x7f2de9babca0>
  File "/home/chase/.local/lib/python3.8/site-packages/pymysql/protocol.py", line 221, in raise_for_error
    err.raise_mysql_exception(self._data)
    │   │                     │    └ <member '_data' of 'MysqlPacket' objects>
    │   │                     └ <pymysql.protocol.MysqlPacket object at 0x7f2de9babca0>
    │   └ <function raise_mysql_exception at 0x7f31f358c670>
    └ <module 'pymysql.err' from '/home/chase/.local/lib/python3.8/site-packages/pymysql/err.py'>
  File "/home/chase/.local/lib/python3.8/site-packages/pymysql/err.py", line 143, in raise_mysql_exception
    raise errorclass(errno, errval)
          │          │      └ "Duplicate entry '180.201.163.246:6800' for key 'device.PRIMARY'"
          │          └ 1062
          └ <class 'pymysql.err.IntegrityError'>

pymysql.err.IntegrityError: (1062, "Duplicate entry '180.201.163.246:6800' for key 'device.PRIMARY'")


The above exception was the direct cause of the following exception:


Traceback (most recent call last):

  File "/usr/lib/python3.8/threading.py", line 890, in _bootstrap
    self._bootstrap_inner()
    │    └ <function Thread._bootstrap_inner at 0x7f321bf29a60>
    └ <Thread(Thread-13252, started daemon 139836725741312)>
  File "/usr/lib/python3.8/threading.py", line 932, in _bootstrap_inner
    self.run()
    │    └ <function Thread.run at 0x7f321bf29790>
    └ <Thread(Thread-13252, started daemon 139836725741312)>
  File "/usr/lib/python3.8/threading.py", line 870, in run
    self._target(*self._args, **self._kwargs)
    │    │        │    │        │    └ {}
    │    │        │    │        └ <Thread(Thread-13252, started daemon 139836725741312)>
    │    │        │    └ ('ProjectManager.run_func_by_thread',)
    │    │        └ <Thread(Thread-13252, started daemon 139836725741312)>
    │    └ <bound method ProjectManager.get_request_from_keywords_hot of <monitor.projectManager.ProjectManager object at 0x7f31042e52e0>>
    └ <Thread(Thread-13252, started daemon 139836725741312)>

  File "/home/users/Scy/yuqing/spider/monitor/projectManager.py", line 799, in get_request_from_keywords_hot
    self.start_finished_spider_every_interval(project_names)
    │    │                                    └ ['default', 'test']
    │    └ <function ProjectManager.start_finished_spider_every_interval at 0x7f3104005280>
    └ <monitor.projectManager.ProjectManager object at 0x7f31042e52e0>

  File "/home/users/Scy/yuqing/spider/monitor/projectManager.py", line 784, in start_finished_spider_every_interval
    self[name].start_spider()
    │    └ 'default'
    └ <monitor.projectManager.ProjectManager object at 0x7f31042e52e0>

  File "/home/users/Scy/yuqing/spider/monitor/projectManager.py", line 366, in start_spider
    self.update_device_valid(device)
    │    │                   └ <monitor.deviceManager.DeviceC object at 0x7f3104029220>
    │    └ <function Project.update_device_valid at 0x7f3104003280>
    └ <monitor.projectManager.Project object at 0x7f3104029460>

  File "/home/users/Scy/yuqing/spider/monitor/projectManager.py", line 421, in update_device_valid
    self.database_manager.mysql.update(Device(**device.to_item()))
    │    │                │     │      │        │      └ <function DeviceC.to_item at 0x7f31f34ed310>
    │    │                │     │      │        └ <monitor.deviceManager.DeviceC object at 0x7f3104029220>
    │    │                │     │      └ <class 'base.db.mysql.Device'>
    │    │                │     └ <function Mysql.update at 0x7f31f35f4790>
    │    │                └ <base.db.mysql.Mysql object at 0x7f3103ffdfd0>
    │    └ <base.db.dbSlot.Slot object at 0x7f3103ffdf10>
    └ <monitor.projectManager.Project object at 0x7f3104029460>

> File "/home/users/Scy/yuqing/spider/base/db/mysql.py", line 375, in update
    row.update(new)
    │   │      └ {'server_id': '180.201.163.246:6800', 'ip': '180.201.163.246', 'username': 'chase', 'password': '6522196463093145031924546533...
    │   └ <function Query.update at 0x7f31f37333a0>
    └ <sqlalchemy.orm.query.Query object at 0x7f3018185880>

  File "/home/chase/.local/lib/python3.8/site-packages/sqlalchemy/orm/query.py", line 3221, in update
    result = self.session.execute(
             │    │       └ <function Session.execute at 0x7f31f370faf0>
             │    └ <sqlalchemy.orm.session.Session object at 0x7f3018185fa0>
             └ <sqlalchemy.orm.query.Query object at 0x7f3018185880>
  File "/home/chase/.local/lib/python3.8/site-packages/sqlalchemy/orm/session.py", line 1689, in execute
    result = conn._execute_20(statement, params or {}, execution_options)
             │    │           │          │             └ immutabledict({'synchronize_session': 'evaluate', '_sa_orm_update_options': default_update_options(_matched_objects=[], _reso...
             │    │           │          └ immutabledict({})
             │    │           └ <sqlalchemy.sql.annotation.AnnotatedUpdate object at 0x7f2ff83c1dc0>
             │    └ <function Connection._execute_20 at 0x7f31f39bc790>
             └ <sqlalchemy.engine.base.Connection object at 0x7f2e060012b0>
  File "/home/chase/.local/lib/python3.8/site-packages/sqlalchemy/engine/base.py", line 1583, in _execute_20
    return meth(self, args_10style, kwargs_10style, execution_options)
           │    │     │             │               └ immutabledict({'synchronize_session': 'evaluate', '_sa_orm_update_options': default_update_options(_matched_objects=[], _reso...
           │    │     │             └ immutabledict({})
           │    │     └ ({},)
           │    └ <sqlalchemy.engine.base.Connection object at 0x7f2e060012b0>
           └ <bound method ClauseElement._execute_on_connection of <sqlalchemy.sql.annotation.AnnotatedUpdate object at 0x7f2ff83c1dc0>>
  File "/home/chase/.local/lib/python3.8/site-packages/sqlalchemy/sql/elements.py", line 323, in _execute_on_connection
    return connection._execute_clauseelement(
           │          └ <function Connection._execute_clauseelement at 0x7f31f39bc5e0>
           └ <sqlalchemy.engine.base.Connection object at 0x7f2e060012b0>
  File "/home/chase/.local/lib/python3.8/site-packages/sqlalchemy/engine/base.py", line 1452, in _execute_clauseelement
    ret = self._execute_context(
          │    └ <function Connection._execute_context at 0x7f31f39bc8b0>
          └ <sqlalchemy.engine.base.Connection object at 0x7f2e060012b0>
  File "/home/chase/.local/lib/python3.8/site-packages/sqlalchemy/engine/base.py", line 1814, in _execute_context
    self._handle_dbapi_exception(
    │    └ <function Connection._handle_dbapi_exception at 0x7f31f39bca60>
    └ <sqlalchemy.engine.base.Connection object at 0x7f2e060012b0>
  File "/home/chase/.local/lib/python3.8/site-packages/sqlalchemy/engine/base.py", line 1995, in _handle_dbapi_exception
    util.raise_(
    │    └ <function raise_ at 0x7f31f3d7ea60>
    └ <module 'sqlalchemy.util' from '/home/chase/.local/lib/python3.8/site-packages/sqlalchemy/util/__init__.py'>
  File "/home/chase/.local/lib/python3.8/site-packages/sqlalchemy/util/compat.py", line 207, in raise_
    raise exception
  File "/home/chase/.local/lib/python3.8/site-packages/sqlalchemy/engine/base.py", line 1771, in _execute_context
    self.dialect.do_execute(
    │    │       └ <function DefaultDialect.do_execute at 0x7f31f38f75e0>
    │    └ <sqlalchemy.dialects.mysql.pymysql.MySQLDialect_pymysql object at 0x7f3103ffde20>
    └ <sqlalchemy.engine.base.Connection object at 0x7f2e060012b0>
  File "/home/chase/.local/lib/python3.8/site-packages/sqlalchemy/engine/default.py", line 717, in do_execute
    cursor.execute(statement, parameters)
    │      │       │          └ {'server_id': '180.201.163.246:6800', 'ip': '180.201.163.246', 'username': 'chase', 'password': '6522196463093145031924546533...
    │      │       └ 'UPDATE device SET server_id=%(server_id)s, ip=%(ip)s, username=%(username)s, password=%(password)s, address=%(address)s, por...
    │      └ <function Cursor.execute at 0x7f31f354cdc0>
    └ <pymysql.cursors.Cursor object at 0x7f2de9c03580>
  File "/home/chase/.local/lib/python3.8/site-packages/pymysql/cursors.py", line 148, in execute
    result = self._query(query)
             │    │      └ "UPDATE device SET server_id='180.201.163.246:6800', ip='180.201.163.246', username='chase', password='6522196463093145031924...
             │    └ <function Cursor._query at 0x7f31f34d7280>
             └ <pymysql.cursors.Cursor object at 0x7f2de9c03580>
  File "/home/chase/.local/lib/python3.8/site-packages/pymysql/cursors.py", line 310, in _query
    conn.query(q)
    │    │     └ "UPDATE device SET server_id='180.201.163.246:6800', ip='180.201.163.246', username='chase', password='6522196463093145031924...
    │    └ <function Connection.query at 0x7f31f34e5670>
    └ <pymysql.connections.Connection object at 0x7f3101ff7e50>
  File "/home/chase/.local/lib/python3.8/site-packages/pymysql/connections.py", line 548, in query
    self._affected_rows = self._read_query_result(unbuffered=unbuffered)
    │    │                │    │                             └ False
    │    │                │    └ <function Connection._read_query_result at 0x7f31f34e5ca0>
    │    │                └ <pymysql.connections.Connection object at 0x7f3101ff7e50>
    │    └ 1
    └ <pymysql.connections.Connection object at 0x7f3101ff7e50>
  File "/home/chase/.local/lib/python3.8/site-packages/pymysql/connections.py", line 775, in _read_query_result
    result.read()
    │      └ <function MySQLResult.read at 0x7f31f34e64c0>
    └ <pymysql.connections.MySQLResult object at 0x7f2de9b568b0>
  File "/home/chase/.local/lib/python3.8/site-packages/pymysql/connections.py", line 1156, in read
    first_packet = self.connection._read_packet()
                   │    └ None
                   └ <pymysql.connections.MySQLResult object at 0x7f2de9b568b0>
  File "/home/chase/.local/lib/python3.8/site-packages/pymysql/connections.py", line 725, in _read_packet
    packet.raise_for_error()
    │      └ <function MysqlPacket.raise_for_error at 0x7f31f34ddee0>
    └ <pymysql.protocol.MysqlPacket object at 0x7f2de9babca0>
  File "/home/chase/.local/lib/python3.8/site-packages/pymysql/protocol.py", line 221, in raise_for_error
    err.raise_mysql_exception(self._data)
    │   │                     │    └ <member '_data' of 'MysqlPacket' objects>
    │   │                     └ <pymysql.protocol.MysqlPacket object at 0x7f2de9babca0>
    │   └ <function raise_mysql_exception at 0x7f31f358c670>
    └ <module 'pymysql.err' from '/home/chase/.local/lib/python3.8/site-packages/pymysql/err.py'>
  File "/home/chase/.local/lib/python3.8/site-packages/pymysql/err.py", line 143, in raise_mysql_exception
    raise errorclass(errno, errval)
          │          │      └ "Duplicate entry '180.201.163.246:6800' for key 'device.PRIMARY'"
          │          └ 1062
          └ <class 'pymysql.err.IntegrityError'>

sqlalchemy.exc.IntegrityError: (pymysql.err.IntegrityError) (1062, "Duplicate entry '180.201.163.246:6800' for key 'device.PRIMARY'")
[SQL: UPDATE device SET server_id=%(server_id)s, ip=%(ip)s, username=%(username)s, password=%(password)s, address=%(address)s, port=%(port)s, valid=%(valid)s WHERE device.ip = %(ip_1)s]
[parameters: {'server_id': '180.201.163.246:6800', 'ip': '180.201.163.246', 'username': 'chase', 'password': '65221964630931450319245465334471513627784539186001885262361156553107754380278965210476009385295385258240112543648696873711602993901148546904325689550 ... (10 characters truncated) ... 43920181504977969787163346975844849100676431783664260973143246856204835711259285945432528409428562668777852967668187786376897210116660787246937581831', 'address': '/home/users/CT/pycharmproject/spiders/', 'port': 6800, 'valid': 1, 'ip_1': '180.201.163.246'}]
(Background on this error at: https://sqlalche.me/e/14/gkpj)
2022-05-14 07:27:10.698 | ERROR    | base.db.mysql:update:390 - 【mysql更新数据出错】
Traceback (most recent call last):

  File "/home/chase/.local/lib/python3.8/site-packages/sqlalchemy/engine/base.py", line 1771, in _execute_context
    self.dialect.do_execute(
    │    │       └ <function DefaultDialect.do_execute at 0x7f31f38f75e0>
    │    └ <sqlalchemy.dialects.mysql.pymysql.MySQLDialect_pymysql object at 0x7f3103ffde20>
    └ <sqlalchemy.engine.base.Connection object at 0x7f2f78081520>
  File "/home/chase/.local/lib/python3.8/site-packages/sqlalchemy/engine/default.py", line 717, in do_execute
    cursor.execute(statement, parameters)
    │      │       │          └ {'server_id': '180.201.163.246:6800', 'ip': '180.201.163.246', 'username': 'chase', 'password': '5048281587582548086090226865...
    │      │       └ 'UPDATE device SET server_id=%(server_id)s, ip=%(ip)s, username=%(username)s, password=%(password)s, address=%(address)s, por...
    │      └ <function Cursor.execute at 0x7f31f354cdc0>
    └ <pymysql.cursors.Cursor object at 0x7f31021d8790>
  File "/home/chase/.local/lib/python3.8/site-packages/pymysql/cursors.py", line 148, in execute
    result = self._query(query)
             │    │      └ "UPDATE device SET server_id='180.201.163.246:6800', ip='180.201.163.246', username='chase', password='5048281587582548086090...
             │    └ <function Cursor._query at 0x7f31f34d7280>
             └ <pymysql.cursors.Cursor object at 0x7f31021d8790>
  File "/home/chase/.local/lib/python3.8/site-packages/pymysql/cursors.py", line 310, in _query
    conn.query(q)
    │    │     └ "UPDATE device SET server_id='180.201.163.246:6800', ip='180.201.163.246', username='chase', password='5048281587582548086090...
    │    └ <function Connection.query at 0x7f31f34e5670>
    └ <pymysql.connections.Connection object at 0x7f2e11b8b340>
  File "/home/chase/.local/lib/python3.8/site-packages/pymysql/connections.py", line 548, in query
    self._affected_rows = self._read_query_result(unbuffered=unbuffered)
    │    │                │    │                             └ False
    │    │                │    └ <function Connection._read_query_result at 0x7f31f34e5ca0>
    │    │                └ <pymysql.connections.Connection object at 0x7f2e11b8b340>
    │    └ 1
    └ <pymysql.connections.Connection object at 0x7f2e11b8b340>
  File "/home/chase/.local/lib/python3.8/site-packages/pymysql/connections.py", line 775, in _read_query_result
    result.read()
    │      └ <function MySQLResult.read at 0x7f31f34e64c0>
    └ <pymysql.connections.MySQLResult object at 0x7f3102448c70>
  File "/home/chase/.local/lib/python3.8/site-packages/pymysql/connections.py", line 1156, in read
    first_packet = self.connection._read_packet()
                   │    └ None
                   └ <pymysql.connections.MySQLResult object at 0x7f3102448c70>
  File "/home/chase/.local/lib/python3.8/site-packages/pymysql/connections.py", line 725, in _read_packet
    packet.raise_for_error()
    │      └ <function MysqlPacket.raise_for_error at 0x7f31f34ddee0>
    └ <pymysql.protocol.MysqlPacket object at 0x7f30387263d0>
  File "/home/chase/.local/lib/python3.8/site-packages/pymysql/protocol.py", line 221, in raise_for_error
    err.raise_mysql_exception(self._data)
    │   │                     │    └ <member '_data' of 'MysqlPacket' objects>
    │   │                     └ <pymysql.protocol.MysqlPacket object at 0x7f30387263d0>
    │   └ <function raise_mysql_exception at 0x7f31f358c670>
    └ <module 'pymysql.err' from '/home/chase/.local/lib/python3.8/site-packages/pymysql/err.py'>
  File "/home/chase/.local/lib/python3.8/site-packages/pymysql/err.py", line 143, in raise_mysql_exception
    raise errorclass(errno, errval)
          │          │      └ "Duplicate entry '180.201.163.246:6800' for key 'device.PRIMARY'"
          │          └ 1062
          └ <class 'pymysql.err.IntegrityError'>

pymysql.err.IntegrityError: (1062, "Duplicate entry '180.201.163.246:6800' for key 'device.PRIMARY'")


The above exception was the direct cause of the following exception:


Traceback (most recent call last):

  File "/usr/lib/python3.8/threading.py", line 890, in _bootstrap
    self._bootstrap_inner()
    │    └ <function Thread._bootstrap_inner at 0x7f321bf29a60>
    └ <Thread(Thread-13257, started daemon 139836868417280)>
  File "/usr/lib/python3.8/threading.py", line 932, in _bootstrap_inner
    self.run()
    │    └ <function Thread.run at 0x7f321bf29790>
    └ <Thread(Thread-13257, started daemon 139836868417280)>
  File "/usr/lib/python3.8/threading.py", line 870, in run
    self._target(*self._args, **self._kwargs)
    │    │        │    │        │    └ {}
    │    │        │    │        └ <Thread(Thread-13257, started daemon 139836868417280)>
    │    │        │    └ ('ProjectManager.run_func_by_thread',)
    │    │        └ <Thread(Thread-13257, started daemon 139836868417280)>
    │    └ <bound method ProjectManager.get_request_from_keywords_hot of <monitor.projectManager.ProjectManager object at 0x7f31042e52e0>>
    └ <Thread(Thread-13257, started daemon 139836868417280)>

  File "/home/users/Scy/yuqing/spider/monitor/projectManager.py", line 799, in get_request_from_keywords_hot
    self.start_finished_spider_every_interval(project_names)
    │    │                                    └ ['default', 'test']
    │    └ <function ProjectManager.start_finished_spider_every_interval at 0x7f3104005280>
    └ <monitor.projectManager.ProjectManager object at 0x7f31042e52e0>

  File "/home/users/Scy/yuqing/spider/monitor/projectManager.py", line 784, in start_finished_spider_every_interval
    self[name].start_spider()
    │    └ 'default'
    └ <monitor.projectManager.ProjectManager object at 0x7f31042e52e0>

  File "/home/users/Scy/yuqing/spider/monitor/projectManager.py", line 366, in start_spider
    self.update_device_valid(device)
    │    │                   └ <monitor.deviceManager.DeviceC object at 0x7f3104029220>
    │    └ <function Project.update_device_valid at 0x7f3104003280>
    └ <monitor.projectManager.Project object at 0x7f3104029460>

  File "/home/users/Scy/yuqing/spider/monitor/projectManager.py", line 421, in update_device_valid
    self.database_manager.mysql.update(Device(**device.to_item()))
    │    │                │     │      │        │      └ <function DeviceC.to_item at 0x7f31f34ed310>
    │    │                │     │      │        └ <monitor.deviceManager.DeviceC object at 0x7f3104029220>
    │    │                │     │      └ <class 'base.db.mysql.Device'>
    │    │                │     └ <function Mysql.update at 0x7f31f35f4790>
    │    │                └ <base.db.mysql.Mysql object at 0x7f3103ffdfd0>
    │    └ <base.db.dbSlot.Slot object at 0x7f3103ffdf10>
    └ <monitor.projectManager.Project object at 0x7f3104029460>

> File "/home/users/Scy/yuqing/spider/base/db/mysql.py", line 375, in update
    row.update(new)
    │   │      └ {'server_id': '180.201.163.246:6800', 'ip': '180.201.163.246', 'username': 'chase', 'password': '5048281587582548086090226865...
    │   └ <function Query.update at 0x7f31f37333a0>
    └ <sqlalchemy.orm.query.Query object at 0x7f30b85b9be0>

  File "/home/chase/.local/lib/python3.8/site-packages/sqlalchemy/orm/query.py", line 3221, in update
    result = self.session.execute(
             │    │       └ <function Session.execute at 0x7f31f370faf0>
             │    └ <sqlalchemy.orm.session.Session object at 0x7f2de9ad3820>
             └ <sqlalchemy.orm.query.Query object at 0x7f30b85b9be0>
  File "/home/chase/.local/lib/python3.8/site-packages/sqlalchemy/orm/session.py", line 1689, in execute
    result = conn._execute_20(statement, params or {}, execution_options)
             │    │           │          │             └ immutabledict({'synchronize_session': 'evaluate', '_sa_orm_update_options': default_update_options(_matched_objects=[], _reso...
             │    │           │          └ immutabledict({})
             │    │           └ <sqlalchemy.sql.annotation.AnnotatedUpdate object at 0x7f31021d8670>
             │    └ <function Connection._execute_20 at 0x7f31f39bc790>
             └ <sqlalchemy.engine.base.Connection object at 0x7f2f78081520>
  File "/home/chase/.local/lib/python3.8/site-packages/sqlalchemy/engine/base.py", line 1583, in _execute_20
    return meth(self, args_10style, kwargs_10style, execution_options)
           │    │     │             │               └ immutabledict({'synchronize_session': 'evaluate', '_sa_orm_update_options': default_update_options(_matched_objects=[], _reso...
           │    │     │             └ immutabledict({})
           │    │     └ ({},)
           │    └ <sqlalchemy.engine.base.Connection object at 0x7f2f78081520>
           └ <bound method ClauseElement._execute_on_connection of <sqlalchemy.sql.annotation.AnnotatedUpdate object at 0x7f31021d8670>>
  File "/home/chase/.local/lib/python3.8/site-packages/sqlalchemy/sql/elements.py", line 323, in _execute_on_connection
    return connection._execute_clauseelement(
           │          └ <function Connection._execute_clauseelement at 0x7f31f39bc5e0>
           └ <sqlalchemy.engine.base.Connection object at 0x7f2f78081520>
  File "/home/chase/.local/lib/python3.8/site-packages/sqlalchemy/engine/base.py", line 1452, in _execute_clauseelement
    ret = self._execute_context(
          │    └ <function Connection._execute_context at 0x7f31f39bc8b0>
          └ <sqlalchemy.engine.base.Connection object at 0x7f2f78081520>
  File "/home/chase/.local/lib/python3.8/site-packages/sqlalchemy/engine/base.py", line 1814, in _execute_context
    self._handle_dbapi_exception(
    │    └ <function Connection._handle_dbapi_exception at 0x7f31f39bca60>
    └ <sqlalchemy.engine.base.Connection object at 0x7f2f78081520>
  File "/home/chase/.local/lib/python3.8/site-packages/sqlalchemy/engine/base.py", line 1995, in _handle_dbapi_exception
    util.raise_(
    │    └ <function raise_ at 0x7f31f3d7ea60>
    └ <module 'sqlalchemy.util' from '/home/chase/.local/lib/python3.8/site-packages/sqlalchemy/util/__init__.py'>
  File "/home/chase/.local/lib/python3.8/site-packages/sqlalchemy/util/compat.py", line 207, in raise_
    raise exception
  File "/home/chase/.local/lib/python3.8/site-packages/sqlalchemy/engine/base.py", line 1771, in _execute_context
    self.dialect.do_execute(
    │    │       └ <function DefaultDialect.do_execute at 0x7f31f38f75e0>
    │    └ <sqlalchemy.dialects.mysql.pymysql.MySQLDialect_pymysql object at 0x7f3103ffde20>
    └ <sqlalchemy.engine.base.Connection object at 0x7f2f78081520>
  File "/home/chase/.local/lib/python3.8/site-packages/sqlalchemy/engine/default.py", line 717, in do_execute
    cursor.execute(statement, parameters)
    │      │       │          └ {'server_id': '180.201.163.246:6800', 'ip': '180.201.163.246', 'username': 'chase', 'password': '5048281587582548086090226865...
    │      │       └ 'UPDATE device SET server_id=%(server_id)s, ip=%(ip)s, username=%(username)s, password=%(password)s, address=%(address)s, por...
    │      └ <function Cursor.execute at 0x7f31f354cdc0>
    └ <pymysql.cursors.Cursor object at 0x7f31021d8790>
  File "/home/chase/.local/lib/python3.8/site-packages/pymysql/cursors.py", line 148, in execute
    result = self._query(query)
             │    │      └ "UPDATE device SET server_id='180.201.163.246:6800', ip='180.201.163.246', username='chase', password='5048281587582548086090...
             │    └ <function Cursor._query at 0x7f31f34d7280>
             └ <pymysql.cursors.Cursor object at 0x7f31021d8790>
  File "/home/chase/.local/lib/python3.8/site-packages/pymysql/cursors.py", line 310, in _query
    conn.query(q)
    │    │     └ "UPDATE device SET server_id='180.201.163.246:6800', ip='180.201.163.246', username='chase', password='5048281587582548086090...
    │    └ <function Connection.query at 0x7f31f34e5670>
    └ <pymysql.connections.Connection object at 0x7f2e11b8b340>
  File "/home/chase/.local/lib/python3.8/site-packages/pymysql/connections.py", line 548, in query
    self._affected_rows = self._read_query_result(unbuffered=unbuffered)
    │    │                │    │                             └ False
    │    │                │    └ <function Connection._read_query_result at 0x7f31f34e5ca0>
    │    │                └ <pymysql.connections.Connection object at 0x7f2e11b8b340>
    │    └ 1
    └ <pymysql.connections.Connection object at 0x7f2e11b8b340>
  File "/home/chase/.local/lib/python3.8/site-packages/pymysql/connections.py", line 775, in _read_query_result
    result.read()
    │      └ <function MySQLResult.read at 0x7f31f34e64c0>
    └ <pymysql.connections.MySQLResult object at 0x7f3102448c70>
  File "/home/chase/.local/lib/python3.8/site-packages/pymysql/connections.py", line 1156, in read
    first_packet = self.connection._read_packet()
                   │    └ None
                   └ <pymysql.connections.MySQLResult object at 0x7f3102448c70>
  File "/home/chase/.local/lib/python3.8/site-packages/pymysql/connections.py", line 725, in _read_packet
    packet.raise_for_error()
    │      └ <function MysqlPacket.raise_for_error at 0x7f31f34ddee0>
    └ <pymysql.protocol.MysqlPacket object at 0x7f30387263d0>
  File "/home/chase/.local/lib/python3.8/site-packages/pymysql/protocol.py", line 221, in raise_for_error
    err.raise_mysql_exception(self._data)
    │   │                     │    └ <member '_data' of 'MysqlPacket' objects>
    │   │                     └ <pymysql.protocol.MysqlPacket object at 0x7f30387263d0>
    │   └ <function raise_mysql_exception at 0x7f31f358c670>
    └ <module 'pymysql.err' from '/home/chase/.local/lib/python3.8/site-packages/pymysql/err.py'>
  File "/home/chase/.local/lib/python3.8/site-packages/pymysql/err.py", line 143, in raise_mysql_exception
    raise errorclass(errno, errval)
          │          │      └ "Duplicate entry '180.201.163.246:6800' for key 'device.PRIMARY'"
          │          └ 1062
          └ <class 'pymysql.err.IntegrityError'>

sqlalchemy.exc.IntegrityError: (pymysql.err.IntegrityError) (1062, "Duplicate entry '180.201.163.246:6800' for key 'device.PRIMARY'")
[SQL: UPDATE device SET server_id=%(server_id)s, ip=%(ip)s, username=%(username)s, password=%(password)s, address=%(address)s, port=%(port)s, valid=%(valid)s WHERE device.ip = %(ip_1)s]
[parameters: {'server_id': '180.201.163.246:6800', 'ip': '180.201.163.246', 'username': 'chase', 'password': '50482815875825480860902268650439166800603014154242212664450501574230672288109464711732352407646517174125191583700548607726407402372178419740121463911 ... (10 characters truncated) ... 68283911855629880260083308512273154392196505629856272609224490794018295129464143403453067241564753701699640157418233006158423236600396236209136783519', 'address': '/home/users/CT/pycharmproject/spiders/', 'port': 6800, 'valid': 1, 'ip_1': '180.201.163.246'}]
(Background on this error at: https://sqlalche.me/e/14/gkpj)
2022-05-14 07:27:28.696 | ERROR    | base.db.mysql:update:390 - 【mysql更新数据出错】
Traceback (most recent call last):

  File "/home/chase/.local/lib/python3.8/site-packages/sqlalchemy/engine/base.py", line 1771, in _execute_context
    self.dialect.do_execute(
    │    │       └ <function DefaultDialect.do_execute at 0x7f31f38f75e0>
    │    └ <sqlalchemy.dialects.mysql.pymysql.MySQLDialect_pymysql object at 0x7f3103ffde20>
    └ <sqlalchemy.engine.base.Connection object at 0x7f310228bee0>
  File "/home/chase/.local/lib/python3.8/site-packages/sqlalchemy/engine/default.py", line 717, in do_execute
    cursor.execute(statement, parameters)
    │      │       │          └ {'server_id': '180.201.163.246:6800', 'ip': '180.201.163.246', 'username': 'chase', 'password': '8354199479967252830208499055...
    │      │       └ 'UPDATE device SET server_id=%(server_id)s, ip=%(ip)s, username=%(username)s, password=%(password)s, address=%(address)s, por...
    │      └ <function Cursor.execute at 0x7f31f354cdc0>
    └ <pymysql.cursors.Cursor object at 0x7f30186beac0>
  File "/home/chase/.local/lib/python3.8/site-packages/pymysql/cursors.py", line 148, in execute
    result = self._query(query)
             │    │      └ "UPDATE device SET server_id='180.201.163.246:6800', ip='180.201.163.246', username='chase', password='8354199479967252830208...
             │    └ <function Cursor._query at 0x7f31f34d7280>
             └ <pymysql.cursors.Cursor object at 0x7f30186beac0>
  File "/home/chase/.local/lib/python3.8/site-packages/pymysql/cursors.py", line 310, in _query
    conn.query(q)
    │    │     └ "UPDATE device SET server_id='180.201.163.246:6800', ip='180.201.163.246', username='chase', password='8354199479967252830208...
    │    └ <function Connection.query at 0x7f31f34e5670>
    └ <pymysql.connections.Connection object at 0x7f30783231c0>
  File "/home/chase/.local/lib/python3.8/site-packages/pymysql/connections.py", line 548, in query
    self._affected_rows = self._read_query_result(unbuffered=unbuffered)
    │    │                │    │                             └ False
    │    │                │    └ <function Connection._read_query_result at 0x7f31f34e5ca0>
    │    │                └ <pymysql.connections.Connection object at 0x7f30783231c0>
    │    └ 1
    └ <pymysql.connections.Connection object at 0x7f30783231c0>
  File "/home/chase/.local/lib/python3.8/site-packages/pymysql/connections.py", line 775, in _read_query_result
    result.read()
    │      └ <function MySQLResult.read at 0x7f31f34e64c0>
    └ <pymysql.connections.MySQLResult object at 0x7f30983b76d0>
  File "/home/chase/.local/lib/python3.8/site-packages/pymysql/connections.py", line 1156, in read
    first_packet = self.connection._read_packet()
                   │    └ None
                   └ <pymysql.connections.MySQLResult object at 0x7f30983b76d0>
  File "/home/chase/.local/lib/python3.8/site-packages/pymysql/connections.py", line 725, in _read_packet
    packet.raise_for_error()
    │      └ <function MysqlPacket.raise_for_error at 0x7f31f34ddee0>
    └ <pymysql.protocol.MysqlPacket object at 0x7f2e05fb9be0>
  File "/home/chase/.local/lib/python3.8/site-packages/pymysql/protocol.py", line 221, in raise_for_error
    err.raise_mysql_exception(self._data)
    │   │                     │    └ <member '_data' of 'MysqlPacket' objects>
    │   │                     └ <pymysql.protocol.MysqlPacket object at 0x7f2e05fb9be0>
    │   └ <function raise_mysql_exception at 0x7f31f358c670>
    └ <module 'pymysql.err' from '/home/chase/.local/lib/python3.8/site-packages/pymysql/err.py'>
  File "/home/chase/.local/lib/python3.8/site-packages/pymysql/err.py", line 143, in raise_mysql_exception
    raise errorclass(errno, errval)
          │          │      └ "Duplicate entry '180.201.163.246:6800' for key 'device.PRIMARY'"
          │          └ 1062
          └ <class 'pymysql.err.IntegrityError'>

pymysql.err.IntegrityError: (1062, "Duplicate entry '180.201.163.246:6800' for key 'device.PRIMARY'")


The above exception was the direct cause of the following exception:


Traceback (most recent call last):

  File "/usr/lib/python3.8/threading.py", line 890, in _bootstrap
    self._bootstrap_inner()
    │    └ <function Thread._bootstrap_inner at 0x7f321bf29a60>
    └ <Thread(Thread-13262, started daemon 139848459319040)>
  File "/usr/lib/python3.8/threading.py", line 932, in _bootstrap_inner
    self.run()
    │    └ <function Thread.run at 0x7f321bf29790>
    └ <Thread(Thread-13262, started daemon 139848459319040)>
  File "/usr/lib/python3.8/threading.py", line 870, in run
    self._target(*self._args, **self._kwargs)
    │    │        │    │        │    └ {}
    │    │        │    │        └ <Thread(Thread-13262, started daemon 139848459319040)>
    │    │        │    └ ('ProjectManager.run_func_by_thread',)
    │    │        └ <Thread(Thread-13262, started daemon 139848459319040)>
    │    └ <bound method ProjectManager.get_request_from_keywords_hot of <monitor.projectManager.ProjectManager object at 0x7f31042e52e0>>
    └ <Thread(Thread-13262, started daemon 139848459319040)>

  File "/home/users/Scy/yuqing/spider/monitor/projectManager.py", line 799, in get_request_from_keywords_hot
    self.start_finished_spider_every_interval(project_names)
    │    │                                    └ ['default', 'test']
    │    └ <function ProjectManager.start_finished_spider_every_interval at 0x7f3104005280>
    └ <monitor.projectManager.ProjectManager object at 0x7f31042e52e0>

  File "/home/users/Scy/yuqing/spider/monitor/projectManager.py", line 784, in start_finished_spider_every_interval
    self[name].start_spider()
    │    └ 'default'
    └ <monitor.projectManager.ProjectManager object at 0x7f31042e52e0>

  File "/home/users/Scy/yuqing/spider/monitor/projectManager.py", line 366, in start_spider
    self.update_device_valid(device)
    │    │                   └ <monitor.deviceManager.DeviceC object at 0x7f3104029220>
    │    └ <function Project.update_device_valid at 0x7f3104003280>
    └ <monitor.projectManager.Project object at 0x7f3104029460>

  File "/home/users/Scy/yuqing/spider/monitor/projectManager.py", line 421, in update_device_valid
    self.database_manager.mysql.update(Device(**device.to_item()))
    │    │                │     │      │        │      └ <function DeviceC.to_item at 0x7f31f34ed310>
    │    │                │     │      │        └ <monitor.deviceManager.DeviceC object at 0x7f3104029220>
    │    │                │     │      └ <class 'base.db.mysql.Device'>
    │    │                │     └ <function Mysql.update at 0x7f31f35f4790>
    │    │                └ <base.db.mysql.Mysql object at 0x7f3103ffdfd0>
    │    └ <base.db.dbSlot.Slot object at 0x7f3103ffdf10>
    └ <monitor.projectManager.Project object at 0x7f3104029460>

> File "/home/users/Scy/yuqing/spider/base/db/mysql.py", line 375, in update
    row.update(new)
    │   │      └ {'server_id': '180.201.163.246:6800', 'ip': '180.201.163.246', 'username': 'chase', 'password': '8354199479967252830208499055...
    │   └ <function Query.update at 0x7f31f37333a0>
    └ <sqlalchemy.orm.query.Query object at 0x7f31000d4190>

  File "/home/chase/.local/lib/python3.8/site-packages/sqlalchemy/orm/query.py", line 3221, in update
    result = self.session.execute(
             │    │       └ <function Session.execute at 0x7f31f370faf0>
             │    └ <sqlalchemy.orm.session.Session object at 0x7f301860e430>
             └ <sqlalchemy.orm.query.Query object at 0x7f31000d4190>
  File "/home/chase/.local/lib/python3.8/site-packages/sqlalchemy/orm/session.py", line 1689, in execute
    result = conn._execute_20(statement, params or {}, execution_options)
             │    │           │          │             └ immutabledict({'synchronize_session': 'evaluate', '_sa_orm_update_options': default_update_options(_matched_objects=[], _reso...
             │    │           │          └ immutabledict({})
             │    │           └ <sqlalchemy.sql.annotation.AnnotatedUpdate object at 0x7f2fb8442970>
             │    └ <function Connection._execute_20 at 0x7f31f39bc790>
             └ <sqlalchemy.engine.base.Connection object at 0x7f310228bee0>
  File "/home/chase/.local/lib/python3.8/site-packages/sqlalchemy/engine/base.py", line 1583, in _execute_20
    return meth(self, args_10style, kwargs_10style, execution_options)
           │    │     │             │               └ immutabledict({'synchronize_session': 'evaluate', '_sa_orm_update_options': default_update_options(_matched_objects=[], _reso...
           │    │     │             └ immutabledict({})
           │    │     └ ({},)
           │    └ <sqlalchemy.engine.base.Connection object at 0x7f310228bee0>
           └ <bound method ClauseElement._execute_on_connection of <sqlalchemy.sql.annotation.AnnotatedUpdate object at 0x7f2fb8442970>>
  File "/home/chase/.local/lib/python3.8/site-packages/sqlalchemy/sql/elements.py", line 323, in _execute_on_connection
    return connection._execute_clauseelement(
           │          └ <function Connection._execute_clauseelement at 0x7f31f39bc5e0>
           └ <sqlalchemy.engine.base.Connection object at 0x7f310228bee0>
  File "/home/chase/.local/lib/python3.8/site-packages/sqlalchemy/engine/base.py", line 1452, in _execute_clauseelement
    ret = self._execute_context(
          │    └ <function Connection._execute_context at 0x7f31f39bc8b0>
          └ <sqlalchemy.engine.base.Connection object at 0x7f310228bee0>
  File "/home/chase/.local/lib/python3.8/site-packages/sqlalchemy/engine/base.py", line 1814, in _execute_context
    self._handle_dbapi_exception(
    │    └ <function Connection._handle_dbapi_exception at 0x7f31f39bca60>
    └ <sqlalchemy.engine.base.Connection object at 0x7f310228bee0>
  File "/home/chase/.local/lib/python3.8/site-packages/sqlalchemy/engine/base.py", line 1995, in _handle_dbapi_exception
    util.raise_(
    │    └ <function raise_ at 0x7f31f3d7ea60>
    └ <module 'sqlalchemy.util' from '/home/chase/.local/lib/python3.8/site-packages/sqlalchemy/util/__init__.py'>
  File "/home/chase/.local/lib/python3.8/site-packages/sqlalchemy/util/compat.py", line 207, in raise_
    raise exception
  File "/home/chase/.local/lib/python3.8/site-packages/sqlalchemy/engine/base.py", line 1771, in _execute_context
    self.dialect.do_execute(
    │    │       └ <function DefaultDialect.do_execute at 0x7f31f38f75e0>
    │    └ <sqlalchemy.dialects.mysql.pymysql.MySQLDialect_pymysql object at 0x7f3103ffde20>
    └ <sqlalchemy.engine.base.Connection object at 0x7f310228bee0>
  File "/home/chase/.local/lib/python3.8/site-packages/sqlalchemy/engine/default.py", line 717, in do_execute
    cursor.execute(statement, parameters)
    │      │       │          └ {'server_id': '180.201.163.246:6800', 'ip': '180.201.163.246', 'username': 'chase', 'password': '8354199479967252830208499055...
    │      │       └ 'UPDATE device SET server_id=%(server_id)s, ip=%(ip)s, username=%(username)s, password=%(password)s, address=%(address)s, por...
    │      └ <function Cursor.execute at 0x7f31f354cdc0>
    └ <pymysql.cursors.Cursor object at 0x7f30186beac0>
  File "/home/chase/.local/lib/python3.8/site-packages/pymysql/cursors.py", line 148, in execute
    result = self._query(query)
             │    │      └ "UPDATE device SET server_id='180.201.163.246:6800', ip='180.201.163.246', username='chase', password='8354199479967252830208...
             │    └ <function Cursor._query at 0x7f31f34d7280>
             └ <pymysql.cursors.Cursor object at 0x7f30186beac0>
  File "/home/chase/.local/lib/python3.8/site-packages/pymysql/cursors.py", line 310, in _query
    conn.query(q)
    │    │     └ "UPDATE device SET server_id='180.201.163.246:6800', ip='180.201.163.246', username='chase', password='8354199479967252830208...
    │    └ <function Connection.query at 0x7f31f34e5670>
    └ <pymysql.connections.Connection object at 0x7f30783231c0>
  File "/home/chase/.local/lib/python3.8/site-packages/pymysql/connections.py", line 548, in query
    self._affected_rows = self._read_query_result(unbuffered=unbuffered)
    │    │                │    │                             └ False
    │    │                │    └ <function Connection._read_query_result at 0x7f31f34e5ca0>
    │    │                └ <pymysql.connections.Connection object at 0x7f30783231c0>
    │    └ 1
    └ <pymysql.connections.Connection object at 0x7f30783231c0>
  File "/home/chase/.local/lib/python3.8/site-packages/pymysql/connections.py", line 775, in _read_query_result
    result.read()
    │      └ <function MySQLResult.read at 0x7f31f34e64c0>
    └ <pymysql.connections.MySQLResult object at 0x7f30983b76d0>
  File "/home/chase/.local/lib/python3.8/site-packages/pymysql/connections.py", line 1156, in read
    first_packet = self.connection._read_packet()
                   │    └ None
                   └ <pymysql.connections.MySQLResult object at 0x7f30983b76d0>
  File "/home/chase/.local/lib/python3.8/site-packages/pymysql/connections.py", line 725, in _read_packet
    packet.raise_for_error()
    │      └ <function MysqlPacket.raise_for_error at 0x7f31f34ddee0>
    └ <pymysql.protocol.MysqlPacket object at 0x7f2e05fb9be0>
  File "/home/chase/.local/lib/python3.8/site-packages/pymysql/protocol.py", line 221, in raise_for_error
    err.raise_mysql_exception(self._data)
    │   │                     │    └ <member '_data' of 'MysqlPacket' objects>
    │   │                     └ <pymysql.protocol.MysqlPacket object at 0x7f2e05fb9be0>
    │   └ <function raise_mysql_exception at 0x7f31f358c670>
    └ <module 'pymysql.err' from '/home/chase/.local/lib/python3.8/site-packages/pymysql/err.py'>
  File "/home/chase/.local/lib/python3.8/site-packages/pymysql/err.py", line 143, in raise_mysql_exception
    raise errorclass(errno, errval)
          │          │      └ "Duplicate entry '180.201.163.246:6800' for key 'device.PRIMARY'"
          │          └ 1062
          └ <class 'pymysql.err.IntegrityError'>

sqlalchemy.exc.IntegrityError: (pymysql.err.IntegrityError) (1062, "Duplicate entry '180.201.163.246:6800' for key 'device.PRIMARY'")
[SQL: UPDATE device SET server_id=%(server_id)s, ip=%(ip)s, username=%(username)s, password=%(password)s, address=%(address)s, port=%(port)s, valid=%(valid)s WHERE device.ip = %(ip_1)s]
[parameters: {'server_id': '180.201.163.246:6800', 'ip': '180.201.163.246', 'username': 'chase', 'password': '83541994799672528302084990553826793066817570949549467961618905009739040039567490338745233586851460112112095933138182370856532042722855139193600153178 ... (10 characters truncated) ... 58035295435167553117423214595202724935459769689278939840521805301167274407609261222805599608987616875467600014838316382840638508632281364384376587338', 'address': '/home/users/CT/pycharmproject/spiders/', 'port': 6800, 'valid': 1, 'ip_1': '180.201.163.246'}]
(Background on this error at: https://sqlalche.me/e/14/gkpj)
2022-05-14 07:27:47.801 | ERROR    | base.db.mysql:update:390 - 【mysql更新数据出错】
Traceback (most recent call last):

  File "/home/chase/.local/lib/python3.8/site-packages/sqlalchemy/engine/base.py", line 1771, in _execute_context
    self.dialect.do_execute(
    │    │       └ <function DefaultDialect.do_execute at 0x7f31f38f75e0>
    │    └ <sqlalchemy.dialects.mysql.pymysql.MySQLDialect_pymysql object at 0x7f3103ffde20>
    └ <sqlalchemy.engine.base.Connection object at 0x7f3102205b80>
  File "/home/chase/.local/lib/python3.8/site-packages/sqlalchemy/engine/default.py", line 717, in do_execute
    cursor.execute(statement, parameters)
    │      │       │          └ {'server_id': '180.201.163.246:6800', 'ip': '180.201.163.246', 'username': 'chase', 'password': '8067596507224437502056891269...
    │      │       └ 'UPDATE device SET server_id=%(server_id)s, ip=%(ip)s, username=%(username)s, password=%(password)s, address=%(address)s, por...
    │      └ <function Cursor.execute at 0x7f31f354cdc0>
    └ <pymysql.cursors.Cursor object at 0x7f301804fcd0>
  File "/home/chase/.local/lib/python3.8/site-packages/pymysql/cursors.py", line 148, in execute
    result = self._query(query)
             │    │      └ "UPDATE device SET server_id='180.201.163.246:6800', ip='180.201.163.246', username='chase', password='8067596507224437502056...
             │    └ <function Cursor._query at 0x7f31f34d7280>
             └ <pymysql.cursors.Cursor object at 0x7f301804fcd0>
  File "/home/chase/.local/lib/python3.8/site-packages/pymysql/cursors.py", line 310, in _query
    conn.query(q)
    │    │     └ "UPDATE device SET server_id='180.201.163.246:6800', ip='180.201.163.246', username='chase', password='8067596507224437502056...
    │    └ <function Connection.query at 0x7f31f34e5670>
    └ <pymysql.connections.Connection object at 0x7f2f9830f310>
  File "/home/chase/.local/lib/python3.8/site-packages/pymysql/connections.py", line 548, in query
    self._affected_rows = self._read_query_result(unbuffered=unbuffered)
    │    │                │    │                             └ False
    │    │                │    └ <function Connection._read_query_result at 0x7f31f34e5ca0>
    │    │                └ <pymysql.connections.Connection object at 0x7f2f9830f310>
    │    └ 1
    └ <pymysql.connections.Connection object at 0x7f2f9830f310>
  File "/home/chase/.local/lib/python3.8/site-packages/pymysql/connections.py", line 775, in _read_query_result
    result.read()
    │      └ <function MySQLResult.read at 0x7f31f34e64c0>
    └ <pymysql.connections.MySQLResult object at 0x7f3058541bb0>
  File "/home/chase/.local/lib/python3.8/site-packages/pymysql/connections.py", line 1156, in read
    first_packet = self.connection._read_packet()
                   │    └ None
                   └ <pymysql.connections.MySQLResult object at 0x7f3058541bb0>
  File "/home/chase/.local/lib/python3.8/site-packages/pymysql/connections.py", line 725, in _read_packet
    packet.raise_for_error()
    │      └ <function MysqlPacket.raise_for_error at 0x7f31f34ddee0>
    └ <pymysql.protocol.MysqlPacket object at 0x7f2e12bbb040>
  File "/home/chase/.local/lib/python3.8/site-packages/pymysql/protocol.py", line 221, in raise_for_error
    err.raise_mysql_exception(self._data)
    │   │                     │    └ <member '_data' of 'MysqlPacket' objects>
    │   │                     └ <pymysql.protocol.MysqlPacket object at 0x7f2e12bbb040>
    │   └ <function raise_mysql_exception at 0x7f31f358c670>
    └ <module 'pymysql.err' from '/home/chase/.local/lib/python3.8/site-packages/pymysql/err.py'>
  File "/home/chase/.local/lib/python3.8/site-packages/pymysql/err.py", line 143, in raise_mysql_exception
    raise errorclass(errno, errval)
          │          │      └ "Duplicate entry '180.201.163.246:6800' for key 'device.PRIMARY'"
          │          └ 1062
          └ <class 'pymysql.err.IntegrityError'>

pymysql.err.IntegrityError: (1062, "Duplicate entry '180.201.163.246:6800' for key 'device.PRIMARY'")


The above exception was the direct cause of the following exception:


Traceback (most recent call last):

  File "/usr/lib/python3.8/threading.py", line 890, in _bootstrap
    self._bootstrap_inner()
    │    └ <function Thread._bootstrap_inner at 0x7f321bf29a60>
    └ <Thread(Thread-13267, started daemon 139847809357568)>
  File "/usr/lib/python3.8/threading.py", line 932, in _bootstrap_inner
    self.run()
    │    └ <function Thread.run at 0x7f321bf29790>
    └ <Thread(Thread-13267, started daemon 139847809357568)>
  File "/usr/lib/python3.8/threading.py", line 870, in run
    self._target(*self._args, **self._kwargs)
    │    │        │    │        │    └ {}
    │    │        │    │        └ <Thread(Thread-13267, started daemon 139847809357568)>
    │    │        │    └ ('ProjectManager.run_func_by_thread',)
    │    │        └ <Thread(Thread-13267, started daemon 139847809357568)>
    │    └ <bound method ProjectManager.get_request_from_keywords_hot of <monitor.projectManager.ProjectManager object at 0x7f31042e52e0>>
    └ <Thread(Thread-13267, started daemon 139847809357568)>

  File "/home/users/Scy/yuqing/spider/monitor/projectManager.py", line 799, in get_request_from_keywords_hot
    self.start_finished_spider_every_interval(project_names)
    │    │                                    └ ['default', 'test']
    │    └ <function ProjectManager.start_finished_spider_every_interval at 0x7f3104005280>
    └ <monitor.projectManager.ProjectManager object at 0x7f31042e52e0>

  File "/home/users/Scy/yuqing/spider/monitor/projectManager.py", line 784, in start_finished_spider_every_interval
    self[name].start_spider()
    │    └ 'default'
    └ <monitor.projectManager.ProjectManager object at 0x7f31042e52e0>

  File "/home/users/Scy/yuqing/spider/monitor/projectManager.py", line 366, in start_spider
    self.update_device_valid(device)
    │    │                   └ <monitor.deviceManager.DeviceC object at 0x7f3104029220>
    │    └ <function Project.update_device_valid at 0x7f3104003280>
    └ <monitor.projectManager.Project object at 0x7f3104029460>

  File "/home/users/Scy/yuqing/spider/monitor/projectManager.py", line 421, in update_device_valid
    self.database_manager.mysql.update(Device(**device.to_item()))
    │    │                │     │      │        │      └ <function DeviceC.to_item at 0x7f31f34ed310>
    │    │                │     │      │        └ <monitor.deviceManager.DeviceC object at 0x7f3104029220>
    │    │                │     │      └ <class 'base.db.mysql.Device'>
    │    │                │     └ <function Mysql.update at 0x7f31f35f4790>
    │    │                └ <base.db.mysql.Mysql object at 0x7f3103ffdfd0>
    │    └ <base.db.dbSlot.Slot object at 0x7f3103ffdf10>
    └ <monitor.projectManager.Project object at 0x7f3104029460>

> File "/home/users/Scy/yuqing/spider/base/db/mysql.py", line 375, in update
    row.update(new)
    │   │      └ {'server_id': '180.201.163.246:6800', 'ip': '180.201.163.246', 'username': 'chase', 'password': '8067596507224437502056891269...
    │   └ <function Query.update at 0x7f31f37333a0>
    └ <sqlalchemy.orm.query.Query object at 0x7f30782c9190>

  File "/home/chase/.local/lib/python3.8/site-packages/sqlalchemy/orm/query.py", line 3221, in update
    result = self.session.execute(
             │    │       └ <function Session.execute at 0x7f31f370faf0>
             │    └ <sqlalchemy.orm.session.Session object at 0x7f2de9d780a0>
             └ <sqlalchemy.orm.query.Query object at 0x7f30782c9190>
  File "/home/chase/.local/lib/python3.8/site-packages/sqlalchemy/orm/session.py", line 1689, in execute
    result = conn._execute_20(statement, params or {}, execution_options)
             │    │           │          │             └ immutabledict({'synchronize_session': 'evaluate', '_sa_orm_update_options': default_update_options(_matched_objects=[], _reso...
             │    │           │          └ immutabledict({})
             │    │           └ <sqlalchemy.sql.annotation.AnnotatedUpdate object at 0x7f3058624400>
             │    └ <function Connection._execute_20 at 0x7f31f39bc790>
             └ <sqlalchemy.engine.base.Connection object at 0x7f3102205b80>
  File "/home/chase/.local/lib/python3.8/site-packages/sqlalchemy/engine/base.py", line 1583, in _execute_20
    return meth(self, args_10style, kwargs_10style, execution_options)
           │    │     │             │               └ immutabledict({'synchronize_session': 'evaluate', '_sa_orm_update_options': default_update_options(_matched_objects=[], _reso...
           │    │     │             └ immutabledict({})
           │    │     └ ({},)
           │    └ <sqlalchemy.engine.base.Connection object at 0x7f3102205b80>
           └ <bound method ClauseElement._execute_on_connection of <sqlalchemy.sql.annotation.AnnotatedUpdate object at 0x7f3058624400>>
  File "/home/chase/.local/lib/python3.8/site-packages/sqlalchemy/sql/elements.py", line 323, in _execute_on_connection
    return connection._execute_clauseelement(
           │          └ <function Connection._execute_clauseelement at 0x7f31f39bc5e0>
           └ <sqlalchemy.engine.base.Connection object at 0x7f3102205b80>
  File "/home/chase/.local/lib/python3.8/site-packages/sqlalchemy/engine/base.py", line 1452, in _execute_clauseelement
    ret = self._execute_context(
          │    └ <function Connection._execute_context at 0x7f31f39bc8b0>
          └ <sqlalchemy.engine.base.Connection object at 0x7f3102205b80>
  File "/home/chase/.local/lib/python3.8/site-packages/sqlalchemy/engine/base.py", line 1814, in _execute_context
    self._handle_dbapi_exception(
    │    └ <function Connection._handle_dbapi_exception at 0x7f31f39bca60>
    └ <sqlalchemy.engine.base.Connection object at 0x7f3102205b80>
  File "/home/chase/.local/lib/python3.8/site-packages/sqlalchemy/engine/base.py", line 1995, in _handle_dbapi_exception
    util.raise_(
    │    └ <function raise_ at 0x7f31f3d7ea60>
    └ <module 'sqlalchemy.util' from '/home/chase/.local/lib/python3.8/site-packages/sqlalchemy/util/__init__.py'>
  File "/home/chase/.local/lib/python3.8/site-packages/sqlalchemy/util/compat.py", line 207, in raise_
    raise exception
  File "/home/chase/.local/lib/python3.8/site-packages/sqlalchemy/engine/base.py", line 1771, in _execute_context
    self.dialect.do_execute(
    │    │       └ <function DefaultDialect.do_execute at 0x7f31f38f75e0>
    │    └ <sqlalchemy.dialects.mysql.pymysql.MySQLDialect_pymysql object at 0x7f3103ffde20>
    └ <sqlalchemy.engine.base.Connection object at 0x7f3102205b80>
  File "/home/chase/.local/lib/python3.8/site-packages/sqlalchemy/engine/default.py", line 717, in do_execute
    cursor.execute(statement, parameters)
    │      │       │          └ {'server_id': '180.201.163.246:6800', 'ip': '180.201.163.246', 'username': 'chase', 'password': '8067596507224437502056891269...
    │      │       └ 'UPDATE device SET server_id=%(server_id)s, ip=%(ip)s, username=%(username)s, password=%(password)s, address=%(address)s, por...
    │      └ <function Cursor.execute at 0x7f31f354cdc0>
    └ <pymysql.cursors.Cursor object at 0x7f301804fcd0>
  File "/home/chase/.local/lib/python3.8/site-packages/pymysql/cursors.py", line 148, in execute
    result = self._query(query)
             │    │      └ "UPDATE device SET server_id='180.201.163.246:6800', ip='180.201.163.246', username='chase', password='8067596507224437502056...
             │    └ <function Cursor._query at 0x7f31f34d7280>
             └ <pymysql.cursors.Cursor object at 0x7f301804fcd0>
  File "/home/chase/.local/lib/python3.8/site-packages/pymysql/cursors.py", line 310, in _query
    conn.query(q)
    │    │     └ "UPDATE device SET server_id='180.201.163.246:6800', ip='180.201.163.246', username='chase', password='8067596507224437502056...
    │    └ <function Connection.query at 0x7f31f34e5670>
    └ <pymysql.connections.Connection object at 0x7f2f9830f310>
  File "/home/chase/.local/lib/python3.8/site-packages/pymysql/connections.py", line 548, in query
    self._affected_rows = self._read_query_result(unbuffered=unbuffered)
    │    │                │    │                             └ False
    │    │                │    └ <function Connection._read_query_result at 0x7f31f34e5ca0>
    │    │                └ <pymysql.connections.Connection object at 0x7f2f9830f310>
    │    └ 1
    └ <pymysql.connections.Connection object at 0x7f2f9830f310>
  File "/home/chase/.local/lib/python3.8/site-packages/pymysql/connections.py", line 775, in _read_query_result
    result.read()
    │      └ <function MySQLResult.read at 0x7f31f34e64c0>
    └ <pymysql.connections.MySQLResult object at 0x7f3058541bb0>
  File "/home/chase/.local/lib/python3.8/site-packages/pymysql/connections.py", line 1156, in read
    first_packet = self.connection._read_packet()
                   │    └ None
                   └ <pymysql.connections.MySQLResult object at 0x7f3058541bb0>
  File "/home/chase/.local/lib/python3.8/site-packages/pymysql/connections.py", line 725, in _read_packet
    packet.raise_for_error()
    │      └ <function MysqlPacket.raise_for_error at 0x7f31f34ddee0>
    └ <pymysql.protocol.MysqlPacket object at 0x7f2e12bbb040>
  File "/home/chase/.local/lib/python3.8/site-packages/pymysql/protocol.py", line 221, in raise_for_error
    err.raise_mysql_exception(self._data)
    │   │                     │    └ <member '_data' of 'MysqlPacket' objects>
    │   │                     └ <pymysql.protocol.MysqlPacket object at 0x7f2e12bbb040>
    │   └ <function raise_mysql_exception at 0x7f31f358c670>
    └ <module 'pymysql.err' from '/home/chase/.local/lib/python3.8/site-packages/pymysql/err.py'>
  File "/home/chase/.local/lib/python3.8/site-packages/pymysql/err.py", line 143, in raise_mysql_exception
    raise errorclass(errno, errval)
          │          │      └ "Duplicate entry '180.201.163.246:6800' for key 'device.PRIMARY'"
          │          └ 1062
          └ <class 'pymysql.err.IntegrityError'>

sqlalchemy.exc.IntegrityError: (pymysql.err.IntegrityError) (1062, "Duplicate entry '180.201.163.246:6800' for key 'device.PRIMARY'")
[SQL: UPDATE device SET server_id=%(server_id)s, ip=%(ip)s, username=%(username)s, password=%(password)s, address=%(address)s, port=%(port)s, valid=%(valid)s WHERE device.ip = %(ip_1)s]
[parameters: {'server_id': '180.201.163.246:6800', 'ip': '180.201.163.246', 'username': 'chase', 'password': '80675965072244375020568912693620577239083113373115998295032427075186809579304159085968153122388194422922119753386268196680190561862067632368603299417 ... (10 characters truncated) ... 45719266795401205770554881178587546253372467047987079376870724838411057995931349671074443750368611375755982803316857635418986841267034439916943585908', 'address': '/home/users/CT/pycharmproject/spiders/', 'port': 6800, 'valid': 1, 'ip_1': '180.201.163.246'}]
(Background on this error at: https://sqlalche.me/e/14/gkpj)
2022-05-14 07:28:05.580 | ERROR    | base.db.mysql:update:390 - 【mysql更新数据出错】
Traceback (most recent call last):

  File "/home/chase/.local/lib/python3.8/site-packages/sqlalchemy/engine/base.py", line 1771, in _execute_context
    self.dialect.do_execute(
    │    │       └ <function DefaultDialect.do_execute at 0x7f31f38f75e0>
    │    └ <sqlalchemy.dialects.mysql.pymysql.MySQLDialect_pymysql object at 0x7f3103ffde20>
    └ <sqlalchemy.engine.base.Connection object at 0x7f303810eca0>
  File "/home/chase/.local/lib/python3.8/site-packages/sqlalchemy/engine/default.py", line 717, in do_execute
    cursor.execute(statement, parameters)
    │      │       │          └ {'server_id': '180.201.163.246:6800', 'ip': '180.201.163.246', 'username': 'chase', 'password': '1574520889443412265033333011...
    │      │       └ 'UPDATE device SET server_id=%(server_id)s, ip=%(ip)s, username=%(username)s, password=%(password)s, address=%(address)s, por...
    │      └ <function Cursor.execute at 0x7f31f354cdc0>
    └ <pymysql.cursors.Cursor object at 0x7f2de9bd54f0>
  File "/home/chase/.local/lib/python3.8/site-packages/pymysql/cursors.py", line 148, in execute
    result = self._query(query)
             │    │      └ "UPDATE device SET server_id='180.201.163.246:6800', ip='180.201.163.246', username='chase', password='1574520889443412265033...
             │    └ <function Cursor._query at 0x7f31f34d7280>
             └ <pymysql.cursors.Cursor object at 0x7f2de9bd54f0>
  File "/home/chase/.local/lib/python3.8/site-packages/pymysql/cursors.py", line 310, in _query
    conn.query(q)
    │    │     └ "UPDATE device SET server_id='180.201.163.246:6800', ip='180.201.163.246', username='chase', password='1574520889443412265033...
    │    └ <function Connection.query at 0x7f31f34e5670>
    └ <pymysql.connections.Connection object at 0x7f2de9ab8040>
  File "/home/chase/.local/lib/python3.8/site-packages/pymysql/connections.py", line 548, in query
    self._affected_rows = self._read_query_result(unbuffered=unbuffered)
    │    │                │    │                             └ False
    │    │                │    └ <function Connection._read_query_result at 0x7f31f34e5ca0>
    │    │                └ <pymysql.connections.Connection object at 0x7f2de9ab8040>
    │    └ 1
    └ <pymysql.connections.Connection object at 0x7f2de9ab8040>
  File "/home/chase/.local/lib/python3.8/site-packages/pymysql/connections.py", line 775, in _read_query_result
    result.read()
    │      └ <function MySQLResult.read at 0x7f31f34e64c0>
    └ <pymysql.connections.MySQLResult object at 0x7f2fb8484490>
  File "/home/chase/.local/lib/python3.8/site-packages/pymysql/connections.py", line 1156, in read
    first_packet = self.connection._read_packet()
                   │    └ None
                   └ <pymysql.connections.MySQLResult object at 0x7f2fb8484490>
  File "/home/chase/.local/lib/python3.8/site-packages/pymysql/connections.py", line 725, in _read_packet
    packet.raise_for_error()
    │      └ <function MysqlPacket.raise_for_error at 0x7f31f34ddee0>
    └ <pymysql.protocol.MysqlPacket object at 0x7f2f7858d880>
  File "/home/chase/.local/lib/python3.8/site-packages/pymysql/protocol.py", line 221, in raise_for_error
    err.raise_mysql_exception(self._data)
    │   │                     │    └ <member '_data' of 'MysqlPacket' objects>
    │   │                     └ <pymysql.protocol.MysqlPacket object at 0x7f2f7858d880>
    │   └ <function raise_mysql_exception at 0x7f31f358c670>
    └ <module 'pymysql.err' from '/home/chase/.local/lib/python3.8/site-packages/pymysql/err.py'>
  File "/home/chase/.local/lib/python3.8/site-packages/pymysql/err.py", line 143, in raise_mysql_exception
    raise errorclass(errno, errval)
          │          │      └ "Duplicate entry '180.201.163.246:6800' for key 'device.PRIMARY'"
          │          └ 1062
          └ <class 'pymysql.err.IntegrityError'>

pymysql.err.IntegrityError: (1062, "Duplicate entry '180.201.163.246:6800' for key 'device.PRIMARY'")


The above exception was the direct cause of the following exception:


Traceback (most recent call last):

  File "/usr/lib/python3.8/threading.py", line 890, in _bootstrap
    self._bootstrap_inner()
    │    └ <function Thread._bootstrap_inner at 0x7f321bf29a60>
    └ <Thread(Thread-13271, started daemon 139845108217600)>
  File "/usr/lib/python3.8/threading.py", line 932, in _bootstrap_inner
    self.run()
    │    └ <function Thread.run at 0x7f321bf29790>
    └ <Thread(Thread-13271, started daemon 139845108217600)>
  File "/usr/lib/python3.8/threading.py", line 870, in run
    self._target(*self._args, **self._kwargs)
    │    │        │    │        │    └ {}
    │    │        │    │        └ <Thread(Thread-13271, started daemon 139845108217600)>
    │    │        │    └ ('ProjectManager.run_func_by_thread',)
    │    │        └ <Thread(Thread-13271, started daemon 139845108217600)>
    │    └ <bound method ProjectManager.get_request_from_keywords_hot of <monitor.projectManager.ProjectManager object at 0x7f31042e52e0>>
    └ <Thread(Thread-13271, started daemon 139845108217600)>

  File "/home/users/Scy/yuqing/spider/monitor/projectManager.py", line 799, in get_request_from_keywords_hot
    self.start_finished_spider_every_interval(project_names)
    │    │                                    └ ['default', 'test']
    │    └ <function ProjectManager.start_finished_spider_every_interval at 0x7f3104005280>
    └ <monitor.projectManager.ProjectManager object at 0x7f31042e52e0>

  File "/home/users/Scy/yuqing/spider/monitor/projectManager.py", line 784, in start_finished_spider_every_interval
    self[name].start_spider()
    │    └ 'default'
    └ <monitor.projectManager.ProjectManager object at 0x7f31042e52e0>

  File "/home/users/Scy/yuqing/spider/monitor/projectManager.py", line 366, in start_spider
    self.update_device_valid(device)
    │    │                   └ <monitor.deviceManager.DeviceC object at 0x7f3104029220>
    │    └ <function Project.update_device_valid at 0x7f3104003280>
    └ <monitor.projectManager.Project object at 0x7f3104029460>

  File "/home/users/Scy/yuqing/spider/monitor/projectManager.py", line 421, in update_device_valid
    self.database_manager.mysql.update(Device(**device.to_item()))
    │    │                │     │      │        │      └ <function DeviceC.to_item at 0x7f31f34ed310>
    │    │                │     │      │        └ <monitor.deviceManager.DeviceC object at 0x7f3104029220>
    │    │                │     │      └ <class 'base.db.mysql.Device'>
    │    │                │     └ <function Mysql.update at 0x7f31f35f4790>
    │    │                └ <base.db.mysql.Mysql object at 0x7f3103ffdfd0>
    │    └ <base.db.dbSlot.Slot object at 0x7f3103ffdf10>
    └ <monitor.projectManager.Project object at 0x7f3104029460>

> File "/home/users/Scy/yuqing/spider/base/db/mysql.py", line 375, in update
    row.update(new)
    │   │      └ {'server_id': '180.201.163.246:6800', 'ip': '180.201.163.246', 'username': 'chase', 'password': '1574520889443412265033333011...
    │   └ <function Query.update at 0x7f31f37333a0>
    └ <sqlalchemy.orm.query.Query object at 0x7f3078144f70>

  File "/home/chase/.local/lib/python3.8/site-packages/sqlalchemy/orm/query.py", line 3221, in update
    result = self.session.execute(
             │    │       └ <function Session.execute at 0x7f31f370faf0>
             │    └ <sqlalchemy.orm.session.Session object at 0x7f31001829a0>
             └ <sqlalchemy.orm.query.Query object at 0x7f3078144f70>
  File "/home/chase/.local/lib/python3.8/site-packages/sqlalchemy/orm/session.py", line 1689, in execute
    result = conn._execute_20(statement, params or {}, execution_options)
             │    │           │          │             └ immutabledict({'synchronize_session': 'evaluate', '_sa_orm_update_options': default_update_options(_matched_objects=[], _reso...
             │    │           │          └ immutabledict({})
             │    │           └ <sqlalchemy.sql.annotation.AnnotatedUpdate object at 0x7f3078671e20>
             │    └ <function Connection._execute_20 at 0x7f31f39bc790>
             └ <sqlalchemy.engine.base.Connection object at 0x7f303810eca0>
  File "/home/chase/.local/lib/python3.8/site-packages/sqlalchemy/engine/base.py", line 1583, in _execute_20
    return meth(self, args_10style, kwargs_10style, execution_options)
           │    │     │             │               └ immutabledict({'synchronize_session': 'evaluate', '_sa_orm_update_options': default_update_options(_matched_objects=[], _reso...
           │    │     │             └ immutabledict({})
           │    │     └ ({},)
           │    └ <sqlalchemy.engine.base.Connection object at 0x7f303810eca0>
           └ <bound method ClauseElement._execute_on_connection of <sqlalchemy.sql.annotation.AnnotatedUpdate object at 0x7f3078671e20>>
  File "/home/chase/.local/lib/python3.8/site-packages/sqlalchemy/sql/elements.py", line 323, in _execute_on_connection
    return connection._execute_clauseelement(
           │          └ <function Connection._execute_clauseelement at 0x7f31f39bc5e0>
           └ <sqlalchemy.engine.base.Connection object at 0x7f303810eca0>
  File "/home/chase/.local/lib/python3.8/site-packages/sqlalchemy/engine/base.py", line 1452, in _execute_clauseelement
    ret = self._execute_context(
          │    └ <function Connection._execute_context at 0x7f31f39bc8b0>
          └ <sqlalchemy.engine.base.Connection object at 0x7f303810eca0>
  File "/home/chase/.local/lib/python3.8/site-packages/sqlalchemy/engine/base.py", line 1814, in _execute_context
    self._handle_dbapi_exception(
    │    └ <function Connection._handle_dbapi_exception at 0x7f31f39bca60>
    └ <sqlalchemy.engine.base.Connection object at 0x7f303810eca0>
  File "/home/chase/.local/lib/python3.8/site-packages/sqlalchemy/engine/base.py", line 1995, in _handle_dbapi_exception
    util.raise_(
    │    └ <function raise_ at 0x7f31f3d7ea60>
    └ <module 'sqlalchemy.util' from '/home/chase/.local/lib/python3.8/site-packages/sqlalchemy/util/__init__.py'>
  File "/home/chase/.local/lib/python3.8/site-packages/sqlalchemy/util/compat.py", line 207, in raise_
    raise exception
  File "/home/chase/.local/lib/python3.8/site-packages/sqlalchemy/engine/base.py", line 1771, in _execute_context
    self.dialect.do_execute(
    │    │       └ <function DefaultDialect.do_execute at 0x7f31f38f75e0>
    │    └ <sqlalchemy.dialects.mysql.pymysql.MySQLDialect_pymysql object at 0x7f3103ffde20>
    └ <sqlalchemy.engine.base.Connection object at 0x7f303810eca0>
  File "/home/chase/.local/lib/python3.8/site-packages/sqlalchemy/engine/default.py", line 717, in do_execute
    cursor.execute(statement, parameters)
    │      │       │          └ {'server_id': '180.201.163.246:6800', 'ip': '180.201.163.246', 'username': 'chase', 'password': '1574520889443412265033333011...
    │      │       └ 'UPDATE device SET server_id=%(server_id)s, ip=%(ip)s, username=%(username)s, password=%(password)s, address=%(address)s, por...
    │      └ <function Cursor.execute at 0x7f31f354cdc0>
    └ <pymysql.cursors.Cursor object at 0x7f2de9bd54f0>
  File "/home/chase/.local/lib/python3.8/site-packages/pymysql/cursors.py", line 148, in execute
    result = self._query(query)
             │    │      └ "UPDATE device SET server_id='180.201.163.246:6800', ip='180.201.163.246', username='chase', password='1574520889443412265033...
             │    └ <function Cursor._query at 0x7f31f34d7280>
             └ <pymysql.cursors.Cursor object at 0x7f2de9bd54f0>
  File "/home/chase/.local/lib/python3.8/site-packages/pymysql/cursors.py", line 310, in _query
    conn.query(q)
    │    │     └ "UPDATE device SET server_id='180.201.163.246:6800', ip='180.201.163.246', username='chase', password='1574520889443412265033...
    │    └ <function Connection.query at 0x7f31f34e5670>
    └ <pymysql.connections.Connection object at 0x7f2de9ab8040>
  File "/home/chase/.local/lib/python3.8/site-packages/pymysql/connections.py", line 548, in query
    self._affected_rows = self._read_query_result(unbuffered=unbuffered)
    │    │                │    │                             └ False
    │    │                │    └ <function Connection._read_query_result at 0x7f31f34e5ca0>
    │    │                └ <pymysql.connections.Connection object at 0x7f2de9ab8040>
    │    └ 1
    └ <pymysql.connections.Connection object at 0x7f2de9ab8040>
  File "/home/chase/.local/lib/python3.8/site-packages/pymysql/connections.py", line 775, in _read_query_result
    result.read()
    │      └ <function MySQLResult.read at 0x7f31f34e64c0>
    └ <pymysql.connections.MySQLResult object at 0x7f2fb8484490>
  File "/home/chase/.local/lib/python3.8/site-packages/pymysql/connections.py", line 1156, in read
    first_packet = self.connection._read_packet()
                   │    └ None
                   └ <pymysql.connections.MySQLResult object at 0x7f2fb8484490>
  File "/home/chase/.local/lib/python3.8/site-packages/pymysql/connections.py", line 725, in _read_packet
    packet.raise_for_error()
    │      └ <function MysqlPacket.raise_for_error at 0x7f31f34ddee0>
    └ <pymysql.protocol.MysqlPacket object at 0x7f2f7858d880>
  File "/home/chase/.local/lib/python3.8/site-packages/pymysql/protocol.py", line 221, in raise_for_error
    err.raise_mysql_exception(self._data)
    │   │                     │    └ <member '_data' of 'MysqlPacket' objects>
    │   │                     └ <pymysql.protocol.MysqlPacket object at 0x7f2f7858d880>
    │   └ <function raise_mysql_exception at 0x7f31f358c670>
    └ <module 'pymysql.err' from '/home/chase/.local/lib/python3.8/site-packages/pymysql/err.py'>
  File "/home/chase/.local/lib/python3.8/site-packages/pymysql/err.py", line 143, in raise_mysql_exception
    raise errorclass(errno, errval)
          │          │      └ "Duplicate entry '180.201.163.246:6800' for key 'device.PRIMARY'"
          │          └ 1062
          └ <class 'pymysql.err.IntegrityError'>

sqlalchemy.exc.IntegrityError: (pymysql.err.IntegrityError) (1062, "Duplicate entry '180.201.163.246:6800' for key 'device.PRIMARY'")
[SQL: UPDATE device SET server_id=%(server_id)s, ip=%(ip)s, username=%(username)s, password=%(password)s, address=%(address)s, port=%(port)s, valid=%(valid)s WHERE device.ip = %(ip_1)s]
[parameters: {'server_id': '180.201.163.246:6800', 'ip': '180.201.163.246', 'username': 'chase', 'password': '15745208894434122650333330114767446002726860080647902094864769514842795184636940278609964632808776536084485149959661141895057648871214031254038238888 ... (10 characters truncated) ... 99952298233744445088393968407603439628445851089021844527953546565515783970604997259706100634589500190406936814380227329472203691517706711652975001283', 'address': '/home/users/CT/pycharmproject/spiders/', 'port': 6800, 'valid': 1, 'ip_1': '180.201.163.246'}]
(Background on this error at: https://sqlalche.me/e/14/gkpj)
2022-05-14 07:28:23.022 | ERROR    | base.db.mysql:update:390 - 【mysql更新数据出错】
Traceback (most recent call last):

  File "/home/chase/.local/lib/python3.8/site-packages/sqlalchemy/engine/base.py", line 1771, in _execute_context
    self.dialect.do_execute(
    │    │       └ <function DefaultDialect.do_execute at 0x7f31f38f75e0>
    │    └ <sqlalchemy.dialects.mysql.pymysql.MySQLDialect_pymysql object at 0x7f3103ffde20>
    └ <sqlalchemy.engine.base.Connection object at 0x7f2e05fdd0a0>
  File "/home/chase/.local/lib/python3.8/site-packages/sqlalchemy/engine/default.py", line 717, in do_execute
    cursor.execute(statement, parameters)
    │      │       │          └ {'server_id': '180.201.163.246:6800', 'ip': '180.201.163.246', 'username': 'chase', 'password': '7056826826327811589396270962...
    │      │       └ 'UPDATE device SET server_id=%(server_id)s, ip=%(ip)s, username=%(username)s, password=%(password)s, address=%(address)s, por...
    │      └ <function Cursor.execute at 0x7f31f354cdc0>
    └ <pymysql.cursors.Cursor object at 0x7f2fb8463d90>
  File "/home/chase/.local/lib/python3.8/site-packages/pymysql/cursors.py", line 148, in execute
    result = self._query(query)
             │    │      └ "UPDATE device SET server_id='180.201.163.246:6800', ip='180.201.163.246', username='chase', password='7056826826327811589396...
             │    └ <function Cursor._query at 0x7f31f34d7280>
             └ <pymysql.cursors.Cursor object at 0x7f2fb8463d90>
  File "/home/chase/.local/lib/python3.8/site-packages/pymysql/cursors.py", line 310, in _query
    conn.query(q)
    │    │     └ "UPDATE device SET server_id='180.201.163.246:6800', ip='180.201.163.246', username='chase', password='7056826826327811589396...
    │    └ <function Connection.query at 0x7f31f34e5670>
    └ <pymysql.connections.Connection object at 0x7f30183225e0>
  File "/home/chase/.local/lib/python3.8/site-packages/pymysql/connections.py", line 548, in query
    self._affected_rows = self._read_query_result(unbuffered=unbuffered)
    │    │                │    │                             └ False
    │    │                │    └ <function Connection._read_query_result at 0x7f31f34e5ca0>
    │    │                └ <pymysql.connections.Connection object at 0x7f30183225e0>
    │    └ 1
    └ <pymysql.connections.Connection object at 0x7f30183225e0>
  File "/home/chase/.local/lib/python3.8/site-packages/pymysql/connections.py", line 775, in _read_query_result
    result.read()
    │      └ <function MySQLResult.read at 0x7f31f34e64c0>
    └ <pymysql.connections.MySQLResult object at 0x7f30d81f34f0>
  File "/home/chase/.local/lib/python3.8/site-packages/pymysql/connections.py", line 1156, in read
    first_packet = self.connection._read_packet()
                   │    └ None
                   └ <pymysql.connections.MySQLResult object at 0x7f30d81f34f0>
  File "/home/chase/.local/lib/python3.8/site-packages/pymysql/connections.py", line 725, in _read_packet
    packet.raise_for_error()
    │      └ <function MysqlPacket.raise_for_error at 0x7f31f34ddee0>
    └ <pymysql.protocol.MysqlPacket object at 0x7f2ff8587eb0>
  File "/home/chase/.local/lib/python3.8/site-packages/pymysql/protocol.py", line 221, in raise_for_error
    err.raise_mysql_exception(self._data)
    │   │                     │    └ <member '_data' of 'MysqlPacket' objects>
    │   │                     └ <pymysql.protocol.MysqlPacket object at 0x7f2ff8587eb0>
    │   └ <function raise_mysql_exception at 0x7f31f358c670>
    └ <module 'pymysql.err' from '/home/chase/.local/lib/python3.8/site-packages/pymysql/err.py'>
  File "/home/chase/.local/lib/python3.8/site-packages/pymysql/err.py", line 143, in raise_mysql_exception
    raise errorclass(errno, errval)
          │          │      └ "Duplicate entry '180.201.163.246:6800' for key 'device.PRIMARY'"
          │          └ 1062
          └ <class 'pymysql.err.IntegrityError'>

pymysql.err.IntegrityError: (1062, "Duplicate entry '180.201.163.246:6800' for key 'device.PRIMARY'")


The above exception was the direct cause of the following exception:


Traceback (most recent call last):

  File "/usr/lib/python3.8/threading.py", line 890, in _bootstrap
    self._bootstrap_inner()
    │    └ <function Thread._bootstrap_inner at 0x7f321bf29a60>
    └ <Thread(Thread-13275, started daemon 139847792572160)>
  File "/usr/lib/python3.8/threading.py", line 932, in _bootstrap_inner
    self.run()
    │    └ <function Thread.run at 0x7f321bf29790>
    └ <Thread(Thread-13275, started daemon 139847792572160)>
  File "/usr/lib/python3.8/threading.py", line 870, in run
    self._target(*self._args, **self._kwargs)
    │    │        │    │        │    └ {}
    │    │        │    │        └ <Thread(Thread-13275, started daemon 139847792572160)>
    │    │        │    └ ('ProjectManager.run_func_by_thread',)
    │    │        └ <Thread(Thread-13275, started daemon 139847792572160)>
    │    └ <bound method ProjectManager.get_request_from_keywords_hot of <monitor.projectManager.ProjectManager object at 0x7f31042e52e0>>
    └ <Thread(Thread-13275, started daemon 139847792572160)>

  File "/home/users/Scy/yuqing/spider/monitor/projectManager.py", line 799, in get_request_from_keywords_hot
    self.start_finished_spider_every_interval(project_names)
    │    │                                    └ ['default', 'test']
    │    └ <function ProjectManager.start_finished_spider_every_interval at 0x7f3104005280>
    └ <monitor.projectManager.ProjectManager object at 0x7f31042e52e0>

  File "/home/users/Scy/yuqing/spider/monitor/projectManager.py", line 784, in start_finished_spider_every_interval
    self[name].start_spider()
    │    └ 'default'
    └ <monitor.projectManager.ProjectManager object at 0x7f31042e52e0>

  File "/home/users/Scy/yuqing/spider/monitor/projectManager.py", line 366, in start_spider
    self.update_device_valid(device)
    │    │                   └ <monitor.deviceManager.DeviceC object at 0x7f3104029220>
    │    └ <function Project.update_device_valid at 0x7f3104003280>
    └ <monitor.projectManager.Project object at 0x7f3104029460>

  File "/home/users/Scy/yuqing/spider/monitor/projectManager.py", line 421, in update_device_valid
    self.database_manager.mysql.update(Device(**device.to_item()))
    │    │                │     │      │        │      └ <function DeviceC.to_item at 0x7f31f34ed310>
    │    │                │     │      │        └ <monitor.deviceManager.DeviceC object at 0x7f3104029220>
    │    │                │     │      └ <class 'base.db.mysql.Device'>
    │    │                │     └ <function Mysql.update at 0x7f31f35f4790>
    │    │                └ <base.db.mysql.Mysql object at 0x7f3103ffdfd0>
    │    └ <base.db.dbSlot.Slot object at 0x7f3103ffdf10>
    └ <monitor.projectManager.Project object at 0x7f3104029460>

> File "/home/users/Scy/yuqing/spider/base/db/mysql.py", line 375, in update
    row.update(new)
    │   │      └ {'server_id': '180.201.163.246:6800', 'ip': '180.201.163.246', 'username': 'chase', 'password': '7056826826327811589396270962...
    │   └ <function Query.update at 0x7f31f37333a0>
    └ <sqlalchemy.orm.query.Query object at 0x7f31002389d0>

  File "/home/chase/.local/lib/python3.8/site-packages/sqlalchemy/orm/query.py", line 3221, in update
    result = self.session.execute(
             │    │       └ <function Session.execute at 0x7f31f370faf0>
             │    └ <sqlalchemy.orm.session.Session object at 0x7f31f92b1df0>
             └ <sqlalchemy.orm.query.Query object at 0x7f31002389d0>
  File "/home/chase/.local/lib/python3.8/site-packages/sqlalchemy/orm/session.py", line 1689, in execute
    result = conn._execute_20(statement, params or {}, execution_options)
             │    │           │          │             └ immutabledict({'synchronize_session': 'evaluate', '_sa_orm_update_options': default_update_options(_matched_objects=[], _reso...
             │    │           │          └ immutabledict({})
             │    │           └ <sqlalchemy.sql.annotation.AnnotatedUpdate object at 0x7f30d8347b80>
             │    └ <function Connection._execute_20 at 0x7f31f39bc790>
             └ <sqlalchemy.engine.base.Connection object at 0x7f2e05fdd0a0>
  File "/home/chase/.local/lib/python3.8/site-packages/sqlalchemy/engine/base.py", line 1583, in _execute_20
    return meth(self, args_10style, kwargs_10style, execution_options)
           │    │     │             │               └ immutabledict({'synchronize_session': 'evaluate', '_sa_orm_update_options': default_update_options(_matched_objects=[], _reso...
           │    │     │             └ immutabledict({})
           │    │     └ ({},)
           │    └ <sqlalchemy.engine.base.Connection object at 0x7f2e05fdd0a0>
           └ <bound method ClauseElement._execute_on_connection of <sqlalchemy.sql.annotation.AnnotatedUpdate object at 0x7f30d8347b80>>
  File "/home/chase/.local/lib/python3.8/site-packages/sqlalchemy/sql/elements.py", line 323, in _execute_on_connection
    return connection._execute_clauseelement(
           │          └ <function Connection._execute_clauseelement at 0x7f31f39bc5e0>
           └ <sqlalchemy.engine.base.Connection object at 0x7f2e05fdd0a0>
  File "/home/chase/.local/lib/python3.8/site-packages/sqlalchemy/engine/base.py", line 1452, in _execute_clauseelement
    ret = self._execute_context(
          │    └ <function Connection._execute_context at 0x7f31f39bc8b0>
          └ <sqlalchemy.engine.base.Connection object at 0x7f2e05fdd0a0>
  File "/home/chase/.local/lib/python3.8/site-packages/sqlalchemy/engine/base.py", line 1814, in _execute_context
    self._handle_dbapi_exception(
    │    └ <function Connection._handle_dbapi_exception at 0x7f31f39bca60>
    └ <sqlalchemy.engine.base.Connection object at 0x7f2e05fdd0a0>
  File "/home/chase/.local/lib/python3.8/site-packages/sqlalchemy/engine/base.py", line 1995, in _handle_dbapi_exception
    util.raise_(
    │    └ <function raise_ at 0x7f31f3d7ea60>
    └ <module 'sqlalchemy.util' from '/home/chase/.local/lib/python3.8/site-packages/sqlalchemy/util/__init__.py'>
  File "/home/chase/.local/lib/python3.8/site-packages/sqlalchemy/util/compat.py", line 207, in raise_
    raise exception
  File "/home/chase/.local/lib/python3.8/site-packages/sqlalchemy/engine/base.py", line 1771, in _execute_context
    self.dialect.do_execute(
    │    │       └ <function DefaultDialect.do_execute at 0x7f31f38f75e0>
    │    └ <sqlalchemy.dialects.mysql.pymysql.MySQLDialect_pymysql object at 0x7f3103ffde20>
    └ <sqlalchemy.engine.base.Connection object at 0x7f2e05fdd0a0>
  File "/home/chase/.local/lib/python3.8/site-packages/sqlalchemy/engine/default.py", line 717, in do_execute
    cursor.execute(statement, parameters)
    │      │       │          └ {'server_id': '180.201.163.246:6800', 'ip': '180.201.163.246', 'username': 'chase', 'password': '7056826826327811589396270962...
    │      │       └ 'UPDATE device SET server_id=%(server_id)s, ip=%(ip)s, username=%(username)s, password=%(password)s, address=%(address)s, por...
    │      └ <function Cursor.execute at 0x7f31f354cdc0>
    └ <pymysql.cursors.Cursor object at 0x7f2fb8463d90>
  File "/home/chase/.local/lib/python3.8/site-packages/pymysql/cursors.py", line 148, in execute
    result = self._query(query)
             │    │      └ "UPDATE device SET server_id='180.201.163.246:6800', ip='180.201.163.246', username='chase', password='7056826826327811589396...
             │    └ <function Cursor._query at 0x7f31f34d7280>
             └ <pymysql.cursors.Cursor object at 0x7f2fb8463d90>
  File "/home/chase/.local/lib/python3.8/site-packages/pymysql/cursors.py", line 310, in _query
    conn.query(q)
    │    │     └ "UPDATE device SET server_id='180.201.163.246:6800', ip='180.201.163.246', username='chase', password='7056826826327811589396...
    │    └ <function Connection.query at 0x7f31f34e5670>
    └ <pymysql.connections.Connection object at 0x7f30183225e0>
  File "/home/chase/.local/lib/python3.8/site-packages/pymysql/connections.py", line 548, in query
    self._affected_rows = self._read_query_result(unbuffered=unbuffered)
    │    │                │    │                             └ False
    │    │                │    └ <function Connection._read_query_result at 0x7f31f34e5ca0>
    │    │                └ <pymysql.connections.Connection object at 0x7f30183225e0>
    │    └ 1
    └ <pymysql.connections.Connection object at 0x7f30183225e0>
  File "/home/chase/.local/lib/python3.8/site-packages/pymysql/connections.py", line 775, in _read_query_result
    result.read()
    │      └ <function MySQLResult.read at 0x7f31f34e64c0>
    └ <pymysql.connections.MySQLResult object at 0x7f30d81f34f0>
  File "/home/chase/.local/lib/python3.8/site-packages/pymysql/connections.py", line 1156, in read
    first_packet = self.connection._read_packet()
                   │    └ None
                   └ <pymysql.connections.MySQLResult object at 0x7f30d81f34f0>
  File "/home/chase/.local/lib/python3.8/site-packages/pymysql/connections.py", line 725, in _read_packet
    packet.raise_for_error()
    │      └ <function MysqlPacket.raise_for_error at 0x7f31f34ddee0>
    └ <pymysql.protocol.MysqlPacket object at 0x7f2ff8587eb0>
  File "/home/chase/.local/lib/python3.8/site-packages/pymysql/protocol.py", line 221, in raise_for_error
    err.raise_mysql_exception(self._data)
    │   │                     │    └ <member '_data' of 'MysqlPacket' objects>
    │   │                     └ <pymysql.protocol.MysqlPacket object at 0x7f2ff8587eb0>
    │   └ <function raise_mysql_exception at 0x7f31f358c670>
    └ <module 'pymysql.err' from '/home/chase/.local/lib/python3.8/site-packages/pymysql/err.py'>
  File "/home/chase/.local/lib/python3.8/site-packages/pymysql/err.py", line 143, in raise_mysql_exception
    raise errorclass(errno, errval)
          │          │      └ "Duplicate entry '180.201.163.246:6800' for key 'device.PRIMARY'"
          │          └ 1062
          └ <class 'pymysql.err.IntegrityError'>

sqlalchemy.exc.IntegrityError: (pymysql.err.IntegrityError) (1062, "Duplicate entry '180.201.163.246:6800' for key 'device.PRIMARY'")
[SQL: UPDATE device SET server_id=%(server_id)s, ip=%(ip)s, username=%(username)s, password=%(password)s, address=%(address)s, port=%(port)s, valid=%(valid)s WHERE device.ip = %(ip_1)s]
[parameters: {'server_id': '180.201.163.246:6800', 'ip': '180.201.163.246', 'username': 'chase', 'password': '70568268263278115893962709621705695332198326801977992137395157011971884194179577310753605452324294506191161740669346873724644362306386589910950826735 ... (9 characters truncated) ... 70003384625837766524837011730304947257924881122959487364547351537506154283125662380395920939693006275854833470105790748908419992240556028253772727714', 'address': '/home/users/CT/pycharmproject/spiders/', 'port': 6800, 'valid': 1, 'ip_1': '180.201.163.246'}]
(Background on this error at: https://sqlalche.me/e/14/gkpj)
2022-05-14 07:28:40.776 | ERROR    | base.db.mysql:update:390 - 【mysql更新数据出错】
Traceback (most recent call last):

  File "/home/chase/.local/lib/python3.8/site-packages/sqlalchemy/engine/base.py", line 1771, in _execute_context
    self.dialect.do_execute(
    │    │       └ <function DefaultDialect.do_execute at 0x7f31f38f75e0>
    │    └ <sqlalchemy.dialects.mysql.pymysql.MySQLDialect_pymysql object at 0x7f3103ffde20>
    └ <sqlalchemy.engine.base.Connection object at 0x7f30b81428b0>
  File "/home/chase/.local/lib/python3.8/site-packages/sqlalchemy/engine/default.py", line 717, in do_execute
    cursor.execute(statement, parameters)
    │      │       │          └ {'server_id': '180.201.163.246:6800', 'ip': '180.201.163.246', 'username': 'chase', 'password': '4673810040529163436481726095...
    │      │       └ 'UPDATE device SET server_id=%(server_id)s, ip=%(ip)s, username=%(username)s, password=%(password)s, address=%(address)s, por...
    │      └ <function Cursor.execute at 0x7f31f354cdc0>
    └ <pymysql.cursors.Cursor object at 0x7f2fb85e8be0>
  File "/home/chase/.local/lib/python3.8/site-packages/pymysql/cursors.py", line 148, in execute
    result = self._query(query)
             │    │      └ "UPDATE device SET server_id='180.201.163.246:6800', ip='180.201.163.246', username='chase', password='4673810040529163436481...
             │    └ <function Cursor._query at 0x7f31f34d7280>
             └ <pymysql.cursors.Cursor object at 0x7f2fb85e8be0>
  File "/home/chase/.local/lib/python3.8/site-packages/pymysql/cursors.py", line 310, in _query
    conn.query(q)
    │    │     └ "UPDATE device SET server_id='180.201.163.246:6800', ip='180.201.163.246', username='chase', password='4673810040529163436481...
    │    └ <function Connection.query at 0x7f31f34e5670>
    └ <pymysql.connections.Connection object at 0x7f30582982e0>
  File "/home/chase/.local/lib/python3.8/site-packages/pymysql/connections.py", line 548, in query
    self._affected_rows = self._read_query_result(unbuffered=unbuffered)
    │    │                │    │                             └ False
    │    │                │    └ <function Connection._read_query_result at 0x7f31f34e5ca0>
    │    │                └ <pymysql.connections.Connection object at 0x7f30582982e0>
    │    └ 1
    └ <pymysql.connections.Connection object at 0x7f30582982e0>
  File "/home/chase/.local/lib/python3.8/site-packages/pymysql/connections.py", line 775, in _read_query_result
    result.read()
    │      └ <function MySQLResult.read at 0x7f31f34e64c0>
    └ <pymysql.connections.MySQLResult object at 0x7f305815ed90>
  File "/home/chase/.local/lib/python3.8/site-packages/pymysql/connections.py", line 1156, in read
    first_packet = self.connection._read_packet()
                   │    └ None
                   └ <pymysql.connections.MySQLResult object at 0x7f305815ed90>
  File "/home/chase/.local/lib/python3.8/site-packages/pymysql/connections.py", line 725, in _read_packet
    packet.raise_for_error()
    │      └ <function MysqlPacket.raise_for_error at 0x7f31f34ddee0>
    └ <pymysql.protocol.MysqlPacket object at 0x7f2dc8283ee0>
  File "/home/chase/.local/lib/python3.8/site-packages/pymysql/protocol.py", line 221, in raise_for_error
    err.raise_mysql_exception(self._data)
    │   │                     │    └ <member '_data' of 'MysqlPacket' objects>
    │   │                     └ <pymysql.protocol.MysqlPacket object at 0x7f2dc8283ee0>
    │   └ <function raise_mysql_exception at 0x7f31f358c670>
    └ <module 'pymysql.err' from '/home/chase/.local/lib/python3.8/site-packages/pymysql/err.py'>
  File "/home/chase/.local/lib/python3.8/site-packages/pymysql/err.py", line 143, in raise_mysql_exception
    raise errorclass(errno, errval)
          │          │      └ "Duplicate entry '180.201.163.246:6800' for key 'device.PRIMARY'"
          │          └ 1062
          └ <class 'pymysql.err.IntegrityError'>

pymysql.err.IntegrityError: (1062, "Duplicate entry '180.201.163.246:6800' for key 'device.PRIMARY'")


The above exception was the direct cause of the following exception:


Traceback (most recent call last):

  File "/usr/lib/python3.8/threading.py", line 890, in _bootstrap
    self._bootstrap_inner()
    │    └ <function Thread._bootstrap_inner at 0x7f321bf29a60>
    └ <Thread(Thread-13280, started daemon 139848478840576)>
  File "/usr/lib/python3.8/threading.py", line 932, in _bootstrap_inner
    self.run()
    │    └ <function Thread.run at 0x7f321bf29790>
    └ <Thread(Thread-13280, started daemon 139848478840576)>
  File "/usr/lib/python3.8/threading.py", line 870, in run
    self._target(*self._args, **self._kwargs)
    │    │        │    │        │    └ {}
    │    │        │    │        └ <Thread(Thread-13280, started daemon 139848478840576)>
    │    │        │    └ ('ProjectManager.run_func_by_thread',)
    │    │        └ <Thread(Thread-13280, started daemon 139848478840576)>
    │    └ <bound method ProjectManager.get_request_from_keywords_hot of <monitor.projectManager.ProjectManager object at 0x7f31042e52e0>>
    └ <Thread(Thread-13280, started daemon 139848478840576)>

  File "/home/users/Scy/yuqing/spider/monitor/projectManager.py", line 799, in get_request_from_keywords_hot
    self.start_finished_spider_every_interval(project_names)
    │    │                                    └ ['default', 'test']
    │    └ <function ProjectManager.start_finished_spider_every_interval at 0x7f3104005280>
    └ <monitor.projectManager.ProjectManager object at 0x7f31042e52e0>

  File "/home/users/Scy/yuqing/spider/monitor/projectManager.py", line 784, in start_finished_spider_every_interval
    self[name].start_spider()
    │    └ 'default'
    └ <monitor.projectManager.ProjectManager object at 0x7f31042e52e0>

  File "/home/users/Scy/yuqing/spider/monitor/projectManager.py", line 366, in start_spider
    self.update_device_valid(device)
    │    │                   └ <monitor.deviceManager.DeviceC object at 0x7f3104029220>
    │    └ <function Project.update_device_valid at 0x7f3104003280>
    └ <monitor.projectManager.Project object at 0x7f3104029460>

  File "/home/users/Scy/yuqing/spider/monitor/projectManager.py", line 421, in update_device_valid
    self.database_manager.mysql.update(Device(**device.to_item()))
    │    │                │     │      │        │      └ <function DeviceC.to_item at 0x7f31f34ed310>
    │    │                │     │      │        └ <monitor.deviceManager.DeviceC object at 0x7f3104029220>
    │    │                │     │      └ <class 'base.db.mysql.Device'>
    │    │                │     └ <function Mysql.update at 0x7f31f35f4790>
    │    │                └ <base.db.mysql.Mysql object at 0x7f3103ffdfd0>
    │    └ <base.db.dbSlot.Slot object at 0x7f3103ffdf10>
    └ <monitor.projectManager.Project object at 0x7f3104029460>

> File "/home/users/Scy/yuqing/spider/base/db/mysql.py", line 375, in update
    row.update(new)
    │   │      └ {'server_id': '180.201.163.246:6800', 'ip': '180.201.163.246', 'username': 'chase', 'password': '4673810040529163436481726095...
    │   └ <function Query.update at 0x7f31f37333a0>
    └ <sqlalchemy.orm.query.Query object at 0x7f31023ec9d0>

  File "/home/chase/.local/lib/python3.8/site-packages/sqlalchemy/orm/query.py", line 3221, in update
    result = self.session.execute(
             │    │       └ <function Session.execute at 0x7f31f370faf0>
             │    └ <sqlalchemy.orm.session.Session object at 0x7f31021c0460>
             └ <sqlalchemy.orm.query.Query object at 0x7f31023ec9d0>
  File "/home/chase/.local/lib/python3.8/site-packages/sqlalchemy/orm/session.py", line 1689, in execute
    result = conn._execute_20(statement, params or {}, execution_options)
             │    │           │          │             └ immutabledict({'synchronize_session': 'evaluate', '_sa_orm_update_options': default_update_options(_matched_objects=[], _reso...
             │    │           │          └ immutabledict({})
             │    │           └ <sqlalchemy.sql.annotation.AnnotatedUpdate object at 0x7f30980de0a0>
             │    └ <function Connection._execute_20 at 0x7f31f39bc790>
             └ <sqlalchemy.engine.base.Connection object at 0x7f30b81428b0>
  File "/home/chase/.local/lib/python3.8/site-packages/sqlalchemy/engine/base.py", line 1583, in _execute_20
    return meth(self, args_10style, kwargs_10style, execution_options)
           │    │     │             │               └ immutabledict({'synchronize_session': 'evaluate', '_sa_orm_update_options': default_update_options(_matched_objects=[], _reso...
           │    │     │             └ immutabledict({})
           │    │     └ ({},)
           │    └ <sqlalchemy.engine.base.Connection object at 0x7f30b81428b0>
           └ <bound method ClauseElement._execute_on_connection of <sqlalchemy.sql.annotation.AnnotatedUpdate object at 0x7f30980de0a0>>
  File "/home/chase/.local/lib/python3.8/site-packages/sqlalchemy/sql/elements.py", line 323, in _execute_on_connection
    return connection._execute_clauseelement(
           │          └ <function Connection._execute_clauseelement at 0x7f31f39bc5e0>
           └ <sqlalchemy.engine.base.Connection object at 0x7f30b81428b0>
  File "/home/chase/.local/lib/python3.8/site-packages/sqlalchemy/engine/base.py", line 1452, in _execute_clauseelement
    ret = self._execute_context(
          │    └ <function Connection._execute_context at 0x7f31f39bc8b0>
          └ <sqlalchemy.engine.base.Connection object at 0x7f30b81428b0>
  File "/home/chase/.local/lib/python3.8/site-packages/sqlalchemy/engine/base.py", line 1814, in _execute_context
    self._handle_dbapi_exception(
    │    └ <function Connection._handle_dbapi_exception at 0x7f31f39bca60>
    └ <sqlalchemy.engine.base.Connection object at 0x7f30b81428b0>
  File "/home/chase/.local/lib/python3.8/site-packages/sqlalchemy/engine/base.py", line 1995, in _handle_dbapi_exception
    util.raise_(
    │    └ <function raise_ at 0x7f31f3d7ea60>
    └ <module 'sqlalchemy.util' from '/home/chase/.local/lib/python3.8/site-packages/sqlalchemy/util/__init__.py'>
  File "/home/chase/.local/lib/python3.8/site-packages/sqlalchemy/util/compat.py", line 207, in raise_
    raise exception
  File "/home/chase/.local/lib/python3.8/site-packages/sqlalchemy/engine/base.py", line 1771, in _execute_context
    self.dialect.do_execute(
    │    │       └ <function DefaultDialect.do_execute at 0x7f31f38f75e0>
    │    └ <sqlalchemy.dialects.mysql.pymysql.MySQLDialect_pymysql object at 0x7f3103ffde20>
    └ <sqlalchemy.engine.base.Connection object at 0x7f30b81428b0>
  File "/home/chase/.local/lib/python3.8/site-packages/sqlalchemy/engine/default.py", line 717, in do_execute
    cursor.execute(statement, parameters)
    │      │       │          └ {'server_id': '180.201.163.246:6800', 'ip': '180.201.163.246', 'username': 'chase', 'password': '4673810040529163436481726095...
    │      │       └ 'UPDATE device SET server_id=%(server_id)s, ip=%(ip)s, username=%(username)s, password=%(password)s, address=%(address)s, por...
    │      └ <function Cursor.execute at 0x7f31f354cdc0>
    └ <pymysql.cursors.Cursor object at 0x7f2fb85e8be0>
  File "/home/chase/.local/lib/python3.8/site-packages/pymysql/cursors.py", line 148, in execute
    result = self._query(query)
             │    │      └ "UPDATE device SET server_id='180.201.163.246:6800', ip='180.201.163.246', username='chase', password='4673810040529163436481...
             │    └ <function Cursor._query at 0x7f31f34d7280>
             └ <pymysql.cursors.Cursor object at 0x7f2fb85e8be0>
  File "/home/chase/.local/lib/python3.8/site-packages/pymysql/cursors.py", line 310, in _query
    conn.query(q)
    │    │     └ "UPDATE device SET server_id='180.201.163.246:6800', ip='180.201.163.246', username='chase', password='4673810040529163436481...
    │    └ <function Connection.query at 0x7f31f34e5670>
    └ <pymysql.connections.Connection object at 0x7f30582982e0>
  File "/home/chase/.local/lib/python3.8/site-packages/pymysql/connections.py", line 548, in query
    self._affected_rows = self._read_query_result(unbuffered=unbuffered)
    │    │                │    │                             └ False
    │    │                │    └ <function Connection._read_query_result at 0x7f31f34e5ca0>
    │    │                └ <pymysql.connections.Connection object at 0x7f30582982e0>
    │    └ 1
    └ <pymysql.connections.Connection object at 0x7f30582982e0>
  File "/home/chase/.local/lib/python3.8/site-packages/pymysql/connections.py", line 775, in _read_query_result
    result.read()
    │      └ <function MySQLResult.read at 0x7f31f34e64c0>
    └ <pymysql.connections.MySQLResult object at 0x7f305815ed90>
  File "/home/chase/.local/lib/python3.8/site-packages/pymysql/connections.py", line 1156, in read
    first_packet = self.connection._read_packet()
                   │    └ None
                   └ <pymysql.connections.MySQLResult object at 0x7f305815ed90>
  File "/home/chase/.local/lib/python3.8/site-packages/pymysql/connections.py", line 725, in _read_packet
    packet.raise_for_error()
    │      └ <function MysqlPacket.raise_for_error at 0x7f31f34ddee0>
    └ <pymysql.protocol.MysqlPacket object at 0x7f2dc8283ee0>
  File "/home/chase/.local/lib/python3.8/site-packages/pymysql/protocol.py", line 221, in raise_for_error
    err.raise_mysql_exception(self._data)
    │   │                     │    └ <member '_data' of 'MysqlPacket' objects>
    │   │                     └ <pymysql.protocol.MysqlPacket object at 0x7f2dc8283ee0>
    │   └ <function raise_mysql_exception at 0x7f31f358c670>
    └ <module 'pymysql.err' from '/home/chase/.local/lib/python3.8/site-packages/pymysql/err.py'>
  File "/home/chase/.local/lib/python3.8/site-packages/pymysql/err.py", line 143, in raise_mysql_exception
    raise errorclass(errno, errval)
          │          │      └ "Duplicate entry '180.201.163.246:6800' for key 'device.PRIMARY'"
          │          └ 1062
          └ <class 'pymysql.err.IntegrityError'>

sqlalchemy.exc.IntegrityError: (pymysql.err.IntegrityError) (1062, "Duplicate entry '180.201.163.246:6800' for key 'device.PRIMARY'")
[SQL: UPDATE device SET server_id=%(server_id)s, ip=%(ip)s, username=%(username)s, password=%(password)s, address=%(address)s, port=%(port)s, valid=%(valid)s WHERE device.ip = %(ip_1)s]
[parameters: {'server_id': '180.201.163.246:6800', 'ip': '180.201.163.246', 'username': 'chase', 'password': '46738100405291634364817260954480985048099607505280132891150529147746137368934893348407433424349934266953088544465165420196099640511879540865212693405 ... (10 characters truncated) ... 93628015991257291267468201369854670728607351291913632540730958997779885085239864250591067535707117936875645903008339633598067512160736080308743717641', 'address': '/home/users/CT/pycharmproject/spiders/', 'port': 6800, 'valid': 1, 'ip_1': '180.201.163.246'}]
(Background on this error at: https://sqlalche.me/e/14/gkpj)
