2022-06-08 16:39:50.285 | ERROR    | monitor.searchSpiders.tieba:get_request_from_keyword:34 - E 贴吧错误HTTPSConnectionPool(host='wappass.baidu.com', port=443): Max retries exceeded with url: /static/captcha/tuxing.html?ak=2ef521ec36290baed33d66de9b16f625&backurl=http%3A%2F%2Ftieba.baidu.com%2Ff%2Fsearch%2Fres%3Fisnew%3D1%26kw%3D%26qw%3D%25E3%2580%2590%25E7%25BB%2584%25E5%259B%25BE%25E3%2580%2591%25E2%2580%259C%25E5%25BA%2594%25E6%2580%25A5%25E4%25BD%25BF%25E5%2591%25BD%25C2%25B72022%25E2%2580%259D%25E9%25AB%2598%25E5%258E%259F%25E9%25AB%2598%25E5%25AF%2592%25E5%259C%25B0%25E5%258C%25BA%25E6%258A%2597%25E9%259C%2587%25E6%2595%2591%25E7%2581%25BE%25E5%25AE%259E%25E6%2588%2598%25E5%258C%2596%25E6%25BC%2594%25E4%25B9%25A0%25E4%25B8%25BE%25E8%25A1%258C%26rn%3D10%26un%3D%26only_thread%3D0%26sm%3D1%26sd%3D%26ed%3D%26pn%3D26&timestamp=1654677590&signature=f32fec8b9878fe3c00320aaabcb88ecf (Caused by SSLError(SSLError(1, '[SSL: SSLV3_ALERT_HANDSHAKE_FAILURE] sslv3 alert handshake failure (_ssl.c:1131)')))
Traceback (most recent call last):

  File "/home/chase/.local/lib/python3.8/site-packages/urllib3/connectionpool.py", line 699, in urlopen
    httplib_response = self._make_request(
                       │    └ <function HTTPConnectionPool._make_request at 0x7fe06b3fed30>
                       └ <urllib3.connectionpool.HTTPSConnectionPool object at 0x7fde107e5b80>
  File "/home/chase/.local/lib/python3.8/site-packages/urllib3/connectionpool.py", line 382, in _make_request
    self._validate_conn(conn)
    │    │              └ <urllib3.connection.HTTPSConnection object at 0x7fdf30761f70>
    │    └ <function HTTPSConnectionPool._validate_conn at 0x7fe06b3ff280>
    └ <urllib3.connectionpool.HTTPSConnectionPool object at 0x7fde107e5b80>
  File "/home/chase/.local/lib/python3.8/site-packages/urllib3/connectionpool.py", line 1010, in _validate_conn
    conn.connect()
    │    └ <function HTTPSConnection.connect at 0x7fe06b46d940>
    └ <urllib3.connection.HTTPSConnection object at 0x7fdf30761f70>
  File "/home/chase/.local/lib/python3.8/site-packages/urllib3/connection.py", line 416, in connect
    self.sock = ssl_wrap_socket(
    │    │      └ <function ssl_wrap_socket at 0x7fe06b468670>
    │    └ None
    └ <urllib3.connection.HTTPSConnection object at 0x7fdf30761f70>
  File "/home/chase/.local/lib/python3.8/site-packages/urllib3/util/ssl_.py", line 449, in ssl_wrap_socket
    ssl_sock = _ssl_wrap_socket_impl(
               └ <function _ssl_wrap_socket_impl at 0x7fe06b468820>
  File "/home/chase/.local/lib/python3.8/site-packages/urllib3/util/ssl_.py", line 493, in _ssl_wrap_socket_impl
    return ssl_context.wrap_socket(sock, server_hostname=server_hostname)
           │           │           │                     └ 'wappass.baidu.com'
           │           │           └ <socket.socket [closed] fd=-1, family=AddressFamily.AF_INET, type=SocketKind.SOCK_STREAM, proto=6>
           │           └ <function SSLContext.wrap_socket at 0x7fe08118de50>
           └ <ssl.SSLContext object at 0x7fddf01193c0>
  File "/usr/lib/python3.8/ssl.py", line 500, in wrap_socket
    return self.sslsocket_class._create(
           │    │               └ <classmethod object at 0x7fe08c8cfaf0>
           │    └ <class 'ssl.SSLSocket'>
           └ <ssl.SSLContext object at 0x7fddf01193c0>
  File "/usr/lib/python3.8/ssl.py", line 1040, in _create
    self.do_handshake()
    │    └ <function SSLSocket.do_handshake at 0x7fe08c8d2d30>
    └ <ssl.SSLSocket [closed] fd=-1, family=AddressFamily.AF_INET, type=SocketKind.SOCK_STREAM, proto=6>
  File "/usr/lib/python3.8/ssl.py", line 1309, in do_handshake
    self._sslobj.do_handshake()
    │    └ None
    └ <ssl.SSLSocket [closed] fd=-1, family=AddressFamily.AF_INET, type=SocketKind.SOCK_STREAM, proto=6>

ssl.SSLError: [SSL: SSLV3_ALERT_HANDSHAKE_FAILURE] sslv3 alert handshake failure (_ssl.c:1131)


During handling of the above exception, another exception occurred:


Traceback (most recent call last):

  File "/home/chase/.local/lib/python3.8/site-packages/requests/adapters.py", line 439, in send
    resp = conn.urlopen(
           │    └ <function HTTPConnectionPool.urlopen at 0x7fe06b3fef70>
           └ <urllib3.connectionpool.HTTPSConnectionPool object at 0x7fde107e5b80>
  File "/home/chase/.local/lib/python3.8/site-packages/urllib3/connectionpool.py", line 755, in urlopen
    retries = retries.increment(
              │       └ <function Retry.increment at 0x7fe06b443280>
              └ Retry(total=0, connect=None, read=False, redirect=None, status=None)
  File "/home/chase/.local/lib/python3.8/site-packages/urllib3/util/retry.py", line 574, in increment
    raise MaxRetryError(_pool, url, error or ResponseError(cause))
          │             │      │    │        │             └ 'unknown'
          │             │      │    │        └ <class 'urllib3.exceptions.ResponseError'>
          │             │      │    └ SSLError(SSLError(1, '[SSL: SSLV3_ALERT_HANDSHAKE_FAILURE] sslv3 alert handshake failure (_ssl.c:1131)'))
          │             │      └ '/static/captcha/tuxing.html?ak=2ef521ec36290baed33d66de9b16f625&backurl=http%3A%2F%2Ftieba.baidu.com%2Ff%2Fsearch%2Fres%3Fis...
          │             └ <urllib3.connectionpool.HTTPSConnectionPool object at 0x7fde107e5b80>
          └ <class 'urllib3.exceptions.MaxRetryError'>

urllib3.exceptions.MaxRetryError: HTTPSConnectionPool(host='wappass.baidu.com', port=443): Max retries exceeded with url: /static/captcha/tuxing.html?ak=2ef521ec36290baed33d66de9b16f625&backurl=http%3A%2F%2Ftieba.baidu.com%2Ff%2Fsearch%2Fres%3Fisnew%3D1%26kw%3D%26qw%3D%25E3%2580%2590%25E7%25BB%2584%25E5%259B%25BE%25E3%2580%2591%25E2%2580%259C%25E5%25BA%2594%25E6%2580%25A5%25E4%25BD%25BF%25E5%2591%25BD%25C2%25B72022%25E2%2580%259D%25E9%25AB%2598%25E5%258E%259F%25E9%25AB%2598%25E5%25AF%2592%25E5%259C%25B0%25E5%258C%25BA%25E6%258A%2597%25E9%259C%2587%25E6%2595%2591%25E7%2581%25BE%25E5%25AE%259E%25E6%2588%2598%25E5%258C%2596%25E6%25BC%2594%25E4%25B9%25A0%25E4%25B8%25BE%25E8%25A1%258C%26rn%3D10%26un%3D%26only_thread%3D0%26sm%3D1%26sd%3D%26ed%3D%26pn%3D26&timestamp=1654677590&signature=f32fec8b9878fe3c00320aaabcb88ecf (Caused by SSLError(SSLError(1, '[SSL: SSLV3_ALERT_HANDSHAKE_FAILURE] sslv3 alert handshake failure (_ssl.c:1131)')))


During handling of the above exception, another exception occurred:


Traceback (most recent call last):

  File "/usr/lib/python3.8/threading.py", line 890, in _bootstrap
    self._bootstrap_inner()
    │    └ <function Thread._bootstrap_inner at 0x7fe08f92ea60>
    └ <Thread(Thread-29688, started daemon 140594437400320)>
  File "/usr/lib/python3.8/threading.py", line 932, in _bootstrap_inner
    self.run()
    │    └ <function Thread.run at 0x7fe08f92e790>
    └ <Thread(Thread-29688, started daemon 140594437400320)>
  File "/usr/lib/python3.8/threading.py", line 870, in run
    self._target(*self._args, **self._kwargs)
    │    │        │    │        │    └ {}
    │    │        │    │        └ <Thread(Thread-29688, started daemon 140594437400320)>
    │    │        │    └ ('ProjectManager.run_func_by_thread',)
    │    │        └ <Thread(Thread-29688, started daemon 140594437400320)>
    │    └ <bound method ProjectManager.get_request_from_keywords_hot of <monitor.projectManager.ProjectManager object at 0x7fe063c65790>>
    └ <Thread(Thread-29688, started daemon 140594437400320)>

  File "/home/users/Scy/yuqing/spider/monitor/projectManager.py", line 833, in get_request_from_keywords_hot
    self.search_spider_manager.crawl_by_keyword(
    │    │                     └ <function SearchSpidersManager.crawl_by_keyword at 0x7fe063c71160>
    │    └ <monitor.spiderManager.SearchSpidersManager object at 0x7fe0638938b0>
    └ <monitor.projectManager.ProjectManager object at 0x7fe063c65790>

  File "/home/users/Scy/yuqing/spider/monitor/spiderManager.py", line 118, in crawl_by_keyword
    self.crawl_by_keyword_signal_platform(project_names, platform, keyword, crawl_time, project_times)
    │    │                                │              │         │        │           └ {'default': <monitor.TimeSection object at 0x7fe0639a2b80>}
    │    │                                │              │         │        └ <monitor.TimeSection object at 0x7fdeb0680370>
    │    │                                │              │         └ '【组图】“应急使命·2022”高原高寒地区抗震救灾实战化演习举行'
    │    │                                │              └ '贴吧'
    │    │                                └ ['default']
    │    └ <function SearchSpidersManager.crawl_by_keyword_signal_platform at 0x7fe063c71280>
    └ <monitor.spiderManager.SearchSpidersManager object at 0x7fe0638938b0>

  File "/home/users/Scy/yuqing/spider/monitor/spiderManager.py", line 150, in crawl_by_keyword_signal_platform
    requests = self.get_request_from_keyword(platform, keyword_only, **crawl_time.to_dict())
               │    │                        │         │               │          └ <function TimeSection.to_dict at 0x7fe06b8931f0>
               │    │                        │         │               └ <monitor.TimeSection object at 0x7fdeb0680370>
               │    │                        │         └ '【组图】“应急使命·2022”高原高寒地区抗震救灾实战化演习举行'
               │    │                        └ '贴吧'
               │    └ <function SearchSpidersManager.get_request_from_keyword at 0x7fe063c713a0>
               └ <monitor.spiderManager.SearchSpidersManager object at 0x7fe0638938b0>

  File "/home/users/Scy/yuqing/spider/monitor/spiderManager.py", line 214, in get_request_from_keyword
    for request in self.spiders[platform].get_request_from_keyword(headers, search_url, keyword, content_url,
                   │    │       │                                  │        │           │        └ None
                   │    │       │                                  │        │           └ '【组图】“应急使命·2022”高原高寒地区抗震救灾实战化演习举行'
                   │    │       │                                  │        └ <string.Template object at 0x7fde705d5b20>
                   │    │       │                                  └ {'Connection': 'keep-alive', 'sec-ch-ua': "'Chromium';v='92',' Not A;Brand';v='99', 'Google Chrome';v='92'", 'sec-ch-ua-mobil...
                   │    │       └ '贴吧'
                   │    └ {'凤凰网': <monitor.searchSpiders.ifeng.Ifeng object at 0x7fe063893370>, '头条': <monitor.searchSpiders.toutiao.Toutiao object at ...
                   └ <monitor.spiderManager.SearchSpidersManager object at 0x7fe0638938b0>

> File "/home/users/Scy/yuqing/spider/monitor/searchSpiders/tieba.py", line 22, in get_request_from_keyword
    response = requests.get(url, headers=headers, timeout=50)
               │        │   │            └ {'Connection': 'keep-alive', 'sec-ch-ua': "'Chromium';v='92',' Not A;Brand';v='99', 'Google Chrome';v='92'", 'sec-ch-ua-mobil...
               │        │   └ 'https://tieba.baidu.com/f/search/res?isnew=1&kw=&qw=【组图】“应急使命·2022”高原高寒地区抗震救灾实战化演习举行&rn=10&un=&only_thread=0&sm=1&sd=&ed=&pn...
               │        └ <function get at 0x7fe06b2724c0>
               └ <module 'requests' from '/home/chase/.local/lib/python3.8/site-packages/requests/__init__.py'>

  File "/home/chase/.local/lib/python3.8/site-packages/requests/api.py", line 75, in get
    return request('get', url, params=params, **kwargs)
           │              │           │         └ {'headers': {'Connection': 'keep-alive', 'sec-ch-ua': "'Chromium';v='92',' Not A;Brand';v='99', 'Google Chrome';v='92'", 'sec...
           │              │           └ None
           │              └ 'https://tieba.baidu.com/f/search/res?isnew=1&kw=&qw=【组图】“应急使命·2022”高原高寒地区抗震救灾实战化演习举行&rn=10&un=&only_thread=0&sm=1&sd=&ed=&pn...
           └ <function request at 0x7fe06b268310>
  File "/home/chase/.local/lib/python3.8/site-packages/requests/api.py", line 61, in request
    return session.request(method=method, url=url, **kwargs)
           │       │              │           │      └ {'params': None, 'headers': {'Connection': 'keep-alive', 'sec-ch-ua': "'Chromium';v='92',' Not A;Brand';v='99', 'Google Chrom...
           │       │              │           └ 'https://tieba.baidu.com/f/search/res?isnew=1&kw=&qw=【组图】“应急使命·2022”高原高寒地区抗震救灾实战化演习举行&rn=10&un=&only_thread=0&sm=1&sd=&ed=&pn...
           │       │              └ 'get'
           │       └ <function Session.request at 0x7fe06b27bc10>
           └ <requests.sessions.Session object at 0x7fde1039a100>
  File "/home/chase/.local/lib/python3.8/site-packages/requests/sessions.py", line 542, in request
    resp = self.send(prep, **send_kwargs)
           │    │    │       └ {'timeout': 50, 'allow_redirects': True, 'verify': True, 'proxies': OrderedDict(), 'stream': False, 'cert': None}
           │    │    └ <PreparedRequest [GET]>
           │    └ <function Session.send at 0x7fe06b2720d0>
           └ <requests.sessions.Session object at 0x7fde1039a100>
  File "/home/chase/.local/lib/python3.8/site-packages/requests/sessions.py", line 677, in send
    history = [resp for resp in gen]
                                └ <generator object SessionRedirectMixin.resolve_redirects at 0x7fdda26224a0>
  File "/home/chase/.local/lib/python3.8/site-packages/requests/sessions.py", line 677, in <listcomp>
    history = [resp for resp in gen]
  File "/home/chase/.local/lib/python3.8/site-packages/requests/sessions.py", line 237, in resolve_redirects
    resp = self.send(
           │    └ <function Session.send at 0x7fe06b2720d0>
           └ <requests.sessions.Session object at 0x7fde1039a100>
  File "/home/chase/.local/lib/python3.8/site-packages/requests/sessions.py", line 655, in send
    r = adapter.send(request, **kwargs)
        │       │    │          └ {'stream': False, 'timeout': 50, 'verify': True, 'cert': None, 'proxies': OrderedDict()}
        │       │    └ <PreparedRequest [GET]>
        │       └ <function HTTPAdapter.send at 0x7fe06b27b550>
        └ <requests.adapters.HTTPAdapter object at 0x7fdcf7f79e20>
  File "/home/chase/.local/lib/python3.8/site-packages/requests/adapters.py", line 514, in send
    raise SSLError(e, request=request)
          │                   └ <PreparedRequest [GET]>
          └ <class 'requests.exceptions.SSLError'>

requests.exceptions.SSLError: HTTPSConnectionPool(host='wappass.baidu.com', port=443): Max retries exceeded with url: /static/captcha/tuxing.html?ak=2ef521ec36290baed33d66de9b16f625&backurl=http%3A%2F%2Ftieba.baidu.com%2Ff%2Fsearch%2Fres%3Fisnew%3D1%26kw%3D%26qw%3D%25E3%2580%2590%25E7%25BB%2584%25E5%259B%25BE%25E3%2580%2591%25E2%2580%259C%25E5%25BA%2594%25E6%2580%25A5%25E4%25BD%25BF%25E5%2591%25BD%25C2%25B72022%25E2%2580%259D%25E9%25AB%2598%25E5%258E%259F%25E9%25AB%2598%25E5%25AF%2592%25E5%259C%25B0%25E5%258C%25BA%25E6%258A%2597%25E9%259C%2587%25E6%2595%2591%25E7%2581%25BE%25E5%25AE%259E%25E6%2588%2598%25E5%258C%2596%25E6%25BC%2594%25E4%25B9%25A0%25E4%25B8%25BE%25E8%25A1%258C%26rn%3D10%26un%3D%26only_thread%3D0%26sm%3D1%26sd%3D%26ed%3D%26pn%3D26&timestamp=1654677590&signature=f32fec8b9878fe3c00320aaabcb88ecf (Caused by SSLError(SSLError(1, '[SSL: SSLV3_ALERT_HANDSHAKE_FAILURE] sslv3 alert handshake failure (_ssl.c:1131)')))
2022-06-08 16:42:10.644 | ERROR    | monitor.searchSpiders.tieba:get_request_from_keyword:34 - E 贴吧错误HTTPSConnectionPool(host='wappass.baidu.com', port=443): Max retries exceeded with url: /static/captcha/tuxing.html?ak=2ef521ec36290baed33d66de9b16f625&backurl=http%3A%2F%2Ftieba.baidu.com%2Ff%2Fsearch%2Fres%3Fisnew%3D1%26kw%3D%26qw%3D%25E7%258E%258B%25E6%25AF%2585%25E4%25BC%259A%25E8%25A7%2581%25E4%25B9%258C%25E5%2585%25B9%25E5%2588%25AB%25E5%2585%258B%25E6%2596%25AF%25E5%259D%25A6%25E4%25BB%25A3%25E5%25A4%2596%25E9%2595%25BF%25E8%25AF%25BA%25E7%25BD%2597%25E5%25A4%25AB%26rn%3D10%26un%3D%26only_thread%3D0%26sm%3D1%26sd%3D%26ed%3D%26pn%3D11&timestamp=1654677730&signature=4669e30da996b96985a24d3b74c81633 (Caused by SSLError(SSLError(1, '[SSL: SSLV3_ALERT_HANDSHAKE_FAILURE] sslv3 alert handshake failure (_ssl.c:1131)')))
Traceback (most recent call last):

  File "/home/chase/.local/lib/python3.8/site-packages/urllib3/connectionpool.py", line 699, in urlopen
    httplib_response = self._make_request(
                       │    └ <function HTTPConnectionPool._make_request at 0x7fe06b3fed30>
                       └ <urllib3.connectionpool.HTTPSConnectionPool object at 0x7fddf06095e0>
  File "/home/chase/.local/lib/python3.8/site-packages/urllib3/connectionpool.py", line 382, in _make_request
    self._validate_conn(conn)
    │    │              └ <urllib3.connection.HTTPSConnection object at 0x7fdf54151f40>
    │    └ <function HTTPSConnectionPool._validate_conn at 0x7fe06b3ff280>
    └ <urllib3.connectionpool.HTTPSConnectionPool object at 0x7fddf06095e0>
  File "/home/chase/.local/lib/python3.8/site-packages/urllib3/connectionpool.py", line 1010, in _validate_conn
    conn.connect()
    │    └ <function HTTPSConnection.connect at 0x7fe06b46d940>
    └ <urllib3.connection.HTTPSConnection object at 0x7fdf54151f40>
  File "/home/chase/.local/lib/python3.8/site-packages/urllib3/connection.py", line 416, in connect
    self.sock = ssl_wrap_socket(
    │    │      └ <function ssl_wrap_socket at 0x7fe06b468670>
    │    └ None
    └ <urllib3.connection.HTTPSConnection object at 0x7fdf54151f40>
  File "/home/chase/.local/lib/python3.8/site-packages/urllib3/util/ssl_.py", line 449, in ssl_wrap_socket
    ssl_sock = _ssl_wrap_socket_impl(
               └ <function _ssl_wrap_socket_impl at 0x7fe06b468820>
  File "/home/chase/.local/lib/python3.8/site-packages/urllib3/util/ssl_.py", line 493, in _ssl_wrap_socket_impl
    return ssl_context.wrap_socket(sock, server_hostname=server_hostname)
           │           │           │                     └ 'wappass.baidu.com'
           │           │           └ <socket.socket [closed] fd=-1, family=AddressFamily.AF_INET, type=SocketKind.SOCK_STREAM, proto=6>
           │           └ <function SSLContext.wrap_socket at 0x7fe08118de50>
           └ <ssl.SSLContext object at 0x7fdd0104bc40>
  File "/usr/lib/python3.8/ssl.py", line 500, in wrap_socket
    return self.sslsocket_class._create(
           │    │               └ <classmethod object at 0x7fe08c8cfaf0>
           │    └ <class 'ssl.SSLSocket'>
           └ <ssl.SSLContext object at 0x7fdd0104bc40>
  File "/usr/lib/python3.8/ssl.py", line 1040, in _create
    self.do_handshake()
    │    └ <function SSLSocket.do_handshake at 0x7fe08c8d2d30>
    └ <ssl.SSLSocket [closed] fd=-1, family=AddressFamily.AF_INET, type=SocketKind.SOCK_STREAM, proto=6>
  File "/usr/lib/python3.8/ssl.py", line 1309, in do_handshake
    self._sslobj.do_handshake()
    │    └ None
    └ <ssl.SSLSocket [closed] fd=-1, family=AddressFamily.AF_INET, type=SocketKind.SOCK_STREAM, proto=6>

ssl.SSLError: [SSL: SSLV3_ALERT_HANDSHAKE_FAILURE] sslv3 alert handshake failure (_ssl.c:1131)


During handling of the above exception, another exception occurred:


Traceback (most recent call last):

  File "/home/chase/.local/lib/python3.8/site-packages/requests/adapters.py", line 439, in send
    resp = conn.urlopen(
           │    └ <function HTTPConnectionPool.urlopen at 0x7fe06b3fef70>
           └ <urllib3.connectionpool.HTTPSConnectionPool object at 0x7fddf06095e0>
  File "/home/chase/.local/lib/python3.8/site-packages/urllib3/connectionpool.py", line 755, in urlopen
    retries = retries.increment(
              │       └ <function Retry.increment at 0x7fe06b443280>
              └ Retry(total=0, connect=None, read=False, redirect=None, status=None)
  File "/home/chase/.local/lib/python3.8/site-packages/urllib3/util/retry.py", line 574, in increment
    raise MaxRetryError(_pool, url, error or ResponseError(cause))
          │             │      │    │        │             └ 'unknown'
          │             │      │    │        └ <class 'urllib3.exceptions.ResponseError'>
          │             │      │    └ SSLError(SSLError(1, '[SSL: SSLV3_ALERT_HANDSHAKE_FAILURE] sslv3 alert handshake failure (_ssl.c:1131)'))
          │             │      └ '/static/captcha/tuxing.html?ak=2ef521ec36290baed33d66de9b16f625&backurl=http%3A%2F%2Ftieba.baidu.com%2Ff%2Fsearch%2Fres%3Fis...
          │             └ <urllib3.connectionpool.HTTPSConnectionPool object at 0x7fddf06095e0>
          └ <class 'urllib3.exceptions.MaxRetryError'>

urllib3.exceptions.MaxRetryError: HTTPSConnectionPool(host='wappass.baidu.com', port=443): Max retries exceeded with url: /static/captcha/tuxing.html?ak=2ef521ec36290baed33d66de9b16f625&backurl=http%3A%2F%2Ftieba.baidu.com%2Ff%2Fsearch%2Fres%3Fisnew%3D1%26kw%3D%26qw%3D%25E7%258E%258B%25E6%25AF%2585%25E4%25BC%259A%25E8%25A7%2581%25E4%25B9%258C%25E5%2585%25B9%25E5%2588%25AB%25E5%2585%258B%25E6%2596%25AF%25E5%259D%25A6%25E4%25BB%25A3%25E5%25A4%2596%25E9%2595%25BF%25E8%25AF%25BA%25E7%25BD%2597%25E5%25A4%25AB%26rn%3D10%26un%3D%26only_thread%3D0%26sm%3D1%26sd%3D%26ed%3D%26pn%3D11&timestamp=1654677730&signature=4669e30da996b96985a24d3b74c81633 (Caused by SSLError(SSLError(1, '[SSL: SSLV3_ALERT_HANDSHAKE_FAILURE] sslv3 alert handshake failure (_ssl.c:1131)')))


During handling of the above exception, another exception occurred:


Traceback (most recent call last):

  File "/usr/lib/python3.8/threading.py", line 890, in _bootstrap
    self._bootstrap_inner()
    │    └ <function Thread._bootstrap_inner at 0x7fe08f92ea60>
    └ <Thread(Thread-31104, started daemon 140587512715008)>
  File "/usr/lib/python3.8/threading.py", line 932, in _bootstrap_inner
    self.run()
    │    └ <function Thread.run at 0x7fe08f92e790>
    └ <Thread(Thread-31104, started daemon 140587512715008)>
  File "/usr/lib/python3.8/threading.py", line 870, in run
    self._target(*self._args, **self._kwargs)
    │    │        │    │        │    └ {}
    │    │        │    │        └ <Thread(Thread-31104, started daemon 140587512715008)>
    │    │        │    └ ('ProjectManager.run_func_by_thread',)
    │    │        └ <Thread(Thread-31104, started daemon 140587512715008)>
    │    └ <bound method ProjectManager.get_request_from_keywords_hot of <monitor.projectManager.ProjectManager object at 0x7fe063c65790>>
    └ <Thread(Thread-31104, started daemon 140587512715008)>

  File "/home/users/Scy/yuqing/spider/monitor/projectManager.py", line 833, in get_request_from_keywords_hot
    self.search_spider_manager.crawl_by_keyword(
    │    │                     └ <function SearchSpidersManager.crawl_by_keyword at 0x7fe063c71160>
    │    └ <monitor.spiderManager.SearchSpidersManager object at 0x7fe0638938b0>
    └ <monitor.projectManager.ProjectManager object at 0x7fe063c65790>

  File "/home/users/Scy/yuqing/spider/monitor/spiderManager.py", line 118, in crawl_by_keyword
    self.crawl_by_keyword_signal_platform(project_names, platform, keyword, crawl_time, project_times)
    │    │                                │              │         │        │           └ {'default': <monitor.TimeSection object at 0x7fe0639a2b80>}
    │    │                                │              │         │        └ <monitor.TimeSection object at 0x7fddf056feb0>
    │    │                                │              │         └ '王毅会见乌兹别克斯坦代外长诺罗夫'
    │    │                                │              └ '贴吧'
    │    │                                └ ['default']
    │    └ <function SearchSpidersManager.crawl_by_keyword_signal_platform at 0x7fe063c71280>
    └ <monitor.spiderManager.SearchSpidersManager object at 0x7fe0638938b0>

  File "/home/users/Scy/yuqing/spider/monitor/spiderManager.py", line 150, in crawl_by_keyword_signal_platform
    requests = self.get_request_from_keyword(platform, keyword_only, **crawl_time.to_dict())
               │    │                        │         │               │          └ <function TimeSection.to_dict at 0x7fe06b8931f0>
               │    │                        │         │               └ <monitor.TimeSection object at 0x7fddf056feb0>
               │    │                        │         └ '王毅会见乌兹别克斯坦代外长诺罗夫'
               │    │                        └ '贴吧'
               │    └ <function SearchSpidersManager.get_request_from_keyword at 0x7fe063c713a0>
               └ <monitor.spiderManager.SearchSpidersManager object at 0x7fe0638938b0>

  File "/home/users/Scy/yuqing/spider/monitor/spiderManager.py", line 214, in get_request_from_keyword
    for request in self.spiders[platform].get_request_from_keyword(headers, search_url, keyword, content_url,
                   │    │       │                                  │        │           │        └ None
                   │    │       │                                  │        │           └ '王毅会见乌兹别克斯坦代外长诺罗夫'
                   │    │       │                                  │        └ <string.Template object at 0x7fdcd1fdbe80>
                   │    │       │                                  └ {'Connection': 'keep-alive', 'sec-ch-ua': "'Chromium';v='92',' Not A;Brand';v='99', 'Google Chrome';v='92'", 'sec-ch-ua-mobil...
                   │    │       └ '贴吧'
                   │    └ {'凤凰网': <monitor.searchSpiders.ifeng.Ifeng object at 0x7fe063893370>, '头条': <monitor.searchSpiders.toutiao.Toutiao object at ...
                   └ <monitor.spiderManager.SearchSpidersManager object at 0x7fe0638938b0>

> File "/home/users/Scy/yuqing/spider/monitor/searchSpiders/tieba.py", line 22, in get_request_from_keyword
    response = requests.get(url, headers=headers, timeout=50)
               │        │   │            └ {'Connection': 'keep-alive', 'sec-ch-ua': "'Chromium';v='92',' Not A;Brand';v='99', 'Google Chrome';v='92'", 'sec-ch-ua-mobil...
               │        │   └ 'https://tieba.baidu.com/f/search/res?isnew=1&kw=&qw=王毅会见乌兹别克斯坦代外长诺罗夫&rn=10&un=&only_thread=0&sm=1&sd=&ed=&pn=11'
               │        └ <function get at 0x7fe06b2724c0>
               └ <module 'requests' from '/home/chase/.local/lib/python3.8/site-packages/requests/__init__.py'>

  File "/home/chase/.local/lib/python3.8/site-packages/requests/api.py", line 75, in get
    return request('get', url, params=params, **kwargs)
           │              │           │         └ {'headers': {'Connection': 'keep-alive', 'sec-ch-ua': "'Chromium';v='92',' Not A;Brand';v='99', 'Google Chrome';v='92'", 'sec...
           │              │           └ None
           │              └ 'https://tieba.baidu.com/f/search/res?isnew=1&kw=&qw=王毅会见乌兹别克斯坦代外长诺罗夫&rn=10&un=&only_thread=0&sm=1&sd=&ed=&pn=11'
           └ <function request at 0x7fe06b268310>
  File "/home/chase/.local/lib/python3.8/site-packages/requests/api.py", line 61, in request
    return session.request(method=method, url=url, **kwargs)
           │       │              │           │      └ {'params': None, 'headers': {'Connection': 'keep-alive', 'sec-ch-ua': "'Chromium';v='92',' Not A;Brand';v='99', 'Google Chrom...
           │       │              │           └ 'https://tieba.baidu.com/f/search/res?isnew=1&kw=&qw=王毅会见乌兹别克斯坦代外长诺罗夫&rn=10&un=&only_thread=0&sm=1&sd=&ed=&pn=11'
           │       │              └ 'get'
           │       └ <function Session.request at 0x7fe06b27bc10>
           └ <requests.sessions.Session object at 0x7fde50d279d0>
  File "/home/chase/.local/lib/python3.8/site-packages/requests/sessions.py", line 542, in request
    resp = self.send(prep, **send_kwargs)
           │    │    │       └ {'timeout': 50, 'allow_redirects': True, 'verify': True, 'proxies': OrderedDict(), 'stream': False, 'cert': None}
           │    │    └ <PreparedRequest [GET]>
           │    └ <function Session.send at 0x7fe06b2720d0>
           └ <requests.sessions.Session object at 0x7fde50d279d0>
  File "/home/chase/.local/lib/python3.8/site-packages/requests/sessions.py", line 677, in send
    history = [resp for resp in gen]
                                └ <generator object SessionRedirectMixin.resolve_redirects at 0x7fdd1a478a50>
  File "/home/chase/.local/lib/python3.8/site-packages/requests/sessions.py", line 677, in <listcomp>
    history = [resp for resp in gen]
  File "/home/chase/.local/lib/python3.8/site-packages/requests/sessions.py", line 237, in resolve_redirects
    resp = self.send(
           │    └ <function Session.send at 0x7fe06b2720d0>
           └ <requests.sessions.Session object at 0x7fde50d279d0>
  File "/home/chase/.local/lib/python3.8/site-packages/requests/sessions.py", line 655, in send
    r = adapter.send(request, **kwargs)
        │       │    │          └ {'stream': False, 'timeout': 50, 'verify': True, 'cert': None, 'proxies': OrderedDict()}
        │       │    └ <PreparedRequest [GET]>
        │       └ <function HTTPAdapter.send at 0x7fe06b27b550>
        └ <requests.adapters.HTTPAdapter object at 0x7fdf1039c4f0>
  File "/home/chase/.local/lib/python3.8/site-packages/requests/adapters.py", line 514, in send
    raise SSLError(e, request=request)
          │                   └ <PreparedRequest [GET]>
          └ <class 'requests.exceptions.SSLError'>

requests.exceptions.SSLError: HTTPSConnectionPool(host='wappass.baidu.com', port=443): Max retries exceeded with url: /static/captcha/tuxing.html?ak=2ef521ec36290baed33d66de9b16f625&backurl=http%3A%2F%2Ftieba.baidu.com%2Ff%2Fsearch%2Fres%3Fisnew%3D1%26kw%3D%26qw%3D%25E7%258E%258B%25E6%25AF%2585%25E4%25BC%259A%25E8%25A7%2581%25E4%25B9%258C%25E5%2585%25B9%25E5%2588%25AB%25E5%2585%258B%25E6%2596%25AF%25E5%259D%25A6%25E4%25BB%25A3%25E5%25A4%2596%25E9%2595%25BF%25E8%25AF%25BA%25E7%25BD%2597%25E5%25A4%25AB%26rn%3D10%26un%3D%26only_thread%3D0%26sm%3D1%26sd%3D%26ed%3D%26pn%3D11&timestamp=1654677730&signature=4669e30da996b96985a24d3b74c81633 (Caused by SSLError(SSLError(1, '[SSL: SSLV3_ALERT_HANDSHAKE_FAILURE] sslv3 alert handshake failure (_ssl.c:1131)')))
2022-06-08 16:46:30.293 | ERROR    | monitor.searchSpiders.tieba:get_request_from_keyword:34 - E 贴吧错误HTTPSConnectionPool(host='wappass.baidu.com', port=443): Max retries exceeded with url: /static/captcha/tuxing.html?ak=2ef521ec36290baed33d66de9b16f625&backurl=http%3A%2F%2Ftieba.baidu.com%2Ff%2Fsearch%2Fres%3Fisnew%3D1%26kw%3D%26qw%3D%25E3%2580%2590%25E7%25BB%2584%25E5%259B%25BE%25E3%2580%2591%25E2%2580%259C%25E5%25BA%2594%25E6%2580%25A5%25E4%25BD%25BF%25E5%2591%25BD%25C2%25B72022%25E2%2580%259D%25E9%25AB%2598%25E5%258E%259F%25E9%25AB%2598%25E5%25AF%2592%25E5%259C%25B0%25E5%258C%25BA%25E6%258A%2597%25E9%259C%2587%25E6%2595%2591%25E7%2581%25BE%25E5%25AE%259E%25E6%2588%2598%25E5%258C%2596%25E6%25BC%2594%25E4%25B9%25A0%25E4%25B8%25BE%25E8%25A1%258C%26rn%3D10%26un%3D%26only_thread%3D0%26sm%3D1%26sd%3D%26ed%3D%26pn%3D15&timestamp=1654677990&signature=948426d38dcf1f67cac0b5e40470d83f (Caused by SSLError(SSLError(1, '[SSL: SSLV3_ALERT_HANDSHAKE_FAILURE] sslv3 alert handshake failure (_ssl.c:1131)')))
Traceback (most recent call last):

  File "/home/chase/.local/lib/python3.8/site-packages/urllib3/connectionpool.py", line 699, in urlopen
    httplib_response = self._make_request(
                       │    └ <function HTTPConnectionPool._make_request at 0x7fe06b3fed30>
                       └ <urllib3.connectionpool.HTTPSConnectionPool object at 0x7fdef01377c0>
  File "/home/chase/.local/lib/python3.8/site-packages/urllib3/connectionpool.py", line 382, in _make_request
    self._validate_conn(conn)
    │    │              └ <urllib3.connection.HTTPSConnection object at 0x7fde3011b100>
    │    └ <function HTTPSConnectionPool._validate_conn at 0x7fe06b3ff280>
    └ <urllib3.connectionpool.HTTPSConnectionPool object at 0x7fdef01377c0>
  File "/home/chase/.local/lib/python3.8/site-packages/urllib3/connectionpool.py", line 1010, in _validate_conn
    conn.connect()
    │    └ <function HTTPSConnection.connect at 0x7fe06b46d940>
    └ <urllib3.connection.HTTPSConnection object at 0x7fde3011b100>
  File "/home/chase/.local/lib/python3.8/site-packages/urllib3/connection.py", line 416, in connect
    self.sock = ssl_wrap_socket(
    │    │      └ <function ssl_wrap_socket at 0x7fe06b468670>
    │    └ None
    └ <urllib3.connection.HTTPSConnection object at 0x7fde3011b100>
  File "/home/chase/.local/lib/python3.8/site-packages/urllib3/util/ssl_.py", line 449, in ssl_wrap_socket
    ssl_sock = _ssl_wrap_socket_impl(
               └ <function _ssl_wrap_socket_impl at 0x7fe06b468820>
  File "/home/chase/.local/lib/python3.8/site-packages/urllib3/util/ssl_.py", line 493, in _ssl_wrap_socket_impl
    return ssl_context.wrap_socket(sock, server_hostname=server_hostname)
           │           │           │                     └ 'wappass.baidu.com'
           │           │           └ <socket.socket [closed] fd=-1, family=AddressFamily.AF_INET, type=SocketKind.SOCK_STREAM, proto=6>
           │           └ <function SSLContext.wrap_socket at 0x7fe08118de50>
           └ <ssl.SSLContext object at 0x7fdd09b751c0>
  File "/usr/lib/python3.8/ssl.py", line 500, in wrap_socket
    return self.sslsocket_class._create(
           │    │               └ <classmethod object at 0x7fe08c8cfaf0>
           │    └ <class 'ssl.SSLSocket'>
           └ <ssl.SSLContext object at 0x7fdd09b751c0>
  File "/usr/lib/python3.8/ssl.py", line 1040, in _create
    self.do_handshake()
    │    └ <function SSLSocket.do_handshake at 0x7fe08c8d2d30>
    └ <ssl.SSLSocket [closed] fd=-1, family=AddressFamily.AF_INET, type=SocketKind.SOCK_STREAM, proto=6>
  File "/usr/lib/python3.8/ssl.py", line 1309, in do_handshake
    self._sslobj.do_handshake()
    │    └ None
    └ <ssl.SSLSocket [closed] fd=-1, family=AddressFamily.AF_INET, type=SocketKind.SOCK_STREAM, proto=6>

ssl.SSLError: [SSL: SSLV3_ALERT_HANDSHAKE_FAILURE] sslv3 alert handshake failure (_ssl.c:1131)


During handling of the above exception, another exception occurred:


Traceback (most recent call last):

  File "/home/chase/.local/lib/python3.8/site-packages/requests/adapters.py", line 439, in send
    resp = conn.urlopen(
           │    └ <function HTTPConnectionPool.urlopen at 0x7fe06b3fef70>
           └ <urllib3.connectionpool.HTTPSConnectionPool object at 0x7fdef01377c0>
  File "/home/chase/.local/lib/python3.8/site-packages/urllib3/connectionpool.py", line 755, in urlopen
    retries = retries.increment(
              │       └ <function Retry.increment at 0x7fe06b443280>
              └ Retry(total=0, connect=None, read=False, redirect=None, status=None)
  File "/home/chase/.local/lib/python3.8/site-packages/urllib3/util/retry.py", line 574, in increment
    raise MaxRetryError(_pool, url, error or ResponseError(cause))
          │             │      │    │        │             └ 'unknown'
          │             │      │    │        └ <class 'urllib3.exceptions.ResponseError'>
          │             │      │    └ SSLError(SSLError(1, '[SSL: SSLV3_ALERT_HANDSHAKE_FAILURE] sslv3 alert handshake failure (_ssl.c:1131)'))
          │             │      └ '/static/captcha/tuxing.html?ak=2ef521ec36290baed33d66de9b16f625&backurl=http%3A%2F%2Ftieba.baidu.com%2Ff%2Fsearch%2Fres%3Fis...
          │             └ <urllib3.connectionpool.HTTPSConnectionPool object at 0x7fdef01377c0>
          └ <class 'urllib3.exceptions.MaxRetryError'>

urllib3.exceptions.MaxRetryError: HTTPSConnectionPool(host='wappass.baidu.com', port=443): Max retries exceeded with url: /static/captcha/tuxing.html?ak=2ef521ec36290baed33d66de9b16f625&backurl=http%3A%2F%2Ftieba.baidu.com%2Ff%2Fsearch%2Fres%3Fisnew%3D1%26kw%3D%26qw%3D%25E3%2580%2590%25E7%25BB%2584%25E5%259B%25BE%25E3%2580%2591%25E2%2580%259C%25E5%25BA%2594%25E6%2580%25A5%25E4%25BD%25BF%25E5%2591%25BD%25C2%25B72022%25E2%2580%259D%25E9%25AB%2598%25E5%258E%259F%25E9%25AB%2598%25E5%25AF%2592%25E5%259C%25B0%25E5%258C%25BA%25E6%258A%2597%25E9%259C%2587%25E6%2595%2591%25E7%2581%25BE%25E5%25AE%259E%25E6%2588%2598%25E5%258C%2596%25E6%25BC%2594%25E4%25B9%25A0%25E4%25B8%25BE%25E8%25A1%258C%26rn%3D10%26un%3D%26only_thread%3D0%26sm%3D1%26sd%3D%26ed%3D%26pn%3D15&timestamp=1654677990&signature=948426d38dcf1f67cac0b5e40470d83f (Caused by SSLError(SSLError(1, '[SSL: SSLV3_ALERT_HANDSHAKE_FAILURE] sslv3 alert handshake failure (_ssl.c:1131)')))


During handling of the above exception, another exception occurred:


Traceback (most recent call last):

  File "/usr/lib/python3.8/threading.py", line 890, in _bootstrap
    self._bootstrap_inner()
    │    └ <function Thread._bootstrap_inner at 0x7fe08f92ea60>
    └ <Thread(Thread-29730, started daemon 140588134029056)>
  File "/usr/lib/python3.8/threading.py", line 932, in _bootstrap_inner
    self.run()
    │    └ <function Thread.run at 0x7fe08f92e790>
    └ <Thread(Thread-29730, started daemon 140588134029056)>
  File "/usr/lib/python3.8/threading.py", line 870, in run
    self._target(*self._args, **self._kwargs)
    │    │        │    │        │    └ {}
    │    │        │    │        └ <Thread(Thread-29730, started daemon 140588134029056)>
    │    │        │    └ ('ProjectManager.run_func_by_thread',)
    │    │        └ <Thread(Thread-29730, started daemon 140588134029056)>
    │    └ <bound method ProjectManager.get_request_from_keywords_hot of <monitor.projectManager.ProjectManager object at 0x7fe063c65790>>
    └ <Thread(Thread-29730, started daemon 140588134029056)>

  File "/home/users/Scy/yuqing/spider/monitor/projectManager.py", line 833, in get_request_from_keywords_hot
    self.search_spider_manager.crawl_by_keyword(
    │    │                     └ <function SearchSpidersManager.crawl_by_keyword at 0x7fe063c71160>
    │    └ <monitor.spiderManager.SearchSpidersManager object at 0x7fe0638938b0>
    └ <monitor.projectManager.ProjectManager object at 0x7fe063c65790>

  File "/home/users/Scy/yuqing/spider/monitor/spiderManager.py", line 118, in crawl_by_keyword
    self.crawl_by_keyword_signal_platform(project_names, platform, keyword, crawl_time, project_times)
    │    │                                │              │         │        │           └ {'default': <monitor.TimeSection object at 0x7fe0639a2b80>}
    │    │                                │              │         │        └ <monitor.TimeSection object at 0x7fdd3d7e1160>
    │    │                                │              │         └ '【组图】“应急使命·2022”高原高寒地区抗震救灾实战化演习举行'
    │    │                                │              └ '贴吧'
    │    │                                └ ['default']
    │    └ <function SearchSpidersManager.crawl_by_keyword_signal_platform at 0x7fe063c71280>
    └ <monitor.spiderManager.SearchSpidersManager object at 0x7fe0638938b0>

  File "/home/users/Scy/yuqing/spider/monitor/spiderManager.py", line 150, in crawl_by_keyword_signal_platform
    requests = self.get_request_from_keyword(platform, keyword_only, **crawl_time.to_dict())
               │    │                        │         │               │          └ <function TimeSection.to_dict at 0x7fe06b8931f0>
               │    │                        │         │               └ <monitor.TimeSection object at 0x7fdd3d7e1160>
               │    │                        │         └ '【组图】“应急使命·2022”高原高寒地区抗震救灾实战化演习举行'
               │    │                        └ '贴吧'
               │    └ <function SearchSpidersManager.get_request_from_keyword at 0x7fe063c713a0>
               └ <monitor.spiderManager.SearchSpidersManager object at 0x7fe0638938b0>

  File "/home/users/Scy/yuqing/spider/monitor/spiderManager.py", line 214, in get_request_from_keyword
    for request in self.spiders[platform].get_request_from_keyword(headers, search_url, keyword, content_url,
                   │    │       │                                  │        │           │        └ None
                   │    │       │                                  │        │           └ '【组图】“应急使命·2022”高原高寒地区抗震救灾实战化演习举行'
                   │    │       │                                  │        └ <string.Template object at 0x7fdf1040eb80>
                   │    │       │                                  └ {'Connection': 'keep-alive', 'sec-ch-ua': "'Chromium';v='92',' Not A;Brand';v='99', 'Google Chrome';v='92'", 'sec-ch-ua-mobil...
                   │    │       └ '贴吧'
                   │    └ {'凤凰网': <monitor.searchSpiders.ifeng.Ifeng object at 0x7fe063893370>, '头条': <monitor.searchSpiders.toutiao.Toutiao object at ...
                   └ <monitor.spiderManager.SearchSpidersManager object at 0x7fe0638938b0>

> File "/home/users/Scy/yuqing/spider/monitor/searchSpiders/tieba.py", line 22, in get_request_from_keyword
    response = requests.get(url, headers=headers, timeout=50)
               │        │   │            └ {'Connection': 'keep-alive', 'sec-ch-ua': "'Chromium';v='92',' Not A;Brand';v='99', 'Google Chrome';v='92'", 'sec-ch-ua-mobil...
               │        │   └ 'https://tieba.baidu.com/f/search/res?isnew=1&kw=&qw=【组图】“应急使命·2022”高原高寒地区抗震救灾实战化演习举行&rn=10&un=&only_thread=0&sm=1&sd=&ed=&pn...
               │        └ <function get at 0x7fe06b2724c0>
               └ <module 'requests' from '/home/chase/.local/lib/python3.8/site-packages/requests/__init__.py'>

  File "/home/chase/.local/lib/python3.8/site-packages/requests/api.py", line 75, in get
    return request('get', url, params=params, **kwargs)
           │              │           │         └ {'headers': {'Connection': 'keep-alive', 'sec-ch-ua': "'Chromium';v='92',' Not A;Brand';v='99', 'Google Chrome';v='92'", 'sec...
           │              │           └ None
           │              └ 'https://tieba.baidu.com/f/search/res?isnew=1&kw=&qw=【组图】“应急使命·2022”高原高寒地区抗震救灾实战化演习举行&rn=10&un=&only_thread=0&sm=1&sd=&ed=&pn...
           └ <function request at 0x7fe06b268310>
  File "/home/chase/.local/lib/python3.8/site-packages/requests/api.py", line 61, in request
    return session.request(method=method, url=url, **kwargs)
           │       │              │           │      └ {'params': None, 'headers': {'Connection': 'keep-alive', 'sec-ch-ua': "'Chromium';v='92',' Not A;Brand';v='99', 'Google Chrom...
           │       │              │           └ 'https://tieba.baidu.com/f/search/res?isnew=1&kw=&qw=【组图】“应急使命·2022”高原高寒地区抗震救灾实战化演习举行&rn=10&un=&only_thread=0&sm=1&sd=&ed=&pn...
           │       │              └ 'get'
           │       └ <function Session.request at 0x7fe06b27bc10>
           └ <requests.sessions.Session object at 0x7fdd0faa7c70>
  File "/home/chase/.local/lib/python3.8/site-packages/requests/sessions.py", line 542, in request
    resp = self.send(prep, **send_kwargs)
           │    │    │       └ {'timeout': 50, 'allow_redirects': True, 'verify': True, 'proxies': OrderedDict(), 'stream': False, 'cert': None}
           │    │    └ <PreparedRequest [GET]>
           │    └ <function Session.send at 0x7fe06b2720d0>
           └ <requests.sessions.Session object at 0x7fdd0faa7c70>
  File "/home/chase/.local/lib/python3.8/site-packages/requests/sessions.py", line 677, in send
    history = [resp for resp in gen]
                                └ <generator object SessionRedirectMixin.resolve_redirects at 0x7fdf3063b580>
  File "/home/chase/.local/lib/python3.8/site-packages/requests/sessions.py", line 677, in <listcomp>
    history = [resp for resp in gen]
  File "/home/chase/.local/lib/python3.8/site-packages/requests/sessions.py", line 237, in resolve_redirects
    resp = self.send(
           │    └ <function Session.send at 0x7fe06b2720d0>
           └ <requests.sessions.Session object at 0x7fdd0faa7c70>
  File "/home/chase/.local/lib/python3.8/site-packages/requests/sessions.py", line 655, in send
    r = adapter.send(request, **kwargs)
        │       │    │          └ {'stream': False, 'timeout': 50, 'verify': True, 'cert': None, 'proxies': OrderedDict()}
        │       │    └ <PreparedRequest [GET]>
        │       └ <function HTTPAdapter.send at 0x7fe06b27b550>
        └ <requests.adapters.HTTPAdapter object at 0x7fdd4bdc5ac0>
  File "/home/chase/.local/lib/python3.8/site-packages/requests/adapters.py", line 514, in send
    raise SSLError(e, request=request)
          │                   └ <PreparedRequest [GET]>
          └ <class 'requests.exceptions.SSLError'>

requests.exceptions.SSLError: HTTPSConnectionPool(host='wappass.baidu.com', port=443): Max retries exceeded with url: /static/captcha/tuxing.html?ak=2ef521ec36290baed33d66de9b16f625&backurl=http%3A%2F%2Ftieba.baidu.com%2Ff%2Fsearch%2Fres%3Fisnew%3D1%26kw%3D%26qw%3D%25E3%2580%2590%25E7%25BB%2584%25E5%259B%25BE%25E3%2580%2591%25E2%2580%259C%25E5%25BA%2594%25E6%2580%25A5%25E4%25BD%25BF%25E5%2591%25BD%25C2%25B72022%25E2%2580%259D%25E9%25AB%2598%25E5%258E%259F%25E9%25AB%2598%25E5%25AF%2592%25E5%259C%25B0%25E5%258C%25BA%25E6%258A%2597%25E9%259C%2587%25E6%2595%2591%25E7%2581%25BE%25E5%25AE%259E%25E6%2588%2598%25E5%258C%2596%25E6%25BC%2594%25E4%25B9%25A0%25E4%25B8%25BE%25E8%25A1%258C%26rn%3D10%26un%3D%26only_thread%3D0%26sm%3D1%26sd%3D%26ed%3D%26pn%3D15&timestamp=1654677990&signature=948426d38dcf1f67cac0b5e40470d83f (Caused by SSLError(SSLError(1, '[SSL: SSLV3_ALERT_HANDSHAKE_FAILURE] sslv3 alert handshake failure (_ssl.c:1131)')))
2022-06-08 16:51:00.260 | ERROR    | monitor.searchSpiders.tieba:get_request_from_keyword:34 - E 贴吧错误HTTPSConnectionPool(host='wappass.baidu.com', port=443): Max retries exceeded with url: /static/captcha/tuxing.html?ak=2ef521ec36290baed33d66de9b16f625&backurl=http%3A%2F%2Ftieba.baidu.com%2Ff%2Fsearch%2Fres%3Fisnew%3D1%26kw%3D%26qw%3D%25E6%2597%25A5%25E6%259C%25AC%25E7%25A0%2594%25E7%25A9%25B6%25E5%258F%2591%25E7%258E%25B0%25E5%25B0%258F%25E8%25A1%258C%25E6%2598%259F%25E6%25A0%25B7%25E6%259C%25AC%25E4%25B8%25AD%25E5%25AD%2598%25E5%259C%25A8%25E5%25A4%259A%25E7%25A7%258D%25E6%25B0%25A8%25E5%259F%25BA%25E9%2585%25B8%26rn%3D10%26un%3D%26only_thread%3D0%26sm%3D1%26sd%3D%26ed%3D%26pn%3D4&timestamp=1654678260&signature=84aeffef91f2d5ec14757a4d51663b5d (Caused by SSLError(SSLError(1, '[SSL: SSLV3_ALERT_HANDSHAKE_FAILURE] sslv3 alert handshake failure (_ssl.c:1131)')))
Traceback (most recent call last):

  File "/home/chase/.local/lib/python3.8/site-packages/urllib3/connectionpool.py", line 699, in urlopen
    httplib_response = self._make_request(
                       │    └ <function HTTPConnectionPool._make_request at 0x7fe06b3fed30>
                       └ <urllib3.connectionpool.HTTPSConnectionPool object at 0x7fdef04c3640>
  File "/home/chase/.local/lib/python3.8/site-packages/urllib3/connectionpool.py", line 382, in _make_request
    self._validate_conn(conn)
    │    │              └ <urllib3.connection.HTTPSConnection object at 0x7fdcd1ffd760>
    │    └ <function HTTPSConnectionPool._validate_conn at 0x7fe06b3ff280>
    └ <urllib3.connectionpool.HTTPSConnectionPool object at 0x7fdef04c3640>
  File "/home/chase/.local/lib/python3.8/site-packages/urllib3/connectionpool.py", line 1010, in _validate_conn
    conn.connect()
    │    └ <function HTTPSConnection.connect at 0x7fe06b46d940>
    └ <urllib3.connection.HTTPSConnection object at 0x7fdcd1ffd760>
  File "/home/chase/.local/lib/python3.8/site-packages/urllib3/connection.py", line 416, in connect
    self.sock = ssl_wrap_socket(
    │    │      └ <function ssl_wrap_socket at 0x7fe06b468670>
    │    └ None
    └ <urllib3.connection.HTTPSConnection object at 0x7fdcd1ffd760>
  File "/home/chase/.local/lib/python3.8/site-packages/urllib3/util/ssl_.py", line 449, in ssl_wrap_socket
    ssl_sock = _ssl_wrap_socket_impl(
               └ <function _ssl_wrap_socket_impl at 0x7fe06b468820>
  File "/home/chase/.local/lib/python3.8/site-packages/urllib3/util/ssl_.py", line 493, in _ssl_wrap_socket_impl
    return ssl_context.wrap_socket(sock, server_hostname=server_hostname)
           │           │           │                     └ 'wappass.baidu.com'
           │           │           └ <socket.socket [closed] fd=-1, family=AddressFamily.AF_INET, type=SocketKind.SOCK_STREAM, proto=6>
           │           └ <function SSLContext.wrap_socket at 0x7fe08118de50>
           └ <ssl.SSLContext object at 0x7fddd01b11c0>
  File "/usr/lib/python3.8/ssl.py", line 500, in wrap_socket
    return self.sslsocket_class._create(
           │    │               └ <classmethod object at 0x7fe08c8cfaf0>
           │    └ <class 'ssl.SSLSocket'>
           └ <ssl.SSLContext object at 0x7fddd01b11c0>
  File "/usr/lib/python3.8/ssl.py", line 1040, in _create
    self.do_handshake()
    │    └ <function SSLSocket.do_handshake at 0x7fe08c8d2d30>
    └ <ssl.SSLSocket [closed] fd=-1, family=AddressFamily.AF_INET, type=SocketKind.SOCK_STREAM, proto=6>
  File "/usr/lib/python3.8/ssl.py", line 1309, in do_handshake
    self._sslobj.do_handshake()
    │    └ None
    └ <ssl.SSLSocket [closed] fd=-1, family=AddressFamily.AF_INET, type=SocketKind.SOCK_STREAM, proto=6>

ssl.SSLError: [SSL: SSLV3_ALERT_HANDSHAKE_FAILURE] sslv3 alert handshake failure (_ssl.c:1131)


During handling of the above exception, another exception occurred:


Traceback (most recent call last):

  File "/home/chase/.local/lib/python3.8/site-packages/requests/adapters.py", line 439, in send
    resp = conn.urlopen(
           │    └ <function HTTPConnectionPool.urlopen at 0x7fe06b3fef70>
           └ <urllib3.connectionpool.HTTPSConnectionPool object at 0x7fdef04c3640>
  File "/home/chase/.local/lib/python3.8/site-packages/urllib3/connectionpool.py", line 755, in urlopen
    retries = retries.increment(
              │       └ <function Retry.increment at 0x7fe06b443280>
              └ Retry(total=0, connect=None, read=False, redirect=None, status=None)
  File "/home/chase/.local/lib/python3.8/site-packages/urllib3/util/retry.py", line 574, in increment
    raise MaxRetryError(_pool, url, error or ResponseError(cause))
          │             │      │    │        │             └ 'unknown'
          │             │      │    │        └ <class 'urllib3.exceptions.ResponseError'>
          │             │      │    └ SSLError(SSLError(1, '[SSL: SSLV3_ALERT_HANDSHAKE_FAILURE] sslv3 alert handshake failure (_ssl.c:1131)'))
          │             │      └ '/static/captcha/tuxing.html?ak=2ef521ec36290baed33d66de9b16f625&backurl=http%3A%2F%2Ftieba.baidu.com%2Ff%2Fsearch%2Fres%3Fis...
          │             └ <urllib3.connectionpool.HTTPSConnectionPool object at 0x7fdef04c3640>
          └ <class 'urllib3.exceptions.MaxRetryError'>

urllib3.exceptions.MaxRetryError: HTTPSConnectionPool(host='wappass.baidu.com', port=443): Max retries exceeded with url: /static/captcha/tuxing.html?ak=2ef521ec36290baed33d66de9b16f625&backurl=http%3A%2F%2Ftieba.baidu.com%2Ff%2Fsearch%2Fres%3Fisnew%3D1%26kw%3D%26qw%3D%25E6%2597%25A5%25E6%259C%25AC%25E7%25A0%2594%25E7%25A9%25B6%25E5%258F%2591%25E7%258E%25B0%25E5%25B0%258F%25E8%25A1%258C%25E6%2598%259F%25E6%25A0%25B7%25E6%259C%25AC%25E4%25B8%25AD%25E5%25AD%2598%25E5%259C%25A8%25E5%25A4%259A%25E7%25A7%258D%25E6%25B0%25A8%25E5%259F%25BA%25E9%2585%25B8%26rn%3D10%26un%3D%26only_thread%3D0%26sm%3D1%26sd%3D%26ed%3D%26pn%3D4&timestamp=1654678260&signature=84aeffef91f2d5ec14757a4d51663b5d (Caused by SSLError(SSLError(1, '[SSL: SSLV3_ALERT_HANDSHAKE_FAILURE] sslv3 alert handshake failure (_ssl.c:1131)')))


During handling of the above exception, another exception occurred:


Traceback (most recent call last):

  File "/usr/lib/python3.8/threading.py", line 890, in _bootstrap
    self._bootstrap_inner()
    │    └ <function Thread._bootstrap_inner at 0x7fe08f92ea60>
    └ <Thread(Thread-30501, started daemon 140588522444544)>
  File "/usr/lib/python3.8/threading.py", line 932, in _bootstrap_inner
    self.run()
    │    └ <function Thread.run at 0x7fe08f92e790>
    └ <Thread(Thread-30501, started daemon 140588522444544)>
  File "/usr/lib/python3.8/threading.py", line 870, in run
    self._target(*self._args, **self._kwargs)
    │    │        │    │        │    └ {}
    │    │        │    │        └ <Thread(Thread-30501, started daemon 140588522444544)>
    │    │        │    └ ('ProjectManager.run_func_by_thread',)
    │    │        └ <Thread(Thread-30501, started daemon 140588522444544)>
    │    └ <bound method ProjectManager.get_request_from_keywords_hot of <monitor.projectManager.ProjectManager object at 0x7fe063c65790>>
    └ <Thread(Thread-30501, started daemon 140588522444544)>

  File "/home/users/Scy/yuqing/spider/monitor/projectManager.py", line 833, in get_request_from_keywords_hot
    self.search_spider_manager.crawl_by_keyword(
    │    │                     └ <function SearchSpidersManager.crawl_by_keyword at 0x7fe063c71160>
    │    └ <monitor.spiderManager.SearchSpidersManager object at 0x7fe0638938b0>
    └ <monitor.projectManager.ProjectManager object at 0x7fe063c65790>

  File "/home/users/Scy/yuqing/spider/monitor/spiderManager.py", line 118, in crawl_by_keyword
    self.crawl_by_keyword_signal_platform(project_names, platform, keyword, crawl_time, project_times)
    │    │                                │              │         │        │           └ {'default': <monitor.TimeSection object at 0x7fe0639a2b80>}
    │    │                                │              │         │        └ <monitor.TimeSection object at 0x7fdcc92d9580>
    │    │                                │              │         └ '日本研究发现小行星样本中存在多种氨基酸'
    │    │                                │              └ '贴吧'
    │    │                                └ ['default']
    │    └ <function SearchSpidersManager.crawl_by_keyword_signal_platform at 0x7fe063c71280>
    └ <monitor.spiderManager.SearchSpidersManager object at 0x7fe0638938b0>

  File "/home/users/Scy/yuqing/spider/monitor/spiderManager.py", line 150, in crawl_by_keyword_signal_platform
    requests = self.get_request_from_keyword(platform, keyword_only, **crawl_time.to_dict())
               │    │                        │         │               │          └ <function TimeSection.to_dict at 0x7fe06b8931f0>
               │    │                        │         │               └ <monitor.TimeSection object at 0x7fdcc92d9580>
               │    │                        │         └ '日本研究发现小行星样本中存在多种氨基酸'
               │    │                        └ '贴吧'
               │    └ <function SearchSpidersManager.get_request_from_keyword at 0x7fe063c713a0>
               └ <monitor.spiderManager.SearchSpidersManager object at 0x7fe0638938b0>

  File "/home/users/Scy/yuqing/spider/monitor/spiderManager.py", line 214, in get_request_from_keyword
    for request in self.spiders[platform].get_request_from_keyword(headers, search_url, keyword, content_url,
                   │    │       │                                  │        │           │        └ None
                   │    │       │                                  │        │           └ '日本研究发现小行星样本中存在多种氨基酸'
                   │    │       │                                  │        └ <string.Template object at 0x7fdef0292640>
                   │    │       │                                  └ {'Connection': 'keep-alive', 'sec-ch-ua': "'Chromium';v='92',' Not A;Brand';v='99', 'Google Chrome';v='92'", 'sec-ch-ua-mobil...
                   │    │       └ '贴吧'
                   │    └ {'凤凰网': <monitor.searchSpiders.ifeng.Ifeng object at 0x7fe063893370>, '头条': <monitor.searchSpiders.toutiao.Toutiao object at ...
                   └ <monitor.spiderManager.SearchSpidersManager object at 0x7fe0638938b0>

> File "/home/users/Scy/yuqing/spider/monitor/searchSpiders/tieba.py", line 22, in get_request_from_keyword
    response = requests.get(url, headers=headers, timeout=50)
               │        │   │            └ {'Connection': 'keep-alive', 'sec-ch-ua': "'Chromium';v='92',' Not A;Brand';v='99', 'Google Chrome';v='92'", 'sec-ch-ua-mobil...
               │        │   └ 'https://tieba.baidu.com/f/search/res?isnew=1&kw=&qw=日本研究发现小行星样本中存在多种氨基酸&rn=10&un=&only_thread=0&sm=1&sd=&ed=&pn=4'
               │        └ <function get at 0x7fe06b2724c0>
               └ <module 'requests' from '/home/chase/.local/lib/python3.8/site-packages/requests/__init__.py'>

  File "/home/chase/.local/lib/python3.8/site-packages/requests/api.py", line 75, in get
    return request('get', url, params=params, **kwargs)
           │              │           │         └ {'headers': {'Connection': 'keep-alive', 'sec-ch-ua': "'Chromium';v='92',' Not A;Brand';v='99', 'Google Chrome';v='92'", 'sec...
           │              │           └ None
           │              └ 'https://tieba.baidu.com/f/search/res?isnew=1&kw=&qw=日本研究发现小行星样本中存在多种氨基酸&rn=10&un=&only_thread=0&sm=1&sd=&ed=&pn=4'
           └ <function request at 0x7fe06b268310>
  File "/home/chase/.local/lib/python3.8/site-packages/requests/api.py", line 61, in request
    return session.request(method=method, url=url, **kwargs)
           │       │              │           │      └ {'params': None, 'headers': {'Connection': 'keep-alive', 'sec-ch-ua': "'Chromium';v='92',' Not A;Brand';v='99', 'Google Chrom...
           │       │              │           └ 'https://tieba.baidu.com/f/search/res?isnew=1&kw=&qw=日本研究发现小行星样本中存在多种氨基酸&rn=10&un=&only_thread=0&sm=1&sd=&ed=&pn=4'
           │       │              └ 'get'
           │       └ <function Session.request at 0x7fe06b27bc10>
           └ <requests.sessions.Session object at 0x7fde90217970>
  File "/home/chase/.local/lib/python3.8/site-packages/requests/sessions.py", line 542, in request
    resp = self.send(prep, **send_kwargs)
           │    │    │       └ {'timeout': 50, 'allow_redirects': True, 'verify': True, 'proxies': OrderedDict(), 'stream': False, 'cert': None}
           │    │    └ <PreparedRequest [GET]>
           │    └ <function Session.send at 0x7fe06b2720d0>
           └ <requests.sessions.Session object at 0x7fde90217970>
  File "/home/chase/.local/lib/python3.8/site-packages/requests/sessions.py", line 677, in send
    history = [resp for resp in gen]
                                └ <generator object SessionRedirectMixin.resolve_redirects at 0x7fdf74108510>
  File "/home/chase/.local/lib/python3.8/site-packages/requests/sessions.py", line 677, in <listcomp>
    history = [resp for resp in gen]
  File "/home/chase/.local/lib/python3.8/site-packages/requests/sessions.py", line 237, in resolve_redirects
    resp = self.send(
           │    └ <function Session.send at 0x7fe06b2720d0>
           └ <requests.sessions.Session object at 0x7fde90217970>
  File "/home/chase/.local/lib/python3.8/site-packages/requests/sessions.py", line 655, in send
    r = adapter.send(request, **kwargs)
        │       │    │          └ {'stream': False, 'timeout': 50, 'verify': True, 'cert': None, 'proxies': OrderedDict()}
        │       │    └ <PreparedRequest [GET]>
        │       └ <function HTTPAdapter.send at 0x7fe06b27b550>
        └ <requests.adapters.HTTPAdapter object at 0x7fdccc4ed400>
  File "/home/chase/.local/lib/python3.8/site-packages/requests/adapters.py", line 514, in send
    raise SSLError(e, request=request)
          │                   └ <PreparedRequest [GET]>
          └ <class 'requests.exceptions.SSLError'>

requests.exceptions.SSLError: HTTPSConnectionPool(host='wappass.baidu.com', port=443): Max retries exceeded with url: /static/captcha/tuxing.html?ak=2ef521ec36290baed33d66de9b16f625&backurl=http%3A%2F%2Ftieba.baidu.com%2Ff%2Fsearch%2Fres%3Fisnew%3D1%26kw%3D%26qw%3D%25E6%2597%25A5%25E6%259C%25AC%25E7%25A0%2594%25E7%25A9%25B6%25E5%258F%2591%25E7%258E%25B0%25E5%25B0%258F%25E8%25A1%258C%25E6%2598%259F%25E6%25A0%25B7%25E6%259C%25AC%25E4%25B8%25AD%25E5%25AD%2598%25E5%259C%25A8%25E5%25A4%259A%25E7%25A7%258D%25E6%25B0%25A8%25E5%259F%25BA%25E9%2585%25B8%26rn%3D10%26un%3D%26only_thread%3D0%26sm%3D1%26sd%3D%26ed%3D%26pn%3D4&timestamp=1654678260&signature=84aeffef91f2d5ec14757a4d51663b5d (Caused by SSLError(SSLError(1, '[SSL: SSLV3_ALERT_HANDSHAKE_FAILURE] sslv3 alert handshake failure (_ssl.c:1131)')))
2022-06-08 16:51:50.254 | ERROR    | monitor.searchSpiders.tieba:get_request_from_keyword:34 - E 贴吧错误HTTPSConnectionPool(host='wappass.baidu.com', port=443): Max retries exceeded with url: /static/captcha/tuxing.html?ak=2ef521ec36290baed33d66de9b16f625&backurl=http%3A%2F%2Ftieba.baidu.com%2Ff%2Fsearch%2Fres%3Fisnew%3D1%26kw%3D%26qw%3D%25E4%25B8%25AD%25E4%25BC%2581%25E5%258A%25A9%25E5%258A%259B%25E6%25B3%25B0%25E5%259B%25BD%25E6%2591%25A9%25E6%2589%2598%25E8%25BD%25A6%25E7%2594%25B5%25E6%25B0%2594%25E5%258C%2596%25E8%25BD%25AC%25E5%259E%258B%26rn%3D10%26un%3D%26only_thread%3D0%26sm%3D1%26sd%3D%26ed%3D%26pn%3D7&timestamp=1654678310&signature=344b942e79ed5f3cd62955a2940e3611 (Caused by SSLError(SSLError(1, '[SSL: SSLV3_ALERT_HANDSHAKE_FAILURE] sslv3 alert handshake failure (_ssl.c:1131)')))
Traceback (most recent call last):

  File "/home/chase/.local/lib/python3.8/site-packages/urllib3/connectionpool.py", line 699, in urlopen
    httplib_response = self._make_request(
                       │    └ <function HTTPConnectionPool._make_request at 0x7fe06b3fed30>
                       └ <urllib3.connectionpool.HTTPSConnectionPool object at 0x7fdcd31d68b0>
  File "/home/chase/.local/lib/python3.8/site-packages/urllib3/connectionpool.py", line 382, in _make_request
    self._validate_conn(conn)
    │    │              └ <urllib3.connection.HTTPSConnection object at 0x7fdcf76dedf0>
    │    └ <function HTTPSConnectionPool._validate_conn at 0x7fe06b3ff280>
    └ <urllib3.connectionpool.HTTPSConnectionPool object at 0x7fdcd31d68b0>
  File "/home/chase/.local/lib/python3.8/site-packages/urllib3/connectionpool.py", line 1010, in _validate_conn
    conn.connect()
    │    └ <function HTTPSConnection.connect at 0x7fe06b46d940>
    └ <urllib3.connection.HTTPSConnection object at 0x7fdcf76dedf0>
  File "/home/chase/.local/lib/python3.8/site-packages/urllib3/connection.py", line 416, in connect
    self.sock = ssl_wrap_socket(
    │    │      └ <function ssl_wrap_socket at 0x7fe06b468670>
    │    └ None
    └ <urllib3.connection.HTTPSConnection object at 0x7fdcf76dedf0>
  File "/home/chase/.local/lib/python3.8/site-packages/urllib3/util/ssl_.py", line 449, in ssl_wrap_socket
    ssl_sock = _ssl_wrap_socket_impl(
               └ <function _ssl_wrap_socket_impl at 0x7fe06b468820>
  File "/home/chase/.local/lib/python3.8/site-packages/urllib3/util/ssl_.py", line 493, in _ssl_wrap_socket_impl
    return ssl_context.wrap_socket(sock, server_hostname=server_hostname)
           │           │           │                     └ 'wappass.baidu.com'
           │           │           └ <socket.socket [closed] fd=-1, family=AddressFamily.AF_INET, type=SocketKind.SOCK_STREAM, proto=6>
           │           └ <function SSLContext.wrap_socket at 0x7fe08118de50>
           └ <ssl.SSLContext object at 0x7fdd2f3971c0>
  File "/usr/lib/python3.8/ssl.py", line 500, in wrap_socket
    return self.sslsocket_class._create(
           │    │               └ <classmethod object at 0x7fe08c8cfaf0>
           │    └ <class 'ssl.SSLSocket'>
           └ <ssl.SSLContext object at 0x7fdd2f3971c0>
  File "/usr/lib/python3.8/ssl.py", line 1040, in _create
    self.do_handshake()
    │    └ <function SSLSocket.do_handshake at 0x7fe08c8d2d30>
    └ <ssl.SSLSocket [closed] fd=-1, family=AddressFamily.AF_INET, type=SocketKind.SOCK_STREAM, proto=6>
  File "/usr/lib/python3.8/ssl.py", line 1309, in do_handshake
    self._sslobj.do_handshake()
    │    └ None
    └ <ssl.SSLSocket [closed] fd=-1, family=AddressFamily.AF_INET, type=SocketKind.SOCK_STREAM, proto=6>

ssl.SSLError: [SSL: SSLV3_ALERT_HANDSHAKE_FAILURE] sslv3 alert handshake failure (_ssl.c:1131)


During handling of the above exception, another exception occurred:


Traceback (most recent call last):

  File "/home/chase/.local/lib/python3.8/site-packages/requests/adapters.py", line 439, in send
    resp = conn.urlopen(
           │    └ <function HTTPConnectionPool.urlopen at 0x7fe06b3fef70>
           └ <urllib3.connectionpool.HTTPSConnectionPool object at 0x7fdcd31d68b0>
  File "/home/chase/.local/lib/python3.8/site-packages/urllib3/connectionpool.py", line 755, in urlopen
    retries = retries.increment(
              │       └ <function Retry.increment at 0x7fe06b443280>
              └ Retry(total=0, connect=None, read=False, redirect=None, status=None)
  File "/home/chase/.local/lib/python3.8/site-packages/urllib3/util/retry.py", line 574, in increment
    raise MaxRetryError(_pool, url, error or ResponseError(cause))
          │             │      │    │        │             └ 'unknown'
          │             │      │    │        └ <class 'urllib3.exceptions.ResponseError'>
          │             │      │    └ SSLError(SSLError(1, '[SSL: SSLV3_ALERT_HANDSHAKE_FAILURE] sslv3 alert handshake failure (_ssl.c:1131)'))
          │             │      └ '/static/captcha/tuxing.html?ak=2ef521ec36290baed33d66de9b16f625&backurl=http%3A%2F%2Ftieba.baidu.com%2Ff%2Fsearch%2Fres%3Fis...
          │             └ <urllib3.connectionpool.HTTPSConnectionPool object at 0x7fdcd31d68b0>
          └ <class 'urllib3.exceptions.MaxRetryError'>

urllib3.exceptions.MaxRetryError: HTTPSConnectionPool(host='wappass.baidu.com', port=443): Max retries exceeded with url: /static/captcha/tuxing.html?ak=2ef521ec36290baed33d66de9b16f625&backurl=http%3A%2F%2Ftieba.baidu.com%2Ff%2Fsearch%2Fres%3Fisnew%3D1%26kw%3D%26qw%3D%25E4%25B8%25AD%25E4%25BC%2581%25E5%258A%25A9%25E5%258A%259B%25E6%25B3%25B0%25E5%259B%25BD%25E6%2591%25A9%25E6%2589%2598%25E8%25BD%25A6%25E7%2594%25B5%25E6%25B0%2594%25E5%258C%2596%25E8%25BD%25AC%25E5%259E%258B%26rn%3D10%26un%3D%26only_thread%3D0%26sm%3D1%26sd%3D%26ed%3D%26pn%3D7&timestamp=1654678310&signature=344b942e79ed5f3cd62955a2940e3611 (Caused by SSLError(SSLError(1, '[SSL: SSLV3_ALERT_HANDSHAKE_FAILURE] sslv3 alert handshake failure (_ssl.c:1131)')))


During handling of the above exception, another exception occurred:


Traceback (most recent call last):

  File "/usr/lib/python3.8/threading.py", line 890, in _bootstrap
    self._bootstrap_inner()
    │    └ <function Thread._bootstrap_inner at 0x7fe08f92ea60>
    └ <Thread(Thread-31455, started daemon 140595007842048)>
  File "/usr/lib/python3.8/threading.py", line 932, in _bootstrap_inner
    self.run()
    │    └ <function Thread.run at 0x7fe08f92e790>
    └ <Thread(Thread-31455, started daemon 140595007842048)>
  File "/usr/lib/python3.8/threading.py", line 870, in run
    self._target(*self._args, **self._kwargs)
    │    │        │    │        │    └ {}
    │    │        │    │        └ <Thread(Thread-31455, started daemon 140595007842048)>
    │    │        │    └ ('ProjectManager.run_func_by_thread',)
    │    │        └ <Thread(Thread-31455, started daemon 140595007842048)>
    │    └ <bound method ProjectManager.get_request_from_keywords_hot of <monitor.projectManager.ProjectManager object at 0x7fe063c65790>>
    └ <Thread(Thread-31455, started daemon 140595007842048)>

  File "/home/users/Scy/yuqing/spider/monitor/projectManager.py", line 833, in get_request_from_keywords_hot
    self.search_spider_manager.crawl_by_keyword(
    │    │                     └ <function SearchSpidersManager.crawl_by_keyword at 0x7fe063c71160>
    │    └ <monitor.spiderManager.SearchSpidersManager object at 0x7fe0638938b0>
    └ <monitor.projectManager.ProjectManager object at 0x7fe063c65790>

  File "/home/users/Scy/yuqing/spider/monitor/spiderManager.py", line 118, in crawl_by_keyword
    self.crawl_by_keyword_signal_platform(project_names, platform, keyword, crawl_time, project_times)
    │    │                                │              │         │        │           └ {'default': <monitor.TimeSection object at 0x7fe0639a2b80>}
    │    │                                │              │         │        └ <monitor.TimeSection object at 0x7fdda2244280>
    │    │                                │              │         └ '中企助力泰国摩托车电气化转型'
    │    │                                │              └ '贴吧'
    │    │                                └ ['default']
    │    └ <function SearchSpidersManager.crawl_by_keyword_signal_platform at 0x7fe063c71280>
    └ <monitor.spiderManager.SearchSpidersManager object at 0x7fe0638938b0>

  File "/home/users/Scy/yuqing/spider/monitor/spiderManager.py", line 150, in crawl_by_keyword_signal_platform
    requests = self.get_request_from_keyword(platform, keyword_only, **crawl_time.to_dict())
               │    │                        │         │               │          └ <function TimeSection.to_dict at 0x7fe06b8931f0>
               │    │                        │         │               └ <monitor.TimeSection object at 0x7fdda2244280>
               │    │                        │         └ '中企助力泰国摩托车电气化转型'
               │    │                        └ '贴吧'
               │    └ <function SearchSpidersManager.get_request_from_keyword at 0x7fe063c713a0>
               └ <monitor.spiderManager.SearchSpidersManager object at 0x7fe0638938b0>

  File "/home/users/Scy/yuqing/spider/monitor/spiderManager.py", line 214, in get_request_from_keyword
    for request in self.spiders[platform].get_request_from_keyword(headers, search_url, keyword, content_url,
                   │    │       │                                  │        │           │        └ None
                   │    │       │                                  │        │           └ '中企助力泰国摩托车电气化转型'
                   │    │       │                                  │        └ <string.Template object at 0x7fdf544fdb80>
                   │    │       │                                  └ {'Connection': 'keep-alive', 'sec-ch-ua': "'Chromium';v='92',' Not A;Brand';v='99', 'Google Chrome';v='92'", 'sec-ch-ua-mobil...
                   │    │       └ '贴吧'
                   │    └ {'凤凰网': <monitor.searchSpiders.ifeng.Ifeng object at 0x7fe063893370>, '头条': <monitor.searchSpiders.toutiao.Toutiao object at ...
                   └ <monitor.spiderManager.SearchSpidersManager object at 0x7fe0638938b0>

> File "/home/users/Scy/yuqing/spider/monitor/searchSpiders/tieba.py", line 22, in get_request_from_keyword
    response = requests.get(url, headers=headers, timeout=50)
               │        │   │            └ {'Connection': 'keep-alive', 'sec-ch-ua': "'Chromium';v='92',' Not A;Brand';v='99', 'Google Chrome';v='92'", 'sec-ch-ua-mobil...
               │        │   └ 'https://tieba.baidu.com/f/search/res?isnew=1&kw=&qw=中企助力泰国摩托车电气化转型&rn=10&un=&only_thread=0&sm=1&sd=&ed=&pn=7'
               │        └ <function get at 0x7fe06b2724c0>
               └ <module 'requests' from '/home/chase/.local/lib/python3.8/site-packages/requests/__init__.py'>

  File "/home/chase/.local/lib/python3.8/site-packages/requests/api.py", line 75, in get
    return request('get', url, params=params, **kwargs)
           │              │           │         └ {'headers': {'Connection': 'keep-alive', 'sec-ch-ua': "'Chromium';v='92',' Not A;Brand';v='99', 'Google Chrome';v='92'", 'sec...
           │              │           └ None
           │              └ 'https://tieba.baidu.com/f/search/res?isnew=1&kw=&qw=中企助力泰国摩托车电气化转型&rn=10&un=&only_thread=0&sm=1&sd=&ed=&pn=7'
           └ <function request at 0x7fe06b268310>
  File "/home/chase/.local/lib/python3.8/site-packages/requests/api.py", line 61, in request
    return session.request(method=method, url=url, **kwargs)
           │       │              │           │      └ {'params': None, 'headers': {'Connection': 'keep-alive', 'sec-ch-ua': "'Chromium';v='92',' Not A;Brand';v='99', 'Google Chrom...
           │       │              │           └ 'https://tieba.baidu.com/f/search/res?isnew=1&kw=&qw=中企助力泰国摩托车电气化转型&rn=10&un=&only_thread=0&sm=1&sd=&ed=&pn=7'
           │       │              └ 'get'
           │       └ <function Session.request at 0x7fe06b27bc10>
           └ <requests.sessions.Session object at 0x7fde9077d070>
  File "/home/chase/.local/lib/python3.8/site-packages/requests/sessions.py", line 542, in request
    resp = self.send(prep, **send_kwargs)
           │    │    │       └ {'timeout': 50, 'allow_redirects': True, 'verify': True, 'proxies': OrderedDict(), 'stream': False, 'cert': None}
           │    │    └ <PreparedRequest [GET]>
           │    └ <function Session.send at 0x7fe06b2720d0>
           └ <requests.sessions.Session object at 0x7fde9077d070>
  File "/home/chase/.local/lib/python3.8/site-packages/requests/sessions.py", line 677, in send
    history = [resp for resp in gen]
                                └ <generator object SessionRedirectMixin.resolve_redirects at 0x7fde50fb4eb0>
  File "/home/chase/.local/lib/python3.8/site-packages/requests/sessions.py", line 677, in <listcomp>
    history = [resp for resp in gen]
  File "/home/chase/.local/lib/python3.8/site-packages/requests/sessions.py", line 237, in resolve_redirects
    resp = self.send(
           │    └ <function Session.send at 0x7fe06b2720d0>
           └ <requests.sessions.Session object at 0x7fde9077d070>
  File "/home/chase/.local/lib/python3.8/site-packages/requests/sessions.py", line 655, in send
    r = adapter.send(request, **kwargs)
        │       │    │          └ {'stream': False, 'timeout': 50, 'verify': True, 'cert': None, 'proxies': OrderedDict()}
        │       │    └ <PreparedRequest [GET]>
        │       └ <function HTTPAdapter.send at 0x7fe06b27b550>
        └ <requests.adapters.HTTPAdapter object at 0x7fded0134d30>
  File "/home/chase/.local/lib/python3.8/site-packages/requests/adapters.py", line 514, in send
    raise SSLError(e, request=request)
          │                   └ <PreparedRequest [GET]>
          └ <class 'requests.exceptions.SSLError'>

requests.exceptions.SSLError: HTTPSConnectionPool(host='wappass.baidu.com', port=443): Max retries exceeded with url: /static/captcha/tuxing.html?ak=2ef521ec36290baed33d66de9b16f625&backurl=http%3A%2F%2Ftieba.baidu.com%2Ff%2Fsearch%2Fres%3Fisnew%3D1%26kw%3D%26qw%3D%25E4%25B8%25AD%25E4%25BC%2581%25E5%258A%25A9%25E5%258A%259B%25E6%25B3%25B0%25E5%259B%25BD%25E6%2591%25A9%25E6%2589%2598%25E8%25BD%25A6%25E7%2594%25B5%25E6%25B0%2594%25E5%258C%2596%25E8%25BD%25AC%25E5%259E%258B%26rn%3D10%26un%3D%26only_thread%3D0%26sm%3D1%26sd%3D%26ed%3D%26pn%3D7&timestamp=1654678310&signature=344b942e79ed5f3cd62955a2940e3611 (Caused by SSLError(SSLError(1, '[SSL: SSLV3_ALERT_HANDSHAKE_FAILURE] sslv3 alert handshake failure (_ssl.c:1131)')))
2022-06-08 17:00:40.281 | ERROR    | monitor.searchSpiders.tieba:get_request_from_keyword:34 - E 贴吧错误HTTPSConnectionPool(host='wappass.baidu.com', port=443): Max retries exceeded with url: /static/captcha/tuxing.html?ak=2ef521ec36290baed33d66de9b16f625&backurl=http%3A%2F%2Ftieba.baidu.com%2Ff%2Fsearch%2Fres%3Fisnew%3D1%26kw%3D%26qw%3D%25E4%25B8%2593%25E8%25AE%25BF%25EF%25BC%259A%25E7%25BE%258E%25E6%25BF%2580%25E8%25BF%259B%25E8%25B4%25A7%25E5%25B8%2581%25E6%2594%25BF%25E7%25AD%2596%25E5%25B0%2586%25E9%2598%25BB%25E7%25A2%258D%25E5%25A2%25A8%25E8%25A5%25BF%25E5%2593%25A5%25E7%25AD%2589%25E6%2596%25B0%25E5%2585%25B4%25E7%25BB%258F%25E6%25B5%258E%25E4%25BD%2593%25E5%25A4%258D%25E8%258B%258F%25E2%2580%2594%25E2%2580%2594%25E8%25AE%25BF%25E2%2580%25A6%26rn%3D10%26un%3D%26only_thread%3D0%26sm%3D1%26sd%3D%26ed%3D%26pn%3D5&timestamp=1654678840&signature=c3262d228d15b78f02033cb088650efe (Caused by SSLError(SSLError(1, '[SSL: SSLV3_ALERT_HANDSHAKE_FAILURE] sslv3 alert handshake failure (_ssl.c:1131)')))
Traceback (most recent call last):

  File "/home/chase/.local/lib/python3.8/site-packages/urllib3/connectionpool.py", line 699, in urlopen
    httplib_response = self._make_request(
                       │    └ <function HTTPConnectionPool._make_request at 0x7fe06b3fed30>
                       └ <urllib3.connectionpool.HTTPSConnectionPool object at 0x7fe06cd774f0>
  File "/home/chase/.local/lib/python3.8/site-packages/urllib3/connectionpool.py", line 382, in _make_request
    self._validate_conn(conn)
    │    │              └ <urllib3.connection.HTTPSConnection object at 0x7fe0603ffee0>
    │    └ <function HTTPSConnectionPool._validate_conn at 0x7fe06b3ff280>
    └ <urllib3.connectionpool.HTTPSConnectionPool object at 0x7fe06cd774f0>
  File "/home/chase/.local/lib/python3.8/site-packages/urllib3/connectionpool.py", line 1010, in _validate_conn
    conn.connect()
    │    └ <function HTTPSConnection.connect at 0x7fe06b46d940>
    └ <urllib3.connection.HTTPSConnection object at 0x7fe0603ffee0>
  File "/home/chase/.local/lib/python3.8/site-packages/urllib3/connection.py", line 416, in connect
    self.sock = ssl_wrap_socket(
    │    │      └ <function ssl_wrap_socket at 0x7fe06b468670>
    │    └ None
    └ <urllib3.connection.HTTPSConnection object at 0x7fe0603ffee0>
  File "/home/chase/.local/lib/python3.8/site-packages/urllib3/util/ssl_.py", line 449, in ssl_wrap_socket
    ssl_sock = _ssl_wrap_socket_impl(
               └ <function _ssl_wrap_socket_impl at 0x7fe06b468820>
  File "/home/chase/.local/lib/python3.8/site-packages/urllib3/util/ssl_.py", line 493, in _ssl_wrap_socket_impl
    return ssl_context.wrap_socket(sock, server_hostname=server_hostname)
           │           │           │                     └ 'wappass.baidu.com'
           │           │           └ <socket.socket [closed] fd=-1, family=AddressFamily.AF_INET, type=SocketKind.SOCK_STREAM, proto=6>
           │           └ <function SSLContext.wrap_socket at 0x7fe08118de50>
           └ <ssl.SSLContext object at 0x7fdd2d284ec0>
  File "/usr/lib/python3.8/ssl.py", line 500, in wrap_socket
    return self.sslsocket_class._create(
           │    │               └ <classmethod object at 0x7fe08c8cfaf0>
           │    └ <class 'ssl.SSLSocket'>
           └ <ssl.SSLContext object at 0x7fdd2d284ec0>
  File "/usr/lib/python3.8/ssl.py", line 1040, in _create
    self.do_handshake()
    │    └ <function SSLSocket.do_handshake at 0x7fe08c8d2d30>
    └ <ssl.SSLSocket [closed] fd=-1, family=AddressFamily.AF_INET, type=SocketKind.SOCK_STREAM, proto=6>
  File "/usr/lib/python3.8/ssl.py", line 1309, in do_handshake
    self._sslobj.do_handshake()
    │    └ None
    └ <ssl.SSLSocket [closed] fd=-1, family=AddressFamily.AF_INET, type=SocketKind.SOCK_STREAM, proto=6>

ssl.SSLError: [SSL: SSLV3_ALERT_HANDSHAKE_FAILURE] sslv3 alert handshake failure (_ssl.c:1131)


During handling of the above exception, another exception occurred:


Traceback (most recent call last):

  File "/home/chase/.local/lib/python3.8/site-packages/requests/adapters.py", line 439, in send
    resp = conn.urlopen(
           │    └ <function HTTPConnectionPool.urlopen at 0x7fe06b3fef70>
           └ <urllib3.connectionpool.HTTPSConnectionPool object at 0x7fe06cd774f0>
  File "/home/chase/.local/lib/python3.8/site-packages/urllib3/connectionpool.py", line 755, in urlopen
    retries = retries.increment(
              │       └ <function Retry.increment at 0x7fe06b443280>
              └ Retry(total=0, connect=None, read=False, redirect=None, status=None)
  File "/home/chase/.local/lib/python3.8/site-packages/urllib3/util/retry.py", line 574, in increment
    raise MaxRetryError(_pool, url, error or ResponseError(cause))
          │             │      │    │        │             └ 'unknown'
          │             │      │    │        └ <class 'urllib3.exceptions.ResponseError'>
          │             │      │    └ SSLError(SSLError(1, '[SSL: SSLV3_ALERT_HANDSHAKE_FAILURE] sslv3 alert handshake failure (_ssl.c:1131)'))
          │             │      └ '/static/captcha/tuxing.html?ak=2ef521ec36290baed33d66de9b16f625&backurl=http%3A%2F%2Ftieba.baidu.com%2Ff%2Fsearch%2Fres%3Fis...
          │             └ <urllib3.connectionpool.HTTPSConnectionPool object at 0x7fe06cd774f0>
          └ <class 'urllib3.exceptions.MaxRetryError'>

urllib3.exceptions.MaxRetryError: HTTPSConnectionPool(host='wappass.baidu.com', port=443): Max retries exceeded with url: /static/captcha/tuxing.html?ak=2ef521ec36290baed33d66de9b16f625&backurl=http%3A%2F%2Ftieba.baidu.com%2Ff%2Fsearch%2Fres%3Fisnew%3D1%26kw%3D%26qw%3D%25E4%25B8%2593%25E8%25AE%25BF%25EF%25BC%259A%25E7%25BE%258E%25E6%25BF%2580%25E8%25BF%259B%25E8%25B4%25A7%25E5%25B8%2581%25E6%2594%25BF%25E7%25AD%2596%25E5%25B0%2586%25E9%2598%25BB%25E7%25A2%258D%25E5%25A2%25A8%25E8%25A5%25BF%25E5%2593%25A5%25E7%25AD%2589%25E6%2596%25B0%25E5%2585%25B4%25E7%25BB%258F%25E6%25B5%258E%25E4%25BD%2593%25E5%25A4%258D%25E8%258B%258F%25E2%2580%2594%25E2%2580%2594%25E8%25AE%25BF%25E2%2580%25A6%26rn%3D10%26un%3D%26only_thread%3D0%26sm%3D1%26sd%3D%26ed%3D%26pn%3D5&timestamp=1654678840&signature=c3262d228d15b78f02033cb088650efe (Caused by SSLError(SSLError(1, '[SSL: SSLV3_ALERT_HANDSHAKE_FAILURE] sslv3 alert handshake failure (_ssl.c:1131)')))


During handling of the above exception, another exception occurred:


Traceback (most recent call last):

  File "/usr/lib/python3.8/threading.py", line 890, in _bootstrap
    self._bootstrap_inner()
    │    └ <function Thread._bootstrap_inner at 0x7fe08f92ea60>
    └ <Thread(Thread-31953, started daemon 140589831706368)>
  File "/usr/lib/python3.8/threading.py", line 932, in _bootstrap_inner
    self.run()
    │    └ <function Thread.run at 0x7fe08f92e790>
    └ <Thread(Thread-31953, started daemon 140589831706368)>
  File "/usr/lib/python3.8/threading.py", line 870, in run
    self._target(*self._args, **self._kwargs)
    │    │        │    │        │    └ {}
    │    │        │    │        └ <Thread(Thread-31953, started daemon 140589831706368)>
    │    │        │    └ ('ProjectManager.run_func_by_thread',)
    │    │        └ <Thread(Thread-31953, started daemon 140589831706368)>
    │    └ <bound method ProjectManager.get_request_from_keywords_hot of <monitor.projectManager.ProjectManager object at 0x7fe063c65790>>
    └ <Thread(Thread-31953, started daemon 140589831706368)>

  File "/home/users/Scy/yuqing/spider/monitor/projectManager.py", line 833, in get_request_from_keywords_hot
    self.search_spider_manager.crawl_by_keyword(
    │    │                     └ <function SearchSpidersManager.crawl_by_keyword at 0x7fe063c71160>
    │    └ <monitor.spiderManager.SearchSpidersManager object at 0x7fe0638938b0>
    └ <monitor.projectManager.ProjectManager object at 0x7fe063c65790>

  File "/home/users/Scy/yuqing/spider/monitor/spiderManager.py", line 118, in crawl_by_keyword
    self.crawl_by_keyword_signal_platform(project_names, platform, keyword, crawl_time, project_times)
    │    │                                │              │         │        │           └ {'default': <monitor.TimeSection object at 0x7fe0639a2b80>}
    │    │                                │              │         │        └ <monitor.TimeSection object at 0x7fdd0c443460>
    │    │                                │              │         └ '专访：美激进货币政策将阻碍墨西哥等新兴经济体复苏——访…'
    │    │                                │              └ '贴吧'
    │    │                                └ ['default']
    │    └ <function SearchSpidersManager.crawl_by_keyword_signal_platform at 0x7fe063c71280>
    └ <monitor.spiderManager.SearchSpidersManager object at 0x7fe0638938b0>

  File "/home/users/Scy/yuqing/spider/monitor/spiderManager.py", line 150, in crawl_by_keyword_signal_platform
    requests = self.get_request_from_keyword(platform, keyword_only, **crawl_time.to_dict())
               │    │                        │         │               │          └ <function TimeSection.to_dict at 0x7fe06b8931f0>
               │    │                        │         │               └ <monitor.TimeSection object at 0x7fdd0c443460>
               │    │                        │         └ '专访：美激进货币政策将阻碍墨西哥等新兴经济体复苏——访…'
               │    │                        └ '贴吧'
               │    └ <function SearchSpidersManager.get_request_from_keyword at 0x7fe063c713a0>
               └ <monitor.spiderManager.SearchSpidersManager object at 0x7fe0638938b0>

  File "/home/users/Scy/yuqing/spider/monitor/spiderManager.py", line 214, in get_request_from_keyword
    for request in self.spiders[platform].get_request_from_keyword(headers, search_url, keyword, content_url,
                   │    │       │                                  │        │           │        └ None
                   │    │       │                                  │        │           └ '专访：美激进货币政策将阻碍墨西哥等新兴经济体复苏——访…'
                   │    │       │                                  │        └ <string.Template object at 0x7fdd3d6ef0a0>
                   │    │       │                                  └ {'Connection': 'keep-alive', 'sec-ch-ua': "'Chromium';v='92',' Not A;Brand';v='99', 'Google Chrome';v='92'", 'sec-ch-ua-mobil...
                   │    │       └ '贴吧'
                   │    └ {'凤凰网': <monitor.searchSpiders.ifeng.Ifeng object at 0x7fe063893370>, '头条': <monitor.searchSpiders.toutiao.Toutiao object at ...
                   └ <monitor.spiderManager.SearchSpidersManager object at 0x7fe0638938b0>

> File "/home/users/Scy/yuqing/spider/monitor/searchSpiders/tieba.py", line 22, in get_request_from_keyword
    response = requests.get(url, headers=headers, timeout=50)
               │        │   │            └ {'Connection': 'keep-alive', 'sec-ch-ua': "'Chromium';v='92',' Not A;Brand';v='99', 'Google Chrome';v='92'", 'sec-ch-ua-mobil...
               │        │   └ 'https://tieba.baidu.com/f/search/res?isnew=1&kw=&qw=专访：美激进货币政策将阻碍墨西哥等新兴经济体复苏——访…&rn=10&un=&only_thread=0&sm=1&sd=&ed=&pn=5'
               │        └ <function get at 0x7fe06b2724c0>
               └ <module 'requests' from '/home/chase/.local/lib/python3.8/site-packages/requests/__init__.py'>

  File "/home/chase/.local/lib/python3.8/site-packages/requests/api.py", line 75, in get
    return request('get', url, params=params, **kwargs)
           │              │           │         └ {'headers': {'Connection': 'keep-alive', 'sec-ch-ua': "'Chromium';v='92',' Not A;Brand';v='99', 'Google Chrome';v='92'", 'sec...
           │              │           └ None
           │              └ 'https://tieba.baidu.com/f/search/res?isnew=1&kw=&qw=专访：美激进货币政策将阻碍墨西哥等新兴经济体复苏——访…&rn=10&un=&only_thread=0&sm=1&sd=&ed=&pn=5'
           └ <function request at 0x7fe06b268310>
  File "/home/chase/.local/lib/python3.8/site-packages/requests/api.py", line 61, in request
    return session.request(method=method, url=url, **kwargs)
           │       │              │           │      └ {'params': None, 'headers': {'Connection': 'keep-alive', 'sec-ch-ua': "'Chromium';v='92',' Not A;Brand';v='99', 'Google Chrom...
           │       │              │           └ 'https://tieba.baidu.com/f/search/res?isnew=1&kw=&qw=专访：美激进货币政策将阻碍墨西哥等新兴经济体复苏——访…&rn=10&un=&only_thread=0&sm=1&sd=&ed=&pn=5'
           │       │              └ 'get'
           │       └ <function Session.request at 0x7fe06b27bc10>
           └ <requests.sessions.Session object at 0x7fdeb027b790>
  File "/home/chase/.local/lib/python3.8/site-packages/requests/sessions.py", line 542, in request
    resp = self.send(prep, **send_kwargs)
           │    │    │       └ {'timeout': 50, 'allow_redirects': True, 'verify': True, 'proxies': OrderedDict(), 'stream': False, 'cert': None}
           │    │    └ <PreparedRequest [GET]>
           │    └ <function Session.send at 0x7fe06b2720d0>
           └ <requests.sessions.Session object at 0x7fdeb027b790>
  File "/home/chase/.local/lib/python3.8/site-packages/requests/sessions.py", line 677, in send
    history = [resp for resp in gen]
                                └ <generator object SessionRedirectMixin.resolve_redirects at 0x7fde706722e0>
  File "/home/chase/.local/lib/python3.8/site-packages/requests/sessions.py", line 677, in <listcomp>
    history = [resp for resp in gen]
  File "/home/chase/.local/lib/python3.8/site-packages/requests/sessions.py", line 237, in resolve_redirects
    resp = self.send(
           │    └ <function Session.send at 0x7fe06b2720d0>
           └ <requests.sessions.Session object at 0x7fdeb027b790>
  File "/home/chase/.local/lib/python3.8/site-packages/requests/sessions.py", line 655, in send
    r = adapter.send(request, **kwargs)
        │       │    │          └ {'stream': False, 'timeout': 50, 'verify': True, 'cert': None, 'proxies': OrderedDict()}
        │       │    └ <PreparedRequest [GET]>
        │       └ <function HTTPAdapter.send at 0x7fe06b27b550>
        └ <requests.adapters.HTTPAdapter object at 0x7fdf1059f430>
  File "/home/chase/.local/lib/python3.8/site-packages/requests/adapters.py", line 514, in send
    raise SSLError(e, request=request)
          │                   └ <PreparedRequest [GET]>
          └ <class 'requests.exceptions.SSLError'>

requests.exceptions.SSLError: HTTPSConnectionPool(host='wappass.baidu.com', port=443): Max retries exceeded with url: /static/captcha/tuxing.html?ak=2ef521ec36290baed33d66de9b16f625&backurl=http%3A%2F%2Ftieba.baidu.com%2Ff%2Fsearch%2Fres%3Fisnew%3D1%26kw%3D%26qw%3D%25E4%25B8%2593%25E8%25AE%25BF%25EF%25BC%259A%25E7%25BE%258E%25E6%25BF%2580%25E8%25BF%259B%25E8%25B4%25A7%25E5%25B8%2581%25E6%2594%25BF%25E7%25AD%2596%25E5%25B0%2586%25E9%2598%25BB%25E7%25A2%258D%25E5%25A2%25A8%25E8%25A5%25BF%25E5%2593%25A5%25E7%25AD%2589%25E6%2596%25B0%25E5%2585%25B4%25E7%25BB%258F%25E6%25B5%258E%25E4%25BD%2593%25E5%25A4%258D%25E8%258B%258F%25E2%2580%2594%25E2%2580%2594%25E8%25AE%25BF%25E2%2580%25A6%26rn%3D10%26un%3D%26only_thread%3D0%26sm%3D1%26sd%3D%26ed%3D%26pn%3D5&timestamp=1654678840&signature=c3262d228d15b78f02033cb088650efe (Caused by SSLError(SSLError(1, '[SSL: SSLV3_ALERT_HANDSHAKE_FAILURE] sslv3 alert handshake failure (_ssl.c:1131)')))
2022-06-08 17:05:10.631 | ERROR    | monitor.searchSpiders.tieba:get_request_from_keyword:34 - E 贴吧错误HTTPSConnectionPool(host='wappass.baidu.com', port=443): Max retries exceeded with url: /static/captcha/tuxing.html?ak=2ef521ec36290baed33d66de9b16f625&backurl=http%3A%2F%2Ftieba.baidu.com%2Ff%2Fsearch%2Fres%3Fisnew%3D1%26kw%3D%26qw%3D%25E5%25AE%2589%25E5%25BE%25BD%25E7%259C%2581%25E5%2586%259B%25E5%258C%25BA%25E5%258A%25A0%25E5%25BC%25BA%25E4%25BB%25A5%25E9%259D%2592%25E5%25B9%25B4%25E4%25B8%25BA%25E4%25B8%25BB%25E7%259A%2584%25E6%25B0%2591%25E5%2585%25B5%25E6%2596%25B0%25E8%25B4%25A8%25E5%258A%259B%25E9%2587%258F%25E5%25BB%25BA%25E8%25AE%25BE%26rn%3D10%26un%3D%26only_thread%3D0%26sm%3D1%26sd%3D%26ed%3D%26pn%3D11&timestamp=1654679110&signature=0ef34459f0c739dd624cc528e1762a2e (Caused by SSLError(SSLError(1, '[SSL: SSLV3_ALERT_HANDSHAKE_FAILURE] sslv3 alert handshake failure (_ssl.c:1131)')))
Traceback (most recent call last):

  File "/home/chase/.local/lib/python3.8/site-packages/urllib3/connectionpool.py", line 699, in urlopen
    httplib_response = self._make_request(
                       │    └ <function HTTPConnectionPool._make_request at 0x7fe06b3fed30>
                       └ <urllib3.connectionpool.HTTPSConnectionPool object at 0x7fde7004daf0>
  File "/home/chase/.local/lib/python3.8/site-packages/urllib3/connectionpool.py", line 382, in _make_request
    self._validate_conn(conn)
    │    │              └ <urllib3.connection.HTTPSConnection object at 0x7fdd3a806d90>
    │    └ <function HTTPSConnectionPool._validate_conn at 0x7fe06b3ff280>
    └ <urllib3.connectionpool.HTTPSConnectionPool object at 0x7fde7004daf0>
  File "/home/chase/.local/lib/python3.8/site-packages/urllib3/connectionpool.py", line 1010, in _validate_conn
    conn.connect()
    │    └ <function HTTPSConnection.connect at 0x7fe06b46d940>
    └ <urllib3.connection.HTTPSConnection object at 0x7fdd3a806d90>
  File "/home/chase/.local/lib/python3.8/site-packages/urllib3/connection.py", line 416, in connect
    self.sock = ssl_wrap_socket(
    │    │      └ <function ssl_wrap_socket at 0x7fe06b468670>
    │    └ None
    └ <urllib3.connection.HTTPSConnection object at 0x7fdd3a806d90>
  File "/home/chase/.local/lib/python3.8/site-packages/urllib3/util/ssl_.py", line 449, in ssl_wrap_socket
    ssl_sock = _ssl_wrap_socket_impl(
               └ <function _ssl_wrap_socket_impl at 0x7fe06b468820>
  File "/home/chase/.local/lib/python3.8/site-packages/urllib3/util/ssl_.py", line 493, in _ssl_wrap_socket_impl
    return ssl_context.wrap_socket(sock, server_hostname=server_hostname)
           │           │           │                     └ 'wappass.baidu.com'
           │           │           └ <socket.socket [closed] fd=-1, family=AddressFamily.AF_INET, type=SocketKind.SOCK_STREAM, proto=6>
           │           └ <function SSLContext.wrap_socket at 0x7fe08118de50>
           └ <ssl.SSLContext object at 0x7fe06ce1cec0>
  File "/usr/lib/python3.8/ssl.py", line 500, in wrap_socket
    return self.sslsocket_class._create(
           │    │               └ <classmethod object at 0x7fe08c8cfaf0>
           │    └ <class 'ssl.SSLSocket'>
           └ <ssl.SSLContext object at 0x7fe06ce1cec0>
  File "/usr/lib/python3.8/ssl.py", line 1040, in _create
    self.do_handshake()
    │    └ <function SSLSocket.do_handshake at 0x7fe08c8d2d30>
    └ <ssl.SSLSocket [closed] fd=-1, family=AddressFamily.AF_INET, type=SocketKind.SOCK_STREAM, proto=6>
  File "/usr/lib/python3.8/ssl.py", line 1309, in do_handshake
    self._sslobj.do_handshake()
    │    └ None
    └ <ssl.SSLSocket [closed] fd=-1, family=AddressFamily.AF_INET, type=SocketKind.SOCK_STREAM, proto=6>

ssl.SSLError: [SSL: SSLV3_ALERT_HANDSHAKE_FAILURE] sslv3 alert handshake failure (_ssl.c:1131)


During handling of the above exception, another exception occurred:


Traceback (most recent call last):

  File "/home/chase/.local/lib/python3.8/site-packages/requests/adapters.py", line 439, in send
    resp = conn.urlopen(
           │    └ <function HTTPConnectionPool.urlopen at 0x7fe06b3fef70>
           └ <urllib3.connectionpool.HTTPSConnectionPool object at 0x7fde7004daf0>
  File "/home/chase/.local/lib/python3.8/site-packages/urllib3/connectionpool.py", line 755, in urlopen
    retries = retries.increment(
              │       └ <function Retry.increment at 0x7fe06b443280>
              └ Retry(total=0, connect=None, read=False, redirect=None, status=None)
  File "/home/chase/.local/lib/python3.8/site-packages/urllib3/util/retry.py", line 574, in increment
    raise MaxRetryError(_pool, url, error or ResponseError(cause))
          │             │      │    │        │             └ 'unknown'
          │             │      │    │        └ <class 'urllib3.exceptions.ResponseError'>
          │             │      │    └ SSLError(SSLError(1, '[SSL: SSLV3_ALERT_HANDSHAKE_FAILURE] sslv3 alert handshake failure (_ssl.c:1131)'))
          │             │      └ '/static/captcha/tuxing.html?ak=2ef521ec36290baed33d66de9b16f625&backurl=http%3A%2F%2Ftieba.baidu.com%2Ff%2Fsearch%2Fres%3Fis...
          │             └ <urllib3.connectionpool.HTTPSConnectionPool object at 0x7fde7004daf0>
          └ <class 'urllib3.exceptions.MaxRetryError'>

urllib3.exceptions.MaxRetryError: HTTPSConnectionPool(host='wappass.baidu.com', port=443): Max retries exceeded with url: /static/captcha/tuxing.html?ak=2ef521ec36290baed33d66de9b16f625&backurl=http%3A%2F%2Ftieba.baidu.com%2Ff%2Fsearch%2Fres%3Fisnew%3D1%26kw%3D%26qw%3D%25E5%25AE%2589%25E5%25BE%25BD%25E7%259C%2581%25E5%2586%259B%25E5%258C%25BA%25E5%258A%25A0%25E5%25BC%25BA%25E4%25BB%25A5%25E9%259D%2592%25E5%25B9%25B4%25E4%25B8%25BA%25E4%25B8%25BB%25E7%259A%2584%25E6%25B0%2591%25E5%2585%25B5%25E6%2596%25B0%25E8%25B4%25A8%25E5%258A%259B%25E9%2587%258F%25E5%25BB%25BA%25E8%25AE%25BE%26rn%3D10%26un%3D%26only_thread%3D0%26sm%3D1%26sd%3D%26ed%3D%26pn%3D11&timestamp=1654679110&signature=0ef34459f0c739dd624cc528e1762a2e (Caused by SSLError(SSLError(1, '[SSL: SSLV3_ALERT_HANDSHAKE_FAILURE] sslv3 alert handshake failure (_ssl.c:1131)')))


During handling of the above exception, another exception occurred:


Traceback (most recent call last):

  File "/usr/lib/python3.8/threading.py", line 890, in _bootstrap
    self._bootstrap_inner()
    │    └ <function Thread._bootstrap_inner at 0x7fe08f92ea60>
    └ <Thread(Thread-31809, started daemon 140587259365120)>
  File "/usr/lib/python3.8/threading.py", line 932, in _bootstrap_inner
    self.run()
    │    └ <function Thread.run at 0x7fe08f92e790>
    └ <Thread(Thread-31809, started daemon 140587259365120)>
  File "/usr/lib/python3.8/threading.py", line 870, in run
    self._target(*self._args, **self._kwargs)
    │    │        │    │        │    └ {}
    │    │        │    │        └ <Thread(Thread-31809, started daemon 140587259365120)>
    │    │        │    └ ('ProjectManager.run_func_by_thread',)
    │    │        └ <Thread(Thread-31809, started daemon 140587259365120)>
    │    └ <bound method ProjectManager.get_request_from_keywords_hot of <monitor.projectManager.ProjectManager object at 0x7fe063c65790>>
    └ <Thread(Thread-31809, started daemon 140587259365120)>

  File "/home/users/Scy/yuqing/spider/monitor/projectManager.py", line 833, in get_request_from_keywords_hot
    self.search_spider_manager.crawl_by_keyword(
    │    │                     └ <function SearchSpidersManager.crawl_by_keyword at 0x7fe063c71160>
    │    └ <monitor.spiderManager.SearchSpidersManager object at 0x7fe0638938b0>
    └ <monitor.projectManager.ProjectManager object at 0x7fe063c65790>

  File "/home/users/Scy/yuqing/spider/monitor/spiderManager.py", line 118, in crawl_by_keyword
    self.crawl_by_keyword_signal_platform(project_names, platform, keyword, crawl_time, project_times)
    │    │                                │              │         │        │           └ {'default': <monitor.TimeSection object at 0x7fe0639a2b80>}
    │    │                                │              │         │        └ <monitor.TimeSection object at 0x7fde50c2e070>
    │    │                                │              │         └ '安徽省军区加强以青年为主的民兵新质力量建设'
    │    │                                │              └ '贴吧'
    │    │                                └ ['default']
    │    └ <function SearchSpidersManager.crawl_by_keyword_signal_platform at 0x7fe063c71280>
    └ <monitor.spiderManager.SearchSpidersManager object at 0x7fe0638938b0>

  File "/home/users/Scy/yuqing/spider/monitor/spiderManager.py", line 150, in crawl_by_keyword_signal_platform
    requests = self.get_request_from_keyword(platform, keyword_only, **crawl_time.to_dict())
               │    │                        │         │               │          └ <function TimeSection.to_dict at 0x7fe06b8931f0>
               │    │                        │         │               └ <monitor.TimeSection object at 0x7fde50c2e070>
               │    │                        │         └ '安徽省军区加强以青年为主的民兵新质力量建设'
               │    │                        └ '贴吧'
               │    └ <function SearchSpidersManager.get_request_from_keyword at 0x7fe063c713a0>
               └ <monitor.spiderManager.SearchSpidersManager object at 0x7fe0638938b0>

  File "/home/users/Scy/yuqing/spider/monitor/spiderManager.py", line 214, in get_request_from_keyword
    for request in self.spiders[platform].get_request_from_keyword(headers, search_url, keyword, content_url,
                   │    │       │                                  │        │           │        └ None
                   │    │       │                                  │        │           └ '安徽省军区加强以青年为主的民兵新质力量建设'
                   │    │       │                                  │        └ <string.Template object at 0x7fde70251b20>
                   │    │       │                                  └ {'Connection': 'keep-alive', 'sec-ch-ua': "'Chromium';v='92',' Not A;Brand';v='99', 'Google Chrome';v='92'", 'sec-ch-ua-mobil...
                   │    │       └ '贴吧'
                   │    └ {'凤凰网': <monitor.searchSpiders.ifeng.Ifeng object at 0x7fe063893370>, '头条': <monitor.searchSpiders.toutiao.Toutiao object at ...
                   └ <monitor.spiderManager.SearchSpidersManager object at 0x7fe0638938b0>

> File "/home/users/Scy/yuqing/spider/monitor/searchSpiders/tieba.py", line 22, in get_request_from_keyword
    response = requests.get(url, headers=headers, timeout=50)
               │        │   │            └ {'Connection': 'keep-alive', 'sec-ch-ua': "'Chromium';v='92',' Not A;Brand';v='99', 'Google Chrome';v='92'", 'sec-ch-ua-mobil...
               │        │   └ 'https://tieba.baidu.com/f/search/res?isnew=1&kw=&qw=安徽省军区加强以青年为主的民兵新质力量建设&rn=10&un=&only_thread=0&sm=1&sd=&ed=&pn=11'
               │        └ <function get at 0x7fe06b2724c0>
               └ <module 'requests' from '/home/chase/.local/lib/python3.8/site-packages/requests/__init__.py'>

  File "/home/chase/.local/lib/python3.8/site-packages/requests/api.py", line 75, in get
    return request('get', url, params=params, **kwargs)
           │              │           │         └ {'headers': {'Connection': 'keep-alive', 'sec-ch-ua': "'Chromium';v='92',' Not A;Brand';v='99', 'Google Chrome';v='92'", 'sec...
           │              │           └ None
           │              └ 'https://tieba.baidu.com/f/search/res?isnew=1&kw=&qw=安徽省军区加强以青年为主的民兵新质力量建设&rn=10&un=&only_thread=0&sm=1&sd=&ed=&pn=11'
           └ <function request at 0x7fe06b268310>
  File "/home/chase/.local/lib/python3.8/site-packages/requests/api.py", line 61, in request
    return session.request(method=method, url=url, **kwargs)
           │       │              │           │      └ {'params': None, 'headers': {'Connection': 'keep-alive', 'sec-ch-ua': "'Chromium';v='92',' Not A;Brand';v='99', 'Google Chrom...
           │       │              │           └ 'https://tieba.baidu.com/f/search/res?isnew=1&kw=&qw=安徽省军区加强以青年为主的民兵新质力量建设&rn=10&un=&only_thread=0&sm=1&sd=&ed=&pn=11'
           │       │              └ 'get'
           │       └ <function Session.request at 0x7fe06b27bc10>
           └ <requests.sessions.Session object at 0x7fde100a9b50>
  File "/home/chase/.local/lib/python3.8/site-packages/requests/sessions.py", line 542, in request
    resp = self.send(prep, **send_kwargs)
           │    │    │       └ {'timeout': 50, 'allow_redirects': True, 'verify': True, 'proxies': OrderedDict(), 'stream': False, 'cert': None}
           │    │    └ <PreparedRequest [GET]>
           │    └ <function Session.send at 0x7fe06b2720d0>
           └ <requests.sessions.Session object at 0x7fde100a9b50>
  File "/home/chase/.local/lib/python3.8/site-packages/requests/sessions.py", line 677, in send
    history = [resp for resp in gen]
                                └ <generator object SessionRedirectMixin.resolve_redirects at 0x7fdd0fa5d200>
  File "/home/chase/.local/lib/python3.8/site-packages/requests/sessions.py", line 677, in <listcomp>
    history = [resp for resp in gen]
  File "/home/chase/.local/lib/python3.8/site-packages/requests/sessions.py", line 237, in resolve_redirects
    resp = self.send(
           │    └ <function Session.send at 0x7fe06b2720d0>
           └ <requests.sessions.Session object at 0x7fde100a9b50>
  File "/home/chase/.local/lib/python3.8/site-packages/requests/sessions.py", line 655, in send
    r = adapter.send(request, **kwargs)
        │       │    │          └ {'stream': False, 'timeout': 50, 'verify': True, 'cert': None, 'proxies': OrderedDict()}
        │       │    └ <PreparedRequest [GET]>
        │       └ <function HTTPAdapter.send at 0x7fe06b27b550>
        └ <requests.adapters.HTTPAdapter object at 0x7fdf10415bb0>
  File "/home/chase/.local/lib/python3.8/site-packages/requests/adapters.py", line 514, in send
    raise SSLError(e, request=request)
          │                   └ <PreparedRequest [GET]>
          └ <class 'requests.exceptions.SSLError'>

requests.exceptions.SSLError: HTTPSConnectionPool(host='wappass.baidu.com', port=443): Max retries exceeded with url: /static/captcha/tuxing.html?ak=2ef521ec36290baed33d66de9b16f625&backurl=http%3A%2F%2Ftieba.baidu.com%2Ff%2Fsearch%2Fres%3Fisnew%3D1%26kw%3D%26qw%3D%25E5%25AE%2589%25E5%25BE%25BD%25E7%259C%2581%25E5%2586%259B%25E5%258C%25BA%25E5%258A%25A0%25E5%25BC%25BA%25E4%25BB%25A5%25E9%259D%2592%25E5%25B9%25B4%25E4%25B8%25BA%25E4%25B8%25BB%25E7%259A%2584%25E6%25B0%2591%25E5%2585%25B5%25E6%2596%25B0%25E8%25B4%25A8%25E5%258A%259B%25E9%2587%258F%25E5%25BB%25BA%25E8%25AE%25BE%26rn%3D10%26un%3D%26only_thread%3D0%26sm%3D1%26sd%3D%26ed%3D%26pn%3D11&timestamp=1654679110&signature=0ef34459f0c739dd624cc528e1762a2e (Caused by SSLError(SSLError(1, '[SSL: SSLV3_ALERT_HANDSHAKE_FAILURE] sslv3 alert handshake failure (_ssl.c:1131)')))
2022-06-08 17:14:11.313 | ERROR    | monitor.searchSpiders.tieba:get_request_from_keyword:34 - E 贴吧错误HTTPSConnectionPool(host='wappass.baidu.com', port=443): Max retries exceeded with url: /static/captcha/tuxing.html?ak=2ef521ec36290baed33d66de9b16f625&backurl=http%3A%2F%2Ftieba.baidu.com%2Ff%2Fsearch%2Fres%3Fisnew%3D1%26kw%3D%26qw%3D%25E3%2580%2590%25E7%25BB%2584%25E5%259B%25BE%25E3%2580%2591%25E2%2580%259C%25E5%25BA%2594%25E6%2580%25A5%25E4%25BD%25BF%25E5%2591%25BD%25C2%25B72022%25E2%2580%259D%25E9%25AB%2598%25E5%258E%259F%25E9%25AB%2598%25E5%25AF%2592%25E5%259C%25B0%25E5%258C%25BA%25E6%258A%2597%25E9%259C%2587%25E6%2595%2591%25E7%2581%25BE%25E5%25AE%259E%25E6%2588%2598%25E5%258C%2596%25E6%25BC%2594%25E4%25B9%25A0%25E4%25B8%25BE%25E8%25A1%258C%26rn%3D10%26un%3D%26only_thread%3D0%26sm%3D1%26sd%3D%26ed%3D%26pn%3D21&timestamp=1654679651&signature=08142fb3f1e363122f07e0d7fab2e636 (Caused by SSLError(SSLError(1, '[SSL: SSLV3_ALERT_HANDSHAKE_FAILURE] sslv3 alert handshake failure (_ssl.c:1131)')))
Traceback (most recent call last):

  File "/home/chase/.local/lib/python3.8/site-packages/urllib3/connectionpool.py", line 699, in urlopen
    httplib_response = self._make_request(
                       │    └ <function HTTPConnectionPool._make_request at 0x7fe06b3fed30>
                       └ <urllib3.connectionpool.HTTPSConnectionPool object at 0x7fdf5414a2b0>
  File "/home/chase/.local/lib/python3.8/site-packages/urllib3/connectionpool.py", line 382, in _make_request
    self._validate_conn(conn)
    │    │              └ <urllib3.connection.HTTPSConnection object at 0x7fddf03846d0>
    │    └ <function HTTPSConnectionPool._validate_conn at 0x7fe06b3ff280>
    └ <urllib3.connectionpool.HTTPSConnectionPool object at 0x7fdf5414a2b0>
  File "/home/chase/.local/lib/python3.8/site-packages/urllib3/connectionpool.py", line 1010, in _validate_conn
    conn.connect()
    │    └ <function HTTPSConnection.connect at 0x7fe06b46d940>
    └ <urllib3.connection.HTTPSConnection object at 0x7fddf03846d0>
  File "/home/chase/.local/lib/python3.8/site-packages/urllib3/connection.py", line 416, in connect
    self.sock = ssl_wrap_socket(
    │    │      └ <function ssl_wrap_socket at 0x7fe06b468670>
    │    └ None
    └ <urllib3.connection.HTTPSConnection object at 0x7fddf03846d0>
  File "/home/chase/.local/lib/python3.8/site-packages/urllib3/util/ssl_.py", line 449, in ssl_wrap_socket
    ssl_sock = _ssl_wrap_socket_impl(
               └ <function _ssl_wrap_socket_impl at 0x7fe06b468820>
  File "/home/chase/.local/lib/python3.8/site-packages/urllib3/util/ssl_.py", line 493, in _ssl_wrap_socket_impl
    return ssl_context.wrap_socket(sock, server_hostname=server_hostname)
           │           │           │                     └ 'wappass.baidu.com'
           │           │           └ <socket.socket [closed] fd=-1, family=AddressFamily.AF_INET, type=SocketKind.SOCK_STREAM, proto=6>
           │           └ <function SSLContext.wrap_socket at 0x7fe08118de50>
           └ <ssl.SSLContext object at 0x7fdef014b540>
  File "/usr/lib/python3.8/ssl.py", line 500, in wrap_socket
    return self.sslsocket_class._create(
           │    │               └ <classmethod object at 0x7fe08c8cfaf0>
           │    └ <class 'ssl.SSLSocket'>
           └ <ssl.SSLContext object at 0x7fdef014b540>
  File "/usr/lib/python3.8/ssl.py", line 1040, in _create
    self.do_handshake()
    │    └ <function SSLSocket.do_handshake at 0x7fe08c8d2d30>
    └ <ssl.SSLSocket [closed] fd=-1, family=AddressFamily.AF_INET, type=SocketKind.SOCK_STREAM, proto=6>
  File "/usr/lib/python3.8/ssl.py", line 1309, in do_handshake
    self._sslobj.do_handshake()
    │    └ None
    └ <ssl.SSLSocket [closed] fd=-1, family=AddressFamily.AF_INET, type=SocketKind.SOCK_STREAM, proto=6>

ssl.SSLError: [SSL: SSLV3_ALERT_HANDSHAKE_FAILURE] sslv3 alert handshake failure (_ssl.c:1131)


During handling of the above exception, another exception occurred:


Traceback (most recent call last):

  File "/home/chase/.local/lib/python3.8/site-packages/requests/adapters.py", line 439, in send
    resp = conn.urlopen(
           │    └ <function HTTPConnectionPool.urlopen at 0x7fe06b3fef70>
           └ <urllib3.connectionpool.HTTPSConnectionPool object at 0x7fdf5414a2b0>
  File "/home/chase/.local/lib/python3.8/site-packages/urllib3/connectionpool.py", line 755, in urlopen
    retries = retries.increment(
              │       └ <function Retry.increment at 0x7fe06b443280>
              └ Retry(total=0, connect=None, read=False, redirect=None, status=None)
  File "/home/chase/.local/lib/python3.8/site-packages/urllib3/util/retry.py", line 574, in increment
    raise MaxRetryError(_pool, url, error or ResponseError(cause))
          │             │      │    │        │             └ 'unknown'
          │             │      │    │        └ <class 'urllib3.exceptions.ResponseError'>
          │             │      │    └ SSLError(SSLError(1, '[SSL: SSLV3_ALERT_HANDSHAKE_FAILURE] sslv3 alert handshake failure (_ssl.c:1131)'))
          │             │      └ '/static/captcha/tuxing.html?ak=2ef521ec36290baed33d66de9b16f625&backurl=http%3A%2F%2Ftieba.baidu.com%2Ff%2Fsearch%2Fres%3Fis...
          │             └ <urllib3.connectionpool.HTTPSConnectionPool object at 0x7fdf5414a2b0>
          └ <class 'urllib3.exceptions.MaxRetryError'>

urllib3.exceptions.MaxRetryError: HTTPSConnectionPool(host='wappass.baidu.com', port=443): Max retries exceeded with url: /static/captcha/tuxing.html?ak=2ef521ec36290baed33d66de9b16f625&backurl=http%3A%2F%2Ftieba.baidu.com%2Ff%2Fsearch%2Fres%3Fisnew%3D1%26kw%3D%26qw%3D%25E3%2580%2590%25E7%25BB%2584%25E5%259B%25BE%25E3%2580%2591%25E2%2580%259C%25E5%25BA%2594%25E6%2580%25A5%25E4%25BD%25BF%25E5%2591%25BD%25C2%25B72022%25E2%2580%259D%25E9%25AB%2598%25E5%258E%259F%25E9%25AB%2598%25E5%25AF%2592%25E5%259C%25B0%25E5%258C%25BA%25E6%258A%2597%25E9%259C%2587%25E6%2595%2591%25E7%2581%25BE%25E5%25AE%259E%25E6%2588%2598%25E5%258C%2596%25E6%25BC%2594%25E4%25B9%25A0%25E4%25B8%25BE%25E8%25A1%258C%26rn%3D10%26un%3D%26only_thread%3D0%26sm%3D1%26sd%3D%26ed%3D%26pn%3D21&timestamp=1654679651&signature=08142fb3f1e363122f07e0d7fab2e636 (Caused by SSLError(SSLError(1, '[SSL: SSLV3_ALERT_HANDSHAKE_FAILURE] sslv3 alert handshake failure (_ssl.c:1131)')))


During handling of the above exception, another exception occurred:


Traceback (most recent call last):

  File "/usr/lib/python3.8/threading.py", line 890, in _bootstrap
    self._bootstrap_inner()
    │    └ <function Thread._bootstrap_inner at 0x7fe08f92ea60>
    └ <Thread(Thread-30234, started daemon 140594429007616)>
  File "/usr/lib/python3.8/threading.py", line 932, in _bootstrap_inner
    self.run()
    │    └ <function Thread.run at 0x7fe08f92e790>
    └ <Thread(Thread-30234, started daemon 140594429007616)>
  File "/usr/lib/python3.8/threading.py", line 870, in run
    self._target(*self._args, **self._kwargs)
    │    │        │    │        │    └ {}
    │    │        │    │        └ <Thread(Thread-30234, started daemon 140594429007616)>
    │    │        │    └ ('ProjectManager.run_func_by_thread',)
    │    │        └ <Thread(Thread-30234, started daemon 140594429007616)>
    │    └ <bound method ProjectManager.get_request_from_keywords_hot of <monitor.projectManager.ProjectManager object at 0x7fe063c65790>>
    └ <Thread(Thread-30234, started daemon 140594429007616)>

  File "/home/users/Scy/yuqing/spider/monitor/projectManager.py", line 833, in get_request_from_keywords_hot
    self.search_spider_manager.crawl_by_keyword(
    │    │                     └ <function SearchSpidersManager.crawl_by_keyword at 0x7fe063c71160>
    │    └ <monitor.spiderManager.SearchSpidersManager object at 0x7fe0638938b0>
    └ <monitor.projectManager.ProjectManager object at 0x7fe063c65790>

  File "/home/users/Scy/yuqing/spider/monitor/spiderManager.py", line 118, in crawl_by_keyword
    self.crawl_by_keyword_signal_platform(project_names, platform, keyword, crawl_time, project_times)
    │    │                                │              │         │        │           └ {'default': <monitor.TimeSection object at 0x7fe0639a2b80>}
    │    │                                │              │         │        └ <monitor.TimeSection object at 0x7fde907826a0>
    │    │                                │              │         └ '【组图】“应急使命·2022”高原高寒地区抗震救灾实战化演习举行'
    │    │                                │              └ '贴吧'
    │    │                                └ ['default']
    │    └ <function SearchSpidersManager.crawl_by_keyword_signal_platform at 0x7fe063c71280>
    └ <monitor.spiderManager.SearchSpidersManager object at 0x7fe0638938b0>

  File "/home/users/Scy/yuqing/spider/monitor/spiderManager.py", line 150, in crawl_by_keyword_signal_platform
    requests = self.get_request_from_keyword(platform, keyword_only, **crawl_time.to_dict())
               │    │                        │         │               │          └ <function TimeSection.to_dict at 0x7fe06b8931f0>
               │    │                        │         │               └ <monitor.TimeSection object at 0x7fde907826a0>
               │    │                        │         └ '【组图】“应急使命·2022”高原高寒地区抗震救灾实战化演习举行'
               │    │                        └ '贴吧'
               │    └ <function SearchSpidersManager.get_request_from_keyword at 0x7fe063c713a0>
               └ <monitor.spiderManager.SearchSpidersManager object at 0x7fe0638938b0>

  File "/home/users/Scy/yuqing/spider/monitor/spiderManager.py", line 214, in get_request_from_keyword
    for request in self.spiders[platform].get_request_from_keyword(headers, search_url, keyword, content_url,
                   │    │       │                                  │        │           │        └ None
                   │    │       │                                  │        │           └ '【组图】“应急使命·2022”高原高寒地区抗震救灾实战化演习举行'
                   │    │       │                                  │        └ <string.Template object at 0x7fde9003fc40>
                   │    │       │                                  └ {'Connection': 'keep-alive', 'sec-ch-ua': "'Chromium';v='92',' Not A;Brand';v='99', 'Google Chrome';v='92'", 'sec-ch-ua-mobil...
                   │    │       └ '贴吧'
                   │    └ {'凤凰网': <monitor.searchSpiders.ifeng.Ifeng object at 0x7fe063893370>, '头条': <monitor.searchSpiders.toutiao.Toutiao object at ...
                   └ <monitor.spiderManager.SearchSpidersManager object at 0x7fe0638938b0>

> File "/home/users/Scy/yuqing/spider/monitor/searchSpiders/tieba.py", line 22, in get_request_from_keyword
    response = requests.get(url, headers=headers, timeout=50)
               │        │   │            └ {'Connection': 'keep-alive', 'sec-ch-ua': "'Chromium';v='92',' Not A;Brand';v='99', 'Google Chrome';v='92'", 'sec-ch-ua-mobil...
               │        │   └ 'https://tieba.baidu.com/f/search/res?isnew=1&kw=&qw=【组图】“应急使命·2022”高原高寒地区抗震救灾实战化演习举行&rn=10&un=&only_thread=0&sm=1&sd=&ed=&pn...
               │        └ <function get at 0x7fe06b2724c0>
               └ <module 'requests' from '/home/chase/.local/lib/python3.8/site-packages/requests/__init__.py'>

  File "/home/chase/.local/lib/python3.8/site-packages/requests/api.py", line 75, in get
    return request('get', url, params=params, **kwargs)
           │              │           │         └ {'headers': {'Connection': 'keep-alive', 'sec-ch-ua': "'Chromium';v='92',' Not A;Brand';v='99', 'Google Chrome';v='92'", 'sec...
           │              │           └ None
           │              └ 'https://tieba.baidu.com/f/search/res?isnew=1&kw=&qw=【组图】“应急使命·2022”高原高寒地区抗震救灾实战化演习举行&rn=10&un=&only_thread=0&sm=1&sd=&ed=&pn...
           └ <function request at 0x7fe06b268310>
  File "/home/chase/.local/lib/python3.8/site-packages/requests/api.py", line 61, in request
    return session.request(method=method, url=url, **kwargs)
           │       │              │           │      └ {'params': None, 'headers': {'Connection': 'keep-alive', 'sec-ch-ua': "'Chromium';v='92',' Not A;Brand';v='99', 'Google Chrom...
           │       │              │           └ 'https://tieba.baidu.com/f/search/res?isnew=1&kw=&qw=【组图】“应急使命·2022”高原高寒地区抗震救灾实战化演习举行&rn=10&un=&only_thread=0&sm=1&sd=&ed=&pn...
           │       │              └ 'get'
           │       └ <function Session.request at 0x7fe06b27bc10>
           └ <requests.sessions.Session object at 0x7fdf547e2cd0>
  File "/home/chase/.local/lib/python3.8/site-packages/requests/sessions.py", line 542, in request
    resp = self.send(prep, **send_kwargs)
           │    │    │       └ {'timeout': 50, 'allow_redirects': True, 'verify': True, 'proxies': OrderedDict(), 'stream': False, 'cert': None}
           │    │    └ <PreparedRequest [GET]>
           │    └ <function Session.send at 0x7fe06b2720d0>
           └ <requests.sessions.Session object at 0x7fdf547e2cd0>
  File "/home/chase/.local/lib/python3.8/site-packages/requests/sessions.py", line 677, in send
    history = [resp for resp in gen]
                                └ <generator object SessionRedirectMixin.resolve_redirects at 0x7fdda2178eb0>
  File "/home/chase/.local/lib/python3.8/site-packages/requests/sessions.py", line 677, in <listcomp>
    history = [resp for resp in gen]
  File "/home/chase/.local/lib/python3.8/site-packages/requests/sessions.py", line 237, in resolve_redirects
    resp = self.send(
           │    └ <function Session.send at 0x7fe06b2720d0>
           └ <requests.sessions.Session object at 0x7fdf547e2cd0>
  File "/home/chase/.local/lib/python3.8/site-packages/requests/sessions.py", line 655, in send
    r = adapter.send(request, **kwargs)
        │       │    │          └ {'stream': False, 'timeout': 50, 'verify': True, 'cert': None, 'proxies': OrderedDict()}
        │       │    └ <PreparedRequest [GET]>
        │       └ <function HTTPAdapter.send at 0x7fe06b27b550>
        └ <requests.adapters.HTTPAdapter object at 0x7fddd049a910>
  File "/home/chase/.local/lib/python3.8/site-packages/requests/adapters.py", line 514, in send
    raise SSLError(e, request=request)
          │                   └ <PreparedRequest [GET]>
          └ <class 'requests.exceptions.SSLError'>

requests.exceptions.SSLError: HTTPSConnectionPool(host='wappass.baidu.com', port=443): Max retries exceeded with url: /static/captcha/tuxing.html?ak=2ef521ec36290baed33d66de9b16f625&backurl=http%3A%2F%2Ftieba.baidu.com%2Ff%2Fsearch%2Fres%3Fisnew%3D1%26kw%3D%26qw%3D%25E3%2580%2590%25E7%25BB%2584%25E5%259B%25BE%25E3%2580%2591%25E2%2580%259C%25E5%25BA%2594%25E6%2580%25A5%25E4%25BD%25BF%25E5%2591%25BD%25C2%25B72022%25E2%2580%259D%25E9%25AB%2598%25E5%258E%259F%25E9%25AB%2598%25E5%25AF%2592%25E5%259C%25B0%25E5%258C%25BA%25E6%258A%2597%25E9%259C%2587%25E6%2595%2591%25E7%2581%25BE%25E5%25AE%259E%25E6%2588%2598%25E5%258C%2596%25E6%25BC%2594%25E4%25B9%25A0%25E4%25B8%25BE%25E8%25A1%258C%26rn%3D10%26un%3D%26only_thread%3D0%26sm%3D1%26sd%3D%26ed%3D%26pn%3D21&timestamp=1654679651&signature=08142fb3f1e363122f07e0d7fab2e636 (Caused by SSLError(SSLError(1, '[SSL: SSLV3_ALERT_HANDSHAKE_FAILURE] sslv3 alert handshake failure (_ssl.c:1131)')))
2022-06-08 17:16:11.670 | ERROR    | monitor.searchSpiders.tieba:get_request_from_keyword:34 - E 贴吧错误HTTPSConnectionPool(host='wappass.baidu.com', port=443): Max retries exceeded with url: /static/captcha/tuxing.html?ak=2ef521ec36290baed33d66de9b16f625&backurl=http%3A%2F%2Ftieba.baidu.com%2Ff%2Fsearch%2Fres%3Fisnew%3D1%26kw%3D%26qw%3D%25E7%25A6%258F%25E5%25BB%25BA%25E9%259C%259E%25E6%25B5%25A6%25EF%25BC%259A%25E4%25BC%2591%25E6%25B8%2594%25E5%25AD%25A3%2520%25E4%25BF%25AE%25E8%2588%25B9%25E5%25BF%2599%26rn%3D10%26un%3D%26only_thread%3D0%26sm%3D1%26sd%3D%26ed%3D%26pn%3D20&timestamp=1654679771&signature=6afac8033727559b03885b74825c6ffe (Caused by SSLError(SSLError(1, '[SSL: SSLV3_ALERT_HANDSHAKE_FAILURE] sslv3 alert handshake failure (_ssl.c:1131)')))
Traceback (most recent call last):

  File "/home/chase/.local/lib/python3.8/site-packages/urllib3/connectionpool.py", line 699, in urlopen
    httplib_response = self._make_request(
                       │    └ <function HTTPConnectionPool._make_request at 0x7fe06b3fed30>
                       └ <urllib3.connectionpool.HTTPSConnectionPool object at 0x7fde50e11bb0>
  File "/home/chase/.local/lib/python3.8/site-packages/urllib3/connectionpool.py", line 382, in _make_request
    self._validate_conn(conn)
    │    │              └ <urllib3.connection.HTTPSConnection object at 0x7fdd2b0aceb0>
    │    └ <function HTTPSConnectionPool._validate_conn at 0x7fe06b3ff280>
    └ <urllib3.connectionpool.HTTPSConnectionPool object at 0x7fde50e11bb0>
  File "/home/chase/.local/lib/python3.8/site-packages/urllib3/connectionpool.py", line 1010, in _validate_conn
    conn.connect()
    │    └ <function HTTPSConnection.connect at 0x7fe06b46d940>
    └ <urllib3.connection.HTTPSConnection object at 0x7fdd2b0aceb0>
  File "/home/chase/.local/lib/python3.8/site-packages/urllib3/connection.py", line 416, in connect
    self.sock = ssl_wrap_socket(
    │    │      └ <function ssl_wrap_socket at 0x7fe06b468670>
    │    └ None
    └ <urllib3.connection.HTTPSConnection object at 0x7fdd2b0aceb0>
  File "/home/chase/.local/lib/python3.8/site-packages/urllib3/util/ssl_.py", line 449, in ssl_wrap_socket
    ssl_sock = _ssl_wrap_socket_impl(
               └ <function _ssl_wrap_socket_impl at 0x7fe06b468820>
  File "/home/chase/.local/lib/python3.8/site-packages/urllib3/util/ssl_.py", line 493, in _ssl_wrap_socket_impl
    return ssl_context.wrap_socket(sock, server_hostname=server_hostname)
           │           │           │                     └ 'wappass.baidu.com'
           │           │           └ <socket.socket [closed] fd=-1, family=AddressFamily.AF_INET, type=SocketKind.SOCK_STREAM, proto=6>
           │           └ <function SSLContext.wrap_socket at 0x7fe08118de50>
           └ <ssl.SSLContext object at 0x7fdd15c3e640>
  File "/usr/lib/python3.8/ssl.py", line 500, in wrap_socket
    return self.sslsocket_class._create(
           │    │               └ <classmethod object at 0x7fe08c8cfaf0>
           │    └ <class 'ssl.SSLSocket'>
           └ <ssl.SSLContext object at 0x7fdd15c3e640>
  File "/usr/lib/python3.8/ssl.py", line 1040, in _create
    self.do_handshake()
    │    └ <function SSLSocket.do_handshake at 0x7fe08c8d2d30>
    └ <ssl.SSLSocket [closed] fd=-1, family=AddressFamily.AF_INET, type=SocketKind.SOCK_STREAM, proto=6>
  File "/usr/lib/python3.8/ssl.py", line 1309, in do_handshake
    self._sslobj.do_handshake()
    │    └ None
    └ <ssl.SSLSocket [closed] fd=-1, family=AddressFamily.AF_INET, type=SocketKind.SOCK_STREAM, proto=6>

ssl.SSLError: [SSL: SSLV3_ALERT_HANDSHAKE_FAILURE] sslv3 alert handshake failure (_ssl.c:1131)


During handling of the above exception, another exception occurred:


Traceback (most recent call last):

  File "/home/chase/.local/lib/python3.8/site-packages/requests/adapters.py", line 439, in send
    resp = conn.urlopen(
           │    └ <function HTTPConnectionPool.urlopen at 0x7fe06b3fef70>
           └ <urllib3.connectionpool.HTTPSConnectionPool object at 0x7fde50e11bb0>
  File "/home/chase/.local/lib/python3.8/site-packages/urllib3/connectionpool.py", line 755, in urlopen
    retries = retries.increment(
              │       └ <function Retry.increment at 0x7fe06b443280>
              └ Retry(total=0, connect=None, read=False, redirect=None, status=None)
  File "/home/chase/.local/lib/python3.8/site-packages/urllib3/util/retry.py", line 574, in increment
    raise MaxRetryError(_pool, url, error or ResponseError(cause))
          │             │      │    │        │             └ 'unknown'
          │             │      │    │        └ <class 'urllib3.exceptions.ResponseError'>
          │             │      │    └ SSLError(SSLError(1, '[SSL: SSLV3_ALERT_HANDSHAKE_FAILURE] sslv3 alert handshake failure (_ssl.c:1131)'))
          │             │      └ '/static/captcha/tuxing.html?ak=2ef521ec36290baed33d66de9b16f625&backurl=http%3A%2F%2Ftieba.baidu.com%2Ff%2Fsearch%2Fres%3Fis...
          │             └ <urllib3.connectionpool.HTTPSConnectionPool object at 0x7fde50e11bb0>
          └ <class 'urllib3.exceptions.MaxRetryError'>

urllib3.exceptions.MaxRetryError: HTTPSConnectionPool(host='wappass.baidu.com', port=443): Max retries exceeded with url: /static/captcha/tuxing.html?ak=2ef521ec36290baed33d66de9b16f625&backurl=http%3A%2F%2Ftieba.baidu.com%2Ff%2Fsearch%2Fres%3Fisnew%3D1%26kw%3D%26qw%3D%25E7%25A6%258F%25E5%25BB%25BA%25E9%259C%259E%25E6%25B5%25A6%25EF%25BC%259A%25E4%25BC%2591%25E6%25B8%2594%25E5%25AD%25A3%2520%25E4%25BF%25AE%25E8%2588%25B9%25E5%25BF%2599%26rn%3D10%26un%3D%26only_thread%3D0%26sm%3D1%26sd%3D%26ed%3D%26pn%3D20&timestamp=1654679771&signature=6afac8033727559b03885b74825c6ffe (Caused by SSLError(SSLError(1, '[SSL: SSLV3_ALERT_HANDSHAKE_FAILURE] sslv3 alert handshake failure (_ssl.c:1131)')))


During handling of the above exception, another exception occurred:


Traceback (most recent call last):

  File "/usr/lib/python3.8/threading.py", line 890, in _bootstrap
    self._bootstrap_inner()
    │    └ <function Thread._bootstrap_inner at 0x7fe08f92ea60>
    └ <Thread(Thread-30708, started daemon 140588366132992)>
  File "/usr/lib/python3.8/threading.py", line 932, in _bootstrap_inner
    self.run()
    │    └ <function Thread.run at 0x7fe08f92e790>
    └ <Thread(Thread-30708, started daemon 140588366132992)>
  File "/usr/lib/python3.8/threading.py", line 870, in run
    self._target(*self._args, **self._kwargs)
    │    │        │    │        │    └ {}
    │    │        │    │        └ <Thread(Thread-30708, started daemon 140588366132992)>
    │    │        │    └ ('ProjectManager.run_func_by_thread',)
    │    │        └ <Thread(Thread-30708, started daemon 140588366132992)>
    │    └ <bound method ProjectManager.get_request_from_keywords_hot of <monitor.projectManager.ProjectManager object at 0x7fe063c65790>>
    └ <Thread(Thread-30708, started daemon 140588366132992)>

  File "/home/users/Scy/yuqing/spider/monitor/projectManager.py", line 833, in get_request_from_keywords_hot
    self.search_spider_manager.crawl_by_keyword(
    │    │                     └ <function SearchSpidersManager.crawl_by_keyword at 0x7fe063c71160>
    │    └ <monitor.spiderManager.SearchSpidersManager object at 0x7fe0638938b0>
    └ <monitor.projectManager.ProjectManager object at 0x7fe063c65790>

  File "/home/users/Scy/yuqing/spider/monitor/spiderManager.py", line 118, in crawl_by_keyword
    self.crawl_by_keyword_signal_platform(project_names, platform, keyword, crawl_time, project_times)
    │    │                                │              │         │        │           └ {'default': <monitor.TimeSection object at 0x7fe0639a2b80>}
    │    │                                │              │         │        └ <monitor.TimeSection object at 0x7fddd026ed90>
    │    │                                │              │         └ '福建霞浦：休渔季 修船忙'
    │    │                                │              └ '贴吧'
    │    │                                └ ['default']
    │    └ <function SearchSpidersManager.crawl_by_keyword_signal_platform at 0x7fe063c71280>
    └ <monitor.spiderManager.SearchSpidersManager object at 0x7fe0638938b0>

  File "/home/users/Scy/yuqing/spider/monitor/spiderManager.py", line 150, in crawl_by_keyword_signal_platform
    requests = self.get_request_from_keyword(platform, keyword_only, **crawl_time.to_dict())
               │    │                        │         │               │          └ <function TimeSection.to_dict at 0x7fe06b8931f0>
               │    │                        │         │               └ <monitor.TimeSection object at 0x7fddd026ed90>
               │    │                        │         └ '福建霞浦：休渔季 修船忙'
               │    │                        └ '贴吧'
               │    └ <function SearchSpidersManager.get_request_from_keyword at 0x7fe063c713a0>
               └ <monitor.spiderManager.SearchSpidersManager object at 0x7fe0638938b0>

  File "/home/users/Scy/yuqing/spider/monitor/spiderManager.py", line 214, in get_request_from_keyword
    for request in self.spiders[platform].get_request_from_keyword(headers, search_url, keyword, content_url,
                   │    │       │                                  │        │           │        └ None
                   │    │       │                                  │        │           └ '福建霞浦：休渔季 修船忙'
                   │    │       │                                  │        └ <string.Template object at 0x7fdcf137ebb0>
                   │    │       │                                  └ {'Connection': 'keep-alive', 'sec-ch-ua': "'Chromium';v='92',' Not A;Brand';v='99', 'Google Chrome';v='92'", 'sec-ch-ua-mobil...
                   │    │       └ '贴吧'
                   │    └ {'凤凰网': <monitor.searchSpiders.ifeng.Ifeng object at 0x7fe063893370>, '头条': <monitor.searchSpiders.toutiao.Toutiao object at ...
                   └ <monitor.spiderManager.SearchSpidersManager object at 0x7fe0638938b0>

> File "/home/users/Scy/yuqing/spider/monitor/searchSpiders/tieba.py", line 22, in get_request_from_keyword
    response = requests.get(url, headers=headers, timeout=50)
               │        │   │            └ {'Connection': 'keep-alive', 'sec-ch-ua': "'Chromium';v='92',' Not A;Brand';v='99', 'Google Chrome';v='92'", 'sec-ch-ua-mobil...
               │        │   └ 'https://tieba.baidu.com/f/search/res?isnew=1&kw=&qw=福建霞浦：休渔季 修船忙&rn=10&un=&only_thread=0&sm=1&sd=&ed=&pn=20'
               │        └ <function get at 0x7fe06b2724c0>
               └ <module 'requests' from '/home/chase/.local/lib/python3.8/site-packages/requests/__init__.py'>

  File "/home/chase/.local/lib/python3.8/site-packages/requests/api.py", line 75, in get
    return request('get', url, params=params, **kwargs)
           │              │           │         └ {'headers': {'Connection': 'keep-alive', 'sec-ch-ua': "'Chromium';v='92',' Not A;Brand';v='99', 'Google Chrome';v='92'", 'sec...
           │              │           └ None
           │              └ 'https://tieba.baidu.com/f/search/res?isnew=1&kw=&qw=福建霞浦：休渔季 修船忙&rn=10&un=&only_thread=0&sm=1&sd=&ed=&pn=20'
           └ <function request at 0x7fe06b268310>
  File "/home/chase/.local/lib/python3.8/site-packages/requests/api.py", line 61, in request
    return session.request(method=method, url=url, **kwargs)
           │       │              │           │      └ {'params': None, 'headers': {'Connection': 'keep-alive', 'sec-ch-ua': "'Chromium';v='92',' Not A;Brand';v='99', 'Google Chrom...
           │       │              │           └ 'https://tieba.baidu.com/f/search/res?isnew=1&kw=&qw=福建霞浦：休渔季 修船忙&rn=10&un=&only_thread=0&sm=1&sd=&ed=&pn=20'
           │       │              └ 'get'
           │       └ <function Session.request at 0x7fe06b27bc10>
           └ <requests.sessions.Session object at 0x7fdef0448340>
  File "/home/chase/.local/lib/python3.8/site-packages/requests/sessions.py", line 542, in request
    resp = self.send(prep, **send_kwargs)
           │    │    │       └ {'timeout': 50, 'allow_redirects': True, 'verify': True, 'proxies': OrderedDict(), 'stream': False, 'cert': None}
           │    │    └ <PreparedRequest [GET]>
           │    └ <function Session.send at 0x7fe06b2720d0>
           └ <requests.sessions.Session object at 0x7fdef0448340>
  File "/home/chase/.local/lib/python3.8/site-packages/requests/sessions.py", line 677, in send
    history = [resp for resp in gen]
                                └ <generator object SessionRedirectMixin.resolve_redirects at 0x7fddf0504a50>
  File "/home/chase/.local/lib/python3.8/site-packages/requests/sessions.py", line 677, in <listcomp>
    history = [resp for resp in gen]
  File "/home/chase/.local/lib/python3.8/site-packages/requests/sessions.py", line 237, in resolve_redirects
    resp = self.send(
           │    └ <function Session.send at 0x7fe06b2720d0>
           └ <requests.sessions.Session object at 0x7fdef0448340>
  File "/home/chase/.local/lib/python3.8/site-packages/requests/sessions.py", line 655, in send
    r = adapter.send(request, **kwargs)
        │       │    │          └ {'stream': False, 'timeout': 50, 'verify': True, 'cert': None, 'proxies': OrderedDict()}
        │       │    └ <PreparedRequest [GET]>
        │       └ <function HTTPAdapter.send at 0x7fe06b27b550>
        └ <requests.adapters.HTTPAdapter object at 0x7fde70389f70>
  File "/home/chase/.local/lib/python3.8/site-packages/requests/adapters.py", line 514, in send
    raise SSLError(e, request=request)
          │                   └ <PreparedRequest [GET]>
          └ <class 'requests.exceptions.SSLError'>

requests.exceptions.SSLError: HTTPSConnectionPool(host='wappass.baidu.com', port=443): Max retries exceeded with url: /static/captcha/tuxing.html?ak=2ef521ec36290baed33d66de9b16f625&backurl=http%3A%2F%2Ftieba.baidu.com%2Ff%2Fsearch%2Fres%3Fisnew%3D1%26kw%3D%26qw%3D%25E7%25A6%258F%25E5%25BB%25BA%25E9%259C%259E%25E6%25B5%25A6%25EF%25BC%259A%25E4%25BC%2591%25E6%25B8%2594%25E5%25AD%25A3%2520%25E4%25BF%25AE%25E8%2588%25B9%25E5%25BF%2599%26rn%3D10%26un%3D%26only_thread%3D0%26sm%3D1%26sd%3D%26ed%3D%26pn%3D20&timestamp=1654679771&signature=6afac8033727559b03885b74825c6ffe (Caused by SSLError(SSLError(1, '[SSL: SSLV3_ALERT_HANDSHAKE_FAILURE] sslv3 alert handshake failure (_ssl.c:1131)')))
2022-06-08 17:18:00.569 | ERROR    | monitor.searchSpiders.tieba:get_request_from_keyword:34 - E 贴吧错误HTTPSConnectionPool(host='wappass.baidu.com', port=443): Max retries exceeded with url: /static/captcha/tuxing.html?ak=2ef521ec36290baed33d66de9b16f625&backurl=http%3A%2F%2Ftieba.baidu.com%2Ff%2Fsearch%2Fres%3Fisnew%3D1%26kw%3D%26qw%3D%25E5%25AE%2589%25E5%25BE%25BD%25E7%259C%2581%25E5%2586%259B%25E5%258C%25BA%25E5%258A%25A0%25E5%25BC%25BA%25E4%25BB%25A5%25E9%259D%2592%25E5%25B9%25B4%25E4%25B8%25BA%25E4%25B8%25BB%25E7%259A%2584%25E6%25B0%2591%25E5%2585%25B5%25E6%2596%25B0%25E8%25B4%25A8%25E5%258A%259B%25E9%2587%258F%25E5%25BB%25BA%25E8%25AE%25BE%26rn%3D10%26un%3D%26only_thread%3D0%26sm%3D1%26sd%3D%26ed%3D%26pn%3D23&timestamp=1654679880&signature=adec26522df824e474d451be156e51b4 (Caused by SSLError(SSLError(1, '[SSL: SSLV3_ALERT_HANDSHAKE_FAILURE] sslv3 alert handshake failure (_ssl.c:1131)')))
Traceback (most recent call last):

  File "/home/chase/.local/lib/python3.8/site-packages/urllib3/connectionpool.py", line 699, in urlopen
    httplib_response = self._make_request(
                       │    └ <function HTTPConnectionPool._make_request at 0x7fe06b3fed30>
                       └ <urllib3.connectionpool.HTTPSConnectionPool object at 0x7fdf101acbb0>
  File "/home/chase/.local/lib/python3.8/site-packages/urllib3/connectionpool.py", line 382, in _make_request
    self._validate_conn(conn)
    │    │              └ <urllib3.connection.HTTPSConnection object at 0x7fde907d8a90>
    │    └ <function HTTPSConnectionPool._validate_conn at 0x7fe06b3ff280>
    └ <urllib3.connectionpool.HTTPSConnectionPool object at 0x7fdf101acbb0>
  File "/home/chase/.local/lib/python3.8/site-packages/urllib3/connectionpool.py", line 1010, in _validate_conn
    conn.connect()
    │    └ <function HTTPSConnection.connect at 0x7fe06b46d940>
    └ <urllib3.connection.HTTPSConnection object at 0x7fde907d8a90>
  File "/home/chase/.local/lib/python3.8/site-packages/urllib3/connection.py", line 416, in connect
    self.sock = ssl_wrap_socket(
    │    │      └ <function ssl_wrap_socket at 0x7fe06b468670>
    │    └ None
    └ <urllib3.connection.HTTPSConnection object at 0x7fde907d8a90>
  File "/home/chase/.local/lib/python3.8/site-packages/urllib3/util/ssl_.py", line 449, in ssl_wrap_socket
    ssl_sock = _ssl_wrap_socket_impl(
               └ <function _ssl_wrap_socket_impl at 0x7fe06b468820>
  File "/home/chase/.local/lib/python3.8/site-packages/urllib3/util/ssl_.py", line 493, in _ssl_wrap_socket_impl
    return ssl_context.wrap_socket(sock, server_hostname=server_hostname)
           │           │           │                     └ 'wappass.baidu.com'
           │           │           └ <socket.socket [closed] fd=-1, family=AddressFamily.AF_INET, type=SocketKind.SOCK_STREAM, proto=6>
           │           └ <function SSLContext.wrap_socket at 0x7fe08118de50>
           └ <ssl.SSLContext object at 0x7fe06ceff140>
  File "/usr/lib/python3.8/ssl.py", line 500, in wrap_socket
    return self.sslsocket_class._create(
           │    │               └ <classmethod object at 0x7fe08c8cfaf0>
           │    └ <class 'ssl.SSLSocket'>
           └ <ssl.SSLContext object at 0x7fe06ceff140>
  File "/usr/lib/python3.8/ssl.py", line 1040, in _create
    self.do_handshake()
    │    └ <function SSLSocket.do_handshake at 0x7fe08c8d2d30>
    └ <ssl.SSLSocket [closed] fd=-1, family=AddressFamily.AF_INET, type=SocketKind.SOCK_STREAM, proto=6>
  File "/usr/lib/python3.8/ssl.py", line 1309, in do_handshake
    self._sslobj.do_handshake()
    │    └ None
    └ <ssl.SSLSocket [closed] fd=-1, family=AddressFamily.AF_INET, type=SocketKind.SOCK_STREAM, proto=6>

ssl.SSLError: [SSL: SSLV3_ALERT_HANDSHAKE_FAILURE] sslv3 alert handshake failure (_ssl.c:1131)


During handling of the above exception, another exception occurred:


Traceback (most recent call last):

  File "/home/chase/.local/lib/python3.8/site-packages/requests/adapters.py", line 439, in send
    resp = conn.urlopen(
           │    └ <function HTTPConnectionPool.urlopen at 0x7fe06b3fef70>
           └ <urllib3.connectionpool.HTTPSConnectionPool object at 0x7fdf101acbb0>
  File "/home/chase/.local/lib/python3.8/site-packages/urllib3/connectionpool.py", line 755, in urlopen
    retries = retries.increment(
              │       └ <function Retry.increment at 0x7fe06b443280>
              └ Retry(total=0, connect=None, read=False, redirect=None, status=None)
  File "/home/chase/.local/lib/python3.8/site-packages/urllib3/util/retry.py", line 574, in increment
    raise MaxRetryError(_pool, url, error or ResponseError(cause))
          │             │      │    │        │             └ 'unknown'
          │             │      │    │        └ <class 'urllib3.exceptions.ResponseError'>
          │             │      │    └ SSLError(SSLError(1, '[SSL: SSLV3_ALERT_HANDSHAKE_FAILURE] sslv3 alert handshake failure (_ssl.c:1131)'))
          │             │      └ '/static/captcha/tuxing.html?ak=2ef521ec36290baed33d66de9b16f625&backurl=http%3A%2F%2Ftieba.baidu.com%2Ff%2Fsearch%2Fres%3Fis...
          │             └ <urllib3.connectionpool.HTTPSConnectionPool object at 0x7fdf101acbb0>
          └ <class 'urllib3.exceptions.MaxRetryError'>

urllib3.exceptions.MaxRetryError: HTTPSConnectionPool(host='wappass.baidu.com', port=443): Max retries exceeded with url: /static/captcha/tuxing.html?ak=2ef521ec36290baed33d66de9b16f625&backurl=http%3A%2F%2Ftieba.baidu.com%2Ff%2Fsearch%2Fres%3Fisnew%3D1%26kw%3D%26qw%3D%25E5%25AE%2589%25E5%25BE%25BD%25E7%259C%2581%25E5%2586%259B%25E5%258C%25BA%25E5%258A%25A0%25E5%25BC%25BA%25E4%25BB%25A5%25E9%259D%2592%25E5%25B9%25B4%25E4%25B8%25BA%25E4%25B8%25BB%25E7%259A%2584%25E6%25B0%2591%25E5%2585%25B5%25E6%2596%25B0%25E8%25B4%25A8%25E5%258A%259B%25E9%2587%258F%25E5%25BB%25BA%25E8%25AE%25BE%26rn%3D10%26un%3D%26only_thread%3D0%26sm%3D1%26sd%3D%26ed%3D%26pn%3D23&timestamp=1654679880&signature=adec26522df824e474d451be156e51b4 (Caused by SSLError(SSLError(1, '[SSL: SSLV3_ALERT_HANDSHAKE_FAILURE] sslv3 alert handshake failure (_ssl.c:1131)')))


During handling of the above exception, another exception occurred:


Traceback (most recent call last):

  File "/usr/lib/python3.8/threading.py", line 890, in _bootstrap
    self._bootstrap_inner()
    │    └ <function Thread._bootstrap_inner at 0x7fe08f92ea60>
    └ <Thread(Thread-32019, started daemon 140589605103360)>
  File "/usr/lib/python3.8/threading.py", line 932, in _bootstrap_inner
    self.run()
    │    └ <function Thread.run at 0x7fe08f92e790>
    └ <Thread(Thread-32019, started daemon 140589605103360)>
  File "/usr/lib/python3.8/threading.py", line 870, in run
    self._target(*self._args, **self._kwargs)
    │    │        │    │        │    └ {}
    │    │        │    │        └ <Thread(Thread-32019, started daemon 140589605103360)>
    │    │        │    └ ('ProjectManager.run_func_by_thread',)
    │    │        └ <Thread(Thread-32019, started daemon 140589605103360)>
    │    └ <bound method ProjectManager.get_request_from_keywords_hot of <monitor.projectManager.ProjectManager object at 0x7fe063c65790>>
    └ <Thread(Thread-32019, started daemon 140589605103360)>

  File "/home/users/Scy/yuqing/spider/monitor/projectManager.py", line 833, in get_request_from_keywords_hot
    self.search_spider_manager.crawl_by_keyword(
    │    │                     └ <function SearchSpidersManager.crawl_by_keyword at 0x7fe063c71160>
    │    └ <monitor.spiderManager.SearchSpidersManager object at 0x7fe0638938b0>
    └ <monitor.projectManager.ProjectManager object at 0x7fe063c65790>

  File "/home/users/Scy/yuqing/spider/monitor/spiderManager.py", line 118, in crawl_by_keyword
    self.crawl_by_keyword_signal_platform(project_names, platform, keyword, crawl_time, project_times)
    │    │                                │              │         │        │           └ {'default': <monitor.TimeSection object at 0x7fe0639a2b80>}
    │    │                                │              │         │        └ <monitor.TimeSection object at 0x7fde3007eb20>
    │    │                                │              │         └ '安徽省军区加强以青年为主的民兵新质力量建设'
    │    │                                │              └ '贴吧'
    │    │                                └ ['default']
    │    └ <function SearchSpidersManager.crawl_by_keyword_signal_platform at 0x7fe063c71280>
    └ <monitor.spiderManager.SearchSpidersManager object at 0x7fe0638938b0>

  File "/home/users/Scy/yuqing/spider/monitor/spiderManager.py", line 150, in crawl_by_keyword_signal_platform
    requests = self.get_request_from_keyword(platform, keyword_only, **crawl_time.to_dict())
               │    │                        │         │               │          └ <function TimeSection.to_dict at 0x7fe06b8931f0>
               │    │                        │         │               └ <monitor.TimeSection object at 0x7fde3007eb20>
               │    │                        │         └ '安徽省军区加强以青年为主的民兵新质力量建设'
               │    │                        └ '贴吧'
               │    └ <function SearchSpidersManager.get_request_from_keyword at 0x7fe063c713a0>
               └ <monitor.spiderManager.SearchSpidersManager object at 0x7fe0638938b0>

  File "/home/users/Scy/yuqing/spider/monitor/spiderManager.py", line 214, in get_request_from_keyword
    for request in self.spiders[platform].get_request_from_keyword(headers, search_url, keyword, content_url,
                   │    │       │                                  │        │           │        └ None
                   │    │       │                                  │        │           └ '安徽省军区加强以青年为主的民兵新质力量建设'
                   │    │       │                                  │        └ <string.Template object at 0x7fdd0f090490>
                   │    │       │                                  └ {'Connection': 'keep-alive', 'sec-ch-ua': "'Chromium';v='92',' Not A;Brand';v='99', 'Google Chrome';v='92'", 'sec-ch-ua-mobil...
                   │    │       └ '贴吧'
                   │    └ {'凤凰网': <monitor.searchSpiders.ifeng.Ifeng object at 0x7fe063893370>, '头条': <monitor.searchSpiders.toutiao.Toutiao object at ...
                   └ <monitor.spiderManager.SearchSpidersManager object at 0x7fe0638938b0>

> File "/home/users/Scy/yuqing/spider/monitor/searchSpiders/tieba.py", line 22, in get_request_from_keyword
    response = requests.get(url, headers=headers, timeout=50)
               │        │   │            └ {'Connection': 'keep-alive', 'sec-ch-ua': "'Chromium';v='92',' Not A;Brand';v='99', 'Google Chrome';v='92'", 'sec-ch-ua-mobil...
               │        │   └ 'https://tieba.baidu.com/f/search/res?isnew=1&kw=&qw=安徽省军区加强以青年为主的民兵新质力量建设&rn=10&un=&only_thread=0&sm=1&sd=&ed=&pn=23'
               │        └ <function get at 0x7fe06b2724c0>
               └ <module 'requests' from '/home/chase/.local/lib/python3.8/site-packages/requests/__init__.py'>

  File "/home/chase/.local/lib/python3.8/site-packages/requests/api.py", line 75, in get
    return request('get', url, params=params, **kwargs)
           │              │           │         └ {'headers': {'Connection': 'keep-alive', 'sec-ch-ua': "'Chromium';v='92',' Not A;Brand';v='99', 'Google Chrome';v='92'", 'sec...
           │              │           └ None
           │              └ 'https://tieba.baidu.com/f/search/res?isnew=1&kw=&qw=安徽省军区加强以青年为主的民兵新质力量建设&rn=10&un=&only_thread=0&sm=1&sd=&ed=&pn=23'
           └ <function request at 0x7fe06b268310>
  File "/home/chase/.local/lib/python3.8/site-packages/requests/api.py", line 61, in request
    return session.request(method=method, url=url, **kwargs)
           │       │              │           │      └ {'params': None, 'headers': {'Connection': 'keep-alive', 'sec-ch-ua': "'Chromium';v='92',' Not A;Brand';v='99', 'Google Chrom...
           │       │              │           └ 'https://tieba.baidu.com/f/search/res?isnew=1&kw=&qw=安徽省军区加强以青年为主的民兵新质力量建设&rn=10&un=&only_thread=0&sm=1&sd=&ed=&pn=23'
           │       │              └ 'get'
           │       └ <function Session.request at 0x7fe06b27bc10>
           └ <requests.sessions.Session object at 0x7fddd072aa90>
  File "/home/chase/.local/lib/python3.8/site-packages/requests/sessions.py", line 542, in request
    resp = self.send(prep, **send_kwargs)
           │    │    │       └ {'timeout': 50, 'allow_redirects': True, 'verify': True, 'proxies': OrderedDict(), 'stream': False, 'cert': None}
           │    │    └ <PreparedRequest [GET]>
           │    └ <function Session.send at 0x7fe06b2720d0>
           └ <requests.sessions.Session object at 0x7fddd072aa90>
  File "/home/chase/.local/lib/python3.8/site-packages/requests/sessions.py", line 677, in send
    history = [resp for resp in gen]
                                └ <generator object SessionRedirectMixin.resolve_redirects at 0x7fdcc89e7f20>
  File "/home/chase/.local/lib/python3.8/site-packages/requests/sessions.py", line 677, in <listcomp>
    history = [resp for resp in gen]
  File "/home/chase/.local/lib/python3.8/site-packages/requests/sessions.py", line 237, in resolve_redirects
    resp = self.send(
           │    └ <function Session.send at 0x7fe06b2720d0>
           └ <requests.sessions.Session object at 0x7fddd072aa90>
  File "/home/chase/.local/lib/python3.8/site-packages/requests/sessions.py", line 655, in send
    r = adapter.send(request, **kwargs)
        │       │    │          └ {'stream': False, 'timeout': 50, 'verify': True, 'cert': None, 'proxies': OrderedDict()}
        │       │    └ <PreparedRequest [GET]>
        │       └ <function HTTPAdapter.send at 0x7fe06b27b550>
        └ <requests.adapters.HTTPAdapter object at 0x7fde10493c40>
  File "/home/chase/.local/lib/python3.8/site-packages/requests/adapters.py", line 514, in send
    raise SSLError(e, request=request)
          │                   └ <PreparedRequest [GET]>
          └ <class 'requests.exceptions.SSLError'>

requests.exceptions.SSLError: HTTPSConnectionPool(host='wappass.baidu.com', port=443): Max retries exceeded with url: /static/captcha/tuxing.html?ak=2ef521ec36290baed33d66de9b16f625&backurl=http%3A%2F%2Ftieba.baidu.com%2Ff%2Fsearch%2Fres%3Fisnew%3D1%26kw%3D%26qw%3D%25E5%25AE%2589%25E5%25BE%25BD%25E7%259C%2581%25E5%2586%259B%25E5%258C%25BA%25E5%258A%25A0%25E5%25BC%25BA%25E4%25BB%25A5%25E9%259D%2592%25E5%25B9%25B4%25E4%25B8%25BA%25E4%25B8%25BB%25E7%259A%2584%25E6%25B0%2591%25E5%2585%25B5%25E6%2596%25B0%25E8%25B4%25A8%25E5%258A%259B%25E9%2587%258F%25E5%25BB%25BA%25E8%25AE%25BE%26rn%3D10%26un%3D%26only_thread%3D0%26sm%3D1%26sd%3D%26ed%3D%26pn%3D23&timestamp=1654679880&signature=adec26522df824e474d451be156e51b4 (Caused by SSLError(SSLError(1, '[SSL: SSLV3_ALERT_HANDSHAKE_FAILURE] sslv3 alert handshake failure (_ssl.c:1131)')))
2022-06-08 17:19:10.877 | ERROR    | monitor.searchSpiders.tieba:get_request_from_keyword:34 - E 贴吧错误HTTPSConnectionPool(host='wappass.baidu.com', port=443): Max retries exceeded with url: /static/captcha/tuxing.html?ak=2ef521ec36290baed33d66de9b16f625&backurl=http%3A%2F%2Ftieba.baidu.com%2Ff%2Fsearch%2Fres%3Fisnew%3D1%26kw%3D%26qw%3D%25E3%2580%2590%25E7%25BB%2584%25E5%259B%25BE%25E3%2580%2591%25E2%2580%259C%25E5%25BA%2594%25E6%2580%25A5%25E4%25BD%25BF%25E5%2591%25BD%25C2%25B72022%25E2%2580%259D%25E9%25AB%2598%25E5%258E%259F%25E9%25AB%2598%25E5%25AF%2592%25E5%259C%25B0%25E5%258C%25BA%25E6%258A%2597%25E9%259C%2587%25E6%2595%2591%25E7%2581%25BE%25E5%25AE%259E%25E6%2588%2598%25E5%258C%2596%25E6%25BC%2594%25E4%25B9%25A0%25E4%25B8%25BE%25E8%25A1%258C%26rn%3D10%26un%3D%26only_thread%3D0%26sm%3D1%26sd%3D%26ed%3D%26pn%3D19&timestamp=1654679950&signature=5c3d29c8397e7cbd580630775c20185b (Caused by SSLError(SSLError(1, '[SSL: SSLV3_ALERT_HANDSHAKE_FAILURE] sslv3 alert handshake failure (_ssl.c:1131)')))
Traceback (most recent call last):

  File "/home/chase/.local/lib/python3.8/site-packages/urllib3/connectionpool.py", line 699, in urlopen
    httplib_response = self._make_request(
                       │    └ <function HTTPConnectionPool._make_request at 0x7fe06b3fed30>
                       └ <urllib3.connectionpool.HTTPSConnectionPool object at 0x7fdf106781f0>
  File "/home/chase/.local/lib/python3.8/site-packages/urllib3/connectionpool.py", line 382, in _make_request
    self._validate_conn(conn)
    │    │              └ <urllib3.connection.HTTPSConnection object at 0x7fddf03da130>
    │    └ <function HTTPSConnectionPool._validate_conn at 0x7fe06b3ff280>
    └ <urllib3.connectionpool.HTTPSConnectionPool object at 0x7fdf106781f0>
  File "/home/chase/.local/lib/python3.8/site-packages/urllib3/connectionpool.py", line 1010, in _validate_conn
    conn.connect()
    │    └ <function HTTPSConnection.connect at 0x7fe06b46d940>
    └ <urllib3.connection.HTTPSConnection object at 0x7fddf03da130>
  File "/home/chase/.local/lib/python3.8/site-packages/urllib3/connection.py", line 416, in connect
    self.sock = ssl_wrap_socket(
    │    │      └ <function ssl_wrap_socket at 0x7fe06b468670>
    │    └ None
    └ <urllib3.connection.HTTPSConnection object at 0x7fddf03da130>
  File "/home/chase/.local/lib/python3.8/site-packages/urllib3/util/ssl_.py", line 449, in ssl_wrap_socket
    ssl_sock = _ssl_wrap_socket_impl(
               └ <function _ssl_wrap_socket_impl at 0x7fe06b468820>
  File "/home/chase/.local/lib/python3.8/site-packages/urllib3/util/ssl_.py", line 493, in _ssl_wrap_socket_impl
    return ssl_context.wrap_socket(sock, server_hostname=server_hostname)
           │           │           │                     └ 'wappass.baidu.com'
           │           │           └ <socket.socket [closed] fd=-1, family=AddressFamily.AF_INET, type=SocketKind.SOCK_STREAM, proto=6>
           │           └ <function SSLContext.wrap_socket at 0x7fe08118de50>
           └ <ssl.SSLContext object at 0x7fdf54259cc0>
  File "/usr/lib/python3.8/ssl.py", line 500, in wrap_socket
    return self.sslsocket_class._create(
           │    │               └ <classmethod object at 0x7fe08c8cfaf0>
           │    └ <class 'ssl.SSLSocket'>
           └ <ssl.SSLContext object at 0x7fdf54259cc0>
  File "/usr/lib/python3.8/ssl.py", line 1040, in _create
    self.do_handshake()
    │    └ <function SSLSocket.do_handshake at 0x7fe08c8d2d30>
    └ <ssl.SSLSocket [closed] fd=-1, family=AddressFamily.AF_INET, type=SocketKind.SOCK_STREAM, proto=6>
  File "/usr/lib/python3.8/ssl.py", line 1309, in do_handshake
    self._sslobj.do_handshake()
    │    └ None
    └ <ssl.SSLSocket [closed] fd=-1, family=AddressFamily.AF_INET, type=SocketKind.SOCK_STREAM, proto=6>

ssl.SSLError: [SSL: SSLV3_ALERT_HANDSHAKE_FAILURE] sslv3 alert handshake failure (_ssl.c:1131)


During handling of the above exception, another exception occurred:


Traceback (most recent call last):

  File "/home/chase/.local/lib/python3.8/site-packages/requests/adapters.py", line 439, in send
    resp = conn.urlopen(
           │    └ <function HTTPConnectionPool.urlopen at 0x7fe06b3fef70>
           └ <urllib3.connectionpool.HTTPSConnectionPool object at 0x7fdf106781f0>
  File "/home/chase/.local/lib/python3.8/site-packages/urllib3/connectionpool.py", line 755, in urlopen
    retries = retries.increment(
              │       └ <function Retry.increment at 0x7fe06b443280>
              └ Retry(total=0, connect=None, read=False, redirect=None, status=None)
  File "/home/chase/.local/lib/python3.8/site-packages/urllib3/util/retry.py", line 574, in increment
    raise MaxRetryError(_pool, url, error or ResponseError(cause))
          │             │      │    │        │             └ 'unknown'
          │             │      │    │        └ <class 'urllib3.exceptions.ResponseError'>
          │             │      │    └ SSLError(SSLError(1, '[SSL: SSLV3_ALERT_HANDSHAKE_FAILURE] sslv3 alert handshake failure (_ssl.c:1131)'))
          │             │      └ '/static/captcha/tuxing.html?ak=2ef521ec36290baed33d66de9b16f625&backurl=http%3A%2F%2Ftieba.baidu.com%2Ff%2Fsearch%2Fres%3Fis...
          │             └ <urllib3.connectionpool.HTTPSConnectionPool object at 0x7fdf106781f0>
          └ <class 'urllib3.exceptions.MaxRetryError'>

urllib3.exceptions.MaxRetryError: HTTPSConnectionPool(host='wappass.baidu.com', port=443): Max retries exceeded with url: /static/captcha/tuxing.html?ak=2ef521ec36290baed33d66de9b16f625&backurl=http%3A%2F%2Ftieba.baidu.com%2Ff%2Fsearch%2Fres%3Fisnew%3D1%26kw%3D%26qw%3D%25E3%2580%2590%25E7%25BB%2584%25E5%259B%25BE%25E3%2580%2591%25E2%2580%259C%25E5%25BA%2594%25E6%2580%25A5%25E4%25BD%25BF%25E5%2591%25BD%25C2%25B72022%25E2%2580%259D%25E9%25AB%2598%25E5%258E%259F%25E9%25AB%2598%25E5%25AF%2592%25E5%259C%25B0%25E5%258C%25BA%25E6%258A%2597%25E9%259C%2587%25E6%2595%2591%25E7%2581%25BE%25E5%25AE%259E%25E6%2588%2598%25E5%258C%2596%25E6%25BC%2594%25E4%25B9%25A0%25E4%25B8%25BE%25E8%25A1%258C%26rn%3D10%26un%3D%26only_thread%3D0%26sm%3D1%26sd%3D%26ed%3D%26pn%3D19&timestamp=1654679950&signature=5c3d29c8397e7cbd580630775c20185b (Caused by SSLError(SSLError(1, '[SSL: SSLV3_ALERT_HANDSHAKE_FAILURE] sslv3 alert handshake failure (_ssl.c:1131)')))


During handling of the above exception, another exception occurred:


Traceback (most recent call last):

  File "/usr/lib/python3.8/threading.py", line 890, in _bootstrap
    self._bootstrap_inner()
    │    └ <function Thread._bootstrap_inner at 0x7fe08f92ea60>
    └ <Thread(Thread-30423, started daemon 140587208746752)>
  File "/usr/lib/python3.8/threading.py", line 932, in _bootstrap_inner
    self.run()
    │    └ <function Thread.run at 0x7fe08f92e790>
    └ <Thread(Thread-30423, started daemon 140587208746752)>
  File "/usr/lib/python3.8/threading.py", line 870, in run
    self._target(*self._args, **self._kwargs)
    │    │        │    │        │    └ {}
    │    │        │    │        └ <Thread(Thread-30423, started daemon 140587208746752)>
    │    │        │    └ ('ProjectManager.run_func_by_thread',)
    │    │        └ <Thread(Thread-30423, started daemon 140587208746752)>
    │    └ <bound method ProjectManager.get_request_from_keywords_hot of <monitor.projectManager.ProjectManager object at 0x7fe063c65790>>
    └ <Thread(Thread-30423, started daemon 140587208746752)>

  File "/home/users/Scy/yuqing/spider/monitor/projectManager.py", line 833, in get_request_from_keywords_hot
    self.search_spider_manager.crawl_by_keyword(
    │    │                     └ <function SearchSpidersManager.crawl_by_keyword at 0x7fe063c71160>
    │    └ <monitor.spiderManager.SearchSpidersManager object at 0x7fe0638938b0>
    └ <monitor.projectManager.ProjectManager object at 0x7fe063c65790>

  File "/home/users/Scy/yuqing/spider/monitor/spiderManager.py", line 118, in crawl_by_keyword
    self.crawl_by_keyword_signal_platform(project_names, platform, keyword, crawl_time, project_times)
    │    │                                │              │         │        │           └ {'default': <monitor.TimeSection object at 0x7fe0639a2b80>}
    │    │                                │              │         │        └ <monitor.TimeSection object at 0x7fdcd1ef6370>
    │    │                                │              │         └ '【组图】“应急使命·2022”高原高寒地区抗震救灾实战化演习举行'
    │    │                                │              └ '贴吧'
    │    │                                └ ['default']
    │    └ <function SearchSpidersManager.crawl_by_keyword_signal_platform at 0x7fe063c71280>
    └ <monitor.spiderManager.SearchSpidersManager object at 0x7fe0638938b0>

  File "/home/users/Scy/yuqing/spider/monitor/spiderManager.py", line 150, in crawl_by_keyword_signal_platform
    requests = self.get_request_from_keyword(platform, keyword_only, **crawl_time.to_dict())
               │    │                        │         │               │          └ <function TimeSection.to_dict at 0x7fe06b8931f0>
               │    │                        │         │               └ <monitor.TimeSection object at 0x7fdcd1ef6370>
               │    │                        │         └ '【组图】“应急使命·2022”高原高寒地区抗震救灾实战化演习举行'
               │    │                        └ '贴吧'
               │    └ <function SearchSpidersManager.get_request_from_keyword at 0x7fe063c713a0>
               └ <monitor.spiderManager.SearchSpidersManager object at 0x7fe0638938b0>

  File "/home/users/Scy/yuqing/spider/monitor/spiderManager.py", line 214, in get_request_from_keyword
    for request in self.spiders[platform].get_request_from_keyword(headers, search_url, keyword, content_url,
                   │    │       │                                  │        │           │        └ None
                   │    │       │                                  │        │           └ '【组图】“应急使命·2022”高原高寒地区抗震救灾实战化演习举行'
                   │    │       │                                  │        └ <string.Template object at 0x7fdcf0008640>
                   │    │       │                                  └ {'Connection': 'keep-alive', 'sec-ch-ua': "'Chromium';v='92',' Not A;Brand';v='99', 'Google Chrome';v='92'", 'sec-ch-ua-mobil...
                   │    │       └ '贴吧'
                   │    └ {'凤凰网': <monitor.searchSpiders.ifeng.Ifeng object at 0x7fe063893370>, '头条': <monitor.searchSpiders.toutiao.Toutiao object at ...
                   └ <monitor.spiderManager.SearchSpidersManager object at 0x7fe0638938b0>

> File "/home/users/Scy/yuqing/spider/monitor/searchSpiders/tieba.py", line 22, in get_request_from_keyword
    response = requests.get(url, headers=headers, timeout=50)
               │        │   │            └ {'Connection': 'keep-alive', 'sec-ch-ua': "'Chromium';v='92',' Not A;Brand';v='99', 'Google Chrome';v='92'", 'sec-ch-ua-mobil...
               │        │   └ 'https://tieba.baidu.com/f/search/res?isnew=1&kw=&qw=【组图】“应急使命·2022”高原高寒地区抗震救灾实战化演习举行&rn=10&un=&only_thread=0&sm=1&sd=&ed=&pn...
               │        └ <function get at 0x7fe06b2724c0>
               └ <module 'requests' from '/home/chase/.local/lib/python3.8/site-packages/requests/__init__.py'>

  File "/home/chase/.local/lib/python3.8/site-packages/requests/api.py", line 75, in get
    return request('get', url, params=params, **kwargs)
           │              │           │         └ {'headers': {'Connection': 'keep-alive', 'sec-ch-ua': "'Chromium';v='92',' Not A;Brand';v='99', 'Google Chrome';v='92'", 'sec...
           │              │           └ None
           │              └ 'https://tieba.baidu.com/f/search/res?isnew=1&kw=&qw=【组图】“应急使命·2022”高原高寒地区抗震救灾实战化演习举行&rn=10&un=&only_thread=0&sm=1&sd=&ed=&pn...
           └ <function request at 0x7fe06b268310>
  File "/home/chase/.local/lib/python3.8/site-packages/requests/api.py", line 61, in request
    return session.request(method=method, url=url, **kwargs)
           │       │              │           │      └ {'params': None, 'headers': {'Connection': 'keep-alive', 'sec-ch-ua': "'Chromium';v='92',' Not A;Brand';v='99', 'Google Chrom...
           │       │              │           └ 'https://tieba.baidu.com/f/search/res?isnew=1&kw=&qw=【组图】“应急使命·2022”高原高寒地区抗震救灾实战化演习举行&rn=10&un=&only_thread=0&sm=1&sd=&ed=&pn...
           │       │              └ 'get'
           │       └ <function Session.request at 0x7fe06b27bc10>
           └ <requests.sessions.Session object at 0x7fdf305d5d60>
  File "/home/chase/.local/lib/python3.8/site-packages/requests/sessions.py", line 542, in request
    resp = self.send(prep, **send_kwargs)
           │    │    │       └ {'timeout': 50, 'allow_redirects': True, 'verify': True, 'proxies': OrderedDict(), 'stream': False, 'cert': None}
           │    │    └ <PreparedRequest [GET]>
           │    └ <function Session.send at 0x7fe06b2720d0>
           └ <requests.sessions.Session object at 0x7fdf305d5d60>
  File "/home/chase/.local/lib/python3.8/site-packages/requests/sessions.py", line 677, in send
    history = [resp for resp in gen]
                                └ <generator object SessionRedirectMixin.resolve_redirects at 0x7fde100f2350>
  File "/home/chase/.local/lib/python3.8/site-packages/requests/sessions.py", line 677, in <listcomp>
    history = [resp for resp in gen]
  File "/home/chase/.local/lib/python3.8/site-packages/requests/sessions.py", line 237, in resolve_redirects
    resp = self.send(
           │    └ <function Session.send at 0x7fe06b2720d0>
           └ <requests.sessions.Session object at 0x7fdf305d5d60>
  File "/home/chase/.local/lib/python3.8/site-packages/requests/sessions.py", line 655, in send
    r = adapter.send(request, **kwargs)
        │       │    │          └ {'stream': False, 'timeout': 50, 'verify': True, 'cert': None, 'proxies': OrderedDict()}
        │       │    └ <PreparedRequest [GET]>
        │       └ <function HTTPAdapter.send at 0x7fe06b27b550>
        └ <requests.adapters.HTTPAdapter object at 0x7fdd1defc9d0>
  File "/home/chase/.local/lib/python3.8/site-packages/requests/adapters.py", line 514, in send
    raise SSLError(e, request=request)
          │                   └ <PreparedRequest [GET]>
          └ <class 'requests.exceptions.SSLError'>

requests.exceptions.SSLError: HTTPSConnectionPool(host='wappass.baidu.com', port=443): Max retries exceeded with url: /static/captcha/tuxing.html?ak=2ef521ec36290baed33d66de9b16f625&backurl=http%3A%2F%2Ftieba.baidu.com%2Ff%2Fsearch%2Fres%3Fisnew%3D1%26kw%3D%26qw%3D%25E3%2580%2590%25E7%25BB%2584%25E5%259B%25BE%25E3%2580%2591%25E2%2580%259C%25E5%25BA%2594%25E6%2580%25A5%25E4%25BD%25BF%25E5%2591%25BD%25C2%25B72022%25E2%2580%259D%25E9%25AB%2598%25E5%258E%259F%25E9%25AB%2598%25E5%25AF%2592%25E5%259C%25B0%25E5%258C%25BA%25E6%258A%2597%25E9%259C%2587%25E6%2595%2591%25E7%2581%25BE%25E5%25AE%259E%25E6%2588%2598%25E5%258C%2596%25E6%25BC%2594%25E4%25B9%25A0%25E4%25B8%25BE%25E8%25A1%258C%26rn%3D10%26un%3D%26only_thread%3D0%26sm%3D1%26sd%3D%26ed%3D%26pn%3D19&timestamp=1654679950&signature=5c3d29c8397e7cbd580630775c20185b (Caused by SSLError(SSLError(1, '[SSL: SSLV3_ALERT_HANDSHAKE_FAILURE] sslv3 alert handshake failure (_ssl.c:1131)')))
2022-06-08 17:21:21.555 | ERROR    | monitor.hotSpiders.ifeng:get_title:33 - url:https://www.ifeng.com/  ("Connection broken: ConnectionResetError(104, 'Connection reset by peer')", ConnectionResetError(104, 'Connection reset by peer'))
Traceback (most recent call last):

  File "/home/chase/.local/lib/python3.8/site-packages/urllib3/response.py", line 438, in _error_catcher
    yield
  File "/home/chase/.local/lib/python3.8/site-packages/urllib3/response.py", line 519, in read
    data = self._fp.read(amt) if not fp_closed else b""
           │    │   │    │           └ False
           │    │   │    └ 10240
           │    │   └ <function HTTPResponse.read at 0x7fe08116ca60>
           │    └ <http.client.HTTPResponse object at 0x7fdd3baeedc0>
           └ <urllib3.response.HTTPResponse object at 0x7fe06044cd90>
  File "/usr/lib/python3.8/http/client.py", line 459, in read
    n = self.readinto(b)
        │    │        └ bytearray(b'g.ifeng.com/"},{"title":"\xe5\x88\x9b\xe6\x96\xb0","url":"//dol.deliver.ifeng.com/c?z=ifeng&la=0&si=2&cg=1&c=1&ci...
        │    └ <function HTTPResponse.readinto at 0x7fe08116caf0>
        └ <http.client.HTTPResponse object at 0x7fdd3baeedc0>
  File "/usr/lib/python3.8/http/client.py", line 503, in readinto
    n = self.fp.readinto(b)
        │    │           └ bytearray(b'g.ifeng.com/"},{"title":"\xe5\x88\x9b\xe6\x96\xb0","url":"//dol.deliver.ifeng.com/c?z=ifeng&la=0&si=2&cg=1&c=1&ci...
        │    └ None
        └ <http.client.HTTPResponse object at 0x7fdd3baeedc0>
  File "/usr/lib/python3.8/socket.py", line 669, in readinto
    return self._sock.recv_into(b)
           │    │               └ <memory at 0x7fdd3cdb3700>
           │    └ None
           └ <socket.SocketIO object at 0x7fde70041820>
  File "/usr/lib/python3.8/ssl.py", line 1241, in recv_into
    return self.read(nbytes, buffer)
           │    │    │       └ <memory at 0x7fdd3cdb3700>
           │    │    └ 8192
           │    └ <function SSLSocket.read at 0x7fe08c8d1f70>
           └ <ssl.SSLSocket [closed] fd=-1, family=AddressFamily.AF_INET, type=SocketKind.SOCK_STREAM, proto=6>
  File "/usr/lib/python3.8/ssl.py", line 1099, in read
    return self._sslobj.read(len, buffer)
           │    │            │    └ <memory at 0x7fdd3cdb3700>
           │    │            └ 8192
           │    └ None
           └ <ssl.SSLSocket [closed] fd=-1, family=AddressFamily.AF_INET, type=SocketKind.SOCK_STREAM, proto=6>

ConnectionResetError: [Errno 104] Connection reset by peer


During handling of the above exception, another exception occurred:


Traceback (most recent call last):

  File "/home/chase/.local/lib/python3.8/site-packages/requests/models.py", line 758, in generate
    for chunk in self.raw.stream(chunk_size, decode_content=True):
        │        │    │   │      └ 10240
        │        │    │   └ <function HTTPResponse.stream at 0x7fe06b3fd9d0>
        │        │    └ <urllib3.response.HTTPResponse object at 0x7fe06044cd90>
        │        └ <Response [200]>
        └ b'<!DOCTYPE html>\n<html xmlns:wb="http://open.weibo.com/wb" lang="zh">\n\n<head>\n    <meta charset="utf-8">\n    <meta http...
  File "/home/chase/.local/lib/python3.8/site-packages/urllib3/response.py", line 576, in stream
    data = self.read(amt=amt, decode_content=decode_content)
           │    │        │                   └ True
           │    │        └ 10240
           │    └ <function HTTPResponse.read at 0x7fe06b3fd940>
           └ <urllib3.response.HTTPResponse object at 0x7fe06044cd90>
  File "/home/chase/.local/lib/python3.8/site-packages/urllib3/response.py", line 541, in read
    raise IncompleteRead(self._fp_bytes_read, self.length_remaining)
          │              │    │               │    └ 336973
          │              │    │               └ <urllib3.response.HTTPResponse object at 0x7fe06044cd90>
          │              │    └ 10240
          │              └ <urllib3.response.HTTPResponse object at 0x7fe06044cd90>
          └ <class 'urllib3.exceptions.IncompleteRead'>
  File "/usr/lib/python3.8/contextlib.py", line 131, in __exit__
    self.gen.throw(type, value, traceback)
    │    │   │     │     │      └ <traceback object at 0x7fde101930c0>
    │    │   │     │     └ ConnectionResetError(104, 'Connection reset by peer')
    │    │   │     └ <class 'ConnectionResetError'>
    │    │   └ <method 'throw' of 'generator' objects>
    │    └ <generator object HTTPResponse._error_catcher at 0x7fe06cdb53c0>
    └ <contextlib._GeneratorContextManager object at 0x7fdcf12bbf70>
  File "/home/chase/.local/lib/python3.8/site-packages/urllib3/response.py", line 455, in _error_catcher
    raise ProtocolError("Connection broken: %r" % e, e)
          └ <class 'urllib3.exceptions.ProtocolError'>

urllib3.exceptions.ProtocolError: ("Connection broken: ConnectionResetError(104, 'Connection reset by peer')", ConnectionResetError(104, 'Connection reset by peer'))


During handling of the above exception, another exception occurred:


Traceback (most recent call last):

  File "/usr/lib/python3.8/threading.py", line 890, in _bootstrap
    self._bootstrap_inner()
    │    └ <function Thread._bootstrap_inner at 0x7fe08f92ea60>
    └ <Thread(Thread-32468, started daemon 140590251341568)>
  File "/usr/lib/python3.8/threading.py", line 932, in _bootstrap_inner
    self.run()
    │    └ <function Thread.run at 0x7fe08f92e790>
    └ <Thread(Thread-32468, started daemon 140590251341568)>
  File "/usr/lib/python3.8/threading.py", line 870, in run
    self._target(*self._args, **self._kwargs)
    │    │        │    │        │    └ {}
    │    │        │    │        └ <Thread(Thread-32468, started daemon 140590251341568)>
    │    │        │    └ ([],)
    │    │        └ <Thread(Thread-32468, started daemon 140590251341568)>
    │    └ <bound method ProjectManager.crawl_hot_title of <monitor.projectManager.ProjectManager object at 0x7fe063c65790>>
    └ <Thread(Thread-32468, started daemon 140590251341568)>

  File "/home/users/Scy/yuqing/spider/monitor/projectManager.py", line 743, in crawl_hot_title
    self.hot_spider_manager.crawl_hot()
    │    │                  └ <function HotSpiderManager.crawl_hot at 0x7fe063c70e50>
    │    └ <monitor.spiderManager.HotSpiderManager object at 0x7fe0639939d0>
    └ <monitor.projectManager.ProjectManager object at 0x7fe063c65790>

  File "/home/users/Scy/yuqing/spider/monitor/spiderManager.py", line 50, in crawl_hot
    status, title = spider.get_title(headers, hot_url)
    │               │      │         │        └ 'https://www.ifeng.com/'
    │               │      │         └ {'Connection': 'keep-alive', 'Cache-Control': 'max-age=0', 'sec-ch-ua': "'Chromium';v='94', 'Google Chrome';v='94', ';Not A B...
    │               │      └ <function Ifeng.get_title at 0x7fe0638d3d30>
    │               └ <monitor.hotSpiders.ifeng.Ifeng object at 0x7fe0638c11f0>
    └ True

> File "/home/users/Scy/yuqing/spider/monitor/hotSpiders/ifeng.py", line 25, in get_title
    response = requests.get(url, headers=headers)
               │        │   │            └ {'Connection': 'keep-alive', 'Cache-Control': 'max-age=0', 'sec-ch-ua': "'Chromium';v='94', 'Google Chrome';v='94', ';Not A B...
               │        │   └ 'https://www.ifeng.com/'
               │        └ <function get at 0x7fe06b2724c0>
               └ <module 'requests' from '/home/chase/.local/lib/python3.8/site-packages/requests/__init__.py'>

  File "/home/chase/.local/lib/python3.8/site-packages/requests/api.py", line 75, in get
    return request('get', url, params=params, **kwargs)
           │              │           │         └ {'headers': {'Connection': 'keep-alive', 'Cache-Control': 'max-age=0', 'sec-ch-ua': "'Chromium';v='94', 'Google Chrome';v='94...
           │              │           └ None
           │              └ 'https://www.ifeng.com/'
           └ <function request at 0x7fe06b268310>
  File "/home/chase/.local/lib/python3.8/site-packages/requests/api.py", line 61, in request
    return session.request(method=method, url=url, **kwargs)
           │       │              │           │      └ {'params': None, 'headers': {'Connection': 'keep-alive', 'Cache-Control': 'max-age=0', 'sec-ch-ua': "'Chromium';v='94', 'Goog...
           │       │              │           └ 'https://www.ifeng.com/'
           │       │              └ 'get'
           │       └ <function Session.request at 0x7fe06b27bc10>
           └ <requests.sessions.Session object at 0x7fdcc895f640>
  File "/home/chase/.local/lib/python3.8/site-packages/requests/sessions.py", line 542, in request
    resp = self.send(prep, **send_kwargs)
           │    │    │       └ {'timeout': None, 'allow_redirects': True, 'verify': True, 'proxies': OrderedDict(), 'stream': False, 'cert': None}
           │    │    └ <PreparedRequest [GET]>
           │    └ <function Session.send at 0x7fe06b2720d0>
           └ <requests.sessions.Session object at 0x7fdcc895f640>
  File "/home/chase/.local/lib/python3.8/site-packages/requests/sessions.py", line 697, in send
    r.content
    │ └ <property object at 0x7fe06b2671d0>
    └ <Response [200]>
  File "/home/chase/.local/lib/python3.8/site-packages/requests/models.py", line 836, in content
    self._content = b''.join(self.iter_content(CONTENT_CHUNK_SIZE)) or b''
    │    │                   │    │            └ 10240
    │    │                   │    └ <function Response.iter_content at 0x7fe06b265e50>
    │    │                   └ <Response [200]>
    │    └ False
    └ <Response [200]>
  File "/home/chase/.local/lib/python3.8/site-packages/requests/models.py", line 761, in generate
    raise ChunkedEncodingError(e)
          └ <class 'requests.exceptions.ChunkedEncodingError'>

requests.exceptions.ChunkedEncodingError: ("Connection broken: ConnectionResetError(104, 'Connection reset by peer')", ConnectionResetError(104, 'Connection reset by peer'))
2022-06-08 17:24:40.538 | ERROR    | monitor.searchSpiders.tieba:get_request_from_keyword:34 - E 贴吧错误HTTPSConnectionPool(host='wappass.baidu.com', port=443): Max retries exceeded with url: /static/captcha/tuxing.html?ak=2ef521ec36290baed33d66de9b16f625&backurl=http%3A%2F%2Ftieba.baidu.com%2Ff%2Fsearch%2Fres%3Fisnew%3D1%26kw%3D%26qw%3D%25E5%25AE%2589%25E5%25BE%25BD%25E7%259C%2581%25E5%2586%259B%25E5%258C%25BA%25E5%258A%25A0%25E5%25BC%25BA%25E4%25BB%25A5%25E9%259D%2592%25E5%25B9%25B4%25E4%25B8%25BA%25E4%25B8%25BB%25E7%259A%2584%25E6%25B0%2591%25E5%2585%25B5%25E6%2596%25B0%25E8%25B4%25A8%25E5%258A%259B%25E9%2587%258F%25E5%25BB%25BA%25E8%25AE%25BE%26rn%3D10%26un%3D%26only_thread%3D0%26sm%3D1%26sd%3D%26ed%3D%26pn%3D9&timestamp=1654680280&signature=3b1f69720eca86a92f465986a91e4cdb (Caused by SSLError(SSLError(1, '[SSL: SSLV3_ALERT_HANDSHAKE_FAILURE] sslv3 alert handshake failure (_ssl.c:1131)')))
Traceback (most recent call last):

  File "/home/chase/.local/lib/python3.8/site-packages/urllib3/connectionpool.py", line 699, in urlopen
    httplib_response = self._make_request(
                       │    └ <function HTTPConnectionPool._make_request at 0x7fe06b3fed30>
                       └ <urllib3.connectionpool.HTTPSConnectionPool object at 0x7fdf304004f0>
  File "/home/chase/.local/lib/python3.8/site-packages/urllib3/connectionpool.py", line 382, in _make_request
    self._validate_conn(conn)
    │    │              └ <urllib3.connection.HTTPSConnection object at 0x7fdef0735910>
    │    └ <function HTTPSConnectionPool._validate_conn at 0x7fe06b3ff280>
    └ <urllib3.connectionpool.HTTPSConnectionPool object at 0x7fdf304004f0>
  File "/home/chase/.local/lib/python3.8/site-packages/urllib3/connectionpool.py", line 1010, in _validate_conn
    conn.connect()
    │    └ <function HTTPSConnection.connect at 0x7fe06b46d940>
    └ <urllib3.connection.HTTPSConnection object at 0x7fdef0735910>
  File "/home/chase/.local/lib/python3.8/site-packages/urllib3/connection.py", line 416, in connect
    self.sock = ssl_wrap_socket(
    │    │      └ <function ssl_wrap_socket at 0x7fe06b468670>
    │    └ None
    └ <urllib3.connection.HTTPSConnection object at 0x7fdef0735910>
  File "/home/chase/.local/lib/python3.8/site-packages/urllib3/util/ssl_.py", line 449, in ssl_wrap_socket
    ssl_sock = _ssl_wrap_socket_impl(
               └ <function _ssl_wrap_socket_impl at 0x7fe06b468820>
  File "/home/chase/.local/lib/python3.8/site-packages/urllib3/util/ssl_.py", line 493, in _ssl_wrap_socket_impl
    return ssl_context.wrap_socket(sock, server_hostname=server_hostname)
           │           │           │                     └ 'wappass.baidu.com'
           │           │           └ <socket.socket [closed] fd=-1, family=AddressFamily.AF_INET, type=SocketKind.SOCK_STREAM, proto=6>
           │           └ <function SSLContext.wrap_socket at 0x7fe08118de50>
           └ <ssl.SSLContext object at 0x7fde90287940>
  File "/usr/lib/python3.8/ssl.py", line 500, in wrap_socket
    return self.sslsocket_class._create(
           │    │               └ <classmethod object at 0x7fe08c8cfaf0>
           │    └ <class 'ssl.SSLSocket'>
           └ <ssl.SSLContext object at 0x7fde90287940>
  File "/usr/lib/python3.8/ssl.py", line 1040, in _create
    self.do_handshake()
    │    └ <function SSLSocket.do_handshake at 0x7fe08c8d2d30>
    └ <ssl.SSLSocket [closed] fd=-1, family=AddressFamily.AF_INET, type=SocketKind.SOCK_STREAM, proto=6>
  File "/usr/lib/python3.8/ssl.py", line 1309, in do_handshake
    self._sslobj.do_handshake()
    │    └ None
    └ <ssl.SSLSocket [closed] fd=-1, family=AddressFamily.AF_INET, type=SocketKind.SOCK_STREAM, proto=6>

ssl.SSLError: [SSL: SSLV3_ALERT_HANDSHAKE_FAILURE] sslv3 alert handshake failure (_ssl.c:1131)


During handling of the above exception, another exception occurred:


Traceback (most recent call last):

  File "/home/chase/.local/lib/python3.8/site-packages/requests/adapters.py", line 439, in send
    resp = conn.urlopen(
           │    └ <function HTTPConnectionPool.urlopen at 0x7fe06b3fef70>
           └ <urllib3.connectionpool.HTTPSConnectionPool object at 0x7fdf304004f0>
  File "/home/chase/.local/lib/python3.8/site-packages/urllib3/connectionpool.py", line 755, in urlopen
    retries = retries.increment(
              │       └ <function Retry.increment at 0x7fe06b443280>
              └ Retry(total=0, connect=None, read=False, redirect=None, status=None)
  File "/home/chase/.local/lib/python3.8/site-packages/urllib3/util/retry.py", line 574, in increment
    raise MaxRetryError(_pool, url, error or ResponseError(cause))
          │             │      │    │        │             └ 'unknown'
          │             │      │    │        └ <class 'urllib3.exceptions.ResponseError'>
          │             │      │    └ SSLError(SSLError(1, '[SSL: SSLV3_ALERT_HANDSHAKE_FAILURE] sslv3 alert handshake failure (_ssl.c:1131)'))
          │             │      └ '/static/captcha/tuxing.html?ak=2ef521ec36290baed33d66de9b16f625&backurl=http%3A%2F%2Ftieba.baidu.com%2Ff%2Fsearch%2Fres%3Fis...
          │             └ <urllib3.connectionpool.HTTPSConnectionPool object at 0x7fdf304004f0>
          └ <class 'urllib3.exceptions.MaxRetryError'>

urllib3.exceptions.MaxRetryError: HTTPSConnectionPool(host='wappass.baidu.com', port=443): Max retries exceeded with url: /static/captcha/tuxing.html?ak=2ef521ec36290baed33d66de9b16f625&backurl=http%3A%2F%2Ftieba.baidu.com%2Ff%2Fsearch%2Fres%3Fisnew%3D1%26kw%3D%26qw%3D%25E5%25AE%2589%25E5%25BE%25BD%25E7%259C%2581%25E5%2586%259B%25E5%258C%25BA%25E5%258A%25A0%25E5%25BC%25BA%25E4%25BB%25A5%25E9%259D%2592%25E5%25B9%25B4%25E4%25B8%25BA%25E4%25B8%25BB%25E7%259A%2584%25E6%25B0%2591%25E5%2585%25B5%25E6%2596%25B0%25E8%25B4%25A8%25E5%258A%259B%25E9%2587%258F%25E5%25BB%25BA%25E8%25AE%25BE%26rn%3D10%26un%3D%26only_thread%3D0%26sm%3D1%26sd%3D%26ed%3D%26pn%3D9&timestamp=1654680280&signature=3b1f69720eca86a92f465986a91e4cdb (Caused by SSLError(SSLError(1, '[SSL: SSLV3_ALERT_HANDSHAKE_FAILURE] sslv3 alert handshake failure (_ssl.c:1131)')))


During handling of the above exception, another exception occurred:


Traceback (most recent call last):

  File "/usr/lib/python3.8/threading.py", line 890, in _bootstrap
    self._bootstrap_inner()
    │    └ <function Thread._bootstrap_inner at 0x7fe08f92ea60>
    └ <Thread(Thread-32160, started daemon 140590041523968)>
  File "/usr/lib/python3.8/threading.py", line 932, in _bootstrap_inner
    self.run()
    │    └ <function Thread.run at 0x7fe08f92e790>
    └ <Thread(Thread-32160, started daemon 140590041523968)>
  File "/usr/lib/python3.8/threading.py", line 870, in run
    self._target(*self._args, **self._kwargs)
    │    │        │    │        │    └ {}
    │    │        │    │        └ <Thread(Thread-32160, started daemon 140590041523968)>
    │    │        │    └ ('ProjectManager.run_func_by_thread',)
    │    │        └ <Thread(Thread-32160, started daemon 140590041523968)>
    │    └ <bound method ProjectManager.get_request_from_keywords_hot of <monitor.projectManager.ProjectManager object at 0x7fe063c65790>>
    └ <Thread(Thread-32160, started daemon 140590041523968)>

  File "/home/users/Scy/yuqing/spider/monitor/projectManager.py", line 833, in get_request_from_keywords_hot
    self.search_spider_manager.crawl_by_keyword(
    │    │                     └ <function SearchSpidersManager.crawl_by_keyword at 0x7fe063c71160>
    │    └ <monitor.spiderManager.SearchSpidersManager object at 0x7fe0638938b0>
    └ <monitor.projectManager.ProjectManager object at 0x7fe063c65790>

  File "/home/users/Scy/yuqing/spider/monitor/spiderManager.py", line 118, in crawl_by_keyword
    self.crawl_by_keyword_signal_platform(project_names, platform, keyword, crawl_time, project_times)
    │    │                                │              │         │        │           └ {'default': <monitor.TimeSection object at 0x7fe0639a2b80>}
    │    │                                │              │         │        └ <monitor.TimeSection object at 0x7fddd0202c10>
    │    │                                │              │         └ '安徽省军区加强以青年为主的民兵新质力量建设'
    │    │                                │              └ '贴吧'
    │    │                                └ ['default']
    │    └ <function SearchSpidersManager.crawl_by_keyword_signal_platform at 0x7fe063c71280>
    └ <monitor.spiderManager.SearchSpidersManager object at 0x7fe0638938b0>

  File "/home/users/Scy/yuqing/spider/monitor/spiderManager.py", line 150, in crawl_by_keyword_signal_platform
    requests = self.get_request_from_keyword(platform, keyword_only, **crawl_time.to_dict())
               │    │                        │         │               │          └ <function TimeSection.to_dict at 0x7fe06b8931f0>
               │    │                        │         │               └ <monitor.TimeSection object at 0x7fddd0202c10>
               │    │                        │         └ '安徽省军区加强以青年为主的民兵新质力量建设'
               │    │                        └ '贴吧'
               │    └ <function SearchSpidersManager.get_request_from_keyword at 0x7fe063c713a0>
               └ <monitor.spiderManager.SearchSpidersManager object at 0x7fe0638938b0>

  File "/home/users/Scy/yuqing/spider/monitor/spiderManager.py", line 214, in get_request_from_keyword
    for request in self.spiders[platform].get_request_from_keyword(headers, search_url, keyword, content_url,
                   │    │       │                                  │        │           │        └ None
                   │    │       │                                  │        │           └ '安徽省军区加强以青年为主的民兵新质力量建设'
                   │    │       │                                  │        └ <string.Template object at 0x7fdeb02153d0>
                   │    │       │                                  └ {'Connection': 'keep-alive', 'sec-ch-ua': "'Chromium';v='92',' Not A;Brand';v='99', 'Google Chrome';v='92'", 'sec-ch-ua-mobil...
                   │    │       └ '贴吧'
                   │    └ {'凤凰网': <monitor.searchSpiders.ifeng.Ifeng object at 0x7fe063893370>, '头条': <monitor.searchSpiders.toutiao.Toutiao object at ...
                   └ <monitor.spiderManager.SearchSpidersManager object at 0x7fe0638938b0>

> File "/home/users/Scy/yuqing/spider/monitor/searchSpiders/tieba.py", line 22, in get_request_from_keyword
    response = requests.get(url, headers=headers, timeout=50)
               │        │   │            └ {'Connection': 'keep-alive', 'sec-ch-ua': "'Chromium';v='92',' Not A;Brand';v='99', 'Google Chrome';v='92'", 'sec-ch-ua-mobil...
               │        │   └ 'https://tieba.baidu.com/f/search/res?isnew=1&kw=&qw=安徽省军区加强以青年为主的民兵新质力量建设&rn=10&un=&only_thread=0&sm=1&sd=&ed=&pn=9'
               │        └ <function get at 0x7fe06b2724c0>
               └ <module 'requests' from '/home/chase/.local/lib/python3.8/site-packages/requests/__init__.py'>

  File "/home/chase/.local/lib/python3.8/site-packages/requests/api.py", line 75, in get
    return request('get', url, params=params, **kwargs)
           │              │           │         └ {'headers': {'Connection': 'keep-alive', 'sec-ch-ua': "'Chromium';v='92',' Not A;Brand';v='99', 'Google Chrome';v='92'", 'sec...
           │              │           └ None
           │              └ 'https://tieba.baidu.com/f/search/res?isnew=1&kw=&qw=安徽省军区加强以青年为主的民兵新质力量建设&rn=10&un=&only_thread=0&sm=1&sd=&ed=&pn=9'
           └ <function request at 0x7fe06b268310>
  File "/home/chase/.local/lib/python3.8/site-packages/requests/api.py", line 61, in request
    return session.request(method=method, url=url, **kwargs)
           │       │              │           │      └ {'params': None, 'headers': {'Connection': 'keep-alive', 'sec-ch-ua': "'Chromium';v='92',' Not A;Brand';v='99', 'Google Chrom...
           │       │              │           └ 'https://tieba.baidu.com/f/search/res?isnew=1&kw=&qw=安徽省军区加强以青年为主的民兵新质力量建设&rn=10&un=&only_thread=0&sm=1&sd=&ed=&pn=9'
           │       │              └ 'get'
           │       └ <function Session.request at 0x7fe06b27bc10>
           └ <requests.sessions.Session object at 0x7fdd3a8fda90>
  File "/home/chase/.local/lib/python3.8/site-packages/requests/sessions.py", line 542, in request
    resp = self.send(prep, **send_kwargs)
           │    │    │       └ {'timeout': 50, 'allow_redirects': True, 'verify': True, 'proxies': OrderedDict(), 'stream': False, 'cert': None}
           │    │    └ <PreparedRequest [GET]>
           │    └ <function Session.send at 0x7fe06b2720d0>
           └ <requests.sessions.Session object at 0x7fdd3a8fda90>
  File "/home/chase/.local/lib/python3.8/site-packages/requests/sessions.py", line 677, in send
    history = [resp for resp in gen]
                                └ <generator object SessionRedirectMixin.resolve_redirects at 0x7fddd04b0900>
  File "/home/chase/.local/lib/python3.8/site-packages/requests/sessions.py", line 677, in <listcomp>
    history = [resp for resp in gen]
  File "/home/chase/.local/lib/python3.8/site-packages/requests/sessions.py", line 237, in resolve_redirects
    resp = self.send(
           │    └ <function Session.send at 0x7fe06b2720d0>
           └ <requests.sessions.Session object at 0x7fdd3a8fda90>
  File "/home/chase/.local/lib/python3.8/site-packages/requests/sessions.py", line 655, in send
    r = adapter.send(request, **kwargs)
        │       │    │          └ {'stream': False, 'timeout': 50, 'verify': True, 'cert': None, 'proxies': OrderedDict()}
        │       │    └ <PreparedRequest [GET]>
        │       └ <function HTTPAdapter.send at 0x7fe06b27b550>
        └ <requests.adapters.HTTPAdapter object at 0x7fddc479e460>
  File "/home/chase/.local/lib/python3.8/site-packages/requests/adapters.py", line 514, in send
    raise SSLError(e, request=request)
          │                   └ <PreparedRequest [GET]>
          └ <class 'requests.exceptions.SSLError'>

requests.exceptions.SSLError: HTTPSConnectionPool(host='wappass.baidu.com', port=443): Max retries exceeded with url: /static/captcha/tuxing.html?ak=2ef521ec36290baed33d66de9b16f625&backurl=http%3A%2F%2Ftieba.baidu.com%2Ff%2Fsearch%2Fres%3Fisnew%3D1%26kw%3D%26qw%3D%25E5%25AE%2589%25E5%25BE%25BD%25E7%259C%2581%25E5%2586%259B%25E5%258C%25BA%25E5%258A%25A0%25E5%25BC%25BA%25E4%25BB%25A5%25E9%259D%2592%25E5%25B9%25B4%25E4%25B8%25BA%25E4%25B8%25BB%25E7%259A%2584%25E6%25B0%2591%25E5%2585%25B5%25E6%2596%25B0%25E8%25B4%25A8%25E5%258A%259B%25E9%2587%258F%25E5%25BB%25BA%25E8%25AE%25BE%26rn%3D10%26un%3D%26only_thread%3D0%26sm%3D1%26sd%3D%26ed%3D%26pn%3D9&timestamp=1654680280&signature=3b1f69720eca86a92f465986a91e4cdb (Caused by SSLError(SSLError(1, '[SSL: SSLV3_ALERT_HANDSHAKE_FAILURE] sslv3 alert handshake failure (_ssl.c:1131)')))
