2022-05-14 19:08:50.710 | ERROR    | monitor.searchSpiders.tieba:get_request_from_keyword:34 - E 贴吧错误HTTPSConnectionPool(host='wappass.baidu.com', port=443): Max retries exceeded with url: /static/captcha/tuxing.html?ak=2ef521ec36290baed33d66de9b16f625&backurl=http%3A%2F%2Ftieba.baidu.com%2Ff%2Fsearch%2Fres%3Fisnew%3D1%26kw%3D%26qw%3D%25E6%25B2%25B3%25E5%258C%2597%25E5%2586%2585%25E4%25B8%2598%25EF%25BC%259A%25E9%2587%2591%25E9%2593%25B6%25E8%258A%25B1%25E5%25BC%2580%25E5%25AF%258C%25E5%2586%259C%25E5%25AE%25B6%26rn%3D10%26un%3D%26only_thread%3D0%26sm%3D1%26sd%3D%26ed%3D%26pn%3D8&timestamp=1652526530&signature=77923f471a43125a4160744e0d33809c (Caused by SSLError(SSLError(1, '[SSL: SSLV3_ALERT_HANDSHAKE_FAILURE] sslv3 alert handshake failure (_ssl.c:1131)')))
Traceback (most recent call last):

  File "/home/chase/.local/lib/python3.8/site-packages/urllib3/connectionpool.py", line 699, in urlopen
    httplib_response = self._make_request(
                       │    └ <function HTTPConnectionPool._make_request at 0x7f9508defc10>
                       └ <urllib3.connectionpool.HTTPSConnectionPool object at 0x7f91f38ce220>
  File "/home/chase/.local/lib/python3.8/site-packages/urllib3/connectionpool.py", line 382, in _make_request
    self._validate_conn(conn)
    │    │              └ <urllib3.connection.HTTPSConnection object at 0x7f9344510640>
    │    └ <function HTTPSConnectionPool._validate_conn at 0x7f9508df1160>
    └ <urllib3.connectionpool.HTTPSConnectionPool object at 0x7f91f38ce220>
  File "/home/chase/.local/lib/python3.8/site-packages/urllib3/connectionpool.py", line 1010, in _validate_conn
    conn.connect()
    │    └ <function HTTPSConnection.connect at 0x7f9508dde820>
    └ <urllib3.connection.HTTPSConnection object at 0x7f9344510640>
  File "/home/chase/.local/lib/python3.8/site-packages/urllib3/connection.py", line 416, in connect
    self.sock = ssl_wrap_socket(
    │    │      └ <function ssl_wrap_socket at 0x7f9508e57550>
    │    └ None
    └ <urllib3.connection.HTTPSConnection object at 0x7f9344510640>
  File "/home/chase/.local/lib/python3.8/site-packages/urllib3/util/ssl_.py", line 449, in ssl_wrap_socket
    ssl_sock = _ssl_wrap_socket_impl(
               └ <function _ssl_wrap_socket_impl at 0x7f9508e57700>
  File "/home/chase/.local/lib/python3.8/site-packages/urllib3/util/ssl_.py", line 493, in _ssl_wrap_socket_impl
    return ssl_context.wrap_socket(sock, server_hostname=server_hostname)
           │           │           │                     └ 'wappass.baidu.com'
           │           │           └ <socket.socket [closed] fd=-1, family=AddressFamily.AF_INET, type=SocketKind.SOCK_STREAM, proto=6>
           │           └ <function SSLContext.wrap_socket at 0x7f9529d34dc0>
           └ <ssl.SSLContext object at 0x7f93a4566dc0>
  File "/usr/lib/python3.8/ssl.py", line 500, in wrap_socket
    return self.sslsocket_class._create(
           │    │               └ <classmethod object at 0x7f9529d37ac0>
           │    └ <class 'ssl.SSLSocket'>
           └ <ssl.SSLContext object at 0x7f93a4566dc0>
  File "/usr/lib/python3.8/ssl.py", line 1040, in _create
    self.do_handshake()
    │    └ <function SSLSocket.do_handshake at 0x7f9529d3cca0>
    └ <ssl.SSLSocket [closed] fd=-1, family=AddressFamily.AF_INET, type=SocketKind.SOCK_STREAM, proto=6>
  File "/usr/lib/python3.8/ssl.py", line 1309, in do_handshake
    self._sslobj.do_handshake()
    │    └ None
    └ <ssl.SSLSocket [closed] fd=-1, family=AddressFamily.AF_INET, type=SocketKind.SOCK_STREAM, proto=6>

ssl.SSLError: [SSL: SSLV3_ALERT_HANDSHAKE_FAILURE] sslv3 alert handshake failure (_ssl.c:1131)


During handling of the above exception, another exception occurred:


Traceback (most recent call last):

  File "/home/chase/.local/lib/python3.8/site-packages/requests/adapters.py", line 439, in send
    resp = conn.urlopen(
           │    └ <function HTTPConnectionPool.urlopen at 0x7f9508defe50>
           └ <urllib3.connectionpool.HTTPSConnectionPool object at 0x7f91f38ce220>
  File "/home/chase/.local/lib/python3.8/site-packages/urllib3/connectionpool.py", line 755, in urlopen
    retries = retries.increment(
              │       └ <function Retry.increment at 0x7f9508e321f0>
              └ Retry(total=0, connect=None, read=False, redirect=None, status=None)
  File "/home/chase/.local/lib/python3.8/site-packages/urllib3/util/retry.py", line 574, in increment
    raise MaxRetryError(_pool, url, error or ResponseError(cause))
          │             │      │    │        │             └ 'unknown'
          │             │      │    │        └ <class 'urllib3.exceptions.ResponseError'>
          │             │      │    └ SSLError(SSLError(1, '[SSL: SSLV3_ALERT_HANDSHAKE_FAILURE] sslv3 alert handshake failure (_ssl.c:1131)'))
          │             │      └ '/static/captcha/tuxing.html?ak=2ef521ec36290baed33d66de9b16f625&backurl=http%3A%2F%2Ftieba.baidu.com%2Ff%2Fsearch%2Fres%3Fis...
          │             └ <urllib3.connectionpool.HTTPSConnectionPool object at 0x7f91f38ce220>
          └ <class 'urllib3.exceptions.MaxRetryError'>

urllib3.exceptions.MaxRetryError: HTTPSConnectionPool(host='wappass.baidu.com', port=443): Max retries exceeded with url: /static/captcha/tuxing.html?ak=2ef521ec36290baed33d66de9b16f625&backurl=http%3A%2F%2Ftieba.baidu.com%2Ff%2Fsearch%2Fres%3Fisnew%3D1%26kw%3D%26qw%3D%25E6%25B2%25B3%25E5%258C%2597%25E5%2586%2585%25E4%25B8%2598%25EF%25BC%259A%25E9%2587%2591%25E9%2593%25B6%25E8%258A%25B1%25E5%25BC%2580%25E5%25AF%258C%25E5%2586%259C%25E5%25AE%25B6%26rn%3D10%26un%3D%26only_thread%3D0%26sm%3D1%26sd%3D%26ed%3D%26pn%3D8&timestamp=1652526530&signature=77923f471a43125a4160744e0d33809c (Caused by SSLError(SSLError(1, '[SSL: SSLV3_ALERT_HANDSHAKE_FAILURE] sslv3 alert handshake failure (_ssl.c:1131)')))


During handling of the above exception, another exception occurred:


Traceback (most recent call last):

  File "/usr/lib/python3.8/threading.py", line 890, in _bootstrap
    self._bootstrap_inner()
    │    └ <function Thread._bootstrap_inner at 0x7f952cd96a60>
    └ <Thread(Thread-2502, started daemon 140264906815232)>
  File "/usr/lib/python3.8/threading.py", line 932, in _bootstrap_inner
    self.run()
    │    └ <function Thread.run at 0x7f952cd96790>
    └ <Thread(Thread-2502, started daemon 140264906815232)>
  File "/usr/lib/python3.8/threading.py", line 870, in run
    self._target(*self._args, **self._kwargs)
    │    │        │    │        │    └ {}
    │    │        │    │        └ <Thread(Thread-2502, started daemon 140264906815232)>
    │    │        │    └ ('ProjectManager.run_func_by_thread',)
    │    │        └ <Thread(Thread-2502, started daemon 140264906815232)>
    │    └ <bound method ProjectManager.get_request_from_keywords_hot of <monitor.projectManager.ProjectManager object at 0x7f9503f344c0>>
    └ <Thread(Thread-2502, started daemon 140264906815232)>

  File "/home/users/Scy/yuqing/spider/monitor/projectManager.py", line 805, in get_request_from_keywords_hot
    self.search_spider_manager.crawl_by_keyword(
    │    │                     └ <function SearchSpidersManager.crawl_by_keyword at 0x7f9500e28ee0>
    │    └ <monitor.spiderManager.SearchSpidersManager object at 0x7f9500a57e20>
    └ <monitor.projectManager.ProjectManager object at 0x7f9503f344c0>

  File "/home/users/Scy/yuqing/spider/monitor/spiderManager.py", line 118, in crawl_by_keyword
    self.crawl_by_keyword_signal_platform(project_names, platform, keyword, crawl_time, project_times)
    │    │                                │              │         │        │           └ {'default': <monitor.TimeSection object at 0x7f9500afdf40>, 'test': <monitor.TimeSection object at 0x7f9500b10fd0>}
    │    │                                │              │         │        └ <monitor.TimeSection object at 0x7f9364758ca0>
    │    │                                │              │         └ '河北内丘：金银花开富农家'
    │    │                                │              └ '贴吧'
    │    │                                └ ['default']
    │    └ <function SearchSpidersManager.crawl_by_keyword_signal_platform at 0x7f9500e29040>
    └ <monitor.spiderManager.SearchSpidersManager object at 0x7f9500a57e20>

  File "/home/users/Scy/yuqing/spider/monitor/spiderManager.py", line 150, in crawl_by_keyword_signal_platform
    requests = self.get_request_from_keyword(platform, keyword_only, **crawl_time.to_dict())
               │    │                        │         │               │          └ <function TimeSection.to_dict at 0x7f950b1919d0>
               │    │                        │         │               └ <monitor.TimeSection object at 0x7f9364758ca0>
               │    │                        │         └ '河北内丘：金银花开富农家'
               │    │                        └ '贴吧'
               │    └ <function SearchSpidersManager.get_request_from_keyword at 0x7f9500e29160>
               └ <monitor.spiderManager.SearchSpidersManager object at 0x7f9500a57e20>

  File "/home/users/Scy/yuqing/spider/monitor/spiderManager.py", line 214, in get_request_from_keyword
    for request in self.spiders[platform].get_request_from_keyword(headers, search_url, keyword, content_url,
                   │    │       │                                  │        │           │        └ None
                   │    │       │                                  │        │           └ '河北内丘：金银花开富农家'
                   │    │       │                                  │        └ <string.Template object at 0x7f93646694c0>
                   │    │       │                                  └ {'Connection': 'keep-alive', 'sec-ch-ua': "'Chromium';v='92',' Not A;Brand';v='99', 'Google Chrome';v='92'", 'sec-ch-ua-mobil...
                   │    │       └ '贴吧'
                   │    └ {'凤凰网': <monitor.searchSpiders.ifeng.Ifeng object at 0x7f9500a57040>, '头条': <monitor.searchSpiders.toutiao.Toutiao object at ...
                   └ <monitor.spiderManager.SearchSpidersManager object at 0x7f9500a57e20>

> File "/home/users/Scy/yuqing/spider/monitor/searchSpiders/tieba.py", line 22, in get_request_from_keyword
    response = requests.get(url, headers=headers, timeout=50)
               │        │   │            └ {'Connection': 'keep-alive', 'sec-ch-ua': "'Chromium';v='92',' Not A;Brand';v='99', 'Google Chrome';v='92'", 'sec-ch-ua-mobil...
               │        │   └ 'https://tieba.baidu.com/f/search/res?isnew=1&kw=&qw=河北内丘：金银花开富农家&rn=10&un=&only_thread=0&sm=1&sd=&ed=&pn=8'
               │        └ <function get at 0x7f9508c683a0>
               └ <module 'requests' from '/home/chase/.local/lib/python3.8/site-packages/requests/__init__.py'>

  File "/home/chase/.local/lib/python3.8/site-packages/requests/api.py", line 75, in get
    return request('get', url, params=params, **kwargs)
           │              │           │         └ {'headers': {'Connection': 'keep-alive', 'sec-ch-ua': "'Chromium';v='92',' Not A;Brand';v='99', 'Google Chrome';v='92'", 'sec...
           │              │           └ None
           │              └ 'https://tieba.baidu.com/f/search/res?isnew=1&kw=&qw=河北内丘：金银花开富农家&rn=10&un=&only_thread=0&sm=1&sd=&ed=&pn=8'
           └ <function request at 0x7f9508c5a1f0>
  File "/home/chase/.local/lib/python3.8/site-packages/requests/api.py", line 61, in request
    return session.request(method=method, url=url, **kwargs)
           │       │              │           │      └ {'params': None, 'headers': {'Connection': 'keep-alive', 'sec-ch-ua': "'Chromium';v='92',' Not A;Brand';v='99', 'Google Chrom...
           │       │              │           └ 'https://tieba.baidu.com/f/search/res?isnew=1&kw=&qw=河北内丘：金银花开富农家&rn=10&un=&only_thread=0&sm=1&sd=&ed=&pn=8'
           │       │              └ 'get'
           │       └ <function Session.request at 0x7f9508c70af0>
           └ <requests.sessions.Session object at 0x7f91863ae7c0>
  File "/home/chase/.local/lib/python3.8/site-packages/requests/sessions.py", line 542, in request
    resp = self.send(prep, **send_kwargs)
           │    │    │       └ {'timeout': 50, 'allow_redirects': True, 'verify': True, 'proxies': OrderedDict(), 'stream': False, 'cert': None}
           │    │    └ <PreparedRequest [GET]>
           │    └ <function Session.send at 0x7f9508c70f70>
           └ <requests.sessions.Session object at 0x7f91863ae7c0>
  File "/home/chase/.local/lib/python3.8/site-packages/requests/sessions.py", line 677, in send
    history = [resp for resp in gen]
                                └ <generator object SessionRedirectMixin.resolve_redirects at 0x7f9187d06ac0>
  File "/home/chase/.local/lib/python3.8/site-packages/requests/sessions.py", line 677, in <listcomp>
    history = [resp for resp in gen]
  File "/home/chase/.local/lib/python3.8/site-packages/requests/sessions.py", line 237, in resolve_redirects
    resp = self.send(
           │    └ <function Session.send at 0x7f9508c70f70>
           └ <requests.sessions.Session object at 0x7f91863ae7c0>
  File "/home/chase/.local/lib/python3.8/site-packages/requests/sessions.py", line 655, in send
    r = adapter.send(request, **kwargs)
        │       │    │          └ {'stream': False, 'timeout': 50, 'verify': True, 'cert': None, 'proxies': OrderedDict()}
        │       │    └ <PreparedRequest [GET]>
        │       └ <function HTTPAdapter.send at 0x7f9508c70430>
        └ <requests.adapters.HTTPAdapter object at 0x7f92e42dee20>
  File "/home/chase/.local/lib/python3.8/site-packages/requests/adapters.py", line 514, in send
    raise SSLError(e, request=request)
          │                   └ <PreparedRequest [GET]>
          └ <class 'requests.exceptions.SSLError'>

requests.exceptions.SSLError: HTTPSConnectionPool(host='wappass.baidu.com', port=443): Max retries exceeded with url: /static/captcha/tuxing.html?ak=2ef521ec36290baed33d66de9b16f625&backurl=http%3A%2F%2Ftieba.baidu.com%2Ff%2Fsearch%2Fres%3Fisnew%3D1%26kw%3D%26qw%3D%25E6%25B2%25B3%25E5%258C%2597%25E5%2586%2585%25E4%25B8%2598%25EF%25BC%259A%25E9%2587%2591%25E9%2593%25B6%25E8%258A%25B1%25E5%25BC%2580%25E5%25AF%258C%25E5%2586%259C%25E5%25AE%25B6%26rn%3D10%26un%3D%26only_thread%3D0%26sm%3D1%26sd%3D%26ed%3D%26pn%3D8&timestamp=1652526530&signature=77923f471a43125a4160744e0d33809c (Caused by SSLError(SSLError(1, '[SSL: SSLV3_ALERT_HANDSHAKE_FAILURE] sslv3 alert handshake failure (_ssl.c:1131)')))
2022-05-14 19:15:51.649 | ERROR    | monitor.searchSpiders.tieba:get_request_from_keyword:34 - E 贴吧错误HTTPSConnectionPool(host='wappass.baidu.com', port=443): Max retries exceeded with url: /static/captcha/tuxing.html?ak=2ef521ec36290baed33d66de9b16f625&backurl=http%3A%2F%2Ftieba.baidu.com%2Ff%2Fsearch%2Fres%3Fisnew%3D1%26kw%3D%26qw%3D%25E6%25B2%25B3%25E5%258C%2597%25E5%2586%2585%25E4%25B8%2598%25EF%25BC%259A%25E9%2587%2591%25E9%2593%25B6%25E8%258A%25B1%25E5%25BC%2580%25E5%25AF%258C%25E5%2586%259C%25E5%25AE%25B6%26rn%3D10%26un%3D%26only_thread%3D0%26sm%3D1%26sd%3D%26ed%3D%26pn%3D11&timestamp=1652526951&signature=fa89d691228d0408b4e9d4fc98dbef1d (Caused by SSLError(SSLError(1, '[SSL: SSLV3_ALERT_HANDSHAKE_FAILURE] sslv3 alert handshake failure (_ssl.c:1131)')))
Traceback (most recent call last):

  File "/home/chase/.local/lib/python3.8/site-packages/urllib3/connectionpool.py", line 699, in urlopen
    httplib_response = self._make_request(
                       │    └ <function HTTPConnectionPool._make_request at 0x7f9508defc10>
                       └ <urllib3.connectionpool.HTTPSConnectionPool object at 0x7f91afa07bb0>
  File "/home/chase/.local/lib/python3.8/site-packages/urllib3/connectionpool.py", line 382, in _make_request
    self._validate_conn(conn)
    │    │              └ <urllib3.connection.HTTPSConnection object at 0x7f91bf4887c0>
    │    └ <function HTTPSConnectionPool._validate_conn at 0x7f9508df1160>
    └ <urllib3.connectionpool.HTTPSConnectionPool object at 0x7f91afa07bb0>
  File "/home/chase/.local/lib/python3.8/site-packages/urllib3/connectionpool.py", line 1010, in _validate_conn
    conn.connect()
    │    └ <function HTTPSConnection.connect at 0x7f9508dde820>
    └ <urllib3.connection.HTTPSConnection object at 0x7f91bf4887c0>
  File "/home/chase/.local/lib/python3.8/site-packages/urllib3/connection.py", line 416, in connect
    self.sock = ssl_wrap_socket(
    │    │      └ <function ssl_wrap_socket at 0x7f9508e57550>
    │    └ None
    └ <urllib3.connection.HTTPSConnection object at 0x7f91bf4887c0>
  File "/home/chase/.local/lib/python3.8/site-packages/urllib3/util/ssl_.py", line 449, in ssl_wrap_socket
    ssl_sock = _ssl_wrap_socket_impl(
               └ <function _ssl_wrap_socket_impl at 0x7f9508e57700>
  File "/home/chase/.local/lib/python3.8/site-packages/urllib3/util/ssl_.py", line 493, in _ssl_wrap_socket_impl
    return ssl_context.wrap_socket(sock, server_hostname=server_hostname)
           │           │           │                     └ 'wappass.baidu.com'
           │           │           └ <socket.socket [closed] fd=-1, family=AddressFamily.AF_INET, type=SocketKind.SOCK_STREAM, proto=6>
           │           └ <function SSLContext.wrap_socket at 0x7f9529d34dc0>
           └ <ssl.SSLContext object at 0x7f92e443f4c0>
  File "/usr/lib/python3.8/ssl.py", line 500, in wrap_socket
    return self.sslsocket_class._create(
           │    │               └ <classmethod object at 0x7f9529d37ac0>
           │    └ <class 'ssl.SSLSocket'>
           └ <ssl.SSLContext object at 0x7f92e443f4c0>
  File "/usr/lib/python3.8/ssl.py", line 1040, in _create
    self.do_handshake()
    │    └ <function SSLSocket.do_handshake at 0x7f9529d3cca0>
    └ <ssl.SSLSocket [closed] fd=-1, family=AddressFamily.AF_INET, type=SocketKind.SOCK_STREAM, proto=6>
  File "/usr/lib/python3.8/ssl.py", line 1309, in do_handshake
    self._sslobj.do_handshake()
    │    └ None
    └ <ssl.SSLSocket [closed] fd=-1, family=AddressFamily.AF_INET, type=SocketKind.SOCK_STREAM, proto=6>

ssl.SSLError: [SSL: SSLV3_ALERT_HANDSHAKE_FAILURE] sslv3 alert handshake failure (_ssl.c:1131)


During handling of the above exception, another exception occurred:


Traceback (most recent call last):

  File "/home/chase/.local/lib/python3.8/site-packages/requests/adapters.py", line 439, in send
    resp = conn.urlopen(
           │    └ <function HTTPConnectionPool.urlopen at 0x7f9508defe50>
           └ <urllib3.connectionpool.HTTPSConnectionPool object at 0x7f91afa07bb0>
  File "/home/chase/.local/lib/python3.8/site-packages/urllib3/connectionpool.py", line 755, in urlopen
    retries = retries.increment(
              │       └ <function Retry.increment at 0x7f9508e321f0>
              └ Retry(total=0, connect=None, read=False, redirect=None, status=None)
  File "/home/chase/.local/lib/python3.8/site-packages/urllib3/util/retry.py", line 574, in increment
    raise MaxRetryError(_pool, url, error or ResponseError(cause))
          │             │      │    │        │             └ 'unknown'
          │             │      │    │        └ <class 'urllib3.exceptions.ResponseError'>
          │             │      │    └ SSLError(SSLError(1, '[SSL: SSLV3_ALERT_HANDSHAKE_FAILURE] sslv3 alert handshake failure (_ssl.c:1131)'))
          │             │      └ '/static/captcha/tuxing.html?ak=2ef521ec36290baed33d66de9b16f625&backurl=http%3A%2F%2Ftieba.baidu.com%2Ff%2Fsearch%2Fres%3Fis...
          │             └ <urllib3.connectionpool.HTTPSConnectionPool object at 0x7f91afa07bb0>
          └ <class 'urllib3.exceptions.MaxRetryError'>

urllib3.exceptions.MaxRetryError: HTTPSConnectionPool(host='wappass.baidu.com', port=443): Max retries exceeded with url: /static/captcha/tuxing.html?ak=2ef521ec36290baed33d66de9b16f625&backurl=http%3A%2F%2Ftieba.baidu.com%2Ff%2Fsearch%2Fres%3Fisnew%3D1%26kw%3D%26qw%3D%25E6%25B2%25B3%25E5%258C%2597%25E5%2586%2585%25E4%25B8%2598%25EF%25BC%259A%25E9%2587%2591%25E9%2593%25B6%25E8%258A%25B1%25E5%25BC%2580%25E5%25AF%258C%25E5%2586%259C%25E5%25AE%25B6%26rn%3D10%26un%3D%26only_thread%3D0%26sm%3D1%26sd%3D%26ed%3D%26pn%3D11&timestamp=1652526951&signature=fa89d691228d0408b4e9d4fc98dbef1d (Caused by SSLError(SSLError(1, '[SSL: SSLV3_ALERT_HANDSHAKE_FAILURE] sslv3 alert handshake failure (_ssl.c:1131)')))


During handling of the above exception, another exception occurred:


Traceback (most recent call last):

  File "/usr/lib/python3.8/threading.py", line 890, in _bootstrap
    self._bootstrap_inner()
    │    └ <function Thread._bootstrap_inner at 0x7f952cd96a60>
    └ <Thread(Thread-2550, started daemon 140264481679104)>
  File "/usr/lib/python3.8/threading.py", line 932, in _bootstrap_inner
    self.run()
    │    └ <function Thread.run at 0x7f952cd96790>
    └ <Thread(Thread-2550, started daemon 140264481679104)>
  File "/usr/lib/python3.8/threading.py", line 870, in run
    self._target(*self._args, **self._kwargs)
    │    │        │    │        │    └ {}
    │    │        │    │        └ <Thread(Thread-2550, started daemon 140264481679104)>
    │    │        │    └ ('ProjectManager.run_func_by_thread',)
    │    │        └ <Thread(Thread-2550, started daemon 140264481679104)>
    │    └ <bound method ProjectManager.get_request_from_keywords_hot of <monitor.projectManager.ProjectManager object at 0x7f9503f344c0>>
    └ <Thread(Thread-2550, started daemon 140264481679104)>

  File "/home/users/Scy/yuqing/spider/monitor/projectManager.py", line 805, in get_request_from_keywords_hot
    self.search_spider_manager.crawl_by_keyword(
    │    │                     └ <function SearchSpidersManager.crawl_by_keyword at 0x7f9500e28ee0>
    │    └ <monitor.spiderManager.SearchSpidersManager object at 0x7f9500a57e20>
    └ <monitor.projectManager.ProjectManager object at 0x7f9503f344c0>

  File "/home/users/Scy/yuqing/spider/monitor/spiderManager.py", line 118, in crawl_by_keyword
    self.crawl_by_keyword_signal_platform(project_names, platform, keyword, crawl_time, project_times)
    │    │                                │              │         │        │           └ {'default': <monitor.TimeSection object at 0x7f9500afdf40>, 'test': <monitor.TimeSection object at 0x7f9500b10fd0>}
    │    │                                │              │         │        └ <monitor.TimeSection object at 0x7f91e8560670>
    │    │                                │              │         └ '河北内丘：金银花开富农家'
    │    │                                │              └ '贴吧'
    │    │                                └ ['default']
    │    └ <function SearchSpidersManager.crawl_by_keyword_signal_platform at 0x7f9500e29040>
    └ <monitor.spiderManager.SearchSpidersManager object at 0x7f9500a57e20>

  File "/home/users/Scy/yuqing/spider/monitor/spiderManager.py", line 150, in crawl_by_keyword_signal_platform
    requests = self.get_request_from_keyword(platform, keyword_only, **crawl_time.to_dict())
               │    │                        │         │               │          └ <function TimeSection.to_dict at 0x7f950b1919d0>
               │    │                        │         │               └ <monitor.TimeSection object at 0x7f91e8560670>
               │    │                        │         └ '河北内丘：金银花开富农家'
               │    │                        └ '贴吧'
               │    └ <function SearchSpidersManager.get_request_from_keyword at 0x7f9500e29160>
               └ <monitor.spiderManager.SearchSpidersManager object at 0x7f9500a57e20>

  File "/home/users/Scy/yuqing/spider/monitor/spiderManager.py", line 214, in get_request_from_keyword
    for request in self.spiders[platform].get_request_from_keyword(headers, search_url, keyword, content_url,
                   │    │       │                                  │        │           │        └ None
                   │    │       │                                  │        │           └ '河北内丘：金银花开富农家'
                   │    │       │                                  │        └ <string.Template object at 0x7f91ba7a12e0>
                   │    │       │                                  └ {'Connection': 'keep-alive', 'sec-ch-ua': "'Chromium';v='92',' Not A;Brand';v='99', 'Google Chrome';v='92'", 'sec-ch-ua-mobil...
                   │    │       └ '贴吧'
                   │    └ {'凤凰网': <monitor.searchSpiders.ifeng.Ifeng object at 0x7f9500a57040>, '头条': <monitor.searchSpiders.toutiao.Toutiao object at ...
                   └ <monitor.spiderManager.SearchSpidersManager object at 0x7f9500a57e20>

> File "/home/users/Scy/yuqing/spider/monitor/searchSpiders/tieba.py", line 22, in get_request_from_keyword
    response = requests.get(url, headers=headers, timeout=50)
               │        │   │            └ {'Connection': 'keep-alive', 'sec-ch-ua': "'Chromium';v='92',' Not A;Brand';v='99', 'Google Chrome';v='92'", 'sec-ch-ua-mobil...
               │        │   └ 'https://tieba.baidu.com/f/search/res?isnew=1&kw=&qw=河北内丘：金银花开富农家&rn=10&un=&only_thread=0&sm=1&sd=&ed=&pn=11'
               │        └ <function get at 0x7f9508c683a0>
               └ <module 'requests' from '/home/chase/.local/lib/python3.8/site-packages/requests/__init__.py'>

  File "/home/chase/.local/lib/python3.8/site-packages/requests/api.py", line 75, in get
    return request('get', url, params=params, **kwargs)
           │              │           │         └ {'headers': {'Connection': 'keep-alive', 'sec-ch-ua': "'Chromium';v='92',' Not A;Brand';v='99', 'Google Chrome';v='92'", 'sec...
           │              │           └ None
           │              └ 'https://tieba.baidu.com/f/search/res?isnew=1&kw=&qw=河北内丘：金银花开富农家&rn=10&un=&only_thread=0&sm=1&sd=&ed=&pn=11'
           └ <function request at 0x7f9508c5a1f0>
  File "/home/chase/.local/lib/python3.8/site-packages/requests/api.py", line 61, in request
    return session.request(method=method, url=url, **kwargs)
           │       │              │           │      └ {'params': None, 'headers': {'Connection': 'keep-alive', 'sec-ch-ua': "'Chromium';v='92',' Not A;Brand';v='99', 'Google Chrom...
           │       │              │           └ 'https://tieba.baidu.com/f/search/res?isnew=1&kw=&qw=河北内丘：金银花开富农家&rn=10&un=&only_thread=0&sm=1&sd=&ed=&pn=11'
           │       │              └ 'get'
           │       └ <function Session.request at 0x7f9508c70af0>
           └ <requests.sessions.Session object at 0x7f92e44da970>
  File "/home/chase/.local/lib/python3.8/site-packages/requests/sessions.py", line 542, in request
    resp = self.send(prep, **send_kwargs)
           │    │    │       └ {'timeout': 50, 'allow_redirects': True, 'verify': True, 'proxies': OrderedDict(), 'stream': False, 'cert': None}
           │    │    └ <PreparedRequest [GET]>
           │    └ <function Session.send at 0x7f9508c70f70>
           └ <requests.sessions.Session object at 0x7f92e44da970>
  File "/home/chase/.local/lib/python3.8/site-packages/requests/sessions.py", line 677, in send
    history = [resp for resp in gen]
                                └ <generator object SessionRedirectMixin.resolve_redirects at 0x7f93646043c0>
  File "/home/chase/.local/lib/python3.8/site-packages/requests/sessions.py", line 677, in <listcomp>
    history = [resp for resp in gen]
  File "/home/chase/.local/lib/python3.8/site-packages/requests/sessions.py", line 237, in resolve_redirects
    resp = self.send(
           │    └ <function Session.send at 0x7f9508c70f70>
           └ <requests.sessions.Session object at 0x7f92e44da970>
  File "/home/chase/.local/lib/python3.8/site-packages/requests/sessions.py", line 655, in send
    r = adapter.send(request, **kwargs)
        │       │    │          └ {'stream': False, 'timeout': 50, 'verify': True, 'cert': None, 'proxies': OrderedDict()}
        │       │    └ <PreparedRequest [GET]>
        │       └ <function HTTPAdapter.send at 0x7f9508c70430>
        └ <requests.adapters.HTTPAdapter object at 0x7f93242a20d0>
  File "/home/chase/.local/lib/python3.8/site-packages/requests/adapters.py", line 514, in send
    raise SSLError(e, request=request)
          │                   └ <PreparedRequest [GET]>
          └ <class 'requests.exceptions.SSLError'>

requests.exceptions.SSLError: HTTPSConnectionPool(host='wappass.baidu.com', port=443): Max retries exceeded with url: /static/captcha/tuxing.html?ak=2ef521ec36290baed33d66de9b16f625&backurl=http%3A%2F%2Ftieba.baidu.com%2Ff%2Fsearch%2Fres%3Fisnew%3D1%26kw%3D%26qw%3D%25E6%25B2%25B3%25E5%258C%2597%25E5%2586%2585%25E4%25B8%2598%25EF%25BC%259A%25E9%2587%2591%25E9%2593%25B6%25E8%258A%25B1%25E5%25BC%2580%25E5%25AF%258C%25E5%2586%259C%25E5%25AE%25B6%26rn%3D10%26un%3D%26only_thread%3D0%26sm%3D1%26sd%3D%26ed%3D%26pn%3D11&timestamp=1652526951&signature=fa89d691228d0408b4e9d4fc98dbef1d (Caused by SSLError(SSLError(1, '[SSL: SSLV3_ALERT_HANDSHAKE_FAILURE] sslv3 alert handshake failure (_ssl.c:1131)')))
2022-05-14 19:22:20.241 | ERROR    | monitor.searchSpiders.tieba:get_request_from_keyword:34 - E 贴吧错误HTTPSConnectionPool(host='wappass.baidu.com', port=443): Max retries exceeded with url: /static/captcha/tuxing.html?ak=2ef521ec36290baed33d66de9b16f625&backurl=http%3A%2F%2Ftieba.baidu.com%2Ff%2Fsearch%2Fres%3Fisnew%3D1%26kw%3D%26qw%3D%25E4%25B8%25AD%25E5%259B%25BD%25E7%259A%2584%25E5%258F%2591%25E5%25B1%2595%25E5%258F%2598%25E9%259D%25A9%25E6%2598%25AF%25E4%25B8%2580%25E4%25B8%25AA%25E6%25A0%2587%25E6%259D%2586%25EF%25BC%2588%25E5%259B%25BD%25E9%2599%2585%25E8%25AE%25BA%25E5%259D%259B%25C2%25B7%25E8%25AF%25BB%25E6%2587%2582%25E4%25B8%25AD%25E5%259B%25BD%25C2%25B7%25E8%25AF%25BB%25E6%2587%2582%25E4%25B8%25AD%25E5%259B%25BD%25E2%2580%25A6%26rn%3D10%26un%3D%26only_thread%3D0%26sm%3D1%26sd%3D%26ed%3D%26pn%3D22&timestamp=1652527340&signature=eb75fd275e2c9baf2d78ca6affa81273 (Caused by SSLError(SSLError(1, '[SSL: SSLV3_ALERT_HANDSHAKE_FAILURE] sslv3 alert handshake failure (_ssl.c:1131)')))
Traceback (most recent call last):

  File "/home/chase/.local/lib/python3.8/site-packages/urllib3/connectionpool.py", line 699, in urlopen
    httplib_response = self._make_request(
                       │    └ <function HTTPConnectionPool._make_request at 0x7f9508defc10>
                       └ <urllib3.connectionpool.HTTPSConnectionPool object at 0x7f91e856ab80>
  File "/home/chase/.local/lib/python3.8/site-packages/urllib3/connectionpool.py", line 382, in _make_request
    self._validate_conn(conn)
    │    │              └ <urllib3.connection.HTTPSConnection object at 0x7f91e7cddeb0>
    │    └ <function HTTPSConnectionPool._validate_conn at 0x7f9508df1160>
    └ <urllib3.connectionpool.HTTPSConnectionPool object at 0x7f91e856ab80>
  File "/home/chase/.local/lib/python3.8/site-packages/urllib3/connectionpool.py", line 1010, in _validate_conn
    conn.connect()
    │    └ <function HTTPSConnection.connect at 0x7f9508dde820>
    └ <urllib3.connection.HTTPSConnection object at 0x7f91e7cddeb0>
  File "/home/chase/.local/lib/python3.8/site-packages/urllib3/connection.py", line 416, in connect
    self.sock = ssl_wrap_socket(
    │    │      └ <function ssl_wrap_socket at 0x7f9508e57550>
    │    └ None
    └ <urllib3.connection.HTTPSConnection object at 0x7f91e7cddeb0>
  File "/home/chase/.local/lib/python3.8/site-packages/urllib3/util/ssl_.py", line 449, in ssl_wrap_socket
    ssl_sock = _ssl_wrap_socket_impl(
               └ <function _ssl_wrap_socket_impl at 0x7f9508e57700>
  File "/home/chase/.local/lib/python3.8/site-packages/urllib3/util/ssl_.py", line 493, in _ssl_wrap_socket_impl
    return ssl_context.wrap_socket(sock, server_hostname=server_hostname)
           │           │           │                     └ 'wappass.baidu.com'
           │           │           └ <socket.socket [closed] fd=-1, family=AddressFamily.AF_INET, type=SocketKind.SOCK_STREAM, proto=6>
           │           └ <function SSLContext.wrap_socket at 0x7f9529d34dc0>
           └ <ssl.SSLContext object at 0x7f91c26233c0>
  File "/usr/lib/python3.8/ssl.py", line 500, in wrap_socket
    return self.sslsocket_class._create(
           │    │               └ <classmethod object at 0x7f9529d37ac0>
           │    └ <class 'ssl.SSLSocket'>
           └ <ssl.SSLContext object at 0x7f91c26233c0>
  File "/usr/lib/python3.8/ssl.py", line 1040, in _create
    self.do_handshake()
    │    └ <function SSLSocket.do_handshake at 0x7f9529d3cca0>
    └ <ssl.SSLSocket [closed] fd=-1, family=AddressFamily.AF_INET, type=SocketKind.SOCK_STREAM, proto=6>
  File "/usr/lib/python3.8/ssl.py", line 1309, in do_handshake
    self._sslobj.do_handshake()
    │    └ None
    └ <ssl.SSLSocket [closed] fd=-1, family=AddressFamily.AF_INET, type=SocketKind.SOCK_STREAM, proto=6>

ssl.SSLError: [SSL: SSLV3_ALERT_HANDSHAKE_FAILURE] sslv3 alert handshake failure (_ssl.c:1131)


During handling of the above exception, another exception occurred:


Traceback (most recent call last):

  File "/home/chase/.local/lib/python3.8/site-packages/requests/adapters.py", line 439, in send
    resp = conn.urlopen(
           │    └ <function HTTPConnectionPool.urlopen at 0x7f9508defe50>
           └ <urllib3.connectionpool.HTTPSConnectionPool object at 0x7f91e856ab80>
  File "/home/chase/.local/lib/python3.8/site-packages/urllib3/connectionpool.py", line 755, in urlopen
    retries = retries.increment(
              │       └ <function Retry.increment at 0x7f9508e321f0>
              └ Retry(total=0, connect=None, read=False, redirect=None, status=None)
  File "/home/chase/.local/lib/python3.8/site-packages/urllib3/util/retry.py", line 574, in increment
    raise MaxRetryError(_pool, url, error or ResponseError(cause))
          │             │      │    │        │             └ 'unknown'
          │             │      │    │        └ <class 'urllib3.exceptions.ResponseError'>
          │             │      │    └ SSLError(SSLError(1, '[SSL: SSLV3_ALERT_HANDSHAKE_FAILURE] sslv3 alert handshake failure (_ssl.c:1131)'))
          │             │      └ '/static/captcha/tuxing.html?ak=2ef521ec36290baed33d66de9b16f625&backurl=http%3A%2F%2Ftieba.baidu.com%2Ff%2Fsearch%2Fres%3Fis...
          │             └ <urllib3.connectionpool.HTTPSConnectionPool object at 0x7f91e856ab80>
          └ <class 'urllib3.exceptions.MaxRetryError'>

urllib3.exceptions.MaxRetryError: HTTPSConnectionPool(host='wappass.baidu.com', port=443): Max retries exceeded with url: /static/captcha/tuxing.html?ak=2ef521ec36290baed33d66de9b16f625&backurl=http%3A%2F%2Ftieba.baidu.com%2Ff%2Fsearch%2Fres%3Fisnew%3D1%26kw%3D%26qw%3D%25E4%25B8%25AD%25E5%259B%25BD%25E7%259A%2584%25E5%258F%2591%25E5%25B1%2595%25E5%258F%2598%25E9%259D%25A9%25E6%2598%25AF%25E4%25B8%2580%25E4%25B8%25AA%25E6%25A0%2587%25E6%259D%2586%25EF%25BC%2588%25E5%259B%25BD%25E9%2599%2585%25E8%25AE%25BA%25E5%259D%259B%25C2%25B7%25E8%25AF%25BB%25E6%2587%2582%25E4%25B8%25AD%25E5%259B%25BD%25C2%25B7%25E8%25AF%25BB%25E6%2587%2582%25E4%25B8%25AD%25E5%259B%25BD%25E2%2580%25A6%26rn%3D10%26un%3D%26only_thread%3D0%26sm%3D1%26sd%3D%26ed%3D%26pn%3D22&timestamp=1652527340&signature=eb75fd275e2c9baf2d78ca6affa81273 (Caused by SSLError(SSLError(1, '[SSL: SSLV3_ALERT_HANDSHAKE_FAILURE] sslv3 alert handshake failure (_ssl.c:1131)')))


During handling of the above exception, another exception occurred:


Traceback (most recent call last):

  File "/usr/lib/python3.8/threading.py", line 890, in _bootstrap
    self._bootstrap_inner()
    │    └ <function Thread._bootstrap_inner at 0x7f952cd96a60>
    └ <Thread(Thread-3600, started daemon 140264171157248)>
  File "/usr/lib/python3.8/threading.py", line 932, in _bootstrap_inner
    self.run()
    │    └ <function Thread.run at 0x7f952cd96790>
    └ <Thread(Thread-3600, started daemon 140264171157248)>
  File "/usr/lib/python3.8/threading.py", line 870, in run
    self._target(*self._args, **self._kwargs)
    │    │        │    │        │    └ {}
    │    │        │    │        └ <Thread(Thread-3600, started daemon 140264171157248)>
    │    │        │    └ ('ProjectManager.run_func_by_thread',)
    │    │        └ <Thread(Thread-3600, started daemon 140264171157248)>
    │    └ <bound method ProjectManager.get_request_from_keywords_hot of <monitor.projectManager.ProjectManager object at 0x7f9503f344c0>>
    └ <Thread(Thread-3600, started daemon 140264171157248)>

  File "/home/users/Scy/yuqing/spider/monitor/projectManager.py", line 805, in get_request_from_keywords_hot
    self.search_spider_manager.crawl_by_keyword(
    │    │                     └ <function SearchSpidersManager.crawl_by_keyword at 0x7f9500e28ee0>
    │    └ <monitor.spiderManager.SearchSpidersManager object at 0x7f9500a57e20>
    └ <monitor.projectManager.ProjectManager object at 0x7f9503f344c0>

  File "/home/users/Scy/yuqing/spider/monitor/spiderManager.py", line 118, in crawl_by_keyword
    self.crawl_by_keyword_signal_platform(project_names, platform, keyword, crawl_time, project_times)
    │    │                                │              │         │        │           └ {'default': <monitor.TimeSection object at 0x7f9500afdf40>, 'test': <monitor.TimeSection object at 0x7f9500b10fd0>}
    │    │                                │              │         │        └ <monitor.TimeSection object at 0x7f94044a5e20>
    │    │                                │              │         └ '中国的发展变革是一个标杆（国际论坛·读懂中国·读懂中国…'
    │    │                                │              └ '贴吧'
    │    │                                └ ['default']
    │    └ <function SearchSpidersManager.crawl_by_keyword_signal_platform at 0x7f9500e29040>
    └ <monitor.spiderManager.SearchSpidersManager object at 0x7f9500a57e20>

  File "/home/users/Scy/yuqing/spider/monitor/spiderManager.py", line 150, in crawl_by_keyword_signal_platform
    requests = self.get_request_from_keyword(platform, keyword_only, **crawl_time.to_dict())
               │    │                        │         │               │          └ <function TimeSection.to_dict at 0x7f950b1919d0>
               │    │                        │         │               └ <monitor.TimeSection object at 0x7f94044a5e20>
               │    │                        │         └ '中国的发展变革是一个标杆（国际论坛·读懂中国·读懂中国…'
               │    │                        └ '贴吧'
               │    └ <function SearchSpidersManager.get_request_from_keyword at 0x7f9500e29160>
               └ <monitor.spiderManager.SearchSpidersManager object at 0x7f9500a57e20>

  File "/home/users/Scy/yuqing/spider/monitor/spiderManager.py", line 214, in get_request_from_keyword
    for request in self.spiders[platform].get_request_from_keyword(headers, search_url, keyword, content_url,
                   │    │       │                                  │        │           │        └ None
                   │    │       │                                  │        │           └ '中国的发展变革是一个标杆（国际论坛·读懂中国·读懂中国…'
                   │    │       │                                  │        └ <string.Template object at 0x7f91ba79e040>
                   │    │       │                                  └ {'Connection': 'keep-alive', 'sec-ch-ua': "'Chromium';v='92',' Not A;Brand';v='99', 'Google Chrome';v='92'", 'sec-ch-ua-mobil...
                   │    │       └ '贴吧'
                   │    └ {'凤凰网': <monitor.searchSpiders.ifeng.Ifeng object at 0x7f9500a57040>, '头条': <monitor.searchSpiders.toutiao.Toutiao object at ...
                   └ <monitor.spiderManager.SearchSpidersManager object at 0x7f9500a57e20>

> File "/home/users/Scy/yuqing/spider/monitor/searchSpiders/tieba.py", line 22, in get_request_from_keyword
    response = requests.get(url, headers=headers, timeout=50)
               │        │   │            └ {'Connection': 'keep-alive', 'sec-ch-ua': "'Chromium';v='92',' Not A;Brand';v='99', 'Google Chrome';v='92'", 'sec-ch-ua-mobil...
               │        │   └ 'https://tieba.baidu.com/f/search/res?isnew=1&kw=&qw=中国的发展变革是一个标杆（国际论坛·读懂中国·读懂中国…&rn=10&un=&only_thread=0&sm=1&sd=&ed=&pn=22'
               │        └ <function get at 0x7f9508c683a0>
               └ <module 'requests' from '/home/chase/.local/lib/python3.8/site-packages/requests/__init__.py'>

  File "/home/chase/.local/lib/python3.8/site-packages/requests/api.py", line 75, in get
    return request('get', url, params=params, **kwargs)
           │              │           │         └ {'headers': {'Connection': 'keep-alive', 'sec-ch-ua': "'Chromium';v='92',' Not A;Brand';v='99', 'Google Chrome';v='92'", 'sec...
           │              │           └ None
           │              └ 'https://tieba.baidu.com/f/search/res?isnew=1&kw=&qw=中国的发展变革是一个标杆（国际论坛·读懂中国·读懂中国…&rn=10&un=&only_thread=0&sm=1&sd=&ed=&pn=22'
           └ <function request at 0x7f9508c5a1f0>
  File "/home/chase/.local/lib/python3.8/site-packages/requests/api.py", line 61, in request
    return session.request(method=method, url=url, **kwargs)
           │       │              │           │      └ {'params': None, 'headers': {'Connection': 'keep-alive', 'sec-ch-ua': "'Chromium';v='92',' Not A;Brand';v='99', 'Google Chrom...
           │       │              │           └ 'https://tieba.baidu.com/f/search/res?isnew=1&kw=&qw=中国的发展变革是一个标杆（国际论坛·读懂中国·读懂中国…&rn=10&un=&only_thread=0&sm=1&sd=&ed=&pn=22'
           │       │              └ 'get'
           │       └ <function Session.request at 0x7f9508c70af0>
           └ <requests.sessions.Session object at 0x7f917cdac7c0>
  File "/home/chase/.local/lib/python3.8/site-packages/requests/sessions.py", line 542, in request
    resp = self.send(prep, **send_kwargs)
           │    │    │       └ {'timeout': 50, 'allow_redirects': True, 'verify': True, 'proxies': OrderedDict(), 'stream': False, 'cert': None}
           │    │    └ <PreparedRequest [GET]>
           │    └ <function Session.send at 0x7f9508c70f70>
           └ <requests.sessions.Session object at 0x7f917cdac7c0>
  File "/home/chase/.local/lib/python3.8/site-packages/requests/sessions.py", line 677, in send
    history = [resp for resp in gen]
                                └ <generator object SessionRedirectMixin.resolve_redirects at 0x7f916f18d4a0>
  File "/home/chase/.local/lib/python3.8/site-packages/requests/sessions.py", line 677, in <listcomp>
    history = [resp for resp in gen]
  File "/home/chase/.local/lib/python3.8/site-packages/requests/sessions.py", line 237, in resolve_redirects
    resp = self.send(
           │    └ <function Session.send at 0x7f9508c70f70>
           └ <requests.sessions.Session object at 0x7f917cdac7c0>
  File "/home/chase/.local/lib/python3.8/site-packages/requests/sessions.py", line 655, in send
    r = adapter.send(request, **kwargs)
        │       │    │          └ {'stream': False, 'timeout': 50, 'verify': True, 'cert': None, 'proxies': OrderedDict()}
        │       │    └ <PreparedRequest [GET]>
        │       └ <function HTTPAdapter.send at 0x7f9508c70430>
        └ <requests.adapters.HTTPAdapter object at 0x7f918620ea30>
  File "/home/chase/.local/lib/python3.8/site-packages/requests/adapters.py", line 514, in send
    raise SSLError(e, request=request)
          │                   └ <PreparedRequest [GET]>
          └ <class 'requests.exceptions.SSLError'>

requests.exceptions.SSLError: HTTPSConnectionPool(host='wappass.baidu.com', port=443): Max retries exceeded with url: /static/captcha/tuxing.html?ak=2ef521ec36290baed33d66de9b16f625&backurl=http%3A%2F%2Ftieba.baidu.com%2Ff%2Fsearch%2Fres%3Fisnew%3D1%26kw%3D%26qw%3D%25E4%25B8%25AD%25E5%259B%25BD%25E7%259A%2584%25E5%258F%2591%25E5%25B1%2595%25E5%258F%2598%25E9%259D%25A9%25E6%2598%25AF%25E4%25B8%2580%25E4%25B8%25AA%25E6%25A0%2587%25E6%259D%2586%25EF%25BC%2588%25E5%259B%25BD%25E9%2599%2585%25E8%25AE%25BA%25E5%259D%259B%25C2%25B7%25E8%25AF%25BB%25E6%2587%2582%25E4%25B8%25AD%25E5%259B%25BD%25C2%25B7%25E8%25AF%25BB%25E6%2587%2582%25E4%25B8%25AD%25E5%259B%25BD%25E2%2580%25A6%26rn%3D10%26un%3D%26only_thread%3D0%26sm%3D1%26sd%3D%26ed%3D%26pn%3D22&timestamp=1652527340&signature=eb75fd275e2c9baf2d78ca6affa81273 (Caused by SSLError(SSLError(1, '[SSL: SSLV3_ALERT_HANDSHAKE_FAILURE] sslv3 alert handshake failure (_ssl.c:1131)')))
2022-05-14 19:34:01.675 | ERROR    | monitor.searchSpiders.tieba:get_request_from_keyword:34 - E 贴吧错误HTTPSConnectionPool(host='wappass.baidu.com', port=443): Max retries exceeded with url: /static/captcha/tuxing.html?ak=2ef521ec36290baed33d66de9b16f625&backurl=http%3A%2F%2Ftieba.baidu.com%2Ff%2Fsearch%2Fres%3Fisnew%3D1%26kw%3D%26qw%3D%25E7%2595%2585%25E9%2580%259A%25E6%258A%2580%25E8%2583%25BD%25E4%25BA%25BA%25E6%2589%258D%25E8%2581%258C%25E4%25B8%259A%25E5%258F%2591%25E5%25B1%2595%25E9%2580%259A%25E9%2581%2593%25EF%25BC%2588%25E5%25A4%259A%25E6%25A3%25B1%25E9%2595%259C%25EF%25BC%2589%26rn%3D10%26un%3D%26only_thread%3D0%26sm%3D1%26sd%3D%26ed%3D%26pn%3D28&timestamp=1652528041&signature=68e06564d5652cff6bcf048131222463 (Caused by SSLError(SSLError(1, '[SSL: SSLV3_ALERT_HANDSHAKE_FAILURE] sslv3 alert handshake failure (_ssl.c:1131)')))
Traceback (most recent call last):

  File "/home/chase/.local/lib/python3.8/site-packages/urllib3/connectionpool.py", line 699, in urlopen
    httplib_response = self._make_request(
                       │    └ <function HTTPConnectionPool._make_request at 0x7f9508defc10>
                       └ <urllib3.connectionpool.HTTPSConnectionPool object at 0x7f934460ba90>
  File "/home/chase/.local/lib/python3.8/site-packages/urllib3/connectionpool.py", line 382, in _make_request
    self._validate_conn(conn)
    │    │              └ <urllib3.connection.HTTPSConnection object at 0x7f92e45d9c10>
    │    └ <function HTTPSConnectionPool._validate_conn at 0x7f9508df1160>
    └ <urllib3.connectionpool.HTTPSConnectionPool object at 0x7f934460ba90>
  File "/home/chase/.local/lib/python3.8/site-packages/urllib3/connectionpool.py", line 1010, in _validate_conn
    conn.connect()
    │    └ <function HTTPSConnection.connect at 0x7f9508dde820>
    └ <urllib3.connection.HTTPSConnection object at 0x7f92e45d9c10>
  File "/home/chase/.local/lib/python3.8/site-packages/urllib3/connection.py", line 416, in connect
    self.sock = ssl_wrap_socket(
    │    │      └ <function ssl_wrap_socket at 0x7f9508e57550>
    │    └ None
    └ <urllib3.connection.HTTPSConnection object at 0x7f92e45d9c10>
  File "/home/chase/.local/lib/python3.8/site-packages/urllib3/util/ssl_.py", line 449, in ssl_wrap_socket
    ssl_sock = _ssl_wrap_socket_impl(
               └ <function _ssl_wrap_socket_impl at 0x7f9508e57700>
  File "/home/chase/.local/lib/python3.8/site-packages/urllib3/util/ssl_.py", line 493, in _ssl_wrap_socket_impl
    return ssl_context.wrap_socket(sock, server_hostname=server_hostname)
           │           │           │                     └ 'wappass.baidu.com'
           │           │           └ <socket.socket [closed] fd=-1, family=AddressFamily.AF_INET, type=SocketKind.SOCK_STREAM, proto=6>
           │           └ <function SSLContext.wrap_socket at 0x7f9529d34dc0>
           └ <ssl.SSLContext object at 0x7f92562ed7c0>
  File "/usr/lib/python3.8/ssl.py", line 500, in wrap_socket
    return self.sslsocket_class._create(
           │    │               └ <classmethod object at 0x7f9529d37ac0>
           │    └ <class 'ssl.SSLSocket'>
           └ <ssl.SSLContext object at 0x7f92562ed7c0>
  File "/usr/lib/python3.8/ssl.py", line 1040, in _create
    self.do_handshake()
    │    └ <function SSLSocket.do_handshake at 0x7f9529d3cca0>
    └ <ssl.SSLSocket [closed] fd=-1, family=AddressFamily.AF_INET, type=SocketKind.SOCK_STREAM, proto=6>
  File "/usr/lib/python3.8/ssl.py", line 1309, in do_handshake
    self._sslobj.do_handshake()
    │    └ None
    └ <ssl.SSLSocket [closed] fd=-1, family=AddressFamily.AF_INET, type=SocketKind.SOCK_STREAM, proto=6>

ssl.SSLError: [SSL: SSLV3_ALERT_HANDSHAKE_FAILURE] sslv3 alert handshake failure (_ssl.c:1131)


During handling of the above exception, another exception occurred:


Traceback (most recent call last):

  File "/home/chase/.local/lib/python3.8/site-packages/requests/adapters.py", line 439, in send
    resp = conn.urlopen(
           │    └ <function HTTPConnectionPool.urlopen at 0x7f9508defe50>
           └ <urllib3.connectionpool.HTTPSConnectionPool object at 0x7f934460ba90>
  File "/home/chase/.local/lib/python3.8/site-packages/urllib3/connectionpool.py", line 755, in urlopen
    retries = retries.increment(
              │       └ <function Retry.increment at 0x7f9508e321f0>
              └ Retry(total=0, connect=None, read=False, redirect=None, status=None)
  File "/home/chase/.local/lib/python3.8/site-packages/urllib3/util/retry.py", line 574, in increment
    raise MaxRetryError(_pool, url, error or ResponseError(cause))
          │             │      │    │        │             └ 'unknown'
          │             │      │    │        └ <class 'urllib3.exceptions.ResponseError'>
          │             │      │    └ SSLError(SSLError(1, '[SSL: SSLV3_ALERT_HANDSHAKE_FAILURE] sslv3 alert handshake failure (_ssl.c:1131)'))
          │             │      └ '/static/captcha/tuxing.html?ak=2ef521ec36290baed33d66de9b16f625&backurl=http%3A%2F%2Ftieba.baidu.com%2Ff%2Fsearch%2Fres%3Fis...
          │             └ <urllib3.connectionpool.HTTPSConnectionPool object at 0x7f934460ba90>
          └ <class 'urllib3.exceptions.MaxRetryError'>

urllib3.exceptions.MaxRetryError: HTTPSConnectionPool(host='wappass.baidu.com', port=443): Max retries exceeded with url: /static/captcha/tuxing.html?ak=2ef521ec36290baed33d66de9b16f625&backurl=http%3A%2F%2Ftieba.baidu.com%2Ff%2Fsearch%2Fres%3Fisnew%3D1%26kw%3D%26qw%3D%25E7%2595%2585%25E9%2580%259A%25E6%258A%2580%25E8%2583%25BD%25E4%25BA%25BA%25E6%2589%258D%25E8%2581%258C%25E4%25B8%259A%25E5%258F%2591%25E5%25B1%2595%25E9%2580%259A%25E9%2581%2593%25EF%25BC%2588%25E5%25A4%259A%25E6%25A3%25B1%25E9%2595%259C%25EF%25BC%2589%26rn%3D10%26un%3D%26only_thread%3D0%26sm%3D1%26sd%3D%26ed%3D%26pn%3D28&timestamp=1652528041&signature=68e06564d5652cff6bcf048131222463 (Caused by SSLError(SSLError(1, '[SSL: SSLV3_ALERT_HANDSHAKE_FAILURE] sslv3 alert handshake failure (_ssl.c:1131)')))


During handling of the above exception, another exception occurred:


Traceback (most recent call last):

  File "/usr/lib/python3.8/threading.py", line 890, in _bootstrap
    self._bootstrap_inner()
    │    └ <function Thread._bootstrap_inner at 0x7f952cd96a60>
    └ <Thread(Thread-1179, started daemon 140264490333952)>
  File "/usr/lib/python3.8/threading.py", line 932, in _bootstrap_inner
    self.run()
    │    └ <function Thread.run at 0x7f952cd96790>
    └ <Thread(Thread-1179, started daemon 140264490333952)>
  File "/usr/lib/python3.8/threading.py", line 870, in run
    self._target(*self._args, **self._kwargs)
    │    │        │    │        │    └ {}
    │    │        │    │        └ <Thread(Thread-1179, started daemon 140264490333952)>
    │    │        │    └ ('ProjectManager.run_func_by_thread',)
    │    │        └ <Thread(Thread-1179, started daemon 140264490333952)>
    │    └ <bound method ProjectManager.get_request_from_keywords_hot of <monitor.projectManager.ProjectManager object at 0x7f9503f344c0>>
    └ <Thread(Thread-1179, started daemon 140264490333952)>

  File "/home/users/Scy/yuqing/spider/monitor/projectManager.py", line 805, in get_request_from_keywords_hot
    self.search_spider_manager.crawl_by_keyword(
    │    │                     └ <function SearchSpidersManager.crawl_by_keyword at 0x7f9500e28ee0>
    │    └ <monitor.spiderManager.SearchSpidersManager object at 0x7f9500a57e20>
    └ <monitor.projectManager.ProjectManager object at 0x7f9503f344c0>

  File "/home/users/Scy/yuqing/spider/monitor/spiderManager.py", line 118, in crawl_by_keyword
    self.crawl_by_keyword_signal_platform(project_names, platform, keyword, crawl_time, project_times)
    │    │                                │              │         │        │           └ {'default': <monitor.TimeSection object at 0x7f9500afdf40>, 'test': <monitor.TimeSection object at 0x7f9500b10fd0>}
    │    │                                │              │         │        └ <monitor.TimeSection object at 0x7f94141af7f0>
    │    │                                │              │         └ '畅通技能人才职业发展通道（多棱镜）'
    │    │                                │              └ '贴吧'
    │    │                                └ ['default']
    │    └ <function SearchSpidersManager.crawl_by_keyword_signal_platform at 0x7f9500e29040>
    └ <monitor.spiderManager.SearchSpidersManager object at 0x7f9500a57e20>

  File "/home/users/Scy/yuqing/spider/monitor/spiderManager.py", line 150, in crawl_by_keyword_signal_platform
    requests = self.get_request_from_keyword(platform, keyword_only, **crawl_time.to_dict())
               │    │                        │         │               │          └ <function TimeSection.to_dict at 0x7f950b1919d0>
               │    │                        │         │               └ <monitor.TimeSection object at 0x7f94141af7f0>
               │    │                        │         └ '畅通技能人才职业发展通道（多棱镜）'
               │    │                        └ '贴吧'
               │    └ <function SearchSpidersManager.get_request_from_keyword at 0x7f9500e29160>
               └ <monitor.spiderManager.SearchSpidersManager object at 0x7f9500a57e20>

  File "/home/users/Scy/yuqing/spider/monitor/spiderManager.py", line 214, in get_request_from_keyword
    for request in self.spiders[platform].get_request_from_keyword(headers, search_url, keyword, content_url,
                   │    │       │                                  │        │           │        └ None
                   │    │       │                                  │        │           └ '畅通技能人才职业发展通道（多棱镜）'
                   │    │       │                                  │        └ <string.Template object at 0x7f91ad00da90>
                   │    │       │                                  └ {'Connection': 'keep-alive', 'sec-ch-ua': "'Chromium';v='92',' Not A;Brand';v='99', 'Google Chrome';v='92'", 'sec-ch-ua-mobil...
                   │    │       └ '贴吧'
                   │    └ {'凤凰网': <monitor.searchSpiders.ifeng.Ifeng object at 0x7f9500a57040>, '头条': <monitor.searchSpiders.toutiao.Toutiao object at ...
                   └ <monitor.spiderManager.SearchSpidersManager object at 0x7f9500a57e20>

> File "/home/users/Scy/yuqing/spider/monitor/searchSpiders/tieba.py", line 22, in get_request_from_keyword
    response = requests.get(url, headers=headers, timeout=50)
               │        │   │            └ {'Connection': 'keep-alive', 'sec-ch-ua': "'Chromium';v='92',' Not A;Brand';v='99', 'Google Chrome';v='92'", 'sec-ch-ua-mobil...
               │        │   └ 'https://tieba.baidu.com/f/search/res?isnew=1&kw=&qw=畅通技能人才职业发展通道（多棱镜）&rn=10&un=&only_thread=0&sm=1&sd=&ed=&pn=28'
               │        └ <function get at 0x7f9508c683a0>
               └ <module 'requests' from '/home/chase/.local/lib/python3.8/site-packages/requests/__init__.py'>

  File "/home/chase/.local/lib/python3.8/site-packages/requests/api.py", line 75, in get
    return request('get', url, params=params, **kwargs)
           │              │           │         └ {'headers': {'Connection': 'keep-alive', 'sec-ch-ua': "'Chromium';v='92',' Not A;Brand';v='99', 'Google Chrome';v='92'", 'sec...
           │              │           └ None
           │              └ 'https://tieba.baidu.com/f/search/res?isnew=1&kw=&qw=畅通技能人才职业发展通道（多棱镜）&rn=10&un=&only_thread=0&sm=1&sd=&ed=&pn=28'
           └ <function request at 0x7f9508c5a1f0>
  File "/home/chase/.local/lib/python3.8/site-packages/requests/api.py", line 61, in request
    return session.request(method=method, url=url, **kwargs)
           │       │              │           │      └ {'params': None, 'headers': {'Connection': 'keep-alive', 'sec-ch-ua': "'Chromium';v='92',' Not A;Brand';v='99', 'Google Chrom...
           │       │              │           └ 'https://tieba.baidu.com/f/search/res?isnew=1&kw=&qw=畅通技能人才职业发展通道（多棱镜）&rn=10&un=&only_thread=0&sm=1&sd=&ed=&pn=28'
           │       │              └ 'get'
           │       └ <function Session.request at 0x7f9508c70af0>
           └ <requests.sessions.Session object at 0x7f92e4535940>
  File "/home/chase/.local/lib/python3.8/site-packages/requests/sessions.py", line 542, in request
    resp = self.send(prep, **send_kwargs)
           │    │    │       └ {'timeout': 50, 'allow_redirects': True, 'verify': True, 'proxies': OrderedDict(), 'stream': False, 'cert': None}
           │    │    └ <PreparedRequest [GET]>
           │    └ <function Session.send at 0x7f9508c70f70>
           └ <requests.sessions.Session object at 0x7f92e4535940>
  File "/home/chase/.local/lib/python3.8/site-packages/requests/sessions.py", line 677, in send
    history = [resp for resp in gen]
                                └ <generator object SessionRedirectMixin.resolve_redirects at 0x7f918cf6a4a0>
  File "/home/chase/.local/lib/python3.8/site-packages/requests/sessions.py", line 677, in <listcomp>
    history = [resp for resp in gen]
  File "/home/chase/.local/lib/python3.8/site-packages/requests/sessions.py", line 237, in resolve_redirects
    resp = self.send(
           │    └ <function Session.send at 0x7f9508c70f70>
           └ <requests.sessions.Session object at 0x7f92e4535940>
  File "/home/chase/.local/lib/python3.8/site-packages/requests/sessions.py", line 655, in send
    r = adapter.send(request, **kwargs)
        │       │    │          └ {'stream': False, 'timeout': 50, 'verify': True, 'cert': None, 'proxies': OrderedDict()}
        │       │    └ <PreparedRequest [GET]>
        │       └ <function HTTPAdapter.send at 0x7f9508c70430>
        └ <requests.adapters.HTTPAdapter object at 0x7f936418c490>
  File "/home/chase/.local/lib/python3.8/site-packages/requests/adapters.py", line 514, in send
    raise SSLError(e, request=request)
          │                   └ <PreparedRequest [GET]>
          └ <class 'requests.exceptions.SSLError'>

requests.exceptions.SSLError: HTTPSConnectionPool(host='wappass.baidu.com', port=443): Max retries exceeded with url: /static/captcha/tuxing.html?ak=2ef521ec36290baed33d66de9b16f625&backurl=http%3A%2F%2Ftieba.baidu.com%2Ff%2Fsearch%2Fres%3Fisnew%3D1%26kw%3D%26qw%3D%25E7%2595%2585%25E9%2580%259A%25E6%258A%2580%25E8%2583%25BD%25E4%25BA%25BA%25E6%2589%258D%25E8%2581%258C%25E4%25B8%259A%25E5%258F%2591%25E5%25B1%2595%25E9%2580%259A%25E9%2581%2593%25EF%25BC%2588%25E5%25A4%259A%25E6%25A3%25B1%25E9%2595%259C%25EF%25BC%2589%26rn%3D10%26un%3D%26only_thread%3D0%26sm%3D1%26sd%3D%26ed%3D%26pn%3D28&timestamp=1652528041&signature=68e06564d5652cff6bcf048131222463 (Caused by SSLError(SSLError(1, '[SSL: SSLV3_ALERT_HANDSHAKE_FAILURE] sslv3 alert handshake failure (_ssl.c:1131)')))
2022-05-14 19:35:00.476 | ERROR    | monitor.searchSpiders.tieba:get_request_from_keyword:34 - E 贴吧错误HTTPSConnectionPool(host='wappass.baidu.com', port=443): Max retries exceeded with url: /static/captcha/tuxing.html?ak=2ef521ec36290baed33d66de9b16f625&backurl=http%3A%2F%2Ftieba.baidu.com%2Ff%2Fsearch%2Fres%3Fisnew%3D1%26kw%3D%26qw%3D%25E4%25BF%2584%25E7%25BD%2597%25E6%2596%25AF%25E5%2588%25AB%25E5%25B0%2594%25E5%2593%25A5%25E7%25BD%2597%25E5%25BE%25B7%25E5%25B7%259E%25E4%25B8%2580%25E6%259D%2591%25E5%25BA%2584%25E9%2581%25AD%25E7%2582%25AE%25E5%2587%25BB%25E8%2587%25B41%25E6%25AD%25BB6%25E4%25BC%25A4%26rn%3D10%26un%3D%26only_thread%3D0%26sm%3D1%26sd%3D%26ed%3D%26pn%3D7&timestamp=1652528100&signature=20254d1db43f1b9f92d7a17222b98d55 (Caused by SSLError(SSLError(1, '[SSL: SSLV3_ALERT_HANDSHAKE_FAILURE] sslv3 alert handshake failure (_ssl.c:1131)')))
Traceback (most recent call last):

  File "/home/chase/.local/lib/python3.8/site-packages/urllib3/connectionpool.py", line 699, in urlopen
    httplib_response = self._make_request(
                       │    └ <function HTTPConnectionPool._make_request at 0x7f9508defc10>
                       └ <urllib3.connectionpool.HTTPSConnectionPool object at 0x7f93e43e5d00>
  File "/home/chase/.local/lib/python3.8/site-packages/urllib3/connectionpool.py", line 382, in _make_request
    self._validate_conn(conn)
    │    │              └ <urllib3.connection.HTTPSConnection object at 0x7f9193171f70>
    │    └ <function HTTPSConnectionPool._validate_conn at 0x7f9508df1160>
    └ <urllib3.connectionpool.HTTPSConnectionPool object at 0x7f93e43e5d00>
  File "/home/chase/.local/lib/python3.8/site-packages/urllib3/connectionpool.py", line 1010, in _validate_conn
    conn.connect()
    │    └ <function HTTPSConnection.connect at 0x7f9508dde820>
    └ <urllib3.connection.HTTPSConnection object at 0x7f9193171f70>
  File "/home/chase/.local/lib/python3.8/site-packages/urllib3/connection.py", line 416, in connect
    self.sock = ssl_wrap_socket(
    │    │      └ <function ssl_wrap_socket at 0x7f9508e57550>
    │    └ None
    └ <urllib3.connection.HTTPSConnection object at 0x7f9193171f70>
  File "/home/chase/.local/lib/python3.8/site-packages/urllib3/util/ssl_.py", line 449, in ssl_wrap_socket
    ssl_sock = _ssl_wrap_socket_impl(
               └ <function _ssl_wrap_socket_impl at 0x7f9508e57700>
  File "/home/chase/.local/lib/python3.8/site-packages/urllib3/util/ssl_.py", line 493, in _ssl_wrap_socket_impl
    return ssl_context.wrap_socket(sock, server_hostname=server_hostname)
           │           │           │                     └ 'wappass.baidu.com'
           │           │           └ <socket.socket [closed] fd=-1, family=AddressFamily.AF_INET, type=SocketKind.SOCK_STREAM, proto=6>
           │           └ <function SSLContext.wrap_socket at 0x7f9529d34dc0>
           └ <ssl.SSLContext object at 0x7f93847cc040>
  File "/usr/lib/python3.8/ssl.py", line 500, in wrap_socket
    return self.sslsocket_class._create(
           │    │               └ <classmethod object at 0x7f9529d37ac0>
           │    └ <class 'ssl.SSLSocket'>
           └ <ssl.SSLContext object at 0x7f93847cc040>
  File "/usr/lib/python3.8/ssl.py", line 1040, in _create
    self.do_handshake()
    │    └ <function SSLSocket.do_handshake at 0x7f9529d3cca0>
    └ <ssl.SSLSocket [closed] fd=-1, family=AddressFamily.AF_INET, type=SocketKind.SOCK_STREAM, proto=6>
  File "/usr/lib/python3.8/ssl.py", line 1309, in do_handshake
    self._sslobj.do_handshake()
    │    └ None
    └ <ssl.SSLSocket [closed] fd=-1, family=AddressFamily.AF_INET, type=SocketKind.SOCK_STREAM, proto=6>

ssl.SSLError: [SSL: SSLV3_ALERT_HANDSHAKE_FAILURE] sslv3 alert handshake failure (_ssl.c:1131)


During handling of the above exception, another exception occurred:


Traceback (most recent call last):

  File "/home/chase/.local/lib/python3.8/site-packages/requests/adapters.py", line 439, in send
    resp = conn.urlopen(
           │    └ <function HTTPConnectionPool.urlopen at 0x7f9508defe50>
           └ <urllib3.connectionpool.HTTPSConnectionPool object at 0x7f93e43e5d00>
  File "/home/chase/.local/lib/python3.8/site-packages/urllib3/connectionpool.py", line 755, in urlopen
    retries = retries.increment(
              │       └ <function Retry.increment at 0x7f9508e321f0>
              └ Retry(total=0, connect=None, read=False, redirect=None, status=None)
  File "/home/chase/.local/lib/python3.8/site-packages/urllib3/util/retry.py", line 574, in increment
    raise MaxRetryError(_pool, url, error or ResponseError(cause))
          │             │      │    │        │             └ 'unknown'
          │             │      │    │        └ <class 'urllib3.exceptions.ResponseError'>
          │             │      │    └ SSLError(SSLError(1, '[SSL: SSLV3_ALERT_HANDSHAKE_FAILURE] sslv3 alert handshake failure (_ssl.c:1131)'))
          │             │      └ '/static/captcha/tuxing.html?ak=2ef521ec36290baed33d66de9b16f625&backurl=http%3A%2F%2Ftieba.baidu.com%2Ff%2Fsearch%2Fres%3Fis...
          │             └ <urllib3.connectionpool.HTTPSConnectionPool object at 0x7f93e43e5d00>
          └ <class 'urllib3.exceptions.MaxRetryError'>

urllib3.exceptions.MaxRetryError: HTTPSConnectionPool(host='wappass.baidu.com', port=443): Max retries exceeded with url: /static/captcha/tuxing.html?ak=2ef521ec36290baed33d66de9b16f625&backurl=http%3A%2F%2Ftieba.baidu.com%2Ff%2Fsearch%2Fres%3Fisnew%3D1%26kw%3D%26qw%3D%25E4%25BF%2584%25E7%25BD%2597%25E6%2596%25AF%25E5%2588%25AB%25E5%25B0%2594%25E5%2593%25A5%25E7%25BD%2597%25E5%25BE%25B7%25E5%25B7%259E%25E4%25B8%2580%25E6%259D%2591%25E5%25BA%2584%25E9%2581%25AD%25E7%2582%25AE%25E5%2587%25BB%25E8%2587%25B41%25E6%25AD%25BB6%25E4%25BC%25A4%26rn%3D10%26un%3D%26only_thread%3D0%26sm%3D1%26sd%3D%26ed%3D%26pn%3D7&timestamp=1652528100&signature=20254d1db43f1b9f92d7a17222b98d55 (Caused by SSLError(SSLError(1, '[SSL: SSLV3_ALERT_HANDSHAKE_FAILURE] sslv3 alert handshake failure (_ssl.c:1131)')))


During handling of the above exception, another exception occurred:


Traceback (most recent call last):

  File "/usr/lib/python3.8/threading.py", line 890, in _bootstrap
    self._bootstrap_inner()
    │    └ <function Thread._bootstrap_inner at 0x7f952cd96a60>
    └ <Thread(Thread-2679, started daemon 140262884206336)>
  File "/usr/lib/python3.8/threading.py", line 932, in _bootstrap_inner
    self.run()
    │    └ <function Thread.run at 0x7f952cd96790>
    └ <Thread(Thread-2679, started daemon 140262884206336)>
  File "/usr/lib/python3.8/threading.py", line 870, in run
    self._target(*self._args, **self._kwargs)
    │    │        │    │        │    └ {}
    │    │        │    │        └ <Thread(Thread-2679, started daemon 140262884206336)>
    │    │        │    └ ('ProjectManager.run_func_by_thread',)
    │    │        └ <Thread(Thread-2679, started daemon 140262884206336)>
    │    └ <bound method ProjectManager.get_request_from_keywords_hot of <monitor.projectManager.ProjectManager object at 0x7f9503f344c0>>
    └ <Thread(Thread-2679, started daemon 140262884206336)>

  File "/home/users/Scy/yuqing/spider/monitor/projectManager.py", line 805, in get_request_from_keywords_hot
    self.search_spider_manager.crawl_by_keyword(
    │    │                     └ <function SearchSpidersManager.crawl_by_keyword at 0x7f9500e28ee0>
    │    └ <monitor.spiderManager.SearchSpidersManager object at 0x7f9500a57e20>
    └ <monitor.projectManager.ProjectManager object at 0x7f9503f344c0>

  File "/home/users/Scy/yuqing/spider/monitor/spiderManager.py", line 118, in crawl_by_keyword
    self.crawl_by_keyword_signal_platform(project_names, platform, keyword, crawl_time, project_times)
    │    │                                │              │         │        │           └ {'default': <monitor.TimeSection object at 0x7f9500afdf40>, 'test': <monitor.TimeSection object at 0x7f9500b10fd0>}
    │    │                                │              │         │        └ <monitor.TimeSection object at 0x7f917cb14940>
    │    │                                │              │         └ '俄罗斯别尔哥罗德州一村庄遭炮击致1死6伤'
    │    │                                │              └ '贴吧'
    │    │                                └ ['default']
    │    └ <function SearchSpidersManager.crawl_by_keyword_signal_platform at 0x7f9500e29040>
    └ <monitor.spiderManager.SearchSpidersManager object at 0x7f9500a57e20>

  File "/home/users/Scy/yuqing/spider/monitor/spiderManager.py", line 150, in crawl_by_keyword_signal_platform
    requests = self.get_request_from_keyword(platform, keyword_only, **crawl_time.to_dict())
               │    │                        │         │               │          └ <function TimeSection.to_dict at 0x7f950b1919d0>
               │    │                        │         │               └ <monitor.TimeSection object at 0x7f917cb14940>
               │    │                        │         └ '俄罗斯别尔哥罗德州一村庄遭炮击致1死6伤'
               │    │                        └ '贴吧'
               │    └ <function SearchSpidersManager.get_request_from_keyword at 0x7f9500e29160>
               └ <monitor.spiderManager.SearchSpidersManager object at 0x7f9500a57e20>

  File "/home/users/Scy/yuqing/spider/monitor/spiderManager.py", line 214, in get_request_from_keyword
    for request in self.spiders[platform].get_request_from_keyword(headers, search_url, keyword, content_url,
                   │    │       │                                  │        │           │        └ None
                   │    │       │                                  │        │           └ '俄罗斯别尔哥罗德州一村庄遭炮击致1死6伤'
                   │    │       │                                  │        └ <string.Template object at 0x7f91d41ebfd0>
                   │    │       │                                  └ {'Connection': 'keep-alive', 'sec-ch-ua': "'Chromium';v='92',' Not A;Brand';v='99', 'Google Chrome';v='92'", 'sec-ch-ua-mobil...
                   │    │       └ '贴吧'
                   │    └ {'凤凰网': <monitor.searchSpiders.ifeng.Ifeng object at 0x7f9500a57040>, '头条': <monitor.searchSpiders.toutiao.Toutiao object at ...
                   └ <monitor.spiderManager.SearchSpidersManager object at 0x7f9500a57e20>

> File "/home/users/Scy/yuqing/spider/monitor/searchSpiders/tieba.py", line 22, in get_request_from_keyword
    response = requests.get(url, headers=headers, timeout=50)
               │        │   │            └ {'Connection': 'keep-alive', 'sec-ch-ua': "'Chromium';v='92',' Not A;Brand';v='99', 'Google Chrome';v='92'", 'sec-ch-ua-mobil...
               │        │   └ 'https://tieba.baidu.com/f/search/res?isnew=1&kw=&qw=俄罗斯别尔哥罗德州一村庄遭炮击致1死6伤&rn=10&un=&only_thread=0&sm=1&sd=&ed=&pn=7'
               │        └ <function get at 0x7f9508c683a0>
               └ <module 'requests' from '/home/chase/.local/lib/python3.8/site-packages/requests/__init__.py'>

  File "/home/chase/.local/lib/python3.8/site-packages/requests/api.py", line 75, in get
    return request('get', url, params=params, **kwargs)
           │              │           │         └ {'headers': {'Connection': 'keep-alive', 'sec-ch-ua': "'Chromium';v='92',' Not A;Brand';v='99', 'Google Chrome';v='92'", 'sec...
           │              │           └ None
           │              └ 'https://tieba.baidu.com/f/search/res?isnew=1&kw=&qw=俄罗斯别尔哥罗德州一村庄遭炮击致1死6伤&rn=10&un=&only_thread=0&sm=1&sd=&ed=&pn=7'
           └ <function request at 0x7f9508c5a1f0>
  File "/home/chase/.local/lib/python3.8/site-packages/requests/api.py", line 61, in request
    return session.request(method=method, url=url, **kwargs)
           │       │              │           │      └ {'params': None, 'headers': {'Connection': 'keep-alive', 'sec-ch-ua': "'Chromium';v='92',' Not A;Brand';v='99', 'Google Chrom...
           │       │              │           └ 'https://tieba.baidu.com/f/search/res?isnew=1&kw=&qw=俄罗斯别尔哥罗德州一村庄遭炮击致1死6伤&rn=10&un=&only_thread=0&sm=1&sd=&ed=&pn=7'
           │       │              └ 'get'
           │       └ <function Session.request at 0x7f9508c70af0>
           └ <requests.sessions.Session object at 0x7f91abdb1280>
  File "/home/chase/.local/lib/python3.8/site-packages/requests/sessions.py", line 542, in request
    resp = self.send(prep, **send_kwargs)
           │    │    │       └ {'timeout': 50, 'allow_redirects': True, 'verify': True, 'proxies': OrderedDict(), 'stream': False, 'cert': None}
           │    │    └ <PreparedRequest [GET]>
           │    └ <function Session.send at 0x7f9508c70f70>
           └ <requests.sessions.Session object at 0x7f91abdb1280>
  File "/home/chase/.local/lib/python3.8/site-packages/requests/sessions.py", line 677, in send
    history = [resp for resp in gen]
                                └ <generator object SessionRedirectMixin.resolve_redirects at 0x7f92c4346cf0>
  File "/home/chase/.local/lib/python3.8/site-packages/requests/sessions.py", line 677, in <listcomp>
    history = [resp for resp in gen]
  File "/home/chase/.local/lib/python3.8/site-packages/requests/sessions.py", line 237, in resolve_redirects
    resp = self.send(
           │    └ <function Session.send at 0x7f9508c70f70>
           └ <requests.sessions.Session object at 0x7f91abdb1280>
  File "/home/chase/.local/lib/python3.8/site-packages/requests/sessions.py", line 655, in send
    r = adapter.send(request, **kwargs)
        │       │    │          └ {'stream': False, 'timeout': 50, 'verify': True, 'cert': None, 'proxies': OrderedDict()}
        │       │    └ <PreparedRequest [GET]>
        │       └ <function HTTPAdapter.send at 0x7f9508c70430>
        └ <requests.adapters.HTTPAdapter object at 0x7f92e444b550>
  File "/home/chase/.local/lib/python3.8/site-packages/requests/adapters.py", line 514, in send
    raise SSLError(e, request=request)
          │                   └ <PreparedRequest [GET]>
          └ <class 'requests.exceptions.SSLError'>

requests.exceptions.SSLError: HTTPSConnectionPool(host='wappass.baidu.com', port=443): Max retries exceeded with url: /static/captcha/tuxing.html?ak=2ef521ec36290baed33d66de9b16f625&backurl=http%3A%2F%2Ftieba.baidu.com%2Ff%2Fsearch%2Fres%3Fisnew%3D1%26kw%3D%26qw%3D%25E4%25BF%2584%25E7%25BD%2597%25E6%2596%25AF%25E5%2588%25AB%25E5%25B0%2594%25E5%2593%25A5%25E7%25BD%2597%25E5%25BE%25B7%25E5%25B7%259E%25E4%25B8%2580%25E6%259D%2591%25E5%25BA%2584%25E9%2581%25AD%25E7%2582%25AE%25E5%2587%25BB%25E8%2587%25B41%25E6%25AD%25BB6%25E4%25BC%25A4%26rn%3D10%26un%3D%26only_thread%3D0%26sm%3D1%26sd%3D%26ed%3D%26pn%3D7&timestamp=1652528100&signature=20254d1db43f1b9f92d7a17222b98d55 (Caused by SSLError(SSLError(1, '[SSL: SSLV3_ALERT_HANDSHAKE_FAILURE] sslv3 alert handshake failure (_ssl.c:1131)')))
2022-05-14 19:35:00.574 | ERROR    | monitor.searchSpiders.tieba:get_request_from_keyword:34 - E 贴吧错误HTTPSConnectionPool(host='wappass.baidu.com', port=443): Max retries exceeded with url: /static/captcha/tuxing.html?ak=2ef521ec36290baed33d66de9b16f625&backurl=http%3A%2F%2Ftieba.baidu.com%2Ff%2Fsearch%2Fres%3Fisnew%3D1%26kw%3D%26qw%3D%25E4%25B8%25AD%25E5%259B%25BD%25E7%259A%2584%25E5%258F%2591%25E5%25B1%2595%25E5%258F%2598%25E9%259D%25A9%25E6%2598%25AF%25E4%25B8%2580%25E4%25B8%25AA%25E6%25A0%2587%25E6%259D%2586%25EF%25BC%2588%25E5%259B%25BD%25E9%2599%2585%25E8%25AE%25BA%25E5%259D%259B%25C2%25B7%25E8%25AF%25BB%25E6%2587%2582%25E4%25B8%25AD%25E5%259B%25BD%25C2%25B7%25E8%25AF%25BB%25E6%2587%2582%25E4%25B8%25AD%25E5%259B%25BD%25E2%2580%25A6%26rn%3D10%26un%3D%26only_thread%3D0%26sm%3D1%26sd%3D%26ed%3D%26pn%3D23&timestamp=1652528100&signature=2dd87e91ec90ac6e64504d91b47ece32 (Caused by SSLError(SSLError(1, '[SSL: SSLV3_ALERT_HANDSHAKE_FAILURE] sslv3 alert handshake failure (_ssl.c:1131)')))
Traceback (most recent call last):

  File "/home/chase/.local/lib/python3.8/site-packages/urllib3/connectionpool.py", line 699, in urlopen
    httplib_response = self._make_request(
                       │    └ <function HTTPConnectionPool._make_request at 0x7f9508defc10>
                       └ <urllib3.connectionpool.HTTPSConnectionPool object at 0x7f91f39317c0>
  File "/home/chase/.local/lib/python3.8/site-packages/urllib3/connectionpool.py", line 382, in _make_request
    self._validate_conn(conn)
    │    │              └ <urllib3.connection.HTTPSConnection object at 0x7f91c052a460>
    │    └ <function HTTPSConnectionPool._validate_conn at 0x7f9508df1160>
    └ <urllib3.connectionpool.HTTPSConnectionPool object at 0x7f91f39317c0>
  File "/home/chase/.local/lib/python3.8/site-packages/urllib3/connectionpool.py", line 1010, in _validate_conn
    conn.connect()
    │    └ <function HTTPSConnection.connect at 0x7f9508dde820>
    └ <urllib3.connection.HTTPSConnection object at 0x7f91c052a460>
  File "/home/chase/.local/lib/python3.8/site-packages/urllib3/connection.py", line 416, in connect
    self.sock = ssl_wrap_socket(
    │    │      └ <function ssl_wrap_socket at 0x7f9508e57550>
    │    └ None
    └ <urllib3.connection.HTTPSConnection object at 0x7f91c052a460>
  File "/home/chase/.local/lib/python3.8/site-packages/urllib3/util/ssl_.py", line 449, in ssl_wrap_socket
    ssl_sock = _ssl_wrap_socket_impl(
               └ <function _ssl_wrap_socket_impl at 0x7f9508e57700>
  File "/home/chase/.local/lib/python3.8/site-packages/urllib3/util/ssl_.py", line 493, in _ssl_wrap_socket_impl
    return ssl_context.wrap_socket(sock, server_hostname=server_hostname)
           │           │           │                     └ 'wappass.baidu.com'
           │           │           └ <socket.socket [closed] fd=-1, family=AddressFamily.AF_INET, type=SocketKind.SOCK_STREAM, proto=6>
           │           └ <function SSLContext.wrap_socket at 0x7f9529d34dc0>
           └ <ssl.SSLContext object at 0x7f91f3429ec0>
  File "/usr/lib/python3.8/ssl.py", line 500, in wrap_socket
    return self.sslsocket_class._create(
           │    │               └ <classmethod object at 0x7f9529d37ac0>
           │    └ <class 'ssl.SSLSocket'>
           └ <ssl.SSLContext object at 0x7f91f3429ec0>
  File "/usr/lib/python3.8/ssl.py", line 1040, in _create
    self.do_handshake()
    │    └ <function SSLSocket.do_handshake at 0x7f9529d3cca0>
    └ <ssl.SSLSocket [closed] fd=-1, family=AddressFamily.AF_INET, type=SocketKind.SOCK_STREAM, proto=6>
  File "/usr/lib/python3.8/ssl.py", line 1309, in do_handshake
    self._sslobj.do_handshake()
    │    └ None
    └ <ssl.SSLSocket [closed] fd=-1, family=AddressFamily.AF_INET, type=SocketKind.SOCK_STREAM, proto=6>

ssl.SSLError: [SSL: SSLV3_ALERT_HANDSHAKE_FAILURE] sslv3 alert handshake failure (_ssl.c:1131)


During handling of the above exception, another exception occurred:


Traceback (most recent call last):

  File "/home/chase/.local/lib/python3.8/site-packages/requests/adapters.py", line 439, in send
    resp = conn.urlopen(
           │    └ <function HTTPConnectionPool.urlopen at 0x7f9508defe50>
           └ <urllib3.connectionpool.HTTPSConnectionPool object at 0x7f91f39317c0>
  File "/home/chase/.local/lib/python3.8/site-packages/urllib3/connectionpool.py", line 755, in urlopen
    retries = retries.increment(
              │       └ <function Retry.increment at 0x7f9508e321f0>
              └ Retry(total=0, connect=None, read=False, redirect=None, status=None)
  File "/home/chase/.local/lib/python3.8/site-packages/urllib3/util/retry.py", line 574, in increment
    raise MaxRetryError(_pool, url, error or ResponseError(cause))
          │             │      │    │        │             └ 'unknown'
          │             │      │    │        └ <class 'urllib3.exceptions.ResponseError'>
          │             │      │    └ SSLError(SSLError(1, '[SSL: SSLV3_ALERT_HANDSHAKE_FAILURE] sslv3 alert handshake failure (_ssl.c:1131)'))
          │             │      └ '/static/captcha/tuxing.html?ak=2ef521ec36290baed33d66de9b16f625&backurl=http%3A%2F%2Ftieba.baidu.com%2Ff%2Fsearch%2Fres%3Fis...
          │             └ <urllib3.connectionpool.HTTPSConnectionPool object at 0x7f91f39317c0>
          └ <class 'urllib3.exceptions.MaxRetryError'>

urllib3.exceptions.MaxRetryError: HTTPSConnectionPool(host='wappass.baidu.com', port=443): Max retries exceeded with url: /static/captcha/tuxing.html?ak=2ef521ec36290baed33d66de9b16f625&backurl=http%3A%2F%2Ftieba.baidu.com%2Ff%2Fsearch%2Fres%3Fisnew%3D1%26kw%3D%26qw%3D%25E4%25B8%25AD%25E5%259B%25BD%25E7%259A%2584%25E5%258F%2591%25E5%25B1%2595%25E5%258F%2598%25E9%259D%25A9%25E6%2598%25AF%25E4%25B8%2580%25E4%25B8%25AA%25E6%25A0%2587%25E6%259D%2586%25EF%25BC%2588%25E5%259B%25BD%25E9%2599%2585%25E8%25AE%25BA%25E5%259D%259B%25C2%25B7%25E8%25AF%25BB%25E6%2587%2582%25E4%25B8%25AD%25E5%259B%25BD%25C2%25B7%25E8%25AF%25BB%25E6%2587%2582%25E4%25B8%25AD%25E5%259B%25BD%25E2%2580%25A6%26rn%3D10%26un%3D%26only_thread%3D0%26sm%3D1%26sd%3D%26ed%3D%26pn%3D23&timestamp=1652528100&signature=2dd87e91ec90ac6e64504d91b47ece32 (Caused by SSLError(SSLError(1, '[SSL: SSLV3_ALERT_HANDSHAKE_FAILURE] sslv3 alert handshake failure (_ssl.c:1131)')))


During handling of the above exception, another exception occurred:


Traceback (most recent call last):

  File "/usr/lib/python3.8/threading.py", line 890, in _bootstrap
    self._bootstrap_inner()
    │    └ <function Thread._bootstrap_inner at 0x7f952cd96a60>
    └ <Thread(Thread-3828, started daemon 140265360021248)>
  File "/usr/lib/python3.8/threading.py", line 932, in _bootstrap_inner
    self.run()
    │    └ <function Thread.run at 0x7f952cd96790>
    └ <Thread(Thread-3828, started daemon 140265360021248)>
  File "/usr/lib/python3.8/threading.py", line 870, in run
    self._target(*self._args, **self._kwargs)
    │    │        │    │        │    └ {}
    │    │        │    │        └ <Thread(Thread-3828, started daemon 140265360021248)>
    │    │        │    └ ('ProjectManager.run_func_by_thread',)
    │    │        └ <Thread(Thread-3828, started daemon 140265360021248)>
    │    └ <bound method ProjectManager.get_request_from_keywords_hot of <monitor.projectManager.ProjectManager object at 0x7f9503f344c0>>
    └ <Thread(Thread-3828, started daemon 140265360021248)>

  File "/home/users/Scy/yuqing/spider/monitor/projectManager.py", line 805, in get_request_from_keywords_hot
    self.search_spider_manager.crawl_by_keyword(
    │    │                     └ <function SearchSpidersManager.crawl_by_keyword at 0x7f9500e28ee0>
    │    └ <monitor.spiderManager.SearchSpidersManager object at 0x7f9500a57e20>
    └ <monitor.projectManager.ProjectManager object at 0x7f9503f344c0>

  File "/home/users/Scy/yuqing/spider/monitor/spiderManager.py", line 118, in crawl_by_keyword
    self.crawl_by_keyword_signal_platform(project_names, platform, keyword, crawl_time, project_times)
    │    │                                │              │         │        │           └ {'default': <monitor.TimeSection object at 0x7f9500afdf40>, 'test': <monitor.TimeSection object at 0x7f9500b10fd0>}
    │    │                                │              │         │        └ <monitor.TimeSection object at 0x7f93a446c700>
    │    │                                │              │         └ '中国的发展变革是一个标杆（国际论坛·读懂中国·读懂中国…'
    │    │                                │              └ '贴吧'
    │    │                                └ ['default']
    │    └ <function SearchSpidersManager.crawl_by_keyword_signal_platform at 0x7f9500e29040>
    └ <monitor.spiderManager.SearchSpidersManager object at 0x7f9500a57e20>

  File "/home/users/Scy/yuqing/spider/monitor/spiderManager.py", line 150, in crawl_by_keyword_signal_platform
    requests = self.get_request_from_keyword(platform, keyword_only, **crawl_time.to_dict())
               │    │                        │         │               │          └ <function TimeSection.to_dict at 0x7f950b1919d0>
               │    │                        │         │               └ <monitor.TimeSection object at 0x7f93a446c700>
               │    │                        │         └ '中国的发展变革是一个标杆（国际论坛·读懂中国·读懂中国…'
               │    │                        └ '贴吧'
               │    └ <function SearchSpidersManager.get_request_from_keyword at 0x7f9500e29160>
               └ <monitor.spiderManager.SearchSpidersManager object at 0x7f9500a57e20>

  File "/home/users/Scy/yuqing/spider/monitor/spiderManager.py", line 214, in get_request_from_keyword
    for request in self.spiders[platform].get_request_from_keyword(headers, search_url, keyword, content_url,
                   │    │       │                                  │        │           │        └ None
                   │    │       │                                  │        │           └ '中国的发展变革是一个标杆（国际论坛·读懂中国·读懂中国…'
                   │    │       │                                  │        └ <string.Template object at 0x7f91bb082fd0>
                   │    │       │                                  └ {'Connection': 'keep-alive', 'sec-ch-ua': "'Chromium';v='92',' Not A;Brand';v='99', 'Google Chrome';v='92'", 'sec-ch-ua-mobil...
                   │    │       └ '贴吧'
                   │    └ {'凤凰网': <monitor.searchSpiders.ifeng.Ifeng object at 0x7f9500a57040>, '头条': <monitor.searchSpiders.toutiao.Toutiao object at ...
                   └ <monitor.spiderManager.SearchSpidersManager object at 0x7f9500a57e20>

> File "/home/users/Scy/yuqing/spider/monitor/searchSpiders/tieba.py", line 22, in get_request_from_keyword
    response = requests.get(url, headers=headers, timeout=50)
               │        │   │            └ {'Connection': 'keep-alive', 'sec-ch-ua': "'Chromium';v='92',' Not A;Brand';v='99', 'Google Chrome';v='92'", 'sec-ch-ua-mobil...
               │        │   └ 'https://tieba.baidu.com/f/search/res?isnew=1&kw=&qw=中国的发展变革是一个标杆（国际论坛·读懂中国·读懂中国…&rn=10&un=&only_thread=0&sm=1&sd=&ed=&pn=23'
               │        └ <function get at 0x7f9508c683a0>
               └ <module 'requests' from '/home/chase/.local/lib/python3.8/site-packages/requests/__init__.py'>

  File "/home/chase/.local/lib/python3.8/site-packages/requests/api.py", line 75, in get
    return request('get', url, params=params, **kwargs)
           │              │           │         └ {'headers': {'Connection': 'keep-alive', 'sec-ch-ua': "'Chromium';v='92',' Not A;Brand';v='99', 'Google Chrome';v='92'", 'sec...
           │              │           └ None
           │              └ 'https://tieba.baidu.com/f/search/res?isnew=1&kw=&qw=中国的发展变革是一个标杆（国际论坛·读懂中国·读懂中国…&rn=10&un=&only_thread=0&sm=1&sd=&ed=&pn=23'
           └ <function request at 0x7f9508c5a1f0>
  File "/home/chase/.local/lib/python3.8/site-packages/requests/api.py", line 61, in request
    return session.request(method=method, url=url, **kwargs)
           │       │              │           │      └ {'params': None, 'headers': {'Connection': 'keep-alive', 'sec-ch-ua': "'Chromium';v='92',' Not A;Brand';v='99', 'Google Chrom...
           │       │              │           └ 'https://tieba.baidu.com/f/search/res?isnew=1&kw=&qw=中国的发展变革是一个标杆（国际论坛·读懂中国·读懂中国…&rn=10&un=&only_thread=0&sm=1&sd=&ed=&pn=23'
           │       │              └ 'get'
           │       └ <function Session.request at 0x7f9508c70af0>
           └ <requests.sessions.Session object at 0x7f91f3ba9af0>
  File "/home/chase/.local/lib/python3.8/site-packages/requests/sessions.py", line 542, in request
    resp = self.send(prep, **send_kwargs)
           │    │    │       └ {'timeout': 50, 'allow_redirects': True, 'verify': True, 'proxies': OrderedDict(), 'stream': False, 'cert': None}
           │    │    └ <PreparedRequest [GET]>
           │    └ <function Session.send at 0x7f9508c70f70>
           └ <requests.sessions.Session object at 0x7f91f3ba9af0>
  File "/home/chase/.local/lib/python3.8/site-packages/requests/sessions.py", line 677, in send
    history = [resp for resp in gen]
                                └ <generator object SessionRedirectMixin.resolve_redirects at 0x7f92a442c900>
  File "/home/chase/.local/lib/python3.8/site-packages/requests/sessions.py", line 677, in <listcomp>
    history = [resp for resp in gen]
  File "/home/chase/.local/lib/python3.8/site-packages/requests/sessions.py", line 237, in resolve_redirects
    resp = self.send(
           │    └ <function Session.send at 0x7f9508c70f70>
           └ <requests.sessions.Session object at 0x7f91f3ba9af0>
  File "/home/chase/.local/lib/python3.8/site-packages/requests/sessions.py", line 655, in send
    r = adapter.send(request, **kwargs)
        │       │    │          └ {'stream': False, 'timeout': 50, 'verify': True, 'cert': None, 'proxies': OrderedDict()}
        │       │    └ <PreparedRequest [GET]>
        │       └ <function HTTPAdapter.send at 0x7f9508c70430>
        └ <requests.adapters.HTTPAdapter object at 0x7f92e403fa00>
  File "/home/chase/.local/lib/python3.8/site-packages/requests/adapters.py", line 514, in send
    raise SSLError(e, request=request)
          │                   └ <PreparedRequest [GET]>
          └ <class 'requests.exceptions.SSLError'>

requests.exceptions.SSLError: HTTPSConnectionPool(host='wappass.baidu.com', port=443): Max retries exceeded with url: /static/captcha/tuxing.html?ak=2ef521ec36290baed33d66de9b16f625&backurl=http%3A%2F%2Ftieba.baidu.com%2Ff%2Fsearch%2Fres%3Fisnew%3D1%26kw%3D%26qw%3D%25E4%25B8%25AD%25E5%259B%25BD%25E7%259A%2584%25E5%258F%2591%25E5%25B1%2595%25E5%258F%2598%25E9%259D%25A9%25E6%2598%25AF%25E4%25B8%2580%25E4%25B8%25AA%25E6%25A0%2587%25E6%259D%2586%25EF%25BC%2588%25E5%259B%25BD%25E9%2599%2585%25E8%25AE%25BA%25E5%259D%259B%25C2%25B7%25E8%25AF%25BB%25E6%2587%2582%25E4%25B8%25AD%25E5%259B%25BD%25C2%25B7%25E8%25AF%25BB%25E6%2587%2582%25E4%25B8%25AD%25E5%259B%25BD%25E2%2580%25A6%26rn%3D10%26un%3D%26only_thread%3D0%26sm%3D1%26sd%3D%26ed%3D%26pn%3D23&timestamp=1652528100&signature=2dd87e91ec90ac6e64504d91b47ece32 (Caused by SSLError(SSLError(1, '[SSL: SSLV3_ALERT_HANDSHAKE_FAILURE] sslv3 alert handshake failure (_ssl.c:1131)')))
2022-05-14 19:40:30.265 | ERROR    | monitor.searchSpiders.tieba:get_request_from_keyword:34 - E 贴吧错误HTTPSConnectionPool(host='wappass.baidu.com', port=443): Max retries exceeded with url: /static/captcha/tuxing.html?ak=2ef521ec36290baed33d66de9b16f625&backurl=http%3A%2F%2Ftieba.baidu.com%2Ff%2Fsearch%2Fres%3Fisnew%3D1%26kw%3D%26qw%3D%25E4%25BF%2584%25E7%25BD%2597%25E6%2596%25AF%25E5%2588%25AB%25E5%25B0%2594%25E5%2593%25A5%25E7%25BD%2597%25E5%25BE%25B7%25E5%25B7%259E%25E4%25B8%2580%25E6%259D%2591%25E5%25BA%2584%25E9%2581%25AD%25E7%2582%25AE%25E5%2587%25BB%25E8%2587%25B41%25E6%25AD%25BB6%25E4%25BC%25A4%26rn%3D10%26un%3D%26only_thread%3D0%26sm%3D1%26sd%3D%26ed%3D%26pn%3D19&timestamp=1652528430&signature=d18c05abbc72140c0e9309e8245bf07c (Caused by SSLError(SSLError(1, '[SSL: SSLV3_ALERT_HANDSHAKE_FAILURE] sslv3 alert handshake failure (_ssl.c:1131)')))
Traceback (most recent call last):

  File "/home/chase/.local/lib/python3.8/site-packages/urllib3/connectionpool.py", line 699, in urlopen
    httplib_response = self._make_request(
                       │    └ <function HTTPConnectionPool._make_request at 0x7f9508defc10>
                       └ <urllib3.connectionpool.HTTPSConnectionPool object at 0x7f934407cbb0>
  File "/home/chase/.local/lib/python3.8/site-packages/urllib3/connectionpool.py", line 382, in _make_request
    self._validate_conn(conn)
    │    │              └ <urllib3.connection.HTTPSConnection object at 0x7f93440c3220>
    │    └ <function HTTPSConnectionPool._validate_conn at 0x7f9508df1160>
    └ <urllib3.connectionpool.HTTPSConnectionPool object at 0x7f934407cbb0>
  File "/home/chase/.local/lib/python3.8/site-packages/urllib3/connectionpool.py", line 1010, in _validate_conn
    conn.connect()
    │    └ <function HTTPSConnection.connect at 0x7f9508dde820>
    └ <urllib3.connection.HTTPSConnection object at 0x7f93440c3220>
  File "/home/chase/.local/lib/python3.8/site-packages/urllib3/connection.py", line 416, in connect
    self.sock = ssl_wrap_socket(
    │    │      └ <function ssl_wrap_socket at 0x7f9508e57550>
    │    └ None
    └ <urllib3.connection.HTTPSConnection object at 0x7f93440c3220>
  File "/home/chase/.local/lib/python3.8/site-packages/urllib3/util/ssl_.py", line 449, in ssl_wrap_socket
    ssl_sock = _ssl_wrap_socket_impl(
               └ <function _ssl_wrap_socket_impl at 0x7f9508e57700>
  File "/home/chase/.local/lib/python3.8/site-packages/urllib3/util/ssl_.py", line 493, in _ssl_wrap_socket_impl
    return ssl_context.wrap_socket(sock, server_hostname=server_hostname)
           │           │           │                     └ 'wappass.baidu.com'
           │           │           └ <socket.socket [closed] fd=-1, family=AddressFamily.AF_INET, type=SocketKind.SOCK_STREAM, proto=6>
           │           └ <function SSLContext.wrap_socket at 0x7f9529d34dc0>
           └ <ssl.SSLContext object at 0x7f91930e5440>
  File "/usr/lib/python3.8/ssl.py", line 500, in wrap_socket
    return self.sslsocket_class._create(
           │    │               └ <classmethod object at 0x7f9529d37ac0>
           │    └ <class 'ssl.SSLSocket'>
           └ <ssl.SSLContext object at 0x7f91930e5440>
  File "/usr/lib/python3.8/ssl.py", line 1040, in _create
    self.do_handshake()
    │    └ <function SSLSocket.do_handshake at 0x7f9529d3cca0>
    └ <ssl.SSLSocket [closed] fd=-1, family=AddressFamily.AF_INET, type=SocketKind.SOCK_STREAM, proto=6>
  File "/usr/lib/python3.8/ssl.py", line 1309, in do_handshake
    self._sslobj.do_handshake()
    │    └ None
    └ <ssl.SSLSocket [closed] fd=-1, family=AddressFamily.AF_INET, type=SocketKind.SOCK_STREAM, proto=6>

ssl.SSLError: [SSL: SSLV3_ALERT_HANDSHAKE_FAILURE] sslv3 alert handshake failure (_ssl.c:1131)


During handling of the above exception, another exception occurred:


Traceback (most recent call last):

  File "/home/chase/.local/lib/python3.8/site-packages/requests/adapters.py", line 439, in send
    resp = conn.urlopen(
           │    └ <function HTTPConnectionPool.urlopen at 0x7f9508defe50>
           └ <urllib3.connectionpool.HTTPSConnectionPool object at 0x7f934407cbb0>
  File "/home/chase/.local/lib/python3.8/site-packages/urllib3/connectionpool.py", line 755, in urlopen
    retries = retries.increment(
              │       └ <function Retry.increment at 0x7f9508e321f0>
              └ Retry(total=0, connect=None, read=False, redirect=None, status=None)
  File "/home/chase/.local/lib/python3.8/site-packages/urllib3/util/retry.py", line 574, in increment
    raise MaxRetryError(_pool, url, error or ResponseError(cause))
          │             │      │    │        │             └ 'unknown'
          │             │      │    │        └ <class 'urllib3.exceptions.ResponseError'>
          │             │      │    └ SSLError(SSLError(1, '[SSL: SSLV3_ALERT_HANDSHAKE_FAILURE] sslv3 alert handshake failure (_ssl.c:1131)'))
          │             │      └ '/static/captcha/tuxing.html?ak=2ef521ec36290baed33d66de9b16f625&backurl=http%3A%2F%2Ftieba.baidu.com%2Ff%2Fsearch%2Fres%3Fis...
          │             └ <urllib3.connectionpool.HTTPSConnectionPool object at 0x7f934407cbb0>
          └ <class 'urllib3.exceptions.MaxRetryError'>

urllib3.exceptions.MaxRetryError: HTTPSConnectionPool(host='wappass.baidu.com', port=443): Max retries exceeded with url: /static/captcha/tuxing.html?ak=2ef521ec36290baed33d66de9b16f625&backurl=http%3A%2F%2Ftieba.baidu.com%2Ff%2Fsearch%2Fres%3Fisnew%3D1%26kw%3D%26qw%3D%25E4%25BF%2584%25E7%25BD%2597%25E6%2596%25AF%25E5%2588%25AB%25E5%25B0%2594%25E5%2593%25A5%25E7%25BD%2597%25E5%25BE%25B7%25E5%25B7%259E%25E4%25B8%2580%25E6%259D%2591%25E5%25BA%2584%25E9%2581%25AD%25E7%2582%25AE%25E5%2587%25BB%25E8%2587%25B41%25E6%25AD%25BB6%25E4%25BC%25A4%26rn%3D10%26un%3D%26only_thread%3D0%26sm%3D1%26sd%3D%26ed%3D%26pn%3D19&timestamp=1652528430&signature=d18c05abbc72140c0e9309e8245bf07c (Caused by SSLError(SSLError(1, '[SSL: SSLV3_ALERT_HANDSHAKE_FAILURE] sslv3 alert handshake failure (_ssl.c:1131)')))


During handling of the above exception, another exception occurred:


Traceback (most recent call last):

  File "/usr/lib/python3.8/threading.py", line 890, in _bootstrap
    self._bootstrap_inner()
    │    └ <function Thread._bootstrap_inner at 0x7f952cd96a60>
    └ <Thread(Thread-2817, started daemon 140273212446464)>
  File "/usr/lib/python3.8/threading.py", line 932, in _bootstrap_inner
    self.run()
    │    └ <function Thread.run at 0x7f952cd96790>
    └ <Thread(Thread-2817, started daemon 140273212446464)>
  File "/usr/lib/python3.8/threading.py", line 870, in run
    self._target(*self._args, **self._kwargs)
    │    │        │    │        │    └ {}
    │    │        │    │        └ <Thread(Thread-2817, started daemon 140273212446464)>
    │    │        │    └ ('ProjectManager.run_func_by_thread',)
    │    │        └ <Thread(Thread-2817, started daemon 140273212446464)>
    │    └ <bound method ProjectManager.get_request_from_keywords_hot of <monitor.projectManager.ProjectManager object at 0x7f9503f344c0>>
    └ <Thread(Thread-2817, started daemon 140273212446464)>

  File "/home/users/Scy/yuqing/spider/monitor/projectManager.py", line 805, in get_request_from_keywords_hot
    self.search_spider_manager.crawl_by_keyword(
    │    │                     └ <function SearchSpidersManager.crawl_by_keyword at 0x7f9500e28ee0>
    │    └ <monitor.spiderManager.SearchSpidersManager object at 0x7f9500a57e20>
    └ <monitor.projectManager.ProjectManager object at 0x7f9503f344c0>

  File "/home/users/Scy/yuqing/spider/monitor/spiderManager.py", line 118, in crawl_by_keyword
    self.crawl_by_keyword_signal_platform(project_names, platform, keyword, crawl_time, project_times)
    │    │                                │              │         │        │           └ {'default': <monitor.TimeSection object at 0x7f9500afdf40>, 'test': <monitor.TimeSection object at 0x7f9500b10fd0>}
    │    │                                │              │         │        └ <monitor.TimeSection object at 0x7f9364613970>
    │    │                                │              │         └ '俄罗斯别尔哥罗德州一村庄遭炮击致1死6伤'
    │    │                                │              └ '贴吧'
    │    │                                └ ['default']
    │    └ <function SearchSpidersManager.crawl_by_keyword_signal_platform at 0x7f9500e29040>
    └ <monitor.spiderManager.SearchSpidersManager object at 0x7f9500a57e20>

  File "/home/users/Scy/yuqing/spider/monitor/spiderManager.py", line 150, in crawl_by_keyword_signal_platform
    requests = self.get_request_from_keyword(platform, keyword_only, **crawl_time.to_dict())
               │    │                        │         │               │          └ <function TimeSection.to_dict at 0x7f950b1919d0>
               │    │                        │         │               └ <monitor.TimeSection object at 0x7f9364613970>
               │    │                        │         └ '俄罗斯别尔哥罗德州一村庄遭炮击致1死6伤'
               │    │                        └ '贴吧'
               │    └ <function SearchSpidersManager.get_request_from_keyword at 0x7f9500e29160>
               └ <monitor.spiderManager.SearchSpidersManager object at 0x7f9500a57e20>

  File "/home/users/Scy/yuqing/spider/monitor/spiderManager.py", line 214, in get_request_from_keyword
    for request in self.spiders[platform].get_request_from_keyword(headers, search_url, keyword, content_url,
                   │    │       │                                  │        │           │        └ None
                   │    │       │                                  │        │           └ '俄罗斯别尔哥罗德州一村庄遭炮击致1死6伤'
                   │    │       │                                  │        └ <string.Template object at 0x7f928456ceb0>
                   │    │       │                                  └ {'Connection': 'keep-alive', 'sec-ch-ua': "'Chromium';v='92',' Not A;Brand';v='99', 'Google Chrome';v='92'", 'sec-ch-ua-mobil...
                   │    │       └ '贴吧'
                   │    └ {'凤凰网': <monitor.searchSpiders.ifeng.Ifeng object at 0x7f9500a57040>, '头条': <monitor.searchSpiders.toutiao.Toutiao object at ...
                   └ <monitor.spiderManager.SearchSpidersManager object at 0x7f9500a57e20>

> File "/home/users/Scy/yuqing/spider/monitor/searchSpiders/tieba.py", line 22, in get_request_from_keyword
    response = requests.get(url, headers=headers, timeout=50)
               │        │   │            └ {'Connection': 'keep-alive', 'sec-ch-ua': "'Chromium';v='92',' Not A;Brand';v='99', 'Google Chrome';v='92'", 'sec-ch-ua-mobil...
               │        │   └ 'https://tieba.baidu.com/f/search/res?isnew=1&kw=&qw=俄罗斯别尔哥罗德州一村庄遭炮击致1死6伤&rn=10&un=&only_thread=0&sm=1&sd=&ed=&pn=19'
               │        └ <function get at 0x7f9508c683a0>
               └ <module 'requests' from '/home/chase/.local/lib/python3.8/site-packages/requests/__init__.py'>

  File "/home/chase/.local/lib/python3.8/site-packages/requests/api.py", line 75, in get
    return request('get', url, params=params, **kwargs)
           │              │           │         └ {'headers': {'Connection': 'keep-alive', 'sec-ch-ua': "'Chromium';v='92',' Not A;Brand';v='99', 'Google Chrome';v='92'", 'sec...
           │              │           └ None
           │              └ 'https://tieba.baidu.com/f/search/res?isnew=1&kw=&qw=俄罗斯别尔哥罗德州一村庄遭炮击致1死6伤&rn=10&un=&only_thread=0&sm=1&sd=&ed=&pn=19'
           └ <function request at 0x7f9508c5a1f0>
  File "/home/chase/.local/lib/python3.8/site-packages/requests/api.py", line 61, in request
    return session.request(method=method, url=url, **kwargs)
           │       │              │           │      └ {'params': None, 'headers': {'Connection': 'keep-alive', 'sec-ch-ua': "'Chromium';v='92',' Not A;Brand';v='99', 'Google Chrom...
           │       │              │           └ 'https://tieba.baidu.com/f/search/res?isnew=1&kw=&qw=俄罗斯别尔哥罗德州一村庄遭炮击致1死6伤&rn=10&un=&only_thread=0&sm=1&sd=&ed=&pn=19'
           │       │              └ 'get'
           │       └ <function Session.request at 0x7f9508c70af0>
           └ <requests.sessions.Session object at 0x7f916f1b3700>
  File "/home/chase/.local/lib/python3.8/site-packages/requests/sessions.py", line 542, in request
    resp = self.send(prep, **send_kwargs)
           │    │    │       └ {'timeout': 50, 'allow_redirects': True, 'verify': True, 'proxies': OrderedDict(), 'stream': False, 'cert': None}
           │    │    └ <PreparedRequest [GET]>
           │    └ <function Session.send at 0x7f9508c70f70>
           └ <requests.sessions.Session object at 0x7f916f1b3700>
  File "/home/chase/.local/lib/python3.8/site-packages/requests/sessions.py", line 677, in send
    history = [resp for resp in gen]
                                └ <generator object SessionRedirectMixin.resolve_redirects at 0x7f91f040e190>
  File "/home/chase/.local/lib/python3.8/site-packages/requests/sessions.py", line 677, in <listcomp>
    history = [resp for resp in gen]
  File "/home/chase/.local/lib/python3.8/site-packages/requests/sessions.py", line 237, in resolve_redirects
    resp = self.send(
           │    └ <function Session.send at 0x7f9508c70f70>
           └ <requests.sessions.Session object at 0x7f916f1b3700>
  File "/home/chase/.local/lib/python3.8/site-packages/requests/sessions.py", line 655, in send
    r = adapter.send(request, **kwargs)
        │       │    │          └ {'stream': False, 'timeout': 50, 'verify': True, 'cert': None, 'proxies': OrderedDict()}
        │       │    └ <PreparedRequest [GET]>
        │       └ <function HTTPAdapter.send at 0x7f9508c70430>
        └ <requests.adapters.HTTPAdapter object at 0x7f9364718d60>
  File "/home/chase/.local/lib/python3.8/site-packages/requests/adapters.py", line 514, in send
    raise SSLError(e, request=request)
          │                   └ <PreparedRequest [GET]>
          └ <class 'requests.exceptions.SSLError'>

requests.exceptions.SSLError: HTTPSConnectionPool(host='wappass.baidu.com', port=443): Max retries exceeded with url: /static/captcha/tuxing.html?ak=2ef521ec36290baed33d66de9b16f625&backurl=http%3A%2F%2Ftieba.baidu.com%2Ff%2Fsearch%2Fres%3Fisnew%3D1%26kw%3D%26qw%3D%25E4%25BF%2584%25E7%25BD%2597%25E6%2596%25AF%25E5%2588%25AB%25E5%25B0%2594%25E5%2593%25A5%25E7%25BD%2597%25E5%25BE%25B7%25E5%25B7%259E%25E4%25B8%2580%25E6%259D%2591%25E5%25BA%2584%25E9%2581%25AD%25E7%2582%25AE%25E5%2587%25BB%25E8%2587%25B41%25E6%25AD%25BB6%25E4%25BC%25A4%26rn%3D10%26un%3D%26only_thread%3D0%26sm%3D1%26sd%3D%26ed%3D%26pn%3D19&timestamp=1652528430&signature=d18c05abbc72140c0e9309e8245bf07c (Caused by SSLError(SSLError(1, '[SSL: SSLV3_ALERT_HANDSHAKE_FAILURE] sslv3 alert handshake failure (_ssl.c:1131)')))
2022-05-14 20:14:24.168 | ERROR    | monitor.searchSpiders.tieba:get_request_from_keyword:34 - E 贴吧错误HTTPSConnectionPool(host='wappass.baidu.com', port=443): Max retries exceeded with url: /static/captcha/tuxing.html?ak=2ef521ec36290baed33d66de9b16f625&backurl=http%3A%2F%2Ftieba.baidu.com%2Ff%2Fsearch%2Fres%3Fisnew%3D1%26kw%3D%26qw%3D%25E6%2598%25AF%25E9%259D%259E%25E6%259B%25B2%25E7%259B%25B4%25E8%2587%25AA%25E6%259C%2589%25E5%2585%25AC%25E8%25AE%25BA%26rn%3D10%26un%3D%26only_thread%3D0%26sm%3D1%26sd%3D%26ed%3D%26pn%3D14&timestamp=1652530463&signature=ecaf6e3c99392729e87eee6e8cd6421f (Caused by SSLError(SSLError(1, '[SSL: SSLV3_ALERT_HANDSHAKE_FAILURE] sslv3 alert handshake failure (_ssl.c:1131)')))
Traceback (most recent call last):

  File "/home/chase/.local/lib/python3.8/site-packages/urllib3/connectionpool.py", line 699, in urlopen
    httplib_response = self._make_request(
                       │    └ <function HTTPConnectionPool._make_request at 0x7f9508defc10>
                       └ <urllib3.connectionpool.HTTPSConnectionPool object at 0x7f950a106a60>
  File "/home/chase/.local/lib/python3.8/site-packages/urllib3/connectionpool.py", line 382, in _make_request
    self._validate_conn(conn)
    │    │              └ <urllib3.connection.HTTPSConnection object at 0x7f91cdde4af0>
    │    └ <function HTTPSConnectionPool._validate_conn at 0x7f9508df1160>
    └ <urllib3.connectionpool.HTTPSConnectionPool object at 0x7f950a106a60>
  File "/home/chase/.local/lib/python3.8/site-packages/urllib3/connectionpool.py", line 1010, in _validate_conn
    conn.connect()
    │    └ <function HTTPSConnection.connect at 0x7f9508dde820>
    └ <urllib3.connection.HTTPSConnection object at 0x7f91cdde4af0>
  File "/home/chase/.local/lib/python3.8/site-packages/urllib3/connection.py", line 416, in connect
    self.sock = ssl_wrap_socket(
    │    │      └ <function ssl_wrap_socket at 0x7f9508e57550>
    │    └ None
    └ <urllib3.connection.HTTPSConnection object at 0x7f91cdde4af0>
  File "/home/chase/.local/lib/python3.8/site-packages/urllib3/util/ssl_.py", line 449, in ssl_wrap_socket
    ssl_sock = _ssl_wrap_socket_impl(
               └ <function _ssl_wrap_socket_impl at 0x7f9508e57700>
  File "/home/chase/.local/lib/python3.8/site-packages/urllib3/util/ssl_.py", line 493, in _ssl_wrap_socket_impl
    return ssl_context.wrap_socket(sock, server_hostname=server_hostname)
           │           │           │                     └ 'wappass.baidu.com'
           │           │           └ <socket.socket [closed] fd=-1, family=AddressFamily.AF_INET, type=SocketKind.SOCK_STREAM, proto=6>
           │           └ <function SSLContext.wrap_socket at 0x7f9529d34dc0>
           └ <ssl.SSLContext object at 0x7f9184711340>
  File "/usr/lib/python3.8/ssl.py", line 500, in wrap_socket
    return self.sslsocket_class._create(
           │    │               └ <classmethod object at 0x7f9529d37ac0>
           │    └ <class 'ssl.SSLSocket'>
           └ <ssl.SSLContext object at 0x7f9184711340>
  File "/usr/lib/python3.8/ssl.py", line 1040, in _create
    self.do_handshake()
    │    └ <function SSLSocket.do_handshake at 0x7f9529d3cca0>
    └ <ssl.SSLSocket [closed] fd=-1, family=AddressFamily.AF_INET, type=SocketKind.SOCK_STREAM, proto=6>
  File "/usr/lib/python3.8/ssl.py", line 1309, in do_handshake
    self._sslobj.do_handshake()
    │    └ None
    └ <ssl.SSLSocket [closed] fd=-1, family=AddressFamily.AF_INET, type=SocketKind.SOCK_STREAM, proto=6>

ssl.SSLError: [SSL: SSLV3_ALERT_HANDSHAKE_FAILURE] sslv3 alert handshake failure (_ssl.c:1131)


During handling of the above exception, another exception occurred:


Traceback (most recent call last):

  File "/home/chase/.local/lib/python3.8/site-packages/requests/adapters.py", line 439, in send
    resp = conn.urlopen(
           │    └ <function HTTPConnectionPool.urlopen at 0x7f9508defe50>
           └ <urllib3.connectionpool.HTTPSConnectionPool object at 0x7f950a106a60>
  File "/home/chase/.local/lib/python3.8/site-packages/urllib3/connectionpool.py", line 755, in urlopen
    retries = retries.increment(
              │       └ <function Retry.increment at 0x7f9508e321f0>
              └ Retry(total=0, connect=None, read=False, redirect=None, status=None)
  File "/home/chase/.local/lib/python3.8/site-packages/urllib3/util/retry.py", line 574, in increment
    raise MaxRetryError(_pool, url, error or ResponseError(cause))
          │             │      │    │        │             └ 'unknown'
          │             │      │    │        └ <class 'urllib3.exceptions.ResponseError'>
          │             │      │    └ SSLError(SSLError(1, '[SSL: SSLV3_ALERT_HANDSHAKE_FAILURE] sslv3 alert handshake failure (_ssl.c:1131)'))
          │             │      └ '/static/captcha/tuxing.html?ak=2ef521ec36290baed33d66de9b16f625&backurl=http%3A%2F%2Ftieba.baidu.com%2Ff%2Fsearch%2Fres%3Fis...
          │             └ <urllib3.connectionpool.HTTPSConnectionPool object at 0x7f950a106a60>
          └ <class 'urllib3.exceptions.MaxRetryError'>

urllib3.exceptions.MaxRetryError: HTTPSConnectionPool(host='wappass.baidu.com', port=443): Max retries exceeded with url: /static/captcha/tuxing.html?ak=2ef521ec36290baed33d66de9b16f625&backurl=http%3A%2F%2Ftieba.baidu.com%2Ff%2Fsearch%2Fres%3Fisnew%3D1%26kw%3D%26qw%3D%25E6%2598%25AF%25E9%259D%259E%25E6%259B%25B2%25E7%259B%25B4%25E8%2587%25AA%25E6%259C%2589%25E5%2585%25AC%25E8%25AE%25BA%26rn%3D10%26un%3D%26only_thread%3D0%26sm%3D1%26sd%3D%26ed%3D%26pn%3D14&timestamp=1652530463&signature=ecaf6e3c99392729e87eee6e8cd6421f (Caused by SSLError(SSLError(1, '[SSL: SSLV3_ALERT_HANDSHAKE_FAILURE] sslv3 alert handshake failure (_ssl.c:1131)')))


During handling of the above exception, another exception occurred:


Traceback (most recent call last):

  File "/usr/lib/python3.8/threading.py", line 890, in _bootstrap
    self._bootstrap_inner()
    │    └ <function Thread._bootstrap_inner at 0x7f952cd96a60>
    └ <Thread(Thread-2385, started daemon 140264085133056)>
  File "/usr/lib/python3.8/threading.py", line 932, in _bootstrap_inner
    self.run()
    │    └ <function Thread.run at 0x7f952cd96790>
    └ <Thread(Thread-2385, started daemon 140264085133056)>
  File "/usr/lib/python3.8/threading.py", line 870, in run
    self._target(*self._args, **self._kwargs)
    │    │        │    │        │    └ {}
    │    │        │    │        └ <Thread(Thread-2385, started daemon 140264085133056)>
    │    │        │    └ ('ProjectManager.run_func_by_thread',)
    │    │        └ <Thread(Thread-2385, started daemon 140264085133056)>
    │    └ <bound method ProjectManager.get_request_from_keywords_hot of <monitor.projectManager.ProjectManager object at 0x7f9503f344c0>>
    └ <Thread(Thread-2385, started daemon 140264085133056)>

  File "/home/users/Scy/yuqing/spider/monitor/projectManager.py", line 805, in get_request_from_keywords_hot
    self.search_spider_manager.crawl_by_keyword(
    │    │                     └ <function SearchSpidersManager.crawl_by_keyword at 0x7f9500e28ee0>
    │    └ <monitor.spiderManager.SearchSpidersManager object at 0x7f9500a57e20>
    └ <monitor.projectManager.ProjectManager object at 0x7f9503f344c0>

  File "/home/users/Scy/yuqing/spider/monitor/spiderManager.py", line 118, in crawl_by_keyword
    self.crawl_by_keyword_signal_platform(project_names, platform, keyword, crawl_time, project_times)
    │    │                                │              │         │        │           └ {'default': <monitor.TimeSection object at 0x7f9500afdf40>, 'test': <monitor.TimeSection object at 0x7f9500b10fd0>}
    │    │                                │              │         │        └ <monitor.TimeSection object at 0x7f91ddf964f0>
    │    │                                │              │         └ '是非曲直自有公论'
    │    │                                │              └ '贴吧'
    │    │                                └ ['default']
    │    └ <function SearchSpidersManager.crawl_by_keyword_signal_platform at 0x7f9500e29040>
    └ <monitor.spiderManager.SearchSpidersManager object at 0x7f9500a57e20>

  File "/home/users/Scy/yuqing/spider/monitor/spiderManager.py", line 150, in crawl_by_keyword_signal_platform
    requests = self.get_request_from_keyword(platform, keyword_only, **crawl_time.to_dict())
               │    │                        │         │               │          └ <function TimeSection.to_dict at 0x7f950b1919d0>
               │    │                        │         │               └ <monitor.TimeSection object at 0x7f91ddf964f0>
               │    │                        │         └ '是非曲直自有公论'
               │    │                        └ '贴吧'
               │    └ <function SearchSpidersManager.get_request_from_keyword at 0x7f9500e29160>
               └ <monitor.spiderManager.SearchSpidersManager object at 0x7f9500a57e20>

  File "/home/users/Scy/yuqing/spider/monitor/spiderManager.py", line 214, in get_request_from_keyword
    for request in self.spiders[platform].get_request_from_keyword(headers, search_url, keyword, content_url,
                   │    │       │                                  │        │           │        └ None
                   │    │       │                                  │        │           └ '是非曲直自有公论'
                   │    │       │                                  │        └ <string.Template object at 0x7f91860fd1c0>
                   │    │       │                                  └ {'Connection': 'keep-alive', 'sec-ch-ua': "'Chromium';v='92',' Not A;Brand';v='99', 'Google Chrome';v='92'", 'sec-ch-ua-mobil...
                   │    │       └ '贴吧'
                   │    └ {'凤凰网': <monitor.searchSpiders.ifeng.Ifeng object at 0x7f9500a57040>, '头条': <monitor.searchSpiders.toutiao.Toutiao object at ...
                   └ <monitor.spiderManager.SearchSpidersManager object at 0x7f9500a57e20>

> File "/home/users/Scy/yuqing/spider/monitor/searchSpiders/tieba.py", line 22, in get_request_from_keyword
    response = requests.get(url, headers=headers, timeout=50)
               │        │   │            └ {'Connection': 'keep-alive', 'sec-ch-ua': "'Chromium';v='92',' Not A;Brand';v='99', 'Google Chrome';v='92'", 'sec-ch-ua-mobil...
               │        │   └ 'https://tieba.baidu.com/f/search/res?isnew=1&kw=&qw=是非曲直自有公论&rn=10&un=&only_thread=0&sm=1&sd=&ed=&pn=14'
               │        └ <function get at 0x7f9508c683a0>
               └ <module 'requests' from '/home/chase/.local/lib/python3.8/site-packages/requests/__init__.py'>

  File "/home/chase/.local/lib/python3.8/site-packages/requests/api.py", line 75, in get
    return request('get', url, params=params, **kwargs)
           │              │           │         └ {'headers': {'Connection': 'keep-alive', 'sec-ch-ua': "'Chromium';v='92',' Not A;Brand';v='99', 'Google Chrome';v='92'", 'sec...
           │              │           └ None
           │              └ 'https://tieba.baidu.com/f/search/res?isnew=1&kw=&qw=是非曲直自有公论&rn=10&un=&only_thread=0&sm=1&sd=&ed=&pn=14'
           └ <function request at 0x7f9508c5a1f0>
  File "/home/chase/.local/lib/python3.8/site-packages/requests/api.py", line 61, in request
    return session.request(method=method, url=url, **kwargs)
           │       │              │           │      └ {'params': None, 'headers': {'Connection': 'keep-alive', 'sec-ch-ua': "'Chromium';v='92',' Not A;Brand';v='99', 'Google Chrom...
           │       │              │           └ 'https://tieba.baidu.com/f/search/res?isnew=1&kw=&qw=是非曲直自有公论&rn=10&un=&only_thread=0&sm=1&sd=&ed=&pn=14'
           │       │              └ 'get'
           │       └ <function Session.request at 0x7f9508c70af0>
           └ <requests.sessions.Session object at 0x7f91cdcc1b80>
  File "/home/chase/.local/lib/python3.8/site-packages/requests/sessions.py", line 542, in request
    resp = self.send(prep, **send_kwargs)
           │    │    │       └ {'timeout': 50, 'allow_redirects': True, 'verify': True, 'proxies': OrderedDict(), 'stream': False, 'cert': None}
           │    │    └ <PreparedRequest [GET]>
           │    └ <function Session.send at 0x7f9508c70f70>
           └ <requests.sessions.Session object at 0x7f91cdcc1b80>
  File "/home/chase/.local/lib/python3.8/site-packages/requests/sessions.py", line 677, in send
    history = [resp for resp in gen]
                                └ <generator object SessionRedirectMixin.resolve_redirects at 0x7f91e85a9430>
  File "/home/chase/.local/lib/python3.8/site-packages/requests/sessions.py", line 677, in <listcomp>
    history = [resp for resp in gen]
  File "/home/chase/.local/lib/python3.8/site-packages/requests/sessions.py", line 237, in resolve_redirects
    resp = self.send(
           │    └ <function Session.send at 0x7f9508c70f70>
           └ <requests.sessions.Session object at 0x7f91cdcc1b80>
  File "/home/chase/.local/lib/python3.8/site-packages/requests/sessions.py", line 655, in send
    r = adapter.send(request, **kwargs)
        │       │    │          └ {'stream': False, 'timeout': 50, 'verify': True, 'cert': None, 'proxies': OrderedDict()}
        │       │    └ <PreparedRequest [GET]>
        │       └ <function HTTPAdapter.send at 0x7f9508c70430>
        └ <requests.adapters.HTTPAdapter object at 0x7f91f39577c0>
  File "/home/chase/.local/lib/python3.8/site-packages/requests/adapters.py", line 514, in send
    raise SSLError(e, request=request)
          │                   └ <PreparedRequest [GET]>
          └ <class 'requests.exceptions.SSLError'>

requests.exceptions.SSLError: HTTPSConnectionPool(host='wappass.baidu.com', port=443): Max retries exceeded with url: /static/captcha/tuxing.html?ak=2ef521ec36290baed33d66de9b16f625&backurl=http%3A%2F%2Ftieba.baidu.com%2Ff%2Fsearch%2Fres%3Fisnew%3D1%26kw%3D%26qw%3D%25E6%2598%25AF%25E9%259D%259E%25E6%259B%25B2%25E7%259B%25B4%25E8%2587%25AA%25E6%259C%2589%25E5%2585%25AC%25E8%25AE%25BA%26rn%3D10%26un%3D%26only_thread%3D0%26sm%3D1%26sd%3D%26ed%3D%26pn%3D14&timestamp=1652530463&signature=ecaf6e3c99392729e87eee6e8cd6421f (Caused by SSLError(SSLError(1, '[SSL: SSLV3_ALERT_HANDSHAKE_FAILURE] sslv3 alert handshake failure (_ssl.c:1131)')))
2022-05-14 20:18:40.426 | ERROR    | monitor.searchSpiders.tieba:get_request_from_keyword:34 - E 贴吧错误HTTPSConnectionPool(host='wappass.baidu.com', port=443): Max retries exceeded with url: /static/captcha/tuxing.html?ak=2ef521ec36290baed33d66de9b16f625&backurl=http%3A%2F%2Ftieba.baidu.com%2Ff%2Fsearch%2Fres%3Fisnew%3D1%26kw%3D%26qw%3D%25E2%2580%259C%25E6%2580%25BB%25E6%2598%25AF%25E4%25BB%25A5%25E7%25A7%25AF%25E6%259E%2581%25E7%259A%2584%25E6%2580%2581%25E5%25BA%25A6%25E5%258E%25BB%25E9%259D%25A2%25E5%25AF%25B9%25E9%2597%25AE%25E9%25A2%2598%25E2%2580%259D%25EF%25BC%2588%25E5%25A4%25A7%25E9%2581%2593%25E4%25B9%258B%25E8%25A1%258C%25EF%25BC%2589%26rn%3D10%26un%3D%26only_thread%3D0%26sm%3D1%26sd%3D%26ed%3D%26pn%3D1&timestamp=1652530720&signature=fd489c2888da19cae9bcf0eaf8f7fd2e (Caused by SSLError(SSLError(1, '[SSL: SSLV3_ALERT_HANDSHAKE_FAILURE] sslv3 alert handshake failure (_ssl.c:1131)')))
Traceback (most recent call last):

  File "/home/chase/.local/lib/python3.8/site-packages/urllib3/connectionpool.py", line 699, in urlopen
    httplib_response = self._make_request(
                       │    └ <function HTTPConnectionPool._make_request at 0x7f9508defc10>
                       └ <urllib3.connectionpool.HTTPSConnectionPool object at 0x7f934461a640>
  File "/home/chase/.local/lib/python3.8/site-packages/urllib3/connectionpool.py", line 382, in _make_request
    self._validate_conn(conn)
    │    │              └ <urllib3.connection.HTTPSConnection object at 0x7f9344746d00>
    │    └ <function HTTPSConnectionPool._validate_conn at 0x7f9508df1160>
    └ <urllib3.connectionpool.HTTPSConnectionPool object at 0x7f934461a640>
  File "/home/chase/.local/lib/python3.8/site-packages/urllib3/connectionpool.py", line 1010, in _validate_conn
    conn.connect()
    │    └ <function HTTPSConnection.connect at 0x7f9508dde820>
    └ <urllib3.connection.HTTPSConnection object at 0x7f9344746d00>
  File "/home/chase/.local/lib/python3.8/site-packages/urllib3/connection.py", line 416, in connect
    self.sock = ssl_wrap_socket(
    │    │      └ <function ssl_wrap_socket at 0x7f9508e57550>
    │    └ None
    └ <urllib3.connection.HTTPSConnection object at 0x7f9344746d00>
  File "/home/chase/.local/lib/python3.8/site-packages/urllib3/util/ssl_.py", line 449, in ssl_wrap_socket
    ssl_sock = _ssl_wrap_socket_impl(
               └ <function _ssl_wrap_socket_impl at 0x7f9508e57700>
  File "/home/chase/.local/lib/python3.8/site-packages/urllib3/util/ssl_.py", line 493, in _ssl_wrap_socket_impl
    return ssl_context.wrap_socket(sock, server_hostname=server_hostname)
           │           │           │                     └ 'wappass.baidu.com'
           │           │           └ <socket.socket [closed] fd=-1, family=AddressFamily.AF_INET, type=SocketKind.SOCK_STREAM, proto=6>
           │           └ <function SSLContext.wrap_socket at 0x7f9529d34dc0>
           └ <ssl.SSLContext object at 0x7f91bf4b11c0>
  File "/usr/lib/python3.8/ssl.py", line 500, in wrap_socket
    return self.sslsocket_class._create(
           │    │               └ <classmethod object at 0x7f9529d37ac0>
           │    └ <class 'ssl.SSLSocket'>
           └ <ssl.SSLContext object at 0x7f91bf4b11c0>
  File "/usr/lib/python3.8/ssl.py", line 1040, in _create
    self.do_handshake()
    │    └ <function SSLSocket.do_handshake at 0x7f9529d3cca0>
    └ <ssl.SSLSocket [closed] fd=-1, family=AddressFamily.AF_INET, type=SocketKind.SOCK_STREAM, proto=6>
  File "/usr/lib/python3.8/ssl.py", line 1309, in do_handshake
    self._sslobj.do_handshake()
    │    └ None
    └ <ssl.SSLSocket [closed] fd=-1, family=AddressFamily.AF_INET, type=SocketKind.SOCK_STREAM, proto=6>

ssl.SSLError: [SSL: SSLV3_ALERT_HANDSHAKE_FAILURE] sslv3 alert handshake failure (_ssl.c:1131)


During handling of the above exception, another exception occurred:


Traceback (most recent call last):

  File "/home/chase/.local/lib/python3.8/site-packages/requests/adapters.py", line 439, in send
    resp = conn.urlopen(
           │    └ <function HTTPConnectionPool.urlopen at 0x7f9508defe50>
           └ <urllib3.connectionpool.HTTPSConnectionPool object at 0x7f934461a640>
  File "/home/chase/.local/lib/python3.8/site-packages/urllib3/connectionpool.py", line 755, in urlopen
    retries = retries.increment(
              │       └ <function Retry.increment at 0x7f9508e321f0>
              └ Retry(total=0, connect=None, read=False, redirect=None, status=None)
  File "/home/chase/.local/lib/python3.8/site-packages/urllib3/util/retry.py", line 574, in increment
    raise MaxRetryError(_pool, url, error or ResponseError(cause))
          │             │      │    │        │             └ 'unknown'
          │             │      │    │        └ <class 'urllib3.exceptions.ResponseError'>
          │             │      │    └ SSLError(SSLError(1, '[SSL: SSLV3_ALERT_HANDSHAKE_FAILURE] sslv3 alert handshake failure (_ssl.c:1131)'))
          │             │      └ '/static/captcha/tuxing.html?ak=2ef521ec36290baed33d66de9b16f625&backurl=http%3A%2F%2Ftieba.baidu.com%2Ff%2Fsearch%2Fres%3Fis...
          │             └ <urllib3.connectionpool.HTTPSConnectionPool object at 0x7f934461a640>
          └ <class 'urllib3.exceptions.MaxRetryError'>

urllib3.exceptions.MaxRetryError: HTTPSConnectionPool(host='wappass.baidu.com', port=443): Max retries exceeded with url: /static/captcha/tuxing.html?ak=2ef521ec36290baed33d66de9b16f625&backurl=http%3A%2F%2Ftieba.baidu.com%2Ff%2Fsearch%2Fres%3Fisnew%3D1%26kw%3D%26qw%3D%25E2%2580%259C%25E6%2580%25BB%25E6%2598%25AF%25E4%25BB%25A5%25E7%25A7%25AF%25E6%259E%2581%25E7%259A%2584%25E6%2580%2581%25E5%25BA%25A6%25E5%258E%25BB%25E9%259D%25A2%25E5%25AF%25B9%25E9%2597%25AE%25E9%25A2%2598%25E2%2580%259D%25EF%25BC%2588%25E5%25A4%25A7%25E9%2581%2593%25E4%25B9%258B%25E8%25A1%258C%25EF%25BC%2589%26rn%3D10%26un%3D%26only_thread%3D0%26sm%3D1%26sd%3D%26ed%3D%26pn%3D1&timestamp=1652530720&signature=fd489c2888da19cae9bcf0eaf8f7fd2e (Caused by SSLError(SSLError(1, '[SSL: SSLV3_ALERT_HANDSHAKE_FAILURE] sslv3 alert handshake failure (_ssl.c:1131)')))


During handling of the above exception, another exception occurred:


Traceback (most recent call last):

  File "/usr/lib/python3.8/threading.py", line 890, in _bootstrap
    self._bootstrap_inner()
    │    └ <function Thread._bootstrap_inner at 0x7f952cd96a60>
    └ <Thread(Thread-2898, started daemon 140265049491200)>
  File "/usr/lib/python3.8/threading.py", line 932, in _bootstrap_inner
    self.run()
    │    └ <function Thread.run at 0x7f952cd96790>
    └ <Thread(Thread-2898, started daemon 140265049491200)>
  File "/usr/lib/python3.8/threading.py", line 870, in run
    self._target(*self._args, **self._kwargs)
    │    │        │    │        │    └ {}
    │    │        │    │        └ <Thread(Thread-2898, started daemon 140265049491200)>
    │    │        │    └ ('ProjectManager.run_func_by_thread',)
    │    │        └ <Thread(Thread-2898, started daemon 140265049491200)>
    │    └ <bound method ProjectManager.get_request_from_keywords_hot of <monitor.projectManager.ProjectManager object at 0x7f9503f344c0>>
    └ <Thread(Thread-2898, started daemon 140265049491200)>

  File "/home/users/Scy/yuqing/spider/monitor/projectManager.py", line 805, in get_request_from_keywords_hot
    self.search_spider_manager.crawl_by_keyword(
    │    │                     └ <function SearchSpidersManager.crawl_by_keyword at 0x7f9500e28ee0>
    │    └ <monitor.spiderManager.SearchSpidersManager object at 0x7f9500a57e20>
    └ <monitor.projectManager.ProjectManager object at 0x7f9503f344c0>

  File "/home/users/Scy/yuqing/spider/monitor/spiderManager.py", line 118, in crawl_by_keyword
    self.crawl_by_keyword_signal_platform(project_names, platform, keyword, crawl_time, project_times)
    │    │                                │              │         │        │           └ {'default': <monitor.TimeSection object at 0x7f9500afdf40>, 'test': <monitor.TimeSection object at 0x7f9500b10fd0>}
    │    │                                │              │         │        └ <monitor.TimeSection object at 0x7f91ddeccd00>
    │    │                                │              │         └ '“总是以积极的态度去面对问题”（大道之行）'
    │    │                                │              └ '贴吧'
    │    │                                └ ['default']
    │    └ <function SearchSpidersManager.crawl_by_keyword_signal_platform at 0x7f9500e29040>
    └ <monitor.spiderManager.SearchSpidersManager object at 0x7f9500a57e20>

  File "/home/users/Scy/yuqing/spider/monitor/spiderManager.py", line 150, in crawl_by_keyword_signal_platform
    requests = self.get_request_from_keyword(platform, keyword_only, **crawl_time.to_dict())
               │    │                        │         │               │          └ <function TimeSection.to_dict at 0x7f950b1919d0>
               │    │                        │         │               └ <monitor.TimeSection object at 0x7f91ddeccd00>
               │    │                        │         └ '“总是以积极的态度去面对问题”（大道之行）'
               │    │                        └ '贴吧'
               │    └ <function SearchSpidersManager.get_request_from_keyword at 0x7f9500e29160>
               └ <monitor.spiderManager.SearchSpidersManager object at 0x7f9500a57e20>

  File "/home/users/Scy/yuqing/spider/monitor/spiderManager.py", line 214, in get_request_from_keyword
    for request in self.spiders[platform].get_request_from_keyword(headers, search_url, keyword, content_url,
                   │    │       │                                  │        │           │        └ None
                   │    │       │                                  │        │           └ '“总是以积极的态度去面对问题”（大道之行）'
                   │    │       │                                  │        └ <string.Template object at 0x7f9186352220>
                   │    │       │                                  └ {'Connection': 'keep-alive', 'sec-ch-ua': "'Chromium';v='92',' Not A;Brand';v='99', 'Google Chrome';v='92'", 'sec-ch-ua-mobil...
                   │    │       └ '贴吧'
                   │    └ {'凤凰网': <monitor.searchSpiders.ifeng.Ifeng object at 0x7f9500a57040>, '头条': <monitor.searchSpiders.toutiao.Toutiao object at ...
                   └ <monitor.spiderManager.SearchSpidersManager object at 0x7f9500a57e20>

> File "/home/users/Scy/yuqing/spider/monitor/searchSpiders/tieba.py", line 22, in get_request_from_keyword
    response = requests.get(url, headers=headers, timeout=50)
               │        │   │            └ {'Connection': 'keep-alive', 'sec-ch-ua': "'Chromium';v='92',' Not A;Brand';v='99', 'Google Chrome';v='92'", 'sec-ch-ua-mobil...
               │        │   └ 'https://tieba.baidu.com/f/search/res?isnew=1&kw=&qw=“总是以积极的态度去面对问题”（大道之行）&rn=10&un=&only_thread=0&sm=1&sd=&ed=&pn=1'
               │        └ <function get at 0x7f9508c683a0>
               └ <module 'requests' from '/home/chase/.local/lib/python3.8/site-packages/requests/__init__.py'>

  File "/home/chase/.local/lib/python3.8/site-packages/requests/api.py", line 75, in get
    return request('get', url, params=params, **kwargs)
           │              │           │         └ {'headers': {'Connection': 'keep-alive', 'sec-ch-ua': "'Chromium';v='92',' Not A;Brand';v='99', 'Google Chrome';v='92'", 'sec...
           │              │           └ None
           │              └ 'https://tieba.baidu.com/f/search/res?isnew=1&kw=&qw=“总是以积极的态度去面对问题”（大道之行）&rn=10&un=&only_thread=0&sm=1&sd=&ed=&pn=1'
           └ <function request at 0x7f9508c5a1f0>
  File "/home/chase/.local/lib/python3.8/site-packages/requests/api.py", line 61, in request
    return session.request(method=method, url=url, **kwargs)
           │       │              │           │      └ {'params': None, 'headers': {'Connection': 'keep-alive', 'sec-ch-ua': "'Chromium';v='92',' Not A;Brand';v='99', 'Google Chrom...
           │       │              │           └ 'https://tieba.baidu.com/f/search/res?isnew=1&kw=&qw=“总是以积极的态度去面对问题”（大道之行）&rn=10&un=&only_thread=0&sm=1&sd=&ed=&pn=1'
           │       │              └ 'get'
           │       └ <function Session.request at 0x7f9508c70af0>
           └ <requests.sessions.Session object at 0x7f91bd2548e0>
  File "/home/chase/.local/lib/python3.8/site-packages/requests/sessions.py", line 542, in request
    resp = self.send(prep, **send_kwargs)
           │    │    │       └ {'timeout': 50, 'allow_redirects': True, 'verify': True, 'proxies': OrderedDict(), 'stream': False, 'cert': None}
           │    │    └ <PreparedRequest [GET]>
           │    └ <function Session.send at 0x7f9508c70f70>
           └ <requests.sessions.Session object at 0x7f91bd2548e0>
  File "/home/chase/.local/lib/python3.8/site-packages/requests/sessions.py", line 677, in send
    history = [resp for resp in gen]
                                └ <generator object SessionRedirectMixin.resolve_redirects at 0x7f926c7e8890>
  File "/home/chase/.local/lib/python3.8/site-packages/requests/sessions.py", line 677, in <listcomp>
    history = [resp for resp in gen]
  File "/home/chase/.local/lib/python3.8/site-packages/requests/sessions.py", line 237, in resolve_redirects
    resp = self.send(
           │    └ <function Session.send at 0x7f9508c70f70>
           └ <requests.sessions.Session object at 0x7f91bd2548e0>
  File "/home/chase/.local/lib/python3.8/site-packages/requests/sessions.py", line 655, in send
    r = adapter.send(request, **kwargs)
        │       │    │          └ {'stream': False, 'timeout': 50, 'verify': True, 'cert': None, 'proxies': OrderedDict()}
        │       │    └ <PreparedRequest [GET]>
        │       └ <function HTTPAdapter.send at 0x7f9508c70430>
        └ <requests.adapters.HTTPAdapter object at 0x7f93a43194c0>
  File "/home/chase/.local/lib/python3.8/site-packages/requests/adapters.py", line 514, in send
    raise SSLError(e, request=request)
          │                   └ <PreparedRequest [GET]>
          └ <class 'requests.exceptions.SSLError'>

requests.exceptions.SSLError: HTTPSConnectionPool(host='wappass.baidu.com', port=443): Max retries exceeded with url: /static/captcha/tuxing.html?ak=2ef521ec36290baed33d66de9b16f625&backurl=http%3A%2F%2Ftieba.baidu.com%2Ff%2Fsearch%2Fres%3Fisnew%3D1%26kw%3D%26qw%3D%25E2%2580%259C%25E6%2580%25BB%25E6%2598%25AF%25E4%25BB%25A5%25E7%25A7%25AF%25E6%259E%2581%25E7%259A%2584%25E6%2580%2581%25E5%25BA%25A6%25E5%258E%25BB%25E9%259D%25A2%25E5%25AF%25B9%25E9%2597%25AE%25E9%25A2%2598%25E2%2580%259D%25EF%25BC%2588%25E5%25A4%25A7%25E9%2581%2593%25E4%25B9%258B%25E8%25A1%258C%25EF%25BC%2589%26rn%3D10%26un%3D%26only_thread%3D0%26sm%3D1%26sd%3D%26ed%3D%26pn%3D1&timestamp=1652530720&signature=fd489c2888da19cae9bcf0eaf8f7fd2e (Caused by SSLError(SSLError(1, '[SSL: SSLV3_ALERT_HANDSHAKE_FAILURE] sslv3 alert handshake failure (_ssl.c:1131)')))
2022-05-14 20:21:20.288 | ERROR    | monitor.searchSpiders.tieba:get_request_from_keyword:34 - E 贴吧错误HTTPSConnectionPool(host='wappass.baidu.com', port=443): Max retries exceeded with url: /static/captcha/tuxing.html?ak=2ef521ec36290baed33d66de9b16f625&backurl=http%3A%2F%2Ftieba.baidu.com%2Ff%2Fsearch%2Fres%3Fisnew%3D1%26kw%3D%26qw%3D%25E4%25B8%25AD%25E5%259B%25BD%25E7%259A%2584%25E5%258F%2591%25E5%25B1%2595%25E5%258F%2598%25E9%259D%25A9%25E6%2598%25AF%25E4%25B8%2580%25E4%25B8%25AA%25E6%25A0%2587%25E6%259D%2586%25EF%25BC%2588%25E5%259B%25BD%25E9%2599%2585%25E8%25AE%25BA%25E5%259D%259B%25C2%25B7%25E8%25AF%25BB%25E6%2587%2582%25E4%25B8%25AD%25E5%259B%25BD%25C2%25B7%25E8%25AF%25BB%25E6%2587%2582%25E4%25B8%25AD%25E5%259B%25BD%25E2%2580%25A6%26rn%3D10%26un%3D%26only_thread%3D0%26sm%3D1%26sd%3D%26ed%3D%26pn%3D14&timestamp=1652530880&signature=480993b70e0badae0b8a391a6fd625a3 (Caused by SSLError(SSLError(1, '[SSL: SSLV3_ALERT_HANDSHAKE_FAILURE] sslv3 alert handshake failure (_ssl.c:1131)')))
Traceback (most recent call last):

  File "/home/chase/.local/lib/python3.8/site-packages/urllib3/connectionpool.py", line 699, in urlopen
    httplib_response = self._make_request(
                       │    └ <function HTTPConnectionPool._make_request at 0x7f9508defc10>
                       └ <urllib3.connectionpool.HTTPSConnectionPool object at 0x7f9187c78dc0>
  File "/home/chase/.local/lib/python3.8/site-packages/urllib3/connectionpool.py", line 382, in _make_request
    self._validate_conn(conn)
    │    │              └ <urllib3.connection.HTTPSConnection object at 0x7f92c43fed90>
    │    └ <function HTTPSConnectionPool._validate_conn at 0x7f9508df1160>
    └ <urllib3.connectionpool.HTTPSConnectionPool object at 0x7f9187c78dc0>
  File "/home/chase/.local/lib/python3.8/site-packages/urllib3/connectionpool.py", line 1010, in _validate_conn
    conn.connect()
    │    └ <function HTTPSConnection.connect at 0x7f9508dde820>
    └ <urllib3.connection.HTTPSConnection object at 0x7f92c43fed90>
  File "/home/chase/.local/lib/python3.8/site-packages/urllib3/connection.py", line 416, in connect
    self.sock = ssl_wrap_socket(
    │    │      └ <function ssl_wrap_socket at 0x7f9508e57550>
    │    └ None
    └ <urllib3.connection.HTTPSConnection object at 0x7f92c43fed90>
  File "/home/chase/.local/lib/python3.8/site-packages/urllib3/util/ssl_.py", line 449, in ssl_wrap_socket
    ssl_sock = _ssl_wrap_socket_impl(
               └ <function _ssl_wrap_socket_impl at 0x7f9508e57700>
  File "/home/chase/.local/lib/python3.8/site-packages/urllib3/util/ssl_.py", line 493, in _ssl_wrap_socket_impl
    return ssl_context.wrap_socket(sock, server_hostname=server_hostname)
           │           │           │                     └ 'wappass.baidu.com'
           │           │           └ <socket.socket [closed] fd=-1, family=AddressFamily.AF_INET, type=SocketKind.SOCK_STREAM, proto=6>
           │           └ <function SSLContext.wrap_socket at 0x7f9529d34dc0>
           └ <ssl.SSLContext object at 0x7f93647d03c0>
  File "/usr/lib/python3.8/ssl.py", line 500, in wrap_socket
    return self.sslsocket_class._create(
           │    │               └ <classmethod object at 0x7f9529d37ac0>
           │    └ <class 'ssl.SSLSocket'>
           └ <ssl.SSLContext object at 0x7f93647d03c0>
  File "/usr/lib/python3.8/ssl.py", line 1040, in _create
    self.do_handshake()
    │    └ <function SSLSocket.do_handshake at 0x7f9529d3cca0>
    └ <ssl.SSLSocket [closed] fd=-1, family=AddressFamily.AF_INET, type=SocketKind.SOCK_STREAM, proto=6>
  File "/usr/lib/python3.8/ssl.py", line 1309, in do_handshake
    self._sslobj.do_handshake()
    │    └ None
    └ <ssl.SSLSocket [closed] fd=-1, family=AddressFamily.AF_INET, type=SocketKind.SOCK_STREAM, proto=6>

ssl.SSLError: [SSL: SSLV3_ALERT_HANDSHAKE_FAILURE] sslv3 alert handshake failure (_ssl.c:1131)


During handling of the above exception, another exception occurred:


Traceback (most recent call last):

  File "/home/chase/.local/lib/python3.8/site-packages/requests/adapters.py", line 439, in send
    resp = conn.urlopen(
           │    └ <function HTTPConnectionPool.urlopen at 0x7f9508defe50>
           └ <urllib3.connectionpool.HTTPSConnectionPool object at 0x7f9187c78dc0>
  File "/home/chase/.local/lib/python3.8/site-packages/urllib3/connectionpool.py", line 755, in urlopen
    retries = retries.increment(
              │       └ <function Retry.increment at 0x7f9508e321f0>
              └ Retry(total=0, connect=None, read=False, redirect=None, status=None)
  File "/home/chase/.local/lib/python3.8/site-packages/urllib3/util/retry.py", line 574, in increment
    raise MaxRetryError(_pool, url, error or ResponseError(cause))
          │             │      │    │        │             └ 'unknown'
          │             │      │    │        └ <class 'urllib3.exceptions.ResponseError'>
          │             │      │    └ SSLError(SSLError(1, '[SSL: SSLV3_ALERT_HANDSHAKE_FAILURE] sslv3 alert handshake failure (_ssl.c:1131)'))
          │             │      └ '/static/captcha/tuxing.html?ak=2ef521ec36290baed33d66de9b16f625&backurl=http%3A%2F%2Ftieba.baidu.com%2Ff%2Fsearch%2Fres%3Fis...
          │             └ <urllib3.connectionpool.HTTPSConnectionPool object at 0x7f9187c78dc0>
          └ <class 'urllib3.exceptions.MaxRetryError'>

urllib3.exceptions.MaxRetryError: HTTPSConnectionPool(host='wappass.baidu.com', port=443): Max retries exceeded with url: /static/captcha/tuxing.html?ak=2ef521ec36290baed33d66de9b16f625&backurl=http%3A%2F%2Ftieba.baidu.com%2Ff%2Fsearch%2Fres%3Fisnew%3D1%26kw%3D%26qw%3D%25E4%25B8%25AD%25E5%259B%25BD%25E7%259A%2584%25E5%258F%2591%25E5%25B1%2595%25E5%258F%2598%25E9%259D%25A9%25E6%2598%25AF%25E4%25B8%2580%25E4%25B8%25AA%25E6%25A0%2587%25E6%259D%2586%25EF%25BC%2588%25E5%259B%25BD%25E9%2599%2585%25E8%25AE%25BA%25E5%259D%259B%25C2%25B7%25E8%25AF%25BB%25E6%2587%2582%25E4%25B8%25AD%25E5%259B%25BD%25C2%25B7%25E8%25AF%25BB%25E6%2587%2582%25E4%25B8%25AD%25E5%259B%25BD%25E2%2580%25A6%26rn%3D10%26un%3D%26only_thread%3D0%26sm%3D1%26sd%3D%26ed%3D%26pn%3D14&timestamp=1652530880&signature=480993b70e0badae0b8a391a6fd625a3 (Caused by SSLError(SSLError(1, '[SSL: SSLV3_ALERT_HANDSHAKE_FAILURE] sslv3 alert handshake failure (_ssl.c:1131)')))


During handling of the above exception, another exception occurred:


Traceback (most recent call last):

  File "/usr/lib/python3.8/threading.py", line 890, in _bootstrap
    self._bootstrap_inner()
    │    └ <function Thread._bootstrap_inner at 0x7f952cd96a60>
    └ <Thread(Thread-4665, started daemon 140268363822848)>
  File "/usr/lib/python3.8/threading.py", line 932, in _bootstrap_inner
    self.run()
    │    └ <function Thread.run at 0x7f952cd96790>
    └ <Thread(Thread-4665, started daemon 140268363822848)>
  File "/usr/lib/python3.8/threading.py", line 870, in run
    self._target(*self._args, **self._kwargs)
    │    │        │    │        │    └ {}
    │    │        │    │        └ <Thread(Thread-4665, started daemon 140268363822848)>
    │    │        │    └ ('ProjectManager.run_func_by_thread',)
    │    │        └ <Thread(Thread-4665, started daemon 140268363822848)>
    │    └ <bound method ProjectManager.get_request_from_keywords_hot of <monitor.projectManager.ProjectManager object at 0x7f9503f344c0>>
    └ <Thread(Thread-4665, started daemon 140268363822848)>

  File "/home/users/Scy/yuqing/spider/monitor/projectManager.py", line 805, in get_request_from_keywords_hot
    self.search_spider_manager.crawl_by_keyword(
    │    │                     └ <function SearchSpidersManager.crawl_by_keyword at 0x7f9500e28ee0>
    │    └ <monitor.spiderManager.SearchSpidersManager object at 0x7f9500a57e20>
    └ <monitor.projectManager.ProjectManager object at 0x7f9503f344c0>

  File "/home/users/Scy/yuqing/spider/monitor/spiderManager.py", line 118, in crawl_by_keyword
    self.crawl_by_keyword_signal_platform(project_names, platform, keyword, crawl_time, project_times)
    │    │                                │              │         │        │           └ {'default': <monitor.TimeSection object at 0x7f9500afdf40>, 'test': <monitor.TimeSection object at 0x7f9500b10fd0>}
    │    │                                │              │         │        └ <monitor.TimeSection object at 0x7f9256549130>
    │    │                                │              │         └ '中国的发展变革是一个标杆（国际论坛·读懂中国·读懂中国…'
    │    │                                │              └ '贴吧'
    │    │                                └ ['default']
    │    └ <function SearchSpidersManager.crawl_by_keyword_signal_platform at 0x7f9500e29040>
    └ <monitor.spiderManager.SearchSpidersManager object at 0x7f9500a57e20>

  File "/home/users/Scy/yuqing/spider/monitor/spiderManager.py", line 150, in crawl_by_keyword_signal_platform
    requests = self.get_request_from_keyword(platform, keyword_only, **crawl_time.to_dict())
               │    │                        │         │               │          └ <function TimeSection.to_dict at 0x7f950b1919d0>
               │    │                        │         │               └ <monitor.TimeSection object at 0x7f9256549130>
               │    │                        │         └ '中国的发展变革是一个标杆（国际论坛·读懂中国·读懂中国…'
               │    │                        └ '贴吧'
               │    └ <function SearchSpidersManager.get_request_from_keyword at 0x7f9500e29160>
               └ <monitor.spiderManager.SearchSpidersManager object at 0x7f9500a57e20>

  File "/home/users/Scy/yuqing/spider/monitor/spiderManager.py", line 214, in get_request_from_keyword
    for request in self.spiders[platform].get_request_from_keyword(headers, search_url, keyword, content_url,
                   │    │       │                                  │        │           │        └ None
                   │    │       │                                  │        │           └ '中国的发展变革是一个标杆（国际论坛·读懂中国·读懂中国…'
                   │    │       │                                  │        └ <string.Template object at 0x7f93c457b550>
                   │    │       │                                  └ {'Connection': 'keep-alive', 'sec-ch-ua': "'Chromium';v='92',' Not A;Brand';v='99', 'Google Chrome';v='92'", 'sec-ch-ua-mobil...
                   │    │       └ '贴吧'
                   │    └ {'凤凰网': <monitor.searchSpiders.ifeng.Ifeng object at 0x7f9500a57040>, '头条': <monitor.searchSpiders.toutiao.Toutiao object at ...
                   └ <monitor.spiderManager.SearchSpidersManager object at 0x7f9500a57e20>

> File "/home/users/Scy/yuqing/spider/monitor/searchSpiders/tieba.py", line 22, in get_request_from_keyword
    response = requests.get(url, headers=headers, timeout=50)
               │        │   │            └ {'Connection': 'keep-alive', 'sec-ch-ua': "'Chromium';v='92',' Not A;Brand';v='99', 'Google Chrome';v='92'", 'sec-ch-ua-mobil...
               │        │   └ 'https://tieba.baidu.com/f/search/res?isnew=1&kw=&qw=中国的发展变革是一个标杆（国际论坛·读懂中国·读懂中国…&rn=10&un=&only_thread=0&sm=1&sd=&ed=&pn=14'
               │        └ <function get at 0x7f9508c683a0>
               └ <module 'requests' from '/home/chase/.local/lib/python3.8/site-packages/requests/__init__.py'>

  File "/home/chase/.local/lib/python3.8/site-packages/requests/api.py", line 75, in get
    return request('get', url, params=params, **kwargs)
           │              │           │         └ {'headers': {'Connection': 'keep-alive', 'sec-ch-ua': "'Chromium';v='92',' Not A;Brand';v='99', 'Google Chrome';v='92'", 'sec...
           │              │           └ None
           │              └ 'https://tieba.baidu.com/f/search/res?isnew=1&kw=&qw=中国的发展变革是一个标杆（国际论坛·读懂中国·读懂中国…&rn=10&un=&only_thread=0&sm=1&sd=&ed=&pn=14'
           └ <function request at 0x7f9508c5a1f0>
  File "/home/chase/.local/lib/python3.8/site-packages/requests/api.py", line 61, in request
    return session.request(method=method, url=url, **kwargs)
           │       │              │           │      └ {'params': None, 'headers': {'Connection': 'keep-alive', 'sec-ch-ua': "'Chromium';v='92',' Not A;Brand';v='99', 'Google Chrom...
           │       │              │           └ 'https://tieba.baidu.com/f/search/res?isnew=1&kw=&qw=中国的发展变革是一个标杆（国际论坛·读懂中国·读懂中国…&rn=10&un=&only_thread=0&sm=1&sd=&ed=&pn=14'
           │       │              └ 'get'
           │       └ <function Session.request at 0x7f9508c70af0>
           └ <requests.sessions.Session object at 0x7f91eb0467c0>
  File "/home/chase/.local/lib/python3.8/site-packages/requests/sessions.py", line 542, in request
    resp = self.send(prep, **send_kwargs)
           │    │    │       └ {'timeout': 50, 'allow_redirects': True, 'verify': True, 'proxies': OrderedDict(), 'stream': False, 'cert': None}
           │    │    └ <PreparedRequest [GET]>
           │    └ <function Session.send at 0x7f9508c70f70>
           └ <requests.sessions.Session object at 0x7f91eb0467c0>
  File "/home/chase/.local/lib/python3.8/site-packages/requests/sessions.py", line 677, in send
    history = [resp for resp in gen]
                                └ <generator object SessionRedirectMixin.resolve_redirects at 0x7f93843b75f0>
  File "/home/chase/.local/lib/python3.8/site-packages/requests/sessions.py", line 677, in <listcomp>
    history = [resp for resp in gen]
  File "/home/chase/.local/lib/python3.8/site-packages/requests/sessions.py", line 237, in resolve_redirects
    resp = self.send(
           │    └ <function Session.send at 0x7f9508c70f70>
           └ <requests.sessions.Session object at 0x7f91eb0467c0>
  File "/home/chase/.local/lib/python3.8/site-packages/requests/sessions.py", line 655, in send
    r = adapter.send(request, **kwargs)
        │       │    │          └ {'stream': False, 'timeout': 50, 'verify': True, 'cert': None, 'proxies': OrderedDict()}
        │       │    └ <PreparedRequest [GET]>
        │       └ <function HTTPAdapter.send at 0x7f9508c70430>
        └ <requests.adapters.HTTPAdapter object at 0x7f93a4638fd0>
  File "/home/chase/.local/lib/python3.8/site-packages/requests/adapters.py", line 514, in send
    raise SSLError(e, request=request)
          │                   └ <PreparedRequest [GET]>
          └ <class 'requests.exceptions.SSLError'>

requests.exceptions.SSLError: HTTPSConnectionPool(host='wappass.baidu.com', port=443): Max retries exceeded with url: /static/captcha/tuxing.html?ak=2ef521ec36290baed33d66de9b16f625&backurl=http%3A%2F%2Ftieba.baidu.com%2Ff%2Fsearch%2Fres%3Fisnew%3D1%26kw%3D%26qw%3D%25E4%25B8%25AD%25E5%259B%25BD%25E7%259A%2584%25E5%258F%2591%25E5%25B1%2595%25E5%258F%2598%25E9%259D%25A9%25E6%2598%25AF%25E4%25B8%2580%25E4%25B8%25AA%25E6%25A0%2587%25E6%259D%2586%25EF%25BC%2588%25E5%259B%25BD%25E9%2599%2585%25E8%25AE%25BA%25E5%259D%259B%25C2%25B7%25E8%25AF%25BB%25E6%2587%2582%25E4%25B8%25AD%25E5%259B%25BD%25C2%25B7%25E8%25AF%25BB%25E6%2587%2582%25E4%25B8%25AD%25E5%259B%25BD%25E2%2580%25A6%26rn%3D10%26un%3D%26only_thread%3D0%26sm%3D1%26sd%3D%26ed%3D%26pn%3D14&timestamp=1652530880&signature=480993b70e0badae0b8a391a6fd625a3 (Caused by SSLError(SSLError(1, '[SSL: SSLV3_ALERT_HANDSHAKE_FAILURE] sslv3 alert handshake failure (_ssl.c:1131)')))
2022-05-14 20:31:50.560 | ERROR    | monitor.searchSpiders.tieba:get_request_from_keyword:34 - E 贴吧错误HTTPSConnectionPool(host='wappass.baidu.com', port=443): Max retries exceeded with url: /static/captcha/tuxing.html?ak=2ef521ec36290baed33d66de9b16f625&backurl=http%3A%2F%2Ftieba.baidu.com%2Ff%2Fsearch%2Fres%3Fisnew%3D1%26kw%3D%26qw%3D%25E4%25BF%2584%25E7%25BD%2597%25E6%2596%25AF%25E5%2588%25AB%25E5%25B0%2594%25E5%2593%25A5%25E7%25BD%2597%25E5%25BE%25B7%25E5%25B7%259E%25E4%25B8%2580%25E6%259D%2591%25E5%25BA%2584%25E9%2581%25AD%25E7%2582%25AE%25E5%2587%25BB%25E8%2587%25B41%25E6%25AD%25BB6%25E4%25BC%25A4%26rn%3D10%26un%3D%26only_thread%3D0%26sm%3D1%26sd%3D%26ed%3D%26pn%3D10&timestamp=1652531510&signature=05efaa8d96ff22c3fdea11d29f5266bf (Caused by SSLError(SSLError(1, '[SSL: SSLV3_ALERT_HANDSHAKE_FAILURE] sslv3 alert handshake failure (_ssl.c:1131)')))
Traceback (most recent call last):

  File "/home/chase/.local/lib/python3.8/site-packages/urllib3/connectionpool.py", line 699, in urlopen
    httplib_response = self._make_request(
                       │    └ <function HTTPConnectionPool._make_request at 0x7f9508defc10>
                       └ <urllib3.connectionpool.HTTPSConnectionPool object at 0x7f91bb082940>
  File "/home/chase/.local/lib/python3.8/site-packages/urllib3/connectionpool.py", line 382, in _make_request
    self._validate_conn(conn)
    │    │              └ <urllib3.connection.HTTPSConnection object at 0x7f9404443700>
    │    └ <function HTTPSConnectionPool._validate_conn at 0x7f9508df1160>
    └ <urllib3.connectionpool.HTTPSConnectionPool object at 0x7f91bb082940>
  File "/home/chase/.local/lib/python3.8/site-packages/urllib3/connectionpool.py", line 1010, in _validate_conn
    conn.connect()
    │    └ <function HTTPSConnection.connect at 0x7f9508dde820>
    └ <urllib3.connection.HTTPSConnection object at 0x7f9404443700>
  File "/home/chase/.local/lib/python3.8/site-packages/urllib3/connection.py", line 416, in connect
    self.sock = ssl_wrap_socket(
    │    │      └ <function ssl_wrap_socket at 0x7f9508e57550>
    │    └ None
    └ <urllib3.connection.HTTPSConnection object at 0x7f9404443700>
  File "/home/chase/.local/lib/python3.8/site-packages/urllib3/util/ssl_.py", line 449, in ssl_wrap_socket
    ssl_sock = _ssl_wrap_socket_impl(
               └ <function _ssl_wrap_socket_impl at 0x7f9508e57700>
  File "/home/chase/.local/lib/python3.8/site-packages/urllib3/util/ssl_.py", line 493, in _ssl_wrap_socket_impl
    return ssl_context.wrap_socket(sock, server_hostname=server_hostname)
           │           │           │                     └ 'wappass.baidu.com'
           │           │           └ <socket.socket [closed] fd=-1, family=AddressFamily.AF_INET, type=SocketKind.SOCK_STREAM, proto=6>
           │           └ <function SSLContext.wrap_socket at 0x7f9529d34dc0>
           └ <ssl.SSLContext object at 0x7f91c0dcbcc0>
  File "/usr/lib/python3.8/ssl.py", line 500, in wrap_socket
    return self.sslsocket_class._create(
           │    │               └ <classmethod object at 0x7f9529d37ac0>
           │    └ <class 'ssl.SSLSocket'>
           └ <ssl.SSLContext object at 0x7f91c0dcbcc0>
  File "/usr/lib/python3.8/ssl.py", line 1040, in _create
    self.do_handshake()
    │    └ <function SSLSocket.do_handshake at 0x7f9529d3cca0>
    └ <ssl.SSLSocket [closed] fd=-1, family=AddressFamily.AF_INET, type=SocketKind.SOCK_STREAM, proto=6>
  File "/usr/lib/python3.8/ssl.py", line 1309, in do_handshake
    self._sslobj.do_handshake()
    │    └ None
    └ <ssl.SSLSocket [closed] fd=-1, family=AddressFamily.AF_INET, type=SocketKind.SOCK_STREAM, proto=6>

ssl.SSLError: [SSL: SSLV3_ALERT_HANDSHAKE_FAILURE] sslv3 alert handshake failure (_ssl.c:1131)


During handling of the above exception, another exception occurred:


Traceback (most recent call last):

  File "/home/chase/.local/lib/python3.8/site-packages/requests/adapters.py", line 439, in send
    resp = conn.urlopen(
           │    └ <function HTTPConnectionPool.urlopen at 0x7f9508defe50>
           └ <urllib3.connectionpool.HTTPSConnectionPool object at 0x7f91bb082940>
  File "/home/chase/.local/lib/python3.8/site-packages/urllib3/connectionpool.py", line 755, in urlopen
    retries = retries.increment(
              │       └ <function Retry.increment at 0x7f9508e321f0>
              └ Retry(total=0, connect=None, read=False, redirect=None, status=None)
  File "/home/chase/.local/lib/python3.8/site-packages/urllib3/util/retry.py", line 574, in increment
    raise MaxRetryError(_pool, url, error or ResponseError(cause))
          │             │      │    │        │             └ 'unknown'
          │             │      │    │        └ <class 'urllib3.exceptions.ResponseError'>
          │             │      │    └ SSLError(SSLError(1, '[SSL: SSLV3_ALERT_HANDSHAKE_FAILURE] sslv3 alert handshake failure (_ssl.c:1131)'))
          │             │      └ '/static/captcha/tuxing.html?ak=2ef521ec36290baed33d66de9b16f625&backurl=http%3A%2F%2Ftieba.baidu.com%2Ff%2Fsearch%2Fres%3Fis...
          │             └ <urllib3.connectionpool.HTTPSConnectionPool object at 0x7f91bb082940>
          └ <class 'urllib3.exceptions.MaxRetryError'>

urllib3.exceptions.MaxRetryError: HTTPSConnectionPool(host='wappass.baidu.com', port=443): Max retries exceeded with url: /static/captcha/tuxing.html?ak=2ef521ec36290baed33d66de9b16f625&backurl=http%3A%2F%2Ftieba.baidu.com%2Ff%2Fsearch%2Fres%3Fisnew%3D1%26kw%3D%26qw%3D%25E4%25BF%2584%25E7%25BD%2597%25E6%2596%25AF%25E5%2588%25AB%25E5%25B0%2594%25E5%2593%25A5%25E7%25BD%2597%25E5%25BE%25B7%25E5%25B7%259E%25E4%25B8%2580%25E6%259D%2591%25E5%25BA%2584%25E9%2581%25AD%25E7%2582%25AE%25E5%2587%25BB%25E8%2587%25B41%25E6%25AD%25BB6%25E4%25BC%25A4%26rn%3D10%26un%3D%26only_thread%3D0%26sm%3D1%26sd%3D%26ed%3D%26pn%3D10&timestamp=1652531510&signature=05efaa8d96ff22c3fdea11d29f5266bf (Caused by SSLError(SSLError(1, '[SSL: SSLV3_ALERT_HANDSHAKE_FAILURE] sslv3 alert handshake failure (_ssl.c:1131)')))


During handling of the above exception, another exception occurred:


Traceback (most recent call last):

  File "/usr/lib/python3.8/threading.py", line 890, in _bootstrap
    self._bootstrap_inner()
    │    └ <function Thread._bootstrap_inner at 0x7f952cd96a60>
    └ <Thread(Thread-3816, started daemon 140273724139264)>
  File "/usr/lib/python3.8/threading.py", line 932, in _bootstrap_inner
    self.run()
    │    └ <function Thread.run at 0x7f952cd96790>
    └ <Thread(Thread-3816, started daemon 140273724139264)>
  File "/usr/lib/python3.8/threading.py", line 870, in run
    self._target(*self._args, **self._kwargs)
    │    │        │    │        │    └ {}
    │    │        │    │        └ <Thread(Thread-3816, started daemon 140273724139264)>
    │    │        │    └ ('ProjectManager.run_func_by_thread',)
    │    │        └ <Thread(Thread-3816, started daemon 140273724139264)>
    │    └ <bound method ProjectManager.get_request_from_keywords_hot of <monitor.projectManager.ProjectManager object at 0x7f9503f344c0>>
    └ <Thread(Thread-3816, started daemon 140273724139264)>

  File "/home/users/Scy/yuqing/spider/monitor/projectManager.py", line 805, in get_request_from_keywords_hot
    self.search_spider_manager.crawl_by_keyword(
    │    │                     └ <function SearchSpidersManager.crawl_by_keyword at 0x7f9500e28ee0>
    │    └ <monitor.spiderManager.SearchSpidersManager object at 0x7f9500a57e20>
    └ <monitor.projectManager.ProjectManager object at 0x7f9503f344c0>

  File "/home/users/Scy/yuqing/spider/monitor/spiderManager.py", line 118, in crawl_by_keyword
    self.crawl_by_keyword_signal_platform(project_names, platform, keyword, crawl_time, project_times)
    │    │                                │              │         │        │           └ {'default': <monitor.TimeSection object at 0x7f9500afdf40>, 'test': <monitor.TimeSection object at 0x7f9500b10fd0>}
    │    │                                │              │         │        └ <monitor.TimeSection object at 0x7f92567b2430>
    │    │                                │              │         └ '俄罗斯别尔哥罗德州一村庄遭炮击致1死6伤'
    │    │                                │              └ '贴吧'
    │    │                                └ ['default']
    │    └ <function SearchSpidersManager.crawl_by_keyword_signal_platform at 0x7f9500e29040>
    └ <monitor.spiderManager.SearchSpidersManager object at 0x7f9500a57e20>

  File "/home/users/Scy/yuqing/spider/monitor/spiderManager.py", line 150, in crawl_by_keyword_signal_platform
    requests = self.get_request_from_keyword(platform, keyword_only, **crawl_time.to_dict())
               │    │                        │         │               │          └ <function TimeSection.to_dict at 0x7f950b1919d0>
               │    │                        │         │               └ <monitor.TimeSection object at 0x7f92567b2430>
               │    │                        │         └ '俄罗斯别尔哥罗德州一村庄遭炮击致1死6伤'
               │    │                        └ '贴吧'
               │    └ <function SearchSpidersManager.get_request_from_keyword at 0x7f9500e29160>
               └ <monitor.spiderManager.SearchSpidersManager object at 0x7f9500a57e20>

  File "/home/users/Scy/yuqing/spider/monitor/spiderManager.py", line 214, in get_request_from_keyword
    for request in self.spiders[platform].get_request_from_keyword(headers, search_url, keyword, content_url,
                   │    │       │                                  │        │           │        └ None
                   │    │       │                                  │        │           └ '俄罗斯别尔哥罗德州一村庄遭炮击致1死6伤'
                   │    │       │                                  │        └ <string.Template object at 0x7f92a45b1790>
                   │    │       │                                  └ {'Connection': 'keep-alive', 'sec-ch-ua': "'Chromium';v='92',' Not A;Brand';v='99', 'Google Chrome';v='92'", 'sec-ch-ua-mobil...
                   │    │       └ '贴吧'
                   │    └ {'凤凰网': <monitor.searchSpiders.ifeng.Ifeng object at 0x7f9500a57040>, '头条': <monitor.searchSpiders.toutiao.Toutiao object at ...
                   └ <monitor.spiderManager.SearchSpidersManager object at 0x7f9500a57e20>

> File "/home/users/Scy/yuqing/spider/monitor/searchSpiders/tieba.py", line 22, in get_request_from_keyword
    response = requests.get(url, headers=headers, timeout=50)
               │        │   │            └ {'Connection': 'keep-alive', 'sec-ch-ua': "'Chromium';v='92',' Not A;Brand';v='99', 'Google Chrome';v='92'", 'sec-ch-ua-mobil...
               │        │   └ 'https://tieba.baidu.com/f/search/res?isnew=1&kw=&qw=俄罗斯别尔哥罗德州一村庄遭炮击致1死6伤&rn=10&un=&only_thread=0&sm=1&sd=&ed=&pn=10'
               │        └ <function get at 0x7f9508c683a0>
               └ <module 'requests' from '/home/chase/.local/lib/python3.8/site-packages/requests/__init__.py'>

  File "/home/chase/.local/lib/python3.8/site-packages/requests/api.py", line 75, in get
    return request('get', url, params=params, **kwargs)
           │              │           │         └ {'headers': {'Connection': 'keep-alive', 'sec-ch-ua': "'Chromium';v='92',' Not A;Brand';v='99', 'Google Chrome';v='92'", 'sec...
           │              │           └ None
           │              └ 'https://tieba.baidu.com/f/search/res?isnew=1&kw=&qw=俄罗斯别尔哥罗德州一村庄遭炮击致1死6伤&rn=10&un=&only_thread=0&sm=1&sd=&ed=&pn=10'
           └ <function request at 0x7f9508c5a1f0>
  File "/home/chase/.local/lib/python3.8/site-packages/requests/api.py", line 61, in request
    return session.request(method=method, url=url, **kwargs)
           │       │              │           │      └ {'params': None, 'headers': {'Connection': 'keep-alive', 'sec-ch-ua': "'Chromium';v='92',' Not A;Brand';v='99', 'Google Chrom...
           │       │              │           └ 'https://tieba.baidu.com/f/search/res?isnew=1&kw=&qw=俄罗斯别尔哥罗德州一村庄遭炮击致1死6伤&rn=10&un=&only_thread=0&sm=1&sd=&ed=&pn=10'
           │       │              └ 'get'
           │       └ <function Session.request at 0x7f9508c70af0>
           └ <requests.sessions.Session object at 0x7f91cd316520>
  File "/home/chase/.local/lib/python3.8/site-packages/requests/sessions.py", line 542, in request
    resp = self.send(prep, **send_kwargs)
           │    │    │       └ {'timeout': 50, 'allow_redirects': True, 'verify': True, 'proxies': OrderedDict(), 'stream': False, 'cert': None}
           │    │    └ <PreparedRequest [GET]>
           │    └ <function Session.send at 0x7f9508c70f70>
           └ <requests.sessions.Session object at 0x7f91cd316520>
  File "/home/chase/.local/lib/python3.8/site-packages/requests/sessions.py", line 677, in send
    history = [resp for resp in gen]
                                └ <generator object SessionRedirectMixin.resolve_redirects at 0x7f93a410e0b0>
  File "/home/chase/.local/lib/python3.8/site-packages/requests/sessions.py", line 677, in <listcomp>
    history = [resp for resp in gen]
  File "/home/chase/.local/lib/python3.8/site-packages/requests/sessions.py", line 237, in resolve_redirects
    resp = self.send(
           │    └ <function Session.send at 0x7f9508c70f70>
           └ <requests.sessions.Session object at 0x7f91cd316520>
  File "/home/chase/.local/lib/python3.8/site-packages/requests/sessions.py", line 655, in send
    r = adapter.send(request, **kwargs)
        │       │    │          └ {'stream': False, 'timeout': 50, 'verify': True, 'cert': None, 'proxies': OrderedDict()}
        │       │    └ <PreparedRequest [GET]>
        │       └ <function HTTPAdapter.send at 0x7f9508c70430>
        └ <requests.adapters.HTTPAdapter object at 0x7f950a0a7880>
  File "/home/chase/.local/lib/python3.8/site-packages/requests/adapters.py", line 514, in send
    raise SSLError(e, request=request)
          │                   └ <PreparedRequest [GET]>
          └ <class 'requests.exceptions.SSLError'>

requests.exceptions.SSLError: HTTPSConnectionPool(host='wappass.baidu.com', port=443): Max retries exceeded with url: /static/captcha/tuxing.html?ak=2ef521ec36290baed33d66de9b16f625&backurl=http%3A%2F%2Ftieba.baidu.com%2Ff%2Fsearch%2Fres%3Fisnew%3D1%26kw%3D%26qw%3D%25E4%25BF%2584%25E7%25BD%2597%25E6%2596%25AF%25E5%2588%25AB%25E5%25B0%2594%25E5%2593%25A5%25E7%25BD%2597%25E5%25BE%25B7%25E5%25B7%259E%25E4%25B8%2580%25E6%259D%2591%25E5%25BA%2584%25E9%2581%25AD%25E7%2582%25AE%25E5%2587%25BB%25E8%2587%25B41%25E6%25AD%25BB6%25E4%25BC%25A4%26rn%3D10%26un%3D%26only_thread%3D0%26sm%3D1%26sd%3D%26ed%3D%26pn%3D10&timestamp=1652531510&signature=05efaa8d96ff22c3fdea11d29f5266bf (Caused by SSLError(SSLError(1, '[SSL: SSLV3_ALERT_HANDSHAKE_FAILURE] sslv3 alert handshake failure (_ssl.c:1131)')))
2022-05-14 20:38:10.527 | ERROR    | monitor.searchSpiders.tieba:get_request_from_keyword:34 - E 贴吧错误HTTPSConnectionPool(host='wappass.baidu.com', port=443): Max retries exceeded with url: /static/captcha/tuxing.html?ak=2ef521ec36290baed33d66de9b16f625&backurl=http%3A%2F%2Ftieba.baidu.com%2Ff%2Fsearch%2Fres%3Fisnew%3D1%26kw%3D%26qw%3D%25E6%2588%2590%25E8%25AF%25AD%25E9%2587%258A%25E6%25B3%2595%25E4%25B9%258B%25E8%2587%25AA%25E8%25BA%25AB%25E9%259A%25BE%25E2%2580%259C%25E4%25BF%259D%25E2%2580%259D%26rn%3D10%26un%3D%26only_thread%3D0%26sm%3D1%26sd%3D%26ed%3D%26pn%3D21&timestamp=1652531890&signature=4c72ed49ee436c45a987c3925251f7ba (Caused by SSLError(SSLError(1, '[SSL: SSLV3_ALERT_HANDSHAKE_FAILURE] sslv3 alert handshake failure (_ssl.c:1131)')))
Traceback (most recent call last):

  File "/home/chase/.local/lib/python3.8/site-packages/urllib3/connectionpool.py", line 699, in urlopen
    httplib_response = self._make_request(
                       │    └ <function HTTPConnectionPool._make_request at 0x7f9508defc10>
                       └ <urllib3.connectionpool.HTTPSConnectionPool object at 0x7f91dde75d30>
  File "/home/chase/.local/lib/python3.8/site-packages/urllib3/connectionpool.py", line 382, in _make_request
    self._validate_conn(conn)
    │    │              └ <urllib3.connection.HTTPSConnection object at 0x7f91cdda0250>
    │    └ <function HTTPSConnectionPool._validate_conn at 0x7f9508df1160>
    └ <urllib3.connectionpool.HTTPSConnectionPool object at 0x7f91dde75d30>
  File "/home/chase/.local/lib/python3.8/site-packages/urllib3/connectionpool.py", line 1010, in _validate_conn
    conn.connect()
    │    └ <function HTTPSConnection.connect at 0x7f9508dde820>
    └ <urllib3.connection.HTTPSConnection object at 0x7f91cdda0250>
  File "/home/chase/.local/lib/python3.8/site-packages/urllib3/connection.py", line 416, in connect
    self.sock = ssl_wrap_socket(
    │    │      └ <function ssl_wrap_socket at 0x7f9508e57550>
    │    └ None
    └ <urllib3.connection.HTTPSConnection object at 0x7f91cdda0250>
  File "/home/chase/.local/lib/python3.8/site-packages/urllib3/util/ssl_.py", line 449, in ssl_wrap_socket
    ssl_sock = _ssl_wrap_socket_impl(
               └ <function _ssl_wrap_socket_impl at 0x7f9508e57700>
  File "/home/chase/.local/lib/python3.8/site-packages/urllib3/util/ssl_.py", line 493, in _ssl_wrap_socket_impl
    return ssl_context.wrap_socket(sock, server_hostname=server_hostname)
           │           │           │                     └ 'wappass.baidu.com'
           │           │           └ <socket.socket [closed] fd=-1, family=AddressFamily.AF_INET, type=SocketKind.SOCK_STREAM, proto=6>
           │           └ <function SSLContext.wrap_socket at 0x7f9529d34dc0>
           └ <ssl.SSLContext object at 0x7f91da46e940>
  File "/usr/lib/python3.8/ssl.py", line 500, in wrap_socket
    return self.sslsocket_class._create(
           │    │               └ <classmethod object at 0x7f9529d37ac0>
           │    └ <class 'ssl.SSLSocket'>
           └ <ssl.SSLContext object at 0x7f91da46e940>
  File "/usr/lib/python3.8/ssl.py", line 1040, in _create
    self.do_handshake()
    │    └ <function SSLSocket.do_handshake at 0x7f9529d3cca0>
    └ <ssl.SSLSocket [closed] fd=-1, family=AddressFamily.AF_INET, type=SocketKind.SOCK_STREAM, proto=6>
  File "/usr/lib/python3.8/ssl.py", line 1309, in do_handshake
    self._sslobj.do_handshake()
    │    └ None
    └ <ssl.SSLSocket [closed] fd=-1, family=AddressFamily.AF_INET, type=SocketKind.SOCK_STREAM, proto=6>

ssl.SSLError: [SSL: SSLV3_ALERT_HANDSHAKE_FAILURE] sslv3 alert handshake failure (_ssl.c:1131)


During handling of the above exception, another exception occurred:


Traceback (most recent call last):

  File "/home/chase/.local/lib/python3.8/site-packages/requests/adapters.py", line 439, in send
    resp = conn.urlopen(
           │    └ <function HTTPConnectionPool.urlopen at 0x7f9508defe50>
           └ <urllib3.connectionpool.HTTPSConnectionPool object at 0x7f91dde75d30>
  File "/home/chase/.local/lib/python3.8/site-packages/urllib3/connectionpool.py", line 755, in urlopen
    retries = retries.increment(
              │       └ <function Retry.increment at 0x7f9508e321f0>
              └ Retry(total=0, connect=None, read=False, redirect=None, status=None)
  File "/home/chase/.local/lib/python3.8/site-packages/urllib3/util/retry.py", line 574, in increment
    raise MaxRetryError(_pool, url, error or ResponseError(cause))
          │             │      │    │        │             └ 'unknown'
          │             │      │    │        └ <class 'urllib3.exceptions.ResponseError'>
          │             │      │    └ SSLError(SSLError(1, '[SSL: SSLV3_ALERT_HANDSHAKE_FAILURE] sslv3 alert handshake failure (_ssl.c:1131)'))
          │             │      └ '/static/captcha/tuxing.html?ak=2ef521ec36290baed33d66de9b16f625&backurl=http%3A%2F%2Ftieba.baidu.com%2Ff%2Fsearch%2Fres%3Fis...
          │             └ <urllib3.connectionpool.HTTPSConnectionPool object at 0x7f91dde75d30>
          └ <class 'urllib3.exceptions.MaxRetryError'>

urllib3.exceptions.MaxRetryError: HTTPSConnectionPool(host='wappass.baidu.com', port=443): Max retries exceeded with url: /static/captcha/tuxing.html?ak=2ef521ec36290baed33d66de9b16f625&backurl=http%3A%2F%2Ftieba.baidu.com%2Ff%2Fsearch%2Fres%3Fisnew%3D1%26kw%3D%26qw%3D%25E6%2588%2590%25E8%25AF%25AD%25E9%2587%258A%25E6%25B3%2595%25E4%25B9%258B%25E8%2587%25AA%25E8%25BA%25AB%25E9%259A%25BE%25E2%2580%259C%25E4%25BF%259D%25E2%2580%259D%26rn%3D10%26un%3D%26only_thread%3D0%26sm%3D1%26sd%3D%26ed%3D%26pn%3D21&timestamp=1652531890&signature=4c72ed49ee436c45a987c3925251f7ba (Caused by SSLError(SSLError(1, '[SSL: SSLV3_ALERT_HANDSHAKE_FAILURE] sslv3 alert handshake failure (_ssl.c:1131)')))


During handling of the above exception, another exception occurred:


Traceback (most recent call last):

  File "/usr/lib/python3.8/threading.py", line 890, in _bootstrap
    self._bootstrap_inner()
    │    └ <function Thread._bootstrap_inner at 0x7f952cd96a60>
    └ <Thread(Thread-3402, started daemon 140268372215552)>
  File "/usr/lib/python3.8/threading.py", line 932, in _bootstrap_inner
    self.run()
    │    └ <function Thread.run at 0x7f952cd96790>
    └ <Thread(Thread-3402, started daemon 140268372215552)>
  File "/usr/lib/python3.8/threading.py", line 870, in run
    self._target(*self._args, **self._kwargs)
    │    │        │    │        │    └ {}
    │    │        │    │        └ <Thread(Thread-3402, started daemon 140268372215552)>
    │    │        │    └ ('ProjectManager.run_func_by_thread',)
    │    │        └ <Thread(Thread-3402, started daemon 140268372215552)>
    │    └ <bound method ProjectManager.get_request_from_keywords_hot of <monitor.projectManager.ProjectManager object at 0x7f9503f344c0>>
    └ <Thread(Thread-3402, started daemon 140268372215552)>

  File "/home/users/Scy/yuqing/spider/monitor/projectManager.py", line 805, in get_request_from_keywords_hot
    self.search_spider_manager.crawl_by_keyword(
    │    │                     └ <function SearchSpidersManager.crawl_by_keyword at 0x7f9500e28ee0>
    │    └ <monitor.spiderManager.SearchSpidersManager object at 0x7f9500a57e20>
    └ <monitor.projectManager.ProjectManager object at 0x7f9503f344c0>

  File "/home/users/Scy/yuqing/spider/monitor/spiderManager.py", line 118, in crawl_by_keyword
    self.crawl_by_keyword_signal_platform(project_names, platform, keyword, crawl_time, project_times)
    │    │                                │              │         │        │           └ {'default': <monitor.TimeSection object at 0x7f9500afdf40>, 'test': <monitor.TimeSection object at 0x7f9500b10fd0>}
    │    │                                │              │         │        └ <monitor.TimeSection object at 0x7f91f385b1c0>
    │    │                                │              │         └ '成语释法之自身难“保”'
    │    │                                │              └ '贴吧'
    │    │                                └ ['default']
    │    └ <function SearchSpidersManager.crawl_by_keyword_signal_platform at 0x7f9500e29040>
    └ <monitor.spiderManager.SearchSpidersManager object at 0x7f9500a57e20>

  File "/home/users/Scy/yuqing/spider/monitor/spiderManager.py", line 150, in crawl_by_keyword_signal_platform
    requests = self.get_request_from_keyword(platform, keyword_only, **crawl_time.to_dict())
               │    │                        │         │               │          └ <function TimeSection.to_dict at 0x7f950b1919d0>
               │    │                        │         │               └ <monitor.TimeSection object at 0x7f91f385b1c0>
               │    │                        │         └ '成语释法之自身难“保”'
               │    │                        └ '贴吧'
               │    └ <function SearchSpidersManager.get_request_from_keyword at 0x7f9500e29160>
               └ <monitor.spiderManager.SearchSpidersManager object at 0x7f9500a57e20>

  File "/home/users/Scy/yuqing/spider/monitor/spiderManager.py", line 214, in get_request_from_keyword
    for request in self.spiders[platform].get_request_from_keyword(headers, search_url, keyword, content_url,
                   │    │       │                                  │        │           │        └ None
                   │    │       │                                  │        │           └ '成语释法之自身难“保”'
                   │    │       │                                  │        └ <string.Template object at 0x7f917c9ed940>
                   │    │       │                                  └ {'Connection': 'keep-alive', 'sec-ch-ua': "'Chromium';v='92',' Not A;Brand';v='99', 'Google Chrome';v='92'", 'sec-ch-ua-mobil...
                   │    │       └ '贴吧'
                   │    └ {'凤凰网': <monitor.searchSpiders.ifeng.Ifeng object at 0x7f9500a57040>, '头条': <monitor.searchSpiders.toutiao.Toutiao object at ...
                   └ <monitor.spiderManager.SearchSpidersManager object at 0x7f9500a57e20>

> File "/home/users/Scy/yuqing/spider/monitor/searchSpiders/tieba.py", line 22, in get_request_from_keyword
    response = requests.get(url, headers=headers, timeout=50)
               │        │   │            └ {'Connection': 'keep-alive', 'sec-ch-ua': "'Chromium';v='92',' Not A;Brand';v='99', 'Google Chrome';v='92'", 'sec-ch-ua-mobil...
               │        │   └ 'https://tieba.baidu.com/f/search/res?isnew=1&kw=&qw=成语释法之自身难“保”&rn=10&un=&only_thread=0&sm=1&sd=&ed=&pn=21'
               │        └ <function get at 0x7f9508c683a0>
               └ <module 'requests' from '/home/chase/.local/lib/python3.8/site-packages/requests/__init__.py'>

  File "/home/chase/.local/lib/python3.8/site-packages/requests/api.py", line 75, in get
    return request('get', url, params=params, **kwargs)
           │              │           │         └ {'headers': {'Connection': 'keep-alive', 'sec-ch-ua': "'Chromium';v='92',' Not A;Brand';v='99', 'Google Chrome';v='92'", 'sec...
           │              │           └ None
           │              └ 'https://tieba.baidu.com/f/search/res?isnew=1&kw=&qw=成语释法之自身难“保”&rn=10&un=&only_thread=0&sm=1&sd=&ed=&pn=21'
           └ <function request at 0x7f9508c5a1f0>
  File "/home/chase/.local/lib/python3.8/site-packages/requests/api.py", line 61, in request
    return session.request(method=method, url=url, **kwargs)
           │       │              │           │      └ {'params': None, 'headers': {'Connection': 'keep-alive', 'sec-ch-ua': "'Chromium';v='92',' Not A;Brand';v='99', 'Google Chrom...
           │       │              │           └ 'https://tieba.baidu.com/f/search/res?isnew=1&kw=&qw=成语释法之自身难“保”&rn=10&un=&only_thread=0&sm=1&sd=&ed=&pn=21'
           │       │              └ 'get'
           │       └ <function Session.request at 0x7f9508c70af0>
           └ <requests.sessions.Session object at 0x7f9500067880>
  File "/home/chase/.local/lib/python3.8/site-packages/requests/sessions.py", line 542, in request
    resp = self.send(prep, **send_kwargs)
           │    │    │       └ {'timeout': 50, 'allow_redirects': True, 'verify': True, 'proxies': OrderedDict(), 'stream': False, 'cert': None}
           │    │    └ <PreparedRequest [GET]>
           │    └ <function Session.send at 0x7f9508c70f70>
           └ <requests.sessions.Session object at 0x7f9500067880>
  File "/home/chase/.local/lib/python3.8/site-packages/requests/sessions.py", line 677, in send
    history = [resp for resp in gen]
                                └ <generator object SessionRedirectMixin.resolve_redirects at 0x7f93c42a5510>
  File "/home/chase/.local/lib/python3.8/site-packages/requests/sessions.py", line 677, in <listcomp>
    history = [resp for resp in gen]
  File "/home/chase/.local/lib/python3.8/site-packages/requests/sessions.py", line 237, in resolve_redirects
    resp = self.send(
           │    └ <function Session.send at 0x7f9508c70f70>
           └ <requests.sessions.Session object at 0x7f9500067880>
  File "/home/chase/.local/lib/python3.8/site-packages/requests/sessions.py", line 655, in send
    r = adapter.send(request, **kwargs)
        │       │    │          └ {'stream': False, 'timeout': 50, 'verify': True, 'cert': None, 'proxies': OrderedDict()}
        │       │    └ <PreparedRequest [GET]>
        │       └ <function HTTPAdapter.send at 0x7f9508c70430>
        └ <requests.adapters.HTTPAdapter object at 0x7f91eb0421f0>
  File "/home/chase/.local/lib/python3.8/site-packages/requests/adapters.py", line 514, in send
    raise SSLError(e, request=request)
          │                   └ <PreparedRequest [GET]>
          └ <class 'requests.exceptions.SSLError'>

requests.exceptions.SSLError: HTTPSConnectionPool(host='wappass.baidu.com', port=443): Max retries exceeded with url: /static/captcha/tuxing.html?ak=2ef521ec36290baed33d66de9b16f625&backurl=http%3A%2F%2Ftieba.baidu.com%2Ff%2Fsearch%2Fres%3Fisnew%3D1%26kw%3D%26qw%3D%25E6%2588%2590%25E8%25AF%25AD%25E9%2587%258A%25E6%25B3%2595%25E4%25B9%258B%25E8%2587%25AA%25E8%25BA%25AB%25E9%259A%25BE%25E2%2580%259C%25E4%25BF%259D%25E2%2580%259D%26rn%3D10%26un%3D%26only_thread%3D0%26sm%3D1%26sd%3D%26ed%3D%26pn%3D21&timestamp=1652531890&signature=4c72ed49ee436c45a987c3925251f7ba (Caused by SSLError(SSLError(1, '[SSL: SSLV3_ALERT_HANDSHAKE_FAILURE] sslv3 alert handshake failure (_ssl.c:1131)')))
