2022-05-05 15:56:48.737 | ERROR    | monitor.searchSpiders.baidu:get_request_from_keyword:31 - E 百度检索list index out of range
Traceback (most recent call last):

  File "/usr/lib/python3.8/threading.py", line 890, in _bootstrap
    self._bootstrap_inner()
    │    └ <function Thread._bootstrap_inner at 0x7f0c89131a60>
    └ <Thread(Thread-16, started daemon 139686882301696)>
  File "/usr/lib/python3.8/threading.py", line 932, in _bootstrap_inner
    self.run()
    │    └ <function Thread.run at 0x7f0c89131790>
    └ <Thread(Thread-16, started daemon 139686882301696)>
  File "/usr/lib/python3.8/threading.py", line 870, in run
    self._target(*self._args, **self._kwargs)
    │    │        │    │        │    └ {}
    │    │        │    │        └ <Thread(Thread-16, started daemon 139686882301696)>
    │    │        │    └ ('ProjectManager.run_func_by_thread',)
    │    │        └ <Thread(Thread-16, started daemon 139686882301696)>
    │    └ <bound method ProjectManager.get_request_from_keywords_hot of <monitor.projectManager.ProjectManager object at 0x7f0b715be0a0>>
    └ <Thread(Thread-16, started daemon 139686882301696)>

  File "/home/users/Scy/yuqing/spider/monitor/projectManager.py", line 781, in get_request_from_keywords_hot
    self.search_spider_manager.crawl_by_keyword(
    │    │                     └ <function SearchSpidersManager.crawl_by_keyword at 0x7f0b7162ddc0>
    │    └ <monitor.spiderManager.SearchSpidersManager object at 0x7f0b7123db80>
    └ <monitor.projectManager.ProjectManager object at 0x7f0b715be0a0>

  File "/home/users/Scy/yuqing/spider/monitor/spiderManager.py", line 118, in crawl_by_keyword
    self.crawl_by_keyword_signal_platform(project_names, platform, keyword, crawl_time, project_times)
    │    │                                │              │         │        │           └ {'default': <monitor.TimeSection object at 0x7f0b71355a00>}
    │    │                                │              │         │        └ <monitor.TimeSection object at 0x7f0b700845b0>
    │    │                                │              │         └ '假期防疫不放松'
    │    │                                │              └ '百度'
    │    │                                └ ['default']
    │    └ <function SearchSpidersManager.crawl_by_keyword_signal_platform at 0x7f0b7162de50>
    └ <monitor.spiderManager.SearchSpidersManager object at 0x7f0b7123db80>

  File "/home/users/Scy/yuqing/spider/monitor/spiderManager.py", line 135, in crawl_by_keyword_signal_platform
    requests = self.get_request_from_keyword(platform, keyword, **crawl_time.to_dict())
               │    │                        │         │          │          └ <function TimeSection.to_dict at 0x7f0c695c5550>
               │    │                        │         │          └ <monitor.TimeSection object at 0x7f0b700845b0>
               │    │                        │         └ '假期防疫不放松'
               │    │                        └ '百度'
               │    └ <function SearchSpidersManager.get_request_from_keyword at 0x7f0b7162df70>
               └ <monitor.spiderManager.SearchSpidersManager object at 0x7f0b7123db80>

  File "/home/users/Scy/yuqing/spider/monitor/spiderManager.py", line 192, in get_request_from_keyword
    for request in self.spiders[platform].get_request_from_keyword(headers, search_url, keyword, content_url,
                   │    │       │                                  │        │           │        └ <string.Template object at 0x7f0b7005c370>
                   │    │       │                                  │        │           └ '假期防疫不放松'
                   │    │       │                                  │        └ <string.Template object at 0x7f0b61ff1e20>
                   │    │       │                                  └ {'Accept': 'text/html,application/xhtml+xml,application/xml;q=0.9,image/avif,image/webp,image/apng,*/*;q=0.8,application/sign...
                   │    │       └ '百度'
                   │    └ {'凤凰网': <monitor.searchSpiders.ifeng.Ifeng object at 0x7f0b7123d850>, '头条': <monitor.searchSpiders.toutiao.Toutiao object at ...
                   └ <monitor.spiderManager.SearchSpidersManager object at 0x7f0b7123db80>

> File "/home/users/Scy/yuqing/spider/monitor/searchSpiders/baidu.py", line 19, in get_request_from_keyword
    num_text = html.xpath("//span//text()").extract()[1]  # 从页面中获取有多少篇资讯
               │    └ <function Selector.xpath at 0x7f0c613134c0>
               └ <Selector xpath=None data='<html lang="zh-CN">\n<head>\n    <meta ...'>

IndexError: list index out of range
2022-05-05 15:56:48.753 | ERROR    | monitor.searchSpiders.baidu:get_request_from_keyword:31 - E 百度检索list index out of range
Traceback (most recent call last):

  File "/usr/lib/python3.8/threading.py", line 890, in _bootstrap
    self._bootstrap_inner()
    │    └ <function Thread._bootstrap_inner at 0x7f0c89131a60>
    └ <Thread(Thread-13, started daemon 139686890694400)>
  File "/usr/lib/python3.8/threading.py", line 932, in _bootstrap_inner
    self.run()
    │    └ <function Thread.run at 0x7f0c89131790>
    └ <Thread(Thread-13, started daemon 139686890694400)>
  File "/usr/lib/python3.8/threading.py", line 870, in run
    self._target(*self._args, **self._kwargs)
    │    │        │    │        │    └ {}
    │    │        │    │        └ <Thread(Thread-13, started daemon 139686890694400)>
    │    │        │    └ ('ProjectManager.run_func_by_thread',)
    │    │        └ <Thread(Thread-13, started daemon 139686890694400)>
    │    └ <bound method ProjectManager.get_request_from_keywords_hot of <monitor.projectManager.ProjectManager object at 0x7f0b715be0a0>>
    └ <Thread(Thread-13, started daemon 139686890694400)>

  File "/home/users/Scy/yuqing/spider/monitor/projectManager.py", line 781, in get_request_from_keywords_hot
    self.search_spider_manager.crawl_by_keyword(
    │    │                     └ <function SearchSpidersManager.crawl_by_keyword at 0x7f0b7162ddc0>
    │    └ <monitor.spiderManager.SearchSpidersManager object at 0x7f0b7123db80>
    └ <monitor.projectManager.ProjectManager object at 0x7f0b715be0a0>

  File "/home/users/Scy/yuqing/spider/monitor/spiderManager.py", line 118, in crawl_by_keyword
    self.crawl_by_keyword_signal_platform(project_names, platform, keyword, crawl_time, project_times)
    │    │                                │              │         │        │           └ {'default': <monitor.TimeSection object at 0x7f0b71355a00>}
    │    │                                │              │         │        └ <monitor.TimeSection object at 0x7f0b700de6a0>
    │    │                                │              │         └ '中建埃及举行2022年中埃优秀劳务工人表彰大会暨大型慈…'
    │    │                                │              └ '百度'
    │    │                                └ ['default']
    │    └ <function SearchSpidersManager.crawl_by_keyword_signal_platform at 0x7f0b7162de50>
    └ <monitor.spiderManager.SearchSpidersManager object at 0x7f0b7123db80>

  File "/home/users/Scy/yuqing/spider/monitor/spiderManager.py", line 135, in crawl_by_keyword_signal_platform
    requests = self.get_request_from_keyword(platform, keyword, **crawl_time.to_dict())
               │    │                        │         │          │          └ <function TimeSection.to_dict at 0x7f0c695c5550>
               │    │                        │         │          └ <monitor.TimeSection object at 0x7f0b700de6a0>
               │    │                        │         └ '中建埃及举行2022年中埃优秀劳务工人表彰大会暨大型慈…'
               │    │                        └ '百度'
               │    └ <function SearchSpidersManager.get_request_from_keyword at 0x7f0b7162df70>
               └ <monitor.spiderManager.SearchSpidersManager object at 0x7f0b7123db80>

  File "/home/users/Scy/yuqing/spider/monitor/spiderManager.py", line 192, in get_request_from_keyword
    for request in self.spiders[platform].get_request_from_keyword(headers, search_url, keyword, content_url,
                   │    │       │                                  │        │           │        └ <string.Template object at 0x7f0b61f7c700>
                   │    │       │                                  │        │           └ '中建埃及举行2022年中埃优秀劳务工人表彰大会暨大型慈…'
                   │    │       │                                  │        └ <string.Template object at 0x7f0b700d1220>
                   │    │       │                                  └ {'Accept': 'text/html,application/xhtml+xml,application/xml;q=0.9,image/avif,image/webp,image/apng,*/*;q=0.8,application/sign...
                   │    │       └ '百度'
                   │    └ {'凤凰网': <monitor.searchSpiders.ifeng.Ifeng object at 0x7f0b7123d850>, '头条': <monitor.searchSpiders.toutiao.Toutiao object at ...
                   └ <monitor.spiderManager.SearchSpidersManager object at 0x7f0b7123db80>

> File "/home/users/Scy/yuqing/spider/monitor/searchSpiders/baidu.py", line 19, in get_request_from_keyword
    num_text = html.xpath("//span//text()").extract()[1]  # 从页面中获取有多少篇资讯
               │    └ <function Selector.xpath at 0x7f0c613134c0>
               └ <Selector xpath=None data='<html lang="zh-CN">\n<head>\n    <meta ...'>

IndexError: list index out of range
2022-05-05 15:56:48.768 | ERROR    | monitor.searchSpiders.baidu:get_request_from_keyword:31 - E 百度检索list index out of range
Traceback (most recent call last):

  File "/usr/lib/python3.8/threading.py", line 890, in _bootstrap
    self._bootstrap_inner()
    │    └ <function Thread._bootstrap_inner at 0x7f0c89131a60>
    └ <Thread(Thread-8, started daemon 139686899087104)>
  File "/usr/lib/python3.8/threading.py", line 932, in _bootstrap_inner
    self.run()
    │    └ <function Thread.run at 0x7f0c89131790>
    └ <Thread(Thread-8, started daemon 139686899087104)>
  File "/usr/lib/python3.8/threading.py", line 870, in run
    self._target(*self._args, **self._kwargs)
    │    │        │    │        │    └ {}
    │    │        │    │        └ <Thread(Thread-8, started daemon 139686899087104)>
    │    │        │    └ ('ProjectManager.run_func_by_thread',)
    │    │        └ <Thread(Thread-8, started daemon 139686899087104)>
    │    └ <bound method ProjectManager.get_request_from_keywords_hot of <monitor.projectManager.ProjectManager object at 0x7f0b715be0a0>>
    └ <Thread(Thread-8, started daemon 139686899087104)>

  File "/home/users/Scy/yuqing/spider/monitor/projectManager.py", line 781, in get_request_from_keywords_hot
    self.search_spider_manager.crawl_by_keyword(
    │    │                     └ <function SearchSpidersManager.crawl_by_keyword at 0x7f0b7162ddc0>
    │    └ <monitor.spiderManager.SearchSpidersManager object at 0x7f0b7123db80>
    └ <monitor.projectManager.ProjectManager object at 0x7f0b715be0a0>

  File "/home/users/Scy/yuqing/spider/monitor/spiderManager.py", line 118, in crawl_by_keyword
    self.crawl_by_keyword_signal_platform(project_names, platform, keyword, crawl_time, project_times)
    │    │                                │              │         │        │           └ {'default': <monitor.TimeSection object at 0x7f0b71355a00>}
    │    │                                │              │         │        └ <monitor.TimeSection object at 0x7f0b700e89d0>
    │    │                                │              │         └ '世卫组织：面对新变异新冠病毒 疫苗预防重症和死亡仍效果…'
    │    │                                │              └ '百度'
    │    │                                └ ['default']
    │    └ <function SearchSpidersManager.crawl_by_keyword_signal_platform at 0x7f0b7162de50>
    └ <monitor.spiderManager.SearchSpidersManager object at 0x7f0b7123db80>

  File "/home/users/Scy/yuqing/spider/monitor/spiderManager.py", line 135, in crawl_by_keyword_signal_platform
    requests = self.get_request_from_keyword(platform, keyword, **crawl_time.to_dict())
               │    │                        │         │          │          └ <function TimeSection.to_dict at 0x7f0c695c5550>
               │    │                        │         │          └ <monitor.TimeSection object at 0x7f0b700e89d0>
               │    │                        │         └ '世卫组织：面对新变异新冠病毒 疫苗预防重症和死亡仍效果…'
               │    │                        └ '百度'
               │    └ <function SearchSpidersManager.get_request_from_keyword at 0x7f0b7162df70>
               └ <monitor.spiderManager.SearchSpidersManager object at 0x7f0b7123db80>

  File "/home/users/Scy/yuqing/spider/monitor/spiderManager.py", line 192, in get_request_from_keyword
    for request in self.spiders[platform].get_request_from_keyword(headers, search_url, keyword, content_url,
                   │    │       │                                  │        │           │        └ <string.Template object at 0x7f0b700c5eb0>
                   │    │       │                                  │        │           └ '世卫组织：面对新变异新冠病毒 疫苗预防重症和死亡仍效果…'
                   │    │       │                                  │        └ <string.Template object at 0x7f0b700d1580>
                   │    │       │                                  └ {'Accept': 'text/html,application/xhtml+xml,application/xml;q=0.9,image/avif,image/webp,image/apng,*/*;q=0.8,application/sign...
                   │    │       └ '百度'
                   │    └ {'凤凰网': <monitor.searchSpiders.ifeng.Ifeng object at 0x7f0b7123d850>, '头条': <monitor.searchSpiders.toutiao.Toutiao object at ...
                   └ <monitor.spiderManager.SearchSpidersManager object at 0x7f0b7123db80>

> File "/home/users/Scy/yuqing/spider/monitor/searchSpiders/baidu.py", line 19, in get_request_from_keyword
    num_text = html.xpath("//span//text()").extract()[1]  # 从页面中获取有多少篇资讯
               │    └ <function Selector.xpath at 0x7f0c613134c0>
               └ <Selector xpath=None data='<html lang="zh-CN">\n<head>\n    <meta ...'>

IndexError: list index out of range
2022-05-05 15:56:48.924 | ERROR    | monitor.searchSpiders.baidu:get_request_from_keyword:31 - E 百度检索('Connection aborted.', RemoteDisconnected('Remote end closed connection without response'))
Traceback (most recent call last):

  File "/home/chase/.local/lib/python3.8/site-packages/urllib3/connectionpool.py", line 699, in urlopen
    httplib_response = self._make_request(
                       │    └ <function HTTPConnectionPool._make_request at 0x7f0c63120670>
                       └ <urllib3.connectionpool.HTTPSConnectionPool object at 0x7f0b70064fa0>
  File "/home/chase/.local/lib/python3.8/site-packages/urllib3/connectionpool.py", line 445, in _make_request
    six.raise_from(e, None)
    │   └ <function raise_from at 0x7f0c633921f0>
    └ <module 'urllib3.packages.six' from '/home/chase/.local/lib/python3.8/site-packages/urllib3/packages/six.py'>
  File "<string>", line 3, in raise_from
  File "/home/chase/.local/lib/python3.8/site-packages/urllib3/connectionpool.py", line 440, in _make_request
    httplib_response = conn.getresponse()
                       │    └ <function HTTPConnection.getresponse at 0x7f0c7696d310>
                       └ <urllib3.connection.HTTPSConnection object at 0x7f0b700340a0>
  File "/usr/lib/python3.8/http/client.py", line 1348, in getresponse
    response.begin()
    │        └ <function HTTPResponse.begin at 0x7f0c7696c670>
    └ <http.client.HTTPResponse object at 0x7f0b6168caf0>
  File "/usr/lib/python3.8/http/client.py", line 316, in begin
    version, status, reason = self._read_status()
                              │    └ <function HTTPResponse._read_status at 0x7f0c7696c5e0>
                              └ <http.client.HTTPResponse object at 0x7f0b6168caf0>
  File "/usr/lib/python3.8/http/client.py", line 285, in _read_status
    raise RemoteDisconnected("Remote end closed connection without"
          └ <class 'http.client.RemoteDisconnected'>

http.client.RemoteDisconnected: Remote end closed connection without response


During handling of the above exception, another exception occurred:


Traceback (most recent call last):

  File "/home/chase/.local/lib/python3.8/site-packages/requests/adapters.py", line 439, in send
    resp = conn.urlopen(
           │    └ <function HTTPConnectionPool.urlopen at 0x7f0c631208b0>
           └ <urllib3.connectionpool.HTTPSConnectionPool object at 0x7f0b70064fa0>
  File "/home/chase/.local/lib/python3.8/site-packages/urllib3/connectionpool.py", line 755, in urlopen
    retries = retries.increment(
              │       └ <function Retry.increment at 0x7f0c6311cc10>
              └ Retry(total=0, connect=None, read=False, redirect=None, status=None)
  File "/home/chase/.local/lib/python3.8/site-packages/urllib3/util/retry.py", line 532, in increment
    raise six.reraise(type(error), error, _stacktrace)
          │   │            │       │      └ <traceback object at 0x7f0b7010f3c0>
          │   │            │       └ ProtocolError('Connection aborted.', RemoteDisconnected('Remote end closed connection without response'))
          │   │            └ ProtocolError('Connection aborted.', RemoteDisconnected('Remote end closed connection without response'))
          │   └ <function reraise at 0x7f0c63392160>
          └ <module 'urllib3.packages.six' from '/home/chase/.local/lib/python3.8/site-packages/urllib3/packages/six.py'>
  File "/home/chase/.local/lib/python3.8/site-packages/urllib3/packages/six.py", line 769, in reraise
    raise value.with_traceback(tb)
          │                    └ None
          └ None
  File "/home/chase/.local/lib/python3.8/site-packages/urllib3/connectionpool.py", line 699, in urlopen
    httplib_response = self._make_request(
                       │    └ <function HTTPConnectionPool._make_request at 0x7f0c63120670>
                       └ <urllib3.connectionpool.HTTPSConnectionPool object at 0x7f0b70064fa0>
  File "/home/chase/.local/lib/python3.8/site-packages/urllib3/connectionpool.py", line 445, in _make_request
    six.raise_from(e, None)
    │   └ <function raise_from at 0x7f0c633921f0>
    └ <module 'urllib3.packages.six' from '/home/chase/.local/lib/python3.8/site-packages/urllib3/packages/six.py'>
  File "<string>", line 3, in raise_from
  File "/home/chase/.local/lib/python3.8/site-packages/urllib3/connectionpool.py", line 440, in _make_request
    httplib_response = conn.getresponse()
                       │    └ <function HTTPConnection.getresponse at 0x7f0c7696d310>
                       └ <urllib3.connection.HTTPSConnection object at 0x7f0b700340a0>
  File "/usr/lib/python3.8/http/client.py", line 1348, in getresponse
    response.begin()
    │        └ <function HTTPResponse.begin at 0x7f0c7696c670>
    └ <http.client.HTTPResponse object at 0x7f0b6168caf0>
  File "/usr/lib/python3.8/http/client.py", line 316, in begin
    version, status, reason = self._read_status()
                              │    └ <function HTTPResponse._read_status at 0x7f0c7696c5e0>
                              └ <http.client.HTTPResponse object at 0x7f0b6168caf0>
  File "/usr/lib/python3.8/http/client.py", line 285, in _read_status
    raise RemoteDisconnected("Remote end closed connection without"
          └ <class 'http.client.RemoteDisconnected'>

urllib3.exceptions.ProtocolError: ('Connection aborted.', RemoteDisconnected('Remote end closed connection without response'))


During handling of the above exception, another exception occurred:


Traceback (most recent call last):

  File "/usr/lib/python3.8/threading.py", line 890, in _bootstrap
    self._bootstrap_inner()
    │    └ <function Thread._bootstrap_inner at 0x7f0c89131a60>
    └ <Thread(Thread-3, started daemon 139687119234816)>
  File "/usr/lib/python3.8/threading.py", line 932, in _bootstrap_inner
    self.run()
    │    └ <function Thread.run at 0x7f0c89131790>
    └ <Thread(Thread-3, started daemon 139687119234816)>
  File "/usr/lib/python3.8/threading.py", line 870, in run
    self._target(*self._args, **self._kwargs)
    │    │        │    │        │    └ {}
    │    │        │    │        └ <Thread(Thread-3, started daemon 139687119234816)>
    │    │        │    └ ('ProjectManager.run_func_by_thread',)
    │    │        └ <Thread(Thread-3, started daemon 139687119234816)>
    │    └ <bound method ProjectManager.get_request_from_keywords_hot of <monitor.projectManager.ProjectManager object at 0x7f0b715be0a0>>
    └ <Thread(Thread-3, started daemon 139687119234816)>

  File "/home/users/Scy/yuqing/spider/monitor/projectManager.py", line 781, in get_request_from_keywords_hot
    self.search_spider_manager.crawl_by_keyword(
    │    │                     └ <function SearchSpidersManager.crawl_by_keyword at 0x7f0b7162ddc0>
    │    └ <monitor.spiderManager.SearchSpidersManager object at 0x7f0b7123db80>
    └ <monitor.projectManager.ProjectManager object at 0x7f0b715be0a0>

  File "/home/users/Scy/yuqing/spider/monitor/spiderManager.py", line 118, in crawl_by_keyword
    self.crawl_by_keyword_signal_platform(project_names, platform, keyword, crawl_time, project_times)
    │    │                                │              │         │        │           └ {'default': <monitor.TimeSection object at 0x7f0b71355a00>}
    │    │                                │              │         │        └ <monitor.TimeSection object at 0x7f0b71218f70>
    │    │                                │              │         └ '火箭军某基地结合使命任务深化主题教育激发官兵奋斗豪情'
    │    │                                │              └ '百度'
    │    │                                └ ['default']
    │    └ <function SearchSpidersManager.crawl_by_keyword_signal_platform at 0x7f0b7162de50>
    └ <monitor.spiderManager.SearchSpidersManager object at 0x7f0b7123db80>

  File "/home/users/Scy/yuqing/spider/monitor/spiderManager.py", line 135, in crawl_by_keyword_signal_platform
    requests = self.get_request_from_keyword(platform, keyword, **crawl_time.to_dict())
               │    │                        │         │          │          └ <function TimeSection.to_dict at 0x7f0c695c5550>
               │    │                        │         │          └ <monitor.TimeSection object at 0x7f0b71218f70>
               │    │                        │         └ '火箭军某基地结合使命任务深化主题教育激发官兵奋斗豪情'
               │    │                        └ '百度'
               │    └ <function SearchSpidersManager.get_request_from_keyword at 0x7f0b7162df70>
               └ <monitor.spiderManager.SearchSpidersManager object at 0x7f0b7123db80>

  File "/home/users/Scy/yuqing/spider/monitor/spiderManager.py", line 192, in get_request_from_keyword
    for request in self.spiders[platform].get_request_from_keyword(headers, search_url, keyword, content_url,
                   │    │       │                                  │        │           │        └ <string.Template object at 0x7f0b700f2610>
                   │    │       │                                  │        │           └ '火箭军某基地结合使命任务深化主题教育激发官兵奋斗豪情'
                   │    │       │                                  │        └ <string.Template object at 0x7f0b700f22e0>
                   │    │       │                                  └ {'Accept': 'text/html,application/xhtml+xml,application/xml;q=0.9,image/avif,image/webp,image/apng,*/*;q=0.8,application/sign...
                   │    │       └ '百度'
                   │    └ {'凤凰网': <monitor.searchSpiders.ifeng.Ifeng object at 0x7f0b7123d850>, '头条': <monitor.searchSpiders.toutiao.Toutiao object at ...
                   └ <monitor.spiderManager.SearchSpidersManager object at 0x7f0b7123db80>

> File "/home/users/Scy/yuqing/spider/monitor/searchSpiders/baidu.py", line 17, in get_request_from_keyword
    response = requests.get(url, headers=headers, timeout=10)
               │        │   │            └ {'Accept': 'text/html,application/xhtml+xml,application/xml;q=0.9,image/avif,image/webp,image/apng,*/*;q=0.8,application/sign...
               │        │   └ 'https://www.baidu.com/s?ie=utf-8&medium=2&rtt=1&bsst=1&rsv_dl=news_b_pn&cl=2&wd=火箭军某基地结合使命任务深化主题教育激发官兵奋斗豪情&tn=news&rsv_bp=1&...
               │        └ <function get at 0x7f0c62efc280>
               └ <module 'requests' from '/home/chase/.local/lib/python3.8/site-packages/requests/__init__.py'>

  File "/home/chase/.local/lib/python3.8/site-packages/requests/api.py", line 75, in get
    return request('get', url, params=params, **kwargs)
           │              │           │         └ {'headers': {'Accept': 'text/html,application/xhtml+xml,application/xml;q=0.9,image/avif,image/webp,image/apng,*/*;q=0.8,appl...
           │              │           └ None
           │              └ 'https://www.baidu.com/s?ie=utf-8&medium=2&rtt=1&bsst=1&rsv_dl=news_b_pn&cl=2&wd=火箭军某基地结合使命任务深化主题教育激发官兵奋斗豪情&tn=news&rsv_bp=1&...
           └ <function request at 0x7f0c62f680d0>
  File "/home/chase/.local/lib/python3.8/site-packages/requests/api.py", line 61, in request
    return session.request(method=method, url=url, **kwargs)
           │       │              │           │      └ {'params': None, 'headers': {'Accept': 'text/html,application/xhtml+xml,application/xml;q=0.9,image/avif,image/webp,image/apn...
           │       │              │           └ 'https://www.baidu.com/s?ie=utf-8&medium=2&rtt=1&bsst=1&rsv_dl=news_b_pn&cl=2&wd=火箭军某基地结合使命任务深化主题教育激发官兵奋斗豪情&tn=news&rsv_bp=1&...
           │       │              └ 'get'
           │       └ <function Session.request at 0x7f0c62efa9d0>
           └ <requests.sessions.Session object at 0x7f0b700deaf0>
  File "/home/chase/.local/lib/python3.8/site-packages/requests/sessions.py", line 542, in request
    resp = self.send(prep, **send_kwargs)
           │    │    │       └ {'timeout': 10, 'allow_redirects': True, 'verify': True, 'proxies': OrderedDict(), 'stream': False, 'cert': None}
           │    │    └ <PreparedRequest [GET]>
           │    └ <function Session.send at 0x7f0c62efae50>
           └ <requests.sessions.Session object at 0x7f0b700deaf0>
  File "/home/chase/.local/lib/python3.8/site-packages/requests/sessions.py", line 677, in send
    history = [resp for resp in gen]
                                └ <generator object SessionRedirectMixin.resolve_redirects at 0x7f0b701d8f20>
  File "/home/chase/.local/lib/python3.8/site-packages/requests/sessions.py", line 677, in <listcomp>
    history = [resp for resp in gen]
  File "/home/chase/.local/lib/python3.8/site-packages/requests/sessions.py", line 237, in resolve_redirects
    resp = self.send(
           │    └ <function Session.send at 0x7f0c62efae50>
           └ <requests.sessions.Session object at 0x7f0b700deaf0>
  File "/home/chase/.local/lib/python3.8/site-packages/requests/sessions.py", line 655, in send
    r = adapter.send(request, **kwargs)
        │       │    │          └ {'stream': False, 'timeout': 10, 'verify': True, 'cert': None, 'proxies': OrderedDict()}
        │       │    └ <PreparedRequest [GET]>
        │       └ <function HTTPAdapter.send at 0x7f0c62efa310>
        └ <requests.adapters.HTTPAdapter object at 0x7f0b7012c760>
  File "/home/chase/.local/lib/python3.8/site-packages/requests/adapters.py", line 498, in send
    raise ConnectionError(err, request=request)
          │                            └ <PreparedRequest [GET]>
          └ <class 'requests.exceptions.ConnectionError'>

requests.exceptions.ConnectionError: ('Connection aborted.', RemoteDisconnected('Remote end closed connection without response'))
2022-05-05 15:56:48.958 | ERROR    | monitor.searchSpiders.baidu:get_request_from_keyword:31 - E 百度检索('Connection aborted.', RemoteDisconnected('Remote end closed connection without response'))
Traceback (most recent call last):

  File "/home/chase/.local/lib/python3.8/site-packages/urllib3/connectionpool.py", line 699, in urlopen
    httplib_response = self._make_request(
                       │    └ <function HTTPConnectionPool._make_request at 0x7f0c63120670>
                       └ <urllib3.connectionpool.HTTPSConnectionPool object at 0x7f0b70034ca0>
  File "/home/chase/.local/lib/python3.8/site-packages/urllib3/connectionpool.py", line 445, in _make_request
    six.raise_from(e, None)
    │   └ <function raise_from at 0x7f0c633921f0>
    └ <module 'urllib3.packages.six' from '/home/chase/.local/lib/python3.8/site-packages/urllib3/packages/six.py'>
  File "<string>", line 3, in raise_from
  File "/home/chase/.local/lib/python3.8/site-packages/urllib3/connectionpool.py", line 440, in _make_request
    httplib_response = conn.getresponse()
                       │    └ <function HTTPConnection.getresponse at 0x7f0c7696d310>
                       └ <urllib3.connection.HTTPSConnection object at 0x7f0b7003f6a0>
  File "/usr/lib/python3.8/http/client.py", line 1348, in getresponse
    response.begin()
    │        └ <function HTTPResponse.begin at 0x7f0c7696c670>
    └ <http.client.HTTPResponse object at 0x7f0b701337f0>
  File "/usr/lib/python3.8/http/client.py", line 316, in begin
    version, status, reason = self._read_status()
                              │    └ <function HTTPResponse._read_status at 0x7f0c7696c5e0>
                              └ <http.client.HTTPResponse object at 0x7f0b701337f0>
  File "/usr/lib/python3.8/http/client.py", line 285, in _read_status
    raise RemoteDisconnected("Remote end closed connection without"
          └ <class 'http.client.RemoteDisconnected'>

http.client.RemoteDisconnected: Remote end closed connection without response


During handling of the above exception, another exception occurred:


Traceback (most recent call last):

  File "/home/chase/.local/lib/python3.8/site-packages/requests/adapters.py", line 439, in send
    resp = conn.urlopen(
           │    └ <function HTTPConnectionPool.urlopen at 0x7f0c631208b0>
           └ <urllib3.connectionpool.HTTPSConnectionPool object at 0x7f0b70034ca0>
  File "/home/chase/.local/lib/python3.8/site-packages/urllib3/connectionpool.py", line 755, in urlopen
    retries = retries.increment(
              │       └ <function Retry.increment at 0x7f0c6311cc10>
              └ Retry(total=0, connect=None, read=False, redirect=None, status=None)
  File "/home/chase/.local/lib/python3.8/site-packages/urllib3/util/retry.py", line 532, in increment
    raise six.reraise(type(error), error, _stacktrace)
          │   │            │       │      └ <traceback object at 0x7f0b70111040>
          │   │            │       └ ProtocolError('Connection aborted.', RemoteDisconnected('Remote end closed connection without response'))
          │   │            └ ProtocolError('Connection aborted.', RemoteDisconnected('Remote end closed connection without response'))
          │   └ <function reraise at 0x7f0c63392160>
          └ <module 'urllib3.packages.six' from '/home/chase/.local/lib/python3.8/site-packages/urllib3/packages/six.py'>
  File "/home/chase/.local/lib/python3.8/site-packages/urllib3/packages/six.py", line 769, in reraise
    raise value.with_traceback(tb)
          │                    └ None
          └ None
  File "/home/chase/.local/lib/python3.8/site-packages/urllib3/connectionpool.py", line 699, in urlopen
    httplib_response = self._make_request(
                       │    └ <function HTTPConnectionPool._make_request at 0x7f0c63120670>
                       └ <urllib3.connectionpool.HTTPSConnectionPool object at 0x7f0b70034ca0>
  File "/home/chase/.local/lib/python3.8/site-packages/urllib3/connectionpool.py", line 445, in _make_request
    six.raise_from(e, None)
    │   └ <function raise_from at 0x7f0c633921f0>
    └ <module 'urllib3.packages.six' from '/home/chase/.local/lib/python3.8/site-packages/urllib3/packages/six.py'>
  File "<string>", line 3, in raise_from
  File "/home/chase/.local/lib/python3.8/site-packages/urllib3/connectionpool.py", line 440, in _make_request
    httplib_response = conn.getresponse()
                       │    └ <function HTTPConnection.getresponse at 0x7f0c7696d310>
                       └ <urllib3.connection.HTTPSConnection object at 0x7f0b7003f6a0>
  File "/usr/lib/python3.8/http/client.py", line 1348, in getresponse
    response.begin()
    │        └ <function HTTPResponse.begin at 0x7f0c7696c670>
    └ <http.client.HTTPResponse object at 0x7f0b701337f0>
  File "/usr/lib/python3.8/http/client.py", line 316, in begin
    version, status, reason = self._read_status()
                              │    └ <function HTTPResponse._read_status at 0x7f0c7696c5e0>
                              └ <http.client.HTTPResponse object at 0x7f0b701337f0>
  File "/usr/lib/python3.8/http/client.py", line 285, in _read_status
    raise RemoteDisconnected("Remote end closed connection without"
          └ <class 'http.client.RemoteDisconnected'>

urllib3.exceptions.ProtocolError: ('Connection aborted.', RemoteDisconnected('Remote end closed connection without response'))


During handling of the above exception, another exception occurred:


Traceback (most recent call last):

  File "/usr/lib/python3.8/threading.py", line 890, in _bootstrap
    self._bootstrap_inner()
    │    └ <function Thread._bootstrap_inner at 0x7f0c89131a60>
    └ <Thread(Thread-21, started daemon 139686873908992)>
  File "/usr/lib/python3.8/threading.py", line 932, in _bootstrap_inner
    self.run()
    │    └ <function Thread.run at 0x7f0c89131790>
    └ <Thread(Thread-21, started daemon 139686873908992)>
  File "/usr/lib/python3.8/threading.py", line 870, in run
    self._target(*self._args, **self._kwargs)
    │    │        │    │        │    └ {}
    │    │        │    │        └ <Thread(Thread-21, started daemon 139686873908992)>
    │    │        │    └ ('ProjectManager.run_func_by_thread',)
    │    │        └ <Thread(Thread-21, started daemon 139686873908992)>
    │    └ <bound method ProjectManager.get_request_from_keywords_hot of <monitor.projectManager.ProjectManager object at 0x7f0b715be0a0>>
    └ <Thread(Thread-21, started daemon 139686873908992)>

  File "/home/users/Scy/yuqing/spider/monitor/projectManager.py", line 781, in get_request_from_keywords_hot
    self.search_spider_manager.crawl_by_keyword(
    │    │                     └ <function SearchSpidersManager.crawl_by_keyword at 0x7f0b7162ddc0>
    │    └ <monitor.spiderManager.SearchSpidersManager object at 0x7f0b7123db80>
    └ <monitor.projectManager.ProjectManager object at 0x7f0b715be0a0>

  File "/home/users/Scy/yuqing/spider/monitor/spiderManager.py", line 118, in crawl_by_keyword
    self.crawl_by_keyword_signal_platform(project_names, platform, keyword, crawl_time, project_times)
    │    │                                │              │         │        │           └ {'default': <monitor.TimeSection object at 0x7f0b71355a00>}
    │    │                                │              │         │        └ <monitor.TimeSection object at 0x7f0b701278e0>
    │    │                                │              │         └ '俄罗斯决定退出联合国世界旅游组织'
    │    │                                │              └ '百度'
    │    │                                └ ['default']
    │    └ <function SearchSpidersManager.crawl_by_keyword_signal_platform at 0x7f0b7162de50>
    └ <monitor.spiderManager.SearchSpidersManager object at 0x7f0b7123db80>

  File "/home/users/Scy/yuqing/spider/monitor/spiderManager.py", line 135, in crawl_by_keyword_signal_platform
    requests = self.get_request_from_keyword(platform, keyword, **crawl_time.to_dict())
               │    │                        │         │          │          └ <function TimeSection.to_dict at 0x7f0c695c5550>
               │    │                        │         │          └ <monitor.TimeSection object at 0x7f0b701278e0>
               │    │                        │         └ '俄罗斯决定退出联合国世界旅游组织'
               │    │                        └ '百度'
               │    └ <function SearchSpidersManager.get_request_from_keyword at 0x7f0b7162df70>
               └ <monitor.spiderManager.SearchSpidersManager object at 0x7f0b7123db80>

  File "/home/users/Scy/yuqing/spider/monitor/spiderManager.py", line 192, in get_request_from_keyword
    for request in self.spiders[platform].get_request_from_keyword(headers, search_url, keyword, content_url,
                   │    │       │                                  │        │           │        └ <string.Template object at 0x7f0b700e7af0>
                   │    │       │                                  │        │           └ '俄罗斯决定退出联合国世界旅游组织'
                   │    │       │                                  │        └ <string.Template object at 0x7f0b700530d0>
                   │    │       │                                  └ {'Accept': 'text/html,application/xhtml+xml,application/xml;q=0.9,image/avif,image/webp,image/apng,*/*;q=0.8,application/sign...
                   │    │       └ '百度'
                   │    └ {'凤凰网': <monitor.searchSpiders.ifeng.Ifeng object at 0x7f0b7123d850>, '头条': <monitor.searchSpiders.toutiao.Toutiao object at ...
                   └ <monitor.spiderManager.SearchSpidersManager object at 0x7f0b7123db80>

> File "/home/users/Scy/yuqing/spider/monitor/searchSpiders/baidu.py", line 17, in get_request_from_keyword
    response = requests.get(url, headers=headers, timeout=10)
               │        │   │            └ {'Accept': 'text/html,application/xhtml+xml,application/xml;q=0.9,image/avif,image/webp,image/apng,*/*;q=0.8,application/sign...
               │        │   └ 'https://www.baidu.com/s?ie=utf-8&medium=2&rtt=1&bsst=1&rsv_dl=news_b_pn&cl=2&wd=俄罗斯决定退出联合国世界旅游组织&tn=news&rsv_bp=1&oq=&rsv_bt...
               │        └ <function get at 0x7f0c62efc280>
               └ <module 'requests' from '/home/chase/.local/lib/python3.8/site-packages/requests/__init__.py'>

  File "/home/chase/.local/lib/python3.8/site-packages/requests/api.py", line 75, in get
    return request('get', url, params=params, **kwargs)
           │              │           │         └ {'headers': {'Accept': 'text/html,application/xhtml+xml,application/xml;q=0.9,image/avif,image/webp,image/apng,*/*;q=0.8,appl...
           │              │           └ None
           │              └ 'https://www.baidu.com/s?ie=utf-8&medium=2&rtt=1&bsst=1&rsv_dl=news_b_pn&cl=2&wd=俄罗斯决定退出联合国世界旅游组织&tn=news&rsv_bp=1&oq=&rsv_bt...
           └ <function request at 0x7f0c62f680d0>
  File "/home/chase/.local/lib/python3.8/site-packages/requests/api.py", line 61, in request
    return session.request(method=method, url=url, **kwargs)
           │       │              │           │      └ {'params': None, 'headers': {'Accept': 'text/html,application/xhtml+xml,application/xml;q=0.9,image/avif,image/webp,image/apn...
           │       │              │           └ 'https://www.baidu.com/s?ie=utf-8&medium=2&rtt=1&bsst=1&rsv_dl=news_b_pn&cl=2&wd=俄罗斯决定退出联合国世界旅游组织&tn=news&rsv_bp=1&oq=&rsv_bt...
           │       │              └ 'get'
           │       └ <function Session.request at 0x7f0c62efa9d0>
           └ <requests.sessions.Session object at 0x7f0b700f2c40>
  File "/home/chase/.local/lib/python3.8/site-packages/requests/sessions.py", line 542, in request
    resp = self.send(prep, **send_kwargs)
           │    │    │       └ {'timeout': 10, 'allow_redirects': True, 'verify': True, 'proxies': OrderedDict(), 'stream': False, 'cert': None}
           │    │    └ <PreparedRequest [GET]>
           │    └ <function Session.send at 0x7f0c62efae50>
           └ <requests.sessions.Session object at 0x7f0b700f2c40>
  File "/home/chase/.local/lib/python3.8/site-packages/requests/sessions.py", line 677, in send
    history = [resp for resp in gen]
                                └ <generator object SessionRedirectMixin.resolve_redirects at 0x7f0b6174fe40>
  File "/home/chase/.local/lib/python3.8/site-packages/requests/sessions.py", line 677, in <listcomp>
    history = [resp for resp in gen]
  File "/home/chase/.local/lib/python3.8/site-packages/requests/sessions.py", line 237, in resolve_redirects
    resp = self.send(
           │    └ <function Session.send at 0x7f0c62efae50>
           └ <requests.sessions.Session object at 0x7f0b700f2c40>
  File "/home/chase/.local/lib/python3.8/site-packages/requests/sessions.py", line 655, in send
    r = adapter.send(request, **kwargs)
        │       │    │          └ {'stream': False, 'timeout': 10, 'verify': True, 'cert': None, 'proxies': OrderedDict()}
        │       │    └ <PreparedRequest [GET]>
        │       └ <function HTTPAdapter.send at 0x7f0c62efa310>
        └ <requests.adapters.HTTPAdapter object at 0x7f0b701ef8b0>
  File "/home/chase/.local/lib/python3.8/site-packages/requests/adapters.py", line 498, in send
    raise ConnectionError(err, request=request)
          │                            └ <PreparedRequest [GET]>
          └ <class 'requests.exceptions.ConnectionError'>

requests.exceptions.ConnectionError: ('Connection aborted.', RemoteDisconnected('Remote end closed connection without response'))
2022-05-05 15:56:48.982 | ERROR    | monitor.searchSpiders.baidu:get_request_from_keyword:31 - E 百度检索list index out of range
Traceback (most recent call last):

  File "/usr/lib/python3.8/threading.py", line 890, in _bootstrap
    self._bootstrap_inner()
    │    └ <function Thread._bootstrap_inner at 0x7f0c89131a60>
    └ <Thread(Thread-16, started daemon 139686882301696)>
  File "/usr/lib/python3.8/threading.py", line 932, in _bootstrap_inner
    self.run()
    │    └ <function Thread.run at 0x7f0c89131790>
    └ <Thread(Thread-16, started daemon 139686882301696)>
  File "/usr/lib/python3.8/threading.py", line 870, in run
    self._target(*self._args, **self._kwargs)
    │    │        │    │        │    └ {}
    │    │        │    │        └ <Thread(Thread-16, started daemon 139686882301696)>
    │    │        │    └ ('ProjectManager.run_func_by_thread',)
    │    │        └ <Thread(Thread-16, started daemon 139686882301696)>
    │    └ <bound method ProjectManager.get_request_from_keywords_hot of <monitor.projectManager.ProjectManager object at 0x7f0b715be0a0>>
    └ <Thread(Thread-16, started daemon 139686882301696)>

  File "/home/users/Scy/yuqing/spider/monitor/projectManager.py", line 781, in get_request_from_keywords_hot
    self.search_spider_manager.crawl_by_keyword(
    │    │                     └ <function SearchSpidersManager.crawl_by_keyword at 0x7f0b7162ddc0>
    │    └ <monitor.spiderManager.SearchSpidersManager object at 0x7f0b7123db80>
    └ <monitor.projectManager.ProjectManager object at 0x7f0b715be0a0>

  File "/home/users/Scy/yuqing/spider/monitor/spiderManager.py", line 118, in crawl_by_keyword
    self.crawl_by_keyword_signal_platform(project_names, platform, keyword, crawl_time, project_times)
    │    │                                │              │         │        │           └ {'default': <monitor.TimeSection object at 0x7f0b71355a00>}
    │    │                                │              │         │        └ <monitor.TimeSection object at 0x7f0b700845b0>
    │    │                                │              │         └ '“北约是所有这些冲突的根源和癌细胞”'
    │    │                                │              └ '百度'
    │    │                                └ ['default']
    │    └ <function SearchSpidersManager.crawl_by_keyword_signal_platform at 0x7f0b7162de50>
    └ <monitor.spiderManager.SearchSpidersManager object at 0x7f0b7123db80>

  File "/home/users/Scy/yuqing/spider/monitor/spiderManager.py", line 135, in crawl_by_keyword_signal_platform
    requests = self.get_request_from_keyword(platform, keyword, **crawl_time.to_dict())
               │    │                        │         │          │          └ <function TimeSection.to_dict at 0x7f0c695c5550>
               │    │                        │         │          └ <monitor.TimeSection object at 0x7f0b700845b0>
               │    │                        │         └ '“北约是所有这些冲突的根源和癌细胞”'
               │    │                        └ '百度'
               │    └ <function SearchSpidersManager.get_request_from_keyword at 0x7f0b7162df70>
               └ <monitor.spiderManager.SearchSpidersManager object at 0x7f0b7123db80>

  File "/home/users/Scy/yuqing/spider/monitor/spiderManager.py", line 192, in get_request_from_keyword
    for request in self.spiders[platform].get_request_from_keyword(headers, search_url, keyword, content_url,
                   │    │       │                                  │        │           │        └ <string.Template object at 0x7f0b700f2100>
                   │    │       │                                  │        │           └ '“北约是所有这些冲突的根源和癌细胞”'
                   │    │       │                                  │        └ <string.Template object at 0x7f0b700a3c70>
                   │    │       │                                  └ {'Accept': 'text/html,application/xhtml+xml,application/xml;q=0.9,image/avif,image/webp,image/apng,*/*;q=0.8,application/sign...
                   │    │       └ '百度'
                   │    └ {'凤凰网': <monitor.searchSpiders.ifeng.Ifeng object at 0x7f0b7123d850>, '头条': <monitor.searchSpiders.toutiao.Toutiao object at ...
                   └ <monitor.spiderManager.SearchSpidersManager object at 0x7f0b7123db80>

> File "/home/users/Scy/yuqing/spider/monitor/searchSpiders/baidu.py", line 19, in get_request_from_keyword
    num_text = html.xpath("//span//text()").extract()[1]  # 从页面中获取有多少篇资讯
               │    └ <function Selector.xpath at 0x7f0c613134c0>
               └ <Selector xpath=None data='<html lang="zh-CN">\n<head>\n    <meta ...'>

IndexError: list index out of range
2022-05-05 15:56:49.013 | ERROR    | monitor.searchSpiders.baidu:get_request_from_keyword:31 - E 百度检索list index out of range
Traceback (most recent call last):

  File "/usr/lib/python3.8/threading.py", line 890, in _bootstrap
    self._bootstrap_inner()
    │    └ <function Thread._bootstrap_inner at 0x7f0c89131a60>
    └ <Thread(Thread-13, started daemon 139686890694400)>
  File "/usr/lib/python3.8/threading.py", line 932, in _bootstrap_inner
    self.run()
    │    └ <function Thread.run at 0x7f0c89131790>
    └ <Thread(Thread-13, started daemon 139686890694400)>
  File "/usr/lib/python3.8/threading.py", line 870, in run
    self._target(*self._args, **self._kwargs)
    │    │        │    │        │    └ {}
    │    │        │    │        └ <Thread(Thread-13, started daemon 139686890694400)>
    │    │        │    └ ('ProjectManager.run_func_by_thread',)
    │    │        └ <Thread(Thread-13, started daemon 139686890694400)>
    │    └ <bound method ProjectManager.get_request_from_keywords_hot of <monitor.projectManager.ProjectManager object at 0x7f0b715be0a0>>
    └ <Thread(Thread-13, started daemon 139686890694400)>

  File "/home/users/Scy/yuqing/spider/monitor/projectManager.py", line 781, in get_request_from_keywords_hot
    self.search_spider_manager.crawl_by_keyword(
    │    │                     └ <function SearchSpidersManager.crawl_by_keyword at 0x7f0b7162ddc0>
    │    └ <monitor.spiderManager.SearchSpidersManager object at 0x7f0b7123db80>
    └ <monitor.projectManager.ProjectManager object at 0x7f0b715be0a0>

  File "/home/users/Scy/yuqing/spider/monitor/spiderManager.py", line 118, in crawl_by_keyword
    self.crawl_by_keyword_signal_platform(project_names, platform, keyword, crawl_time, project_times)
    │    │                                │              │         │        │           └ {'default': <monitor.TimeSection object at 0x7f0b71355a00>}
    │    │                                │              │         │        └ <monitor.TimeSection object at 0x7f0b700de6a0>
    │    │                                │              │         └ '日本4月27日新增确诊病例4万6267例 东京都新增6…'
    │    │                                │              └ '百度'
    │    │                                └ ['default']
    │    └ <function SearchSpidersManager.crawl_by_keyword_signal_platform at 0x7f0b7162de50>
    └ <monitor.spiderManager.SearchSpidersManager object at 0x7f0b7123db80>

  File "/home/users/Scy/yuqing/spider/monitor/spiderManager.py", line 135, in crawl_by_keyword_signal_platform
    requests = self.get_request_from_keyword(platform, keyword, **crawl_time.to_dict())
               │    │                        │         │          │          └ <function TimeSection.to_dict at 0x7f0c695c5550>
               │    │                        │         │          └ <monitor.TimeSection object at 0x7f0b700de6a0>
               │    │                        │         └ '日本4月27日新增确诊病例4万6267例 东京都新增6…'
               │    │                        └ '百度'
               │    └ <function SearchSpidersManager.get_request_from_keyword at 0x7f0b7162df70>
               └ <monitor.spiderManager.SearchSpidersManager object at 0x7f0b7123db80>

  File "/home/users/Scy/yuqing/spider/monitor/spiderManager.py", line 192, in get_request_from_keyword
    for request in self.spiders[platform].get_request_from_keyword(headers, search_url, keyword, content_url,
                   │    │       │                                  │        │           │        └ <string.Template object at 0x7f0b701339d0>
                   │    │       │                                  │        │           └ '日本4月27日新增确诊病例4万6267例 东京都新增6…'
                   │    │       │                                  │        └ <string.Template object at 0x7f0b70133c40>
                   │    │       │                                  └ {'Accept': 'text/html,application/xhtml+xml,application/xml;q=0.9,image/avif,image/webp,image/apng,*/*;q=0.8,application/sign...
                   │    │       └ '百度'
                   │    └ {'凤凰网': <monitor.searchSpiders.ifeng.Ifeng object at 0x7f0b7123d850>, '头条': <monitor.searchSpiders.toutiao.Toutiao object at ...
                   └ <monitor.spiderManager.SearchSpidersManager object at 0x7f0b7123db80>

> File "/home/users/Scy/yuqing/spider/monitor/searchSpiders/baidu.py", line 19, in get_request_from_keyword
    num_text = html.xpath("//span//text()").extract()[1]  # 从页面中获取有多少篇资讯
               │    └ <function Selector.xpath at 0x7f0c613134c0>
               └ <Selector xpath=None data='<html lang="zh-CN">\n<head>\n    <meta ...'>

IndexError: list index out of range
2022-05-05 15:56:49.037 | ERROR    | monitor.searchSpiders.baidu:get_request_from_keyword:31 - E 百度检索list index out of range
Traceback (most recent call last):

  File "/usr/lib/python3.8/threading.py", line 890, in _bootstrap
    self._bootstrap_inner()
    │    └ <function Thread._bootstrap_inner at 0x7f0c89131a60>
    └ <Thread(Thread-8, started daemon 139686899087104)>
  File "/usr/lib/python3.8/threading.py", line 932, in _bootstrap_inner
    self.run()
    │    └ <function Thread.run at 0x7f0c89131790>
    └ <Thread(Thread-8, started daemon 139686899087104)>
  File "/usr/lib/python3.8/threading.py", line 870, in run
    self._target(*self._args, **self._kwargs)
    │    │        │    │        │    └ {}
    │    │        │    │        └ <Thread(Thread-8, started daemon 139686899087104)>
    │    │        │    └ ('ProjectManager.run_func_by_thread',)
    │    │        └ <Thread(Thread-8, started daemon 139686899087104)>
    │    └ <bound method ProjectManager.get_request_from_keywords_hot of <monitor.projectManager.ProjectManager object at 0x7f0b715be0a0>>
    └ <Thread(Thread-8, started daemon 139686899087104)>

  File "/home/users/Scy/yuqing/spider/monitor/projectManager.py", line 781, in get_request_from_keywords_hot
    self.search_spider_manager.crawl_by_keyword(
    │    │                     └ <function SearchSpidersManager.crawl_by_keyword at 0x7f0b7162ddc0>
    │    └ <monitor.spiderManager.SearchSpidersManager object at 0x7f0b7123db80>
    └ <monitor.projectManager.ProjectManager object at 0x7f0b715be0a0>

  File "/home/users/Scy/yuqing/spider/monitor/spiderManager.py", line 118, in crawl_by_keyword
    self.crawl_by_keyword_signal_platform(project_names, platform, keyword, crawl_time, project_times)
    │    │                                │              │         │        │           └ {'default': <monitor.TimeSection object at 0x7f0b71355a00>}
    │    │                                │              │         │        └ <monitor.TimeSection object at 0x7f0b700e89d0>
    │    │                                │              │         └ '铸就社区疫情防控坚实堡垒'
    │    │                                │              └ '百度'
    │    │                                └ ['default']
    │    └ <function SearchSpidersManager.crawl_by_keyword_signal_platform at 0x7f0b7162de50>
    └ <monitor.spiderManager.SearchSpidersManager object at 0x7f0b7123db80>

  File "/home/users/Scy/yuqing/spider/monitor/spiderManager.py", line 135, in crawl_by_keyword_signal_platform
    requests = self.get_request_from_keyword(platform, keyword, **crawl_time.to_dict())
               │    │                        │         │          │          └ <function TimeSection.to_dict at 0x7f0c695c5550>
               │    │                        │         │          └ <monitor.TimeSection object at 0x7f0b700e89d0>
               │    │                        │         └ '铸就社区疫情防控坚实堡垒'
               │    │                        └ '百度'
               │    └ <function SearchSpidersManager.get_request_from_keyword at 0x7f0b7162df70>
               └ <monitor.spiderManager.SearchSpidersManager object at 0x7f0b7123db80>

  File "/home/users/Scy/yuqing/spider/monitor/spiderManager.py", line 192, in get_request_from_keyword
    for request in self.spiders[platform].get_request_from_keyword(headers, search_url, keyword, content_url,
                   │    │       │                                  │        │           │        └ <string.Template object at 0x7f0b7005ca60>
                   │    │       │                                  │        │           └ '铸就社区疫情防控坚实堡垒'
                   │    │       │                                  │        └ <string.Template object at 0x7f0b700c5df0>
                   │    │       │                                  └ {'Accept': 'text/html,application/xhtml+xml,application/xml;q=0.9,image/avif,image/webp,image/apng,*/*;q=0.8,application/sign...
                   │    │       └ '百度'
                   │    └ {'凤凰网': <monitor.searchSpiders.ifeng.Ifeng object at 0x7f0b7123d850>, '头条': <monitor.searchSpiders.toutiao.Toutiao object at ...
                   └ <monitor.spiderManager.SearchSpidersManager object at 0x7f0b7123db80>

> File "/home/users/Scy/yuqing/spider/monitor/searchSpiders/baidu.py", line 19, in get_request_from_keyword
    num_text = html.xpath("//span//text()").extract()[1]  # 从页面中获取有多少篇资讯
               │    └ <function Selector.xpath at 0x7f0c613134c0>
               └ <Selector xpath=None data='<html lang="zh-CN">\n<head>\n    <meta ...'>

IndexError: list index out of range
2022-05-05 15:56:49.163 | ERROR    | monitor.searchSpiders.baidu:get_request_from_keyword:31 - E 百度检索list index out of range
Traceback (most recent call last):

  File "/usr/lib/python3.8/threading.py", line 890, in _bootstrap
    self._bootstrap_inner()
    │    └ <function Thread._bootstrap_inner at 0x7f0c89131a60>
    └ <Thread(Thread-3, started daemon 139687119234816)>
  File "/usr/lib/python3.8/threading.py", line 932, in _bootstrap_inner
    self.run()
    │    └ <function Thread.run at 0x7f0c89131790>
    └ <Thread(Thread-3, started daemon 139687119234816)>
  File "/usr/lib/python3.8/threading.py", line 870, in run
    self._target(*self._args, **self._kwargs)
    │    │        │    │        │    └ {}
    │    │        │    │        └ <Thread(Thread-3, started daemon 139687119234816)>
    │    │        │    └ ('ProjectManager.run_func_by_thread',)
    │    │        └ <Thread(Thread-3, started daemon 139687119234816)>
    │    └ <bound method ProjectManager.get_request_from_keywords_hot of <monitor.projectManager.ProjectManager object at 0x7f0b715be0a0>>
    └ <Thread(Thread-3, started daemon 139687119234816)>

  File "/home/users/Scy/yuqing/spider/monitor/projectManager.py", line 781, in get_request_from_keywords_hot
    self.search_spider_manager.crawl_by_keyword(
    │    │                     └ <function SearchSpidersManager.crawl_by_keyword at 0x7f0b7162ddc0>
    │    └ <monitor.spiderManager.SearchSpidersManager object at 0x7f0b7123db80>
    └ <monitor.projectManager.ProjectManager object at 0x7f0b715be0a0>

  File "/home/users/Scy/yuqing/spider/monitor/spiderManager.py", line 118, in crawl_by_keyword
    self.crawl_by_keyword_signal_platform(project_names, platform, keyword, crawl_time, project_times)
    │    │                                │              │         │        │           └ {'default': <monitor.TimeSection object at 0x7f0b71355a00>}
    │    │                                │              │         │        └ <monitor.TimeSection object at 0x7f0b71218f70>
    │    │                                │              │         └ '体系练兵砥砺胜战铁翼'
    │    │                                │              └ '百度'
    │    │                                └ ['default']
    │    └ <function SearchSpidersManager.crawl_by_keyword_signal_platform at 0x7f0b7162de50>
    └ <monitor.spiderManager.SearchSpidersManager object at 0x7f0b7123db80>

  File "/home/users/Scy/yuqing/spider/monitor/spiderManager.py", line 135, in crawl_by_keyword_signal_platform
    requests = self.get_request_from_keyword(platform, keyword, **crawl_time.to_dict())
               │    │                        │         │          │          └ <function TimeSection.to_dict at 0x7f0c695c5550>
               │    │                        │         │          └ <monitor.TimeSection object at 0x7f0b71218f70>
               │    │                        │         └ '体系练兵砥砺胜战铁翼'
               │    │                        └ '百度'
               │    └ <function SearchSpidersManager.get_request_from_keyword at 0x7f0b7162df70>
               └ <monitor.spiderManager.SearchSpidersManager object at 0x7f0b7123db80>

  File "/home/users/Scy/yuqing/spider/monitor/spiderManager.py", line 192, in get_request_from_keyword
    for request in self.spiders[platform].get_request_from_keyword(headers, search_url, keyword, content_url,
                   │    │       │                                  │        │           │        └ <string.Template object at 0x7f0b700648b0>
                   │    │       │                                  │        │           └ '体系练兵砥砺胜战铁翼'
                   │    │       │                                  │        └ <string.Template object at 0x7f0b70064ca0>
                   │    │       │                                  └ {'Accept': 'text/html,application/xhtml+xml,application/xml;q=0.9,image/avif,image/webp,image/apng,*/*;q=0.8,application/sign...
                   │    │       └ '百度'
                   │    └ {'凤凰网': <monitor.searchSpiders.ifeng.Ifeng object at 0x7f0b7123d850>, '头条': <monitor.searchSpiders.toutiao.Toutiao object at ...
                   └ <monitor.spiderManager.SearchSpidersManager object at 0x7f0b7123db80>

> File "/home/users/Scy/yuqing/spider/monitor/searchSpiders/baidu.py", line 19, in get_request_from_keyword
    num_text = html.xpath("//span//text()").extract()[1]  # 从页面中获取有多少篇资讯
               │    └ <function Selector.xpath at 0x7f0c613134c0>
               └ <Selector xpath=None data='<html lang="zh-CN">\n<head>\n    <meta ...'>

IndexError: list index out of range
